[2024-09-09T02:18:30.264+0000] {taskinstance.py:1087} INFO - Dependencies all met for <TaskInstance: ml_pipeline.train_model jenkins_trigger_$(date +%Y%m%d%H%M%S)_$(date +%N) [queued]>
[2024-09-09T02:18:30.272+0000] {taskinstance.py:1087} INFO - Dependencies all met for <TaskInstance: ml_pipeline.train_model jenkins_trigger_$(date +%Y%m%d%H%M%S)_$(date +%N) [queued]>
[2024-09-09T02:18:30.272+0000] {taskinstance.py:1283} INFO - 
--------------------------------------------------------------------------------
[2024-09-09T02:18:30.272+0000] {taskinstance.py:1284} INFO - Starting attempt 1 of 2
[2024-09-09T02:18:30.272+0000] {taskinstance.py:1285} INFO - 
--------------------------------------------------------------------------------
[2024-09-09T02:18:30.287+0000] {taskinstance.py:1304} INFO - Executing <Task(PythonOperator): train_model> on 2024-09-09 01:51:32.831758+00:00
[2024-09-09T02:18:30.293+0000] {standard_task_runner.py:55} INFO - Started process 6019 to run task
[2024-09-09T02:18:30.297+0000] {standard_task_runner.py:82} INFO - Running: ['***', 'tasks', 'run', 'ml_pipeline', 'train_model', 'jenkins_trigger_$(date +%Y%m%d%H%M%S)_$(date +%N)', '--job-id', '161', '--raw', '--subdir', 'DAGS_FOLDER/ml_pipeline_dag.py', '--cfg-path', '/tmp/tmp3k8143sj']
[2024-09-09T02:18:30.299+0000] {standard_task_runner.py:83} INFO - Job 161: Subtask train_model
[2024-09-09T02:18:30.507+0000] {task_command.py:389} INFO - Running <TaskInstance: ml_pipeline.train_model jenkins_trigger_$(date +%Y%m%d%H%M%S)_$(date +%N) [running]> on host 65fe11240ea2
[2024-09-09T02:18:30.565+0000] {taskinstance.py:1513} INFO - Exporting the following env vars:
AIRFLOW_CTX_DAG_OWNER=***
AIRFLOW_CTX_DAG_ID=ml_pipeline
AIRFLOW_CTX_TASK_ID=train_model
AIRFLOW_CTX_EXECUTION_DATE=2024-09-09T01:51:32.831758+00:00
AIRFLOW_CTX_TRY_NUMBER=1
AIRFLOW_CTX_DAG_RUN_ID=jenkins_trigger_$(date +%Y%m%d%H%M%S)_$(date +%N)
[2024-09-09T02:18:35.353+0000] {python.py:177} INFO - Done. Returned value was: None
[2024-09-09T02:18:35.376+0000] {taskinstance.py:1327} INFO - Marking task as SUCCESS. dag_id=ml_pipeline, task_id=train_model, execution_date=20240909T015132, start_date=20240909T021830, end_date=20240909T021835
[2024-09-09T02:18:35.452+0000] {local_task_job.py:159} INFO - Task exited with return code 0
[2024-09-09T02:18:35.729+0000] {taskinstance.py:2582} INFO - 1 downstream tasks scheduled from follow-on schedule check
