[2024-09-09T01:39:08.271+0000] {taskinstance.py:1087} INFO - Dependencies all met for <TaskInstance: ml_pipeline.upload_preprocessed_data_to_s3 scheduled__2024-09-08T00:00:00+00:00 [queued]>
[2024-09-09T01:39:08.277+0000] {taskinstance.py:1087} INFO - Dependencies all met for <TaskInstance: ml_pipeline.upload_preprocessed_data_to_s3 scheduled__2024-09-08T00:00:00+00:00 [queued]>
[2024-09-09T01:39:08.277+0000] {taskinstance.py:1283} INFO - 
--------------------------------------------------------------------------------
[2024-09-09T01:39:08.278+0000] {taskinstance.py:1284} INFO - Starting attempt 1 of 2
[2024-09-09T01:39:08.278+0000] {taskinstance.py:1285} INFO - 
--------------------------------------------------------------------------------
[2024-09-09T01:39:08.288+0000] {taskinstance.py:1304} INFO - Executing <Task(PythonOperator): upload_preprocessed_data_to_s3> on 2024-09-08 00:00:00+00:00
[2024-09-09T01:39:08.293+0000] {standard_task_runner.py:55} INFO - Started process 108 to run task
[2024-09-09T01:39:08.296+0000] {standard_task_runner.py:82} INFO - Running: ['***', 'tasks', 'run', 'ml_pipeline', 'upload_preprocessed_data_to_s3', 'scheduled__2024-09-08T00:00:00+00:00', '--job-id', '128', '--raw', '--subdir', 'DAGS_FOLDER/ml_pipeline_dag.py', '--cfg-path', '/tmp/tmpdl9_4myy']
[2024-09-09T01:39:08.297+0000] {standard_task_runner.py:83} INFO - Job 128: Subtask upload_preprocessed_data_to_s3
[2024-09-09T01:39:08.346+0000] {task_command.py:389} INFO - Running <TaskInstance: ml_pipeline.upload_preprocessed_data_to_s3 scheduled__2024-09-08T00:00:00+00:00 [running]> on host 65fe11240ea2
[2024-09-09T01:39:08.539+0000] {taskinstance.py:1513} INFO - Exporting the following env vars:
AIRFLOW_CTX_DAG_OWNER=***
AIRFLOW_CTX_DAG_ID=ml_pipeline
AIRFLOW_CTX_TASK_ID=upload_preprocessed_data_to_s3
AIRFLOW_CTX_EXECUTION_DATE=2024-09-08T00:00:00+00:00
AIRFLOW_CTX_TRY_NUMBER=1
AIRFLOW_CTX_DAG_RUN_ID=scheduled__2024-09-08T00:00:00+00:00
[2024-09-09T01:39:08.549+0000] {credentials.py:1120} INFO - Found credentials in environment variables.
[2024-09-09T01:39:09.029+0000] {python.py:177} INFO - Done. Returned value was: None
[2024-09-09T01:39:09.042+0000] {taskinstance.py:1327} INFO - Marking task as SUCCESS. dag_id=ml_pipeline, task_id=upload_preprocessed_data_to_s3, execution_date=20240908T000000, start_date=20240909T013908, end_date=20240909T013909
[2024-09-09T01:39:09.070+0000] {local_task_job.py:159} INFO - Task exited with return code 0
[2024-09-09T01:39:09.097+0000] {taskinstance.py:2582} INFO - 1 downstream tasks scheduled from follow-on schedule check
