[2024-09-09T02:27:49.093+0000] {taskinstance.py:1087} INFO - Dependencies all met for <TaskInstance: ml_pipeline.upload_model_to_s3 manual__2024-09-09T02:27:40.323678+00:00 [queued]>
[2024-09-09T02:27:49.102+0000] {taskinstance.py:1087} INFO - Dependencies all met for <TaskInstance: ml_pipeline.upload_model_to_s3 manual__2024-09-09T02:27:40.323678+00:00 [queued]>
[2024-09-09T02:27:49.103+0000] {taskinstance.py:1283} INFO - 
--------------------------------------------------------------------------------
[2024-09-09T02:27:49.103+0000] {taskinstance.py:1284} INFO - Starting attempt 1 of 2
[2024-09-09T02:27:49.103+0000] {taskinstance.py:1285} INFO - 
--------------------------------------------------------------------------------
[2024-09-09T02:27:49.119+0000] {taskinstance.py:1304} INFO - Executing <Task(PythonOperator): upload_model_to_s3> on 2024-09-09 02:27:40.323678+00:00
[2024-09-09T02:27:49.126+0000] {standard_task_runner.py:55} INFO - Started process 7586 to run task
[2024-09-09T02:27:49.129+0000] {standard_task_runner.py:82} INFO - Running: ['***', 'tasks', 'run', 'ml_pipeline', 'upload_model_to_s3', 'manual__2024-09-09T02:27:40.323678+00:00', '--job-id', '190', '--raw', '--subdir', 'DAGS_FOLDER/ml_pipeline_dag.py', '--cfg-path', '/tmp/tmpzvhfem2_']
[2024-09-09T02:27:49.131+0000] {standard_task_runner.py:83} INFO - Job 190: Subtask upload_model_to_s3
[2024-09-09T02:27:49.189+0000] {task_command.py:389} INFO - Running <TaskInstance: ml_pipeline.upload_model_to_s3 manual__2024-09-09T02:27:40.323678+00:00 [running]> on host 65fe11240ea2
[2024-09-09T02:27:49.393+0000] {taskinstance.py:1513} INFO - Exporting the following env vars:
AIRFLOW_CTX_DAG_OWNER=***
AIRFLOW_CTX_DAG_ID=ml_pipeline
AIRFLOW_CTX_TASK_ID=upload_model_to_s3
AIRFLOW_CTX_EXECUTION_DATE=2024-09-09T02:27:40.323678+00:00
AIRFLOW_CTX_TRY_NUMBER=1
AIRFLOW_CTX_DAG_RUN_ID=manual__2024-09-09T02:27:40.323678+00:00
[2024-09-09T02:27:49.404+0000] {credentials.py:1120} INFO - Found credentials in environment variables.
[2024-09-09T02:27:55.140+0000] {python.py:177} INFO - Done. Returned value was: None
[2024-09-09T02:27:55.149+0000] {taskinstance.py:1327} INFO - Marking task as SUCCESS. dag_id=ml_pipeline, task_id=upload_model_to_s3, execution_date=20240909T022740, start_date=20240909T022749, end_date=20240909T022755
[2024-09-09T02:27:55.199+0000] {local_task_job.py:159} INFO - Task exited with return code 0
[2024-09-09T02:27:55.214+0000] {taskinstance.py:2582} INFO - 0 downstream tasks scheduled from follow-on schedule check
