[2024-09-09T01:39:30.908+0000] {taskinstance.py:1087} INFO - Dependencies all met for <TaskInstance: ml_pipeline.train_model jenkins_trigger_$(date +%Y%m%d%H%M%S) [queued]>
[2024-09-09T01:39:30.915+0000] {taskinstance.py:1087} INFO - Dependencies all met for <TaskInstance: ml_pipeline.train_model jenkins_trigger_$(date +%Y%m%d%H%M%S) [queued]>
[2024-09-09T01:39:30.916+0000] {taskinstance.py:1283} INFO - 
--------------------------------------------------------------------------------
[2024-09-09T01:39:30.916+0000] {taskinstance.py:1284} INFO - Starting attempt 1 of 2
[2024-09-09T01:39:30.916+0000] {taskinstance.py:1285} INFO - 
--------------------------------------------------------------------------------
[2024-09-09T01:39:30.928+0000] {taskinstance.py:1304} INFO - Executing <Task(PythonOperator): train_model> on 2024-09-09 01:39:23.164558+00:00
[2024-09-09T01:39:30.934+0000] {standard_task_runner.py:55} INFO - Started process 201 to run task
[2024-09-09T01:39:30.936+0000] {standard_task_runner.py:82} INFO - Running: ['***', 'tasks', 'run', 'ml_pipeline', 'train_model', 'jenkins_trigger_$(date +%Y%m%d%H%M%S)', '--job-id', '134', '--raw', '--subdir', 'DAGS_FOLDER/ml_pipeline_dag.py', '--cfg-path', '/tmp/tmplgi75op7']
[2024-09-09T01:39:30.938+0000] {standard_task_runner.py:83} INFO - Job 134: Subtask train_model
[2024-09-09T01:39:30.987+0000] {task_command.py:389} INFO - Running <TaskInstance: ml_pipeline.train_model jenkins_trigger_$(date +%Y%m%d%H%M%S) [running]> on host 65fe11240ea2
[2024-09-09T01:39:31.157+0000] {taskinstance.py:1513} INFO - Exporting the following env vars:
AIRFLOW_CTX_DAG_OWNER=***
AIRFLOW_CTX_DAG_ID=ml_pipeline
AIRFLOW_CTX_TASK_ID=train_model
AIRFLOW_CTX_EXECUTION_DATE=2024-09-09T01:39:23.164558+00:00
AIRFLOW_CTX_TRY_NUMBER=1
AIRFLOW_CTX_DAG_RUN_ID=jenkins_trigger_$(date +%Y%m%d%H%M%S)
[2024-09-09T01:39:32.730+0000] {python.py:177} INFO - Done. Returned value was: None
[2024-09-09T01:39:32.739+0000] {taskinstance.py:1327} INFO - Marking task as SUCCESS. dag_id=ml_pipeline, task_id=train_model, execution_date=20240909T013923, start_date=20240909T013930, end_date=20240909T013932
[2024-09-09T01:39:32.795+0000] {local_task_job.py:159} INFO - Task exited with return code 0
[2024-09-09T01:39:32.811+0000] {taskinstance.py:2582} INFO - 1 downstream tasks scheduled from follow-on schedule check
[2024-09-09T02:18:30.247+0000] {taskinstance.py:1087} INFO - Dependencies all met for <TaskInstance: ml_pipeline.train_model jenkins_trigger_$(date +%Y%m%d%H%M%S) [queued]>
[2024-09-09T02:18:30.256+0000] {taskinstance.py:1087} INFO - Dependencies all met for <TaskInstance: ml_pipeline.train_model jenkins_trigger_$(date +%Y%m%d%H%M%S) [queued]>
[2024-09-09T02:18:30.256+0000] {taskinstance.py:1283} INFO - 
--------------------------------------------------------------------------------
[2024-09-09T02:18:30.256+0000] {taskinstance.py:1284} INFO - Starting attempt 1 of 2
[2024-09-09T02:18:30.256+0000] {taskinstance.py:1285} INFO - 
--------------------------------------------------------------------------------
[2024-09-09T02:18:30.270+0000] {taskinstance.py:1304} INFO - Executing <Task(PythonOperator): train_model> on 2024-09-09 01:41:47.753182+00:00
[2024-09-09T02:18:30.276+0000] {standard_task_runner.py:55} INFO - Started process 6018 to run task
[2024-09-09T02:18:30.280+0000] {standard_task_runner.py:82} INFO - Running: ['***', 'tasks', 'run', 'ml_pipeline', 'train_model', 'jenkins_trigger_$(date +%Y%m%d%H%M%S)', '--job-id', '160', '--raw', '--subdir', 'DAGS_FOLDER/ml_pipeline_dag.py', '--cfg-path', '/tmp/tmpzeitnkd1']
[2024-09-09T02:18:30.282+0000] {standard_task_runner.py:83} INFO - Job 160: Subtask train_model
[2024-09-09T02:18:30.338+0000] {task_command.py:389} INFO - Running <TaskInstance: ml_pipeline.train_model jenkins_trigger_$(date +%Y%m%d%H%M%S) [running]> on host 65fe11240ea2
[2024-09-09T02:18:30.570+0000] {taskinstance.py:1513} INFO - Exporting the following env vars:
AIRFLOW_CTX_DAG_OWNER=***
AIRFLOW_CTX_DAG_ID=ml_pipeline
AIRFLOW_CTX_TASK_ID=train_model
AIRFLOW_CTX_EXECUTION_DATE=2024-09-09T01:41:47.753182+00:00
AIRFLOW_CTX_TRY_NUMBER=1
AIRFLOW_CTX_DAG_RUN_ID=jenkins_trigger_$(date +%Y%m%d%H%M%S)
[2024-09-09T02:18:35.355+0000] {python.py:177} INFO - Done. Returned value was: None
[2024-09-09T02:18:35.380+0000] {taskinstance.py:1327} INFO - Marking task as SUCCESS. dag_id=ml_pipeline, task_id=train_model, execution_date=20240909T014147, start_date=20240909T021830, end_date=20240909T021835
[2024-09-09T02:18:35.452+0000] {local_task_job.py:159} INFO - Task exited with return code 0
[2024-09-09T02:18:35.506+0000] {taskinstance.py:2582} INFO - 1 downstream tasks scheduled from follow-on schedule check
