[2024-09-08T00:00:01.623+0000] {taskinstance.py:1087} INFO - Dependencies all met for <TaskInstance: ml_pipeline.download_data_from_s3 scheduled__2024-09-07T00:00:00+00:00 [queued]>
[2024-09-08T00:00:01.630+0000] {taskinstance.py:1087} INFO - Dependencies all met for <TaskInstance: ml_pipeline.download_data_from_s3 scheduled__2024-09-07T00:00:00+00:00 [queued]>
[2024-09-08T00:00:01.631+0000] {taskinstance.py:1283} INFO - 
--------------------------------------------------------------------------------
[2024-09-08T00:00:01.631+0000] {taskinstance.py:1284} INFO - Starting attempt 1 of 2
[2024-09-08T00:00:01.631+0000] {taskinstance.py:1285} INFO - 
--------------------------------------------------------------------------------
[2024-09-08T00:00:01.642+0000] {taskinstance.py:1304} INFO - Executing <Task(PythonOperator): download_data_from_s3> on 2024-09-07 00:00:00+00:00
[2024-09-08T00:00:01.646+0000] {standard_task_runner.py:55} INFO - Started process 1954 to run task
[2024-09-08T00:00:01.649+0000] {standard_task_runner.py:82} INFO - Running: ['***', 'tasks', 'run', 'ml_pipeline', 'download_data_from_s3', 'scheduled__2024-09-07T00:00:00+00:00', '--job-id', '15', '--raw', '--subdir', 'DAGS_FOLDER/ml_pipeline_dag.py', '--cfg-path', '/tmp/tmpatv7_mfw']
[2024-09-08T00:00:01.650+0000] {standard_task_runner.py:83} INFO - Job 15: Subtask download_data_from_s3
[2024-09-08T00:00:01.695+0000] {task_command.py:389} INFO - Running <TaskInstance: ml_pipeline.download_data_from_s3 scheduled__2024-09-07T00:00:00+00:00 [running]> on host 394f8fce6b56
[2024-09-08T00:00:01.867+0000] {taskinstance.py:1513} INFO - Exporting the following env vars:
AIRFLOW_CTX_DAG_OWNER=***
AIRFLOW_CTX_DAG_ID=ml_pipeline
AIRFLOW_CTX_TASK_ID=download_data_from_s3
AIRFLOW_CTX_EXECUTION_DATE=2024-09-07T00:00:00+00:00
AIRFLOW_CTX_TRY_NUMBER=1
AIRFLOW_CTX_DAG_RUN_ID=scheduled__2024-09-07T00:00:00+00:00
[2024-09-08T00:00:01.877+0000] {credentials.py:1120} INFO - Found credentials in environment variables.
[2024-09-08T00:00:02.340+0000] {python.py:177} INFO - Done. Returned value was: None
[2024-09-08T00:00:02.347+0000] {taskinstance.py:1327} INFO - Marking task as SUCCESS. dag_id=ml_pipeline, task_id=download_data_from_s3, execution_date=20240907T000000, start_date=20240908T000001, end_date=20240908T000002
[2024-09-08T00:00:02.383+0000] {local_task_job.py:159} INFO - Task exited with return code 0
[2024-09-08T00:00:02.407+0000] {taskinstance.py:2582} INFO - 1 downstream tasks scheduled from follow-on schedule check
[2024-09-08T00:12:30.685+0000] {taskinstance.py:1087} INFO - Dependencies all met for <TaskInstance: ml_pipeline.download_data_from_s3 scheduled__2024-09-07T00:00:00+00:00 [queued]>
[2024-09-08T00:12:30.693+0000] {taskinstance.py:1087} INFO - Dependencies all met for <TaskInstance: ml_pipeline.download_data_from_s3 scheduled__2024-09-07T00:00:00+00:00 [queued]>
[2024-09-08T00:12:30.693+0000] {taskinstance.py:1283} INFO - 
--------------------------------------------------------------------------------
[2024-09-08T00:12:30.693+0000] {taskinstance.py:1284} INFO - Starting attempt 1 of 2
[2024-09-08T00:12:30.693+0000] {taskinstance.py:1285} INFO - 
--------------------------------------------------------------------------------
[2024-09-08T00:12:30.708+0000] {taskinstance.py:1304} INFO - Executing <Task(PythonOperator): download_data_from_s3> on 2024-09-07 00:00:00+00:00
[2024-09-08T00:12:30.712+0000] {standard_task_runner.py:55} INFO - Started process 831 to run task
[2024-09-08T00:12:30.717+0000] {standard_task_runner.py:82} INFO - Running: ['***', 'tasks', 'run', 'ml_pipeline', 'download_data_from_s3', 'scheduled__2024-09-07T00:00:00+00:00', '--job-id', '25', '--raw', '--subdir', 'DAGS_FOLDER/ml_pipeline_dag.py', '--cfg-path', '/tmp/tmpews4z99f']
[2024-09-08T00:12:30.719+0000] {standard_task_runner.py:83} INFO - Job 25: Subtask download_data_from_s3
[2024-09-08T00:12:30.775+0000] {task_command.py:389} INFO - Running <TaskInstance: ml_pipeline.download_data_from_s3 scheduled__2024-09-07T00:00:00+00:00 [running]> on host 8c084782485a
[2024-09-08T00:12:30.832+0000] {taskinstance.py:1513} INFO - Exporting the following env vars:
AIRFLOW_CTX_DAG_OWNER=***
AIRFLOW_CTX_DAG_ID=ml_pipeline
AIRFLOW_CTX_TASK_ID=download_data_from_s3
AIRFLOW_CTX_EXECUTION_DATE=2024-09-07T00:00:00+00:00
AIRFLOW_CTX_TRY_NUMBER=1
AIRFLOW_CTX_DAG_RUN_ID=scheduled__2024-09-07T00:00:00+00:00
[2024-09-08T00:12:30.845+0000] {credentials.py:1120} INFO - Found credentials in environment variables.
[2024-09-08T00:12:31.619+0000] {python.py:177} INFO - Done. Returned value was: None
[2024-09-08T00:12:31.625+0000] {taskinstance.py:1327} INFO - Marking task as SUCCESS. dag_id=ml_pipeline, task_id=download_data_from_s3, execution_date=20240907T000000, start_date=20240908T001230, end_date=20240908T001231
[2024-09-08T00:12:31.656+0000] {local_task_job.py:159} INFO - Task exited with return code 0
[2024-09-08T00:12:31.676+0000] {taskinstance.py:2582} INFO - 1 downstream tasks scheduled from follow-on schedule check
[2024-09-08T01:41:48.349+0000] {taskinstance.py:1087} INFO - Dependencies all met for <TaskInstance: ml_pipeline.download_data_from_s3 scheduled__2024-09-07T00:00:00+00:00 [queued]>
[2024-09-08T01:41:48.359+0000] {taskinstance.py:1087} INFO - Dependencies all met for <TaskInstance: ml_pipeline.download_data_from_s3 scheduled__2024-09-07T00:00:00+00:00 [queued]>
[2024-09-08T01:41:48.359+0000] {taskinstance.py:1283} INFO - 
--------------------------------------------------------------------------------
[2024-09-08T01:41:48.359+0000] {taskinstance.py:1284} INFO - Starting attempt 1 of 2
[2024-09-08T01:41:48.359+0000] {taskinstance.py:1285} INFO - 
--------------------------------------------------------------------------------
[2024-09-08T01:41:48.376+0000] {taskinstance.py:1304} INFO - Executing <Task(PythonOperator): download_data_from_s3> on 2024-09-07 00:00:00+00:00
[2024-09-08T01:41:48.380+0000] {standard_task_runner.py:55} INFO - Started process 272 to run task
[2024-09-08T01:41:48.384+0000] {standard_task_runner.py:82} INFO - Running: ['***', 'tasks', 'run', 'ml_pipeline', 'download_data_from_s3', 'scheduled__2024-09-07T00:00:00+00:00', '--job-id', '65', '--raw', '--subdir', 'DAGS_FOLDER/ml_pipeline_dag.py', '--cfg-path', '/tmp/tmpw2m_ri2g']
[2024-09-08T01:41:48.386+0000] {standard_task_runner.py:83} INFO - Job 65: Subtask download_data_from_s3
[2024-09-08T01:41:48.460+0000] {task_command.py:389} INFO - Running <TaskInstance: ml_pipeline.download_data_from_s3 scheduled__2024-09-07T00:00:00+00:00 [running]> on host 9bbae47dc133
[2024-09-08T01:41:48.780+0000] {taskinstance.py:1513} INFO - Exporting the following env vars:
AIRFLOW_CTX_DAG_OWNER=***
AIRFLOW_CTX_DAG_ID=ml_pipeline
AIRFLOW_CTX_TASK_ID=download_data_from_s3
AIRFLOW_CTX_EXECUTION_DATE=2024-09-07T00:00:00+00:00
AIRFLOW_CTX_TRY_NUMBER=1
AIRFLOW_CTX_DAG_RUN_ID=scheduled__2024-09-07T00:00:00+00:00
[2024-09-08T01:41:48.789+0000] {credentials.py:1120} INFO - Found credentials in environment variables.
[2024-09-08T01:41:49.293+0000] {python.py:177} INFO - Done. Returned value was: None
[2024-09-08T01:41:49.301+0000] {taskinstance.py:1327} INFO - Marking task as SUCCESS. dag_id=ml_pipeline, task_id=download_data_from_s3, execution_date=20240907T000000, start_date=20240908T014148, end_date=20240908T014149
[2024-09-08T01:41:49.360+0000] {local_task_job.py:159} INFO - Task exited with return code 0
[2024-09-08T01:41:49.385+0000] {taskinstance.py:2582} INFO - 1 downstream tasks scheduled from follow-on schedule check
[2024-09-08T02:01:49.172+0000] {taskinstance.py:1087} INFO - Dependencies all met for <TaskInstance: ml_pipeline.download_data_from_s3 scheduled__2024-09-07T00:00:00+00:00 [queued]>
[2024-09-08T02:01:49.181+0000] {taskinstance.py:1087} INFO - Dependencies all met for <TaskInstance: ml_pipeline.download_data_from_s3 scheduled__2024-09-07T00:00:00+00:00 [queued]>
[2024-09-08T02:01:49.181+0000] {taskinstance.py:1283} INFO - 
--------------------------------------------------------------------------------
[2024-09-08T02:01:49.181+0000] {taskinstance.py:1284} INFO - Starting attempt 1 of 2
[2024-09-08T02:01:49.181+0000] {taskinstance.py:1285} INFO - 
--------------------------------------------------------------------------------
[2024-09-08T02:01:49.193+0000] {taskinstance.py:1304} INFO - Executing <Task(PythonOperator): download_data_from_s3> on 2024-09-07 00:00:00+00:00
[2024-09-08T02:01:49.197+0000] {standard_task_runner.py:55} INFO - Started process 272 to run task
[2024-09-08T02:01:49.200+0000] {standard_task_runner.py:82} INFO - Running: ['***', 'tasks', 'run', 'ml_pipeline', 'download_data_from_s3', 'scheduled__2024-09-07T00:00:00+00:00', '--job-id', '93', '--raw', '--subdir', 'DAGS_FOLDER/ml_pipeline_dag.py', '--cfg-path', '/tmp/tmpe3g97tp4']
[2024-09-08T02:01:49.201+0000] {standard_task_runner.py:83} INFO - Job 93: Subtask download_data_from_s3
[2024-09-08T02:01:49.248+0000] {task_command.py:389} INFO - Running <TaskInstance: ml_pipeline.download_data_from_s3 scheduled__2024-09-07T00:00:00+00:00 [running]> on host 6556fb296dfa
[2024-09-08T02:01:49.615+0000] {taskinstance.py:1513} INFO - Exporting the following env vars:
AIRFLOW_CTX_DAG_OWNER=***
AIRFLOW_CTX_DAG_ID=ml_pipeline
AIRFLOW_CTX_TASK_ID=download_data_from_s3
AIRFLOW_CTX_EXECUTION_DATE=2024-09-07T00:00:00+00:00
AIRFLOW_CTX_TRY_NUMBER=1
AIRFLOW_CTX_DAG_RUN_ID=scheduled__2024-09-07T00:00:00+00:00
[2024-09-08T02:01:49.632+0000] {credentials.py:1120} INFO - Found credentials in environment variables.
[2024-09-08T02:01:50.224+0000] {python.py:177} INFO - Done. Returned value was: None
[2024-09-08T02:01:50.232+0000] {taskinstance.py:1327} INFO - Marking task as SUCCESS. dag_id=ml_pipeline, task_id=download_data_from_s3, execution_date=20240907T000000, start_date=20240908T020149, end_date=20240908T020150
[2024-09-08T02:01:50.254+0000] {local_task_job.py:159} INFO - Task exited with return code 0
[2024-09-08T02:01:50.280+0000] {taskinstance.py:2582} INFO - 1 downstream tasks scheduled from follow-on schedule check
