[2024-09-08T01:34:22.363+0000] {taskinstance.py:1087} INFO - Dependencies all met for <TaskInstance: ml_pipeline.download_data_from_s3 manual__2024-09-08T01:34:19.908304+00:00 [queued]>
[2024-09-08T01:34:22.371+0000] {taskinstance.py:1087} INFO - Dependencies all met for <TaskInstance: ml_pipeline.download_data_from_s3 manual__2024-09-08T01:34:19.908304+00:00 [queued]>
[2024-09-08T01:34:22.371+0000] {taskinstance.py:1283} INFO - 
--------------------------------------------------------------------------------
[2024-09-08T01:34:22.371+0000] {taskinstance.py:1284} INFO - Starting attempt 1 of 2
[2024-09-08T01:34:22.371+0000] {taskinstance.py:1285} INFO - 
--------------------------------------------------------------------------------
[2024-09-08T01:34:22.385+0000] {taskinstance.py:1304} INFO - Executing <Task(PythonOperator): download_data_from_s3> on 2024-09-08 01:34:19.908304+00:00
[2024-09-08T01:34:22.390+0000] {standard_task_runner.py:55} INFO - Started process 210 to run task
[2024-09-08T01:34:22.397+0000] {standard_task_runner.py:82} INFO - Running: ['***', 'tasks', 'run', 'ml_pipeline', 'download_data_from_s3', 'manual__2024-09-08T01:34:19.908304+00:00', '--job-id', '57', '--raw', '--subdir', 'DAGS_FOLDER/ml_pipeline_dag.py', '--cfg-path', '/tmp/tmph_1gy4b_']
[2024-09-08T01:34:22.403+0000] {standard_task_runner.py:83} INFO - Job 57: Subtask download_data_from_s3
[2024-09-08T01:34:22.473+0000] {task_command.py:389} INFO - Running <TaskInstance: ml_pipeline.download_data_from_s3 manual__2024-09-08T01:34:19.908304+00:00 [running]> on host b7a065971734
[2024-09-08T01:34:22.550+0000] {taskinstance.py:1513} INFO - Exporting the following env vars:
AIRFLOW_CTX_DAG_OWNER=***
AIRFLOW_CTX_DAG_ID=ml_pipeline
AIRFLOW_CTX_TASK_ID=download_data_from_s3
AIRFLOW_CTX_EXECUTION_DATE=2024-09-08T01:34:19.908304+00:00
AIRFLOW_CTX_TRY_NUMBER=1
AIRFLOW_CTX_DAG_RUN_ID=manual__2024-09-08T01:34:19.908304+00:00
[2024-09-08T01:34:22.566+0000] {credentials.py:1120} INFO - Found credentials in environment variables.
[2024-09-08T01:34:23.417+0000] {python.py:177} INFO - Done. Returned value was: None
[2024-09-08T01:34:23.425+0000] {taskinstance.py:1327} INFO - Marking task as SUCCESS. dag_id=ml_pipeline, task_id=download_data_from_s3, execution_date=20240908T013419, start_date=20240908T013422, end_date=20240908T013423
[2024-09-08T01:34:23.448+0000] {local_task_job.py:159} INFO - Task exited with return code 0
[2024-09-08T01:34:23.472+0000] {taskinstance.py:2582} INFO - 1 downstream tasks scheduled from follow-on schedule check
