[2024-09-08T00:27:18.138+0000] {taskinstance.py:1087} INFO - Dependencies all met for <TaskInstance: ml_pipeline.download_data_from_s3 manual__2024-09-08T00:27:17.072200+00:00 [queued]>
[2024-09-08T00:27:18.144+0000] {taskinstance.py:1087} INFO - Dependencies all met for <TaskInstance: ml_pipeline.download_data_from_s3 manual__2024-09-08T00:27:17.072200+00:00 [queued]>
[2024-09-08T00:27:18.144+0000] {taskinstance.py:1283} INFO - 
--------------------------------------------------------------------------------
[2024-09-08T00:27:18.144+0000] {taskinstance.py:1284} INFO - Starting attempt 1 of 2
[2024-09-08T00:27:18.144+0000] {taskinstance.py:1285} INFO - 
--------------------------------------------------------------------------------
[2024-09-08T00:27:18.154+0000] {taskinstance.py:1304} INFO - Executing <Task(PythonOperator): download_data_from_s3> on 2024-09-08 00:27:17.072200+00:00
[2024-09-08T00:27:18.158+0000] {standard_task_runner.py:55} INFO - Started process 185 to run task
[2024-09-08T00:27:18.160+0000] {standard_task_runner.py:82} INFO - Running: ['***', 'tasks', 'run', 'ml_pipeline', 'download_data_from_s3', 'manual__2024-09-08T00:27:17.072200+00:00', '--job-id', '44', '--raw', '--subdir', 'DAGS_FOLDER/ml_pipeline_dag.py', '--cfg-path', '/tmp/tmpqcwx540x']
[2024-09-08T00:27:18.161+0000] {standard_task_runner.py:83} INFO - Job 44: Subtask download_data_from_s3
[2024-09-08T00:27:18.210+0000] {task_command.py:389} INFO - Running <TaskInstance: ml_pipeline.download_data_from_s3 manual__2024-09-08T00:27:17.072200+00:00 [running]> on host 22a9ba770f6e
[2024-09-08T00:27:18.390+0000] {taskinstance.py:1513} INFO - Exporting the following env vars:
AIRFLOW_CTX_DAG_OWNER=***
AIRFLOW_CTX_DAG_ID=ml_pipeline
AIRFLOW_CTX_TASK_ID=download_data_from_s3
AIRFLOW_CTX_EXECUTION_DATE=2024-09-08T00:27:17.072200+00:00
AIRFLOW_CTX_TRY_NUMBER=1
AIRFLOW_CTX_DAG_RUN_ID=manual__2024-09-08T00:27:17.072200+00:00
[2024-09-08T00:27:18.398+0000] {credentials.py:1120} INFO - Found credentials in environment variables.
[2024-09-08T00:27:18.879+0000] {python.py:177} INFO - Done. Returned value was: None
[2024-09-08T00:27:18.886+0000] {taskinstance.py:1327} INFO - Marking task as SUCCESS. dag_id=ml_pipeline, task_id=download_data_from_s3, execution_date=20240908T002717, start_date=20240908T002718, end_date=20240908T002718
[2024-09-08T00:27:18.936+0000] {local_task_job.py:159} INFO - Task exited with return code 0
[2024-09-08T00:27:18.966+0000] {taskinstance.py:2582} INFO - 1 downstream tasks scheduled from follow-on schedule check
