[2024-09-09T01:39:03.363+0000] {taskinstance.py:1087} INFO - Dependencies all met for <TaskInstance: ml_pipeline.download_data_from_s3 scheduled__2024-09-08T00:00:00+00:00 [queued]>
[2024-09-09T01:39:03.372+0000] {taskinstance.py:1087} INFO - Dependencies all met for <TaskInstance: ml_pipeline.download_data_from_s3 scheduled__2024-09-08T00:00:00+00:00 [queued]>
[2024-09-09T01:39:03.372+0000] {taskinstance.py:1283} INFO - 
--------------------------------------------------------------------------------
[2024-09-09T01:39:03.372+0000] {taskinstance.py:1284} INFO - Starting attempt 1 of 2
[2024-09-09T01:39:03.372+0000] {taskinstance.py:1285} INFO - 
--------------------------------------------------------------------------------
[2024-09-09T01:39:03.387+0000] {taskinstance.py:1304} INFO - Executing <Task(PythonOperator): download_data_from_s3> on 2024-09-08 00:00:00+00:00
[2024-09-09T01:39:03.406+0000] {standard_task_runner.py:55} INFO - Started process 98 to run task
[2024-09-09T01:39:03.421+0000] {standard_task_runner.py:82} INFO - Running: ['***', 'tasks', 'run', 'ml_pipeline', 'download_data_from_s3', 'scheduled__2024-09-08T00:00:00+00:00', '--job-id', '126', '--raw', '--subdir', 'DAGS_FOLDER/ml_pipeline_dag.py', '--cfg-path', '/tmp/tmp5mpb5ys7']
[2024-09-09T01:39:03.428+0000] {standard_task_runner.py:83} INFO - Job 126: Subtask download_data_from_s3
[2024-09-09T01:39:03.554+0000] {task_command.py:389} INFO - Running <TaskInstance: ml_pipeline.download_data_from_s3 scheduled__2024-09-08T00:00:00+00:00 [running]> on host 65fe11240ea2
[2024-09-09T01:39:03.625+0000] {taskinstance.py:1513} INFO - Exporting the following env vars:
AIRFLOW_CTX_DAG_OWNER=***
AIRFLOW_CTX_DAG_ID=ml_pipeline
AIRFLOW_CTX_TASK_ID=download_data_from_s3
AIRFLOW_CTX_EXECUTION_DATE=2024-09-08T00:00:00+00:00
AIRFLOW_CTX_TRY_NUMBER=1
AIRFLOW_CTX_DAG_RUN_ID=scheduled__2024-09-08T00:00:00+00:00
[2024-09-09T01:39:03.648+0000] {credentials.py:1120} INFO - Found credentials in environment variables.
[2024-09-09T01:39:05.454+0000] {python.py:177} INFO - Done. Returned value was: None
[2024-09-09T01:39:05.470+0000] {taskinstance.py:1327} INFO - Marking task as SUCCESS. dag_id=ml_pipeline, task_id=download_data_from_s3, execution_date=20240908T000000, start_date=20240909T013903, end_date=20240909T013905
[2024-09-09T01:39:05.522+0000] {local_task_job.py:159} INFO - Task exited with return code 0
[2024-09-09T01:39:05.552+0000] {taskinstance.py:2582} INFO - 1 downstream tasks scheduled from follow-on schedule check
