[2024-09-09T02:27:41.130+0000] {taskinstance.py:1087} INFO - Dependencies all met for <TaskInstance: ml_pipeline.download_data_from_s3 manual__2024-09-09T02:27:40.323678+00:00 [queued]>
[2024-09-09T02:27:41.137+0000] {taskinstance.py:1087} INFO - Dependencies all met for <TaskInstance: ml_pipeline.download_data_from_s3 manual__2024-09-09T02:27:40.323678+00:00 [queued]>
[2024-09-09T02:27:41.137+0000] {taskinstance.py:1283} INFO - 
--------------------------------------------------------------------------------
[2024-09-09T02:27:41.137+0000] {taskinstance.py:1284} INFO - Starting attempt 1 of 2
[2024-09-09T02:27:41.137+0000] {taskinstance.py:1285} INFO - 
--------------------------------------------------------------------------------
[2024-09-09T02:27:41.148+0000] {taskinstance.py:1304} INFO - Executing <Task(PythonOperator): download_data_from_s3> on 2024-09-09 02:27:40.323678+00:00
[2024-09-09T02:27:41.153+0000] {standard_task_runner.py:55} INFO - Started process 7549 to run task
[2024-09-09T02:27:41.156+0000] {standard_task_runner.py:82} INFO - Running: ['***', 'tasks', 'run', 'ml_pipeline', 'download_data_from_s3', 'manual__2024-09-09T02:27:40.323678+00:00', '--job-id', '186', '--raw', '--subdir', 'DAGS_FOLDER/ml_pipeline_dag.py', '--cfg-path', '/tmp/tmpnnbke4u0']
[2024-09-09T02:27:41.158+0000] {standard_task_runner.py:83} INFO - Job 186: Subtask download_data_from_s3
[2024-09-09T02:27:41.327+0000] {task_command.py:389} INFO - Running <TaskInstance: ml_pipeline.download_data_from_s3 manual__2024-09-09T02:27:40.323678+00:00 [running]> on host 65fe11240ea2
[2024-09-09T02:27:41.527+0000] {taskinstance.py:1513} INFO - Exporting the following env vars:
AIRFLOW_CTX_DAG_OWNER=***
AIRFLOW_CTX_DAG_ID=ml_pipeline
AIRFLOW_CTX_TASK_ID=download_data_from_s3
AIRFLOW_CTX_EXECUTION_DATE=2024-09-09T02:27:40.323678+00:00
AIRFLOW_CTX_TRY_NUMBER=1
AIRFLOW_CTX_DAG_RUN_ID=manual__2024-09-09T02:27:40.323678+00:00
[2024-09-09T02:27:41.537+0000] {credentials.py:1120} INFO - Found credentials in environment variables.
[2024-09-09T02:27:41.972+0000] {python.py:177} INFO - Done. Returned value was: None
[2024-09-09T02:27:41.981+0000] {taskinstance.py:1327} INFO - Marking task as SUCCESS. dag_id=ml_pipeline, task_id=download_data_from_s3, execution_date=20240909T022740, start_date=20240909T022741, end_date=20240909T022741
[2024-09-09T02:27:42.013+0000] {local_task_job.py:159} INFO - Task exited with return code 0
[2024-09-09T02:27:42.038+0000] {taskinstance.py:2582} INFO - 1 downstream tasks scheduled from follow-on schedule check
