[2024-09-09T02:39:49.693+0000] {taskinstance.py:1087} INFO - Dependencies all met for <TaskInstance: ml_pipeline.upload_model_to_s3 manual__2024-09-09T02:39:39.565283+00:00 [queued]>
[2024-09-09T02:39:49.700+0000] {taskinstance.py:1087} INFO - Dependencies all met for <TaskInstance: ml_pipeline.upload_model_to_s3 manual__2024-09-09T02:39:39.565283+00:00 [queued]>
[2024-09-09T02:39:49.700+0000] {taskinstance.py:1283} INFO - 
--------------------------------------------------------------------------------
[2024-09-09T02:39:49.700+0000] {taskinstance.py:1284} INFO - Starting attempt 1 of 2
[2024-09-09T02:39:49.700+0000] {taskinstance.py:1285} INFO - 
--------------------------------------------------------------------------------
[2024-09-09T02:39:49.711+0000] {taskinstance.py:1304} INFO - Executing <Task(PythonOperator): upload_model_to_s3> on 2024-09-09 02:39:39.565283+00:00
[2024-09-09T02:39:49.716+0000] {standard_task_runner.py:55} INFO - Started process 1666 to run task
[2024-09-09T02:39:49.719+0000] {standard_task_runner.py:82} INFO - Running: ['***', 'tasks', 'run', 'ml_pipeline', 'upload_model_to_s3', 'manual__2024-09-09T02:39:39.565283+00:00', '--job-id', '212', '--raw', '--subdir', 'DAGS_FOLDER/ml_pipeline_dag.py', '--cfg-path', '/tmp/tmpx7ff9f5v']
[2024-09-09T02:39:49.721+0000] {standard_task_runner.py:83} INFO - Job 212: Subtask upload_model_to_s3
[2024-09-09T02:39:49.766+0000] {task_command.py:389} INFO - Running <TaskInstance: ml_pipeline.upload_model_to_s3 manual__2024-09-09T02:39:39.565283+00:00 [running]> on host 719bbc6636cd
[2024-09-09T02:39:49.932+0000] {taskinstance.py:1513} INFO - Exporting the following env vars:
AIRFLOW_CTX_DAG_OWNER=***
AIRFLOW_CTX_DAG_ID=ml_pipeline
AIRFLOW_CTX_TASK_ID=upload_model_to_s3
AIRFLOW_CTX_EXECUTION_DATE=2024-09-09T02:39:39.565283+00:00
AIRFLOW_CTX_TRY_NUMBER=1
AIRFLOW_CTX_DAG_RUN_ID=manual__2024-09-09T02:39:39.565283+00:00
[2024-09-09T02:39:49.942+0000] {credentials.py:1120} INFO - Found credentials in environment variables.
[2024-09-09T02:39:55.568+0000] {python.py:177} INFO - Done. Returned value was: None
[2024-09-09T02:39:55.580+0000] {taskinstance.py:1327} INFO - Marking task as SUCCESS. dag_id=ml_pipeline, task_id=upload_model_to_s3, execution_date=20240909T023939, start_date=20240909T023949, end_date=20240909T023955
[2024-09-09T02:39:55.630+0000] {local_task_job.py:159} INFO - Task exited with return code 0
[2024-09-09T02:39:55.643+0000] {taskinstance.py:2582} INFO - 0 downstream tasks scheduled from follow-on schedule check
