[2024-09-09T01:39:11.168+0000] {taskinstance.py:1087} INFO - Dependencies all met for <TaskInstance: ml_pipeline.train_model scheduled__2024-09-08T00:00:00+00:00 [queued]>
[2024-09-09T01:39:11.178+0000] {taskinstance.py:1087} INFO - Dependencies all met for <TaskInstance: ml_pipeline.train_model scheduled__2024-09-08T00:00:00+00:00 [queued]>
[2024-09-09T01:39:11.178+0000] {taskinstance.py:1283} INFO - 
--------------------------------------------------------------------------------
[2024-09-09T01:39:11.178+0000] {taskinstance.py:1284} INFO - Starting attempt 1 of 2
[2024-09-09T01:39:11.178+0000] {taskinstance.py:1285} INFO - 
--------------------------------------------------------------------------------
[2024-09-09T01:39:11.193+0000] {taskinstance.py:1304} INFO - Executing <Task(PythonOperator): train_model> on 2024-09-08 00:00:00+00:00
[2024-09-09T01:39:11.201+0000] {standard_task_runner.py:55} INFO - Started process 141 to run task
[2024-09-09T01:39:11.204+0000] {standard_task_runner.py:82} INFO - Running: ['***', 'tasks', 'run', 'ml_pipeline', 'train_model', 'scheduled__2024-09-08T00:00:00+00:00', '--job-id', '129', '--raw', '--subdir', 'DAGS_FOLDER/ml_pipeline_dag.py', '--cfg-path', '/tmp/tmpg48vg97f']
[2024-09-09T01:39:11.206+0000] {standard_task_runner.py:83} INFO - Job 129: Subtask train_model
[2024-09-09T01:39:11.259+0000] {task_command.py:389} INFO - Running <TaskInstance: ml_pipeline.train_model scheduled__2024-09-08T00:00:00+00:00 [running]> on host 65fe11240ea2
[2024-09-09T01:39:11.535+0000] {taskinstance.py:1513} INFO - Exporting the following env vars:
AIRFLOW_CTX_DAG_OWNER=***
AIRFLOW_CTX_DAG_ID=ml_pipeline
AIRFLOW_CTX_TASK_ID=train_model
AIRFLOW_CTX_EXECUTION_DATE=2024-09-08T00:00:00+00:00
AIRFLOW_CTX_TRY_NUMBER=1
AIRFLOW_CTX_DAG_RUN_ID=scheduled__2024-09-08T00:00:00+00:00
[2024-09-09T01:39:13.424+0000] {python.py:177} INFO - Done. Returned value was: None
[2024-09-09T01:39:13.431+0000] {taskinstance.py:1327} INFO - Marking task as SUCCESS. dag_id=ml_pipeline, task_id=train_model, execution_date=20240908T000000, start_date=20240909T013911, end_date=20240909T013913
[2024-09-09T01:39:13.464+0000] {local_task_job.py:159} INFO - Task exited with return code 0
[2024-09-09T01:39:13.480+0000] {taskinstance.py:2582} INFO - 1 downstream tasks scheduled from follow-on schedule check
[2024-09-09T02:18:32.066+0000] {taskinstance.py:1087} INFO - Dependencies all met for <TaskInstance: ml_pipeline.train_model scheduled__2024-09-08T00:00:00+00:00 [queued]>
[2024-09-09T02:18:32.079+0000] {taskinstance.py:1087} INFO - Dependencies all met for <TaskInstance: ml_pipeline.train_model scheduled__2024-09-08T00:00:00+00:00 [queued]>
[2024-09-09T02:18:32.079+0000] {taskinstance.py:1283} INFO - 
--------------------------------------------------------------------------------
[2024-09-09T02:18:32.079+0000] {taskinstance.py:1284} INFO - Starting attempt 1 of 2
[2024-09-09T02:18:32.079+0000] {taskinstance.py:1285} INFO - 
--------------------------------------------------------------------------------
[2024-09-09T02:18:32.103+0000] {taskinstance.py:1304} INFO - Executing <Task(PythonOperator): train_model> on 2024-09-08 00:00:00+00:00
[2024-09-09T02:18:32.112+0000] {standard_task_runner.py:55} INFO - Started process 6024 to run task
[2024-09-09T02:18:32.114+0000] {standard_task_runner.py:82} INFO - Running: ['***', 'tasks', 'run', 'ml_pipeline', 'train_model', 'scheduled__2024-09-08T00:00:00+00:00', '--job-id', '162', '--raw', '--subdir', 'DAGS_FOLDER/ml_pipeline_dag.py', '--cfg-path', '/tmp/tmp74_1vyut']
[2024-09-09T02:18:32.120+0000] {standard_task_runner.py:83} INFO - Job 162: Subtask train_model
[2024-09-09T02:18:32.270+0000] {task_command.py:389} INFO - Running <TaskInstance: ml_pipeline.train_model scheduled__2024-09-08T00:00:00+00:00 [running]> on host 65fe11240ea2
[2024-09-09T02:18:34.962+0000] {taskinstance.py:1513} INFO - Exporting the following env vars:
AIRFLOW_CTX_DAG_OWNER=***
AIRFLOW_CTX_DAG_ID=ml_pipeline
AIRFLOW_CTX_TASK_ID=train_model
AIRFLOW_CTX_EXECUTION_DATE=2024-09-08T00:00:00+00:00
AIRFLOW_CTX_TRY_NUMBER=1
AIRFLOW_CTX_DAG_RUN_ID=scheduled__2024-09-08T00:00:00+00:00
[2024-09-09T02:18:37.949+0000] {python.py:177} INFO - Done. Returned value was: None
[2024-09-09T02:18:37.961+0000] {taskinstance.py:1327} INFO - Marking task as SUCCESS. dag_id=ml_pipeline, task_id=train_model, execution_date=20240908T000000, start_date=20240909T021832, end_date=20240909T021837
[2024-09-09T02:18:38.043+0000] {local_task_job.py:159} INFO - Task exited with return code 0
[2024-09-09T02:18:38.071+0000] {taskinstance.py:2582} INFO - 1 downstream tasks scheduled from follow-on schedule check
