[2024-09-09T16:07:46.043+0000] {taskinstance.py:1087} INFO - Dependencies all met for <TaskInstance: ml_pipeline.upload_model_to_s3 manual__2024-09-09T16:07:31.942018+00:00 [queued]>
[2024-09-09T16:07:46.053+0000] {taskinstance.py:1087} INFO - Dependencies all met for <TaskInstance: ml_pipeline.upload_model_to_s3 manual__2024-09-09T16:07:31.942018+00:00 [queued]>
[2024-09-09T16:07:46.054+0000] {taskinstance.py:1283} INFO - 
--------------------------------------------------------------------------------
[2024-09-09T16:07:46.054+0000] {taskinstance.py:1284} INFO - Starting attempt 1 of 2
[2024-09-09T16:07:46.054+0000] {taskinstance.py:1285} INFO - 
--------------------------------------------------------------------------------
[2024-09-09T16:07:46.072+0000] {taskinstance.py:1304} INFO - Executing <Task(PythonOperator): upload_model_to_s3> on 2024-09-09 16:07:31.942018+00:00
[2024-09-09T16:07:46.081+0000] {standard_task_runner.py:55} INFO - Started process 57686 to run task
[2024-09-09T16:07:46.085+0000] {standard_task_runner.py:82} INFO - Running: ['***', 'tasks', 'run', 'ml_pipeline', 'upload_model_to_s3', 'manual__2024-09-09T16:07:31.942018+00:00', '--job-id', '222', '--raw', '--subdir', 'DAGS_FOLDER/ml_pipeline_dag.py', '--cfg-path', '/tmp/tmpz29ri9fp']
[2024-09-09T16:07:46.087+0000] {standard_task_runner.py:83} INFO - Job 222: Subtask upload_model_to_s3
[2024-09-09T16:07:46.158+0000] {task_command.py:389} INFO - Running <TaskInstance: ml_pipeline.upload_model_to_s3 manual__2024-09-09T16:07:31.942018+00:00 [running]> on host 719bbc6636cd
[2024-09-09T16:07:46.366+0000] {taskinstance.py:1513} INFO - Exporting the following env vars:
AIRFLOW_CTX_DAG_OWNER=***
AIRFLOW_CTX_DAG_ID=ml_pipeline
AIRFLOW_CTX_TASK_ID=upload_model_to_s3
AIRFLOW_CTX_EXECUTION_DATE=2024-09-09T16:07:31.942018+00:00
AIRFLOW_CTX_TRY_NUMBER=1
AIRFLOW_CTX_DAG_RUN_ID=manual__2024-09-09T16:07:31.942018+00:00
[2024-09-09T16:07:46.377+0000] {credentials.py:1120} INFO - Found credentials in environment variables.
[2024-09-09T16:07:53.023+0000] {python.py:177} INFO - Done. Returned value was: None
[2024-09-09T16:07:53.035+0000] {taskinstance.py:1327} INFO - Marking task as SUCCESS. dag_id=ml_pipeline, task_id=upload_model_to_s3, execution_date=20240909T160731, start_date=20240909T160746, end_date=20240909T160753
[2024-09-09T16:07:53.088+0000] {local_task_job.py:159} INFO - Task exited with return code 0
[2024-09-09T16:07:53.112+0000] {taskinstance.py:2582} INFO - 0 downstream tasks scheduled from follow-on schedule check
