[2024-09-09T01:39:26.992+0000] {taskinstance.py:1087} INFO - Dependencies all met for <TaskInstance: ml_pipeline.preprocess_data jenkins_trigger_$(date +%Y%m%d%H%M%S) [queued]>
[2024-09-09T01:39:27.005+0000] {taskinstance.py:1087} INFO - Dependencies all met for <TaskInstance: ml_pipeline.preprocess_data jenkins_trigger_$(date +%Y%m%d%H%M%S) [queued]>
[2024-09-09T01:39:27.006+0000] {taskinstance.py:1283} INFO - 
--------------------------------------------------------------------------------
[2024-09-09T01:39:27.006+0000] {taskinstance.py:1284} INFO - Starting attempt 1 of 2
[2024-09-09T01:39:27.006+0000] {taskinstance.py:1285} INFO - 
--------------------------------------------------------------------------------
[2024-09-09T01:39:27.028+0000] {taskinstance.py:1304} INFO - Executing <Task(PythonOperator): preprocess_data> on 2024-09-09 01:39:23.164558+00:00
[2024-09-09T01:39:27.037+0000] {standard_task_runner.py:55} INFO - Started process 193 to run task
[2024-09-09T01:39:27.040+0000] {standard_task_runner.py:82} INFO - Running: ['***', 'tasks', 'run', 'ml_pipeline', 'preprocess_data', 'jenkins_trigger_$(date +%Y%m%d%H%M%S)', '--job-id', '132', '--raw', '--subdir', 'DAGS_FOLDER/ml_pipeline_dag.py', '--cfg-path', '/tmp/tmpbji6lxbe']
[2024-09-09T01:39:27.042+0000] {standard_task_runner.py:83} INFO - Job 132: Subtask preprocess_data
[2024-09-09T01:39:27.099+0000] {task_command.py:389} INFO - Running <TaskInstance: ml_pipeline.preprocess_data jenkins_trigger_$(date +%Y%m%d%H%M%S) [running]> on host 65fe11240ea2
[2024-09-09T01:39:27.304+0000] {taskinstance.py:1513} INFO - Exporting the following env vars:
AIRFLOW_CTX_DAG_OWNER=***
AIRFLOW_CTX_DAG_ID=ml_pipeline
AIRFLOW_CTX_TASK_ID=preprocess_data
AIRFLOW_CTX_EXECUTION_DATE=2024-09-09T01:39:23.164558+00:00
AIRFLOW_CTX_TRY_NUMBER=1
AIRFLOW_CTX_DAG_RUN_ID=jenkins_trigger_$(date +%Y%m%d%H%M%S)
[2024-09-09T01:39:27.350+0000] {python.py:177} INFO - Done. Returned value was: None
[2024-09-09T01:39:27.357+0000] {taskinstance.py:1327} INFO - Marking task as SUCCESS. dag_id=ml_pipeline, task_id=preprocess_data, execution_date=20240909T013923, start_date=20240909T013926, end_date=20240909T013927
[2024-09-09T01:39:27.413+0000] {local_task_job.py:159} INFO - Task exited with return code 0
[2024-09-09T01:39:27.438+0000] {taskinstance.py:2582} INFO - 1 downstream tasks scheduled from follow-on schedule check
[2024-09-09T02:18:26.691+0000] {taskinstance.py:1087} INFO - Dependencies all met for <TaskInstance: ml_pipeline.preprocess_data jenkins_trigger_$(date +%Y%m%d%H%M%S) [queued]>
[2024-09-09T02:18:26.701+0000] {taskinstance.py:1087} INFO - Dependencies all met for <TaskInstance: ml_pipeline.preprocess_data jenkins_trigger_$(date +%Y%m%d%H%M%S) [queued]>
[2024-09-09T02:18:26.701+0000] {taskinstance.py:1283} INFO - 
--------------------------------------------------------------------------------
[2024-09-09T02:18:26.702+0000] {taskinstance.py:1284} INFO - Starting attempt 1 of 2
[2024-09-09T02:18:26.702+0000] {taskinstance.py:1285} INFO - 
--------------------------------------------------------------------------------
[2024-09-09T02:18:26.721+0000] {taskinstance.py:1304} INFO - Executing <Task(PythonOperator): preprocess_data> on 2024-09-09 01:41:47.753182+00:00
[2024-09-09T02:18:26.731+0000] {standard_task_runner.py:55} INFO - Started process 5979 to run task
[2024-09-09T02:18:26.737+0000] {standard_task_runner.py:82} INFO - Running: ['***', 'tasks', 'run', 'ml_pipeline', 'preprocess_data', 'jenkins_trigger_$(date +%Y%m%d%H%M%S)', '--job-id', '151', '--raw', '--subdir', 'DAGS_FOLDER/ml_pipeline_dag.py', '--cfg-path', '/tmp/tmp1pt49gx1']
[2024-09-09T02:18:26.740+0000] {standard_task_runner.py:83} INFO - Job 151: Subtask preprocess_data
[2024-09-09T02:18:27.042+0000] {task_command.py:389} INFO - Running <TaskInstance: ml_pipeline.preprocess_data jenkins_trigger_$(date +%Y%m%d%H%M%S) [running]> on host 65fe11240ea2
[2024-09-09T02:18:27.109+0000] {taskinstance.py:1513} INFO - Exporting the following env vars:
AIRFLOW_CTX_DAG_OWNER=***
AIRFLOW_CTX_DAG_ID=ml_pipeline
AIRFLOW_CTX_TASK_ID=preprocess_data
AIRFLOW_CTX_EXECUTION_DATE=2024-09-09T01:41:47.753182+00:00
AIRFLOW_CTX_TRY_NUMBER=1
AIRFLOW_CTX_DAG_RUN_ID=jenkins_trigger_$(date +%Y%m%d%H%M%S)
[2024-09-09T02:18:27.163+0000] {python.py:177} INFO - Done. Returned value was: None
[2024-09-09T02:18:27.173+0000] {taskinstance.py:1327} INFO - Marking task as SUCCESS. dag_id=ml_pipeline, task_id=preprocess_data, execution_date=20240909T014147, start_date=20240909T021826, end_date=20240909T021827
[2024-09-09T02:18:27.229+0000] {local_task_job.py:159} INFO - Task exited with return code 0
[2024-09-09T02:18:27.389+0000] {taskinstance.py:2582} INFO - 1 downstream tasks scheduled from follow-on schedule check
