[2024-09-08T20:35:19.649+0000] {taskinstance.py:1087} INFO - Dependencies all met for <TaskInstance: ml_pipeline.upload_preprocessed_data_to_s3 manual__2024-09-08T20:30:11.800910+00:00 [queued]>
[2024-09-08T20:35:19.657+0000] {taskinstance.py:1087} INFO - Dependencies all met for <TaskInstance: ml_pipeline.upload_preprocessed_data_to_s3 manual__2024-09-08T20:30:11.800910+00:00 [queued]>
[2024-09-08T20:35:19.658+0000] {taskinstance.py:1283} INFO - 
--------------------------------------------------------------------------------
[2024-09-08T20:35:19.658+0000] {taskinstance.py:1284} INFO - Starting attempt 1 of 2
[2024-09-08T20:35:19.658+0000] {taskinstance.py:1285} INFO - 
--------------------------------------------------------------------------------
[2024-09-08T20:35:19.670+0000] {taskinstance.py:1304} INFO - Executing <Task(PythonOperator): upload_preprocessed_data_to_s3> on 2024-09-08 20:30:11.800910+00:00
[2024-09-08T20:35:19.676+0000] {standard_task_runner.py:55} INFO - Started process 247 to run task
[2024-09-08T20:35:19.679+0000] {standard_task_runner.py:82} INFO - Running: ['***', 'tasks', 'run', 'ml_pipeline', 'upload_preprocessed_data_to_s3', 'manual__2024-09-08T20:30:11.800910+00:00', '--job-id', '116', '--raw', '--subdir', 'DAGS_FOLDER/ml_pipeline_dag.py', '--cfg-path', '/tmp/tmpt2acr1jz']
[2024-09-08T20:35:19.681+0000] {standard_task_runner.py:83} INFO - Job 116: Subtask upload_preprocessed_data_to_s3
[2024-09-08T20:35:19.737+0000] {task_command.py:389} INFO - Running <TaskInstance: ml_pipeline.upload_preprocessed_data_to_s3 manual__2024-09-08T20:30:11.800910+00:00 [running]> on host e74aad3f5fc7
[2024-09-08T20:35:19.935+0000] {taskinstance.py:1513} INFO - Exporting the following env vars:
AIRFLOW_CTX_DAG_OWNER=***
AIRFLOW_CTX_DAG_ID=ml_pipeline
AIRFLOW_CTX_TASK_ID=upload_preprocessed_data_to_s3
AIRFLOW_CTX_EXECUTION_DATE=2024-09-08T20:30:11.800910+00:00
AIRFLOW_CTX_TRY_NUMBER=1
AIRFLOW_CTX_DAG_RUN_ID=manual__2024-09-08T20:30:11.800910+00:00
[2024-09-08T20:35:19.944+0000] {credentials.py:1120} INFO - Found credentials in environment variables.
[2024-09-08T20:35:20.344+0000] {python.py:177} INFO - Done. Returned value was: None
[2024-09-08T20:35:20.353+0000] {taskinstance.py:1327} INFO - Marking task as SUCCESS. dag_id=ml_pipeline, task_id=upload_preprocessed_data_to_s3, execution_date=20240908T203011, start_date=20240908T203519, end_date=20240908T203520
[2024-09-08T20:35:20.373+0000] {local_task_job.py:159} INFO - Task exited with return code 0
[2024-09-08T20:35:20.396+0000] {taskinstance.py:2582} INFO - 1 downstream tasks scheduled from follow-on schedule check
