[2024-09-09T01:39:28.692+0000] {taskinstance.py:1087} INFO - Dependencies all met for <TaskInstance: ml_pipeline.upload_preprocessed_data_to_s3 jenkins_trigger_$(date +%Y%m%d%H%M%S) [queued]>
[2024-09-09T01:39:28.700+0000] {taskinstance.py:1087} INFO - Dependencies all met for <TaskInstance: ml_pipeline.upload_preprocessed_data_to_s3 jenkins_trigger_$(date +%Y%m%d%H%M%S) [queued]>
[2024-09-09T01:39:28.700+0000] {taskinstance.py:1283} INFO - 
--------------------------------------------------------------------------------
[2024-09-09T01:39:28.700+0000] {taskinstance.py:1284} INFO - Starting attempt 1 of 2
[2024-09-09T01:39:28.700+0000] {taskinstance.py:1285} INFO - 
--------------------------------------------------------------------------------
[2024-09-09T01:39:28.712+0000] {taskinstance.py:1304} INFO - Executing <Task(PythonOperator): upload_preprocessed_data_to_s3> on 2024-09-09 01:39:23.164558+00:00
[2024-09-09T01:39:28.717+0000] {standard_task_runner.py:55} INFO - Started process 196 to run task
[2024-09-09T01:39:28.719+0000] {standard_task_runner.py:82} INFO - Running: ['***', 'tasks', 'run', 'ml_pipeline', 'upload_preprocessed_data_to_s3', 'jenkins_trigger_$(date +%Y%m%d%H%M%S)', '--job-id', '133', '--raw', '--subdir', 'DAGS_FOLDER/ml_pipeline_dag.py', '--cfg-path', '/tmp/tmplrs4ja8s']
[2024-09-09T01:39:28.721+0000] {standard_task_runner.py:83} INFO - Job 133: Subtask upload_preprocessed_data_to_s3
[2024-09-09T01:39:28.773+0000] {task_command.py:389} INFO - Running <TaskInstance: ml_pipeline.upload_preprocessed_data_to_s3 jenkins_trigger_$(date +%Y%m%d%H%M%S) [running]> on host 65fe11240ea2
[2024-09-09T01:39:28.996+0000] {taskinstance.py:1513} INFO - Exporting the following env vars:
AIRFLOW_CTX_DAG_OWNER=***
AIRFLOW_CTX_DAG_ID=ml_pipeline
AIRFLOW_CTX_TASK_ID=upload_preprocessed_data_to_s3
AIRFLOW_CTX_EXECUTION_DATE=2024-09-09T01:39:23.164558+00:00
AIRFLOW_CTX_TRY_NUMBER=1
AIRFLOW_CTX_DAG_RUN_ID=jenkins_trigger_$(date +%Y%m%d%H%M%S)
[2024-09-09T01:39:29.006+0000] {credentials.py:1120} INFO - Found credentials in environment variables.
[2024-09-09T01:39:29.420+0000] {python.py:177} INFO - Done. Returned value was: None
[2024-09-09T01:39:29.426+0000] {taskinstance.py:1327} INFO - Marking task as SUCCESS. dag_id=ml_pipeline, task_id=upload_preprocessed_data_to_s3, execution_date=20240909T013923, start_date=20240909T013928, end_date=20240909T013929
[2024-09-09T01:39:29.454+0000] {local_task_job.py:159} INFO - Task exited with return code 0
[2024-09-09T01:39:29.475+0000] {taskinstance.py:2582} INFO - 1 downstream tasks scheduled from follow-on schedule check
