[2024-09-08T02:01:52.676+0000] {taskinstance.py:1087} INFO - Dependencies all met for <TaskInstance: ml_pipeline.upload_preprocessed_data_to_s3 manual__2024-09-08T02:01:47.989146+00:00 [queued]>
[2024-09-08T02:01:52.682+0000] {taskinstance.py:1087} INFO - Dependencies all met for <TaskInstance: ml_pipeline.upload_preprocessed_data_to_s3 manual__2024-09-08T02:01:47.989146+00:00 [queued]>
[2024-09-08T02:01:52.682+0000] {taskinstance.py:1283} INFO - 
--------------------------------------------------------------------------------
[2024-09-08T02:01:52.682+0000] {taskinstance.py:1284} INFO - Starting attempt 1 of 2
[2024-09-08T02:01:52.682+0000] {taskinstance.py:1285} INFO - 
--------------------------------------------------------------------------------
[2024-09-08T02:01:52.696+0000] {taskinstance.py:1304} INFO - Executing <Task(PythonOperator): upload_preprocessed_data_to_s3> on 2024-09-08 02:01:47.989146+00:00
[2024-09-08T02:01:52.701+0000] {standard_task_runner.py:55} INFO - Started process 292 to run task
[2024-09-08T02:01:52.703+0000] {standard_task_runner.py:82} INFO - Running: ['***', 'tasks', 'run', 'ml_pipeline', 'upload_preprocessed_data_to_s3', 'manual__2024-09-08T02:01:47.989146+00:00', '--job-id', '97', '--raw', '--subdir', 'DAGS_FOLDER/ml_pipeline_dag.py', '--cfg-path', '/tmp/tmpscjh6br9']
[2024-09-08T02:01:52.705+0000] {standard_task_runner.py:83} INFO - Job 97: Subtask upload_preprocessed_data_to_s3
[2024-09-08T02:01:52.751+0000] {task_command.py:389} INFO - Running <TaskInstance: ml_pipeline.upload_preprocessed_data_to_s3 manual__2024-09-08T02:01:47.989146+00:00 [running]> on host 6556fb296dfa
[2024-09-08T02:01:52.925+0000] {taskinstance.py:1513} INFO - Exporting the following env vars:
AIRFLOW_CTX_DAG_OWNER=***
AIRFLOW_CTX_DAG_ID=ml_pipeline
AIRFLOW_CTX_TASK_ID=upload_preprocessed_data_to_s3
AIRFLOW_CTX_EXECUTION_DATE=2024-09-08T02:01:47.989146+00:00
AIRFLOW_CTX_TRY_NUMBER=1
AIRFLOW_CTX_DAG_RUN_ID=manual__2024-09-08T02:01:47.989146+00:00
[2024-09-08T02:01:52.934+0000] {credentials.py:1120} INFO - Found credentials in environment variables.
[2024-09-08T02:01:53.426+0000] {python.py:177} INFO - Done. Returned value was: None
[2024-09-08T02:01:53.439+0000] {taskinstance.py:1327} INFO - Marking task as SUCCESS. dag_id=ml_pipeline, task_id=upload_preprocessed_data_to_s3, execution_date=20240908T020147, start_date=20240908T020152, end_date=20240908T020153
[2024-09-08T02:01:53.478+0000] {local_task_job.py:159} INFO - Task exited with return code 0
[2024-09-08T02:01:53.500+0000] {taskinstance.py:2582} INFO - 1 downstream tasks scheduled from follow-on schedule check
