[2024-09-08T20:35:28.651+0000] {taskinstance.py:1087} INFO - Dependencies all met for <TaskInstance: ml_pipeline.train_model manual__2024-09-08T20:35:20.303534+00:00 [queued]>
[2024-09-08T20:35:28.658+0000] {taskinstance.py:1087} INFO - Dependencies all met for <TaskInstance: ml_pipeline.train_model manual__2024-09-08T20:35:20.303534+00:00 [queued]>
[2024-09-08T20:35:28.658+0000] {taskinstance.py:1283} INFO - 
--------------------------------------------------------------------------------
[2024-09-08T20:35:28.658+0000] {taskinstance.py:1284} INFO - Starting attempt 1 of 2
[2024-09-08T20:35:28.658+0000] {taskinstance.py:1285} INFO - 
--------------------------------------------------------------------------------
[2024-09-08T20:35:28.670+0000] {taskinstance.py:1304} INFO - Executing <Task(PythonOperator): train_model> on 2024-09-08 20:35:20.303534+00:00
[2024-09-08T20:35:28.675+0000] {standard_task_runner.py:55} INFO - Started process 311 to run task
[2024-09-08T20:35:28.678+0000] {standard_task_runner.py:82} INFO - Running: ['***', 'tasks', 'run', 'ml_pipeline', 'train_model', 'manual__2024-09-08T20:35:20.303534+00:00', '--job-id', '122', '--raw', '--subdir', 'DAGS_FOLDER/ml_pipeline_dag.py', '--cfg-path', '/tmp/tmpwxrnpxhu']
[2024-09-08T20:35:28.679+0000] {standard_task_runner.py:83} INFO - Job 122: Subtask train_model
[2024-09-08T20:35:28.725+0000] {task_command.py:389} INFO - Running <TaskInstance: ml_pipeline.train_model manual__2024-09-08T20:35:20.303534+00:00 [running]> on host e74aad3f5fc7
[2024-09-08T20:35:28.903+0000] {taskinstance.py:1513} INFO - Exporting the following env vars:
AIRFLOW_CTX_DAG_OWNER=***
AIRFLOW_CTX_DAG_ID=ml_pipeline
AIRFLOW_CTX_TASK_ID=train_model
AIRFLOW_CTX_EXECUTION_DATE=2024-09-08T20:35:20.303534+00:00
AIRFLOW_CTX_TRY_NUMBER=1
AIRFLOW_CTX_DAG_RUN_ID=manual__2024-09-08T20:35:20.303534+00:00
[2024-09-08T20:35:30.445+0000] {python.py:177} INFO - Done. Returned value was: None
[2024-09-08T20:35:30.453+0000] {taskinstance.py:1327} INFO - Marking task as SUCCESS. dag_id=ml_pipeline, task_id=train_model, execution_date=20240908T203520, start_date=20240908T203528, end_date=20240908T203530
[2024-09-08T20:35:30.494+0000] {local_task_job.py:159} INFO - Task exited with return code 0
[2024-09-08T20:35:30.511+0000] {taskinstance.py:2582} INFO - 1 downstream tasks scheduled from follow-on schedule check
