[2024-09-09T01:39:33.429+0000] {taskinstance.py:1087} INFO - Dependencies all met for <TaskInstance: ml_pipeline.upload_model_to_s3 jenkins_trigger_$(date +%Y%m%d%H%M%S) [queued]>
[2024-09-09T01:39:33.436+0000] {taskinstance.py:1087} INFO - Dependencies all met for <TaskInstance: ml_pipeline.upload_model_to_s3 jenkins_trigger_$(date +%Y%m%d%H%M%S) [queued]>
[2024-09-09T01:39:33.436+0000] {taskinstance.py:1283} INFO - 
--------------------------------------------------------------------------------
[2024-09-09T01:39:33.436+0000] {taskinstance.py:1284} INFO - Starting attempt 1 of 2
[2024-09-09T01:39:33.436+0000] {taskinstance.py:1285} INFO - 
--------------------------------------------------------------------------------
[2024-09-09T01:39:33.447+0000] {taskinstance.py:1304} INFO - Executing <Task(PythonOperator): upload_model_to_s3> on 2024-09-09 01:39:23.164558+00:00
[2024-09-09T01:39:33.452+0000] {standard_task_runner.py:55} INFO - Started process 204 to run task
[2024-09-09T01:39:33.455+0000] {standard_task_runner.py:82} INFO - Running: ['***', 'tasks', 'run', 'ml_pipeline', 'upload_model_to_s3', 'jenkins_trigger_$(date +%Y%m%d%H%M%S)', '--job-id', '135', '--raw', '--subdir', 'DAGS_FOLDER/ml_pipeline_dag.py', '--cfg-path', '/tmp/tmpxoqz21it']
[2024-09-09T01:39:33.456+0000] {standard_task_runner.py:83} INFO - Job 135: Subtask upload_model_to_s3
[2024-09-09T01:39:33.500+0000] {task_command.py:389} INFO - Running <TaskInstance: ml_pipeline.upload_model_to_s3 jenkins_trigger_$(date +%Y%m%d%H%M%S) [running]> on host 65fe11240ea2
[2024-09-09T01:39:33.716+0000] {taskinstance.py:1513} INFO - Exporting the following env vars:
AIRFLOW_CTX_DAG_OWNER=***
AIRFLOW_CTX_DAG_ID=ml_pipeline
AIRFLOW_CTX_TASK_ID=upload_model_to_s3
AIRFLOW_CTX_EXECUTION_DATE=2024-09-09T01:39:23.164558+00:00
AIRFLOW_CTX_TRY_NUMBER=1
AIRFLOW_CTX_DAG_RUN_ID=jenkins_trigger_$(date +%Y%m%d%H%M%S)
[2024-09-09T01:39:33.727+0000] {credentials.py:1120} INFO - Found credentials in environment variables.
[2024-09-09T01:39:39.431+0000] {python.py:177} INFO - Done. Returned value was: None
[2024-09-09T01:39:39.440+0000] {taskinstance.py:1327} INFO - Marking task as SUCCESS. dag_id=ml_pipeline, task_id=upload_model_to_s3, execution_date=20240909T013923, start_date=20240909T013933, end_date=20240909T013939
[2024-09-09T01:39:39.480+0000] {local_task_job.py:159} INFO - Task exited with return code 0
[2024-09-09T01:39:39.491+0000] {taskinstance.py:2582} INFO - 0 downstream tasks scheduled from follow-on schedule check
[2024-09-09T02:18:37.312+0000] {taskinstance.py:1087} INFO - Dependencies all met for <TaskInstance: ml_pipeline.upload_model_to_s3 jenkins_trigger_$(date +%Y%m%d%H%M%S) [queued]>
[2024-09-09T02:18:37.328+0000] {taskinstance.py:1087} INFO - Dependencies all met for <TaskInstance: ml_pipeline.upload_model_to_s3 jenkins_trigger_$(date +%Y%m%d%H%M%S) [queued]>
[2024-09-09T02:18:37.328+0000] {taskinstance.py:1283} INFO - 
--------------------------------------------------------------------------------
[2024-09-09T02:18:37.328+0000] {taskinstance.py:1284} INFO - Starting attempt 1 of 2
[2024-09-09T02:18:37.329+0000] {taskinstance.py:1285} INFO - 
--------------------------------------------------------------------------------
[2024-09-09T02:18:37.352+0000] {taskinstance.py:1304} INFO - Executing <Task(PythonOperator): upload_model_to_s3> on 2024-09-09 01:41:47.753182+00:00
[2024-09-09T02:18:37.359+0000] {standard_task_runner.py:55} INFO - Started process 6048 to run task
[2024-09-09T02:18:37.365+0000] {standard_task_runner.py:82} INFO - Running: ['***', 'tasks', 'run', 'ml_pipeline', 'upload_model_to_s3', 'jenkins_trigger_$(date +%Y%m%d%H%M%S)', '--job-id', '165', '--raw', '--subdir', 'DAGS_FOLDER/ml_pipeline_dag.py', '--cfg-path', '/tmp/tmp0m_znwh7']
[2024-09-09T02:18:37.367+0000] {standard_task_runner.py:83} INFO - Job 165: Subtask upload_model_to_s3
[2024-09-09T02:18:37.728+0000] {task_command.py:389} INFO - Running <TaskInstance: ml_pipeline.upload_model_to_s3 jenkins_trigger_$(date +%Y%m%d%H%M%S) [running]> on host 65fe11240ea2
[2024-09-09T02:18:37.825+0000] {taskinstance.py:1513} INFO - Exporting the following env vars:
AIRFLOW_CTX_DAG_OWNER=***
AIRFLOW_CTX_DAG_ID=ml_pipeline
AIRFLOW_CTX_TASK_ID=upload_model_to_s3
AIRFLOW_CTX_EXECUTION_DATE=2024-09-09T01:41:47.753182+00:00
AIRFLOW_CTX_TRY_NUMBER=1
AIRFLOW_CTX_DAG_RUN_ID=jenkins_trigger_$(date +%Y%m%d%H%M%S)
[2024-09-09T02:18:37.839+0000] {credentials.py:1120} INFO - Found credentials in environment variables.
[2024-09-09T02:18:48.765+0000] {python.py:177} INFO - Done. Returned value was: None
[2024-09-09T02:18:48.776+0000] {taskinstance.py:1327} INFO - Marking task as SUCCESS. dag_id=ml_pipeline, task_id=upload_model_to_s3, execution_date=20240909T014147, start_date=20240909T021837, end_date=20240909T021848
[2024-09-09T02:18:48.830+0000] {local_task_job.py:159} INFO - Task exited with return code 0
[2024-09-09T02:18:49.010+0000] {taskinstance.py:2582} INFO - 0 downstream tasks scheduled from follow-on schedule check
