[2024-09-08T04:03:09.247+0000] {taskinstance.py:1087} INFO - Dependencies all met for <TaskInstance: ml_pipeline.train_model manual__2024-09-08T04:03:01.693006+00:00 [queued]>
[2024-09-08T04:03:09.257+0000] {taskinstance.py:1087} INFO - Dependencies all met for <TaskInstance: ml_pipeline.train_model manual__2024-09-08T04:03:01.693006+00:00 [queued]>
[2024-09-08T04:03:09.258+0000] {taskinstance.py:1283} INFO - 
--------------------------------------------------------------------------------
[2024-09-08T04:03:09.258+0000] {taskinstance.py:1284} INFO - Starting attempt 1 of 2
[2024-09-08T04:03:09.258+0000] {taskinstance.py:1285} INFO - 
--------------------------------------------------------------------------------
[2024-09-08T04:03:09.274+0000] {taskinstance.py:1304} INFO - Executing <Task(PythonOperator): train_model> on 2024-09-08 04:03:01.693006+00:00
[2024-09-08T04:03:09.279+0000] {standard_task_runner.py:55} INFO - Started process 253 to run task
[2024-09-08T04:03:09.283+0000] {standard_task_runner.py:82} INFO - Running: ['***', 'tasks', 'run', 'ml_pipeline', 'train_model', 'manual__2024-09-08T04:03:01.693006+00:00', '--job-id', '107', '--raw', '--subdir', 'DAGS_FOLDER/ml_pipeline_dag.py', '--cfg-path', '/tmp/tmp7wncvkhb']
[2024-09-08T04:03:09.284+0000] {standard_task_runner.py:83} INFO - Job 107: Subtask train_model
[2024-09-08T04:03:09.343+0000] {task_command.py:389} INFO - Running <TaskInstance: ml_pipeline.train_model manual__2024-09-08T04:03:01.693006+00:00 [running]> on host a8321f6c1588
[2024-09-08T04:03:09.542+0000] {taskinstance.py:1513} INFO - Exporting the following env vars:
AIRFLOW_CTX_DAG_OWNER=***
AIRFLOW_CTX_DAG_ID=ml_pipeline
AIRFLOW_CTX_TASK_ID=train_model
AIRFLOW_CTX_EXECUTION_DATE=2024-09-08T04:03:01.693006+00:00
AIRFLOW_CTX_TRY_NUMBER=1
AIRFLOW_CTX_DAG_RUN_ID=manual__2024-09-08T04:03:01.693006+00:00
[2024-09-08T04:03:10.930+0000] {python.py:177} INFO - Done. Returned value was: None
[2024-09-08T04:03:10.937+0000] {taskinstance.py:1327} INFO - Marking task as SUCCESS. dag_id=ml_pipeline, task_id=train_model, execution_date=20240908T040301, start_date=20240908T040309, end_date=20240908T040310
[2024-09-08T04:03:10.984+0000] {local_task_job.py:159} INFO - Task exited with return code 0
[2024-09-08T04:03:11.002+0000] {taskinstance.py:2582} INFO - 1 downstream tasks scheduled from follow-on schedule check
