[2024-09-09T02:39:46.482+0000] {taskinstance.py:1087} INFO - Dependencies all met for <TaskInstance: ml_pipeline.train_model manual__2024-09-09T02:39:39.565283+00:00 [queued]>
[2024-09-09T02:39:46.488+0000] {taskinstance.py:1087} INFO - Dependencies all met for <TaskInstance: ml_pipeline.train_model manual__2024-09-09T02:39:39.565283+00:00 [queued]>
[2024-09-09T02:39:46.488+0000] {taskinstance.py:1283} INFO - 
--------------------------------------------------------------------------------
[2024-09-09T02:39:46.488+0000] {taskinstance.py:1284} INFO - Starting attempt 1 of 2
[2024-09-09T02:39:46.488+0000] {taskinstance.py:1285} INFO - 
--------------------------------------------------------------------------------
[2024-09-09T02:39:46.500+0000] {taskinstance.py:1304} INFO - Executing <Task(PythonOperator): train_model> on 2024-09-09 02:39:39.565283+00:00
[2024-09-09T02:39:46.504+0000] {standard_task_runner.py:55} INFO - Started process 1635 to run task
[2024-09-09T02:39:46.507+0000] {standard_task_runner.py:82} INFO - Running: ['***', 'tasks', 'run', 'ml_pipeline', 'train_model', 'manual__2024-09-09T02:39:39.565283+00:00', '--job-id', '211', '--raw', '--subdir', 'DAGS_FOLDER/ml_pipeline_dag.py', '--cfg-path', '/tmp/tmpet0q3hx_']
[2024-09-09T02:39:46.509+0000] {standard_task_runner.py:83} INFO - Job 211: Subtask train_model
[2024-09-09T02:39:46.557+0000] {task_command.py:389} INFO - Running <TaskInstance: ml_pipeline.train_model manual__2024-09-09T02:39:39.565283+00:00 [running]> on host 719bbc6636cd
[2024-09-09T02:39:46.732+0000] {taskinstance.py:1513} INFO - Exporting the following env vars:
AIRFLOW_CTX_DAG_OWNER=***
AIRFLOW_CTX_DAG_ID=ml_pipeline
AIRFLOW_CTX_TASK_ID=train_model
AIRFLOW_CTX_EXECUTION_DATE=2024-09-09T02:39:39.565283+00:00
AIRFLOW_CTX_TRY_NUMBER=1
AIRFLOW_CTX_DAG_RUN_ID=manual__2024-09-09T02:39:39.565283+00:00
[2024-09-09T02:39:48.247+0000] {python.py:177} INFO - Done. Returned value was: None
[2024-09-09T02:39:48.256+0000] {taskinstance.py:1327} INFO - Marking task as SUCCESS. dag_id=ml_pipeline, task_id=train_model, execution_date=20240909T023939, start_date=20240909T023946, end_date=20240909T023948
[2024-09-09T02:39:48.285+0000] {local_task_job.py:159} INFO - Task exited with return code 0
[2024-09-09T02:39:48.335+0000] {taskinstance.py:2582} INFO - 1 downstream tasks scheduled from follow-on schedule check
