[2024-09-09T02:18:18.706+0000] {taskinstance.py:1087} INFO - Dependencies all met for <TaskInstance: ml_pipeline.download_data_from_s3 jenkins_trigger_${run_id} [queued]>
[2024-09-09T02:18:18.719+0000] {taskinstance.py:1087} INFO - Dependencies all met for <TaskInstance: ml_pipeline.download_data_from_s3 jenkins_trigger_${run_id} [queued]>
[2024-09-09T02:18:18.719+0000] {taskinstance.py:1283} INFO - 
--------------------------------------------------------------------------------
[2024-09-09T02:18:18.719+0000] {taskinstance.py:1284} INFO - Starting attempt 1 of 2
[2024-09-09T02:18:18.719+0000] {taskinstance.py:1285} INFO - 
--------------------------------------------------------------------------------
[2024-09-09T02:18:18.749+0000] {taskinstance.py:1304} INFO - Executing <Task(PythonOperator): download_data_from_s3> on 2024-09-09 01:56:52.891630+00:00
[2024-09-09T02:18:18.760+0000] {standard_task_runner.py:55} INFO - Started process 5886 to run task
[2024-09-09T02:18:18.779+0000] {standard_task_runner.py:82} INFO - Running: ['***', 'tasks', 'run', 'ml_pipeline', 'download_data_from_s3', 'jenkins_trigger_${run_id}', '--job-id', '137', '--raw', '--subdir', 'DAGS_FOLDER/ml_pipeline_dag.py', '--cfg-path', '/tmp/tmp91hrmkx0']
[2024-09-09T02:18:18.797+0000] {standard_task_runner.py:83} INFO - Job 137: Subtask download_data_from_s3
[2024-09-09T02:18:19.014+0000] {task_command.py:389} INFO - Running <TaskInstance: ml_pipeline.download_data_from_s3 jenkins_trigger_${run_id} [running]> on host 65fe11240ea2
[2024-09-09T02:18:20.846+0000] {taskinstance.py:1513} INFO - Exporting the following env vars:
AIRFLOW_CTX_DAG_OWNER=***
AIRFLOW_CTX_DAG_ID=ml_pipeline
AIRFLOW_CTX_TASK_ID=download_data_from_s3
AIRFLOW_CTX_EXECUTION_DATE=2024-09-09T01:56:52.891630+00:00
AIRFLOW_CTX_TRY_NUMBER=1
AIRFLOW_CTX_DAG_RUN_ID=jenkins_trigger_${run_id}
[2024-09-09T02:18:20.875+0000] {credentials.py:1120} INFO - Found credentials in environment variables.
[2024-09-09T02:18:23.154+0000] {python.py:177} INFO - Done. Returned value was: None
[2024-09-09T02:18:23.178+0000] {taskinstance.py:1327} INFO - Marking task as SUCCESS. dag_id=ml_pipeline, task_id=download_data_from_s3, execution_date=20240909T015652, start_date=20240909T021818, end_date=20240909T021823
[2024-09-09T02:18:23.243+0000] {local_task_job.py:159} INFO - Task exited with return code 0
[2024-09-09T02:18:23.300+0000] {taskinstance.py:2582} INFO - 1 downstream tasks scheduled from follow-on schedule check
