[2024-09-09T01:39:24.686+0000] {taskinstance.py:1087} INFO - Dependencies all met for <TaskInstance: ml_pipeline.download_data_from_s3 jenkins_trigger_$(date +%Y%m%d%H%M%S) [queued]>
[2024-09-09T01:39:24.696+0000] {taskinstance.py:1087} INFO - Dependencies all met for <TaskInstance: ml_pipeline.download_data_from_s3 jenkins_trigger_$(date +%Y%m%d%H%M%S) [queued]>
[2024-09-09T01:39:24.696+0000] {taskinstance.py:1283} INFO - 
--------------------------------------------------------------------------------
[2024-09-09T01:39:24.696+0000] {taskinstance.py:1284} INFO - Starting attempt 1 of 2
[2024-09-09T01:39:24.696+0000] {taskinstance.py:1285} INFO - 
--------------------------------------------------------------------------------
[2024-09-09T01:39:24.710+0000] {taskinstance.py:1304} INFO - Executing <Task(PythonOperator): download_data_from_s3> on 2024-09-09 01:39:23.164558+00:00
[2024-09-09T01:39:24.717+0000] {standard_task_runner.py:55} INFO - Started process 186 to run task
[2024-09-09T01:39:24.720+0000] {standard_task_runner.py:82} INFO - Running: ['***', 'tasks', 'run', 'ml_pipeline', 'download_data_from_s3', 'jenkins_trigger_$(date +%Y%m%d%H%M%S)', '--job-id', '131', '--raw', '--subdir', 'DAGS_FOLDER/ml_pipeline_dag.py', '--cfg-path', '/tmp/tmpwuvowjlo']
[2024-09-09T01:39:24.722+0000] {standard_task_runner.py:83} INFO - Job 131: Subtask download_data_from_s3
[2024-09-09T01:39:24.791+0000] {task_command.py:389} INFO - Running <TaskInstance: ml_pipeline.download_data_from_s3 jenkins_trigger_$(date +%Y%m%d%H%M%S) [running]> on host 65fe11240ea2
[2024-09-09T01:39:25.009+0000] {taskinstance.py:1513} INFO - Exporting the following env vars:
AIRFLOW_CTX_DAG_OWNER=***
AIRFLOW_CTX_DAG_ID=ml_pipeline
AIRFLOW_CTX_TASK_ID=download_data_from_s3
AIRFLOW_CTX_EXECUTION_DATE=2024-09-09T01:39:23.164558+00:00
AIRFLOW_CTX_TRY_NUMBER=1
AIRFLOW_CTX_DAG_RUN_ID=jenkins_trigger_$(date +%Y%m%d%H%M%S)
[2024-09-09T01:39:25.020+0000] {credentials.py:1120} INFO - Found credentials in environment variables.
[2024-09-09T01:39:25.411+0000] {python.py:177} INFO - Done. Returned value was: None
[2024-09-09T01:39:25.424+0000] {taskinstance.py:1327} INFO - Marking task as SUCCESS. dag_id=ml_pipeline, task_id=download_data_from_s3, execution_date=20240909T013923, start_date=20240909T013924, end_date=20240909T013925
[2024-09-09T01:39:25.496+0000] {local_task_job.py:159} INFO - Task exited with return code 0
[2024-09-09T01:39:25.540+0000] {taskinstance.py:2582} INFO - 1 downstream tasks scheduled from follow-on schedule check
