[2024-09-09T03:09:49.935+0000] {taskinstance.py:1087} INFO - Dependencies all met for <TaskInstance: ml_pipeline.download_data_from_s3 manual__2024-09-09T03:09:48.594129+00:00 [queued]>
[2024-09-09T03:09:49.943+0000] {taskinstance.py:1087} INFO - Dependencies all met for <TaskInstance: ml_pipeline.download_data_from_s3 manual__2024-09-09T03:09:48.594129+00:00 [queued]>
[2024-09-09T03:09:49.944+0000] {taskinstance.py:1283} INFO - 
--------------------------------------------------------------------------------
[2024-09-09T03:09:49.944+0000] {taskinstance.py:1284} INFO - Starting attempt 1 of 2
[2024-09-09T03:09:49.944+0000] {taskinstance.py:1285} INFO - 
--------------------------------------------------------------------------------
[2024-09-09T03:09:49.957+0000] {taskinstance.py:1304} INFO - Executing <Task(PythonOperator): download_data_from_s3> on 2024-09-09 03:09:48.594129+00:00
[2024-09-09T03:09:49.963+0000] {standard_task_runner.py:55} INFO - Started process 6073 to run task
[2024-09-09T03:09:49.967+0000] {standard_task_runner.py:82} INFO - Running: ['***', 'tasks', 'run', 'ml_pipeline', 'download_data_from_s3', 'manual__2024-09-09T03:09:48.594129+00:00', '--job-id', '213', '--raw', '--subdir', 'DAGS_FOLDER/ml_pipeline_dag.py', '--cfg-path', '/tmp/tmp4_o7vc9v']
[2024-09-09T03:09:49.969+0000] {standard_task_runner.py:83} INFO - Job 213: Subtask download_data_from_s3
[2024-09-09T03:09:50.033+0000] {task_command.py:389} INFO - Running <TaskInstance: ml_pipeline.download_data_from_s3 manual__2024-09-09T03:09:48.594129+00:00 [running]> on host 719bbc6636cd
[2024-09-09T03:09:50.346+0000] {taskinstance.py:1513} INFO - Exporting the following env vars:
AIRFLOW_CTX_DAG_OWNER=***
AIRFLOW_CTX_DAG_ID=ml_pipeline
AIRFLOW_CTX_TASK_ID=download_data_from_s3
AIRFLOW_CTX_EXECUTION_DATE=2024-09-09T03:09:48.594129+00:00
AIRFLOW_CTX_TRY_NUMBER=1
AIRFLOW_CTX_DAG_RUN_ID=manual__2024-09-09T03:09:48.594129+00:00
[2024-09-09T03:09:50.357+0000] {credentials.py:1120} INFO - Found credentials in environment variables.
[2024-09-09T03:09:50.911+0000] {python.py:177} INFO - Done. Returned value was: None
[2024-09-09T03:09:50.939+0000] {taskinstance.py:1327} INFO - Marking task as SUCCESS. dag_id=ml_pipeline, task_id=download_data_from_s3, execution_date=20240909T030948, start_date=20240909T030949, end_date=20240909T030950
[2024-09-09T03:09:50.984+0000] {local_task_job.py:159} INFO - Task exited with return code 0
[2024-09-09T03:09:51.021+0000] {taskinstance.py:2582} INFO - 1 downstream tasks scheduled from follow-on schedule check
