[2024-09-09T01:38:55.575+0000] {processor.py:153} INFO - Started process (PID=70) to work on /home/airflow/.local/lib/python3.7/site-packages/airflow/example_dags/example_time_delta_sensor_async.py
[2024-09-09T01:38:55.576+0000] {processor.py:743} INFO - Processing file /home/airflow/.local/lib/python3.7/site-packages/airflow/example_dags/example_time_delta_sensor_async.py for tasks to queue
[2024-09-09T01:38:55.582+0000] {logging_mixin.py:137} INFO - [2024-09-09T01:38:55.581+0000] {dagbag.py:538} INFO - Filling up the DagBag from /home/airflow/.local/lib/python3.7/site-packages/airflow/example_dags/example_time_delta_sensor_async.py
[2024-09-09T01:38:55.699+0000] {processor.py:753} INFO - DAG(s) dict_keys(['example_time_delta_sensor_async']) retrieved from /home/airflow/.local/lib/python3.7/site-packages/airflow/example_dags/example_time_delta_sensor_async.py
[2024-09-09T01:38:55.869+0000] {logging_mixin.py:137} INFO - [2024-09-09T01:38:55.869+0000] {dag.py:2676} INFO - Sync 1 DAGs
[2024-09-09T01:38:56.035+0000] {logging_mixin.py:137} INFO - [2024-09-09T01:38:56.035+0000] {dag.py:3427} INFO - Setting next_dagrun for example_time_delta_sensor_async to None, run_after=None
[2024-09-09T01:38:56.087+0000] {processor.py:175} INFO - Processing /home/airflow/.local/lib/python3.7/site-packages/airflow/example_dags/example_time_delta_sensor_async.py took 0.515 seconds
[2024-09-09T01:39:26.336+0000] {processor.py:153} INFO - Started process (PID=185) to work on /home/airflow/.local/lib/python3.7/site-packages/airflow/example_dags/example_time_delta_sensor_async.py
[2024-09-09T01:39:26.337+0000] {processor.py:743} INFO - Processing file /home/airflow/.local/lib/python3.7/site-packages/airflow/example_dags/example_time_delta_sensor_async.py for tasks to queue
[2024-09-09T01:39:26.338+0000] {logging_mixin.py:137} INFO - [2024-09-09T01:39:26.338+0000] {dagbag.py:538} INFO - Filling up the DagBag from /home/airflow/.local/lib/python3.7/site-packages/airflow/example_dags/example_time_delta_sensor_async.py
[2024-09-09T01:39:26.353+0000] {processor.py:753} INFO - DAG(s) dict_keys(['example_time_delta_sensor_async']) retrieved from /home/airflow/.local/lib/python3.7/site-packages/airflow/example_dags/example_time_delta_sensor_async.py
[2024-09-09T01:39:26.390+0000] {logging_mixin.py:137} INFO - [2024-09-09T01:39:26.390+0000] {dag.py:2676} INFO - Sync 1 DAGs
[2024-09-09T01:39:26.415+0000] {logging_mixin.py:137} INFO - [2024-09-09T01:39:26.415+0000] {dag.py:3427} INFO - Setting next_dagrun for example_time_delta_sensor_async to None, run_after=None
[2024-09-09T01:39:26.439+0000] {processor.py:175} INFO - Processing /home/airflow/.local/lib/python3.7/site-packages/airflow/example_dags/example_time_delta_sensor_async.py took 0.106 seconds
[2024-09-09T01:39:56.964+0000] {processor.py:153} INFO - Started process (PID=281) to work on /home/airflow/.local/lib/python3.7/site-packages/airflow/example_dags/example_time_delta_sensor_async.py
[2024-09-09T01:39:56.965+0000] {processor.py:743} INFO - Processing file /home/airflow/.local/lib/python3.7/site-packages/airflow/example_dags/example_time_delta_sensor_async.py for tasks to queue
[2024-09-09T01:39:56.965+0000] {logging_mixin.py:137} INFO - [2024-09-09T01:39:56.965+0000] {dagbag.py:538} INFO - Filling up the DagBag from /home/airflow/.local/lib/python3.7/site-packages/airflow/example_dags/example_time_delta_sensor_async.py
[2024-09-09T01:39:56.975+0000] {processor.py:753} INFO - DAG(s) dict_keys(['example_time_delta_sensor_async']) retrieved from /home/airflow/.local/lib/python3.7/site-packages/airflow/example_dags/example_time_delta_sensor_async.py
[2024-09-09T01:39:57.002+0000] {logging_mixin.py:137} INFO - [2024-09-09T01:39:57.002+0000] {dag.py:2676} INFO - Sync 1 DAGs
[2024-09-09T01:39:57.029+0000] {logging_mixin.py:137} INFO - [2024-09-09T01:39:57.029+0000] {dag.py:3427} INFO - Setting next_dagrun for example_time_delta_sensor_async to None, run_after=None
[2024-09-09T01:39:57.047+0000] {processor.py:175} INFO - Processing /home/airflow/.local/lib/python3.7/site-packages/airflow/example_dags/example_time_delta_sensor_async.py took 0.086 seconds
[2024-09-09T01:40:27.511+0000] {processor.py:153} INFO - Started process (PID=405) to work on /home/airflow/.local/lib/python3.7/site-packages/airflow/example_dags/example_time_delta_sensor_async.py
[2024-09-09T01:40:27.513+0000] {processor.py:743} INFO - Processing file /home/airflow/.local/lib/python3.7/site-packages/airflow/example_dags/example_time_delta_sensor_async.py for tasks to queue
[2024-09-09T01:40:27.513+0000] {logging_mixin.py:137} INFO - [2024-09-09T01:40:27.513+0000] {dagbag.py:538} INFO - Filling up the DagBag from /home/airflow/.local/lib/python3.7/site-packages/airflow/example_dags/example_time_delta_sensor_async.py
[2024-09-09T01:40:27.523+0000] {processor.py:753} INFO - DAG(s) dict_keys(['example_time_delta_sensor_async']) retrieved from /home/airflow/.local/lib/python3.7/site-packages/airflow/example_dags/example_time_delta_sensor_async.py
[2024-09-09T01:40:27.548+0000] {logging_mixin.py:137} INFO - [2024-09-09T01:40:27.548+0000] {dag.py:2676} INFO - Sync 1 DAGs
[2024-09-09T01:40:27.564+0000] {logging_mixin.py:137} INFO - [2024-09-09T01:40:27.564+0000] {dag.py:3427} INFO - Setting next_dagrun for example_time_delta_sensor_async to None, run_after=None
[2024-09-09T01:40:27.577+0000] {processor.py:175} INFO - Processing /home/airflow/.local/lib/python3.7/site-packages/airflow/example_dags/example_time_delta_sensor_async.py took 0.069 seconds
[2024-09-09T01:40:57.636+0000] {processor.py:153} INFO - Started process (PID=501) to work on /home/airflow/.local/lib/python3.7/site-packages/airflow/example_dags/example_time_delta_sensor_async.py
[2024-09-09T01:40:57.637+0000] {processor.py:743} INFO - Processing file /home/airflow/.local/lib/python3.7/site-packages/airflow/example_dags/example_time_delta_sensor_async.py for tasks to queue
[2024-09-09T01:40:57.637+0000] {logging_mixin.py:137} INFO - [2024-09-09T01:40:57.637+0000] {dagbag.py:538} INFO - Filling up the DagBag from /home/airflow/.local/lib/python3.7/site-packages/airflow/example_dags/example_time_delta_sensor_async.py
[2024-09-09T01:40:57.646+0000] {processor.py:753} INFO - DAG(s) dict_keys(['example_time_delta_sensor_async']) retrieved from /home/airflow/.local/lib/python3.7/site-packages/airflow/example_dags/example_time_delta_sensor_async.py
[2024-09-09T01:40:57.673+0000] {logging_mixin.py:137} INFO - [2024-09-09T01:40:57.673+0000] {dag.py:2676} INFO - Sync 1 DAGs
[2024-09-09T01:40:57.692+0000] {logging_mixin.py:137} INFO - [2024-09-09T01:40:57.692+0000] {dag.py:3427} INFO - Setting next_dagrun for example_time_delta_sensor_async to None, run_after=None
[2024-09-09T01:40:57.710+0000] {processor.py:175} INFO - Processing /home/airflow/.local/lib/python3.7/site-packages/airflow/example_dags/example_time_delta_sensor_async.py took 0.077 seconds
[2024-09-09T01:41:27.783+0000] {processor.py:153} INFO - Started process (PID=623) to work on /home/airflow/.local/lib/python3.7/site-packages/airflow/example_dags/example_time_delta_sensor_async.py
[2024-09-09T01:41:27.785+0000] {processor.py:743} INFO - Processing file /home/airflow/.local/lib/python3.7/site-packages/airflow/example_dags/example_time_delta_sensor_async.py for tasks to queue
[2024-09-09T01:41:27.785+0000] {logging_mixin.py:137} INFO - [2024-09-09T01:41:27.785+0000] {dagbag.py:538} INFO - Filling up the DagBag from /home/airflow/.local/lib/python3.7/site-packages/airflow/example_dags/example_time_delta_sensor_async.py
[2024-09-09T01:41:27.796+0000] {processor.py:753} INFO - DAG(s) dict_keys(['example_time_delta_sensor_async']) retrieved from /home/airflow/.local/lib/python3.7/site-packages/airflow/example_dags/example_time_delta_sensor_async.py
[2024-09-09T01:41:27.828+0000] {logging_mixin.py:137} INFO - [2024-09-09T01:41:27.828+0000] {dag.py:2676} INFO - Sync 1 DAGs
[2024-09-09T01:41:27.853+0000] {logging_mixin.py:137} INFO - [2024-09-09T01:41:27.853+0000] {dag.py:3427} INFO - Setting next_dagrun for example_time_delta_sensor_async to None, run_after=None
[2024-09-09T01:41:27.886+0000] {processor.py:175} INFO - Processing /home/airflow/.local/lib/python3.7/site-packages/airflow/example_dags/example_time_delta_sensor_async.py took 0.106 seconds
[2024-09-09T01:41:58.414+0000] {processor.py:153} INFO - Started process (PID=728) to work on /home/airflow/.local/lib/python3.7/site-packages/airflow/example_dags/example_time_delta_sensor_async.py
[2024-09-09T01:41:58.415+0000] {processor.py:743} INFO - Processing file /home/airflow/.local/lib/python3.7/site-packages/airflow/example_dags/example_time_delta_sensor_async.py for tasks to queue
[2024-09-09T01:41:58.416+0000] {logging_mixin.py:137} INFO - [2024-09-09T01:41:58.415+0000] {dagbag.py:538} INFO - Filling up the DagBag from /home/airflow/.local/lib/python3.7/site-packages/airflow/example_dags/example_time_delta_sensor_async.py
[2024-09-09T01:41:58.426+0000] {processor.py:753} INFO - DAG(s) dict_keys(['example_time_delta_sensor_async']) retrieved from /home/airflow/.local/lib/python3.7/site-packages/airflow/example_dags/example_time_delta_sensor_async.py
[2024-09-09T01:41:58.457+0000] {logging_mixin.py:137} INFO - [2024-09-09T01:41:58.457+0000] {dag.py:2676} INFO - Sync 1 DAGs
[2024-09-09T01:41:58.478+0000] {logging_mixin.py:137} INFO - [2024-09-09T01:41:58.478+0000] {dag.py:3427} INFO - Setting next_dagrun for example_time_delta_sensor_async to None, run_after=None
[2024-09-09T01:41:58.508+0000] {processor.py:175} INFO - Processing /home/airflow/.local/lib/python3.7/site-packages/airflow/example_dags/example_time_delta_sensor_async.py took 0.097 seconds
[2024-09-09T01:42:28.892+0000] {processor.py:153} INFO - Started process (PID=843) to work on /home/airflow/.local/lib/python3.7/site-packages/airflow/example_dags/example_time_delta_sensor_async.py
[2024-09-09T01:42:28.893+0000] {processor.py:743} INFO - Processing file /home/airflow/.local/lib/python3.7/site-packages/airflow/example_dags/example_time_delta_sensor_async.py for tasks to queue
[2024-09-09T01:42:28.894+0000] {logging_mixin.py:137} INFO - [2024-09-09T01:42:28.894+0000] {dagbag.py:538} INFO - Filling up the DagBag from /home/airflow/.local/lib/python3.7/site-packages/airflow/example_dags/example_time_delta_sensor_async.py
[2024-09-09T01:42:28.904+0000] {processor.py:753} INFO - DAG(s) dict_keys(['example_time_delta_sensor_async']) retrieved from /home/airflow/.local/lib/python3.7/site-packages/airflow/example_dags/example_time_delta_sensor_async.py
[2024-09-09T01:42:28.937+0000] {logging_mixin.py:137} INFO - [2024-09-09T01:42:28.936+0000] {dag.py:2676} INFO - Sync 1 DAGs
[2024-09-09T01:42:28.957+0000] {logging_mixin.py:137} INFO - [2024-09-09T01:42:28.957+0000] {dag.py:3427} INFO - Setting next_dagrun for example_time_delta_sensor_async to None, run_after=None
[2024-09-09T01:42:28.976+0000] {processor.py:175} INFO - Processing /home/airflow/.local/lib/python3.7/site-packages/airflow/example_dags/example_time_delta_sensor_async.py took 0.086 seconds
[2024-09-09T01:42:59.229+0000] {processor.py:153} INFO - Started process (PID=967) to work on /home/airflow/.local/lib/python3.7/site-packages/airflow/example_dags/example_time_delta_sensor_async.py
[2024-09-09T01:42:59.230+0000] {processor.py:743} INFO - Processing file /home/airflow/.local/lib/python3.7/site-packages/airflow/example_dags/example_time_delta_sensor_async.py for tasks to queue
[2024-09-09T01:42:59.230+0000] {logging_mixin.py:137} INFO - [2024-09-09T01:42:59.230+0000] {dagbag.py:538} INFO - Filling up the DagBag from /home/airflow/.local/lib/python3.7/site-packages/airflow/example_dags/example_time_delta_sensor_async.py
[2024-09-09T01:42:59.242+0000] {processor.py:753} INFO - DAG(s) dict_keys(['example_time_delta_sensor_async']) retrieved from /home/airflow/.local/lib/python3.7/site-packages/airflow/example_dags/example_time_delta_sensor_async.py
[2024-09-09T01:42:59.281+0000] {logging_mixin.py:137} INFO - [2024-09-09T01:42:59.280+0000] {dag.py:2676} INFO - Sync 1 DAGs
[2024-09-09T01:42:59.305+0000] {logging_mixin.py:137} INFO - [2024-09-09T01:42:59.305+0000] {dag.py:3427} INFO - Setting next_dagrun for example_time_delta_sensor_async to None, run_after=None
[2024-09-09T01:42:59.328+0000] {processor.py:175} INFO - Processing /home/airflow/.local/lib/python3.7/site-packages/airflow/example_dags/example_time_delta_sensor_async.py took 0.103 seconds
[2024-09-09T01:43:29.840+0000] {processor.py:153} INFO - Started process (PID=1063) to work on /home/airflow/.local/lib/python3.7/site-packages/airflow/example_dags/example_time_delta_sensor_async.py
[2024-09-09T01:43:29.840+0000] {processor.py:743} INFO - Processing file /home/airflow/.local/lib/python3.7/site-packages/airflow/example_dags/example_time_delta_sensor_async.py for tasks to queue
[2024-09-09T01:43:29.841+0000] {logging_mixin.py:137} INFO - [2024-09-09T01:43:29.841+0000] {dagbag.py:538} INFO - Filling up the DagBag from /home/airflow/.local/lib/python3.7/site-packages/airflow/example_dags/example_time_delta_sensor_async.py
[2024-09-09T01:43:29.849+0000] {processor.py:753} INFO - DAG(s) dict_keys(['example_time_delta_sensor_async']) retrieved from /home/airflow/.local/lib/python3.7/site-packages/airflow/example_dags/example_time_delta_sensor_async.py
[2024-09-09T01:43:29.875+0000] {logging_mixin.py:137} INFO - [2024-09-09T01:43:29.875+0000] {dag.py:2676} INFO - Sync 1 DAGs
[2024-09-09T01:43:29.894+0000] {logging_mixin.py:137} INFO - [2024-09-09T01:43:29.893+0000] {dag.py:3427} INFO - Setting next_dagrun for example_time_delta_sensor_async to None, run_after=None
[2024-09-09T01:43:29.908+0000] {processor.py:175} INFO - Processing /home/airflow/.local/lib/python3.7/site-packages/airflow/example_dags/example_time_delta_sensor_async.py took 0.071 seconds
