[2024-09-09T01:38:54.851+0000] {processor.py:153} INFO - Started process (PID=66) to work on /home/airflow/.local/lib/python3.7/site-packages/airflow/example_dags/example_branch_python_dop_operator_3.py
[2024-09-09T01:38:54.859+0000] {processor.py:743} INFO - Processing file /home/airflow/.local/lib/python3.7/site-packages/airflow/example_dags/example_branch_python_dop_operator_3.py for tasks to queue
[2024-09-09T01:38:54.863+0000] {logging_mixin.py:137} INFO - [2024-09-09T01:38:54.863+0000] {dagbag.py:538} INFO - Filling up the DagBag from /home/airflow/.local/lib/python3.7/site-packages/airflow/example_dags/example_branch_python_dop_operator_3.py
[2024-09-09T01:38:54.983+0000] {processor.py:753} INFO - DAG(s) dict_keys(['example_branch_dop_operator_v3']) retrieved from /home/airflow/.local/lib/python3.7/site-packages/airflow/example_dags/example_branch_python_dop_operator_3.py
[2024-09-09T01:38:55.057+0000] {logging_mixin.py:137} INFO - [2024-09-09T01:38:55.056+0000] {dag.py:2676} INFO - Sync 1 DAGs
[2024-09-09T01:38:55.128+0000] {logging_mixin.py:137} INFO - [2024-09-09T01:38:55.128+0000] {dag.py:3427} INFO - Setting next_dagrun for example_branch_dop_operator_v3 to 2024-09-09T01:37:00+00:00, run_after=2024-09-09T01:38:00+00:00
[2024-09-09T01:38:55.161+0000] {processor.py:175} INFO - Processing /home/airflow/.local/lib/python3.7/site-packages/airflow/example_dags/example_branch_python_dop_operator_3.py took 0.323 seconds
[2024-09-09T01:39:25.883+0000] {processor.py:153} INFO - Started process (PID=180) to work on /home/airflow/.local/lib/python3.7/site-packages/airflow/example_dags/example_branch_python_dop_operator_3.py
[2024-09-09T01:39:25.884+0000] {processor.py:743} INFO - Processing file /home/airflow/.local/lib/python3.7/site-packages/airflow/example_dags/example_branch_python_dop_operator_3.py for tasks to queue
[2024-09-09T01:39:25.885+0000] {logging_mixin.py:137} INFO - [2024-09-09T01:39:25.885+0000] {dagbag.py:538} INFO - Filling up the DagBag from /home/airflow/.local/lib/python3.7/site-packages/airflow/example_dags/example_branch_python_dop_operator_3.py
[2024-09-09T01:39:25.907+0000] {processor.py:753} INFO - DAG(s) dict_keys(['example_branch_dop_operator_v3']) retrieved from /home/airflow/.local/lib/python3.7/site-packages/airflow/example_dags/example_branch_python_dop_operator_3.py
[2024-09-09T01:39:25.939+0000] {logging_mixin.py:137} INFO - [2024-09-09T01:39:25.939+0000] {dag.py:2676} INFO - Sync 1 DAGs
[2024-09-09T01:39:25.965+0000] {logging_mixin.py:137} INFO - [2024-09-09T01:39:25.965+0000] {dag.py:3427} INFO - Setting next_dagrun for example_branch_dop_operator_v3 to 2024-09-09T01:38:00+00:00, run_after=2024-09-09T01:39:00+00:00
[2024-09-09T01:39:25.987+0000] {processor.py:175} INFO - Processing /home/airflow/.local/lib/python3.7/site-packages/airflow/example_dags/example_branch_python_dop_operator_3.py took 0.106 seconds
[2024-09-09T01:39:56.342+0000] {processor.py:153} INFO - Started process (PID=275) to work on /home/airflow/.local/lib/python3.7/site-packages/airflow/example_dags/example_branch_python_dop_operator_3.py
[2024-09-09T01:39:56.343+0000] {processor.py:743} INFO - Processing file /home/airflow/.local/lib/python3.7/site-packages/airflow/example_dags/example_branch_python_dop_operator_3.py for tasks to queue
[2024-09-09T01:39:56.343+0000] {logging_mixin.py:137} INFO - [2024-09-09T01:39:56.343+0000] {dagbag.py:538} INFO - Filling up the DagBag from /home/airflow/.local/lib/python3.7/site-packages/airflow/example_dags/example_branch_python_dop_operator_3.py
[2024-09-09T01:39:56.359+0000] {processor.py:753} INFO - DAG(s) dict_keys(['example_branch_dop_operator_v3']) retrieved from /home/airflow/.local/lib/python3.7/site-packages/airflow/example_dags/example_branch_python_dop_operator_3.py
[2024-09-09T01:39:56.386+0000] {logging_mixin.py:137} INFO - [2024-09-09T01:39:56.386+0000] {dag.py:2676} INFO - Sync 1 DAGs
[2024-09-09T01:39:56.407+0000] {logging_mixin.py:137} INFO - [2024-09-09T01:39:56.407+0000] {dag.py:3427} INFO - Setting next_dagrun for example_branch_dop_operator_v3 to 2024-09-09T01:38:00+00:00, run_after=2024-09-09T01:39:00+00:00
[2024-09-09T01:39:56.424+0000] {processor.py:175} INFO - Processing /home/airflow/.local/lib/python3.7/site-packages/airflow/example_dags/example_branch_python_dop_operator_3.py took 0.085 seconds
[2024-09-09T01:40:27.127+0000] {processor.py:153} INFO - Started process (PID=400) to work on /home/airflow/.local/lib/python3.7/site-packages/airflow/example_dags/example_branch_python_dop_operator_3.py
[2024-09-09T01:40:27.135+0000] {processor.py:743} INFO - Processing file /home/airflow/.local/lib/python3.7/site-packages/airflow/example_dags/example_branch_python_dop_operator_3.py for tasks to queue
[2024-09-09T01:40:27.135+0000] {logging_mixin.py:137} INFO - [2024-09-09T01:40:27.135+0000] {dagbag.py:538} INFO - Filling up the DagBag from /home/airflow/.local/lib/python3.7/site-packages/airflow/example_dags/example_branch_python_dop_operator_3.py
[2024-09-09T01:40:27.157+0000] {processor.py:753} INFO - DAG(s) dict_keys(['example_branch_dop_operator_v3']) retrieved from /home/airflow/.local/lib/python3.7/site-packages/airflow/example_dags/example_branch_python_dop_operator_3.py
[2024-09-09T01:40:27.187+0000] {logging_mixin.py:137} INFO - [2024-09-09T01:40:27.187+0000] {dag.py:2676} INFO - Sync 1 DAGs
[2024-09-09T01:40:27.208+0000] {logging_mixin.py:137} INFO - [2024-09-09T01:40:27.208+0000] {dag.py:3427} INFO - Setting next_dagrun for example_branch_dop_operator_v3 to 2024-09-09T01:39:00+00:00, run_after=2024-09-09T01:40:00+00:00
[2024-09-09T01:40:27.226+0000] {processor.py:175} INFO - Processing /home/airflow/.local/lib/python3.7/site-packages/airflow/example_dags/example_branch_python_dop_operator_3.py took 0.101 seconds
[2024-09-09T01:40:57.361+0000] {processor.py:153} INFO - Started process (PID=495) to work on /home/airflow/.local/lib/python3.7/site-packages/airflow/example_dags/example_branch_python_dop_operator_3.py
[2024-09-09T01:40:57.362+0000] {processor.py:743} INFO - Processing file /home/airflow/.local/lib/python3.7/site-packages/airflow/example_dags/example_branch_python_dop_operator_3.py for tasks to queue
[2024-09-09T01:40:57.362+0000] {logging_mixin.py:137} INFO - [2024-09-09T01:40:57.362+0000] {dagbag.py:538} INFO - Filling up the DagBag from /home/airflow/.local/lib/python3.7/site-packages/airflow/example_dags/example_branch_python_dop_operator_3.py
[2024-09-09T01:40:57.379+0000] {processor.py:753} INFO - DAG(s) dict_keys(['example_branch_dop_operator_v3']) retrieved from /home/airflow/.local/lib/python3.7/site-packages/airflow/example_dags/example_branch_python_dop_operator_3.py
[2024-09-09T01:40:57.405+0000] {logging_mixin.py:137} INFO - [2024-09-09T01:40:57.405+0000] {dag.py:2676} INFO - Sync 1 DAGs
[2024-09-09T01:40:57.425+0000] {logging_mixin.py:137} INFO - [2024-09-09T01:40:57.425+0000] {dag.py:3427} INFO - Setting next_dagrun for example_branch_dop_operator_v3 to 2024-09-09T01:39:00+00:00, run_after=2024-09-09T01:40:00+00:00
[2024-09-09T01:40:57.441+0000] {processor.py:175} INFO - Processing /home/airflow/.local/lib/python3.7/site-packages/airflow/example_dags/example_branch_python_dop_operator_3.py took 0.083 seconds
[2024-09-09T01:41:27.546+0000] {processor.py:153} INFO - Started process (PID=619) to work on /home/airflow/.local/lib/python3.7/site-packages/airflow/example_dags/example_branch_python_dop_operator_3.py
[2024-09-09T01:41:27.549+0000] {processor.py:743} INFO - Processing file /home/airflow/.local/lib/python3.7/site-packages/airflow/example_dags/example_branch_python_dop_operator_3.py for tasks to queue
[2024-09-09T01:41:27.549+0000] {logging_mixin.py:137} INFO - [2024-09-09T01:41:27.549+0000] {dagbag.py:538} INFO - Filling up the DagBag from /home/airflow/.local/lib/python3.7/site-packages/airflow/example_dags/example_branch_python_dop_operator_3.py
[2024-09-09T01:41:27.572+0000] {processor.py:753} INFO - DAG(s) dict_keys(['example_branch_dop_operator_v3']) retrieved from /home/airflow/.local/lib/python3.7/site-packages/airflow/example_dags/example_branch_python_dop_operator_3.py
[2024-09-09T01:41:27.605+0000] {logging_mixin.py:137} INFO - [2024-09-09T01:41:27.605+0000] {dag.py:2676} INFO - Sync 1 DAGs
[2024-09-09T01:41:27.632+0000] {logging_mixin.py:137} INFO - [2024-09-09T01:41:27.632+0000] {dag.py:3427} INFO - Setting next_dagrun for example_branch_dop_operator_v3 to 2024-09-09T01:40:00+00:00, run_after=2024-09-09T01:41:00+00:00
[2024-09-09T01:41:27.651+0000] {processor.py:175} INFO - Processing /home/airflow/.local/lib/python3.7/site-packages/airflow/example_dags/example_branch_python_dop_operator_3.py took 0.107 seconds
[2024-09-09T01:41:58.204+0000] {processor.py:153} INFO - Started process (PID=722) to work on /home/airflow/.local/lib/python3.7/site-packages/airflow/example_dags/example_branch_python_dop_operator_3.py
[2024-09-09T01:41:58.205+0000] {processor.py:743} INFO - Processing file /home/airflow/.local/lib/python3.7/site-packages/airflow/example_dags/example_branch_python_dop_operator_3.py for tasks to queue
[2024-09-09T01:41:58.205+0000] {logging_mixin.py:137} INFO - [2024-09-09T01:41:58.205+0000] {dagbag.py:538} INFO - Filling up the DagBag from /home/airflow/.local/lib/python3.7/site-packages/airflow/example_dags/example_branch_python_dop_operator_3.py
[2024-09-09T01:41:58.230+0000] {processor.py:753} INFO - DAG(s) dict_keys(['example_branch_dop_operator_v3']) retrieved from /home/airflow/.local/lib/python3.7/site-packages/airflow/example_dags/example_branch_python_dop_operator_3.py
[2024-09-09T01:41:58.261+0000] {logging_mixin.py:137} INFO - [2024-09-09T01:41:58.261+0000] {dag.py:2676} INFO - Sync 1 DAGs
[2024-09-09T01:41:58.287+0000] {logging_mixin.py:137} INFO - [2024-09-09T01:41:58.287+0000] {dag.py:3427} INFO - Setting next_dagrun for example_branch_dop_operator_v3 to 2024-09-09T01:40:00+00:00, run_after=2024-09-09T01:41:00+00:00
[2024-09-09T01:41:58.305+0000] {processor.py:175} INFO - Processing /home/airflow/.local/lib/python3.7/site-packages/airflow/example_dags/example_branch_python_dop_operator_3.py took 0.104 seconds
[2024-09-09T01:42:28.686+0000] {processor.py:153} INFO - Started process (PID=839) to work on /home/airflow/.local/lib/python3.7/site-packages/airflow/example_dags/example_branch_python_dop_operator_3.py
[2024-09-09T01:42:28.696+0000] {processor.py:743} INFO - Processing file /home/airflow/.local/lib/python3.7/site-packages/airflow/example_dags/example_branch_python_dop_operator_3.py for tasks to queue
[2024-09-09T01:42:28.696+0000] {logging_mixin.py:137} INFO - [2024-09-09T01:42:28.696+0000] {dagbag.py:538} INFO - Filling up the DagBag from /home/airflow/.local/lib/python3.7/site-packages/airflow/example_dags/example_branch_python_dop_operator_3.py
[2024-09-09T01:42:28.714+0000] {processor.py:753} INFO - DAG(s) dict_keys(['example_branch_dop_operator_v3']) retrieved from /home/airflow/.local/lib/python3.7/site-packages/airflow/example_dags/example_branch_python_dop_operator_3.py
[2024-09-09T01:42:28.741+0000] {logging_mixin.py:137} INFO - [2024-09-09T01:42:28.741+0000] {dag.py:2676} INFO - Sync 1 DAGs
[2024-09-09T01:42:28.766+0000] {logging_mixin.py:137} INFO - [2024-09-09T01:42:28.765+0000] {dag.py:3427} INFO - Setting next_dagrun for example_branch_dop_operator_v3 to 2024-09-09T01:41:00+00:00, run_after=2024-09-09T01:42:00+00:00
[2024-09-09T01:42:28.783+0000] {processor.py:175} INFO - Processing /home/airflow/.local/lib/python3.7/site-packages/airflow/example_dags/example_branch_python_dop_operator_3.py took 0.100 seconds
[2024-09-09T01:42:58.970+0000] {processor.py:153} INFO - Started process (PID=963) to work on /home/airflow/.local/lib/python3.7/site-packages/airflow/example_dags/example_branch_python_dop_operator_3.py
[2024-09-09T01:42:58.977+0000] {processor.py:743} INFO - Processing file /home/airflow/.local/lib/python3.7/site-packages/airflow/example_dags/example_branch_python_dop_operator_3.py for tasks to queue
[2024-09-09T01:42:58.978+0000] {logging_mixin.py:137} INFO - [2024-09-09T01:42:58.978+0000] {dagbag.py:538} INFO - Filling up the DagBag from /home/airflow/.local/lib/python3.7/site-packages/airflow/example_dags/example_branch_python_dop_operator_3.py
[2024-09-09T01:42:59.007+0000] {processor.py:753} INFO - DAG(s) dict_keys(['example_branch_dop_operator_v3']) retrieved from /home/airflow/.local/lib/python3.7/site-packages/airflow/example_dags/example_branch_python_dop_operator_3.py
[2024-09-09T01:42:59.044+0000] {logging_mixin.py:137} INFO - [2024-09-09T01:42:59.044+0000] {dag.py:2676} INFO - Sync 1 DAGs
[2024-09-09T01:42:59.072+0000] {logging_mixin.py:137} INFO - [2024-09-09T01:42:59.072+0000] {dag.py:3427} INFO - Setting next_dagrun for example_branch_dop_operator_v3 to 2024-09-09T01:41:00+00:00, run_after=2024-09-09T01:42:00+00:00
[2024-09-09T01:42:59.095+0000] {processor.py:175} INFO - Processing /home/airflow/.local/lib/python3.7/site-packages/airflow/example_dags/example_branch_python_dop_operator_3.py took 0.129 seconds
[2024-09-09T01:43:29.652+0000] {processor.py:153} INFO - Started process (PID=1059) to work on /home/airflow/.local/lib/python3.7/site-packages/airflow/example_dags/example_branch_python_dop_operator_3.py
[2024-09-09T01:43:29.653+0000] {processor.py:743} INFO - Processing file /home/airflow/.local/lib/python3.7/site-packages/airflow/example_dags/example_branch_python_dop_operator_3.py for tasks to queue
[2024-09-09T01:43:29.654+0000] {logging_mixin.py:137} INFO - [2024-09-09T01:43:29.654+0000] {dagbag.py:538} INFO - Filling up the DagBag from /home/airflow/.local/lib/python3.7/site-packages/airflow/example_dags/example_branch_python_dop_operator_3.py
[2024-09-09T01:43:29.672+0000] {processor.py:753} INFO - DAG(s) dict_keys(['example_branch_dop_operator_v3']) retrieved from /home/airflow/.local/lib/python3.7/site-packages/airflow/example_dags/example_branch_python_dop_operator_3.py
[2024-09-09T01:43:29.700+0000] {logging_mixin.py:137} INFO - [2024-09-09T01:43:29.700+0000] {dag.py:2676} INFO - Sync 1 DAGs
[2024-09-09T01:43:29.723+0000] {logging_mixin.py:137} INFO - [2024-09-09T01:43:29.723+0000] {dag.py:3427} INFO - Setting next_dagrun for example_branch_dop_operator_v3 to 2024-09-09T01:42:00+00:00, run_after=2024-09-09T01:43:00+00:00
[2024-09-09T01:43:29.740+0000] {processor.py:175} INFO - Processing /home/airflow/.local/lib/python3.7/site-packages/airflow/example_dags/example_branch_python_dop_operator_3.py took 0.091 seconds
[2024-09-09T01:44:00.495+0000] {processor.py:153} INFO - Started process (PID=1183) to work on /home/airflow/.local/lib/python3.7/site-packages/airflow/example_dags/example_branch_python_dop_operator_3.py
[2024-09-09T01:44:00.497+0000] {processor.py:743} INFO - Processing file /home/airflow/.local/lib/python3.7/site-packages/airflow/example_dags/example_branch_python_dop_operator_3.py for tasks to queue
[2024-09-09T01:44:00.497+0000] {logging_mixin.py:137} INFO - [2024-09-09T01:44:00.497+0000] {dagbag.py:538} INFO - Filling up the DagBag from /home/airflow/.local/lib/python3.7/site-packages/airflow/example_dags/example_branch_python_dop_operator_3.py
[2024-09-09T01:44:00.518+0000] {processor.py:753} INFO - DAG(s) dict_keys(['example_branch_dop_operator_v3']) retrieved from /home/airflow/.local/lib/python3.7/site-packages/airflow/example_dags/example_branch_python_dop_operator_3.py
[2024-09-09T01:44:00.548+0000] {logging_mixin.py:137} INFO - [2024-09-09T01:44:00.548+0000] {dag.py:2676} INFO - Sync 1 DAGs
[2024-09-09T01:44:00.575+0000] {logging_mixin.py:137} INFO - [2024-09-09T01:44:00.575+0000] {dag.py:3427} INFO - Setting next_dagrun for example_branch_dop_operator_v3 to 2024-09-09T01:43:00+00:00, run_after=2024-09-09T01:44:00+00:00
[2024-09-09T01:44:00.596+0000] {processor.py:175} INFO - Processing /home/airflow/.local/lib/python3.7/site-packages/airflow/example_dags/example_branch_python_dop_operator_3.py took 0.104 seconds
[2024-09-09T01:44:30.821+0000] {processor.py:153} INFO - Started process (PID=1279) to work on /home/airflow/.local/lib/python3.7/site-packages/airflow/example_dags/example_branch_python_dop_operator_3.py
[2024-09-09T01:44:30.824+0000] {processor.py:743} INFO - Processing file /home/airflow/.local/lib/python3.7/site-packages/airflow/example_dags/example_branch_python_dop_operator_3.py for tasks to queue
[2024-09-09T01:44:30.824+0000] {logging_mixin.py:137} INFO - [2024-09-09T01:44:30.824+0000] {dagbag.py:538} INFO - Filling up the DagBag from /home/airflow/.local/lib/python3.7/site-packages/airflow/example_dags/example_branch_python_dop_operator_3.py
[2024-09-09T01:44:30.842+0000] {processor.py:753} INFO - DAG(s) dict_keys(['example_branch_dop_operator_v3']) retrieved from /home/airflow/.local/lib/python3.7/site-packages/airflow/example_dags/example_branch_python_dop_operator_3.py
[2024-09-09T01:44:30.868+0000] {logging_mixin.py:137} INFO - [2024-09-09T01:44:30.868+0000] {dag.py:2676} INFO - Sync 1 DAGs
[2024-09-09T01:44:30.888+0000] {logging_mixin.py:137} INFO - [2024-09-09T01:44:30.888+0000] {dag.py:3427} INFO - Setting next_dagrun for example_branch_dop_operator_v3 to 2024-09-09T01:43:00+00:00, run_after=2024-09-09T01:44:00+00:00
[2024-09-09T01:44:30.905+0000] {processor.py:175} INFO - Processing /home/airflow/.local/lib/python3.7/site-packages/airflow/example_dags/example_branch_python_dop_operator_3.py took 0.086 seconds
[2024-09-09T01:45:01.490+0000] {processor.py:153} INFO - Started process (PID=1403) to work on /home/airflow/.local/lib/python3.7/site-packages/airflow/example_dags/example_branch_python_dop_operator_3.py
[2024-09-09T01:45:01.492+0000] {processor.py:743} INFO - Processing file /home/airflow/.local/lib/python3.7/site-packages/airflow/example_dags/example_branch_python_dop_operator_3.py for tasks to queue
[2024-09-09T01:45:01.492+0000] {logging_mixin.py:137} INFO - [2024-09-09T01:45:01.492+0000] {dagbag.py:538} INFO - Filling up the DagBag from /home/airflow/.local/lib/python3.7/site-packages/airflow/example_dags/example_branch_python_dop_operator_3.py
[2024-09-09T01:45:01.508+0000] {processor.py:753} INFO - DAG(s) dict_keys(['example_branch_dop_operator_v3']) retrieved from /home/airflow/.local/lib/python3.7/site-packages/airflow/example_dags/example_branch_python_dop_operator_3.py
[2024-09-09T01:45:01.535+0000] {logging_mixin.py:137} INFO - [2024-09-09T01:45:01.535+0000] {dag.py:2676} INFO - Sync 1 DAGs
[2024-09-09T01:45:01.555+0000] {logging_mixin.py:137} INFO - [2024-09-09T01:45:01.555+0000] {dag.py:3427} INFO - Setting next_dagrun for example_branch_dop_operator_v3 to 2024-09-09T01:44:00+00:00, run_after=2024-09-09T01:45:00+00:00
[2024-09-09T01:45:01.571+0000] {processor.py:175} INFO - Processing /home/airflow/.local/lib/python3.7/site-packages/airflow/example_dags/example_branch_python_dop_operator_3.py took 0.083 seconds
[2024-09-09T01:45:31.594+0000] {processor.py:153} INFO - Started process (PID=1500) to work on /home/airflow/.local/lib/python3.7/site-packages/airflow/example_dags/example_branch_python_dop_operator_3.py
[2024-09-09T01:45:31.609+0000] {processor.py:743} INFO - Processing file /home/airflow/.local/lib/python3.7/site-packages/airflow/example_dags/example_branch_python_dop_operator_3.py for tasks to queue
[2024-09-09T01:45:31.609+0000] {logging_mixin.py:137} INFO - [2024-09-09T01:45:31.609+0000] {dagbag.py:538} INFO - Filling up the DagBag from /home/airflow/.local/lib/python3.7/site-packages/airflow/example_dags/example_branch_python_dop_operator_3.py
[2024-09-09T01:45:31.627+0000] {processor.py:753} INFO - DAG(s) dict_keys(['example_branch_dop_operator_v3']) retrieved from /home/airflow/.local/lib/python3.7/site-packages/airflow/example_dags/example_branch_python_dop_operator_3.py
[2024-09-09T01:45:31.655+0000] {logging_mixin.py:137} INFO - [2024-09-09T01:45:31.655+0000] {dag.py:2676} INFO - Sync 1 DAGs
[2024-09-09T01:45:31.678+0000] {logging_mixin.py:137} INFO - [2024-09-09T01:45:31.678+0000] {dag.py:3427} INFO - Setting next_dagrun for example_branch_dop_operator_v3 to 2024-09-09T01:44:00+00:00, run_after=2024-09-09T01:45:00+00:00
[2024-09-09T01:45:31.694+0000] {processor.py:175} INFO - Processing /home/airflow/.local/lib/python3.7/site-packages/airflow/example_dags/example_branch_python_dop_operator_3.py took 0.102 seconds
[2024-09-09T01:46:01.712+0000] {processor.py:153} INFO - Started process (PID=1624) to work on /home/airflow/.local/lib/python3.7/site-packages/airflow/example_dags/example_branch_python_dop_operator_3.py
[2024-09-09T01:46:01.724+0000] {processor.py:743} INFO - Processing file /home/airflow/.local/lib/python3.7/site-packages/airflow/example_dags/example_branch_python_dop_operator_3.py for tasks to queue
[2024-09-09T01:46:01.724+0000] {logging_mixin.py:137} INFO - [2024-09-09T01:46:01.724+0000] {dagbag.py:538} INFO - Filling up the DagBag from /home/airflow/.local/lib/python3.7/site-packages/airflow/example_dags/example_branch_python_dop_operator_3.py
[2024-09-09T01:46:01.741+0000] {processor.py:753} INFO - DAG(s) dict_keys(['example_branch_dop_operator_v3']) retrieved from /home/airflow/.local/lib/python3.7/site-packages/airflow/example_dags/example_branch_python_dop_operator_3.py
[2024-09-09T01:46:01.775+0000] {logging_mixin.py:137} INFO - [2024-09-09T01:46:01.775+0000] {dag.py:2676} INFO - Sync 1 DAGs
[2024-09-09T01:46:01.800+0000] {logging_mixin.py:137} INFO - [2024-09-09T01:46:01.800+0000] {dag.py:3427} INFO - Setting next_dagrun for example_branch_dop_operator_v3 to 2024-09-09T01:45:00+00:00, run_after=2024-09-09T01:46:00+00:00
[2024-09-09T01:46:01.819+0000] {processor.py:175} INFO - Processing /home/airflow/.local/lib/python3.7/site-packages/airflow/example_dags/example_branch_python_dop_operator_3.py took 0.109 seconds
[2024-09-09T01:46:32.233+0000] {processor.py:153} INFO - Started process (PID=1748) to work on /home/airflow/.local/lib/python3.7/site-packages/airflow/example_dags/example_branch_python_dop_operator_3.py
[2024-09-09T01:46:32.244+0000] {processor.py:743} INFO - Processing file /home/airflow/.local/lib/python3.7/site-packages/airflow/example_dags/example_branch_python_dop_operator_3.py for tasks to queue
[2024-09-09T01:46:32.244+0000] {logging_mixin.py:137} INFO - [2024-09-09T01:46:32.244+0000] {dagbag.py:538} INFO - Filling up the DagBag from /home/airflow/.local/lib/python3.7/site-packages/airflow/example_dags/example_branch_python_dop_operator_3.py
[2024-09-09T01:46:32.263+0000] {processor.py:753} INFO - DAG(s) dict_keys(['example_branch_dop_operator_v3']) retrieved from /home/airflow/.local/lib/python3.7/site-packages/airflow/example_dags/example_branch_python_dop_operator_3.py
[2024-09-09T01:46:32.293+0000] {logging_mixin.py:137} INFO - [2024-09-09T01:46:32.293+0000] {dag.py:2676} INFO - Sync 1 DAGs
[2024-09-09T01:46:32.316+0000] {logging_mixin.py:137} INFO - [2024-09-09T01:46:32.316+0000] {dag.py:3427} INFO - Setting next_dagrun for example_branch_dop_operator_v3 to 2024-09-09T01:45:00+00:00, run_after=2024-09-09T01:46:00+00:00
[2024-09-09T01:46:32.333+0000] {processor.py:175} INFO - Processing /home/airflow/.local/lib/python3.7/site-packages/airflow/example_dags/example_branch_python_dop_operator_3.py took 0.103 seconds
[2024-09-09T01:47:02.554+0000] {processor.py:153} INFO - Started process (PID=1844) to work on /home/airflow/.local/lib/python3.7/site-packages/airflow/example_dags/example_branch_python_dop_operator_3.py
[2024-09-09T01:47:02.555+0000] {processor.py:743} INFO - Processing file /home/airflow/.local/lib/python3.7/site-packages/airflow/example_dags/example_branch_python_dop_operator_3.py for tasks to queue
[2024-09-09T01:47:02.556+0000] {logging_mixin.py:137} INFO - [2024-09-09T01:47:02.555+0000] {dagbag.py:538} INFO - Filling up the DagBag from /home/airflow/.local/lib/python3.7/site-packages/airflow/example_dags/example_branch_python_dop_operator_3.py
[2024-09-09T01:47:02.575+0000] {processor.py:753} INFO - DAG(s) dict_keys(['example_branch_dop_operator_v3']) retrieved from /home/airflow/.local/lib/python3.7/site-packages/airflow/example_dags/example_branch_python_dop_operator_3.py
[2024-09-09T01:47:02.605+0000] {logging_mixin.py:137} INFO - [2024-09-09T01:47:02.605+0000] {dag.py:2676} INFO - Sync 1 DAGs
[2024-09-09T01:47:02.629+0000] {logging_mixin.py:137} INFO - [2024-09-09T01:47:02.629+0000] {dag.py:3427} INFO - Setting next_dagrun for example_branch_dop_operator_v3 to 2024-09-09T01:46:00+00:00, run_after=2024-09-09T01:47:00+00:00
[2024-09-09T01:47:02.649+0000] {processor.py:175} INFO - Processing /home/airflow/.local/lib/python3.7/site-packages/airflow/example_dags/example_branch_python_dop_operator_3.py took 0.098 seconds
[2024-09-09T01:47:33.327+0000] {processor.py:153} INFO - Started process (PID=1968) to work on /home/airflow/.local/lib/python3.7/site-packages/airflow/example_dags/example_branch_python_dop_operator_3.py
[2024-09-09T01:47:33.339+0000] {processor.py:743} INFO - Processing file /home/airflow/.local/lib/python3.7/site-packages/airflow/example_dags/example_branch_python_dop_operator_3.py for tasks to queue
[2024-09-09T01:47:33.340+0000] {logging_mixin.py:137} INFO - [2024-09-09T01:47:33.339+0000] {dagbag.py:538} INFO - Filling up the DagBag from /home/airflow/.local/lib/python3.7/site-packages/airflow/example_dags/example_branch_python_dop_operator_3.py
[2024-09-09T01:47:33.358+0000] {processor.py:753} INFO - DAG(s) dict_keys(['example_branch_dop_operator_v3']) retrieved from /home/airflow/.local/lib/python3.7/site-packages/airflow/example_dags/example_branch_python_dop_operator_3.py
[2024-09-09T01:47:33.386+0000] {logging_mixin.py:137} INFO - [2024-09-09T01:47:33.386+0000] {dag.py:2676} INFO - Sync 1 DAGs
[2024-09-09T01:47:33.407+0000] {logging_mixin.py:137} INFO - [2024-09-09T01:47:33.407+0000] {dag.py:3427} INFO - Setting next_dagrun for example_branch_dop_operator_v3 to 2024-09-09T01:46:00+00:00, run_after=2024-09-09T01:47:00+00:00
[2024-09-09T01:47:33.425+0000] {processor.py:175} INFO - Processing /home/airflow/.local/lib/python3.7/site-packages/airflow/example_dags/example_branch_python_dop_operator_3.py took 0.100 seconds
[2024-09-09T01:48:03.651+0000] {processor.py:153} INFO - Started process (PID=2064) to work on /home/airflow/.local/lib/python3.7/site-packages/airflow/example_dags/example_branch_python_dop_operator_3.py
[2024-09-09T01:48:03.652+0000] {processor.py:743} INFO - Processing file /home/airflow/.local/lib/python3.7/site-packages/airflow/example_dags/example_branch_python_dop_operator_3.py for tasks to queue
[2024-09-09T01:48:03.652+0000] {logging_mixin.py:137} INFO - [2024-09-09T01:48:03.652+0000] {dagbag.py:538} INFO - Filling up the DagBag from /home/airflow/.local/lib/python3.7/site-packages/airflow/example_dags/example_branch_python_dop_operator_3.py
[2024-09-09T01:48:03.669+0000] {processor.py:753} INFO - DAG(s) dict_keys(['example_branch_dop_operator_v3']) retrieved from /home/airflow/.local/lib/python3.7/site-packages/airflow/example_dags/example_branch_python_dop_operator_3.py
[2024-09-09T01:48:03.698+0000] {logging_mixin.py:137} INFO - [2024-09-09T01:48:03.698+0000] {dag.py:2676} INFO - Sync 1 DAGs
[2024-09-09T01:48:03.721+0000] {logging_mixin.py:137} INFO - [2024-09-09T01:48:03.721+0000] {dag.py:3427} INFO - Setting next_dagrun for example_branch_dop_operator_v3 to 2024-09-09T01:47:00+00:00, run_after=2024-09-09T01:48:00+00:00
[2024-09-09T01:48:03.740+0000] {processor.py:175} INFO - Processing /home/airflow/.local/lib/python3.7/site-packages/airflow/example_dags/example_branch_python_dop_operator_3.py took 0.092 seconds
[2024-09-09T01:48:34.077+0000] {processor.py:153} INFO - Started process (PID=2188) to work on /home/airflow/.local/lib/python3.7/site-packages/airflow/example_dags/example_branch_python_dop_operator_3.py
[2024-09-09T01:48:34.087+0000] {processor.py:743} INFO - Processing file /home/airflow/.local/lib/python3.7/site-packages/airflow/example_dags/example_branch_python_dop_operator_3.py for tasks to queue
[2024-09-09T01:48:34.088+0000] {logging_mixin.py:137} INFO - [2024-09-09T01:48:34.088+0000] {dagbag.py:538} INFO - Filling up the DagBag from /home/airflow/.local/lib/python3.7/site-packages/airflow/example_dags/example_branch_python_dop_operator_3.py
[2024-09-09T01:48:34.105+0000] {processor.py:753} INFO - DAG(s) dict_keys(['example_branch_dop_operator_v3']) retrieved from /home/airflow/.local/lib/python3.7/site-packages/airflow/example_dags/example_branch_python_dop_operator_3.py
[2024-09-09T01:48:34.138+0000] {logging_mixin.py:137} INFO - [2024-09-09T01:48:34.138+0000] {dag.py:2676} INFO - Sync 1 DAGs
[2024-09-09T01:48:34.164+0000] {logging_mixin.py:137} INFO - [2024-09-09T01:48:34.164+0000] {dag.py:3427} INFO - Setting next_dagrun for example_branch_dop_operator_v3 to 2024-09-09T01:47:00+00:00, run_after=2024-09-09T01:48:00+00:00
[2024-09-09T01:48:34.184+0000] {processor.py:175} INFO - Processing /home/airflow/.local/lib/python3.7/site-packages/airflow/example_dags/example_branch_python_dop_operator_3.py took 0.109 seconds
[2024-09-09T01:49:04.647+0000] {processor.py:153} INFO - Started process (PID=2312) to work on /home/airflow/.local/lib/python3.7/site-packages/airflow/example_dags/example_branch_python_dop_operator_3.py
[2024-09-09T01:49:04.659+0000] {processor.py:743} INFO - Processing file /home/airflow/.local/lib/python3.7/site-packages/airflow/example_dags/example_branch_python_dop_operator_3.py for tasks to queue
[2024-09-09T01:49:04.660+0000] {logging_mixin.py:137} INFO - [2024-09-09T01:49:04.660+0000] {dagbag.py:538} INFO - Filling up the DagBag from /home/airflow/.local/lib/python3.7/site-packages/airflow/example_dags/example_branch_python_dop_operator_3.py
[2024-09-09T01:49:04.679+0000] {processor.py:753} INFO - DAG(s) dict_keys(['example_branch_dop_operator_v3']) retrieved from /home/airflow/.local/lib/python3.7/site-packages/airflow/example_dags/example_branch_python_dop_operator_3.py
[2024-09-09T01:49:04.714+0000] {logging_mixin.py:137} INFO - [2024-09-09T01:49:04.714+0000] {dag.py:2676} INFO - Sync 1 DAGs
[2024-09-09T01:49:04.742+0000] {logging_mixin.py:137} INFO - [2024-09-09T01:49:04.742+0000] {dag.py:3427} INFO - Setting next_dagrun for example_branch_dop_operator_v3 to 2024-09-09T01:48:00+00:00, run_after=2024-09-09T01:49:00+00:00
[2024-09-09T01:49:04.761+0000] {processor.py:175} INFO - Processing /home/airflow/.local/lib/python3.7/site-packages/airflow/example_dags/example_branch_python_dop_operator_3.py took 0.117 seconds
[2024-09-09T01:49:35.007+0000] {processor.py:153} INFO - Started process (PID=2408) to work on /home/airflow/.local/lib/python3.7/site-packages/airflow/example_dags/example_branch_python_dop_operator_3.py
[2024-09-09T01:49:35.008+0000] {processor.py:743} INFO - Processing file /home/airflow/.local/lib/python3.7/site-packages/airflow/example_dags/example_branch_python_dop_operator_3.py for tasks to queue
[2024-09-09T01:49:35.008+0000] {logging_mixin.py:137} INFO - [2024-09-09T01:49:35.008+0000] {dagbag.py:538} INFO - Filling up the DagBag from /home/airflow/.local/lib/python3.7/site-packages/airflow/example_dags/example_branch_python_dop_operator_3.py
[2024-09-09T01:49:35.026+0000] {processor.py:753} INFO - DAG(s) dict_keys(['example_branch_dop_operator_v3']) retrieved from /home/airflow/.local/lib/python3.7/site-packages/airflow/example_dags/example_branch_python_dop_operator_3.py
[2024-09-09T01:49:35.060+0000] {logging_mixin.py:137} INFO - [2024-09-09T01:49:35.060+0000] {dag.py:2676} INFO - Sync 1 DAGs
[2024-09-09T01:49:35.083+0000] {logging_mixin.py:137} INFO - [2024-09-09T01:49:35.083+0000] {dag.py:3427} INFO - Setting next_dagrun for example_branch_dop_operator_v3 to 2024-09-09T01:48:00+00:00, run_after=2024-09-09T01:49:00+00:00
[2024-09-09T01:49:35.102+0000] {processor.py:175} INFO - Processing /home/airflow/.local/lib/python3.7/site-packages/airflow/example_dags/example_branch_python_dop_operator_3.py took 0.098 seconds
[2024-09-09T01:50:05.123+0000] {processor.py:153} INFO - Started process (PID=2532) to work on /home/airflow/.local/lib/python3.7/site-packages/airflow/example_dags/example_branch_python_dop_operator_3.py
[2024-09-09T01:50:05.124+0000] {processor.py:743} INFO - Processing file /home/airflow/.local/lib/python3.7/site-packages/airflow/example_dags/example_branch_python_dop_operator_3.py for tasks to queue
[2024-09-09T01:50:05.124+0000] {logging_mixin.py:137} INFO - [2024-09-09T01:50:05.124+0000] {dagbag.py:538} INFO - Filling up the DagBag from /home/airflow/.local/lib/python3.7/site-packages/airflow/example_dags/example_branch_python_dop_operator_3.py
[2024-09-09T01:50:05.141+0000] {processor.py:753} INFO - DAG(s) dict_keys(['example_branch_dop_operator_v3']) retrieved from /home/airflow/.local/lib/python3.7/site-packages/airflow/example_dags/example_branch_python_dop_operator_3.py
[2024-09-09T01:50:05.166+0000] {logging_mixin.py:137} INFO - [2024-09-09T01:50:05.166+0000] {dag.py:2676} INFO - Sync 1 DAGs
[2024-09-09T01:50:05.187+0000] {logging_mixin.py:137} INFO - [2024-09-09T01:50:05.187+0000] {dag.py:3427} INFO - Setting next_dagrun for example_branch_dop_operator_v3 to 2024-09-09T01:49:00+00:00, run_after=2024-09-09T01:50:00+00:00
[2024-09-09T01:50:05.204+0000] {processor.py:175} INFO - Processing /home/airflow/.local/lib/python3.7/site-packages/airflow/example_dags/example_branch_python_dop_operator_3.py took 0.084 seconds
[2024-09-09T01:50:35.409+0000] {processor.py:153} INFO - Started process (PID=2627) to work on /home/airflow/.local/lib/python3.7/site-packages/airflow/example_dags/example_branch_python_dop_operator_3.py
[2024-09-09T01:50:35.420+0000] {processor.py:743} INFO - Processing file /home/airflow/.local/lib/python3.7/site-packages/airflow/example_dags/example_branch_python_dop_operator_3.py for tasks to queue
[2024-09-09T01:50:35.420+0000] {logging_mixin.py:137} INFO - [2024-09-09T01:50:35.420+0000] {dagbag.py:538} INFO - Filling up the DagBag from /home/airflow/.local/lib/python3.7/site-packages/airflow/example_dags/example_branch_python_dop_operator_3.py
[2024-09-09T01:50:35.441+0000] {processor.py:753} INFO - DAG(s) dict_keys(['example_branch_dop_operator_v3']) retrieved from /home/airflow/.local/lib/python3.7/site-packages/airflow/example_dags/example_branch_python_dop_operator_3.py
[2024-09-09T01:50:35.471+0000] {logging_mixin.py:137} INFO - [2024-09-09T01:50:35.471+0000] {dag.py:2676} INFO - Sync 1 DAGs
[2024-09-09T01:50:35.496+0000] {logging_mixin.py:137} INFO - [2024-09-09T01:50:35.495+0000] {dag.py:3427} INFO - Setting next_dagrun for example_branch_dop_operator_v3 to 2024-09-09T01:49:00+00:00, run_after=2024-09-09T01:50:00+00:00
[2024-09-09T01:50:35.516+0000] {processor.py:175} INFO - Processing /home/airflow/.local/lib/python3.7/site-packages/airflow/example_dags/example_branch_python_dop_operator_3.py took 0.110 seconds
[2024-09-09T01:51:05.768+0000] {processor.py:153} INFO - Started process (PID=2751) to work on /home/airflow/.local/lib/python3.7/site-packages/airflow/example_dags/example_branch_python_dop_operator_3.py
[2024-09-09T01:51:05.769+0000] {processor.py:743} INFO - Processing file /home/airflow/.local/lib/python3.7/site-packages/airflow/example_dags/example_branch_python_dop_operator_3.py for tasks to queue
[2024-09-09T01:51:05.770+0000] {logging_mixin.py:137} INFO - [2024-09-09T01:51:05.770+0000] {dagbag.py:538} INFO - Filling up the DagBag from /home/airflow/.local/lib/python3.7/site-packages/airflow/example_dags/example_branch_python_dop_operator_3.py
[2024-09-09T01:51:05.788+0000] {processor.py:753} INFO - DAG(s) dict_keys(['example_branch_dop_operator_v3']) retrieved from /home/airflow/.local/lib/python3.7/site-packages/airflow/example_dags/example_branch_python_dop_operator_3.py
[2024-09-09T01:51:05.816+0000] {logging_mixin.py:137} INFO - [2024-09-09T01:51:05.816+0000] {dag.py:2676} INFO - Sync 1 DAGs
[2024-09-09T01:51:05.839+0000] {logging_mixin.py:137} INFO - [2024-09-09T01:51:05.839+0000] {dag.py:3427} INFO - Setting next_dagrun for example_branch_dop_operator_v3 to 2024-09-09T01:50:00+00:00, run_after=2024-09-09T01:51:00+00:00
[2024-09-09T01:51:05.856+0000] {processor.py:175} INFO - Processing /home/airflow/.local/lib/python3.7/site-packages/airflow/example_dags/example_branch_python_dop_operator_3.py took 0.090 seconds
[2024-09-09T01:51:36.234+0000] {processor.py:153} INFO - Started process (PID=2847) to work on /home/airflow/.local/lib/python3.7/site-packages/airflow/example_dags/example_branch_python_dop_operator_3.py
[2024-09-09T01:51:36.236+0000] {processor.py:743} INFO - Processing file /home/airflow/.local/lib/python3.7/site-packages/airflow/example_dags/example_branch_python_dop_operator_3.py for tasks to queue
[2024-09-09T01:51:36.237+0000] {logging_mixin.py:137} INFO - [2024-09-09T01:51:36.237+0000] {dagbag.py:538} INFO - Filling up the DagBag from /home/airflow/.local/lib/python3.7/site-packages/airflow/example_dags/example_branch_python_dop_operator_3.py
[2024-09-09T01:51:36.256+0000] {processor.py:753} INFO - DAG(s) dict_keys(['example_branch_dop_operator_v3']) retrieved from /home/airflow/.local/lib/python3.7/site-packages/airflow/example_dags/example_branch_python_dop_operator_3.py
[2024-09-09T01:51:36.291+0000] {logging_mixin.py:137} INFO - [2024-09-09T01:51:36.290+0000] {dag.py:2676} INFO - Sync 1 DAGs
[2024-09-09T01:51:36.316+0000] {logging_mixin.py:137} INFO - [2024-09-09T01:51:36.316+0000] {dag.py:3427} INFO - Setting next_dagrun for example_branch_dop_operator_v3 to 2024-09-09T01:50:00+00:00, run_after=2024-09-09T01:51:00+00:00
[2024-09-09T01:51:36.345+0000] {processor.py:175} INFO - Processing /home/airflow/.local/lib/python3.7/site-packages/airflow/example_dags/example_branch_python_dop_operator_3.py took 0.113 seconds
[2024-09-09T01:52:06.542+0000] {processor.py:153} INFO - Started process (PID=2972) to work on /home/airflow/.local/lib/python3.7/site-packages/airflow/example_dags/example_branch_python_dop_operator_3.py
[2024-09-09T01:52:06.544+0000] {processor.py:743} INFO - Processing file /home/airflow/.local/lib/python3.7/site-packages/airflow/example_dags/example_branch_python_dop_operator_3.py for tasks to queue
[2024-09-09T01:52:06.545+0000] {logging_mixin.py:137} INFO - [2024-09-09T01:52:06.545+0000] {dagbag.py:538} INFO - Filling up the DagBag from /home/airflow/.local/lib/python3.7/site-packages/airflow/example_dags/example_branch_python_dop_operator_3.py
[2024-09-09T01:52:06.566+0000] {processor.py:753} INFO - DAG(s) dict_keys(['example_branch_dop_operator_v3']) retrieved from /home/airflow/.local/lib/python3.7/site-packages/airflow/example_dags/example_branch_python_dop_operator_3.py
[2024-09-09T01:52:06.598+0000] {logging_mixin.py:137} INFO - [2024-09-09T01:52:06.598+0000] {dag.py:2676} INFO - Sync 1 DAGs
[2024-09-09T01:52:06.622+0000] {logging_mixin.py:137} INFO - [2024-09-09T01:52:06.622+0000] {dag.py:3427} INFO - Setting next_dagrun for example_branch_dop_operator_v3 to 2024-09-09T01:51:00+00:00, run_after=2024-09-09T01:52:00+00:00
[2024-09-09T01:52:06.643+0000] {processor.py:175} INFO - Processing /home/airflow/.local/lib/python3.7/site-packages/airflow/example_dags/example_branch_python_dop_operator_3.py took 0.104 seconds
[2024-09-09T01:52:36.849+0000] {processor.py:153} INFO - Started process (PID=3096) to work on /home/airflow/.local/lib/python3.7/site-packages/airflow/example_dags/example_branch_python_dop_operator_3.py
[2024-09-09T01:52:36.859+0000] {processor.py:743} INFO - Processing file /home/airflow/.local/lib/python3.7/site-packages/airflow/example_dags/example_branch_python_dop_operator_3.py for tasks to queue
[2024-09-09T01:52:36.860+0000] {logging_mixin.py:137} INFO - [2024-09-09T01:52:36.860+0000] {dagbag.py:538} INFO - Filling up the DagBag from /home/airflow/.local/lib/python3.7/site-packages/airflow/example_dags/example_branch_python_dop_operator_3.py
[2024-09-09T01:52:36.879+0000] {processor.py:753} INFO - DAG(s) dict_keys(['example_branch_dop_operator_v3']) retrieved from /home/airflow/.local/lib/python3.7/site-packages/airflow/example_dags/example_branch_python_dop_operator_3.py
[2024-09-09T01:52:36.911+0000] {logging_mixin.py:137} INFO - [2024-09-09T01:52:36.911+0000] {dag.py:2676} INFO - Sync 1 DAGs
[2024-09-09T01:52:36.936+0000] {logging_mixin.py:137} INFO - [2024-09-09T01:52:36.936+0000] {dag.py:3427} INFO - Setting next_dagrun for example_branch_dop_operator_v3 to 2024-09-09T01:51:00+00:00, run_after=2024-09-09T01:52:00+00:00
[2024-09-09T01:52:36.956+0000] {processor.py:175} INFO - Processing /home/airflow/.local/lib/python3.7/site-packages/airflow/example_dags/example_branch_python_dop_operator_3.py took 0.109 seconds
[2024-09-09T01:53:06.983+0000] {processor.py:153} INFO - Started process (PID=3192) to work on /home/airflow/.local/lib/python3.7/site-packages/airflow/example_dags/example_branch_python_dop_operator_3.py
[2024-09-09T01:53:06.984+0000] {processor.py:743} INFO - Processing file /home/airflow/.local/lib/python3.7/site-packages/airflow/example_dags/example_branch_python_dop_operator_3.py for tasks to queue
[2024-09-09T01:53:06.985+0000] {logging_mixin.py:137} INFO - [2024-09-09T01:53:06.985+0000] {dagbag.py:538} INFO - Filling up the DagBag from /home/airflow/.local/lib/python3.7/site-packages/airflow/example_dags/example_branch_python_dop_operator_3.py
[2024-09-09T01:53:07.001+0000] {processor.py:753} INFO - DAG(s) dict_keys(['example_branch_dop_operator_v3']) retrieved from /home/airflow/.local/lib/python3.7/site-packages/airflow/example_dags/example_branch_python_dop_operator_3.py
[2024-09-09T01:53:07.028+0000] {logging_mixin.py:137} INFO - [2024-09-09T01:53:07.028+0000] {dag.py:2676} INFO - Sync 1 DAGs
[2024-09-09T01:53:07.049+0000] {logging_mixin.py:137} INFO - [2024-09-09T01:53:07.049+0000] {dag.py:3427} INFO - Setting next_dagrun for example_branch_dop_operator_v3 to 2024-09-09T01:52:00+00:00, run_after=2024-09-09T01:53:00+00:00
[2024-09-09T01:53:07.066+0000] {processor.py:175} INFO - Processing /home/airflow/.local/lib/python3.7/site-packages/airflow/example_dags/example_branch_python_dop_operator_3.py took 0.086 seconds
[2024-09-09T01:53:37.278+0000] {processor.py:153} INFO - Started process (PID=3316) to work on /home/airflow/.local/lib/python3.7/site-packages/airflow/example_dags/example_branch_python_dop_operator_3.py
[2024-09-09T01:53:37.279+0000] {processor.py:743} INFO - Processing file /home/airflow/.local/lib/python3.7/site-packages/airflow/example_dags/example_branch_python_dop_operator_3.py for tasks to queue
[2024-09-09T01:53:37.279+0000] {logging_mixin.py:137} INFO - [2024-09-09T01:53:37.279+0000] {dagbag.py:538} INFO - Filling up the DagBag from /home/airflow/.local/lib/python3.7/site-packages/airflow/example_dags/example_branch_python_dop_operator_3.py
[2024-09-09T01:53:37.295+0000] {processor.py:753} INFO - DAG(s) dict_keys(['example_branch_dop_operator_v3']) retrieved from /home/airflow/.local/lib/python3.7/site-packages/airflow/example_dags/example_branch_python_dop_operator_3.py
[2024-09-09T01:53:37.324+0000] {logging_mixin.py:137} INFO - [2024-09-09T01:53:37.324+0000] {dag.py:2676} INFO - Sync 1 DAGs
[2024-09-09T01:53:37.346+0000] {logging_mixin.py:137} INFO - [2024-09-09T01:53:37.346+0000] {dag.py:3427} INFO - Setting next_dagrun for example_branch_dop_operator_v3 to 2024-09-09T01:52:00+00:00, run_after=2024-09-09T01:53:00+00:00
[2024-09-09T01:53:37.363+0000] {processor.py:175} INFO - Processing /home/airflow/.local/lib/python3.7/site-packages/airflow/example_dags/example_branch_python_dop_operator_3.py took 0.088 seconds
[2024-09-09T01:54:08.032+0000] {processor.py:153} INFO - Started process (PID=3412) to work on /home/airflow/.local/lib/python3.7/site-packages/airflow/example_dags/example_branch_python_dop_operator_3.py
[2024-09-09T01:54:08.032+0000] {processor.py:743} INFO - Processing file /home/airflow/.local/lib/python3.7/site-packages/airflow/example_dags/example_branch_python_dop_operator_3.py for tasks to queue
[2024-09-09T01:54:08.033+0000] {logging_mixin.py:137} INFO - [2024-09-09T01:54:08.033+0000] {dagbag.py:538} INFO - Filling up the DagBag from /home/airflow/.local/lib/python3.7/site-packages/airflow/example_dags/example_branch_python_dop_operator_3.py
[2024-09-09T01:54:08.051+0000] {processor.py:753} INFO - DAG(s) dict_keys(['example_branch_dop_operator_v3']) retrieved from /home/airflow/.local/lib/python3.7/site-packages/airflow/example_dags/example_branch_python_dop_operator_3.py
[2024-09-09T01:54:08.077+0000] {logging_mixin.py:137} INFO - [2024-09-09T01:54:08.077+0000] {dag.py:2676} INFO - Sync 1 DAGs
[2024-09-09T01:54:08.097+0000] {logging_mixin.py:137} INFO - [2024-09-09T01:54:08.097+0000] {dag.py:3427} INFO - Setting next_dagrun for example_branch_dop_operator_v3 to 2024-09-09T01:53:00+00:00, run_after=2024-09-09T01:54:00+00:00
[2024-09-09T01:54:08.113+0000] {processor.py:175} INFO - Processing /home/airflow/.local/lib/python3.7/site-packages/airflow/example_dags/example_branch_python_dop_operator_3.py took 0.084 seconds
[2024-09-09T01:54:38.427+0000] {processor.py:153} INFO - Started process (PID=3536) to work on /home/airflow/.local/lib/python3.7/site-packages/airflow/example_dags/example_branch_python_dop_operator_3.py
[2024-09-09T01:54:38.428+0000] {processor.py:743} INFO - Processing file /home/airflow/.local/lib/python3.7/site-packages/airflow/example_dags/example_branch_python_dop_operator_3.py for tasks to queue
[2024-09-09T01:54:38.429+0000] {logging_mixin.py:137} INFO - [2024-09-09T01:54:38.429+0000] {dagbag.py:538} INFO - Filling up the DagBag from /home/airflow/.local/lib/python3.7/site-packages/airflow/example_dags/example_branch_python_dop_operator_3.py
[2024-09-09T01:54:38.445+0000] {processor.py:753} INFO - DAG(s) dict_keys(['example_branch_dop_operator_v3']) retrieved from /home/airflow/.local/lib/python3.7/site-packages/airflow/example_dags/example_branch_python_dop_operator_3.py
[2024-09-09T01:54:38.472+0000] {logging_mixin.py:137} INFO - [2024-09-09T01:54:38.472+0000] {dag.py:2676} INFO - Sync 1 DAGs
[2024-09-09T01:54:38.494+0000] {logging_mixin.py:137} INFO - [2024-09-09T01:54:38.494+0000] {dag.py:3427} INFO - Setting next_dagrun for example_branch_dop_operator_v3 to 2024-09-09T01:53:00+00:00, run_after=2024-09-09T01:54:00+00:00
[2024-09-09T01:54:38.511+0000] {processor.py:175} INFO - Processing /home/airflow/.local/lib/python3.7/site-packages/airflow/example_dags/example_branch_python_dop_operator_3.py took 0.085 seconds
[2024-09-09T01:55:08.676+0000] {processor.py:153} INFO - Started process (PID=3632) to work on /home/airflow/.local/lib/python3.7/site-packages/airflow/example_dags/example_branch_python_dop_operator_3.py
[2024-09-09T01:55:08.677+0000] {processor.py:743} INFO - Processing file /home/airflow/.local/lib/python3.7/site-packages/airflow/example_dags/example_branch_python_dop_operator_3.py for tasks to queue
[2024-09-09T01:55:08.677+0000] {logging_mixin.py:137} INFO - [2024-09-09T01:55:08.677+0000] {dagbag.py:538} INFO - Filling up the DagBag from /home/airflow/.local/lib/python3.7/site-packages/airflow/example_dags/example_branch_python_dop_operator_3.py
[2024-09-09T01:55:08.696+0000] {processor.py:753} INFO - DAG(s) dict_keys(['example_branch_dop_operator_v3']) retrieved from /home/airflow/.local/lib/python3.7/site-packages/airflow/example_dags/example_branch_python_dop_operator_3.py
[2024-09-09T01:55:08.728+0000] {logging_mixin.py:137} INFO - [2024-09-09T01:55:08.728+0000] {dag.py:2676} INFO - Sync 1 DAGs
[2024-09-09T01:55:08.753+0000] {logging_mixin.py:137} INFO - [2024-09-09T01:55:08.753+0000] {dag.py:3427} INFO - Setting next_dagrun for example_branch_dop_operator_v3 to 2024-09-09T01:54:00+00:00, run_after=2024-09-09T01:55:00+00:00
[2024-09-09T01:55:08.770+0000] {processor.py:175} INFO - Processing /home/airflow/.local/lib/python3.7/site-packages/airflow/example_dags/example_branch_python_dop_operator_3.py took 0.097 seconds
[2024-09-09T01:55:38.948+0000] {processor.py:153} INFO - Started process (PID=3756) to work on /home/airflow/.local/lib/python3.7/site-packages/airflow/example_dags/example_branch_python_dop_operator_3.py
[2024-09-09T01:55:38.949+0000] {processor.py:743} INFO - Processing file /home/airflow/.local/lib/python3.7/site-packages/airflow/example_dags/example_branch_python_dop_operator_3.py for tasks to queue
[2024-09-09T01:55:38.949+0000] {logging_mixin.py:137} INFO - [2024-09-09T01:55:38.949+0000] {dagbag.py:538} INFO - Filling up the DagBag from /home/airflow/.local/lib/python3.7/site-packages/airflow/example_dags/example_branch_python_dop_operator_3.py
[2024-09-09T01:55:38.966+0000] {processor.py:753} INFO - DAG(s) dict_keys(['example_branch_dop_operator_v3']) retrieved from /home/airflow/.local/lib/python3.7/site-packages/airflow/example_dags/example_branch_python_dop_operator_3.py
[2024-09-09T01:55:38.994+0000] {logging_mixin.py:137} INFO - [2024-09-09T01:55:38.994+0000] {dag.py:2676} INFO - Sync 1 DAGs
[2024-09-09T01:55:39.014+0000] {logging_mixin.py:137} INFO - [2024-09-09T01:55:39.014+0000] {dag.py:3427} INFO - Setting next_dagrun for example_branch_dop_operator_v3 to 2024-09-09T01:54:00+00:00, run_after=2024-09-09T01:55:00+00:00
[2024-09-09T01:55:39.035+0000] {processor.py:175} INFO - Processing /home/airflow/.local/lib/python3.7/site-packages/airflow/example_dags/example_branch_python_dop_operator_3.py took 0.089 seconds
[2024-09-09T01:56:09.252+0000] {processor.py:153} INFO - Started process (PID=3880) to work on /home/airflow/.local/lib/python3.7/site-packages/airflow/example_dags/example_branch_python_dop_operator_3.py
[2024-09-09T01:56:09.254+0000] {processor.py:743} INFO - Processing file /home/airflow/.local/lib/python3.7/site-packages/airflow/example_dags/example_branch_python_dop_operator_3.py for tasks to queue
[2024-09-09T01:56:09.254+0000] {logging_mixin.py:137} INFO - [2024-09-09T01:56:09.254+0000] {dagbag.py:538} INFO - Filling up the DagBag from /home/airflow/.local/lib/python3.7/site-packages/airflow/example_dags/example_branch_python_dop_operator_3.py
[2024-09-09T01:56:09.272+0000] {processor.py:753} INFO - DAG(s) dict_keys(['example_branch_dop_operator_v3']) retrieved from /home/airflow/.local/lib/python3.7/site-packages/airflow/example_dags/example_branch_python_dop_operator_3.py
[2024-09-09T01:56:09.299+0000] {logging_mixin.py:137} INFO - [2024-09-09T01:56:09.299+0000] {dag.py:2676} INFO - Sync 1 DAGs
[2024-09-09T01:56:09.321+0000] {logging_mixin.py:137} INFO - [2024-09-09T01:56:09.321+0000] {dag.py:3427} INFO - Setting next_dagrun for example_branch_dop_operator_v3 to 2024-09-09T01:55:00+00:00, run_after=2024-09-09T01:56:00+00:00
[2024-09-09T01:56:09.338+0000] {processor.py:175} INFO - Processing /home/airflow/.local/lib/python3.7/site-packages/airflow/example_dags/example_branch_python_dop_operator_3.py took 0.088 seconds
[2024-09-09T01:56:39.484+0000] {processor.py:153} INFO - Started process (PID=3976) to work on /home/airflow/.local/lib/python3.7/site-packages/airflow/example_dags/example_branch_python_dop_operator_3.py
[2024-09-09T01:56:39.485+0000] {processor.py:743} INFO - Processing file /home/airflow/.local/lib/python3.7/site-packages/airflow/example_dags/example_branch_python_dop_operator_3.py for tasks to queue
[2024-09-09T01:56:39.485+0000] {logging_mixin.py:137} INFO - [2024-09-09T01:56:39.485+0000] {dagbag.py:538} INFO - Filling up the DagBag from /home/airflow/.local/lib/python3.7/site-packages/airflow/example_dags/example_branch_python_dop_operator_3.py
[2024-09-09T01:56:39.505+0000] {processor.py:753} INFO - DAG(s) dict_keys(['example_branch_dop_operator_v3']) retrieved from /home/airflow/.local/lib/python3.7/site-packages/airflow/example_dags/example_branch_python_dop_operator_3.py
[2024-09-09T01:56:39.534+0000] {logging_mixin.py:137} INFO - [2024-09-09T01:56:39.534+0000] {dag.py:2676} INFO - Sync 1 DAGs
[2024-09-09T01:56:39.559+0000] {logging_mixin.py:137} INFO - [2024-09-09T01:56:39.559+0000] {dag.py:3427} INFO - Setting next_dagrun for example_branch_dop_operator_v3 to 2024-09-09T01:55:00+00:00, run_after=2024-09-09T01:56:00+00:00
[2024-09-09T01:56:39.577+0000] {processor.py:175} INFO - Processing /home/airflow/.local/lib/python3.7/site-packages/airflow/example_dags/example_branch_python_dop_operator_3.py took 0.096 seconds
[2024-09-09T01:57:09.611+0000] {processor.py:153} INFO - Started process (PID=4100) to work on /home/airflow/.local/lib/python3.7/site-packages/airflow/example_dags/example_branch_python_dop_operator_3.py
[2024-09-09T01:57:09.612+0000] {processor.py:743} INFO - Processing file /home/airflow/.local/lib/python3.7/site-packages/airflow/example_dags/example_branch_python_dop_operator_3.py for tasks to queue
[2024-09-09T01:57:09.613+0000] {logging_mixin.py:137} INFO - [2024-09-09T01:57:09.613+0000] {dagbag.py:538} INFO - Filling up the DagBag from /home/airflow/.local/lib/python3.7/site-packages/airflow/example_dags/example_branch_python_dop_operator_3.py
[2024-09-09T01:57:09.629+0000] {processor.py:753} INFO - DAG(s) dict_keys(['example_branch_dop_operator_v3']) retrieved from /home/airflow/.local/lib/python3.7/site-packages/airflow/example_dags/example_branch_python_dop_operator_3.py
[2024-09-09T01:57:09.656+0000] {logging_mixin.py:137} INFO - [2024-09-09T01:57:09.656+0000] {dag.py:2676} INFO - Sync 1 DAGs
[2024-09-09T01:57:09.679+0000] {logging_mixin.py:137} INFO - [2024-09-09T01:57:09.679+0000] {dag.py:3427} INFO - Setting next_dagrun for example_branch_dop_operator_v3 to 2024-09-09T01:56:00+00:00, run_after=2024-09-09T01:57:00+00:00
[2024-09-09T01:57:09.694+0000] {processor.py:175} INFO - Processing /home/airflow/.local/lib/python3.7/site-packages/airflow/example_dags/example_branch_python_dop_operator_3.py took 0.085 seconds
[2024-09-09T01:57:40.078+0000] {processor.py:153} INFO - Started process (PID=4196) to work on /home/airflow/.local/lib/python3.7/site-packages/airflow/example_dags/example_branch_python_dop_operator_3.py
[2024-09-09T01:57:40.078+0000] {processor.py:743} INFO - Processing file /home/airflow/.local/lib/python3.7/site-packages/airflow/example_dags/example_branch_python_dop_operator_3.py for tasks to queue
[2024-09-09T01:57:40.079+0000] {logging_mixin.py:137} INFO - [2024-09-09T01:57:40.079+0000] {dagbag.py:538} INFO - Filling up the DagBag from /home/airflow/.local/lib/python3.7/site-packages/airflow/example_dags/example_branch_python_dop_operator_3.py
[2024-09-09T01:57:40.097+0000] {processor.py:753} INFO - DAG(s) dict_keys(['example_branch_dop_operator_v3']) retrieved from /home/airflow/.local/lib/python3.7/site-packages/airflow/example_dags/example_branch_python_dop_operator_3.py
[2024-09-09T01:57:40.125+0000] {logging_mixin.py:137} INFO - [2024-09-09T01:57:40.125+0000] {dag.py:2676} INFO - Sync 1 DAGs
[2024-09-09T01:57:40.147+0000] {logging_mixin.py:137} INFO - [2024-09-09T01:57:40.147+0000] {dag.py:3427} INFO - Setting next_dagrun for example_branch_dop_operator_v3 to 2024-09-09T01:56:00+00:00, run_after=2024-09-09T01:57:00+00:00
[2024-09-09T01:57:40.162+0000] {processor.py:175} INFO - Processing /home/airflow/.local/lib/python3.7/site-packages/airflow/example_dags/example_branch_python_dop_operator_3.py took 0.087 seconds
[2024-09-09T01:58:10.334+0000] {processor.py:153} INFO - Started process (PID=4320) to work on /home/airflow/.local/lib/python3.7/site-packages/airflow/example_dags/example_branch_python_dop_operator_3.py
[2024-09-09T01:58:10.335+0000] {processor.py:743} INFO - Processing file /home/airflow/.local/lib/python3.7/site-packages/airflow/example_dags/example_branch_python_dop_operator_3.py for tasks to queue
[2024-09-09T01:58:10.335+0000] {logging_mixin.py:137} INFO - [2024-09-09T01:58:10.335+0000] {dagbag.py:538} INFO - Filling up the DagBag from /home/airflow/.local/lib/python3.7/site-packages/airflow/example_dags/example_branch_python_dop_operator_3.py
[2024-09-09T01:58:10.352+0000] {processor.py:753} INFO - DAG(s) dict_keys(['example_branch_dop_operator_v3']) retrieved from /home/airflow/.local/lib/python3.7/site-packages/airflow/example_dags/example_branch_python_dop_operator_3.py
[2024-09-09T01:58:10.381+0000] {logging_mixin.py:137} INFO - [2024-09-09T01:58:10.381+0000] {dag.py:2676} INFO - Sync 1 DAGs
[2024-09-09T01:58:10.404+0000] {logging_mixin.py:137} INFO - [2024-09-09T01:58:10.404+0000] {dag.py:3427} INFO - Setting next_dagrun for example_branch_dop_operator_v3 to 2024-09-09T01:57:00+00:00, run_after=2024-09-09T01:58:00+00:00
[2024-09-09T01:58:10.422+0000] {processor.py:175} INFO - Processing /home/airflow/.local/lib/python3.7/site-packages/airflow/example_dags/example_branch_python_dop_operator_3.py took 0.089 seconds
[2024-09-09T01:58:40.951+0000] {processor.py:153} INFO - Started process (PID=4444) to work on /home/airflow/.local/lib/python3.7/site-packages/airflow/example_dags/example_branch_python_dop_operator_3.py
[2024-09-09T01:58:40.952+0000] {processor.py:743} INFO - Processing file /home/airflow/.local/lib/python3.7/site-packages/airflow/example_dags/example_branch_python_dop_operator_3.py for tasks to queue
[2024-09-09T01:58:40.952+0000] {logging_mixin.py:137} INFO - [2024-09-09T01:58:40.952+0000] {dagbag.py:538} INFO - Filling up the DagBag from /home/airflow/.local/lib/python3.7/site-packages/airflow/example_dags/example_branch_python_dop_operator_3.py
[2024-09-09T01:58:40.973+0000] {processor.py:753} INFO - DAG(s) dict_keys(['example_branch_dop_operator_v3']) retrieved from /home/airflow/.local/lib/python3.7/site-packages/airflow/example_dags/example_branch_python_dop_operator_3.py
[2024-09-09T01:58:41.005+0000] {logging_mixin.py:137} INFO - [2024-09-09T01:58:41.005+0000] {dag.py:2676} INFO - Sync 1 DAGs
[2024-09-09T01:58:41.029+0000] {logging_mixin.py:137} INFO - [2024-09-09T01:58:41.029+0000] {dag.py:3427} INFO - Setting next_dagrun for example_branch_dop_operator_v3 to 2024-09-09T01:57:00+00:00, run_after=2024-09-09T01:58:00+00:00
[2024-09-09T01:58:41.048+0000] {processor.py:175} INFO - Processing /home/airflow/.local/lib/python3.7/site-packages/airflow/example_dags/example_branch_python_dop_operator_3.py took 0.099 seconds
[2024-09-09T01:59:11.083+0000] {processor.py:153} INFO - Started process (PID=4540) to work on /home/airflow/.local/lib/python3.7/site-packages/airflow/example_dags/example_branch_python_dop_operator_3.py
[2024-09-09T01:59:11.084+0000] {processor.py:743} INFO - Processing file /home/airflow/.local/lib/python3.7/site-packages/airflow/example_dags/example_branch_python_dop_operator_3.py for tasks to queue
[2024-09-09T01:59:11.084+0000] {logging_mixin.py:137} INFO - [2024-09-09T01:59:11.084+0000] {dagbag.py:538} INFO - Filling up the DagBag from /home/airflow/.local/lib/python3.7/site-packages/airflow/example_dags/example_branch_python_dop_operator_3.py
[2024-09-09T01:59:11.104+0000] {processor.py:753} INFO - DAG(s) dict_keys(['example_branch_dop_operator_v3']) retrieved from /home/airflow/.local/lib/python3.7/site-packages/airflow/example_dags/example_branch_python_dop_operator_3.py
[2024-09-09T01:59:11.134+0000] {logging_mixin.py:137} INFO - [2024-09-09T01:59:11.134+0000] {dag.py:2676} INFO - Sync 1 DAGs
[2024-09-09T01:59:11.160+0000] {logging_mixin.py:137} INFO - [2024-09-09T01:59:11.160+0000] {dag.py:3427} INFO - Setting next_dagrun for example_branch_dop_operator_v3 to 2024-09-09T01:58:00+00:00, run_after=2024-09-09T01:59:00+00:00
[2024-09-09T01:59:11.178+0000] {processor.py:175} INFO - Processing /home/airflow/.local/lib/python3.7/site-packages/airflow/example_dags/example_branch_python_dop_operator_3.py took 0.098 seconds
[2024-09-09T01:59:41.315+0000] {processor.py:153} INFO - Started process (PID=4664) to work on /home/airflow/.local/lib/python3.7/site-packages/airflow/example_dags/example_branch_python_dop_operator_3.py
[2024-09-09T01:59:41.316+0000] {processor.py:743} INFO - Processing file /home/airflow/.local/lib/python3.7/site-packages/airflow/example_dags/example_branch_python_dop_operator_3.py for tasks to queue
[2024-09-09T01:59:41.317+0000] {logging_mixin.py:137} INFO - [2024-09-09T01:59:41.317+0000] {dagbag.py:538} INFO - Filling up the DagBag from /home/airflow/.local/lib/python3.7/site-packages/airflow/example_dags/example_branch_python_dop_operator_3.py
[2024-09-09T01:59:41.337+0000] {processor.py:753} INFO - DAG(s) dict_keys(['example_branch_dop_operator_v3']) retrieved from /home/airflow/.local/lib/python3.7/site-packages/airflow/example_dags/example_branch_python_dop_operator_3.py
[2024-09-09T01:59:41.371+0000] {logging_mixin.py:137} INFO - [2024-09-09T01:59:41.371+0000] {dag.py:2676} INFO - Sync 1 DAGs
[2024-09-09T01:59:41.397+0000] {logging_mixin.py:137} INFO - [2024-09-09T01:59:41.397+0000] {dag.py:3427} INFO - Setting next_dagrun for example_branch_dop_operator_v3 to 2024-09-09T01:58:00+00:00, run_after=2024-09-09T01:59:00+00:00
[2024-09-09T01:59:41.416+0000] {processor.py:175} INFO - Processing /home/airflow/.local/lib/python3.7/site-packages/airflow/example_dags/example_branch_python_dop_operator_3.py took 0.105 seconds
[2024-09-09T02:00:11.553+0000] {processor.py:153} INFO - Started process (PID=4760) to work on /home/airflow/.local/lib/python3.7/site-packages/airflow/example_dags/example_branch_python_dop_operator_3.py
[2024-09-09T02:00:11.554+0000] {processor.py:743} INFO - Processing file /home/airflow/.local/lib/python3.7/site-packages/airflow/example_dags/example_branch_python_dop_operator_3.py for tasks to queue
[2024-09-09T02:00:11.554+0000] {logging_mixin.py:137} INFO - [2024-09-09T02:00:11.554+0000] {dagbag.py:538} INFO - Filling up the DagBag from /home/airflow/.local/lib/python3.7/site-packages/airflow/example_dags/example_branch_python_dop_operator_3.py
[2024-09-09T02:00:11.572+0000] {processor.py:753} INFO - DAG(s) dict_keys(['example_branch_dop_operator_v3']) retrieved from /home/airflow/.local/lib/python3.7/site-packages/airflow/example_dags/example_branch_python_dop_operator_3.py
[2024-09-09T02:00:11.600+0000] {logging_mixin.py:137} INFO - [2024-09-09T02:00:11.600+0000] {dag.py:2676} INFO - Sync 1 DAGs
[2024-09-09T02:00:11.621+0000] {logging_mixin.py:137} INFO - [2024-09-09T02:00:11.620+0000] {dag.py:3427} INFO - Setting next_dagrun for example_branch_dop_operator_v3 to 2024-09-09T01:59:00+00:00, run_after=2024-09-09T02:00:00+00:00
[2024-09-09T02:00:11.636+0000] {processor.py:175} INFO - Processing /home/airflow/.local/lib/python3.7/site-packages/airflow/example_dags/example_branch_python_dop_operator_3.py took 0.086 seconds
[2024-09-09T02:00:41.929+0000] {processor.py:153} INFO - Started process (PID=4884) to work on /home/airflow/.local/lib/python3.7/site-packages/airflow/example_dags/example_branch_python_dop_operator_3.py
[2024-09-09T02:00:41.930+0000] {processor.py:743} INFO - Processing file /home/airflow/.local/lib/python3.7/site-packages/airflow/example_dags/example_branch_python_dop_operator_3.py for tasks to queue
[2024-09-09T02:00:41.931+0000] {logging_mixin.py:137} INFO - [2024-09-09T02:00:41.930+0000] {dagbag.py:538} INFO - Filling up the DagBag from /home/airflow/.local/lib/python3.7/site-packages/airflow/example_dags/example_branch_python_dop_operator_3.py
[2024-09-09T02:00:41.948+0000] {processor.py:753} INFO - DAG(s) dict_keys(['example_branch_dop_operator_v3']) retrieved from /home/airflow/.local/lib/python3.7/site-packages/airflow/example_dags/example_branch_python_dop_operator_3.py
[2024-09-09T02:00:41.973+0000] {logging_mixin.py:137} INFO - [2024-09-09T02:00:41.972+0000] {dag.py:2676} INFO - Sync 1 DAGs
[2024-09-09T02:00:41.997+0000] {logging_mixin.py:137} INFO - [2024-09-09T02:00:41.997+0000] {dag.py:3427} INFO - Setting next_dagrun for example_branch_dop_operator_v3 to 2024-09-09T01:59:00+00:00, run_after=2024-09-09T02:00:00+00:00
[2024-09-09T02:00:42.013+0000] {processor.py:175} INFO - Processing /home/airflow/.local/lib/python3.7/site-packages/airflow/example_dags/example_branch_python_dop_operator_3.py took 0.086 seconds
[2024-09-09T02:01:12.037+0000] {processor.py:153} INFO - Started process (PID=4980) to work on /home/airflow/.local/lib/python3.7/site-packages/airflow/example_dags/example_branch_python_dop_operator_3.py
[2024-09-09T02:01:12.038+0000] {processor.py:743} INFO - Processing file /home/airflow/.local/lib/python3.7/site-packages/airflow/example_dags/example_branch_python_dop_operator_3.py for tasks to queue
[2024-09-09T02:01:12.038+0000] {logging_mixin.py:137} INFO - [2024-09-09T02:01:12.038+0000] {dagbag.py:538} INFO - Filling up the DagBag from /home/airflow/.local/lib/python3.7/site-packages/airflow/example_dags/example_branch_python_dop_operator_3.py
[2024-09-09T02:01:12.055+0000] {processor.py:753} INFO - DAG(s) dict_keys(['example_branch_dop_operator_v3']) retrieved from /home/airflow/.local/lib/python3.7/site-packages/airflow/example_dags/example_branch_python_dop_operator_3.py
[2024-09-09T02:01:12.094+0000] {logging_mixin.py:137} INFO - [2024-09-09T02:01:12.094+0000] {dag.py:2676} INFO - Sync 1 DAGs
[2024-09-09T02:01:12.117+0000] {logging_mixin.py:137} INFO - [2024-09-09T02:01:12.117+0000] {dag.py:3427} INFO - Setting next_dagrun for example_branch_dop_operator_v3 to 2024-09-09T02:00:00+00:00, run_after=2024-09-09T02:01:00+00:00
[2024-09-09T02:01:12.134+0000] {processor.py:175} INFO - Processing /home/airflow/.local/lib/python3.7/site-packages/airflow/example_dags/example_branch_python_dop_operator_3.py took 0.099 seconds
[2024-09-09T02:01:42.257+0000] {processor.py:153} INFO - Started process (PID=5104) to work on /home/airflow/.local/lib/python3.7/site-packages/airflow/example_dags/example_branch_python_dop_operator_3.py
[2024-09-09T02:01:42.258+0000] {processor.py:743} INFO - Processing file /home/airflow/.local/lib/python3.7/site-packages/airflow/example_dags/example_branch_python_dop_operator_3.py for tasks to queue
[2024-09-09T02:01:42.258+0000] {logging_mixin.py:137} INFO - [2024-09-09T02:01:42.258+0000] {dagbag.py:538} INFO - Filling up the DagBag from /home/airflow/.local/lib/python3.7/site-packages/airflow/example_dags/example_branch_python_dop_operator_3.py
[2024-09-09T02:01:42.275+0000] {processor.py:753} INFO - DAG(s) dict_keys(['example_branch_dop_operator_v3']) retrieved from /home/airflow/.local/lib/python3.7/site-packages/airflow/example_dags/example_branch_python_dop_operator_3.py
[2024-09-09T02:01:42.303+0000] {logging_mixin.py:137} INFO - [2024-09-09T02:01:42.303+0000] {dag.py:2676} INFO - Sync 1 DAGs
[2024-09-09T02:01:42.329+0000] {logging_mixin.py:137} INFO - [2024-09-09T02:01:42.328+0000] {dag.py:3427} INFO - Setting next_dagrun for example_branch_dop_operator_v3 to 2024-09-09T02:00:00+00:00, run_after=2024-09-09T02:01:00+00:00
[2024-09-09T02:01:42.346+0000] {processor.py:175} INFO - Processing /home/airflow/.local/lib/python3.7/site-packages/airflow/example_dags/example_branch_python_dop_operator_3.py took 0.091 seconds
[2024-09-09T02:02:12.556+0000] {processor.py:153} INFO - Started process (PID=5227) to work on /home/airflow/.local/lib/python3.7/site-packages/airflow/example_dags/example_branch_python_dop_operator_3.py
[2024-09-09T02:02:12.557+0000] {processor.py:743} INFO - Processing file /home/airflow/.local/lib/python3.7/site-packages/airflow/example_dags/example_branch_python_dop_operator_3.py for tasks to queue
[2024-09-09T02:02:12.558+0000] {logging_mixin.py:137} INFO - [2024-09-09T02:02:12.558+0000] {dagbag.py:538} INFO - Filling up the DagBag from /home/airflow/.local/lib/python3.7/site-packages/airflow/example_dags/example_branch_python_dop_operator_3.py
[2024-09-09T02:02:12.578+0000] {processor.py:753} INFO - DAG(s) dict_keys(['example_branch_dop_operator_v3']) retrieved from /home/airflow/.local/lib/python3.7/site-packages/airflow/example_dags/example_branch_python_dop_operator_3.py
[2024-09-09T02:02:12.611+0000] {logging_mixin.py:137} INFO - [2024-09-09T02:02:12.610+0000] {dag.py:2676} INFO - Sync 1 DAGs
[2024-09-09T02:02:12.636+0000] {logging_mixin.py:137} INFO - [2024-09-09T02:02:12.636+0000] {dag.py:3427} INFO - Setting next_dagrun for example_branch_dop_operator_v3 to 2024-09-09T02:01:00+00:00, run_after=2024-09-09T02:02:00+00:00
[2024-09-09T02:02:12.655+0000] {processor.py:175} INFO - Processing /home/airflow/.local/lib/python3.7/site-packages/airflow/example_dags/example_branch_python_dop_operator_3.py took 0.101 seconds
[2024-09-09T02:02:42.698+0000] {processor.py:153} INFO - Started process (PID=5323) to work on /home/airflow/.local/lib/python3.7/site-packages/airflow/example_dags/example_branch_python_dop_operator_3.py
[2024-09-09T02:02:42.699+0000] {processor.py:743} INFO - Processing file /home/airflow/.local/lib/python3.7/site-packages/airflow/example_dags/example_branch_python_dop_operator_3.py for tasks to queue
[2024-09-09T02:02:42.699+0000] {logging_mixin.py:137} INFO - [2024-09-09T02:02:42.699+0000] {dagbag.py:538} INFO - Filling up the DagBag from /home/airflow/.local/lib/python3.7/site-packages/airflow/example_dags/example_branch_python_dop_operator_3.py
[2024-09-09T02:02:42.719+0000] {processor.py:753} INFO - DAG(s) dict_keys(['example_branch_dop_operator_v3']) retrieved from /home/airflow/.local/lib/python3.7/site-packages/airflow/example_dags/example_branch_python_dop_operator_3.py
[2024-09-09T02:02:42.754+0000] {logging_mixin.py:137} INFO - [2024-09-09T02:02:42.753+0000] {dag.py:2676} INFO - Sync 1 DAGs
[2024-09-09T02:02:42.782+0000] {logging_mixin.py:137} INFO - [2024-09-09T02:02:42.782+0000] {dag.py:3427} INFO - Setting next_dagrun for example_branch_dop_operator_v3 to 2024-09-09T02:01:00+00:00, run_after=2024-09-09T02:02:00+00:00
[2024-09-09T02:02:42.803+0000] {processor.py:175} INFO - Processing /home/airflow/.local/lib/python3.7/site-packages/airflow/example_dags/example_branch_python_dop_operator_3.py took 0.108 seconds
[2024-09-09T02:03:13.158+0000] {processor.py:153} INFO - Started process (PID=5447) to work on /home/airflow/.local/lib/python3.7/site-packages/airflow/example_dags/example_branch_python_dop_operator_3.py
[2024-09-09T02:03:13.159+0000] {processor.py:743} INFO - Processing file /home/airflow/.local/lib/python3.7/site-packages/airflow/example_dags/example_branch_python_dop_operator_3.py for tasks to queue
[2024-09-09T02:03:13.160+0000] {logging_mixin.py:137} INFO - [2024-09-09T02:03:13.160+0000] {dagbag.py:538} INFO - Filling up the DagBag from /home/airflow/.local/lib/python3.7/site-packages/airflow/example_dags/example_branch_python_dop_operator_3.py
[2024-09-09T02:03:13.191+0000] {processor.py:753} INFO - DAG(s) dict_keys(['example_branch_dop_operator_v3']) retrieved from /home/airflow/.local/lib/python3.7/site-packages/airflow/example_dags/example_branch_python_dop_operator_3.py
[2024-09-09T02:03:13.232+0000] {logging_mixin.py:137} INFO - [2024-09-09T02:03:13.232+0000] {dag.py:2676} INFO - Sync 1 DAGs
[2024-09-09T02:03:13.269+0000] {logging_mixin.py:137} INFO - [2024-09-09T02:03:13.269+0000] {dag.py:3427} INFO - Setting next_dagrun for example_branch_dop_operator_v3 to 2024-09-09T02:02:00+00:00, run_after=2024-09-09T02:03:00+00:00
[2024-09-09T02:03:13.291+0000] {processor.py:175} INFO - Processing /home/airflow/.local/lib/python3.7/site-packages/airflow/example_dags/example_branch_python_dop_operator_3.py took 0.136 seconds
[2024-09-09T02:03:43.413+0000] {processor.py:153} INFO - Started process (PID=5543) to work on /home/airflow/.local/lib/python3.7/site-packages/airflow/example_dags/example_branch_python_dop_operator_3.py
[2024-09-09T02:03:43.414+0000] {processor.py:743} INFO - Processing file /home/airflow/.local/lib/python3.7/site-packages/airflow/example_dags/example_branch_python_dop_operator_3.py for tasks to queue
[2024-09-09T02:03:43.415+0000] {logging_mixin.py:137} INFO - [2024-09-09T02:03:43.414+0000] {dagbag.py:538} INFO - Filling up the DagBag from /home/airflow/.local/lib/python3.7/site-packages/airflow/example_dags/example_branch_python_dop_operator_3.py
[2024-09-09T02:03:43.433+0000] {processor.py:753} INFO - DAG(s) dict_keys(['example_branch_dop_operator_v3']) retrieved from /home/airflow/.local/lib/python3.7/site-packages/airflow/example_dags/example_branch_python_dop_operator_3.py
[2024-09-09T02:03:43.467+0000] {logging_mixin.py:137} INFO - [2024-09-09T02:03:43.467+0000] {dag.py:2676} INFO - Sync 1 DAGs
[2024-09-09T02:03:43.492+0000] {logging_mixin.py:137} INFO - [2024-09-09T02:03:43.492+0000] {dag.py:3427} INFO - Setting next_dagrun for example_branch_dop_operator_v3 to 2024-09-09T02:02:00+00:00, run_after=2024-09-09T02:03:00+00:00
[2024-09-09T02:03:43.513+0000] {processor.py:175} INFO - Processing /home/airflow/.local/lib/python3.7/site-packages/airflow/example_dags/example_branch_python_dop_operator_3.py took 0.103 seconds
[2024-09-09T02:04:14.437+0000] {processor.py:153} INFO - Started process (PID=5667) to work on /home/airflow/.local/lib/python3.7/site-packages/airflow/example_dags/example_branch_python_dop_operator_3.py
[2024-09-09T02:04:14.446+0000] {processor.py:743} INFO - Processing file /home/airflow/.local/lib/python3.7/site-packages/airflow/example_dags/example_branch_python_dop_operator_3.py for tasks to queue
[2024-09-09T02:04:14.446+0000] {logging_mixin.py:137} INFO - [2024-09-09T02:04:14.446+0000] {dagbag.py:538} INFO - Filling up the DagBag from /home/airflow/.local/lib/python3.7/site-packages/airflow/example_dags/example_branch_python_dop_operator_3.py
[2024-09-09T02:04:14.462+0000] {processor.py:753} INFO - DAG(s) dict_keys(['example_branch_dop_operator_v3']) retrieved from /home/airflow/.local/lib/python3.7/site-packages/airflow/example_dags/example_branch_python_dop_operator_3.py
[2024-09-09T02:04:14.490+0000] {logging_mixin.py:137} INFO - [2024-09-09T02:04:14.490+0000] {dag.py:2676} INFO - Sync 1 DAGs
[2024-09-09T02:04:14.511+0000] {logging_mixin.py:137} INFO - [2024-09-09T02:04:14.511+0000] {dag.py:3427} INFO - Setting next_dagrun for example_branch_dop_operator_v3 to 2024-09-09T02:03:00+00:00, run_after=2024-09-09T02:04:00+00:00
[2024-09-09T02:04:14.529+0000] {processor.py:175} INFO - Processing /home/airflow/.local/lib/python3.7/site-packages/airflow/example_dags/example_branch_python_dop_operator_3.py took 0.094 seconds
[2024-09-09T02:04:44.971+0000] {processor.py:153} INFO - Started process (PID=5772) to work on /home/airflow/.local/lib/python3.7/site-packages/airflow/example_dags/example_branch_python_dop_operator_3.py
[2024-09-09T02:04:44.972+0000] {processor.py:743} INFO - Processing file /home/airflow/.local/lib/python3.7/site-packages/airflow/example_dags/example_branch_python_dop_operator_3.py for tasks to queue
[2024-09-09T02:04:44.973+0000] {logging_mixin.py:137} INFO - [2024-09-09T02:04:44.973+0000] {dagbag.py:538} INFO - Filling up the DagBag from /home/airflow/.local/lib/python3.7/site-packages/airflow/example_dags/example_branch_python_dop_operator_3.py
[2024-09-09T02:04:44.996+0000] {processor.py:753} INFO - DAG(s) dict_keys(['example_branch_dop_operator_v3']) retrieved from /home/airflow/.local/lib/python3.7/site-packages/airflow/example_dags/example_branch_python_dop_operator_3.py
[2024-09-09T02:04:45.031+0000] {logging_mixin.py:137} INFO - [2024-09-09T02:04:45.030+0000] {dag.py:2676} INFO - Sync 1 DAGs
[2024-09-09T02:04:45.063+0000] {logging_mixin.py:137} INFO - [2024-09-09T02:04:45.063+0000] {dag.py:3427} INFO - Setting next_dagrun for example_branch_dop_operator_v3 to 2024-09-09T02:03:00+00:00, run_after=2024-09-09T02:04:00+00:00
[2024-09-09T02:04:45.085+0000] {processor.py:175} INFO - Processing /home/airflow/.local/lib/python3.7/site-packages/airflow/example_dags/example_branch_python_dop_operator_3.py took 0.117 seconds
[2024-09-09T02:05:15.294+0000] {processor.py:153} INFO - Started process (PID=5887) to work on /home/airflow/.local/lib/python3.7/site-packages/airflow/example_dags/example_branch_python_dop_operator_3.py
[2024-09-09T02:05:15.295+0000] {processor.py:743} INFO - Processing file /home/airflow/.local/lib/python3.7/site-packages/airflow/example_dags/example_branch_python_dop_operator_3.py for tasks to queue
[2024-09-09T02:05:15.296+0000] {logging_mixin.py:137} INFO - [2024-09-09T02:05:15.295+0000] {dagbag.py:538} INFO - Filling up the DagBag from /home/airflow/.local/lib/python3.7/site-packages/airflow/example_dags/example_branch_python_dop_operator_3.py
[2024-09-09T02:05:15.312+0000] {processor.py:753} INFO - DAG(s) dict_keys(['example_branch_dop_operator_v3']) retrieved from /home/airflow/.local/lib/python3.7/site-packages/airflow/example_dags/example_branch_python_dop_operator_3.py
[2024-09-09T02:05:15.340+0000] {logging_mixin.py:137} INFO - [2024-09-09T02:05:15.340+0000] {dag.py:2676} INFO - Sync 1 DAGs
[2024-09-09T02:05:15.362+0000] {logging_mixin.py:137} INFO - [2024-09-09T02:05:15.362+0000] {dag.py:3427} INFO - Setting next_dagrun for example_branch_dop_operator_v3 to 2024-09-09T02:04:00+00:00, run_after=2024-09-09T02:05:00+00:00
[2024-09-09T02:05:15.382+0000] {processor.py:175} INFO - Processing /home/airflow/.local/lib/python3.7/site-packages/airflow/example_dags/example_branch_python_dop_operator_3.py took 0.090 seconds
[2024-09-09T02:05:45.833+0000] {processor.py:153} INFO - Started process (PID=6011) to work on /home/airflow/.local/lib/python3.7/site-packages/airflow/example_dags/example_branch_python_dop_operator_3.py
[2024-09-09T02:05:45.842+0000] {processor.py:743} INFO - Processing file /home/airflow/.local/lib/python3.7/site-packages/airflow/example_dags/example_branch_python_dop_operator_3.py for tasks to queue
[2024-09-09T02:05:45.842+0000] {logging_mixin.py:137} INFO - [2024-09-09T02:05:45.842+0000] {dagbag.py:538} INFO - Filling up the DagBag from /home/airflow/.local/lib/python3.7/site-packages/airflow/example_dags/example_branch_python_dop_operator_3.py
[2024-09-09T02:05:45.862+0000] {processor.py:753} INFO - DAG(s) dict_keys(['example_branch_dop_operator_v3']) retrieved from /home/airflow/.local/lib/python3.7/site-packages/airflow/example_dags/example_branch_python_dop_operator_3.py
[2024-09-09T02:05:45.892+0000] {logging_mixin.py:137} INFO - [2024-09-09T02:05:45.892+0000] {dag.py:2676} INFO - Sync 1 DAGs
[2024-09-09T02:05:45.914+0000] {logging_mixin.py:137} INFO - [2024-09-09T02:05:45.914+0000] {dag.py:3427} INFO - Setting next_dagrun for example_branch_dop_operator_v3 to 2024-09-09T02:04:00+00:00, run_after=2024-09-09T02:05:00+00:00
[2024-09-09T02:05:45.931+0000] {processor.py:175} INFO - Processing /home/airflow/.local/lib/python3.7/site-packages/airflow/example_dags/example_branch_python_dop_operator_3.py took 0.100 seconds
[2024-09-09T02:06:16.043+0000] {processor.py:153} INFO - Started process (PID=6107) to work on /home/airflow/.local/lib/python3.7/site-packages/airflow/example_dags/example_branch_python_dop_operator_3.py
[2024-09-09T02:06:16.044+0000] {processor.py:743} INFO - Processing file /home/airflow/.local/lib/python3.7/site-packages/airflow/example_dags/example_branch_python_dop_operator_3.py for tasks to queue
[2024-09-09T02:06:16.044+0000] {logging_mixin.py:137} INFO - [2024-09-09T02:06:16.044+0000] {dagbag.py:538} INFO - Filling up the DagBag from /home/airflow/.local/lib/python3.7/site-packages/airflow/example_dags/example_branch_python_dop_operator_3.py
[2024-09-09T02:06:16.060+0000] {processor.py:753} INFO - DAG(s) dict_keys(['example_branch_dop_operator_v3']) retrieved from /home/airflow/.local/lib/python3.7/site-packages/airflow/example_dags/example_branch_python_dop_operator_3.py
[2024-09-09T02:06:16.085+0000] {logging_mixin.py:137} INFO - [2024-09-09T02:06:16.085+0000] {dag.py:2676} INFO - Sync 1 DAGs
[2024-09-09T02:06:16.104+0000] {logging_mixin.py:137} INFO - [2024-09-09T02:06:16.104+0000] {dag.py:3427} INFO - Setting next_dagrun for example_branch_dop_operator_v3 to 2024-09-09T02:05:00+00:00, run_after=2024-09-09T02:06:00+00:00
[2024-09-09T02:06:16.121+0000] {processor.py:175} INFO - Processing /home/airflow/.local/lib/python3.7/site-packages/airflow/example_dags/example_branch_python_dop_operator_3.py took 0.081 seconds
[2024-09-09T02:06:46.246+0000] {processor.py:153} INFO - Started process (PID=6231) to work on /home/airflow/.local/lib/python3.7/site-packages/airflow/example_dags/example_branch_python_dop_operator_3.py
[2024-09-09T02:06:46.247+0000] {processor.py:743} INFO - Processing file /home/airflow/.local/lib/python3.7/site-packages/airflow/example_dags/example_branch_python_dop_operator_3.py for tasks to queue
[2024-09-09T02:06:46.247+0000] {logging_mixin.py:137} INFO - [2024-09-09T02:06:46.247+0000] {dagbag.py:538} INFO - Filling up the DagBag from /home/airflow/.local/lib/python3.7/site-packages/airflow/example_dags/example_branch_python_dop_operator_3.py
[2024-09-09T02:06:46.266+0000] {processor.py:753} INFO - DAG(s) dict_keys(['example_branch_dop_operator_v3']) retrieved from /home/airflow/.local/lib/python3.7/site-packages/airflow/example_dags/example_branch_python_dop_operator_3.py
[2024-09-09T02:06:46.298+0000] {logging_mixin.py:137} INFO - [2024-09-09T02:06:46.298+0000] {dag.py:2676} INFO - Sync 1 DAGs
[2024-09-09T02:06:46.325+0000] {logging_mixin.py:137} INFO - [2024-09-09T02:06:46.325+0000] {dag.py:3427} INFO - Setting next_dagrun for example_branch_dop_operator_v3 to 2024-09-09T02:05:00+00:00, run_after=2024-09-09T02:06:00+00:00
[2024-09-09T02:06:46.345+0000] {processor.py:175} INFO - Processing /home/airflow/.local/lib/python3.7/site-packages/airflow/example_dags/example_branch_python_dop_operator_3.py took 0.102 seconds
[2024-09-09T02:07:16.649+0000] {processor.py:153} INFO - Started process (PID=6327) to work on /home/airflow/.local/lib/python3.7/site-packages/airflow/example_dags/example_branch_python_dop_operator_3.py
[2024-09-09T02:07:16.656+0000] {processor.py:743} INFO - Processing file /home/airflow/.local/lib/python3.7/site-packages/airflow/example_dags/example_branch_python_dop_operator_3.py for tasks to queue
[2024-09-09T02:07:16.656+0000] {logging_mixin.py:137} INFO - [2024-09-09T02:07:16.656+0000] {dagbag.py:538} INFO - Filling up the DagBag from /home/airflow/.local/lib/python3.7/site-packages/airflow/example_dags/example_branch_python_dop_operator_3.py
[2024-09-09T02:07:16.683+0000] {processor.py:753} INFO - DAG(s) dict_keys(['example_branch_dop_operator_v3']) retrieved from /home/airflow/.local/lib/python3.7/site-packages/airflow/example_dags/example_branch_python_dop_operator_3.py
[2024-09-09T02:07:16.736+0000] {logging_mixin.py:137} INFO - [2024-09-09T02:07:16.736+0000] {dag.py:2676} INFO - Sync 1 DAGs
[2024-09-09T02:07:16.780+0000] {logging_mixin.py:137} INFO - [2024-09-09T02:07:16.779+0000] {dag.py:3427} INFO - Setting next_dagrun for example_branch_dop_operator_v3 to 2024-09-09T02:06:00+00:00, run_after=2024-09-09T02:07:00+00:00
[2024-09-09T02:07:16.806+0000] {processor.py:175} INFO - Processing /home/airflow/.local/lib/python3.7/site-packages/airflow/example_dags/example_branch_python_dop_operator_3.py took 0.159 seconds
[2024-09-09T02:07:47.158+0000] {processor.py:153} INFO - Started process (PID=6451) to work on /home/airflow/.local/lib/python3.7/site-packages/airflow/example_dags/example_branch_python_dop_operator_3.py
[2024-09-09T02:07:47.159+0000] {processor.py:743} INFO - Processing file /home/airflow/.local/lib/python3.7/site-packages/airflow/example_dags/example_branch_python_dop_operator_3.py for tasks to queue
[2024-09-09T02:07:47.159+0000] {logging_mixin.py:137} INFO - [2024-09-09T02:07:47.159+0000] {dagbag.py:538} INFO - Filling up the DagBag from /home/airflow/.local/lib/python3.7/site-packages/airflow/example_dags/example_branch_python_dop_operator_3.py
[2024-09-09T02:07:47.176+0000] {processor.py:753} INFO - DAG(s) dict_keys(['example_branch_dop_operator_v3']) retrieved from /home/airflow/.local/lib/python3.7/site-packages/airflow/example_dags/example_branch_python_dop_operator_3.py
[2024-09-09T02:07:47.205+0000] {logging_mixin.py:137} INFO - [2024-09-09T02:07:47.204+0000] {dag.py:2676} INFO - Sync 1 DAGs
[2024-09-09T02:07:47.227+0000] {logging_mixin.py:137} INFO - [2024-09-09T02:07:47.226+0000] {dag.py:3427} INFO - Setting next_dagrun for example_branch_dop_operator_v3 to 2024-09-09T02:06:00+00:00, run_after=2024-09-09T02:07:00+00:00
[2024-09-09T02:07:47.246+0000] {processor.py:175} INFO - Processing /home/airflow/.local/lib/python3.7/site-packages/airflow/example_dags/example_branch_python_dop_operator_3.py took 0.090 seconds
[2024-09-09T02:08:17.464+0000] {processor.py:153} INFO - Started process (PID=6575) to work on /home/airflow/.local/lib/python3.7/site-packages/airflow/example_dags/example_branch_python_dop_operator_3.py
[2024-09-09T02:08:17.475+0000] {processor.py:743} INFO - Processing file /home/airflow/.local/lib/python3.7/site-packages/airflow/example_dags/example_branch_python_dop_operator_3.py for tasks to queue
[2024-09-09T02:08:17.476+0000] {logging_mixin.py:137} INFO - [2024-09-09T02:08:17.476+0000] {dagbag.py:538} INFO - Filling up the DagBag from /home/airflow/.local/lib/python3.7/site-packages/airflow/example_dags/example_branch_python_dop_operator_3.py
[2024-09-09T02:08:17.524+0000] {processor.py:753} INFO - DAG(s) dict_keys(['example_branch_dop_operator_v3']) retrieved from /home/airflow/.local/lib/python3.7/site-packages/airflow/example_dags/example_branch_python_dop_operator_3.py
[2024-09-09T02:08:17.559+0000] {logging_mixin.py:137} INFO - [2024-09-09T02:08:17.559+0000] {dag.py:2676} INFO - Sync 1 DAGs
[2024-09-09T02:08:17.583+0000] {logging_mixin.py:137} INFO - [2024-09-09T02:08:17.583+0000] {dag.py:3427} INFO - Setting next_dagrun for example_branch_dop_operator_v3 to 2024-09-09T02:07:00+00:00, run_after=2024-09-09T02:08:00+00:00
[2024-09-09T02:08:17.604+0000] {processor.py:175} INFO - Processing /home/airflow/.local/lib/python3.7/site-packages/airflow/example_dags/example_branch_python_dop_operator_3.py took 0.143 seconds
[2024-09-09T02:08:47.763+0000] {processor.py:153} INFO - Started process (PID=6671) to work on /home/airflow/.local/lib/python3.7/site-packages/airflow/example_dags/example_branch_python_dop_operator_3.py
[2024-09-09T02:08:47.764+0000] {processor.py:743} INFO - Processing file /home/airflow/.local/lib/python3.7/site-packages/airflow/example_dags/example_branch_python_dop_operator_3.py for tasks to queue
[2024-09-09T02:08:47.764+0000] {logging_mixin.py:137} INFO - [2024-09-09T02:08:47.764+0000] {dagbag.py:538} INFO - Filling up the DagBag from /home/airflow/.local/lib/python3.7/site-packages/airflow/example_dags/example_branch_python_dop_operator_3.py
[2024-09-09T02:08:47.781+0000] {processor.py:753} INFO - DAG(s) dict_keys(['example_branch_dop_operator_v3']) retrieved from /home/airflow/.local/lib/python3.7/site-packages/airflow/example_dags/example_branch_python_dop_operator_3.py
[2024-09-09T02:08:47.811+0000] {logging_mixin.py:137} INFO - [2024-09-09T02:08:47.811+0000] {dag.py:2676} INFO - Sync 1 DAGs
[2024-09-09T02:08:47.835+0000] {logging_mixin.py:137} INFO - [2024-09-09T02:08:47.835+0000] {dag.py:3427} INFO - Setting next_dagrun for example_branch_dop_operator_v3 to 2024-09-09T02:07:00+00:00, run_after=2024-09-09T02:08:00+00:00
[2024-09-09T02:08:47.852+0000] {processor.py:175} INFO - Processing /home/airflow/.local/lib/python3.7/site-packages/airflow/example_dags/example_branch_python_dop_operator_3.py took 0.092 seconds
[2024-09-09T02:09:17.906+0000] {processor.py:153} INFO - Started process (PID=6794) to work on /home/airflow/.local/lib/python3.7/site-packages/airflow/example_dags/example_branch_python_dop_operator_3.py
[2024-09-09T02:09:17.907+0000] {processor.py:743} INFO - Processing file /home/airflow/.local/lib/python3.7/site-packages/airflow/example_dags/example_branch_python_dop_operator_3.py for tasks to queue
[2024-09-09T02:09:17.907+0000] {logging_mixin.py:137} INFO - [2024-09-09T02:09:17.907+0000] {dagbag.py:538} INFO - Filling up the DagBag from /home/airflow/.local/lib/python3.7/site-packages/airflow/example_dags/example_branch_python_dop_operator_3.py
[2024-09-09T02:09:17.923+0000] {processor.py:753} INFO - DAG(s) dict_keys(['example_branch_dop_operator_v3']) retrieved from /home/airflow/.local/lib/python3.7/site-packages/airflow/example_dags/example_branch_python_dop_operator_3.py
[2024-09-09T02:09:17.950+0000] {logging_mixin.py:137} INFO - [2024-09-09T02:09:17.950+0000] {dag.py:2676} INFO - Sync 1 DAGs
[2024-09-09T02:09:17.972+0000] {logging_mixin.py:137} INFO - [2024-09-09T02:09:17.972+0000] {dag.py:3427} INFO - Setting next_dagrun for example_branch_dop_operator_v3 to 2024-09-09T02:08:00+00:00, run_after=2024-09-09T02:09:00+00:00
[2024-09-09T02:09:17.989+0000] {processor.py:175} INFO - Processing /home/airflow/.local/lib/python3.7/site-packages/airflow/example_dags/example_branch_python_dop_operator_3.py took 0.086 seconds
[2024-09-09T02:09:48.351+0000] {processor.py:153} INFO - Started process (PID=6890) to work on /home/airflow/.local/lib/python3.7/site-packages/airflow/example_dags/example_branch_python_dop_operator_3.py
[2024-09-09T02:09:48.358+0000] {processor.py:743} INFO - Processing file /home/airflow/.local/lib/python3.7/site-packages/airflow/example_dags/example_branch_python_dop_operator_3.py for tasks to queue
[2024-09-09T02:09:48.358+0000] {logging_mixin.py:137} INFO - [2024-09-09T02:09:48.358+0000] {dagbag.py:538} INFO - Filling up the DagBag from /home/airflow/.local/lib/python3.7/site-packages/airflow/example_dags/example_branch_python_dop_operator_3.py
[2024-09-09T02:09:48.376+0000] {processor.py:753} INFO - DAG(s) dict_keys(['example_branch_dop_operator_v3']) retrieved from /home/airflow/.local/lib/python3.7/site-packages/airflow/example_dags/example_branch_python_dop_operator_3.py
[2024-09-09T02:09:48.412+0000] {logging_mixin.py:137} INFO - [2024-09-09T02:09:48.412+0000] {dag.py:2676} INFO - Sync 1 DAGs
[2024-09-09T02:09:48.437+0000] {logging_mixin.py:137} INFO - [2024-09-09T02:09:48.437+0000] {dag.py:3427} INFO - Setting next_dagrun for example_branch_dop_operator_v3 to 2024-09-09T02:08:00+00:00, run_after=2024-09-09T02:09:00+00:00
[2024-09-09T02:09:48.457+0000] {processor.py:175} INFO - Processing /home/airflow/.local/lib/python3.7/site-packages/airflow/example_dags/example_branch_python_dop_operator_3.py took 0.109 seconds
[2024-09-09T02:10:18.606+0000] {processor.py:153} INFO - Started process (PID=7014) to work on /home/airflow/.local/lib/python3.7/site-packages/airflow/example_dags/example_branch_python_dop_operator_3.py
[2024-09-09T02:10:18.607+0000] {processor.py:743} INFO - Processing file /home/airflow/.local/lib/python3.7/site-packages/airflow/example_dags/example_branch_python_dop_operator_3.py for tasks to queue
[2024-09-09T02:10:18.607+0000] {logging_mixin.py:137} INFO - [2024-09-09T02:10:18.607+0000] {dagbag.py:538} INFO - Filling up the DagBag from /home/airflow/.local/lib/python3.7/site-packages/airflow/example_dags/example_branch_python_dop_operator_3.py
[2024-09-09T02:10:18.629+0000] {processor.py:753} INFO - DAG(s) dict_keys(['example_branch_dop_operator_v3']) retrieved from /home/airflow/.local/lib/python3.7/site-packages/airflow/example_dags/example_branch_python_dop_operator_3.py
[2024-09-09T02:10:18.663+0000] {logging_mixin.py:137} INFO - [2024-09-09T02:10:18.663+0000] {dag.py:2676} INFO - Sync 1 DAGs
[2024-09-09T02:10:18.690+0000] {logging_mixin.py:137} INFO - [2024-09-09T02:10:18.690+0000] {dag.py:3427} INFO - Setting next_dagrun for example_branch_dop_operator_v3 to 2024-09-09T02:09:00+00:00, run_after=2024-09-09T02:10:00+00:00
[2024-09-09T02:10:18.709+0000] {processor.py:175} INFO - Processing /home/airflow/.local/lib/python3.7/site-packages/airflow/example_dags/example_branch_python_dop_operator_3.py took 0.105 seconds
