[2024-09-09T01:38:57.405+0000] {processor.py:153} INFO - Started process (PID=95) to work on /home/airflow/.local/lib/python3.7/site-packages/airflow/example_dags/example_branch_datetime_operator.py
[2024-09-09T01:38:57.410+0000] {processor.py:743} INFO - Processing file /home/airflow/.local/lib/python3.7/site-packages/airflow/example_dags/example_branch_datetime_operator.py for tasks to queue
[2024-09-09T01:38:57.411+0000] {logging_mixin.py:137} INFO - [2024-09-09T01:38:57.411+0000] {dagbag.py:538} INFO - Filling up the DagBag from /home/airflow/.local/lib/python3.7/site-packages/airflow/example_dags/example_branch_datetime_operator.py
[2024-09-09T01:38:57.462+0000] {processor.py:753} INFO - DAG(s) dict_keys(['example_branch_datetime_operator_2', 'example_branch_datetime_operator', 'example_branch_datetime_operator_3']) retrieved from /home/airflow/.local/lib/python3.7/site-packages/airflow/example_dags/example_branch_datetime_operator.py
[2024-09-09T01:38:57.534+0000] {logging_mixin.py:137} INFO - [2024-09-09T01:38:57.534+0000] {dag.py:2676} INFO - Sync 3 DAGs
[2024-09-09T01:38:57.611+0000] {logging_mixin.py:137} INFO - [2024-09-09T01:38:57.610+0000] {dag.py:3427} INFO - Setting next_dagrun for example_branch_datetime_operator to 2024-09-08T00:00:00+00:00, run_after=2024-09-09T00:00:00+00:00
[2024-09-09T01:38:57.618+0000] {logging_mixin.py:137} INFO - [2024-09-09T01:38:57.618+0000] {dag.py:3427} INFO - Setting next_dagrun for example_branch_datetime_operator_2 to 2024-09-08T00:00:00+00:00, run_after=2024-09-09T00:00:00+00:00
[2024-09-09T01:38:57.622+0000] {logging_mixin.py:137} INFO - [2024-09-09T01:38:57.621+0000] {dag.py:3427} INFO - Setting next_dagrun for example_branch_datetime_operator_3 to 2024-09-08T00:00:00+00:00, run_after=2024-09-09T00:00:00+00:00
[2024-09-09T01:38:57.657+0000] {processor.py:175} INFO - Processing /home/airflow/.local/lib/python3.7/site-packages/airflow/example_dags/example_branch_datetime_operator.py took 0.309 seconds
[2024-09-09T01:39:27.712+0000] {processor.py:153} INFO - Started process (PID=191) to work on /home/airflow/.local/lib/python3.7/site-packages/airflow/example_dags/example_branch_datetime_operator.py
[2024-09-09T01:39:27.713+0000] {processor.py:743} INFO - Processing file /home/airflow/.local/lib/python3.7/site-packages/airflow/example_dags/example_branch_datetime_operator.py for tasks to queue
[2024-09-09T01:39:27.714+0000] {logging_mixin.py:137} INFO - [2024-09-09T01:39:27.714+0000] {dagbag.py:538} INFO - Filling up the DagBag from /home/airflow/.local/lib/python3.7/site-packages/airflow/example_dags/example_branch_datetime_operator.py
[2024-09-09T01:39:27.728+0000] {processor.py:753} INFO - DAG(s) dict_keys(['example_branch_datetime_operator_3', 'example_branch_datetime_operator', 'example_branch_datetime_operator_2']) retrieved from /home/airflow/.local/lib/python3.7/site-packages/airflow/example_dags/example_branch_datetime_operator.py
[2024-09-09T01:39:27.761+0000] {logging_mixin.py:137} INFO - [2024-09-09T01:39:27.761+0000] {dag.py:2676} INFO - Sync 3 DAGs
[2024-09-09T01:39:27.785+0000] {logging_mixin.py:137} INFO - [2024-09-09T01:39:27.785+0000] {dag.py:3427} INFO - Setting next_dagrun for example_branch_datetime_operator to 2024-09-08T00:00:00+00:00, run_after=2024-09-09T00:00:00+00:00
[2024-09-09T01:39:27.789+0000] {logging_mixin.py:137} INFO - [2024-09-09T01:39:27.789+0000] {dag.py:3427} INFO - Setting next_dagrun for example_branch_datetime_operator_2 to 2024-09-08T00:00:00+00:00, run_after=2024-09-09T00:00:00+00:00
[2024-09-09T01:39:27.792+0000] {logging_mixin.py:137} INFO - [2024-09-09T01:39:27.792+0000] {dag.py:3427} INFO - Setting next_dagrun for example_branch_datetime_operator_3 to 2024-09-08T00:00:00+00:00, run_after=2024-09-09T00:00:00+00:00
[2024-09-09T01:39:27.809+0000] {processor.py:175} INFO - Processing /home/airflow/.local/lib/python3.7/site-packages/airflow/example_dags/example_branch_datetime_operator.py took 0.099 seconds
[2024-09-09T01:39:58.287+0000] {processor.py:153} INFO - Started process (PID=287) to work on /home/airflow/.local/lib/python3.7/site-packages/airflow/example_dags/example_branch_datetime_operator.py
[2024-09-09T01:39:58.288+0000] {processor.py:743} INFO - Processing file /home/airflow/.local/lib/python3.7/site-packages/airflow/example_dags/example_branch_datetime_operator.py for tasks to queue
[2024-09-09T01:39:58.288+0000] {logging_mixin.py:137} INFO - [2024-09-09T01:39:58.288+0000] {dagbag.py:538} INFO - Filling up the DagBag from /home/airflow/.local/lib/python3.7/site-packages/airflow/example_dags/example_branch_datetime_operator.py
[2024-09-09T01:39:58.302+0000] {processor.py:753} INFO - DAG(s) dict_keys(['example_branch_datetime_operator', 'example_branch_datetime_operator_3', 'example_branch_datetime_operator_2']) retrieved from /home/airflow/.local/lib/python3.7/site-packages/airflow/example_dags/example_branch_datetime_operator.py
[2024-09-09T01:39:58.335+0000] {logging_mixin.py:137} INFO - [2024-09-09T01:39:58.335+0000] {dag.py:2676} INFO - Sync 3 DAGs
[2024-09-09T01:39:58.355+0000] {logging_mixin.py:137} INFO - [2024-09-09T01:39:58.355+0000] {dag.py:3427} INFO - Setting next_dagrun for example_branch_datetime_operator to 2024-09-08T00:00:00+00:00, run_after=2024-09-09T00:00:00+00:00
[2024-09-09T01:39:58.358+0000] {logging_mixin.py:137} INFO - [2024-09-09T01:39:58.358+0000] {dag.py:3427} INFO - Setting next_dagrun for example_branch_datetime_operator_2 to 2024-09-08T00:00:00+00:00, run_after=2024-09-09T00:00:00+00:00
[2024-09-09T01:39:58.360+0000] {logging_mixin.py:137} INFO - [2024-09-09T01:39:58.360+0000] {dag.py:3427} INFO - Setting next_dagrun for example_branch_datetime_operator_3 to 2024-09-08T00:00:00+00:00, run_after=2024-09-09T00:00:00+00:00
[2024-09-09T01:39:58.376+0000] {processor.py:175} INFO - Processing /home/airflow/.local/lib/python3.7/site-packages/airflow/example_dags/example_branch_datetime_operator.py took 0.092 seconds
[2024-09-09T01:40:28.820+0000] {processor.py:153} INFO - Started process (PID=411) to work on /home/airflow/.local/lib/python3.7/site-packages/airflow/example_dags/example_branch_datetime_operator.py
[2024-09-09T01:40:28.821+0000] {processor.py:743} INFO - Processing file /home/airflow/.local/lib/python3.7/site-packages/airflow/example_dags/example_branch_datetime_operator.py for tasks to queue
[2024-09-09T01:40:28.821+0000] {logging_mixin.py:137} INFO - [2024-09-09T01:40:28.821+0000] {dagbag.py:538} INFO - Filling up the DagBag from /home/airflow/.local/lib/python3.7/site-packages/airflow/example_dags/example_branch_datetime_operator.py
[2024-09-09T01:40:28.835+0000] {processor.py:753} INFO - DAG(s) dict_keys(['example_branch_datetime_operator_2', 'example_branch_datetime_operator_3', 'example_branch_datetime_operator']) retrieved from /home/airflow/.local/lib/python3.7/site-packages/airflow/example_dags/example_branch_datetime_operator.py
[2024-09-09T01:40:28.868+0000] {logging_mixin.py:137} INFO - [2024-09-09T01:40:28.868+0000] {dag.py:2676} INFO - Sync 3 DAGs
[2024-09-09T01:40:28.887+0000] {logging_mixin.py:137} INFO - [2024-09-09T01:40:28.887+0000] {dag.py:3427} INFO - Setting next_dagrun for example_branch_datetime_operator to 2024-09-08T00:00:00+00:00, run_after=2024-09-09T00:00:00+00:00
[2024-09-09T01:40:28.890+0000] {logging_mixin.py:137} INFO - [2024-09-09T01:40:28.890+0000] {dag.py:3427} INFO - Setting next_dagrun for example_branch_datetime_operator_2 to 2024-09-08T00:00:00+00:00, run_after=2024-09-09T00:00:00+00:00
[2024-09-09T01:40:28.891+0000] {logging_mixin.py:137} INFO - [2024-09-09T01:40:28.891+0000] {dag.py:3427} INFO - Setting next_dagrun for example_branch_datetime_operator_3 to 2024-09-08T00:00:00+00:00, run_after=2024-09-09T00:00:00+00:00
[2024-09-09T01:40:28.906+0000] {processor.py:175} INFO - Processing /home/airflow/.local/lib/python3.7/site-packages/airflow/example_dags/example_branch_datetime_operator.py took 0.089 seconds
[2024-09-09T01:40:58.973+0000] {processor.py:153} INFO - Started process (PID=516) to work on /home/airflow/.local/lib/python3.7/site-packages/airflow/example_dags/example_branch_datetime_operator.py
[2024-09-09T01:40:58.974+0000] {processor.py:743} INFO - Processing file /home/airflow/.local/lib/python3.7/site-packages/airflow/example_dags/example_branch_datetime_operator.py for tasks to queue
[2024-09-09T01:40:58.975+0000] {logging_mixin.py:137} INFO - [2024-09-09T01:40:58.975+0000] {dagbag.py:538} INFO - Filling up the DagBag from /home/airflow/.local/lib/python3.7/site-packages/airflow/example_dags/example_branch_datetime_operator.py
[2024-09-09T01:40:58.998+0000] {processor.py:753} INFO - DAG(s) dict_keys(['example_branch_datetime_operator', 'example_branch_datetime_operator_3', 'example_branch_datetime_operator_2']) retrieved from /home/airflow/.local/lib/python3.7/site-packages/airflow/example_dags/example_branch_datetime_operator.py
[2024-09-09T01:40:59.049+0000] {logging_mixin.py:137} INFO - [2024-09-09T01:40:59.049+0000] {dag.py:2676} INFO - Sync 3 DAGs
[2024-09-09T01:40:59.074+0000] {logging_mixin.py:137} INFO - [2024-09-09T01:40:59.073+0000] {dag.py:3427} INFO - Setting next_dagrun for example_branch_datetime_operator to 2024-09-08T00:00:00+00:00, run_after=2024-09-09T00:00:00+00:00
[2024-09-09T01:40:59.078+0000] {logging_mixin.py:137} INFO - [2024-09-09T01:40:59.077+0000] {dag.py:3427} INFO - Setting next_dagrun for example_branch_datetime_operator_2 to 2024-09-08T00:00:00+00:00, run_after=2024-09-09T00:00:00+00:00
[2024-09-09T01:40:59.080+0000] {logging_mixin.py:137} INFO - [2024-09-09T01:40:59.080+0000] {dag.py:3427} INFO - Setting next_dagrun for example_branch_datetime_operator_3 to 2024-09-08T00:00:00+00:00, run_after=2024-09-09T00:00:00+00:00
[2024-09-09T01:40:59.099+0000] {processor.py:175} INFO - Processing /home/airflow/.local/lib/python3.7/site-packages/airflow/example_dags/example_branch_datetime_operator.py took 0.130 seconds
[2024-09-09T01:41:29.327+0000] {processor.py:153} INFO - Started process (PID=631) to work on /home/airflow/.local/lib/python3.7/site-packages/airflow/example_dags/example_branch_datetime_operator.py
[2024-09-09T01:41:29.327+0000] {processor.py:743} INFO - Processing file /home/airflow/.local/lib/python3.7/site-packages/airflow/example_dags/example_branch_datetime_operator.py for tasks to queue
[2024-09-09T01:41:29.328+0000] {logging_mixin.py:137} INFO - [2024-09-09T01:41:29.328+0000] {dagbag.py:538} INFO - Filling up the DagBag from /home/airflow/.local/lib/python3.7/site-packages/airflow/example_dags/example_branch_datetime_operator.py
[2024-09-09T01:41:29.341+0000] {processor.py:753} INFO - DAG(s) dict_keys(['example_branch_datetime_operator_2', 'example_branch_datetime_operator', 'example_branch_datetime_operator_3']) retrieved from /home/airflow/.local/lib/python3.7/site-packages/airflow/example_dags/example_branch_datetime_operator.py
[2024-09-09T01:41:29.380+0000] {logging_mixin.py:137} INFO - [2024-09-09T01:41:29.380+0000] {dag.py:2676} INFO - Sync 3 DAGs
[2024-09-09T01:41:29.405+0000] {logging_mixin.py:137} INFO - [2024-09-09T01:41:29.405+0000] {dag.py:3427} INFO - Setting next_dagrun for example_branch_datetime_operator to 2024-09-08T00:00:00+00:00, run_after=2024-09-09T00:00:00+00:00
[2024-09-09T01:41:29.409+0000] {logging_mixin.py:137} INFO - [2024-09-09T01:41:29.409+0000] {dag.py:3427} INFO - Setting next_dagrun for example_branch_datetime_operator_2 to 2024-09-08T00:00:00+00:00, run_after=2024-09-09T00:00:00+00:00
[2024-09-09T01:41:29.411+0000] {logging_mixin.py:137} INFO - [2024-09-09T01:41:29.411+0000] {dag.py:3427} INFO - Setting next_dagrun for example_branch_datetime_operator_3 to 2024-09-08T00:00:00+00:00, run_after=2024-09-09T00:00:00+00:00
[2024-09-09T01:41:29.428+0000] {processor.py:175} INFO - Processing /home/airflow/.local/lib/python3.7/site-packages/airflow/example_dags/example_branch_datetime_operator.py took 0.103 seconds
[2024-09-09T01:42:00.093+0000] {processor.py:153} INFO - Started process (PID=755) to work on /home/airflow/.local/lib/python3.7/site-packages/airflow/example_dags/example_branch_datetime_operator.py
[2024-09-09T01:42:00.094+0000] {processor.py:743} INFO - Processing file /home/airflow/.local/lib/python3.7/site-packages/airflow/example_dags/example_branch_datetime_operator.py for tasks to queue
[2024-09-09T01:42:00.095+0000] {logging_mixin.py:137} INFO - [2024-09-09T01:42:00.095+0000] {dagbag.py:538} INFO - Filling up the DagBag from /home/airflow/.local/lib/python3.7/site-packages/airflow/example_dags/example_branch_datetime_operator.py
[2024-09-09T01:42:00.112+0000] {processor.py:753} INFO - DAG(s) dict_keys(['example_branch_datetime_operator_2', 'example_branch_datetime_operator_3', 'example_branch_datetime_operator']) retrieved from /home/airflow/.local/lib/python3.7/site-packages/airflow/example_dags/example_branch_datetime_operator.py
[2024-09-09T01:42:00.158+0000] {logging_mixin.py:137} INFO - [2024-09-09T01:42:00.158+0000] {dag.py:2676} INFO - Sync 3 DAGs
[2024-09-09T01:42:00.184+0000] {logging_mixin.py:137} INFO - [2024-09-09T01:42:00.184+0000] {dag.py:3427} INFO - Setting next_dagrun for example_branch_datetime_operator to 2024-09-08T00:00:00+00:00, run_after=2024-09-09T00:00:00+00:00
[2024-09-09T01:42:00.189+0000] {logging_mixin.py:137} INFO - [2024-09-09T01:42:00.189+0000] {dag.py:3427} INFO - Setting next_dagrun for example_branch_datetime_operator_2 to 2024-09-08T00:00:00+00:00, run_after=2024-09-09T00:00:00+00:00
[2024-09-09T01:42:00.191+0000] {logging_mixin.py:137} INFO - [2024-09-09T01:42:00.191+0000] {dag.py:3427} INFO - Setting next_dagrun for example_branch_datetime_operator_3 to 2024-09-08T00:00:00+00:00, run_after=2024-09-09T00:00:00+00:00
[2024-09-09T01:42:00.211+0000] {processor.py:175} INFO - Processing /home/airflow/.local/lib/python3.7/site-packages/airflow/example_dags/example_branch_datetime_operator.py took 0.121 seconds
[2024-09-09T01:42:30.342+0000] {processor.py:153} INFO - Started process (PID=851) to work on /home/airflow/.local/lib/python3.7/site-packages/airflow/example_dags/example_branch_datetime_operator.py
[2024-09-09T01:42:30.343+0000] {processor.py:743} INFO - Processing file /home/airflow/.local/lib/python3.7/site-packages/airflow/example_dags/example_branch_datetime_operator.py for tasks to queue
[2024-09-09T01:42:30.344+0000] {logging_mixin.py:137} INFO - [2024-09-09T01:42:30.344+0000] {dagbag.py:538} INFO - Filling up the DagBag from /home/airflow/.local/lib/python3.7/site-packages/airflow/example_dags/example_branch_datetime_operator.py
[2024-09-09T01:42:30.360+0000] {processor.py:753} INFO - DAG(s) dict_keys(['example_branch_datetime_operator_2', 'example_branch_datetime_operator', 'example_branch_datetime_operator_3']) retrieved from /home/airflow/.local/lib/python3.7/site-packages/airflow/example_dags/example_branch_datetime_operator.py
[2024-09-09T01:42:30.400+0000] {logging_mixin.py:137} INFO - [2024-09-09T01:42:30.400+0000] {dag.py:2676} INFO - Sync 3 DAGs
[2024-09-09T01:42:30.422+0000] {logging_mixin.py:137} INFO - [2024-09-09T01:42:30.422+0000] {dag.py:3427} INFO - Setting next_dagrun for example_branch_datetime_operator to 2024-09-08T00:00:00+00:00, run_after=2024-09-09T00:00:00+00:00
[2024-09-09T01:42:30.426+0000] {logging_mixin.py:137} INFO - [2024-09-09T01:42:30.426+0000] {dag.py:3427} INFO - Setting next_dagrun for example_branch_datetime_operator_2 to 2024-09-08T00:00:00+00:00, run_after=2024-09-09T00:00:00+00:00
[2024-09-09T01:42:30.428+0000] {logging_mixin.py:137} INFO - [2024-09-09T01:42:30.428+0000] {dag.py:3427} INFO - Setting next_dagrun for example_branch_datetime_operator_3 to 2024-09-08T00:00:00+00:00, run_after=2024-09-09T00:00:00+00:00
[2024-09-09T01:42:30.444+0000] {processor.py:175} INFO - Processing /home/airflow/.local/lib/python3.7/site-packages/airflow/example_dags/example_branch_datetime_operator.py took 0.104 seconds
[2024-09-09T01:43:01.134+0000] {processor.py:153} INFO - Started process (PID=975) to work on /home/airflow/.local/lib/python3.7/site-packages/airflow/example_dags/example_branch_datetime_operator.py
[2024-09-09T01:43:01.135+0000] {processor.py:743} INFO - Processing file /home/airflow/.local/lib/python3.7/site-packages/airflow/example_dags/example_branch_datetime_operator.py for tasks to queue
[2024-09-09T01:43:01.136+0000] {logging_mixin.py:137} INFO - [2024-09-09T01:43:01.135+0000] {dagbag.py:538} INFO - Filling up the DagBag from /home/airflow/.local/lib/python3.7/site-packages/airflow/example_dags/example_branch_datetime_operator.py
[2024-09-09T01:43:01.153+0000] {processor.py:753} INFO - DAG(s) dict_keys(['example_branch_datetime_operator_2', 'example_branch_datetime_operator', 'example_branch_datetime_operator_3']) retrieved from /home/airflow/.local/lib/python3.7/site-packages/airflow/example_dags/example_branch_datetime_operator.py
[2024-09-09T01:43:01.195+0000] {logging_mixin.py:137} INFO - [2024-09-09T01:43:01.195+0000] {dag.py:2676} INFO - Sync 3 DAGs
[2024-09-09T01:43:01.215+0000] {logging_mixin.py:137} INFO - [2024-09-09T01:43:01.215+0000] {dag.py:3427} INFO - Setting next_dagrun for example_branch_datetime_operator to 2024-09-08T00:00:00+00:00, run_after=2024-09-09T00:00:00+00:00
[2024-09-09T01:43:01.219+0000] {logging_mixin.py:137} INFO - [2024-09-09T01:43:01.219+0000] {dag.py:3427} INFO - Setting next_dagrun for example_branch_datetime_operator_2 to 2024-09-08T00:00:00+00:00, run_after=2024-09-09T00:00:00+00:00
[2024-09-09T01:43:01.221+0000] {logging_mixin.py:137} INFO - [2024-09-09T01:43:01.221+0000] {dag.py:3427} INFO - Setting next_dagrun for example_branch_datetime_operator_3 to 2024-09-08T00:00:00+00:00, run_after=2024-09-09T00:00:00+00:00
[2024-09-09T01:43:01.240+0000] {processor.py:175} INFO - Processing /home/airflow/.local/lib/python3.7/site-packages/airflow/example_dags/example_branch_datetime_operator.py took 0.109 seconds
[2024-09-09T01:43:31.662+0000] {processor.py:153} INFO - Started process (PID=1071) to work on /home/airflow/.local/lib/python3.7/site-packages/airflow/example_dags/example_branch_datetime_operator.py
[2024-09-09T01:43:31.663+0000] {processor.py:743} INFO - Processing file /home/airflow/.local/lib/python3.7/site-packages/airflow/example_dags/example_branch_datetime_operator.py for tasks to queue
[2024-09-09T01:43:31.664+0000] {logging_mixin.py:137} INFO - [2024-09-09T01:43:31.664+0000] {dagbag.py:538} INFO - Filling up the DagBag from /home/airflow/.local/lib/python3.7/site-packages/airflow/example_dags/example_branch_datetime_operator.py
[2024-09-09T01:43:31.680+0000] {processor.py:753} INFO - DAG(s) dict_keys(['example_branch_datetime_operator_2', 'example_branch_datetime_operator_3', 'example_branch_datetime_operator']) retrieved from /home/airflow/.local/lib/python3.7/site-packages/airflow/example_dags/example_branch_datetime_operator.py
[2024-09-09T01:43:31.722+0000] {logging_mixin.py:137} INFO - [2024-09-09T01:43:31.722+0000] {dag.py:2676} INFO - Sync 3 DAGs
[2024-09-09T01:43:31.750+0000] {logging_mixin.py:137} INFO - [2024-09-09T01:43:31.749+0000] {dag.py:3427} INFO - Setting next_dagrun for example_branch_datetime_operator to 2024-09-08T00:00:00+00:00, run_after=2024-09-09T00:00:00+00:00
[2024-09-09T01:43:31.754+0000] {logging_mixin.py:137} INFO - [2024-09-09T01:43:31.754+0000] {dag.py:3427} INFO - Setting next_dagrun for example_branch_datetime_operator_2 to 2024-09-08T00:00:00+00:00, run_after=2024-09-09T00:00:00+00:00
[2024-09-09T01:43:31.756+0000] {logging_mixin.py:137} INFO - [2024-09-09T01:43:31.756+0000] {dag.py:3427} INFO - Setting next_dagrun for example_branch_datetime_operator_3 to 2024-09-08T00:00:00+00:00, run_after=2024-09-09T00:00:00+00:00
[2024-09-09T01:43:31.774+0000] {processor.py:175} INFO - Processing /home/airflow/.local/lib/python3.7/site-packages/airflow/example_dags/example_branch_datetime_operator.py took 0.115 seconds
[2024-09-09T01:44:02.271+0000] {processor.py:153} INFO - Started process (PID=1195) to work on /home/airflow/.local/lib/python3.7/site-packages/airflow/example_dags/example_branch_datetime_operator.py
[2024-09-09T01:44:02.272+0000] {processor.py:743} INFO - Processing file /home/airflow/.local/lib/python3.7/site-packages/airflow/example_dags/example_branch_datetime_operator.py for tasks to queue
[2024-09-09T01:44:02.273+0000] {logging_mixin.py:137} INFO - [2024-09-09T01:44:02.273+0000] {dagbag.py:538} INFO - Filling up the DagBag from /home/airflow/.local/lib/python3.7/site-packages/airflow/example_dags/example_branch_datetime_operator.py
[2024-09-09T01:44:02.288+0000] {processor.py:753} INFO - DAG(s) dict_keys(['example_branch_datetime_operator_2', 'example_branch_datetime_operator', 'example_branch_datetime_operator_3']) retrieved from /home/airflow/.local/lib/python3.7/site-packages/airflow/example_dags/example_branch_datetime_operator.py
[2024-09-09T01:44:02.326+0000] {logging_mixin.py:137} INFO - [2024-09-09T01:44:02.325+0000] {dag.py:2676} INFO - Sync 3 DAGs
[2024-09-09T01:44:02.349+0000] {logging_mixin.py:137} INFO - [2024-09-09T01:44:02.348+0000] {dag.py:3427} INFO - Setting next_dagrun for example_branch_datetime_operator to 2024-09-08T00:00:00+00:00, run_after=2024-09-09T00:00:00+00:00
[2024-09-09T01:44:02.353+0000] {logging_mixin.py:137} INFO - [2024-09-09T01:44:02.353+0000] {dag.py:3427} INFO - Setting next_dagrun for example_branch_datetime_operator_2 to 2024-09-08T00:00:00+00:00, run_after=2024-09-09T00:00:00+00:00
[2024-09-09T01:44:02.355+0000] {logging_mixin.py:137} INFO - [2024-09-09T01:44:02.355+0000] {dag.py:3427} INFO - Setting next_dagrun for example_branch_datetime_operator_3 to 2024-09-08T00:00:00+00:00, run_after=2024-09-09T00:00:00+00:00
[2024-09-09T01:44:02.372+0000] {processor.py:175} INFO - Processing /home/airflow/.local/lib/python3.7/site-packages/airflow/example_dags/example_branch_datetime_operator.py took 0.103 seconds
