[2024-09-09T01:38:59.185+0000] {processor.py:153} INFO - Started process (PID=107) to work on /home/airflow/.local/lib/python3.7/site-packages/airflow/example_dags/example_branch_operator_decorator.py
[2024-09-09T01:38:59.186+0000] {processor.py:743} INFO - Processing file /home/airflow/.local/lib/python3.7/site-packages/airflow/example_dags/example_branch_operator_decorator.py for tasks to queue
[2024-09-09T01:38:59.186+0000] {logging_mixin.py:137} INFO - [2024-09-09T01:38:59.186+0000] {dagbag.py:538} INFO - Filling up the DagBag from /home/airflow/.local/lib/python3.7/site-packages/airflow/example_dags/example_branch_operator_decorator.py
[2024-09-09T01:38:59.220+0000] {processor.py:753} INFO - DAG(s) dict_keys(['example_branch_python_operator_decorator']) retrieved from /home/airflow/.local/lib/python3.7/site-packages/airflow/example_dags/example_branch_operator_decorator.py
[2024-09-09T01:38:59.244+0000] {logging_mixin.py:137} INFO - [2024-09-09T01:38:59.244+0000] {dag.py:2676} INFO - Sync 1 DAGs
[2024-09-09T01:38:59.270+0000] {logging_mixin.py:137} INFO - [2024-09-09T01:38:59.270+0000] {dag.py:3427} INFO - Setting next_dagrun for example_branch_python_operator_decorator to 2024-09-08T00:00:00+00:00, run_after=2024-09-09T00:00:00+00:00
[2024-09-09T01:38:59.296+0000] {processor.py:175} INFO - Processing /home/airflow/.local/lib/python3.7/site-packages/airflow/example_dags/example_branch_operator_decorator.py took 0.115 seconds
[2024-09-09T01:39:29.419+0000] {processor.py:153} INFO - Started process (PID=203) to work on /home/airflow/.local/lib/python3.7/site-packages/airflow/example_dags/example_branch_operator_decorator.py
[2024-09-09T01:39:29.420+0000] {processor.py:743} INFO - Processing file /home/airflow/.local/lib/python3.7/site-packages/airflow/example_dags/example_branch_operator_decorator.py for tasks to queue
[2024-09-09T01:39:29.421+0000] {logging_mixin.py:137} INFO - [2024-09-09T01:39:29.421+0000] {dagbag.py:538} INFO - Filling up the DagBag from /home/airflow/.local/lib/python3.7/site-packages/airflow/example_dags/example_branch_operator_decorator.py
[2024-09-09T01:39:29.441+0000] {processor.py:753} INFO - DAG(s) dict_keys(['example_branch_python_operator_decorator']) retrieved from /home/airflow/.local/lib/python3.7/site-packages/airflow/example_dags/example_branch_operator_decorator.py
[2024-09-09T01:39:29.473+0000] {logging_mixin.py:137} INFO - [2024-09-09T01:39:29.473+0000] {dag.py:2676} INFO - Sync 1 DAGs
[2024-09-09T01:39:29.495+0000] {logging_mixin.py:137} INFO - [2024-09-09T01:39:29.495+0000] {dag.py:3427} INFO - Setting next_dagrun for example_branch_python_operator_decorator to 2024-09-08T00:00:00+00:00, run_after=2024-09-09T00:00:00+00:00
[2024-09-09T01:39:29.514+0000] {processor.py:175} INFO - Processing /home/airflow/.local/lib/python3.7/site-packages/airflow/example_dags/example_branch_operator_decorator.py took 0.098 seconds
[2024-09-09T01:40:00.174+0000] {processor.py:153} INFO - Started process (PID=327) to work on /home/airflow/.local/lib/python3.7/site-packages/airflow/example_dags/example_branch_operator_decorator.py
[2024-09-09T01:40:00.175+0000] {processor.py:743} INFO - Processing file /home/airflow/.local/lib/python3.7/site-packages/airflow/example_dags/example_branch_operator_decorator.py for tasks to queue
[2024-09-09T01:40:00.176+0000] {logging_mixin.py:137} INFO - [2024-09-09T01:40:00.175+0000] {dagbag.py:538} INFO - Filling up the DagBag from /home/airflow/.local/lib/python3.7/site-packages/airflow/example_dags/example_branch_operator_decorator.py
[2024-09-09T01:40:00.200+0000] {processor.py:753} INFO - DAG(s) dict_keys(['example_branch_python_operator_decorator']) retrieved from /home/airflow/.local/lib/python3.7/site-packages/airflow/example_dags/example_branch_operator_decorator.py
[2024-09-09T01:40:00.240+0000] {logging_mixin.py:137} INFO - [2024-09-09T01:40:00.240+0000] {dag.py:2676} INFO - Sync 1 DAGs
[2024-09-09T01:40:00.270+0000] {logging_mixin.py:137} INFO - [2024-09-09T01:40:00.269+0000] {dag.py:3427} INFO - Setting next_dagrun for example_branch_python_operator_decorator to 2024-09-08T00:00:00+00:00, run_after=2024-09-09T00:00:00+00:00
[2024-09-09T01:40:00.292+0000] {processor.py:175} INFO - Processing /home/airflow/.local/lib/python3.7/site-packages/airflow/example_dags/example_branch_operator_decorator.py took 0.122 seconds
[2024-09-09T01:40:30.447+0000] {processor.py:153} INFO - Started process (PID=423) to work on /home/airflow/.local/lib/python3.7/site-packages/airflow/example_dags/example_branch_operator_decorator.py
[2024-09-09T01:40:30.448+0000] {processor.py:743} INFO - Processing file /home/airflow/.local/lib/python3.7/site-packages/airflow/example_dags/example_branch_operator_decorator.py for tasks to queue
[2024-09-09T01:40:30.448+0000] {logging_mixin.py:137} INFO - [2024-09-09T01:40:30.448+0000] {dagbag.py:538} INFO - Filling up the DagBag from /home/airflow/.local/lib/python3.7/site-packages/airflow/example_dags/example_branch_operator_decorator.py
[2024-09-09T01:40:30.466+0000] {processor.py:753} INFO - DAG(s) dict_keys(['example_branch_python_operator_decorator']) retrieved from /home/airflow/.local/lib/python3.7/site-packages/airflow/example_dags/example_branch_operator_decorator.py
[2024-09-09T01:40:30.494+0000] {logging_mixin.py:137} INFO - [2024-09-09T01:40:30.494+0000] {dag.py:2676} INFO - Sync 1 DAGs
[2024-09-09T01:40:30.513+0000] {logging_mixin.py:137} INFO - [2024-09-09T01:40:30.512+0000] {dag.py:3427} INFO - Setting next_dagrun for example_branch_python_operator_decorator to 2024-09-08T00:00:00+00:00, run_after=2024-09-09T00:00:00+00:00
[2024-09-09T01:40:30.529+0000] {processor.py:175} INFO - Processing /home/airflow/.local/lib/python3.7/site-packages/airflow/example_dags/example_branch_operator_decorator.py took 0.084 seconds
[2024-09-09T01:41:00.642+0000] {processor.py:153} INFO - Started process (PID=547) to work on /home/airflow/.local/lib/python3.7/site-packages/airflow/example_dags/example_branch_operator_decorator.py
[2024-09-09T01:41:00.642+0000] {processor.py:743} INFO - Processing file /home/airflow/.local/lib/python3.7/site-packages/airflow/example_dags/example_branch_operator_decorator.py for tasks to queue
[2024-09-09T01:41:00.643+0000] {logging_mixin.py:137} INFO - [2024-09-09T01:41:00.643+0000] {dagbag.py:538} INFO - Filling up the DagBag from /home/airflow/.local/lib/python3.7/site-packages/airflow/example_dags/example_branch_operator_decorator.py
[2024-09-09T01:41:00.662+0000] {processor.py:753} INFO - DAG(s) dict_keys(['example_branch_python_operator_decorator']) retrieved from /home/airflow/.local/lib/python3.7/site-packages/airflow/example_dags/example_branch_operator_decorator.py
[2024-09-09T01:41:00.689+0000] {logging_mixin.py:137} INFO - [2024-09-09T01:41:00.689+0000] {dag.py:2676} INFO - Sync 1 DAGs
[2024-09-09T01:41:00.712+0000] {logging_mixin.py:137} INFO - [2024-09-09T01:41:00.712+0000] {dag.py:3427} INFO - Setting next_dagrun for example_branch_python_operator_decorator to 2024-09-08T00:00:00+00:00, run_after=2024-09-09T00:00:00+00:00
[2024-09-09T01:41:00.728+0000] {processor.py:175} INFO - Processing /home/airflow/.local/lib/python3.7/site-packages/airflow/example_dags/example_branch_operator_decorator.py took 0.089 seconds
[2024-09-09T01:41:31.154+0000] {processor.py:153} INFO - Started process (PID=643) to work on /home/airflow/.local/lib/python3.7/site-packages/airflow/example_dags/example_branch_operator_decorator.py
[2024-09-09T01:41:31.155+0000] {processor.py:743} INFO - Processing file /home/airflow/.local/lib/python3.7/site-packages/airflow/example_dags/example_branch_operator_decorator.py for tasks to queue
[2024-09-09T01:41:31.156+0000] {logging_mixin.py:137} INFO - [2024-09-09T01:41:31.156+0000] {dagbag.py:538} INFO - Filling up the DagBag from /home/airflow/.local/lib/python3.7/site-packages/airflow/example_dags/example_branch_operator_decorator.py
[2024-09-09T01:41:31.179+0000] {processor.py:753} INFO - DAG(s) dict_keys(['example_branch_python_operator_decorator']) retrieved from /home/airflow/.local/lib/python3.7/site-packages/airflow/example_dags/example_branch_operator_decorator.py
[2024-09-09T01:41:31.217+0000] {logging_mixin.py:137} INFO - [2024-09-09T01:41:31.216+0000] {dag.py:2676} INFO - Sync 1 DAGs
[2024-09-09T01:41:31.241+0000] {logging_mixin.py:137} INFO - [2024-09-09T01:41:31.241+0000] {dag.py:3427} INFO - Setting next_dagrun for example_branch_python_operator_decorator to 2024-09-08T00:00:00+00:00, run_after=2024-09-09T00:00:00+00:00
[2024-09-09T01:41:31.263+0000] {processor.py:175} INFO - Processing /home/airflow/.local/lib/python3.7/site-packages/airflow/example_dags/example_branch_operator_decorator.py took 0.112 seconds
[2024-09-09T01:42:01.889+0000] {processor.py:153} INFO - Started process (PID=767) to work on /home/airflow/.local/lib/python3.7/site-packages/airflow/example_dags/example_branch_operator_decorator.py
[2024-09-09T01:42:01.890+0000] {processor.py:743} INFO - Processing file /home/airflow/.local/lib/python3.7/site-packages/airflow/example_dags/example_branch_operator_decorator.py for tasks to queue
[2024-09-09T01:42:01.891+0000] {logging_mixin.py:137} INFO - [2024-09-09T01:42:01.891+0000] {dagbag.py:538} INFO - Filling up the DagBag from /home/airflow/.local/lib/python3.7/site-packages/airflow/example_dags/example_branch_operator_decorator.py
[2024-09-09T01:42:01.912+0000] {processor.py:753} INFO - DAG(s) dict_keys(['example_branch_python_operator_decorator']) retrieved from /home/airflow/.local/lib/python3.7/site-packages/airflow/example_dags/example_branch_operator_decorator.py
[2024-09-09T01:42:01.943+0000] {logging_mixin.py:137} INFO - [2024-09-09T01:42:01.943+0000] {dag.py:2676} INFO - Sync 1 DAGs
[2024-09-09T01:42:01.965+0000] {logging_mixin.py:137} INFO - [2024-09-09T01:42:01.965+0000] {dag.py:3427} INFO - Setting next_dagrun for example_branch_python_operator_decorator to 2024-09-08T00:00:00+00:00, run_after=2024-09-09T00:00:00+00:00
[2024-09-09T01:42:01.985+0000] {processor.py:175} INFO - Processing /home/airflow/.local/lib/python3.7/site-packages/airflow/example_dags/example_branch_operator_decorator.py took 0.099 seconds
[2024-09-09T01:42:32.053+0000] {processor.py:153} INFO - Started process (PID=863) to work on /home/airflow/.local/lib/python3.7/site-packages/airflow/example_dags/example_branch_operator_decorator.py
[2024-09-09T01:42:32.054+0000] {processor.py:743} INFO - Processing file /home/airflow/.local/lib/python3.7/site-packages/airflow/example_dags/example_branch_operator_decorator.py for tasks to queue
[2024-09-09T01:42:32.055+0000] {logging_mixin.py:137} INFO - [2024-09-09T01:42:32.054+0000] {dagbag.py:538} INFO - Filling up the DagBag from /home/airflow/.local/lib/python3.7/site-packages/airflow/example_dags/example_branch_operator_decorator.py
[2024-09-09T01:42:32.085+0000] {processor.py:753} INFO - DAG(s) dict_keys(['example_branch_python_operator_decorator']) retrieved from /home/airflow/.local/lib/python3.7/site-packages/airflow/example_dags/example_branch_operator_decorator.py
[2024-09-09T01:42:32.121+0000] {logging_mixin.py:137} INFO - [2024-09-09T01:42:32.121+0000] {dag.py:2676} INFO - Sync 1 DAGs
[2024-09-09T01:42:32.146+0000] {logging_mixin.py:137} INFO - [2024-09-09T01:42:32.146+0000] {dag.py:3427} INFO - Setting next_dagrun for example_branch_python_operator_decorator to 2024-09-08T00:00:00+00:00, run_after=2024-09-09T00:00:00+00:00
[2024-09-09T01:42:32.169+0000] {processor.py:175} INFO - Processing /home/airflow/.local/lib/python3.7/site-packages/airflow/example_dags/example_branch_operator_decorator.py took 0.119 seconds
[2024-09-09T01:43:02.757+0000] {processor.py:153} INFO - Started process (PID=987) to work on /home/airflow/.local/lib/python3.7/site-packages/airflow/example_dags/example_branch_operator_decorator.py
[2024-09-09T01:43:02.758+0000] {processor.py:743} INFO - Processing file /home/airflow/.local/lib/python3.7/site-packages/airflow/example_dags/example_branch_operator_decorator.py for tasks to queue
[2024-09-09T01:43:02.759+0000] {logging_mixin.py:137} INFO - [2024-09-09T01:43:02.759+0000] {dagbag.py:538} INFO - Filling up the DagBag from /home/airflow/.local/lib/python3.7/site-packages/airflow/example_dags/example_branch_operator_decorator.py
[2024-09-09T01:43:02.780+0000] {processor.py:753} INFO - DAG(s) dict_keys(['example_branch_python_operator_decorator']) retrieved from /home/airflow/.local/lib/python3.7/site-packages/airflow/example_dags/example_branch_operator_decorator.py
[2024-09-09T01:43:02.829+0000] {logging_mixin.py:137} INFO - [2024-09-09T01:43:02.829+0000] {dag.py:2676} INFO - Sync 1 DAGs
[2024-09-09T01:43:02.872+0000] {logging_mixin.py:137} INFO - [2024-09-09T01:43:02.872+0000] {dag.py:3427} INFO - Setting next_dagrun for example_branch_python_operator_decorator to 2024-09-08T00:00:00+00:00, run_after=2024-09-09T00:00:00+00:00
[2024-09-09T01:43:02.903+0000] {processor.py:175} INFO - Processing /home/airflow/.local/lib/python3.7/site-packages/airflow/example_dags/example_branch_operator_decorator.py took 0.149 seconds
[2024-09-09T01:43:33.498+0000] {processor.py:153} INFO - Started process (PID=1083) to work on /home/airflow/.local/lib/python3.7/site-packages/airflow/example_dags/example_branch_operator_decorator.py
[2024-09-09T01:43:33.499+0000] {processor.py:743} INFO - Processing file /home/airflow/.local/lib/python3.7/site-packages/airflow/example_dags/example_branch_operator_decorator.py for tasks to queue
[2024-09-09T01:43:33.499+0000] {logging_mixin.py:137} INFO - [2024-09-09T01:43:33.499+0000] {dagbag.py:538} INFO - Filling up the DagBag from /home/airflow/.local/lib/python3.7/site-packages/airflow/example_dags/example_branch_operator_decorator.py
[2024-09-09T01:43:33.522+0000] {processor.py:753} INFO - DAG(s) dict_keys(['example_branch_python_operator_decorator']) retrieved from /home/airflow/.local/lib/python3.7/site-packages/airflow/example_dags/example_branch_operator_decorator.py
[2024-09-09T01:43:33.560+0000] {logging_mixin.py:137} INFO - [2024-09-09T01:43:33.559+0000] {dag.py:2676} INFO - Sync 1 DAGs
[2024-09-09T01:43:33.584+0000] {logging_mixin.py:137} INFO - [2024-09-09T01:43:33.583+0000] {dag.py:3427} INFO - Setting next_dagrun for example_branch_python_operator_decorator to 2024-09-08T00:00:00+00:00, run_after=2024-09-09T00:00:00+00:00
[2024-09-09T01:43:33.600+0000] {processor.py:175} INFO - Processing /home/airflow/.local/lib/python3.7/site-packages/airflow/example_dags/example_branch_operator_decorator.py took 0.106 seconds
