[2024-09-09T01:38:58.882+0000] {processor.py:153} INFO - Started process (PID=104) to work on /home/airflow/.local/lib/python3.7/site-packages/airflow/example_dags/example_latest_only_with_trigger.py
[2024-09-09T01:38:58.892+0000] {processor.py:743} INFO - Processing file /home/airflow/.local/lib/python3.7/site-packages/airflow/example_dags/example_latest_only_with_trigger.py for tasks to queue
[2024-09-09T01:38:58.897+0000] {logging_mixin.py:137} INFO - [2024-09-09T01:38:58.897+0000] {dagbag.py:538} INFO - Filling up the DagBag from /home/airflow/.local/lib/python3.7/site-packages/airflow/example_dags/example_latest_only_with_trigger.py
[2024-09-09T01:38:59.011+0000] {processor.py:753} INFO - DAG(s) dict_keys(['latest_only_with_trigger']) retrieved from /home/airflow/.local/lib/python3.7/site-packages/airflow/example_dags/example_latest_only_with_trigger.py
[2024-09-09T01:38:59.039+0000] {logging_mixin.py:137} INFO - [2024-09-09T01:38:59.039+0000] {dag.py:2676} INFO - Sync 1 DAGs
[2024-09-09T01:38:59.072+0000] {logging_mixin.py:137} INFO - [2024-09-09T01:38:59.071+0000] {dag.py:3427} INFO - Setting next_dagrun for latest_only_with_trigger to 2024-09-08T21:38:59.071748+00:00, run_after=2024-09-09T01:38:59.071748+00:00
[2024-09-09T01:38:59.095+0000] {processor.py:175} INFO - Processing /home/airflow/.local/lib/python3.7/site-packages/airflow/example_dags/example_latest_only_with_trigger.py took 0.237 seconds
[2024-09-09T01:39:29.261+0000] {processor.py:153} INFO - Started process (PID=200) to work on /home/airflow/.local/lib/python3.7/site-packages/airflow/example_dags/example_latest_only_with_trigger.py
[2024-09-09T01:39:29.262+0000] {processor.py:743} INFO - Processing file /home/airflow/.local/lib/python3.7/site-packages/airflow/example_dags/example_latest_only_with_trigger.py for tasks to queue
[2024-09-09T01:39:29.262+0000] {logging_mixin.py:137} INFO - [2024-09-09T01:39:29.262+0000] {dagbag.py:538} INFO - Filling up the DagBag from /home/airflow/.local/lib/python3.7/site-packages/airflow/example_dags/example_latest_only_with_trigger.py
[2024-09-09T01:39:29.274+0000] {processor.py:753} INFO - DAG(s) dict_keys(['latest_only_with_trigger']) retrieved from /home/airflow/.local/lib/python3.7/site-packages/airflow/example_dags/example_latest_only_with_trigger.py
[2024-09-09T01:39:29.303+0000] {logging_mixin.py:137} INFO - [2024-09-09T01:39:29.303+0000] {dag.py:2676} INFO - Sync 1 DAGs
[2024-09-09T01:39:29.324+0000] {logging_mixin.py:137} INFO - [2024-09-09T01:39:29.324+0000] {dag.py:3427} INFO - Setting next_dagrun for latest_only_with_trigger to 2024-09-08T21:39:29.323892+00:00, run_after=2024-09-09T01:39:29.323892+00:00
[2024-09-09T01:39:29.340+0000] {processor.py:175} INFO - Processing /home/airflow/.local/lib/python3.7/site-packages/airflow/example_dags/example_latest_only_with_trigger.py took 0.082 seconds
[2024-09-09T01:39:59.936+0000] {processor.py:153} INFO - Started process (PID=324) to work on /home/airflow/.local/lib/python3.7/site-packages/airflow/example_dags/example_latest_only_with_trigger.py
[2024-09-09T01:39:59.940+0000] {processor.py:743} INFO - Processing file /home/airflow/.local/lib/python3.7/site-packages/airflow/example_dags/example_latest_only_with_trigger.py for tasks to queue
[2024-09-09T01:39:59.941+0000] {logging_mixin.py:137} INFO - [2024-09-09T01:39:59.941+0000] {dagbag.py:538} INFO - Filling up the DagBag from /home/airflow/.local/lib/python3.7/site-packages/airflow/example_dags/example_latest_only_with_trigger.py
[2024-09-09T01:39:59.982+0000] {processor.py:753} INFO - DAG(s) dict_keys(['latest_only_with_trigger']) retrieved from /home/airflow/.local/lib/python3.7/site-packages/airflow/example_dags/example_latest_only_with_trigger.py
[2024-09-09T01:40:00.041+0000] {logging_mixin.py:137} INFO - [2024-09-09T01:40:00.041+0000] {dag.py:2676} INFO - Sync 1 DAGs
[2024-09-09T01:40:00.064+0000] {logging_mixin.py:137} INFO - [2024-09-09T01:40:00.064+0000] {dag.py:3427} INFO - Setting next_dagrun for latest_only_with_trigger to 2024-09-08T21:40:00.064331+00:00, run_after=2024-09-09T01:40:00.064331+00:00
[2024-09-09T01:40:00.087+0000] {processor.py:175} INFO - Processing /home/airflow/.local/lib/python3.7/site-packages/airflow/example_dags/example_latest_only_with_trigger.py took 0.155 seconds
[2024-09-09T01:40:30.338+0000] {processor.py:153} INFO - Started process (PID=420) to work on /home/airflow/.local/lib/python3.7/site-packages/airflow/example_dags/example_latest_only_with_trigger.py
[2024-09-09T01:40:30.338+0000] {processor.py:743} INFO - Processing file /home/airflow/.local/lib/python3.7/site-packages/airflow/example_dags/example_latest_only_with_trigger.py for tasks to queue
[2024-09-09T01:40:30.339+0000] {logging_mixin.py:137} INFO - [2024-09-09T01:40:30.339+0000] {dagbag.py:538} INFO - Filling up the DagBag from /home/airflow/.local/lib/python3.7/site-packages/airflow/example_dags/example_latest_only_with_trigger.py
[2024-09-09T01:40:30.350+0000] {processor.py:753} INFO - DAG(s) dict_keys(['latest_only_with_trigger']) retrieved from /home/airflow/.local/lib/python3.7/site-packages/airflow/example_dags/example_latest_only_with_trigger.py
[2024-09-09T01:40:30.377+0000] {logging_mixin.py:137} INFO - [2024-09-09T01:40:30.376+0000] {dag.py:2676} INFO - Sync 1 DAGs
[2024-09-09T01:40:30.395+0000] {logging_mixin.py:137} INFO - [2024-09-09T01:40:30.394+0000] {dag.py:3427} INFO - Setting next_dagrun for latest_only_with_trigger to 2024-09-08T21:40:30.394766+00:00, run_after=2024-09-09T01:40:30.394766+00:00
[2024-09-09T01:40:30.411+0000] {processor.py:175} INFO - Processing /home/airflow/.local/lib/python3.7/site-packages/airflow/example_dags/example_latest_only_with_trigger.py took 0.076 seconds
[2024-09-09T01:41:00.531+0000] {processor.py:153} INFO - Started process (PID=544) to work on /home/airflow/.local/lib/python3.7/site-packages/airflow/example_dags/example_latest_only_with_trigger.py
[2024-09-09T01:41:00.532+0000] {processor.py:743} INFO - Processing file /home/airflow/.local/lib/python3.7/site-packages/airflow/example_dags/example_latest_only_with_trigger.py for tasks to queue
[2024-09-09T01:41:00.533+0000] {logging_mixin.py:137} INFO - [2024-09-09T01:41:00.533+0000] {dagbag.py:538} INFO - Filling up the DagBag from /home/airflow/.local/lib/python3.7/site-packages/airflow/example_dags/example_latest_only_with_trigger.py
[2024-09-09T01:41:00.543+0000] {processor.py:753} INFO - DAG(s) dict_keys(['latest_only_with_trigger']) retrieved from /home/airflow/.local/lib/python3.7/site-packages/airflow/example_dags/example_latest_only_with_trigger.py
[2024-09-09T01:41:00.569+0000] {logging_mixin.py:137} INFO - [2024-09-09T01:41:00.569+0000] {dag.py:2676} INFO - Sync 1 DAGs
[2024-09-09T01:41:00.587+0000] {logging_mixin.py:137} INFO - [2024-09-09T01:41:00.587+0000] {dag.py:3427} INFO - Setting next_dagrun for latest_only_with_trigger to 2024-09-08T21:41:00.587416+00:00, run_after=2024-09-09T01:41:00.587416+00:00
[2024-09-09T01:41:00.604+0000] {processor.py:175} INFO - Processing /home/airflow/.local/lib/python3.7/site-packages/airflow/example_dags/example_latest_only_with_trigger.py took 0.075 seconds
[2024-09-09T01:41:30.923+0000] {processor.py:153} INFO - Started process (PID=640) to work on /home/airflow/.local/lib/python3.7/site-packages/airflow/example_dags/example_latest_only_with_trigger.py
[2024-09-09T01:41:30.924+0000] {processor.py:743} INFO - Processing file /home/airflow/.local/lib/python3.7/site-packages/airflow/example_dags/example_latest_only_with_trigger.py for tasks to queue
[2024-09-09T01:41:30.925+0000] {logging_mixin.py:137} INFO - [2024-09-09T01:41:30.925+0000] {dagbag.py:538} INFO - Filling up the DagBag from /home/airflow/.local/lib/python3.7/site-packages/airflow/example_dags/example_latest_only_with_trigger.py
[2024-09-09T01:41:30.938+0000] {processor.py:753} INFO - DAG(s) dict_keys(['latest_only_with_trigger']) retrieved from /home/airflow/.local/lib/python3.7/site-packages/airflow/example_dags/example_latest_only_with_trigger.py
[2024-09-09T01:41:30.973+0000] {logging_mixin.py:137} INFO - [2024-09-09T01:41:30.972+0000] {dag.py:2676} INFO - Sync 1 DAGs
[2024-09-09T01:41:30.999+0000] {logging_mixin.py:137} INFO - [2024-09-09T01:41:30.999+0000] {dag.py:3427} INFO - Setting next_dagrun for latest_only_with_trigger to 2024-09-08T21:41:30.998916+00:00, run_after=2024-09-09T01:41:30.998916+00:00
[2024-09-09T01:41:31.023+0000] {processor.py:175} INFO - Processing /home/airflow/.local/lib/python3.7/site-packages/airflow/example_dags/example_latest_only_with_trigger.py took 0.102 seconds
[2024-09-09T01:42:01.693+0000] {processor.py:153} INFO - Started process (PID=764) to work on /home/airflow/.local/lib/python3.7/site-packages/airflow/example_dags/example_latest_only_with_trigger.py
[2024-09-09T01:42:01.694+0000] {processor.py:743} INFO - Processing file /home/airflow/.local/lib/python3.7/site-packages/airflow/example_dags/example_latest_only_with_trigger.py for tasks to queue
[2024-09-09T01:42:01.695+0000] {logging_mixin.py:137} INFO - [2024-09-09T01:42:01.695+0000] {dagbag.py:538} INFO - Filling up the DagBag from /home/airflow/.local/lib/python3.7/site-packages/airflow/example_dags/example_latest_only_with_trigger.py
[2024-09-09T01:42:01.710+0000] {processor.py:753} INFO - DAG(s) dict_keys(['latest_only_with_trigger']) retrieved from /home/airflow/.local/lib/python3.7/site-packages/airflow/example_dags/example_latest_only_with_trigger.py
[2024-09-09T01:42:01.746+0000] {logging_mixin.py:137} INFO - [2024-09-09T01:42:01.745+0000] {dag.py:2676} INFO - Sync 1 DAGs
[2024-09-09T01:42:01.770+0000] {logging_mixin.py:137} INFO - [2024-09-09T01:42:01.769+0000] {dag.py:3427} INFO - Setting next_dagrun for latest_only_with_trigger to 2024-09-08T21:42:01.769629+00:00, run_after=2024-09-09T01:42:01.769629+00:00
[2024-09-09T01:42:01.789+0000] {processor.py:175} INFO - Processing /home/airflow/.local/lib/python3.7/site-packages/airflow/example_dags/example_latest_only_with_trigger.py took 0.099 seconds
[2024-09-09T01:42:31.865+0000] {processor.py:153} INFO - Started process (PID=860) to work on /home/airflow/.local/lib/python3.7/site-packages/airflow/example_dags/example_latest_only_with_trigger.py
[2024-09-09T01:42:31.865+0000] {processor.py:743} INFO - Processing file /home/airflow/.local/lib/python3.7/site-packages/airflow/example_dags/example_latest_only_with_trigger.py for tasks to queue
[2024-09-09T01:42:31.866+0000] {logging_mixin.py:137} INFO - [2024-09-09T01:42:31.866+0000] {dagbag.py:538} INFO - Filling up the DagBag from /home/airflow/.local/lib/python3.7/site-packages/airflow/example_dags/example_latest_only_with_trigger.py
[2024-09-09T01:42:31.876+0000] {processor.py:753} INFO - DAG(s) dict_keys(['latest_only_with_trigger']) retrieved from /home/airflow/.local/lib/python3.7/site-packages/airflow/example_dags/example_latest_only_with_trigger.py
[2024-09-09T01:42:31.906+0000] {logging_mixin.py:137} INFO - [2024-09-09T01:42:31.906+0000] {dag.py:2676} INFO - Sync 1 DAGs
[2024-09-09T01:42:31.927+0000] {logging_mixin.py:137} INFO - [2024-09-09T01:42:31.927+0000] {dag.py:3427} INFO - Setting next_dagrun for latest_only_with_trigger to 2024-09-08T21:42:31.927107+00:00, run_after=2024-09-09T01:42:31.927107+00:00
[2024-09-09T01:42:31.945+0000] {processor.py:175} INFO - Processing /home/airflow/.local/lib/python3.7/site-packages/airflow/example_dags/example_latest_only_with_trigger.py took 0.083 seconds
[2024-09-09T01:43:02.551+0000] {processor.py:153} INFO - Started process (PID=984) to work on /home/airflow/.local/lib/python3.7/site-packages/airflow/example_dags/example_latest_only_with_trigger.py
[2024-09-09T01:43:02.553+0000] {processor.py:743} INFO - Processing file /home/airflow/.local/lib/python3.7/site-packages/airflow/example_dags/example_latest_only_with_trigger.py for tasks to queue
[2024-09-09T01:43:02.553+0000] {logging_mixin.py:137} INFO - [2024-09-09T01:43:02.553+0000] {dagbag.py:538} INFO - Filling up the DagBag from /home/airflow/.local/lib/python3.7/site-packages/airflow/example_dags/example_latest_only_with_trigger.py
[2024-09-09T01:43:02.566+0000] {processor.py:753} INFO - DAG(s) dict_keys(['latest_only_with_trigger']) retrieved from /home/airflow/.local/lib/python3.7/site-packages/airflow/example_dags/example_latest_only_with_trigger.py
[2024-09-09T01:43:02.603+0000] {logging_mixin.py:137} INFO - [2024-09-09T01:43:02.602+0000] {dag.py:2676} INFO - Sync 1 DAGs
[2024-09-09T01:43:02.623+0000] {logging_mixin.py:137} INFO - [2024-09-09T01:43:02.623+0000] {dag.py:3427} INFO - Setting next_dagrun for latest_only_with_trigger to 2024-09-08T21:43:02.623253+00:00, run_after=2024-09-09T01:43:02.623253+00:00
[2024-09-09T01:43:02.645+0000] {processor.py:175} INFO - Processing /home/airflow/.local/lib/python3.7/site-packages/airflow/example_dags/example_latest_only_with_trigger.py took 0.096 seconds
[2024-09-09T01:43:33.350+0000] {processor.py:153} INFO - Started process (PID=1080) to work on /home/airflow/.local/lib/python3.7/site-packages/airflow/example_dags/example_latest_only_with_trigger.py
[2024-09-09T01:43:33.351+0000] {processor.py:743} INFO - Processing file /home/airflow/.local/lib/python3.7/site-packages/airflow/example_dags/example_latest_only_with_trigger.py for tasks to queue
[2024-09-09T01:43:33.352+0000] {logging_mixin.py:137} INFO - [2024-09-09T01:43:33.351+0000] {dagbag.py:538} INFO - Filling up the DagBag from /home/airflow/.local/lib/python3.7/site-packages/airflow/example_dags/example_latest_only_with_trigger.py
[2024-09-09T01:43:33.365+0000] {processor.py:753} INFO - DAG(s) dict_keys(['latest_only_with_trigger']) retrieved from /home/airflow/.local/lib/python3.7/site-packages/airflow/example_dags/example_latest_only_with_trigger.py
[2024-09-09T01:43:33.401+0000] {logging_mixin.py:137} INFO - [2024-09-09T01:43:33.401+0000] {dag.py:2676} INFO - Sync 1 DAGs
[2024-09-09T01:43:33.430+0000] {logging_mixin.py:137} INFO - [2024-09-09T01:43:33.430+0000] {dag.py:3427} INFO - Setting next_dagrun for latest_only_with_trigger to 2024-09-08T21:43:33.429870+00:00, run_after=2024-09-09T01:43:33.429870+00:00
[2024-09-09T01:43:33.452+0000] {processor.py:175} INFO - Processing /home/airflow/.local/lib/python3.7/site-packages/airflow/example_dags/example_latest_only_with_trigger.py took 0.105 seconds
[2024-09-09T01:44:03.791+0000] {processor.py:153} INFO - Started process (PID=1204) to work on /home/airflow/.local/lib/python3.7/site-packages/airflow/example_dags/example_latest_only_with_trigger.py
[2024-09-09T01:44:03.792+0000] {processor.py:743} INFO - Processing file /home/airflow/.local/lib/python3.7/site-packages/airflow/example_dags/example_latest_only_with_trigger.py for tasks to queue
[2024-09-09T01:44:03.792+0000] {logging_mixin.py:137} INFO - [2024-09-09T01:44:03.792+0000] {dagbag.py:538} INFO - Filling up the DagBag from /home/airflow/.local/lib/python3.7/site-packages/airflow/example_dags/example_latest_only_with_trigger.py
[2024-09-09T01:44:03.805+0000] {processor.py:753} INFO - DAG(s) dict_keys(['latest_only_with_trigger']) retrieved from /home/airflow/.local/lib/python3.7/site-packages/airflow/example_dags/example_latest_only_with_trigger.py
[2024-09-09T01:44:03.836+0000] {logging_mixin.py:137} INFO - [2024-09-09T01:44:03.836+0000] {dag.py:2676} INFO - Sync 1 DAGs
[2024-09-09T01:44:03.857+0000] {logging_mixin.py:137} INFO - [2024-09-09T01:44:03.857+0000] {dag.py:3427} INFO - Setting next_dagrun for latest_only_with_trigger to 2024-09-08T21:44:03.857495+00:00, run_after=2024-09-09T01:44:03.857495+00:00
[2024-09-09T01:44:03.876+0000] {processor.py:175} INFO - Processing /home/airflow/.local/lib/python3.7/site-packages/airflow/example_dags/example_latest_only_with_trigger.py took 0.088 seconds
[2024-09-09T01:44:34.250+0000] {processor.py:153} INFO - Started process (PID=1328) to work on /home/airflow/.local/lib/python3.7/site-packages/airflow/example_dags/example_latest_only_with_trigger.py
[2024-09-09T01:44:34.251+0000] {processor.py:743} INFO - Processing file /home/airflow/.local/lib/python3.7/site-packages/airflow/example_dags/example_latest_only_with_trigger.py for tasks to queue
[2024-09-09T01:44:34.252+0000] {logging_mixin.py:137} INFO - [2024-09-09T01:44:34.252+0000] {dagbag.py:538} INFO - Filling up the DagBag from /home/airflow/.local/lib/python3.7/site-packages/airflow/example_dags/example_latest_only_with_trigger.py
[2024-09-09T01:44:34.267+0000] {processor.py:753} INFO - DAG(s) dict_keys(['latest_only_with_trigger']) retrieved from /home/airflow/.local/lib/python3.7/site-packages/airflow/example_dags/example_latest_only_with_trigger.py
[2024-09-09T01:44:34.310+0000] {logging_mixin.py:137} INFO - [2024-09-09T01:44:34.310+0000] {dag.py:2676} INFO - Sync 1 DAGs
[2024-09-09T01:44:34.336+0000] {logging_mixin.py:137} INFO - [2024-09-09T01:44:34.335+0000] {dag.py:3427} INFO - Setting next_dagrun for latest_only_with_trigger to 2024-09-08T21:44:34.335492+00:00, run_after=2024-09-09T01:44:34.335492+00:00
[2024-09-09T01:44:34.360+0000] {processor.py:175} INFO - Processing /home/airflow/.local/lib/python3.7/site-packages/airflow/example_dags/example_latest_only_with_trigger.py took 0.113 seconds
[2024-09-09T01:45:04.459+0000] {processor.py:153} INFO - Started process (PID=1424) to work on /home/airflow/.local/lib/python3.7/site-packages/airflow/example_dags/example_latest_only_with_trigger.py
[2024-09-09T01:45:04.459+0000] {processor.py:743} INFO - Processing file /home/airflow/.local/lib/python3.7/site-packages/airflow/example_dags/example_latest_only_with_trigger.py for tasks to queue
[2024-09-09T01:45:04.460+0000] {logging_mixin.py:137} INFO - [2024-09-09T01:45:04.460+0000] {dagbag.py:538} INFO - Filling up the DagBag from /home/airflow/.local/lib/python3.7/site-packages/airflow/example_dags/example_latest_only_with_trigger.py
[2024-09-09T01:45:04.471+0000] {processor.py:753} INFO - DAG(s) dict_keys(['latest_only_with_trigger']) retrieved from /home/airflow/.local/lib/python3.7/site-packages/airflow/example_dags/example_latest_only_with_trigger.py
[2024-09-09T01:45:04.497+0000] {logging_mixin.py:137} INFO - [2024-09-09T01:45:04.497+0000] {dag.py:2676} INFO - Sync 1 DAGs
[2024-09-09T01:45:04.517+0000] {logging_mixin.py:137} INFO - [2024-09-09T01:45:04.517+0000] {dag.py:3427} INFO - Setting next_dagrun for latest_only_with_trigger to 2024-09-08T21:45:04.516219+00:00, run_after=2024-09-09T01:45:04.516219+00:00
[2024-09-09T01:45:04.534+0000] {processor.py:175} INFO - Processing /home/airflow/.local/lib/python3.7/site-packages/airflow/example_dags/example_latest_only_with_trigger.py took 0.077 seconds
[2024-09-09T01:45:34.804+0000] {processor.py:153} INFO - Started process (PID=1549) to work on /home/airflow/.local/lib/python3.7/site-packages/airflow/example_dags/example_latest_only_with_trigger.py
[2024-09-09T01:45:34.805+0000] {processor.py:743} INFO - Processing file /home/airflow/.local/lib/python3.7/site-packages/airflow/example_dags/example_latest_only_with_trigger.py for tasks to queue
[2024-09-09T01:45:34.805+0000] {logging_mixin.py:137} INFO - [2024-09-09T01:45:34.805+0000] {dagbag.py:538} INFO - Filling up the DagBag from /home/airflow/.local/lib/python3.7/site-packages/airflow/example_dags/example_latest_only_with_trigger.py
[2024-09-09T01:45:34.816+0000] {processor.py:753} INFO - DAG(s) dict_keys(['latest_only_with_trigger']) retrieved from /home/airflow/.local/lib/python3.7/site-packages/airflow/example_dags/example_latest_only_with_trigger.py
[2024-09-09T01:45:34.845+0000] {logging_mixin.py:137} INFO - [2024-09-09T01:45:34.845+0000] {dag.py:2676} INFO - Sync 1 DAGs
[2024-09-09T01:45:34.863+0000] {logging_mixin.py:137} INFO - [2024-09-09T01:45:34.863+0000] {dag.py:3427} INFO - Setting next_dagrun for latest_only_with_trigger to 2024-09-08T21:45:34.863681+00:00, run_after=2024-09-09T01:45:34.863681+00:00
[2024-09-09T01:45:34.880+0000] {processor.py:175} INFO - Processing /home/airflow/.local/lib/python3.7/site-packages/airflow/example_dags/example_latest_only_with_trigger.py took 0.078 seconds
[2024-09-09T01:46:05.168+0000] {processor.py:153} INFO - Started process (PID=1645) to work on /home/airflow/.local/lib/python3.7/site-packages/airflow/example_dags/example_latest_only_with_trigger.py
[2024-09-09T01:46:05.169+0000] {processor.py:743} INFO - Processing file /home/airflow/.local/lib/python3.7/site-packages/airflow/example_dags/example_latest_only_with_trigger.py for tasks to queue
[2024-09-09T01:46:05.170+0000] {logging_mixin.py:137} INFO - [2024-09-09T01:46:05.170+0000] {dagbag.py:538} INFO - Filling up the DagBag from /home/airflow/.local/lib/python3.7/site-packages/airflow/example_dags/example_latest_only_with_trigger.py
[2024-09-09T01:46:05.180+0000] {processor.py:753} INFO - DAG(s) dict_keys(['latest_only_with_trigger']) retrieved from /home/airflow/.local/lib/python3.7/site-packages/airflow/example_dags/example_latest_only_with_trigger.py
[2024-09-09T01:46:05.207+0000] {logging_mixin.py:137} INFO - [2024-09-09T01:46:05.207+0000] {dag.py:2676} INFO - Sync 1 DAGs
[2024-09-09T01:46:05.226+0000] {logging_mixin.py:137} INFO - [2024-09-09T01:46:05.225+0000] {dag.py:3427} INFO - Setting next_dagrun for latest_only_with_trigger to 2024-09-08T21:46:05.225807+00:00, run_after=2024-09-09T01:46:05.225807+00:00
[2024-09-09T01:46:05.241+0000] {processor.py:175} INFO - Processing /home/airflow/.local/lib/python3.7/site-packages/airflow/example_dags/example_latest_only_with_trigger.py took 0.075 seconds
[2024-09-09T01:46:35.435+0000] {processor.py:153} INFO - Started process (PID=1769) to work on /home/airflow/.local/lib/python3.7/site-packages/airflow/example_dags/example_latest_only_with_trigger.py
[2024-09-09T01:46:35.435+0000] {processor.py:743} INFO - Processing file /home/airflow/.local/lib/python3.7/site-packages/airflow/example_dags/example_latest_only_with_trigger.py for tasks to queue
[2024-09-09T01:46:35.436+0000] {logging_mixin.py:137} INFO - [2024-09-09T01:46:35.436+0000] {dagbag.py:538} INFO - Filling up the DagBag from /home/airflow/.local/lib/python3.7/site-packages/airflow/example_dags/example_latest_only_with_trigger.py
[2024-09-09T01:46:35.446+0000] {processor.py:753} INFO - DAG(s) dict_keys(['latest_only_with_trigger']) retrieved from /home/airflow/.local/lib/python3.7/site-packages/airflow/example_dags/example_latest_only_with_trigger.py
[2024-09-09T01:46:35.473+0000] {logging_mixin.py:137} INFO - [2024-09-09T01:46:35.473+0000] {dag.py:2676} INFO - Sync 1 DAGs
[2024-09-09T01:46:35.495+0000] {logging_mixin.py:137} INFO - [2024-09-09T01:46:35.494+0000] {dag.py:3427} INFO - Setting next_dagrun for latest_only_with_trigger to 2024-09-08T21:46:35.494396+00:00, run_after=2024-09-09T01:46:35.494396+00:00
[2024-09-09T01:46:35.515+0000] {processor.py:175} INFO - Processing /home/airflow/.local/lib/python3.7/site-packages/airflow/example_dags/example_latest_only_with_trigger.py took 0.083 seconds
[2024-09-09T01:47:06.188+0000] {processor.py:153} INFO - Started process (PID=1874) to work on /home/airflow/.local/lib/python3.7/site-packages/airflow/example_dags/example_latest_only_with_trigger.py
[2024-09-09T01:47:06.189+0000] {processor.py:743} INFO - Processing file /home/airflow/.local/lib/python3.7/site-packages/airflow/example_dags/example_latest_only_with_trigger.py for tasks to queue
[2024-09-09T01:47:06.190+0000] {logging_mixin.py:137} INFO - [2024-09-09T01:47:06.190+0000] {dagbag.py:538} INFO - Filling up the DagBag from /home/airflow/.local/lib/python3.7/site-packages/airflow/example_dags/example_latest_only_with_trigger.py
[2024-09-09T01:47:06.202+0000] {processor.py:753} INFO - DAG(s) dict_keys(['latest_only_with_trigger']) retrieved from /home/airflow/.local/lib/python3.7/site-packages/airflow/example_dags/example_latest_only_with_trigger.py
[2024-09-09T01:47:06.233+0000] {logging_mixin.py:137} INFO - [2024-09-09T01:47:06.233+0000] {dag.py:2676} INFO - Sync 1 DAGs
[2024-09-09T01:47:06.254+0000] {logging_mixin.py:137} INFO - [2024-09-09T01:47:06.254+0000] {dag.py:3427} INFO - Setting next_dagrun for latest_only_with_trigger to 2024-09-08T21:47:06.254467+00:00, run_after=2024-09-09T01:47:06.254467+00:00
[2024-09-09T01:47:06.271+0000] {processor.py:175} INFO - Processing /home/airflow/.local/lib/python3.7/site-packages/airflow/example_dags/example_latest_only_with_trigger.py took 0.086 seconds
[2024-09-09T01:47:36.687+0000] {processor.py:153} INFO - Started process (PID=1989) to work on /home/airflow/.local/lib/python3.7/site-packages/airflow/example_dags/example_latest_only_with_trigger.py
[2024-09-09T01:47:36.688+0000] {processor.py:743} INFO - Processing file /home/airflow/.local/lib/python3.7/site-packages/airflow/example_dags/example_latest_only_with_trigger.py for tasks to queue
[2024-09-09T01:47:36.689+0000] {logging_mixin.py:137} INFO - [2024-09-09T01:47:36.689+0000] {dagbag.py:538} INFO - Filling up the DagBag from /home/airflow/.local/lib/python3.7/site-packages/airflow/example_dags/example_latest_only_with_trigger.py
[2024-09-09T01:47:36.701+0000] {processor.py:753} INFO - DAG(s) dict_keys(['latest_only_with_trigger']) retrieved from /home/airflow/.local/lib/python3.7/site-packages/airflow/example_dags/example_latest_only_with_trigger.py
[2024-09-09T01:47:36.735+0000] {logging_mixin.py:137} INFO - [2024-09-09T01:47:36.735+0000] {dag.py:2676} INFO - Sync 1 DAGs
[2024-09-09T01:47:36.759+0000] {logging_mixin.py:137} INFO - [2024-09-09T01:47:36.759+0000] {dag.py:3427} INFO - Setting next_dagrun for latest_only_with_trigger to 2024-09-08T21:47:36.758941+00:00, run_after=2024-09-09T01:47:36.758941+00:00
[2024-09-09T01:47:36.776+0000] {processor.py:175} INFO - Processing /home/airflow/.local/lib/python3.7/site-packages/airflow/example_dags/example_latest_only_with_trigger.py took 0.091 seconds
[2024-09-09T01:48:06.975+0000] {processor.py:153} INFO - Started process (PID=2113) to work on /home/airflow/.local/lib/python3.7/site-packages/airflow/example_dags/example_latest_only_with_trigger.py
[2024-09-09T01:48:06.976+0000] {processor.py:743} INFO - Processing file /home/airflow/.local/lib/python3.7/site-packages/airflow/example_dags/example_latest_only_with_trigger.py for tasks to queue
[2024-09-09T01:48:06.977+0000] {logging_mixin.py:137} INFO - [2024-09-09T01:48:06.977+0000] {dagbag.py:538} INFO - Filling up the DagBag from /home/airflow/.local/lib/python3.7/site-packages/airflow/example_dags/example_latest_only_with_trigger.py
[2024-09-09T01:48:06.987+0000] {processor.py:753} INFO - DAG(s) dict_keys(['latest_only_with_trigger']) retrieved from /home/airflow/.local/lib/python3.7/site-packages/airflow/example_dags/example_latest_only_with_trigger.py
[2024-09-09T01:48:07.015+0000] {logging_mixin.py:137} INFO - [2024-09-09T01:48:07.015+0000] {dag.py:2676} INFO - Sync 1 DAGs
[2024-09-09T01:48:07.034+0000] {logging_mixin.py:137} INFO - [2024-09-09T01:48:07.034+0000] {dag.py:3427} INFO - Setting next_dagrun for latest_only_with_trigger to 2024-09-08T21:48:07.034023+00:00, run_after=2024-09-09T01:48:07.034023+00:00
[2024-09-09T01:48:07.056+0000] {processor.py:175} INFO - Processing /home/airflow/.local/lib/python3.7/site-packages/airflow/example_dags/example_latest_only_with_trigger.py took 0.084 seconds
[2024-09-09T01:48:37.092+0000] {processor.py:153} INFO - Started process (PID=2207) to work on /home/airflow/.local/lib/python3.7/site-packages/airflow/example_dags/example_latest_only_with_trigger.py
[2024-09-09T01:48:37.094+0000] {processor.py:743} INFO - Processing file /home/airflow/.local/lib/python3.7/site-packages/airflow/example_dags/example_latest_only_with_trigger.py for tasks to queue
[2024-09-09T01:48:37.094+0000] {logging_mixin.py:137} INFO - [2024-09-09T01:48:37.094+0000] {dagbag.py:538} INFO - Filling up the DagBag from /home/airflow/.local/lib/python3.7/site-packages/airflow/example_dags/example_latest_only_with_trigger.py
[2024-09-09T01:48:37.107+0000] {processor.py:753} INFO - DAG(s) dict_keys(['latest_only_with_trigger']) retrieved from /home/airflow/.local/lib/python3.7/site-packages/airflow/example_dags/example_latest_only_with_trigger.py
[2024-09-09T01:48:37.140+0000] {logging_mixin.py:137} INFO - [2024-09-09T01:48:37.139+0000] {dag.py:2676} INFO - Sync 1 DAGs
[2024-09-09T01:48:37.161+0000] {logging_mixin.py:137} INFO - [2024-09-09T01:48:37.161+0000] {dag.py:3427} INFO - Setting next_dagrun for latest_only_with_trigger to 2024-09-08T21:48:37.161050+00:00, run_after=2024-09-09T01:48:37.161050+00:00
[2024-09-09T01:48:37.181+0000] {processor.py:175} INFO - Processing /home/airflow/.local/lib/python3.7/site-packages/airflow/example_dags/example_latest_only_with_trigger.py took 0.092 seconds
[2024-09-09T01:49:07.724+0000] {processor.py:153} INFO - Started process (PID=2331) to work on /home/airflow/.local/lib/python3.7/site-packages/airflow/example_dags/example_latest_only_with_trigger.py
[2024-09-09T01:49:07.725+0000] {processor.py:743} INFO - Processing file /home/airflow/.local/lib/python3.7/site-packages/airflow/example_dags/example_latest_only_with_trigger.py for tasks to queue
[2024-09-09T01:49:07.726+0000] {logging_mixin.py:137} INFO - [2024-09-09T01:49:07.725+0000] {dagbag.py:538} INFO - Filling up the DagBag from /home/airflow/.local/lib/python3.7/site-packages/airflow/example_dags/example_latest_only_with_trigger.py
[2024-09-09T01:49:07.737+0000] {processor.py:753} INFO - DAG(s) dict_keys(['latest_only_with_trigger']) retrieved from /home/airflow/.local/lib/python3.7/site-packages/airflow/example_dags/example_latest_only_with_trigger.py
[2024-09-09T01:49:07.768+0000] {logging_mixin.py:137} INFO - [2024-09-09T01:49:07.768+0000] {dag.py:2676} INFO - Sync 1 DAGs
[2024-09-09T01:49:07.791+0000] {logging_mixin.py:137} INFO - [2024-09-09T01:49:07.791+0000] {dag.py:3427} INFO - Setting next_dagrun for latest_only_with_trigger to 2024-09-08T21:49:07.790883+00:00, run_after=2024-09-09T01:49:07.790883+00:00
[2024-09-09T01:49:07.810+0000] {processor.py:175} INFO - Processing /home/airflow/.local/lib/python3.7/site-packages/airflow/example_dags/example_latest_only_with_trigger.py took 0.089 seconds
