[2024-09-09T01:38:59.061+0000] {processor.py:153} INFO - Started process (PID=105) to work on /home/airflow/.local/lib/python3.7/site-packages/airflow/example_dags/example_latest_only.py
[2024-09-09T01:38:59.062+0000] {processor.py:743} INFO - Processing file /home/airflow/.local/lib/python3.7/site-packages/airflow/example_dags/example_latest_only.py for tasks to queue
[2024-09-09T01:38:59.063+0000] {logging_mixin.py:137} INFO - [2024-09-09T01:38:59.062+0000] {dagbag.py:538} INFO - Filling up the DagBag from /home/airflow/.local/lib/python3.7/site-packages/airflow/example_dags/example_latest_only.py
[2024-09-09T01:38:59.081+0000] {processor.py:753} INFO - DAG(s) dict_keys(['latest_only']) retrieved from /home/airflow/.local/lib/python3.7/site-packages/airflow/example_dags/example_latest_only.py
[2024-09-09T01:38:59.109+0000] {logging_mixin.py:137} INFO - [2024-09-09T01:38:59.109+0000] {dag.py:2676} INFO - Sync 1 DAGs
[2024-09-09T01:38:59.139+0000] {logging_mixin.py:137} INFO - [2024-09-09T01:38:59.139+0000] {dag.py:3427} INFO - Setting next_dagrun for latest_only to 2024-09-08T21:38:59.138868+00:00, run_after=2024-09-09T01:38:59.138868+00:00
[2024-09-09T01:38:59.166+0000] {processor.py:175} INFO - Processing /home/airflow/.local/lib/python3.7/site-packages/airflow/example_dags/example_latest_only.py took 0.108 seconds
[2024-09-09T01:39:29.330+0000] {processor.py:153} INFO - Started process (PID=201) to work on /home/airflow/.local/lib/python3.7/site-packages/airflow/example_dags/example_latest_only.py
[2024-09-09T01:39:29.330+0000] {processor.py:743} INFO - Processing file /home/airflow/.local/lib/python3.7/site-packages/airflow/example_dags/example_latest_only.py for tasks to queue
[2024-09-09T01:39:29.331+0000] {logging_mixin.py:137} INFO - [2024-09-09T01:39:29.331+0000] {dagbag.py:538} INFO - Filling up the DagBag from /home/airflow/.local/lib/python3.7/site-packages/airflow/example_dags/example_latest_only.py
[2024-09-09T01:39:29.342+0000] {processor.py:753} INFO - DAG(s) dict_keys(['latest_only']) retrieved from /home/airflow/.local/lib/python3.7/site-packages/airflow/example_dags/example_latest_only.py
[2024-09-09T01:39:29.370+0000] {logging_mixin.py:137} INFO - [2024-09-09T01:39:29.370+0000] {dag.py:2676} INFO - Sync 1 DAGs
[2024-09-09T01:39:29.390+0000] {logging_mixin.py:137} INFO - [2024-09-09T01:39:29.390+0000] {dag.py:3427} INFO - Setting next_dagrun for latest_only to 2024-09-08T21:39:29.389870+00:00, run_after=2024-09-09T01:39:29.389870+00:00
[2024-09-09T01:39:29.406+0000] {processor.py:175} INFO - Processing /home/airflow/.local/lib/python3.7/site-packages/airflow/example_dags/example_latest_only.py took 0.079 seconds
[2024-09-09T01:40:00.054+0000] {processor.py:153} INFO - Started process (PID=325) to work on /home/airflow/.local/lib/python3.7/site-packages/airflow/example_dags/example_latest_only.py
[2024-09-09T01:40:00.056+0000] {processor.py:743} INFO - Processing file /home/airflow/.local/lib/python3.7/site-packages/airflow/example_dags/example_latest_only.py for tasks to queue
[2024-09-09T01:40:00.057+0000] {logging_mixin.py:137} INFO - [2024-09-09T01:40:00.056+0000] {dagbag.py:538} INFO - Filling up the DagBag from /home/airflow/.local/lib/python3.7/site-packages/airflow/example_dags/example_latest_only.py
[2024-09-09T01:40:00.071+0000] {processor.py:753} INFO - DAG(s) dict_keys(['latest_only']) retrieved from /home/airflow/.local/lib/python3.7/site-packages/airflow/example_dags/example_latest_only.py
[2024-09-09T01:40:00.111+0000] {logging_mixin.py:137} INFO - [2024-09-09T01:40:00.111+0000] {dag.py:2676} INFO - Sync 1 DAGs
[2024-09-09T01:40:00.135+0000] {logging_mixin.py:137} INFO - [2024-09-09T01:40:00.135+0000] {dag.py:3427} INFO - Setting next_dagrun for latest_only to 2024-09-08T21:40:00.134929+00:00, run_after=2024-09-09T01:40:00.134929+00:00
[2024-09-09T01:40:00.156+0000] {processor.py:175} INFO - Processing /home/airflow/.local/lib/python3.7/site-packages/airflow/example_dags/example_latest_only.py took 0.106 seconds
[2024-09-09T01:40:30.360+0000] {processor.py:153} INFO - Started process (PID=421) to work on /home/airflow/.local/lib/python3.7/site-packages/airflow/example_dags/example_latest_only.py
[2024-09-09T01:40:30.361+0000] {processor.py:743} INFO - Processing file /home/airflow/.local/lib/python3.7/site-packages/airflow/example_dags/example_latest_only.py for tasks to queue
[2024-09-09T01:40:30.362+0000] {logging_mixin.py:137} INFO - [2024-09-09T01:40:30.362+0000] {dagbag.py:538} INFO - Filling up the DagBag from /home/airflow/.local/lib/python3.7/site-packages/airflow/example_dags/example_latest_only.py
[2024-09-09T01:40:30.372+0000] {processor.py:753} INFO - DAG(s) dict_keys(['latest_only']) retrieved from /home/airflow/.local/lib/python3.7/site-packages/airflow/example_dags/example_latest_only.py
[2024-09-09T01:40:30.399+0000] {logging_mixin.py:137} INFO - [2024-09-09T01:40:30.398+0000] {dag.py:2676} INFO - Sync 1 DAGs
[2024-09-09T01:40:30.418+0000] {logging_mixin.py:137} INFO - [2024-09-09T01:40:30.418+0000] {dag.py:3427} INFO - Setting next_dagrun for latest_only to 2024-09-08T21:40:30.418253+00:00, run_after=2024-09-09T01:40:30.418253+00:00
[2024-09-09T01:40:30.433+0000] {processor.py:175} INFO - Processing /home/airflow/.local/lib/python3.7/site-packages/airflow/example_dags/example_latest_only.py took 0.075 seconds
[2024-09-09T01:41:00.555+0000] {processor.py:153} INFO - Started process (PID=545) to work on /home/airflow/.local/lib/python3.7/site-packages/airflow/example_dags/example_latest_only.py
[2024-09-09T01:41:00.556+0000] {processor.py:743} INFO - Processing file /home/airflow/.local/lib/python3.7/site-packages/airflow/example_dags/example_latest_only.py for tasks to queue
[2024-09-09T01:41:00.557+0000] {logging_mixin.py:137} INFO - [2024-09-09T01:41:00.557+0000] {dagbag.py:538} INFO - Filling up the DagBag from /home/airflow/.local/lib/python3.7/site-packages/airflow/example_dags/example_latest_only.py
[2024-09-09T01:41:00.567+0000] {processor.py:753} INFO - DAG(s) dict_keys(['latest_only']) retrieved from /home/airflow/.local/lib/python3.7/site-packages/airflow/example_dags/example_latest_only.py
[2024-09-09T01:41:00.593+0000] {logging_mixin.py:137} INFO - [2024-09-09T01:41:00.593+0000] {dag.py:2676} INFO - Sync 1 DAGs
[2024-09-09T01:41:00.612+0000] {logging_mixin.py:137} INFO - [2024-09-09T01:41:00.612+0000] {dag.py:3427} INFO - Setting next_dagrun for latest_only to 2024-09-08T21:41:00.612159+00:00, run_after=2024-09-09T01:41:00.612159+00:00
[2024-09-09T01:41:00.628+0000] {processor.py:175} INFO - Processing /home/airflow/.local/lib/python3.7/site-packages/airflow/example_dags/example_latest_only.py took 0.074 seconds
[2024-09-09T01:41:31.039+0000] {processor.py:153} INFO - Started process (PID=641) to work on /home/airflow/.local/lib/python3.7/site-packages/airflow/example_dags/example_latest_only.py
[2024-09-09T01:41:31.040+0000] {processor.py:743} INFO - Processing file /home/airflow/.local/lib/python3.7/site-packages/airflow/example_dags/example_latest_only.py for tasks to queue
[2024-09-09T01:41:31.040+0000] {logging_mixin.py:137} INFO - [2024-09-09T01:41:31.040+0000] {dagbag.py:538} INFO - Filling up the DagBag from /home/airflow/.local/lib/python3.7/site-packages/airflow/example_dags/example_latest_only.py
[2024-09-09T01:41:31.052+0000] {processor.py:753} INFO - DAG(s) dict_keys(['latest_only']) retrieved from /home/airflow/.local/lib/python3.7/site-packages/airflow/example_dags/example_latest_only.py
[2024-09-09T01:41:31.087+0000] {logging_mixin.py:137} INFO - [2024-09-09T01:41:31.087+0000] {dag.py:2676} INFO - Sync 1 DAGs
[2024-09-09T01:41:31.112+0000] {logging_mixin.py:137} INFO - [2024-09-09T01:41:31.111+0000] {dag.py:3427} INFO - Setting next_dagrun for latest_only to 2024-09-08T21:41:31.111636+00:00, run_after=2024-09-09T01:41:31.111636+00:00
[2024-09-09T01:41:31.134+0000] {processor.py:175} INFO - Processing /home/airflow/.local/lib/python3.7/site-packages/airflow/example_dags/example_latest_only.py took 0.098 seconds
[2024-09-09T01:42:01.785+0000] {processor.py:153} INFO - Started process (PID=765) to work on /home/airflow/.local/lib/python3.7/site-packages/airflow/example_dags/example_latest_only.py
[2024-09-09T01:42:01.786+0000] {processor.py:743} INFO - Processing file /home/airflow/.local/lib/python3.7/site-packages/airflow/example_dags/example_latest_only.py for tasks to queue
[2024-09-09T01:42:01.786+0000] {logging_mixin.py:137} INFO - [2024-09-09T01:42:01.786+0000] {dagbag.py:538} INFO - Filling up the DagBag from /home/airflow/.local/lib/python3.7/site-packages/airflow/example_dags/example_latest_only.py
[2024-09-09T01:42:01.798+0000] {processor.py:753} INFO - DAG(s) dict_keys(['latest_only']) retrieved from /home/airflow/.local/lib/python3.7/site-packages/airflow/example_dags/example_latest_only.py
[2024-09-09T01:42:01.832+0000] {logging_mixin.py:137} INFO - [2024-09-09T01:42:01.832+0000] {dag.py:2676} INFO - Sync 1 DAGs
[2024-09-09T01:42:01.855+0000] {logging_mixin.py:137} INFO - [2024-09-09T01:42:01.855+0000] {dag.py:3427} INFO - Setting next_dagrun for latest_only to 2024-09-08T21:42:01.854952+00:00, run_after=2024-09-09T01:42:01.854952+00:00
[2024-09-09T01:42:01.873+0000] {processor.py:175} INFO - Processing /home/airflow/.local/lib/python3.7/site-packages/airflow/example_dags/example_latest_only.py took 0.091 seconds
[2024-09-09T01:42:31.943+0000] {processor.py:153} INFO - Started process (PID=861) to work on /home/airflow/.local/lib/python3.7/site-packages/airflow/example_dags/example_latest_only.py
[2024-09-09T01:42:31.944+0000] {processor.py:743} INFO - Processing file /home/airflow/.local/lib/python3.7/site-packages/airflow/example_dags/example_latest_only.py for tasks to queue
[2024-09-09T01:42:31.945+0000] {logging_mixin.py:137} INFO - [2024-09-09T01:42:31.945+0000] {dagbag.py:538} INFO - Filling up the DagBag from /home/airflow/.local/lib/python3.7/site-packages/airflow/example_dags/example_latest_only.py
[2024-09-09T01:42:31.957+0000] {processor.py:753} INFO - DAG(s) dict_keys(['latest_only']) retrieved from /home/airflow/.local/lib/python3.7/site-packages/airflow/example_dags/example_latest_only.py
[2024-09-09T01:42:31.989+0000] {logging_mixin.py:137} INFO - [2024-09-09T01:42:31.988+0000] {dag.py:2676} INFO - Sync 1 DAGs
[2024-09-09T01:42:32.011+0000] {logging_mixin.py:137} INFO - [2024-09-09T01:42:32.011+0000] {dag.py:3427} INFO - Setting next_dagrun for latest_only to 2024-09-08T21:42:32.011224+00:00, run_after=2024-09-09T01:42:32.011224+00:00
[2024-09-09T01:42:32.034+0000] {processor.py:175} INFO - Processing /home/airflow/.local/lib/python3.7/site-packages/airflow/example_dags/example_latest_only.py took 0.093 seconds
[2024-09-09T01:43:02.645+0000] {processor.py:153} INFO - Started process (PID=985) to work on /home/airflow/.local/lib/python3.7/site-packages/airflow/example_dags/example_latest_only.py
[2024-09-09T01:43:02.646+0000] {processor.py:743} INFO - Processing file /home/airflow/.local/lib/python3.7/site-packages/airflow/example_dags/example_latest_only.py for tasks to queue
[2024-09-09T01:43:02.647+0000] {logging_mixin.py:137} INFO - [2024-09-09T01:43:02.647+0000] {dagbag.py:538} INFO - Filling up the DagBag from /home/airflow/.local/lib/python3.7/site-packages/airflow/example_dags/example_latest_only.py
[2024-09-09T01:43:02.659+0000] {processor.py:753} INFO - DAG(s) dict_keys(['latest_only']) retrieved from /home/airflow/.local/lib/python3.7/site-packages/airflow/example_dags/example_latest_only.py
[2024-09-09T01:43:02.694+0000] {logging_mixin.py:137} INFO - [2024-09-09T01:43:02.694+0000] {dag.py:2676} INFO - Sync 1 DAGs
[2024-09-09T01:43:02.718+0000] {logging_mixin.py:137} INFO - [2024-09-09T01:43:02.718+0000] {dag.py:3427} INFO - Setting next_dagrun for latest_only to 2024-09-08T21:43:02.717823+00:00, run_after=2024-09-09T01:43:02.717823+00:00
[2024-09-09T01:43:02.740+0000] {processor.py:175} INFO - Processing /home/airflow/.local/lib/python3.7/site-packages/airflow/example_dags/example_latest_only.py took 0.098 seconds
[2024-09-09T01:43:33.380+0000] {processor.py:153} INFO - Started process (PID=1081) to work on /home/airflow/.local/lib/python3.7/site-packages/airflow/example_dags/example_latest_only.py
[2024-09-09T01:43:33.381+0000] {processor.py:743} INFO - Processing file /home/airflow/.local/lib/python3.7/site-packages/airflow/example_dags/example_latest_only.py for tasks to queue
[2024-09-09T01:43:33.382+0000] {logging_mixin.py:137} INFO - [2024-09-09T01:43:33.381+0000] {dagbag.py:538} INFO - Filling up the DagBag from /home/airflow/.local/lib/python3.7/site-packages/airflow/example_dags/example_latest_only.py
[2024-09-09T01:43:33.395+0000] {processor.py:753} INFO - DAG(s) dict_keys(['latest_only']) retrieved from /home/airflow/.local/lib/python3.7/site-packages/airflow/example_dags/example_latest_only.py
[2024-09-09T01:43:33.432+0000] {logging_mixin.py:137} INFO - [2024-09-09T01:43:33.432+0000] {dag.py:2676} INFO - Sync 1 DAGs
[2024-09-09T01:43:33.458+0000] {logging_mixin.py:137} INFO - [2024-09-09T01:43:33.458+0000] {dag.py:3427} INFO - Setting next_dagrun for latest_only to 2024-09-08T21:43:33.457817+00:00, run_after=2024-09-09T01:43:33.457817+00:00
[2024-09-09T01:43:33.479+0000] {processor.py:175} INFO - Processing /home/airflow/.local/lib/python3.7/site-packages/airflow/example_dags/example_latest_only.py took 0.102 seconds
[2024-09-09T01:44:03.867+0000] {processor.py:153} INFO - Started process (PID=1205) to work on /home/airflow/.local/lib/python3.7/site-packages/airflow/example_dags/example_latest_only.py
[2024-09-09T01:44:03.867+0000] {processor.py:743} INFO - Processing file /home/airflow/.local/lib/python3.7/site-packages/airflow/example_dags/example_latest_only.py for tasks to queue
[2024-09-09T01:44:03.868+0000] {logging_mixin.py:137} INFO - [2024-09-09T01:44:03.868+0000] {dagbag.py:538} INFO - Filling up the DagBag from /home/airflow/.local/lib/python3.7/site-packages/airflow/example_dags/example_latest_only.py
[2024-09-09T01:44:03.880+0000] {processor.py:753} INFO - DAG(s) dict_keys(['latest_only']) retrieved from /home/airflow/.local/lib/python3.7/site-packages/airflow/example_dags/example_latest_only.py
[2024-09-09T01:44:03.910+0000] {logging_mixin.py:137} INFO - [2024-09-09T01:44:03.910+0000] {dag.py:2676} INFO - Sync 1 DAGs
[2024-09-09T01:44:03.931+0000] {logging_mixin.py:137} INFO - [2024-09-09T01:44:03.931+0000] {dag.py:3427} INFO - Setting next_dagrun for latest_only to 2024-09-08T21:44:03.931163+00:00, run_after=2024-09-09T01:44:03.931163+00:00
[2024-09-09T01:44:03.949+0000] {processor.py:175} INFO - Processing /home/airflow/.local/lib/python3.7/site-packages/airflow/example_dags/example_latest_only.py took 0.085 seconds
[2024-09-09T01:44:34.342+0000] {processor.py:153} INFO - Started process (PID=1329) to work on /home/airflow/.local/lib/python3.7/site-packages/airflow/example_dags/example_latest_only.py
[2024-09-09T01:44:34.343+0000] {processor.py:743} INFO - Processing file /home/airflow/.local/lib/python3.7/site-packages/airflow/example_dags/example_latest_only.py for tasks to queue
[2024-09-09T01:44:34.344+0000] {logging_mixin.py:137} INFO - [2024-09-09T01:44:34.344+0000] {dagbag.py:538} INFO - Filling up the DagBag from /home/airflow/.local/lib/python3.7/site-packages/airflow/example_dags/example_latest_only.py
[2024-09-09T01:44:34.359+0000] {processor.py:753} INFO - DAG(s) dict_keys(['latest_only']) retrieved from /home/airflow/.local/lib/python3.7/site-packages/airflow/example_dags/example_latest_only.py
[2024-09-09T01:44:34.400+0000] {logging_mixin.py:137} INFO - [2024-09-09T01:44:34.400+0000] {dag.py:2676} INFO - Sync 1 DAGs
[2024-09-09T01:44:34.429+0000] {logging_mixin.py:137} INFO - [2024-09-09T01:44:34.429+0000] {dag.py:3427} INFO - Setting next_dagrun for latest_only to 2024-09-08T21:44:34.429018+00:00, run_after=2024-09-09T01:44:34.429018+00:00
[2024-09-09T01:44:34.458+0000] {processor.py:175} INFO - Processing /home/airflow/.local/lib/python3.7/site-packages/airflow/example_dags/example_latest_only.py took 0.120 seconds
[2024-09-09T01:45:04.488+0000] {processor.py:153} INFO - Started process (PID=1425) to work on /home/airflow/.local/lib/python3.7/site-packages/airflow/example_dags/example_latest_only.py
[2024-09-09T01:45:04.489+0000] {processor.py:743} INFO - Processing file /home/airflow/.local/lib/python3.7/site-packages/airflow/example_dags/example_latest_only.py for tasks to queue
[2024-09-09T01:45:04.489+0000] {logging_mixin.py:137} INFO - [2024-09-09T01:45:04.489+0000] {dagbag.py:538} INFO - Filling up the DagBag from /home/airflow/.local/lib/python3.7/site-packages/airflow/example_dags/example_latest_only.py
[2024-09-09T01:45:04.499+0000] {processor.py:753} INFO - DAG(s) dict_keys(['latest_only']) retrieved from /home/airflow/.local/lib/python3.7/site-packages/airflow/example_dags/example_latest_only.py
[2024-09-09T01:45:04.525+0000] {logging_mixin.py:137} INFO - [2024-09-09T01:45:04.525+0000] {dag.py:2676} INFO - Sync 1 DAGs
[2024-09-09T01:45:04.545+0000] {logging_mixin.py:137} INFO - [2024-09-09T01:45:04.545+0000] {dag.py:3427} INFO - Setting next_dagrun for latest_only to 2024-09-08T21:45:04.545552+00:00, run_after=2024-09-09T01:45:04.545552+00:00
[2024-09-09T01:45:04.560+0000] {processor.py:175} INFO - Processing /home/airflow/.local/lib/python3.7/site-packages/airflow/example_dags/example_latest_only.py took 0.075 seconds
[2024-09-09T01:45:34.834+0000] {processor.py:153} INFO - Started process (PID=1550) to work on /home/airflow/.local/lib/python3.7/site-packages/airflow/example_dags/example_latest_only.py
[2024-09-09T01:45:34.835+0000] {processor.py:743} INFO - Processing file /home/airflow/.local/lib/python3.7/site-packages/airflow/example_dags/example_latest_only.py for tasks to queue
[2024-09-09T01:45:34.835+0000] {logging_mixin.py:137} INFO - [2024-09-09T01:45:34.835+0000] {dagbag.py:538} INFO - Filling up the DagBag from /home/airflow/.local/lib/python3.7/site-packages/airflow/example_dags/example_latest_only.py
[2024-09-09T01:45:34.845+0000] {processor.py:753} INFO - DAG(s) dict_keys(['latest_only']) retrieved from /home/airflow/.local/lib/python3.7/site-packages/airflow/example_dags/example_latest_only.py
[2024-09-09T01:45:34.871+0000] {logging_mixin.py:137} INFO - [2024-09-09T01:45:34.871+0000] {dag.py:2676} INFO - Sync 1 DAGs
[2024-09-09T01:45:34.890+0000] {logging_mixin.py:137} INFO - [2024-09-09T01:45:34.890+0000] {dag.py:3427} INFO - Setting next_dagrun for latest_only to 2024-09-08T21:45:34.890221+00:00, run_after=2024-09-09T01:45:34.890221+00:00
[2024-09-09T01:45:34.906+0000] {processor.py:175} INFO - Processing /home/airflow/.local/lib/python3.7/site-packages/airflow/example_dags/example_latest_only.py took 0.075 seconds
[2024-09-09T01:46:05.188+0000] {processor.py:153} INFO - Started process (PID=1646) to work on /home/airflow/.local/lib/python3.7/site-packages/airflow/example_dags/example_latest_only.py
[2024-09-09T01:46:05.189+0000] {processor.py:743} INFO - Processing file /home/airflow/.local/lib/python3.7/site-packages/airflow/example_dags/example_latest_only.py for tasks to queue
[2024-09-09T01:46:05.190+0000] {logging_mixin.py:137} INFO - [2024-09-09T01:46:05.189+0000] {dagbag.py:538} INFO - Filling up the DagBag from /home/airflow/.local/lib/python3.7/site-packages/airflow/example_dags/example_latest_only.py
[2024-09-09T01:46:05.199+0000] {processor.py:753} INFO - DAG(s) dict_keys(['latest_only']) retrieved from /home/airflow/.local/lib/python3.7/site-packages/airflow/example_dags/example_latest_only.py
[2024-09-09T01:46:05.225+0000] {logging_mixin.py:137} INFO - [2024-09-09T01:46:05.225+0000] {dag.py:2676} INFO - Sync 1 DAGs
[2024-09-09T01:46:05.242+0000] {logging_mixin.py:137} INFO - [2024-09-09T01:46:05.242+0000] {dag.py:3427} INFO - Setting next_dagrun for latest_only to 2024-09-08T21:46:05.242475+00:00, run_after=2024-09-09T01:46:05.242475+00:00
[2024-09-09T01:46:05.257+0000] {processor.py:175} INFO - Processing /home/airflow/.local/lib/python3.7/site-packages/airflow/example_dags/example_latest_only.py took 0.071 seconds
[2024-09-09T01:46:35.479+0000] {processor.py:153} INFO - Started process (PID=1770) to work on /home/airflow/.local/lib/python3.7/site-packages/airflow/example_dags/example_latest_only.py
[2024-09-09T01:46:35.480+0000] {processor.py:743} INFO - Processing file /home/airflow/.local/lib/python3.7/site-packages/airflow/example_dags/example_latest_only.py for tasks to queue
[2024-09-09T01:46:35.481+0000] {logging_mixin.py:137} INFO - [2024-09-09T01:46:35.481+0000] {dagbag.py:538} INFO - Filling up the DagBag from /home/airflow/.local/lib/python3.7/site-packages/airflow/example_dags/example_latest_only.py
[2024-09-09T01:46:35.492+0000] {processor.py:753} INFO - DAG(s) dict_keys(['latest_only']) retrieved from /home/airflow/.local/lib/python3.7/site-packages/airflow/example_dags/example_latest_only.py
[2024-09-09T01:46:35.527+0000] {logging_mixin.py:137} INFO - [2024-09-09T01:46:35.527+0000] {dag.py:2676} INFO - Sync 1 DAGs
[2024-09-09T01:46:35.548+0000] {logging_mixin.py:137} INFO - [2024-09-09T01:46:35.548+0000] {dag.py:3427} INFO - Setting next_dagrun for latest_only to 2024-09-08T21:46:35.548000+00:00, run_after=2024-09-09T01:46:35.548000+00:00
[2024-09-09T01:46:35.566+0000] {processor.py:175} INFO - Processing /home/airflow/.local/lib/python3.7/site-packages/airflow/example_dags/example_latest_only.py took 0.089 seconds
[2024-09-09T01:47:06.224+0000] {processor.py:153} INFO - Started process (PID=1875) to work on /home/airflow/.local/lib/python3.7/site-packages/airflow/example_dags/example_latest_only.py
[2024-09-09T01:47:06.225+0000] {processor.py:743} INFO - Processing file /home/airflow/.local/lib/python3.7/site-packages/airflow/example_dags/example_latest_only.py for tasks to queue
[2024-09-09T01:47:06.226+0000] {logging_mixin.py:137} INFO - [2024-09-09T01:47:06.226+0000] {dagbag.py:538} INFO - Filling up the DagBag from /home/airflow/.local/lib/python3.7/site-packages/airflow/example_dags/example_latest_only.py
[2024-09-09T01:47:06.237+0000] {processor.py:753} INFO - DAG(s) dict_keys(['latest_only']) retrieved from /home/airflow/.local/lib/python3.7/site-packages/airflow/example_dags/example_latest_only.py
[2024-09-09T01:47:06.267+0000] {logging_mixin.py:137} INFO - [2024-09-09T01:47:06.267+0000] {dag.py:2676} INFO - Sync 1 DAGs
[2024-09-09T01:47:06.288+0000] {logging_mixin.py:137} INFO - [2024-09-09T01:47:06.288+0000] {dag.py:3427} INFO - Setting next_dagrun for latest_only to 2024-09-08T21:47:06.288537+00:00, run_after=2024-09-09T01:47:06.288537+00:00
[2024-09-09T01:47:06.306+0000] {processor.py:175} INFO - Processing /home/airflow/.local/lib/python3.7/site-packages/airflow/example_dags/example_latest_only.py took 0.085 seconds
[2024-09-09T01:47:36.728+0000] {processor.py:153} INFO - Started process (PID=1990) to work on /home/airflow/.local/lib/python3.7/site-packages/airflow/example_dags/example_latest_only.py
[2024-09-09T01:47:36.729+0000] {processor.py:743} INFO - Processing file /home/airflow/.local/lib/python3.7/site-packages/airflow/example_dags/example_latest_only.py for tasks to queue
[2024-09-09T01:47:36.730+0000] {logging_mixin.py:137} INFO - [2024-09-09T01:47:36.730+0000] {dagbag.py:538} INFO - Filling up the DagBag from /home/airflow/.local/lib/python3.7/site-packages/airflow/example_dags/example_latest_only.py
[2024-09-09T01:47:36.742+0000] {processor.py:753} INFO - DAG(s) dict_keys(['latest_only']) retrieved from /home/airflow/.local/lib/python3.7/site-packages/airflow/example_dags/example_latest_only.py
[2024-09-09T01:47:36.773+0000] {logging_mixin.py:137} INFO - [2024-09-09T01:47:36.773+0000] {dag.py:2676} INFO - Sync 1 DAGs
[2024-09-09T01:47:36.793+0000] {logging_mixin.py:137} INFO - [2024-09-09T01:47:36.793+0000] {dag.py:3427} INFO - Setting next_dagrun for latest_only to 2024-09-08T21:47:36.793650+00:00, run_after=2024-09-09T01:47:36.793650+00:00
[2024-09-09T01:47:36.809+0000] {processor.py:175} INFO - Processing /home/airflow/.local/lib/python3.7/site-packages/airflow/example_dags/example_latest_only.py took 0.083 seconds
[2024-09-09T01:48:07.071+0000] {processor.py:153} INFO - Started process (PID=2114) to work on /home/airflow/.local/lib/python3.7/site-packages/airflow/example_dags/example_latest_only.py
[2024-09-09T01:48:07.072+0000] {processor.py:743} INFO - Processing file /home/airflow/.local/lib/python3.7/site-packages/airflow/example_dags/example_latest_only.py for tasks to queue
[2024-09-09T01:48:07.072+0000] {logging_mixin.py:137} INFO - [2024-09-09T01:48:07.072+0000] {dagbag.py:538} INFO - Filling up the DagBag from /home/airflow/.local/lib/python3.7/site-packages/airflow/example_dags/example_latest_only.py
[2024-09-09T01:48:07.085+0000] {processor.py:753} INFO - DAG(s) dict_keys(['latest_only']) retrieved from /home/airflow/.local/lib/python3.7/site-packages/airflow/example_dags/example_latest_only.py
[2024-09-09T01:48:07.113+0000] {logging_mixin.py:137} INFO - [2024-09-09T01:48:07.113+0000] {dag.py:2676} INFO - Sync 1 DAGs
[2024-09-09T01:48:07.131+0000] {logging_mixin.py:137} INFO - [2024-09-09T01:48:07.130+0000] {dag.py:3427} INFO - Setting next_dagrun for latest_only to 2024-09-08T21:48:07.130783+00:00, run_after=2024-09-09T01:48:07.130783+00:00
[2024-09-09T01:48:07.147+0000] {processor.py:175} INFO - Processing /home/airflow/.local/lib/python3.7/site-packages/airflow/example_dags/example_latest_only.py took 0.079 seconds
[2024-09-09T01:48:37.202+0000] {processor.py:153} INFO - Started process (PID=2209) to work on /home/airflow/.local/lib/python3.7/site-packages/airflow/example_dags/example_latest_only.py
[2024-09-09T01:48:37.204+0000] {processor.py:743} INFO - Processing file /home/airflow/.local/lib/python3.7/site-packages/airflow/example_dags/example_latest_only.py for tasks to queue
[2024-09-09T01:48:37.204+0000] {logging_mixin.py:137} INFO - [2024-09-09T01:48:37.204+0000] {dagbag.py:538} INFO - Filling up the DagBag from /home/airflow/.local/lib/python3.7/site-packages/airflow/example_dags/example_latest_only.py
[2024-09-09T01:48:37.216+0000] {processor.py:753} INFO - DAG(s) dict_keys(['latest_only']) retrieved from /home/airflow/.local/lib/python3.7/site-packages/airflow/example_dags/example_latest_only.py
[2024-09-09T01:48:37.249+0000] {logging_mixin.py:137} INFO - [2024-09-09T01:48:37.249+0000] {dag.py:2676} INFO - Sync 1 DAGs
[2024-09-09T01:48:37.273+0000] {logging_mixin.py:137} INFO - [2024-09-09T01:48:37.273+0000] {dag.py:3427} INFO - Setting next_dagrun for latest_only to 2024-09-08T21:48:37.273257+00:00, run_after=2024-09-09T01:48:37.273257+00:00
[2024-09-09T01:48:37.294+0000] {processor.py:175} INFO - Processing /home/airflow/.local/lib/python3.7/site-packages/airflow/example_dags/example_latest_only.py took 0.095 seconds
[2024-09-09T01:49:07.740+0000] {processor.py:153} INFO - Started process (PID=2332) to work on /home/airflow/.local/lib/python3.7/site-packages/airflow/example_dags/example_latest_only.py
[2024-09-09T01:49:07.741+0000] {processor.py:743} INFO - Processing file /home/airflow/.local/lib/python3.7/site-packages/airflow/example_dags/example_latest_only.py for tasks to queue
[2024-09-09T01:49:07.741+0000] {logging_mixin.py:137} INFO - [2024-09-09T01:49:07.741+0000] {dagbag.py:538} INFO - Filling up the DagBag from /home/airflow/.local/lib/python3.7/site-packages/airflow/example_dags/example_latest_only.py
[2024-09-09T01:49:07.753+0000] {processor.py:753} INFO - DAG(s) dict_keys(['latest_only']) retrieved from /home/airflow/.local/lib/python3.7/site-packages/airflow/example_dags/example_latest_only.py
[2024-09-09T01:49:07.785+0000] {logging_mixin.py:137} INFO - [2024-09-09T01:49:07.785+0000] {dag.py:2676} INFO - Sync 1 DAGs
[2024-09-09T01:49:07.807+0000] {logging_mixin.py:137} INFO - [2024-09-09T01:49:07.807+0000] {dag.py:3427} INFO - Setting next_dagrun for latest_only to 2024-09-08T21:49:07.806931+00:00, run_after=2024-09-09T01:49:07.806931+00:00
[2024-09-09T01:49:07.824+0000] {processor.py:175} INFO - Processing /home/airflow/.local/lib/python3.7/site-packages/airflow/example_dags/example_latest_only.py took 0.087 seconds
[2024-09-09T01:49:38.017+0000] {processor.py:153} INFO - Started process (PID=2428) to work on /home/airflow/.local/lib/python3.7/site-packages/airflow/example_dags/example_latest_only.py
[2024-09-09T01:49:38.018+0000] {processor.py:743} INFO - Processing file /home/airflow/.local/lib/python3.7/site-packages/airflow/example_dags/example_latest_only.py for tasks to queue
[2024-09-09T01:49:38.018+0000] {logging_mixin.py:137} INFO - [2024-09-09T01:49:38.018+0000] {dagbag.py:538} INFO - Filling up the DagBag from /home/airflow/.local/lib/python3.7/site-packages/airflow/example_dags/example_latest_only.py
[2024-09-09T01:49:38.028+0000] {processor.py:753} INFO - DAG(s) dict_keys(['latest_only']) retrieved from /home/airflow/.local/lib/python3.7/site-packages/airflow/example_dags/example_latest_only.py
[2024-09-09T01:49:38.054+0000] {logging_mixin.py:137} INFO - [2024-09-09T01:49:38.054+0000] {dag.py:2676} INFO - Sync 1 DAGs
[2024-09-09T01:49:38.073+0000] {logging_mixin.py:137} INFO - [2024-09-09T01:49:38.072+0000] {dag.py:3427} INFO - Setting next_dagrun for latest_only to 2024-09-08T21:49:38.072774+00:00, run_after=2024-09-09T01:49:38.072774+00:00
[2024-09-09T01:49:38.089+0000] {processor.py:175} INFO - Processing /home/airflow/.local/lib/python3.7/site-packages/airflow/example_dags/example_latest_only.py took 0.074 seconds
[2024-09-09T01:50:08.341+0000] {processor.py:153} INFO - Started process (PID=2552) to work on /home/airflow/.local/lib/python3.7/site-packages/airflow/example_dags/example_latest_only.py
[2024-09-09T01:50:08.342+0000] {processor.py:743} INFO - Processing file /home/airflow/.local/lib/python3.7/site-packages/airflow/example_dags/example_latest_only.py for tasks to queue
[2024-09-09T01:50:08.342+0000] {logging_mixin.py:137} INFO - [2024-09-09T01:50:08.342+0000] {dagbag.py:538} INFO - Filling up the DagBag from /home/airflow/.local/lib/python3.7/site-packages/airflow/example_dags/example_latest_only.py
[2024-09-09T01:50:08.352+0000] {processor.py:753} INFO - DAG(s) dict_keys(['latest_only']) retrieved from /home/airflow/.local/lib/python3.7/site-packages/airflow/example_dags/example_latest_only.py
[2024-09-09T01:50:08.379+0000] {logging_mixin.py:137} INFO - [2024-09-09T01:50:08.379+0000] {dag.py:2676} INFO - Sync 1 DAGs
[2024-09-09T01:50:08.397+0000] {logging_mixin.py:137} INFO - [2024-09-09T01:50:08.397+0000] {dag.py:3427} INFO - Setting next_dagrun for latest_only to 2024-09-08T21:50:08.397531+00:00, run_after=2024-09-09T01:50:08.397531+00:00
[2024-09-09T01:50:08.413+0000] {processor.py:175} INFO - Processing /home/airflow/.local/lib/python3.7/site-packages/airflow/example_dags/example_latest_only.py took 0.075 seconds
[2024-09-09T01:50:38.697+0000] {processor.py:153} INFO - Started process (PID=2656) to work on /home/airflow/.local/lib/python3.7/site-packages/airflow/example_dags/example_latest_only.py
[2024-09-09T01:50:38.698+0000] {processor.py:743} INFO - Processing file /home/airflow/.local/lib/python3.7/site-packages/airflow/example_dags/example_latest_only.py for tasks to queue
[2024-09-09T01:50:38.699+0000] {logging_mixin.py:137} INFO - [2024-09-09T01:50:38.699+0000] {dagbag.py:538} INFO - Filling up the DagBag from /home/airflow/.local/lib/python3.7/site-packages/airflow/example_dags/example_latest_only.py
[2024-09-09T01:50:38.711+0000] {processor.py:753} INFO - DAG(s) dict_keys(['latest_only']) retrieved from /home/airflow/.local/lib/python3.7/site-packages/airflow/example_dags/example_latest_only.py
[2024-09-09T01:50:38.748+0000] {logging_mixin.py:137} INFO - [2024-09-09T01:50:38.748+0000] {dag.py:2676} INFO - Sync 1 DAGs
[2024-09-09T01:50:38.789+0000] {logging_mixin.py:137} INFO - [2024-09-09T01:50:38.788+0000] {dag.py:3427} INFO - Setting next_dagrun for latest_only to 2024-09-08T21:50:38.788655+00:00, run_after=2024-09-09T01:50:38.788655+00:00
[2024-09-09T01:50:38.820+0000] {processor.py:175} INFO - Processing /home/airflow/.local/lib/python3.7/site-packages/airflow/example_dags/example_latest_only.py took 0.125 seconds
[2024-09-09T01:51:08.922+0000] {processor.py:153} INFO - Started process (PID=2771) to work on /home/airflow/.local/lib/python3.7/site-packages/airflow/example_dags/example_latest_only.py
[2024-09-09T01:51:08.923+0000] {processor.py:743} INFO - Processing file /home/airflow/.local/lib/python3.7/site-packages/airflow/example_dags/example_latest_only.py for tasks to queue
[2024-09-09T01:51:08.923+0000] {logging_mixin.py:137} INFO - [2024-09-09T01:51:08.923+0000] {dagbag.py:538} INFO - Filling up the DagBag from /home/airflow/.local/lib/python3.7/site-packages/airflow/example_dags/example_latest_only.py
[2024-09-09T01:51:08.934+0000] {processor.py:753} INFO - DAG(s) dict_keys(['latest_only']) retrieved from /home/airflow/.local/lib/python3.7/site-packages/airflow/example_dags/example_latest_only.py
[2024-09-09T01:51:08.965+0000] {logging_mixin.py:137} INFO - [2024-09-09T01:51:08.964+0000] {dag.py:2676} INFO - Sync 1 DAGs
[2024-09-09T01:51:08.985+0000] {logging_mixin.py:137} INFO - [2024-09-09T01:51:08.985+0000] {dag.py:3427} INFO - Setting next_dagrun for latest_only to 2024-09-08T21:51:08.985238+00:00, run_after=2024-09-09T01:51:08.985238+00:00
[2024-09-09T01:51:09.058+0000] {processor.py:175} INFO - Processing /home/airflow/.local/lib/python3.7/site-packages/airflow/example_dags/example_latest_only.py took 0.139 seconds
[2024-09-09T01:51:39.440+0000] {processor.py:153} INFO - Started process (PID=2895) to work on /home/airflow/.local/lib/python3.7/site-packages/airflow/example_dags/example_latest_only.py
[2024-09-09T01:51:39.441+0000] {processor.py:743} INFO - Processing file /home/airflow/.local/lib/python3.7/site-packages/airflow/example_dags/example_latest_only.py for tasks to queue
[2024-09-09T01:51:39.442+0000] {logging_mixin.py:137} INFO - [2024-09-09T01:51:39.442+0000] {dagbag.py:538} INFO - Filling up the DagBag from /home/airflow/.local/lib/python3.7/site-packages/airflow/example_dags/example_latest_only.py
[2024-09-09T01:51:39.453+0000] {processor.py:753} INFO - DAG(s) dict_keys(['latest_only']) retrieved from /home/airflow/.local/lib/python3.7/site-packages/airflow/example_dags/example_latest_only.py
[2024-09-09T01:51:39.481+0000] {logging_mixin.py:137} INFO - [2024-09-09T01:51:39.481+0000] {dag.py:2676} INFO - Sync 1 DAGs
[2024-09-09T01:51:39.499+0000] {logging_mixin.py:137} INFO - [2024-09-09T01:51:39.499+0000] {dag.py:3427} INFO - Setting next_dagrun for latest_only to 2024-09-08T21:51:39.499365+00:00, run_after=2024-09-09T01:51:39.499365+00:00
[2024-09-09T01:51:39.515+0000] {processor.py:175} INFO - Processing /home/airflow/.local/lib/python3.7/site-packages/airflow/example_dags/example_latest_only.py took 0.078 seconds
[2024-09-09T01:52:09.718+0000] {processor.py:153} INFO - Started process (PID=2992) to work on /home/airflow/.local/lib/python3.7/site-packages/airflow/example_dags/example_latest_only.py
[2024-09-09T01:52:09.719+0000] {processor.py:743} INFO - Processing file /home/airflow/.local/lib/python3.7/site-packages/airflow/example_dags/example_latest_only.py for tasks to queue
[2024-09-09T01:52:09.720+0000] {logging_mixin.py:137} INFO - [2024-09-09T01:52:09.720+0000] {dagbag.py:538} INFO - Filling up the DagBag from /home/airflow/.local/lib/python3.7/site-packages/airflow/example_dags/example_latest_only.py
[2024-09-09T01:52:09.730+0000] {processor.py:753} INFO - DAG(s) dict_keys(['latest_only']) retrieved from /home/airflow/.local/lib/python3.7/site-packages/airflow/example_dags/example_latest_only.py
[2024-09-09T01:52:09.758+0000] {logging_mixin.py:137} INFO - [2024-09-09T01:52:09.758+0000] {dag.py:2676} INFO - Sync 1 DAGs
[2024-09-09T01:52:09.777+0000] {logging_mixin.py:137} INFO - [2024-09-09T01:52:09.777+0000] {dag.py:3427} INFO - Setting next_dagrun for latest_only to 2024-09-08T21:52:09.777162+00:00, run_after=2024-09-09T01:52:09.777162+00:00
[2024-09-09T01:52:09.793+0000] {processor.py:175} INFO - Processing /home/airflow/.local/lib/python3.7/site-packages/airflow/example_dags/example_latest_only.py took 0.077 seconds
[2024-09-09T01:52:40.869+0000] {processor.py:153} INFO - Started process (PID=3116) to work on /home/airflow/.local/lib/python3.7/site-packages/airflow/example_dags/example_latest_only.py
[2024-09-09T01:52:40.870+0000] {processor.py:743} INFO - Processing file /home/airflow/.local/lib/python3.7/site-packages/airflow/example_dags/example_latest_only.py for tasks to queue
[2024-09-09T01:52:40.871+0000] {logging_mixin.py:137} INFO - [2024-09-09T01:52:40.871+0000] {dagbag.py:538} INFO - Filling up the DagBag from /home/airflow/.local/lib/python3.7/site-packages/airflow/example_dags/example_latest_only.py
[2024-09-09T01:52:40.882+0000] {processor.py:753} INFO - DAG(s) dict_keys(['latest_only']) retrieved from /home/airflow/.local/lib/python3.7/site-packages/airflow/example_dags/example_latest_only.py
[2024-09-09T01:52:40.912+0000] {logging_mixin.py:137} INFO - [2024-09-09T01:52:40.912+0000] {dag.py:2676} INFO - Sync 1 DAGs
[2024-09-09T01:52:40.934+0000] {logging_mixin.py:137} INFO - [2024-09-09T01:52:40.934+0000] {dag.py:3427} INFO - Setting next_dagrun for latest_only to 2024-09-08T21:52:40.934114+00:00, run_after=2024-09-09T01:52:40.934114+00:00
[2024-09-09T01:52:40.954+0000] {processor.py:175} INFO - Processing /home/airflow/.local/lib/python3.7/site-packages/airflow/example_dags/example_latest_only.py took 0.088 seconds
[2024-09-09T01:53:12.136+0000] {processor.py:153} INFO - Started process (PID=3240) to work on /home/airflow/.local/lib/python3.7/site-packages/airflow/example_dags/example_latest_only.py
[2024-09-09T01:53:12.137+0000] {processor.py:743} INFO - Processing file /home/airflow/.local/lib/python3.7/site-packages/airflow/example_dags/example_latest_only.py for tasks to queue
[2024-09-09T01:53:12.138+0000] {logging_mixin.py:137} INFO - [2024-09-09T01:53:12.138+0000] {dagbag.py:538} INFO - Filling up the DagBag from /home/airflow/.local/lib/python3.7/site-packages/airflow/example_dags/example_latest_only.py
[2024-09-09T01:53:12.154+0000] {processor.py:753} INFO - DAG(s) dict_keys(['latest_only']) retrieved from /home/airflow/.local/lib/python3.7/site-packages/airflow/example_dags/example_latest_only.py
[2024-09-09T01:53:12.201+0000] {logging_mixin.py:137} INFO - [2024-09-09T01:53:12.201+0000] {dag.py:2676} INFO - Sync 1 DAGs
[2024-09-09T01:53:12.228+0000] {logging_mixin.py:137} INFO - [2024-09-09T01:53:12.228+0000] {dag.py:3427} INFO - Setting next_dagrun for latest_only to 2024-09-08T21:53:12.227925+00:00, run_after=2024-09-09T01:53:12.227925+00:00
[2024-09-09T01:53:12.252+0000] {processor.py:175} INFO - Processing /home/airflow/.local/lib/python3.7/site-packages/airflow/example_dags/example_latest_only.py took 0.120 seconds
[2024-09-09T01:53:42.392+0000] {processor.py:153} INFO - Started process (PID=3336) to work on /home/airflow/.local/lib/python3.7/site-packages/airflow/example_dags/example_latest_only.py
[2024-09-09T01:53:42.393+0000] {processor.py:743} INFO - Processing file /home/airflow/.local/lib/python3.7/site-packages/airflow/example_dags/example_latest_only.py for tasks to queue
[2024-09-09T01:53:42.394+0000] {logging_mixin.py:137} INFO - [2024-09-09T01:53:42.394+0000] {dagbag.py:538} INFO - Filling up the DagBag from /home/airflow/.local/lib/python3.7/site-packages/airflow/example_dags/example_latest_only.py
[2024-09-09T01:53:42.405+0000] {processor.py:753} INFO - DAG(s) dict_keys(['latest_only']) retrieved from /home/airflow/.local/lib/python3.7/site-packages/airflow/example_dags/example_latest_only.py
[2024-09-09T01:53:42.434+0000] {logging_mixin.py:137} INFO - [2024-09-09T01:53:42.433+0000] {dag.py:2676} INFO - Sync 1 DAGs
[2024-09-09T01:53:42.453+0000] {logging_mixin.py:137} INFO - [2024-09-09T01:53:42.453+0000] {dag.py:3427} INFO - Setting next_dagrun for latest_only to 2024-09-08T21:53:42.452773+00:00, run_after=2024-09-09T01:53:42.452773+00:00
[2024-09-09T01:53:42.469+0000] {processor.py:175} INFO - Processing /home/airflow/.local/lib/python3.7/site-packages/airflow/example_dags/example_latest_only.py took 0.079 seconds
[2024-09-09T01:54:13.045+0000] {processor.py:153} INFO - Started process (PID=3460) to work on /home/airflow/.local/lib/python3.7/site-packages/airflow/example_dags/example_latest_only.py
[2024-09-09T01:54:13.046+0000] {processor.py:743} INFO - Processing file /home/airflow/.local/lib/python3.7/site-packages/airflow/example_dags/example_latest_only.py for tasks to queue
[2024-09-09T01:54:13.047+0000] {logging_mixin.py:137} INFO - [2024-09-09T01:54:13.047+0000] {dagbag.py:538} INFO - Filling up the DagBag from /home/airflow/.local/lib/python3.7/site-packages/airflow/example_dags/example_latest_only.py
[2024-09-09T01:54:13.056+0000] {processor.py:753} INFO - DAG(s) dict_keys(['latest_only']) retrieved from /home/airflow/.local/lib/python3.7/site-packages/airflow/example_dags/example_latest_only.py
[2024-09-09T01:54:13.083+0000] {logging_mixin.py:137} INFO - [2024-09-09T01:54:13.083+0000] {dag.py:2676} INFO - Sync 1 DAGs
[2024-09-09T01:54:13.103+0000] {logging_mixin.py:137} INFO - [2024-09-09T01:54:13.103+0000] {dag.py:3427} INFO - Setting next_dagrun for latest_only to 2024-09-08T21:54:13.103248+00:00, run_after=2024-09-09T01:54:13.103248+00:00
[2024-09-09T01:54:13.119+0000] {processor.py:175} INFO - Processing /home/airflow/.local/lib/python3.7/site-packages/airflow/example_dags/example_latest_only.py took 0.076 seconds
[2024-09-09T01:54:43.552+0000] {processor.py:153} INFO - Started process (PID=3556) to work on /home/airflow/.local/lib/python3.7/site-packages/airflow/example_dags/example_latest_only.py
[2024-09-09T01:54:43.553+0000] {processor.py:743} INFO - Processing file /home/airflow/.local/lib/python3.7/site-packages/airflow/example_dags/example_latest_only.py for tasks to queue
[2024-09-09T01:54:43.553+0000] {logging_mixin.py:137} INFO - [2024-09-09T01:54:43.553+0000] {dagbag.py:538} INFO - Filling up the DagBag from /home/airflow/.local/lib/python3.7/site-packages/airflow/example_dags/example_latest_only.py
[2024-09-09T01:54:43.563+0000] {processor.py:753} INFO - DAG(s) dict_keys(['latest_only']) retrieved from /home/airflow/.local/lib/python3.7/site-packages/airflow/example_dags/example_latest_only.py
[2024-09-09T01:54:43.587+0000] {logging_mixin.py:137} INFO - [2024-09-09T01:54:43.587+0000] {dag.py:2676} INFO - Sync 1 DAGs
[2024-09-09T01:54:43.605+0000] {logging_mixin.py:137} INFO - [2024-09-09T01:54:43.605+0000] {dag.py:3427} INFO - Setting next_dagrun for latest_only to 2024-09-08T21:54:43.604899+00:00, run_after=2024-09-09T01:54:43.604899+00:00
[2024-09-09T01:54:43.621+0000] {processor.py:175} INFO - Processing /home/airflow/.local/lib/python3.7/site-packages/airflow/example_dags/example_latest_only.py took 0.071 seconds
[2024-09-09T01:55:13.818+0000] {processor.py:153} INFO - Started process (PID=3680) to work on /home/airflow/.local/lib/python3.7/site-packages/airflow/example_dags/example_latest_only.py
[2024-09-09T01:55:13.819+0000] {processor.py:743} INFO - Processing file /home/airflow/.local/lib/python3.7/site-packages/airflow/example_dags/example_latest_only.py for tasks to queue
[2024-09-09T01:55:13.819+0000] {logging_mixin.py:137} INFO - [2024-09-09T01:55:13.819+0000] {dagbag.py:538} INFO - Filling up the DagBag from /home/airflow/.local/lib/python3.7/site-packages/airflow/example_dags/example_latest_only.py
[2024-09-09T01:55:13.828+0000] {processor.py:753} INFO - DAG(s) dict_keys(['latest_only']) retrieved from /home/airflow/.local/lib/python3.7/site-packages/airflow/example_dags/example_latest_only.py
[2024-09-09T01:55:13.855+0000] {logging_mixin.py:137} INFO - [2024-09-09T01:55:13.855+0000] {dag.py:2676} INFO - Sync 1 DAGs
[2024-09-09T01:55:13.874+0000] {logging_mixin.py:137} INFO - [2024-09-09T01:55:13.874+0000] {dag.py:3427} INFO - Setting next_dagrun for latest_only to 2024-09-08T21:55:13.874328+00:00, run_after=2024-09-09T01:55:13.874328+00:00
[2024-09-09T01:55:13.888+0000] {processor.py:175} INFO - Processing /home/airflow/.local/lib/python3.7/site-packages/airflow/example_dags/example_latest_only.py took 0.073 seconds
[2024-09-09T01:55:44.616+0000] {processor.py:153} INFO - Started process (PID=3785) to work on /home/airflow/.local/lib/python3.7/site-packages/airflow/example_dags/example_latest_only.py
[2024-09-09T01:55:44.617+0000] {processor.py:743} INFO - Processing file /home/airflow/.local/lib/python3.7/site-packages/airflow/example_dags/example_latest_only.py for tasks to queue
[2024-09-09T01:55:44.618+0000] {logging_mixin.py:137} INFO - [2024-09-09T01:55:44.618+0000] {dagbag.py:538} INFO - Filling up the DagBag from /home/airflow/.local/lib/python3.7/site-packages/airflow/example_dags/example_latest_only.py
[2024-09-09T01:55:44.635+0000] {processor.py:753} INFO - DAG(s) dict_keys(['latest_only']) retrieved from /home/airflow/.local/lib/python3.7/site-packages/airflow/example_dags/example_latest_only.py
[2024-09-09T01:55:44.683+0000] {logging_mixin.py:137} INFO - [2024-09-09T01:55:44.683+0000] {dag.py:2676} INFO - Sync 1 DAGs
[2024-09-09T01:55:44.706+0000] {logging_mixin.py:137} INFO - [2024-09-09T01:55:44.706+0000] {dag.py:3427} INFO - Setting next_dagrun for latest_only to 2024-09-08T21:55:44.706537+00:00, run_after=2024-09-09T01:55:44.706537+00:00
[2024-09-09T01:55:44.727+0000] {processor.py:175} INFO - Processing /home/airflow/.local/lib/python3.7/site-packages/airflow/example_dags/example_latest_only.py took 0.114 seconds
[2024-09-09T01:56:15.309+0000] {processor.py:153} INFO - Started process (PID=3900) to work on /home/airflow/.local/lib/python3.7/site-packages/airflow/example_dags/example_latest_only.py
[2024-09-09T01:56:15.310+0000] {processor.py:743} INFO - Processing file /home/airflow/.local/lib/python3.7/site-packages/airflow/example_dags/example_latest_only.py for tasks to queue
[2024-09-09T01:56:15.310+0000] {logging_mixin.py:137} INFO - [2024-09-09T01:56:15.310+0000] {dagbag.py:538} INFO - Filling up the DagBag from /home/airflow/.local/lib/python3.7/site-packages/airflow/example_dags/example_latest_only.py
[2024-09-09T01:56:15.320+0000] {processor.py:753} INFO - DAG(s) dict_keys(['latest_only']) retrieved from /home/airflow/.local/lib/python3.7/site-packages/airflow/example_dags/example_latest_only.py
[2024-09-09T01:56:15.346+0000] {logging_mixin.py:137} INFO - [2024-09-09T01:56:15.346+0000] {dag.py:2676} INFO - Sync 1 DAGs
[2024-09-09T01:56:15.363+0000] {logging_mixin.py:137} INFO - [2024-09-09T01:56:15.363+0000] {dag.py:3427} INFO - Setting next_dagrun for latest_only to 2024-09-08T21:56:15.363477+00:00, run_after=2024-09-09T01:56:15.363477+00:00
[2024-09-09T01:56:15.381+0000] {processor.py:175} INFO - Processing /home/airflow/.local/lib/python3.7/site-packages/airflow/example_dags/example_latest_only.py took 0.074 seconds
[2024-09-09T01:56:45.618+0000] {processor.py:153} INFO - Started process (PID=4024) to work on /home/airflow/.local/lib/python3.7/site-packages/airflow/example_dags/example_latest_only.py
[2024-09-09T01:56:45.619+0000] {processor.py:743} INFO - Processing file /home/airflow/.local/lib/python3.7/site-packages/airflow/example_dags/example_latest_only.py for tasks to queue
[2024-09-09T01:56:45.620+0000] {logging_mixin.py:137} INFO - [2024-09-09T01:56:45.620+0000] {dagbag.py:538} INFO - Filling up the DagBag from /home/airflow/.local/lib/python3.7/site-packages/airflow/example_dags/example_latest_only.py
[2024-09-09T01:56:45.630+0000] {processor.py:753} INFO - DAG(s) dict_keys(['latest_only']) retrieved from /home/airflow/.local/lib/python3.7/site-packages/airflow/example_dags/example_latest_only.py
[2024-09-09T01:56:45.656+0000] {logging_mixin.py:137} INFO - [2024-09-09T01:56:45.656+0000] {dag.py:2676} INFO - Sync 1 DAGs
[2024-09-09T01:56:45.675+0000] {logging_mixin.py:137} INFO - [2024-09-09T01:56:45.675+0000] {dag.py:3427} INFO - Setting next_dagrun for latest_only to 2024-09-08T21:56:45.675106+00:00, run_after=2024-09-09T01:56:45.675106+00:00
[2024-09-09T01:56:45.692+0000] {processor.py:175} INFO - Processing /home/airflow/.local/lib/python3.7/site-packages/airflow/example_dags/example_latest_only.py took 0.075 seconds
[2024-09-09T01:57:15.921+0000] {processor.py:153} INFO - Started process (PID=4120) to work on /home/airflow/.local/lib/python3.7/site-packages/airflow/example_dags/example_latest_only.py
[2024-09-09T01:57:15.922+0000] {processor.py:743} INFO - Processing file /home/airflow/.local/lib/python3.7/site-packages/airflow/example_dags/example_latest_only.py for tasks to queue
[2024-09-09T01:57:15.923+0000] {logging_mixin.py:137} INFO - [2024-09-09T01:57:15.922+0000] {dagbag.py:538} INFO - Filling up the DagBag from /home/airflow/.local/lib/python3.7/site-packages/airflow/example_dags/example_latest_only.py
[2024-09-09T01:57:15.932+0000] {processor.py:753} INFO - DAG(s) dict_keys(['latest_only']) retrieved from /home/airflow/.local/lib/python3.7/site-packages/airflow/example_dags/example_latest_only.py
[2024-09-09T01:57:15.960+0000] {logging_mixin.py:137} INFO - [2024-09-09T01:57:15.960+0000] {dag.py:2676} INFO - Sync 1 DAGs
[2024-09-09T01:57:15.980+0000] {logging_mixin.py:137} INFO - [2024-09-09T01:57:15.980+0000] {dag.py:3427} INFO - Setting next_dagrun for latest_only to 2024-09-08T21:57:15.980616+00:00, run_after=2024-09-09T01:57:15.980616+00:00
[2024-09-09T01:57:16.000+0000] {processor.py:175} INFO - Processing /home/airflow/.local/lib/python3.7/site-packages/airflow/example_dags/example_latest_only.py took 0.082 seconds
[2024-09-09T01:57:46.135+0000] {processor.py:153} INFO - Started process (PID=4244) to work on /home/airflow/.local/lib/python3.7/site-packages/airflow/example_dags/example_latest_only.py
[2024-09-09T01:57:46.136+0000] {processor.py:743} INFO - Processing file /home/airflow/.local/lib/python3.7/site-packages/airflow/example_dags/example_latest_only.py for tasks to queue
[2024-09-09T01:57:46.137+0000] {logging_mixin.py:137} INFO - [2024-09-09T01:57:46.137+0000] {dagbag.py:538} INFO - Filling up the DagBag from /home/airflow/.local/lib/python3.7/site-packages/airflow/example_dags/example_latest_only.py
[2024-09-09T01:57:46.148+0000] {processor.py:753} INFO - DAG(s) dict_keys(['latest_only']) retrieved from /home/airflow/.local/lib/python3.7/site-packages/airflow/example_dags/example_latest_only.py
[2024-09-09T01:57:46.189+0000] {logging_mixin.py:137} INFO - [2024-09-09T01:57:46.188+0000] {dag.py:2676} INFO - Sync 1 DAGs
[2024-09-09T01:57:46.216+0000] {logging_mixin.py:137} INFO - [2024-09-09T01:57:46.215+0000] {dag.py:3427} INFO - Setting next_dagrun for latest_only to 2024-09-08T21:57:46.215719+00:00, run_after=2024-09-09T01:57:46.215719+00:00
[2024-09-09T01:57:46.239+0000] {processor.py:175} INFO - Processing /home/airflow/.local/lib/python3.7/site-packages/airflow/example_dags/example_latest_only.py took 0.107 seconds
[2024-09-09T01:58:16.591+0000] {processor.py:153} INFO - Started process (PID=4347) to work on /home/airflow/.local/lib/python3.7/site-packages/airflow/example_dags/example_latest_only.py
[2024-09-09T01:58:16.592+0000] {processor.py:743} INFO - Processing file /home/airflow/.local/lib/python3.7/site-packages/airflow/example_dags/example_latest_only.py for tasks to queue
[2024-09-09T01:58:16.592+0000] {logging_mixin.py:137} INFO - [2024-09-09T01:58:16.592+0000] {dagbag.py:538} INFO - Filling up the DagBag from /home/airflow/.local/lib/python3.7/site-packages/airflow/example_dags/example_latest_only.py
[2024-09-09T01:58:16.603+0000] {processor.py:753} INFO - DAG(s) dict_keys(['latest_only']) retrieved from /home/airflow/.local/lib/python3.7/site-packages/airflow/example_dags/example_latest_only.py
[2024-09-09T01:58:16.634+0000] {logging_mixin.py:137} INFO - [2024-09-09T01:58:16.634+0000] {dag.py:2676} INFO - Sync 1 DAGs
[2024-09-09T01:58:16.656+0000] {logging_mixin.py:137} INFO - [2024-09-09T01:58:16.656+0000] {dag.py:3427} INFO - Setting next_dagrun for latest_only to 2024-09-08T21:58:16.655859+00:00, run_after=2024-09-09T01:58:16.655859+00:00
[2024-09-09T01:58:16.675+0000] {processor.py:175} INFO - Processing /home/airflow/.local/lib/python3.7/site-packages/airflow/example_dags/example_latest_only.py took 0.087 seconds
[2024-09-09T01:58:46.953+0000] {processor.py:153} INFO - Started process (PID=4464) to work on /home/airflow/.local/lib/python3.7/site-packages/airflow/example_dags/example_latest_only.py
[2024-09-09T01:58:46.954+0000] {processor.py:743} INFO - Processing file /home/airflow/.local/lib/python3.7/site-packages/airflow/example_dags/example_latest_only.py for tasks to queue
[2024-09-09T01:58:46.955+0000] {logging_mixin.py:137} INFO - [2024-09-09T01:58:46.955+0000] {dagbag.py:538} INFO - Filling up the DagBag from /home/airflow/.local/lib/python3.7/site-packages/airflow/example_dags/example_latest_only.py
[2024-09-09T01:58:46.965+0000] {processor.py:753} INFO - DAG(s) dict_keys(['latest_only']) retrieved from /home/airflow/.local/lib/python3.7/site-packages/airflow/example_dags/example_latest_only.py
[2024-09-09T01:58:46.995+0000] {logging_mixin.py:137} INFO - [2024-09-09T01:58:46.995+0000] {dag.py:2676} INFO - Sync 1 DAGs
[2024-09-09T01:58:47.015+0000] {logging_mixin.py:137} INFO - [2024-09-09T01:58:47.015+0000] {dag.py:3427} INFO - Setting next_dagrun for latest_only to 2024-09-08T21:58:47.015568+00:00, run_after=2024-09-09T01:58:47.015568+00:00
[2024-09-09T01:58:47.033+0000] {processor.py:175} INFO - Processing /home/airflow/.local/lib/python3.7/site-packages/airflow/example_dags/example_latest_only.py took 0.083 seconds
[2024-09-09T01:59:17.248+0000] {processor.py:153} INFO - Started process (PID=4588) to work on /home/airflow/.local/lib/python3.7/site-packages/airflow/example_dags/example_latest_only.py
[2024-09-09T01:59:17.249+0000] {processor.py:743} INFO - Processing file /home/airflow/.local/lib/python3.7/site-packages/airflow/example_dags/example_latest_only.py for tasks to queue
[2024-09-09T01:59:17.250+0000] {logging_mixin.py:137} INFO - [2024-09-09T01:59:17.249+0000] {dagbag.py:538} INFO - Filling up the DagBag from /home/airflow/.local/lib/python3.7/site-packages/airflow/example_dags/example_latest_only.py
[2024-09-09T01:59:17.260+0000] {processor.py:753} INFO - DAG(s) dict_keys(['latest_only']) retrieved from /home/airflow/.local/lib/python3.7/site-packages/airflow/example_dags/example_latest_only.py
[2024-09-09T01:59:17.288+0000] {logging_mixin.py:137} INFO - [2024-09-09T01:59:17.288+0000] {dag.py:2676} INFO - Sync 1 DAGs
[2024-09-09T01:59:17.311+0000] {logging_mixin.py:137} INFO - [2024-09-09T01:59:17.311+0000] {dag.py:3427} INFO - Setting next_dagrun for latest_only to 2024-09-08T21:59:17.311619+00:00, run_after=2024-09-09T01:59:17.311619+00:00
[2024-09-09T01:59:17.326+0000] {processor.py:175} INFO - Processing /home/airflow/.local/lib/python3.7/site-packages/airflow/example_dags/example_latest_only.py took 0.081 seconds
[2024-09-09T01:59:47.460+0000] {processor.py:153} INFO - Started process (PID=4684) to work on /home/airflow/.local/lib/python3.7/site-packages/airflow/example_dags/example_latest_only.py
[2024-09-09T01:59:47.461+0000] {processor.py:743} INFO - Processing file /home/airflow/.local/lib/python3.7/site-packages/airflow/example_dags/example_latest_only.py for tasks to queue
[2024-09-09T01:59:47.461+0000] {logging_mixin.py:137} INFO - [2024-09-09T01:59:47.461+0000] {dagbag.py:538} INFO - Filling up the DagBag from /home/airflow/.local/lib/python3.7/site-packages/airflow/example_dags/example_latest_only.py
[2024-09-09T01:59:47.472+0000] {processor.py:753} INFO - DAG(s) dict_keys(['latest_only']) retrieved from /home/airflow/.local/lib/python3.7/site-packages/airflow/example_dags/example_latest_only.py
[2024-09-09T01:59:47.499+0000] {logging_mixin.py:137} INFO - [2024-09-09T01:59:47.499+0000] {dag.py:2676} INFO - Sync 1 DAGs
[2024-09-09T01:59:47.520+0000] {logging_mixin.py:137} INFO - [2024-09-09T01:59:47.520+0000] {dag.py:3427} INFO - Setting next_dagrun for latest_only to 2024-09-08T21:59:47.520124+00:00, run_after=2024-09-09T01:59:47.520124+00:00
[2024-09-09T01:59:47.536+0000] {processor.py:175} INFO - Processing /home/airflow/.local/lib/python3.7/site-packages/airflow/example_dags/example_latest_only.py took 0.079 seconds
[2024-09-09T02:00:17.854+0000] {processor.py:153} INFO - Started process (PID=4808) to work on /home/airflow/.local/lib/python3.7/site-packages/airflow/example_dags/example_latest_only.py
[2024-09-09T02:00:17.856+0000] {processor.py:743} INFO - Processing file /home/airflow/.local/lib/python3.7/site-packages/airflow/example_dags/example_latest_only.py for tasks to queue
[2024-09-09T02:00:17.856+0000] {logging_mixin.py:137} INFO - [2024-09-09T02:00:17.856+0000] {dagbag.py:538} INFO - Filling up the DagBag from /home/airflow/.local/lib/python3.7/site-packages/airflow/example_dags/example_latest_only.py
[2024-09-09T02:00:17.868+0000] {processor.py:753} INFO - DAG(s) dict_keys(['latest_only']) retrieved from /home/airflow/.local/lib/python3.7/site-packages/airflow/example_dags/example_latest_only.py
[2024-09-09T02:00:17.905+0000] {logging_mixin.py:137} INFO - [2024-09-09T02:00:17.905+0000] {dag.py:2676} INFO - Sync 1 DAGs
[2024-09-09T02:00:17.936+0000] {logging_mixin.py:137} INFO - [2024-09-09T02:00:17.936+0000] {dag.py:3427} INFO - Setting next_dagrun for latest_only to 2024-09-08T22:00:17.935998+00:00, run_after=2024-09-09T02:00:17.935998+00:00
[2024-09-09T02:00:17.958+0000] {processor.py:175} INFO - Processing /home/airflow/.local/lib/python3.7/site-packages/airflow/example_dags/example_latest_only.py took 0.106 seconds
[2024-09-09T02:00:48.961+0000] {processor.py:153} INFO - Started process (PID=4904) to work on /home/airflow/.local/lib/python3.7/site-packages/airflow/example_dags/example_latest_only.py
[2024-09-09T02:00:48.972+0000] {processor.py:743} INFO - Processing file /home/airflow/.local/lib/python3.7/site-packages/airflow/example_dags/example_latest_only.py for tasks to queue
[2024-09-09T02:00:48.973+0000] {logging_mixin.py:137} INFO - [2024-09-09T02:00:48.973+0000] {dagbag.py:538} INFO - Filling up the DagBag from /home/airflow/.local/lib/python3.7/site-packages/airflow/example_dags/example_latest_only.py
[2024-09-09T02:00:48.983+0000] {processor.py:753} INFO - DAG(s) dict_keys(['latest_only']) retrieved from /home/airflow/.local/lib/python3.7/site-packages/airflow/example_dags/example_latest_only.py
[2024-09-09T02:00:49.013+0000] {logging_mixin.py:137} INFO - [2024-09-09T02:00:49.013+0000] {dag.py:2676} INFO - Sync 1 DAGs
[2024-09-09T02:00:49.033+0000] {logging_mixin.py:137} INFO - [2024-09-09T02:00:49.033+0000] {dag.py:3427} INFO - Setting next_dagrun for latest_only to 2024-09-08T22:00:49.032962+00:00, run_after=2024-09-09T02:00:49.032962+00:00
[2024-09-09T02:00:49.053+0000] {processor.py:175} INFO - Processing /home/airflow/.local/lib/python3.7/site-packages/airflow/example_dags/example_latest_only.py took 0.094 seconds
[2024-09-09T02:01:19.192+0000] {processor.py:153} INFO - Started process (PID=5028) to work on /home/airflow/.local/lib/python3.7/site-packages/airflow/example_dags/example_latest_only.py
[2024-09-09T02:01:19.199+0000] {processor.py:743} INFO - Processing file /home/airflow/.local/lib/python3.7/site-packages/airflow/example_dags/example_latest_only.py for tasks to queue
[2024-09-09T02:01:19.200+0000] {logging_mixin.py:137} INFO - [2024-09-09T02:01:19.200+0000] {dagbag.py:538} INFO - Filling up the DagBag from /home/airflow/.local/lib/python3.7/site-packages/airflow/example_dags/example_latest_only.py
[2024-09-09T02:01:19.210+0000] {processor.py:753} INFO - DAG(s) dict_keys(['latest_only']) retrieved from /home/airflow/.local/lib/python3.7/site-packages/airflow/example_dags/example_latest_only.py
[2024-09-09T02:01:19.238+0000] {logging_mixin.py:137} INFO - [2024-09-09T02:01:19.238+0000] {dag.py:2676} INFO - Sync 1 DAGs
[2024-09-09T02:01:19.257+0000] {logging_mixin.py:137} INFO - [2024-09-09T02:01:19.257+0000] {dag.py:3427} INFO - Setting next_dagrun for latest_only to 2024-09-08T22:01:19.257319+00:00, run_after=2024-09-09T02:01:19.257319+00:00
[2024-09-09T02:01:19.273+0000] {processor.py:175} INFO - Processing /home/airflow/.local/lib/python3.7/site-packages/airflow/example_dags/example_latest_only.py took 0.083 seconds
[2024-09-09T02:01:49.451+0000] {processor.py:153} INFO - Started process (PID=5152) to work on /home/airflow/.local/lib/python3.7/site-packages/airflow/example_dags/example_latest_only.py
[2024-09-09T02:01:49.452+0000] {processor.py:743} INFO - Processing file /home/airflow/.local/lib/python3.7/site-packages/airflow/example_dags/example_latest_only.py for tasks to queue
[2024-09-09T02:01:49.452+0000] {logging_mixin.py:137} INFO - [2024-09-09T02:01:49.452+0000] {dagbag.py:538} INFO - Filling up the DagBag from /home/airflow/.local/lib/python3.7/site-packages/airflow/example_dags/example_latest_only.py
[2024-09-09T02:01:49.464+0000] {processor.py:753} INFO - DAG(s) dict_keys(['latest_only']) retrieved from /home/airflow/.local/lib/python3.7/site-packages/airflow/example_dags/example_latest_only.py
[2024-09-09T02:01:49.496+0000] {logging_mixin.py:137} INFO - [2024-09-09T02:01:49.496+0000] {dag.py:2676} INFO - Sync 1 DAGs
[2024-09-09T02:01:49.516+0000] {logging_mixin.py:137} INFO - [2024-09-09T02:01:49.516+0000] {dag.py:3427} INFO - Setting next_dagrun for latest_only to 2024-09-08T22:01:49.516072+00:00, run_after=2024-09-09T02:01:49.516072+00:00
[2024-09-09T02:01:49.536+0000] {processor.py:175} INFO - Processing /home/airflow/.local/lib/python3.7/site-packages/airflow/example_dags/example_latest_only.py took 0.088 seconds
[2024-09-09T02:02:19.795+0000] {processor.py:153} INFO - Started process (PID=5247) to work on /home/airflow/.local/lib/python3.7/site-packages/airflow/example_dags/example_latest_only.py
[2024-09-09T02:02:19.796+0000] {processor.py:743} INFO - Processing file /home/airflow/.local/lib/python3.7/site-packages/airflow/example_dags/example_latest_only.py for tasks to queue
[2024-09-09T02:02:19.796+0000] {logging_mixin.py:137} INFO - [2024-09-09T02:02:19.796+0000] {dagbag.py:538} INFO - Filling up the DagBag from /home/airflow/.local/lib/python3.7/site-packages/airflow/example_dags/example_latest_only.py
[2024-09-09T02:02:19.807+0000] {processor.py:753} INFO - DAG(s) dict_keys(['latest_only']) retrieved from /home/airflow/.local/lib/python3.7/site-packages/airflow/example_dags/example_latest_only.py
[2024-09-09T02:02:19.835+0000] {logging_mixin.py:137} INFO - [2024-09-09T02:02:19.835+0000] {dag.py:2676} INFO - Sync 1 DAGs
[2024-09-09T02:02:19.854+0000] {logging_mixin.py:137} INFO - [2024-09-09T02:02:19.853+0000] {dag.py:3427} INFO - Setting next_dagrun for latest_only to 2024-09-08T22:02:19.853801+00:00, run_after=2024-09-09T02:02:19.853801+00:00
[2024-09-09T02:02:19.873+0000] {processor.py:175} INFO - Processing /home/airflow/.local/lib/python3.7/site-packages/airflow/example_dags/example_latest_only.py took 0.081 seconds
