[2024-09-09T01:38:56.775+0000] {processor.py:153} INFO - Started process (PID=93) to work on /home/airflow/.local/lib/python3.7/site-packages/airflow/example_dags/example_sensors.py
[2024-09-09T01:38:56.777+0000] {processor.py:743} INFO - Processing file /home/airflow/.local/lib/python3.7/site-packages/airflow/example_dags/example_sensors.py for tasks to queue
[2024-09-09T01:38:56.784+0000] {logging_mixin.py:137} INFO - [2024-09-09T01:38:56.784+0000] {dagbag.py:538} INFO - Filling up the DagBag from /home/airflow/.local/lib/python3.7/site-packages/airflow/example_dags/example_sensors.py
[2024-09-09T01:38:56.940+0000] {processor.py:753} INFO - DAG(s) dict_keys(['example_sensors']) retrieved from /home/airflow/.local/lib/python3.7/site-packages/airflow/example_dags/example_sensors.py
[2024-09-09T01:38:57.079+0000] {logging_mixin.py:137} INFO - [2024-09-09T01:38:57.079+0000] {dag.py:2676} INFO - Sync 1 DAGs
[2024-09-09T01:38:57.197+0000] {logging_mixin.py:137} INFO - [2024-09-09T01:38:57.197+0000] {dag.py:3427} INFO - Setting next_dagrun for example_sensors to None, run_after=None
[2024-09-09T01:38:57.269+0000] {processor.py:175} INFO - Processing /home/airflow/.local/lib/python3.7/site-packages/airflow/example_dags/example_sensors.py took 0.536 seconds
[2024-09-09T01:39:27.615+0000] {processor.py:153} INFO - Started process (PID=189) to work on /home/airflow/.local/lib/python3.7/site-packages/airflow/example_dags/example_sensors.py
[2024-09-09T01:39:27.616+0000] {processor.py:743} INFO - Processing file /home/airflow/.local/lib/python3.7/site-packages/airflow/example_dags/example_sensors.py for tasks to queue
[2024-09-09T01:39:27.617+0000] {logging_mixin.py:137} INFO - [2024-09-09T01:39:27.617+0000] {dagbag.py:538} INFO - Filling up the DagBag from /home/airflow/.local/lib/python3.7/site-packages/airflow/example_dags/example_sensors.py
[2024-09-09T01:39:27.633+0000] {processor.py:753} INFO - DAG(s) dict_keys(['example_sensors']) retrieved from /home/airflow/.local/lib/python3.7/site-packages/airflow/example_dags/example_sensors.py
[2024-09-09T01:39:27.664+0000] {logging_mixin.py:137} INFO - [2024-09-09T01:39:27.664+0000] {dag.py:2676} INFO - Sync 1 DAGs
[2024-09-09T01:39:27.683+0000] {logging_mixin.py:137} INFO - [2024-09-09T01:39:27.683+0000] {dag.py:3427} INFO - Setting next_dagrun for example_sensors to None, run_after=None
[2024-09-09T01:39:27.699+0000] {processor.py:175} INFO - Processing /home/airflow/.local/lib/python3.7/site-packages/airflow/example_dags/example_sensors.py took 0.086 seconds
[2024-09-09T01:39:58.170+0000] {processor.py:153} INFO - Started process (PID=285) to work on /home/airflow/.local/lib/python3.7/site-packages/airflow/example_dags/example_sensors.py
[2024-09-09T01:39:58.171+0000] {processor.py:743} INFO - Processing file /home/airflow/.local/lib/python3.7/site-packages/airflow/example_dags/example_sensors.py for tasks to queue
[2024-09-09T01:39:58.172+0000] {logging_mixin.py:137} INFO - [2024-09-09T01:39:58.172+0000] {dagbag.py:538} INFO - Filling up the DagBag from /home/airflow/.local/lib/python3.7/site-packages/airflow/example_dags/example_sensors.py
[2024-09-09T01:39:58.192+0000] {processor.py:753} INFO - DAG(s) dict_keys(['example_sensors']) retrieved from /home/airflow/.local/lib/python3.7/site-packages/airflow/example_dags/example_sensors.py
[2024-09-09T01:39:58.231+0000] {logging_mixin.py:137} INFO - [2024-09-09T01:39:58.231+0000] {dag.py:2676} INFO - Sync 1 DAGs
[2024-09-09T01:39:58.254+0000] {logging_mixin.py:137} INFO - [2024-09-09T01:39:58.253+0000] {dag.py:3427} INFO - Setting next_dagrun for example_sensors to None, run_after=None
[2024-09-09T01:39:58.272+0000] {processor.py:175} INFO - Processing /home/airflow/.local/lib/python3.7/site-packages/airflow/example_dags/example_sensors.py took 0.105 seconds
[2024-09-09T01:40:28.728+0000] {processor.py:153} INFO - Started process (PID=409) to work on /home/airflow/.local/lib/python3.7/site-packages/airflow/example_dags/example_sensors.py
[2024-09-09T01:40:28.729+0000] {processor.py:743} INFO - Processing file /home/airflow/.local/lib/python3.7/site-packages/airflow/example_dags/example_sensors.py for tasks to queue
[2024-09-09T01:40:28.729+0000] {logging_mixin.py:137} INFO - [2024-09-09T01:40:28.729+0000] {dagbag.py:538} INFO - Filling up the DagBag from /home/airflow/.local/lib/python3.7/site-packages/airflow/example_dags/example_sensors.py
[2024-09-09T01:40:28.743+0000] {processor.py:753} INFO - DAG(s) dict_keys(['example_sensors']) retrieved from /home/airflow/.local/lib/python3.7/site-packages/airflow/example_dags/example_sensors.py
[2024-09-09T01:40:28.771+0000] {logging_mixin.py:137} INFO - [2024-09-09T01:40:28.771+0000] {dag.py:2676} INFO - Sync 1 DAGs
[2024-09-09T01:40:28.789+0000] {logging_mixin.py:137} INFO - [2024-09-09T01:40:28.789+0000] {dag.py:3427} INFO - Setting next_dagrun for example_sensors to None, run_after=None
[2024-09-09T01:40:28.808+0000] {processor.py:175} INFO - Processing /home/airflow/.local/lib/python3.7/site-packages/airflow/example_dags/example_sensors.py took 0.082 seconds
[2024-09-09T01:40:58.849+0000] {processor.py:153} INFO - Started process (PID=514) to work on /home/airflow/.local/lib/python3.7/site-packages/airflow/example_dags/example_sensors.py
[2024-09-09T01:40:58.850+0000] {processor.py:743} INFO - Processing file /home/airflow/.local/lib/python3.7/site-packages/airflow/example_dags/example_sensors.py for tasks to queue
[2024-09-09T01:40:58.850+0000] {logging_mixin.py:137} INFO - [2024-09-09T01:40:58.850+0000] {dagbag.py:538} INFO - Filling up the DagBag from /home/airflow/.local/lib/python3.7/site-packages/airflow/example_dags/example_sensors.py
[2024-09-09T01:40:58.868+0000] {processor.py:753} INFO - DAG(s) dict_keys(['example_sensors']) retrieved from /home/airflow/.local/lib/python3.7/site-packages/airflow/example_dags/example_sensors.py
[2024-09-09T01:40:58.901+0000] {logging_mixin.py:137} INFO - [2024-09-09T01:40:58.901+0000] {dag.py:2676} INFO - Sync 1 DAGs
[2024-09-09T01:40:58.922+0000] {logging_mixin.py:137} INFO - [2024-09-09T01:40:58.922+0000] {dag.py:3427} INFO - Setting next_dagrun for example_sensors to None, run_after=None
[2024-09-09T01:40:58.946+0000] {processor.py:175} INFO - Processing /home/airflow/.local/lib/python3.7/site-packages/airflow/example_dags/example_sensors.py took 0.100 seconds
[2024-09-09T01:41:29.231+0000] {processor.py:153} INFO - Started process (PID=629) to work on /home/airflow/.local/lib/python3.7/site-packages/airflow/example_dags/example_sensors.py
[2024-09-09T01:41:29.232+0000] {processor.py:743} INFO - Processing file /home/airflow/.local/lib/python3.7/site-packages/airflow/example_dags/example_sensors.py for tasks to queue
[2024-09-09T01:41:29.232+0000] {logging_mixin.py:137} INFO - [2024-09-09T01:41:29.232+0000] {dagbag.py:538} INFO - Filling up the DagBag from /home/airflow/.local/lib/python3.7/site-packages/airflow/example_dags/example_sensors.py
[2024-09-09T01:41:29.246+0000] {processor.py:753} INFO - DAG(s) dict_keys(['example_sensors']) retrieved from /home/airflow/.local/lib/python3.7/site-packages/airflow/example_dags/example_sensors.py
[2024-09-09T01:41:29.275+0000] {logging_mixin.py:137} INFO - [2024-09-09T01:41:29.275+0000] {dag.py:2676} INFO - Sync 1 DAGs
[2024-09-09T01:41:29.295+0000] {logging_mixin.py:137} INFO - [2024-09-09T01:41:29.295+0000] {dag.py:3427} INFO - Setting next_dagrun for example_sensors to None, run_after=None
[2024-09-09T01:41:29.313+0000] {processor.py:175} INFO - Processing /home/airflow/.local/lib/python3.7/site-packages/airflow/example_dags/example_sensors.py took 0.084 seconds
[2024-09-09T01:41:59.859+0000] {processor.py:153} INFO - Started process (PID=753) to work on /home/airflow/.local/lib/python3.7/site-packages/airflow/example_dags/example_sensors.py
[2024-09-09T01:41:59.860+0000] {processor.py:743} INFO - Processing file /home/airflow/.local/lib/python3.7/site-packages/airflow/example_dags/example_sensors.py for tasks to queue
[2024-09-09T01:41:59.861+0000] {logging_mixin.py:137} INFO - [2024-09-09T01:41:59.861+0000] {dagbag.py:538} INFO - Filling up the DagBag from /home/airflow/.local/lib/python3.7/site-packages/airflow/example_dags/example_sensors.py
[2024-09-09T01:41:59.880+0000] {processor.py:753} INFO - DAG(s) dict_keys(['example_sensors']) retrieved from /home/airflow/.local/lib/python3.7/site-packages/airflow/example_dags/example_sensors.py
[2024-09-09T01:41:59.919+0000] {logging_mixin.py:137} INFO - [2024-09-09T01:41:59.919+0000] {dag.py:2676} INFO - Sync 1 DAGs
[2024-09-09T01:41:59.941+0000] {logging_mixin.py:137} INFO - [2024-09-09T01:41:59.941+0000] {dag.py:3427} INFO - Setting next_dagrun for example_sensors to None, run_after=None
[2024-09-09T01:41:59.962+0000] {processor.py:175} INFO - Processing /home/airflow/.local/lib/python3.7/site-packages/airflow/example_dags/example_sensors.py took 0.108 seconds
[2024-09-09T01:42:30.131+0000] {processor.py:153} INFO - Started process (PID=849) to work on /home/airflow/.local/lib/python3.7/site-packages/airflow/example_dags/example_sensors.py
[2024-09-09T01:42:30.132+0000] {processor.py:743} INFO - Processing file /home/airflow/.local/lib/python3.7/site-packages/airflow/example_dags/example_sensors.py for tasks to queue
[2024-09-09T01:42:30.132+0000] {logging_mixin.py:137} INFO - [2024-09-09T01:42:30.132+0000] {dagbag.py:538} INFO - Filling up the DagBag from /home/airflow/.local/lib/python3.7/site-packages/airflow/example_dags/example_sensors.py
[2024-09-09T01:42:30.148+0000] {processor.py:753} INFO - DAG(s) dict_keys(['example_sensors']) retrieved from /home/airflow/.local/lib/python3.7/site-packages/airflow/example_dags/example_sensors.py
[2024-09-09T01:42:30.182+0000] {logging_mixin.py:137} INFO - [2024-09-09T01:42:30.182+0000] {dag.py:2676} INFO - Sync 1 DAGs
[2024-09-09T01:42:30.204+0000] {logging_mixin.py:137} INFO - [2024-09-09T01:42:30.204+0000] {dag.py:3427} INFO - Setting next_dagrun for example_sensors to None, run_after=None
[2024-09-09T01:42:30.222+0000] {processor.py:175} INFO - Processing /home/airflow/.local/lib/python3.7/site-packages/airflow/example_dags/example_sensors.py took 0.094 seconds
[2024-09-09T01:43:00.443+0000] {processor.py:153} INFO - Started process (PID=971) to work on /home/airflow/.local/lib/python3.7/site-packages/airflow/example_dags/example_sensors.py
[2024-09-09T01:43:00.444+0000] {processor.py:743} INFO - Processing file /home/airflow/.local/lib/python3.7/site-packages/airflow/example_dags/example_sensors.py for tasks to queue
[2024-09-09T01:43:00.445+0000] {logging_mixin.py:137} INFO - [2024-09-09T01:43:00.445+0000] {dagbag.py:538} INFO - Filling up the DagBag from /home/airflow/.local/lib/python3.7/site-packages/airflow/example_dags/example_sensors.py
[2024-09-09T01:43:00.463+0000] {processor.py:753} INFO - DAG(s) dict_keys(['example_sensors']) retrieved from /home/airflow/.local/lib/python3.7/site-packages/airflow/example_dags/example_sensors.py
[2024-09-09T01:43:00.499+0000] {logging_mixin.py:137} INFO - [2024-09-09T01:43:00.498+0000] {dag.py:2676} INFO - Sync 1 DAGs
[2024-09-09T01:43:00.520+0000] {logging_mixin.py:137} INFO - [2024-09-09T01:43:00.520+0000] {dag.py:3427} INFO - Setting next_dagrun for example_sensors to None, run_after=None
[2024-09-09T01:43:00.542+0000] {processor.py:175} INFO - Processing /home/airflow/.local/lib/python3.7/site-packages/airflow/example_dags/example_sensors.py took 0.101 seconds
[2024-09-09T01:43:31.091+0000] {processor.py:153} INFO - Started process (PID=1067) to work on /home/airflow/.local/lib/python3.7/site-packages/airflow/example_dags/example_sensors.py
[2024-09-09T01:43:31.092+0000] {processor.py:743} INFO - Processing file /home/airflow/.local/lib/python3.7/site-packages/airflow/example_dags/example_sensors.py for tasks to queue
[2024-09-09T01:43:31.093+0000] {logging_mixin.py:137} INFO - [2024-09-09T01:43:31.093+0000] {dagbag.py:538} INFO - Filling up the DagBag from /home/airflow/.local/lib/python3.7/site-packages/airflow/example_dags/example_sensors.py
[2024-09-09T01:43:31.113+0000] {processor.py:753} INFO - DAG(s) dict_keys(['example_sensors']) retrieved from /home/airflow/.local/lib/python3.7/site-packages/airflow/example_dags/example_sensors.py
[2024-09-09T01:43:31.146+0000] {logging_mixin.py:137} INFO - [2024-09-09T01:43:31.146+0000] {dag.py:2676} INFO - Sync 1 DAGs
[2024-09-09T01:43:31.169+0000] {logging_mixin.py:137} INFO - [2024-09-09T01:43:31.169+0000] {dag.py:3427} INFO - Setting next_dagrun for example_sensors to None, run_after=None
[2024-09-09T01:43:31.189+0000] {processor.py:175} INFO - Processing /home/airflow/.local/lib/python3.7/site-packages/airflow/example_dags/example_sensors.py took 0.101 seconds
[2024-09-09T01:44:02.101+0000] {processor.py:153} INFO - Started process (PID=1193) to work on /home/airflow/.local/lib/python3.7/site-packages/airflow/example_dags/example_sensors.py
[2024-09-09T01:44:02.101+0000] {processor.py:743} INFO - Processing file /home/airflow/.local/lib/python3.7/site-packages/airflow/example_dags/example_sensors.py for tasks to queue
[2024-09-09T01:44:02.102+0000] {logging_mixin.py:137} INFO - [2024-09-09T01:44:02.102+0000] {dagbag.py:538} INFO - Filling up the DagBag from /home/airflow/.local/lib/python3.7/site-packages/airflow/example_dags/example_sensors.py
[2024-09-09T01:44:02.119+0000] {processor.py:753} INFO - DAG(s) dict_keys(['example_sensors']) retrieved from /home/airflow/.local/lib/python3.7/site-packages/airflow/example_dags/example_sensors.py
[2024-09-09T01:44:02.157+0000] {logging_mixin.py:137} INFO - [2024-09-09T01:44:02.157+0000] {dag.py:2676} INFO - Sync 1 DAGs
[2024-09-09T01:44:02.180+0000] {logging_mixin.py:137} INFO - [2024-09-09T01:44:02.180+0000] {dag.py:3427} INFO - Setting next_dagrun for example_sensors to None, run_after=None
[2024-09-09T01:44:02.201+0000] {processor.py:175} INFO - Processing /home/airflow/.local/lib/python3.7/site-packages/airflow/example_dags/example_sensors.py took 0.103 seconds
[2024-09-09T01:44:32.232+0000] {processor.py:153} INFO - Started process (PID=1287) to work on /home/airflow/.local/lib/python3.7/site-packages/airflow/example_dags/example_sensors.py
[2024-09-09T01:44:32.233+0000] {processor.py:743} INFO - Processing file /home/airflow/.local/lib/python3.7/site-packages/airflow/example_dags/example_sensors.py for tasks to queue
[2024-09-09T01:44:32.234+0000] {logging_mixin.py:137} INFO - [2024-09-09T01:44:32.234+0000] {dagbag.py:538} INFO - Filling up the DagBag from /home/airflow/.local/lib/python3.7/site-packages/airflow/example_dags/example_sensors.py
[2024-09-09T01:44:32.247+0000] {processor.py:753} INFO - DAG(s) dict_keys(['example_sensors']) retrieved from /home/airflow/.local/lib/python3.7/site-packages/airflow/example_dags/example_sensors.py
[2024-09-09T01:44:32.277+0000] {logging_mixin.py:137} INFO - [2024-09-09T01:44:32.277+0000] {dag.py:2676} INFO - Sync 1 DAGs
[2024-09-09T01:44:32.295+0000] {logging_mixin.py:137} INFO - [2024-09-09T01:44:32.294+0000] {dag.py:3427} INFO - Setting next_dagrun for example_sensors to None, run_after=None
[2024-09-09T01:44:32.312+0000] {processor.py:175} INFO - Processing /home/airflow/.local/lib/python3.7/site-packages/airflow/example_dags/example_sensors.py took 0.082 seconds
[2024-09-09T01:45:02.792+0000] {processor.py:153} INFO - Started process (PID=1411) to work on /home/airflow/.local/lib/python3.7/site-packages/airflow/example_dags/example_sensors.py
[2024-09-09T01:45:02.793+0000] {processor.py:743} INFO - Processing file /home/airflow/.local/lib/python3.7/site-packages/airflow/example_dags/example_sensors.py for tasks to queue
[2024-09-09T01:45:02.793+0000] {logging_mixin.py:137} INFO - [2024-09-09T01:45:02.793+0000] {dagbag.py:538} INFO - Filling up the DagBag from /home/airflow/.local/lib/python3.7/site-packages/airflow/example_dags/example_sensors.py
[2024-09-09T01:45:02.807+0000] {processor.py:753} INFO - DAG(s) dict_keys(['example_sensors']) retrieved from /home/airflow/.local/lib/python3.7/site-packages/airflow/example_dags/example_sensors.py
[2024-09-09T01:45:02.834+0000] {logging_mixin.py:137} INFO - [2024-09-09T01:45:02.834+0000] {dag.py:2676} INFO - Sync 1 DAGs
[2024-09-09T01:45:02.852+0000] {logging_mixin.py:137} INFO - [2024-09-09T01:45:02.852+0000] {dag.py:3427} INFO - Setting next_dagrun for example_sensors to None, run_after=None
[2024-09-09T01:45:02.866+0000] {processor.py:175} INFO - Processing /home/airflow/.local/lib/python3.7/site-packages/airflow/example_dags/example_sensors.py took 0.077 seconds
[2024-09-09T01:45:33.049+0000] {processor.py:153} INFO - Started process (PID=1536) to work on /home/airflow/.local/lib/python3.7/site-packages/airflow/example_dags/example_sensors.py
[2024-09-09T01:45:33.050+0000] {processor.py:743} INFO - Processing file /home/airflow/.local/lib/python3.7/site-packages/airflow/example_dags/example_sensors.py for tasks to queue
[2024-09-09T01:45:33.051+0000] {logging_mixin.py:137} INFO - [2024-09-09T01:45:33.051+0000] {dagbag.py:538} INFO - Filling up the DagBag from /home/airflow/.local/lib/python3.7/site-packages/airflow/example_dags/example_sensors.py
[2024-09-09T01:45:33.070+0000] {processor.py:753} INFO - DAG(s) dict_keys(['example_sensors']) retrieved from /home/airflow/.local/lib/python3.7/site-packages/airflow/example_dags/example_sensors.py
[2024-09-09T01:45:33.106+0000] {logging_mixin.py:137} INFO - [2024-09-09T01:45:33.105+0000] {dag.py:2676} INFO - Sync 1 DAGs
[2024-09-09T01:45:33.126+0000] {logging_mixin.py:137} INFO - [2024-09-09T01:45:33.126+0000] {dag.py:3427} INFO - Setting next_dagrun for example_sensors to None, run_after=None
[2024-09-09T01:45:33.144+0000] {processor.py:175} INFO - Processing /home/airflow/.local/lib/python3.7/site-packages/airflow/example_dags/example_sensors.py took 0.099 seconds
[2024-09-09T01:46:04.122+0000] {processor.py:153} INFO - Started process (PID=1632) to work on /home/airflow/.local/lib/python3.7/site-packages/airflow/example_dags/example_sensors.py
[2024-09-09T01:46:04.123+0000] {processor.py:743} INFO - Processing file /home/airflow/.local/lib/python3.7/site-packages/airflow/example_dags/example_sensors.py for tasks to queue
[2024-09-09T01:46:04.124+0000] {logging_mixin.py:137} INFO - [2024-09-09T01:46:04.124+0000] {dagbag.py:538} INFO - Filling up the DagBag from /home/airflow/.local/lib/python3.7/site-packages/airflow/example_dags/example_sensors.py
[2024-09-09T01:46:04.137+0000] {processor.py:753} INFO - DAG(s) dict_keys(['example_sensors']) retrieved from /home/airflow/.local/lib/python3.7/site-packages/airflow/example_dags/example_sensors.py
[2024-09-09T01:46:04.166+0000] {logging_mixin.py:137} INFO - [2024-09-09T01:46:04.166+0000] {dag.py:2676} INFO - Sync 1 DAGs
[2024-09-09T01:46:04.183+0000] {logging_mixin.py:137} INFO - [2024-09-09T01:46:04.183+0000] {dag.py:3427} INFO - Setting next_dagrun for example_sensors to None, run_after=None
[2024-09-09T01:46:04.201+0000] {processor.py:175} INFO - Processing /home/airflow/.local/lib/python3.7/site-packages/airflow/example_dags/example_sensors.py took 0.081 seconds
[2024-09-09T01:46:34.640+0000] {processor.py:153} INFO - Started process (PID=1756) to work on /home/airflow/.local/lib/python3.7/site-packages/airflow/example_dags/example_sensors.py
[2024-09-09T01:46:34.641+0000] {processor.py:743} INFO - Processing file /home/airflow/.local/lib/python3.7/site-packages/airflow/example_dags/example_sensors.py for tasks to queue
[2024-09-09T01:46:34.642+0000] {logging_mixin.py:137} INFO - [2024-09-09T01:46:34.642+0000] {dagbag.py:538} INFO - Filling up the DagBag from /home/airflow/.local/lib/python3.7/site-packages/airflow/example_dags/example_sensors.py
[2024-09-09T01:46:34.655+0000] {processor.py:753} INFO - DAG(s) dict_keys(['example_sensors']) retrieved from /home/airflow/.local/lib/python3.7/site-packages/airflow/example_dags/example_sensors.py
[2024-09-09T01:46:34.682+0000] {logging_mixin.py:137} INFO - [2024-09-09T01:46:34.682+0000] {dag.py:2676} INFO - Sync 1 DAGs
[2024-09-09T01:46:34.699+0000] {logging_mixin.py:137} INFO - [2024-09-09T01:46:34.699+0000] {dag.py:3427} INFO - Setting next_dagrun for example_sensors to None, run_after=None
[2024-09-09T01:46:34.718+0000] {processor.py:175} INFO - Processing /home/airflow/.local/lib/python3.7/site-packages/airflow/example_dags/example_sensors.py took 0.080 seconds
[2024-09-09T01:47:04.801+0000] {processor.py:153} INFO - Started process (PID=1852) to work on /home/airflow/.local/lib/python3.7/site-packages/airflow/example_dags/example_sensors.py
[2024-09-09T01:47:04.802+0000] {processor.py:743} INFO - Processing file /home/airflow/.local/lib/python3.7/site-packages/airflow/example_dags/example_sensors.py for tasks to queue
[2024-09-09T01:47:04.802+0000] {logging_mixin.py:137} INFO - [2024-09-09T01:47:04.802+0000] {dagbag.py:538} INFO - Filling up the DagBag from /home/airflow/.local/lib/python3.7/site-packages/airflow/example_dags/example_sensors.py
[2024-09-09T01:47:04.817+0000] {processor.py:753} INFO - DAG(s) dict_keys(['example_sensors']) retrieved from /home/airflow/.local/lib/python3.7/site-packages/airflow/example_dags/example_sensors.py
[2024-09-09T01:47:04.849+0000] {logging_mixin.py:137} INFO - [2024-09-09T01:47:04.849+0000] {dag.py:2676} INFO - Sync 1 DAGs
[2024-09-09T01:47:04.869+0000] {logging_mixin.py:137} INFO - [2024-09-09T01:47:04.869+0000] {dag.py:3427} INFO - Setting next_dagrun for example_sensors to None, run_after=None
[2024-09-09T01:47:04.886+0000] {processor.py:175} INFO - Processing /home/airflow/.local/lib/python3.7/site-packages/airflow/example_dags/example_sensors.py took 0.088 seconds
[2024-09-09T01:47:35.731+0000] {processor.py:153} INFO - Started process (PID=1976) to work on /home/airflow/.local/lib/python3.7/site-packages/airflow/example_dags/example_sensors.py
[2024-09-09T01:47:35.733+0000] {processor.py:743} INFO - Processing file /home/airflow/.local/lib/python3.7/site-packages/airflow/example_dags/example_sensors.py for tasks to queue
[2024-09-09T01:47:35.734+0000] {logging_mixin.py:137} INFO - [2024-09-09T01:47:35.734+0000] {dagbag.py:538} INFO - Filling up the DagBag from /home/airflow/.local/lib/python3.7/site-packages/airflow/example_dags/example_sensors.py
[2024-09-09T01:47:35.750+0000] {processor.py:753} INFO - DAG(s) dict_keys(['example_sensors']) retrieved from /home/airflow/.local/lib/python3.7/site-packages/airflow/example_dags/example_sensors.py
[2024-09-09T01:47:35.789+0000] {logging_mixin.py:137} INFO - [2024-09-09T01:47:35.789+0000] {dag.py:2676} INFO - Sync 1 DAGs
[2024-09-09T01:47:35.809+0000] {logging_mixin.py:137} INFO - [2024-09-09T01:47:35.809+0000] {dag.py:3427} INFO - Setting next_dagrun for example_sensors to None, run_after=None
[2024-09-09T01:47:35.827+0000] {processor.py:175} INFO - Processing /home/airflow/.local/lib/python3.7/site-packages/airflow/example_dags/example_sensors.py took 0.098 seconds
[2024-09-09T01:48:06.052+0000] {processor.py:153} INFO - Started process (PID=2100) to work on /home/airflow/.local/lib/python3.7/site-packages/airflow/example_dags/example_sensors.py
[2024-09-09T01:48:06.054+0000] {processor.py:743} INFO - Processing file /home/airflow/.local/lib/python3.7/site-packages/airflow/example_dags/example_sensors.py for tasks to queue
[2024-09-09T01:48:06.054+0000] {logging_mixin.py:137} INFO - [2024-09-09T01:48:06.054+0000] {dagbag.py:538} INFO - Filling up the DagBag from /home/airflow/.local/lib/python3.7/site-packages/airflow/example_dags/example_sensors.py
[2024-09-09T01:48:06.069+0000] {processor.py:753} INFO - DAG(s) dict_keys(['example_sensors']) retrieved from /home/airflow/.local/lib/python3.7/site-packages/airflow/example_dags/example_sensors.py
[2024-09-09T01:48:06.102+0000] {logging_mixin.py:137} INFO - [2024-09-09T01:48:06.102+0000] {dag.py:2676} INFO - Sync 1 DAGs
[2024-09-09T01:48:06.123+0000] {logging_mixin.py:137} INFO - [2024-09-09T01:48:06.123+0000] {dag.py:3427} INFO - Setting next_dagrun for example_sensors to None, run_after=None
[2024-09-09T01:48:06.141+0000] {processor.py:175} INFO - Processing /home/airflow/.local/lib/python3.7/site-packages/airflow/example_dags/example_sensors.py took 0.091 seconds
[2024-09-09T01:48:36.427+0000] {processor.py:153} INFO - Started process (PID=2196) to work on /home/airflow/.local/lib/python3.7/site-packages/airflow/example_dags/example_sensors.py
[2024-09-09T01:48:36.428+0000] {processor.py:743} INFO - Processing file /home/airflow/.local/lib/python3.7/site-packages/airflow/example_dags/example_sensors.py for tasks to queue
[2024-09-09T01:48:36.429+0000] {logging_mixin.py:137} INFO - [2024-09-09T01:48:36.429+0000] {dagbag.py:538} INFO - Filling up the DagBag from /home/airflow/.local/lib/python3.7/site-packages/airflow/example_dags/example_sensors.py
[2024-09-09T01:48:36.444+0000] {processor.py:753} INFO - DAG(s) dict_keys(['example_sensors']) retrieved from /home/airflow/.local/lib/python3.7/site-packages/airflow/example_dags/example_sensors.py
[2024-09-09T01:48:36.480+0000] {logging_mixin.py:137} INFO - [2024-09-09T01:48:36.480+0000] {dag.py:2676} INFO - Sync 1 DAGs
[2024-09-09T01:48:36.502+0000] {logging_mixin.py:137} INFO - [2024-09-09T01:48:36.501+0000] {dag.py:3427} INFO - Setting next_dagrun for example_sensors to None, run_after=None
[2024-09-09T01:48:36.518+0000] {processor.py:175} INFO - Processing /home/airflow/.local/lib/python3.7/site-packages/airflow/example_dags/example_sensors.py took 0.093 seconds
[2024-09-09T01:49:07.030+0000] {processor.py:153} INFO - Started process (PID=2320) to work on /home/airflow/.local/lib/python3.7/site-packages/airflow/example_dags/example_sensors.py
[2024-09-09T01:49:07.031+0000] {processor.py:743} INFO - Processing file /home/airflow/.local/lib/python3.7/site-packages/airflow/example_dags/example_sensors.py for tasks to queue
[2024-09-09T01:49:07.032+0000] {logging_mixin.py:137} INFO - [2024-09-09T01:49:07.031+0000] {dagbag.py:538} INFO - Filling up the DagBag from /home/airflow/.local/lib/python3.7/site-packages/airflow/example_dags/example_sensors.py
[2024-09-09T01:49:07.051+0000] {processor.py:753} INFO - DAG(s) dict_keys(['example_sensors']) retrieved from /home/airflow/.local/lib/python3.7/site-packages/airflow/example_dags/example_sensors.py
[2024-09-09T01:49:07.090+0000] {logging_mixin.py:137} INFO - [2024-09-09T01:49:07.089+0000] {dag.py:2676} INFO - Sync 1 DAGs
[2024-09-09T01:49:07.114+0000] {logging_mixin.py:137} INFO - [2024-09-09T01:49:07.113+0000] {dag.py:3427} INFO - Setting next_dagrun for example_sensors to None, run_after=None
[2024-09-09T01:49:07.134+0000] {processor.py:175} INFO - Processing /home/airflow/.local/lib/python3.7/site-packages/airflow/example_dags/example_sensors.py took 0.108 seconds
[2024-09-09T01:49:37.336+0000] {processor.py:153} INFO - Started process (PID=2416) to work on /home/airflow/.local/lib/python3.7/site-packages/airflow/example_dags/example_sensors.py
[2024-09-09T01:49:37.337+0000] {processor.py:743} INFO - Processing file /home/airflow/.local/lib/python3.7/site-packages/airflow/example_dags/example_sensors.py for tasks to queue
[2024-09-09T01:49:37.338+0000] {logging_mixin.py:137} INFO - [2024-09-09T01:49:37.338+0000] {dagbag.py:538} INFO - Filling up the DagBag from /home/airflow/.local/lib/python3.7/site-packages/airflow/example_dags/example_sensors.py
[2024-09-09T01:49:37.352+0000] {processor.py:753} INFO - DAG(s) dict_keys(['example_sensors']) retrieved from /home/airflow/.local/lib/python3.7/site-packages/airflow/example_dags/example_sensors.py
[2024-09-09T01:49:37.380+0000] {logging_mixin.py:137} INFO - [2024-09-09T01:49:37.380+0000] {dag.py:2676} INFO - Sync 1 DAGs
[2024-09-09T01:49:37.398+0000] {logging_mixin.py:137} INFO - [2024-09-09T01:49:37.398+0000] {dag.py:3427} INFO - Setting next_dagrun for example_sensors to None, run_after=None
[2024-09-09T01:49:37.413+0000] {processor.py:175} INFO - Processing /home/airflow/.local/lib/python3.7/site-packages/airflow/example_dags/example_sensors.py took 0.079 seconds
[2024-09-09T01:50:07.613+0000] {processor.py:153} INFO - Started process (PID=2540) to work on /home/airflow/.local/lib/python3.7/site-packages/airflow/example_dags/example_sensors.py
[2024-09-09T01:50:07.614+0000] {processor.py:743} INFO - Processing file /home/airflow/.local/lib/python3.7/site-packages/airflow/example_dags/example_sensors.py for tasks to queue
[2024-09-09T01:50:07.614+0000] {logging_mixin.py:137} INFO - [2024-09-09T01:50:07.614+0000] {dagbag.py:538} INFO - Filling up the DagBag from /home/airflow/.local/lib/python3.7/site-packages/airflow/example_dags/example_sensors.py
[2024-09-09T01:50:07.630+0000] {processor.py:753} INFO - DAG(s) dict_keys(['example_sensors']) retrieved from /home/airflow/.local/lib/python3.7/site-packages/airflow/example_dags/example_sensors.py
[2024-09-09T01:50:07.662+0000] {logging_mixin.py:137} INFO - [2024-09-09T01:50:07.662+0000] {dag.py:2676} INFO - Sync 1 DAGs
[2024-09-09T01:50:07.682+0000] {logging_mixin.py:137} INFO - [2024-09-09T01:50:07.681+0000] {dag.py:3427} INFO - Setting next_dagrun for example_sensors to None, run_after=None
[2024-09-09T01:50:07.700+0000] {processor.py:175} INFO - Processing /home/airflow/.local/lib/python3.7/site-packages/airflow/example_dags/example_sensors.py took 0.090 seconds
[2024-09-09T01:50:37.837+0000] {processor.py:153} INFO - Started process (PID=2635) to work on /home/airflow/.local/lib/python3.7/site-packages/airflow/example_dags/example_sensors.py
[2024-09-09T01:50:37.838+0000] {processor.py:743} INFO - Processing file /home/airflow/.local/lib/python3.7/site-packages/airflow/example_dags/example_sensors.py for tasks to queue
[2024-09-09T01:50:37.839+0000] {logging_mixin.py:137} INFO - [2024-09-09T01:50:37.839+0000] {dagbag.py:538} INFO - Filling up the DagBag from /home/airflow/.local/lib/python3.7/site-packages/airflow/example_dags/example_sensors.py
[2024-09-09T01:50:37.874+0000] {processor.py:753} INFO - DAG(s) dict_keys(['example_sensors']) retrieved from /home/airflow/.local/lib/python3.7/site-packages/airflow/example_dags/example_sensors.py
[2024-09-09T01:50:37.931+0000] {logging_mixin.py:137} INFO - [2024-09-09T01:50:37.931+0000] {dag.py:2676} INFO - Sync 1 DAGs
[2024-09-09T01:50:37.961+0000] {logging_mixin.py:137} INFO - [2024-09-09T01:50:37.961+0000] {dag.py:3427} INFO - Setting next_dagrun for example_sensors to None, run_after=None
[2024-09-09T01:50:37.986+0000] {processor.py:175} INFO - Processing /home/airflow/.local/lib/python3.7/site-packages/airflow/example_dags/example_sensors.py took 0.151 seconds
[2024-09-09T01:51:08.159+0000] {processor.py:153} INFO - Started process (PID=2759) to work on /home/airflow/.local/lib/python3.7/site-packages/airflow/example_dags/example_sensors.py
[2024-09-09T01:51:08.160+0000] {processor.py:743} INFO - Processing file /home/airflow/.local/lib/python3.7/site-packages/airflow/example_dags/example_sensors.py for tasks to queue
[2024-09-09T01:51:08.161+0000] {logging_mixin.py:137} INFO - [2024-09-09T01:51:08.161+0000] {dagbag.py:538} INFO - Filling up the DagBag from /home/airflow/.local/lib/python3.7/site-packages/airflow/example_dags/example_sensors.py
[2024-09-09T01:51:08.174+0000] {processor.py:753} INFO - DAG(s) dict_keys(['example_sensors']) retrieved from /home/airflow/.local/lib/python3.7/site-packages/airflow/example_dags/example_sensors.py
[2024-09-09T01:51:08.204+0000] {logging_mixin.py:137} INFO - [2024-09-09T01:51:08.203+0000] {dag.py:2676} INFO - Sync 1 DAGs
[2024-09-09T01:51:08.223+0000] {logging_mixin.py:137} INFO - [2024-09-09T01:51:08.223+0000] {dag.py:3427} INFO - Setting next_dagrun for example_sensors to None, run_after=None
[2024-09-09T01:51:08.239+0000] {processor.py:175} INFO - Processing /home/airflow/.local/lib/python3.7/site-packages/airflow/example_dags/example_sensors.py took 0.083 seconds
