[2024-09-09T01:38:55.881+0000] {processor.py:153} INFO - Started process (PID=73) to work on /home/airflow/.local/lib/python3.7/site-packages/airflow/example_dags/example_python_operator.py
[2024-09-09T01:38:55.882+0000] {processor.py:743} INFO - Processing file /home/airflow/.local/lib/python3.7/site-packages/airflow/example_dags/example_python_operator.py for tasks to queue
[2024-09-09T01:38:55.883+0000] {logging_mixin.py:137} INFO - [2024-09-09T01:38:55.883+0000] {dagbag.py:538} INFO - Filling up the DagBag from /home/airflow/.local/lib/python3.7/site-packages/airflow/example_dags/example_python_operator.py
[2024-09-09T01:38:56.073+0000] {logging_mixin.py:137} INFO - [2024-09-09T01:38:56.073+0000] {taskmixin.py:205} WARNING - Dependency <Task(_PythonDecoratedOperator): print_the_context>, log_sql_query already registered for DAG: example_python_operator
[2024-09-09T01:38:56.073+0000] {logging_mixin.py:137} INFO - [2024-09-09T01:38:56.073+0000] {taskmixin.py:205} WARNING - Dependency <Task(_PythonDecoratedOperator): log_sql_query>, print_the_context already registered for DAG: example_python_operator
[2024-09-09T01:38:56.074+0000] {logging_mixin.py:137} INFO - [2024-09-09T01:38:56.074+0000] {taskmixin.py:205} WARNING - Dependency <Task(_PythonDecoratedOperator): print_the_context>, log_sql_query already registered for DAG: example_python_operator
[2024-09-09T01:38:56.074+0000] {logging_mixin.py:137} INFO - [2024-09-09T01:38:56.074+0000] {taskmixin.py:205} WARNING - Dependency <Task(_PythonDecoratedOperator): log_sql_query>, print_the_context already registered for DAG: example_python_operator
[2024-09-09T01:38:56.075+0000] {logging_mixin.py:137} INFO - [2024-09-09T01:38:56.075+0000] {taskmixin.py:205} WARNING - Dependency <Task(_PythonDecoratedOperator): print_the_context>, log_sql_query already registered for DAG: example_python_operator
[2024-09-09T01:38:56.075+0000] {logging_mixin.py:137} INFO - [2024-09-09T01:38:56.075+0000] {taskmixin.py:205} WARNING - Dependency <Task(_PythonDecoratedOperator): log_sql_query>, print_the_context already registered for DAG: example_python_operator
[2024-09-09T01:38:56.075+0000] {logging_mixin.py:137} INFO - [2024-09-09T01:38:56.075+0000] {taskmixin.py:205} WARNING - Dependency <Task(_PythonDecoratedOperator): print_the_context>, log_sql_query already registered for DAG: example_python_operator
[2024-09-09T01:38:56.076+0000] {logging_mixin.py:137} INFO - [2024-09-09T01:38:56.075+0000] {taskmixin.py:205} WARNING - Dependency <Task(_PythonDecoratedOperator): log_sql_query>, print_the_context already registered for DAG: example_python_operator
[2024-09-09T01:38:56.125+0000] {processor.py:753} INFO - DAG(s) dict_keys(['example_python_operator']) retrieved from /home/airflow/.local/lib/python3.7/site-packages/airflow/example_dags/example_python_operator.py
[2024-09-09T01:38:56.266+0000] {logging_mixin.py:137} INFO - [2024-09-09T01:38:56.266+0000] {dag.py:2676} INFO - Sync 1 DAGs
[2024-09-09T01:38:56.366+0000] {logging_mixin.py:137} INFO - [2024-09-09T01:38:56.366+0000] {dag.py:3427} INFO - Setting next_dagrun for example_python_operator to None, run_after=None
[2024-09-09T01:38:56.472+0000] {processor.py:175} INFO - Processing /home/airflow/.local/lib/python3.7/site-packages/airflow/example_dags/example_python_operator.py took 0.610 seconds
[2024-09-09T01:39:27.460+0000] {processor.py:153} INFO - Started process (PID=186) to work on /home/airflow/.local/lib/python3.7/site-packages/airflow/example_dags/example_python_operator.py
[2024-09-09T01:39:27.461+0000] {processor.py:743} INFO - Processing file /home/airflow/.local/lib/python3.7/site-packages/airflow/example_dags/example_python_operator.py for tasks to queue
[2024-09-09T01:39:27.462+0000] {logging_mixin.py:137} INFO - [2024-09-09T01:39:27.462+0000] {dagbag.py:538} INFO - Filling up the DagBag from /home/airflow/.local/lib/python3.7/site-packages/airflow/example_dags/example_python_operator.py
[2024-09-09T01:39:27.481+0000] {logging_mixin.py:137} INFO - [2024-09-09T01:39:27.480+0000] {taskmixin.py:205} WARNING - Dependency <Task(_PythonDecoratedOperator): print_the_context>, log_sql_query already registered for DAG: example_python_operator
[2024-09-09T01:39:27.481+0000] {logging_mixin.py:137} INFO - [2024-09-09T01:39:27.481+0000] {taskmixin.py:205} WARNING - Dependency <Task(_PythonDecoratedOperator): log_sql_query>, print_the_context already registered for DAG: example_python_operator
[2024-09-09T01:39:27.482+0000] {logging_mixin.py:137} INFO - [2024-09-09T01:39:27.482+0000] {taskmixin.py:205} WARNING - Dependency <Task(_PythonDecoratedOperator): print_the_context>, log_sql_query already registered for DAG: example_python_operator
[2024-09-09T01:39:27.482+0000] {logging_mixin.py:137} INFO - [2024-09-09T01:39:27.482+0000] {taskmixin.py:205} WARNING - Dependency <Task(_PythonDecoratedOperator): log_sql_query>, print_the_context already registered for DAG: example_python_operator
[2024-09-09T01:39:27.482+0000] {logging_mixin.py:137} INFO - [2024-09-09T01:39:27.482+0000] {taskmixin.py:205} WARNING - Dependency <Task(_PythonDecoratedOperator): print_the_context>, log_sql_query already registered for DAG: example_python_operator
[2024-09-09T01:39:27.482+0000] {logging_mixin.py:137} INFO - [2024-09-09T01:39:27.482+0000] {taskmixin.py:205} WARNING - Dependency <Task(_PythonDecoratedOperator): log_sql_query>, print_the_context already registered for DAG: example_python_operator
[2024-09-09T01:39:27.483+0000] {logging_mixin.py:137} INFO - [2024-09-09T01:39:27.483+0000] {taskmixin.py:205} WARNING - Dependency <Task(_PythonDecoratedOperator): print_the_context>, log_sql_query already registered for DAG: example_python_operator
[2024-09-09T01:39:27.483+0000] {logging_mixin.py:137} INFO - [2024-09-09T01:39:27.483+0000] {taskmixin.py:205} WARNING - Dependency <Task(_PythonDecoratedOperator): log_sql_query>, print_the_context already registered for DAG: example_python_operator
[2024-09-09T01:39:27.490+0000] {processor.py:753} INFO - DAG(s) dict_keys(['example_python_operator']) retrieved from /home/airflow/.local/lib/python3.7/site-packages/airflow/example_dags/example_python_operator.py
[2024-09-09T01:39:27.560+0000] {logging_mixin.py:137} INFO - [2024-09-09T01:39:27.560+0000] {dag.py:2676} INFO - Sync 1 DAGs
[2024-09-09T01:39:27.581+0000] {logging_mixin.py:137} INFO - [2024-09-09T01:39:27.580+0000] {dag.py:3427} INFO - Setting next_dagrun for example_python_operator to None, run_after=None
[2024-09-09T01:39:27.600+0000] {processor.py:175} INFO - Processing /home/airflow/.local/lib/python3.7/site-packages/airflow/example_dags/example_python_operator.py took 0.142 seconds
[2024-09-09T01:39:57.972+0000] {processor.py:153} INFO - Started process (PID=282) to work on /home/airflow/.local/lib/python3.7/site-packages/airflow/example_dags/example_python_operator.py
[2024-09-09T01:39:57.973+0000] {processor.py:743} INFO - Processing file /home/airflow/.local/lib/python3.7/site-packages/airflow/example_dags/example_python_operator.py for tasks to queue
[2024-09-09T01:39:57.974+0000] {logging_mixin.py:137} INFO - [2024-09-09T01:39:57.974+0000] {dagbag.py:538} INFO - Filling up the DagBag from /home/airflow/.local/lib/python3.7/site-packages/airflow/example_dags/example_python_operator.py
[2024-09-09T01:39:57.988+0000] {logging_mixin.py:137} INFO - [2024-09-09T01:39:57.988+0000] {taskmixin.py:205} WARNING - Dependency <Task(_PythonDecoratedOperator): print_the_context>, log_sql_query already registered for DAG: example_python_operator
[2024-09-09T01:39:57.988+0000] {logging_mixin.py:137} INFO - [2024-09-09T01:39:57.988+0000] {taskmixin.py:205} WARNING - Dependency <Task(_PythonDecoratedOperator): log_sql_query>, print_the_context already registered for DAG: example_python_operator
[2024-09-09T01:39:57.988+0000] {logging_mixin.py:137} INFO - [2024-09-09T01:39:57.988+0000] {taskmixin.py:205} WARNING - Dependency <Task(_PythonDecoratedOperator): print_the_context>, log_sql_query already registered for DAG: example_python_operator
[2024-09-09T01:39:57.989+0000] {logging_mixin.py:137} INFO - [2024-09-09T01:39:57.988+0000] {taskmixin.py:205} WARNING - Dependency <Task(_PythonDecoratedOperator): log_sql_query>, print_the_context already registered for DAG: example_python_operator
[2024-09-09T01:39:57.989+0000] {logging_mixin.py:137} INFO - [2024-09-09T01:39:57.989+0000] {taskmixin.py:205} WARNING - Dependency <Task(_PythonDecoratedOperator): print_the_context>, log_sql_query already registered for DAG: example_python_operator
[2024-09-09T01:39:57.989+0000] {logging_mixin.py:137} INFO - [2024-09-09T01:39:57.989+0000] {taskmixin.py:205} WARNING - Dependency <Task(_PythonDecoratedOperator): log_sql_query>, print_the_context already registered for DAG: example_python_operator
[2024-09-09T01:39:57.990+0000] {logging_mixin.py:137} INFO - [2024-09-09T01:39:57.990+0000] {taskmixin.py:205} WARNING - Dependency <Task(_PythonDecoratedOperator): print_the_context>, log_sql_query already registered for DAG: example_python_operator
[2024-09-09T01:39:57.990+0000] {logging_mixin.py:137} INFO - [2024-09-09T01:39:57.990+0000] {taskmixin.py:205} WARNING - Dependency <Task(_PythonDecoratedOperator): log_sql_query>, print_the_context already registered for DAG: example_python_operator
[2024-09-09T01:39:57.994+0000] {processor.py:753} INFO - DAG(s) dict_keys(['example_python_operator']) retrieved from /home/airflow/.local/lib/python3.7/site-packages/airflow/example_dags/example_python_operator.py
[2024-09-09T01:39:58.025+0000] {logging_mixin.py:137} INFO - [2024-09-09T01:39:58.025+0000] {dag.py:2676} INFO - Sync 1 DAGs
[2024-09-09T01:39:58.045+0000] {logging_mixin.py:137} INFO - [2024-09-09T01:39:58.045+0000] {dag.py:3427} INFO - Setting next_dagrun for example_python_operator to None, run_after=None
[2024-09-09T01:39:58.062+0000] {processor.py:175} INFO - Processing /home/airflow/.local/lib/python3.7/site-packages/airflow/example_dags/example_python_operator.py took 0.093 seconds
[2024-09-09T01:40:28.545+0000] {processor.py:153} INFO - Started process (PID=406) to work on /home/airflow/.local/lib/python3.7/site-packages/airflow/example_dags/example_python_operator.py
[2024-09-09T01:40:28.547+0000] {processor.py:743} INFO - Processing file /home/airflow/.local/lib/python3.7/site-packages/airflow/example_dags/example_python_operator.py for tasks to queue
[2024-09-09T01:40:28.547+0000] {logging_mixin.py:137} INFO - [2024-09-09T01:40:28.547+0000] {dagbag.py:538} INFO - Filling up the DagBag from /home/airflow/.local/lib/python3.7/site-packages/airflow/example_dags/example_python_operator.py
[2024-09-09T01:40:28.560+0000] {logging_mixin.py:137} INFO - [2024-09-09T01:40:28.559+0000] {taskmixin.py:205} WARNING - Dependency <Task(_PythonDecoratedOperator): print_the_context>, log_sql_query already registered for DAG: example_python_operator
[2024-09-09T01:40:28.560+0000] {logging_mixin.py:137} INFO - [2024-09-09T01:40:28.560+0000] {taskmixin.py:205} WARNING - Dependency <Task(_PythonDecoratedOperator): log_sql_query>, print_the_context already registered for DAG: example_python_operator
[2024-09-09T01:40:28.560+0000] {logging_mixin.py:137} INFO - [2024-09-09T01:40:28.560+0000] {taskmixin.py:205} WARNING - Dependency <Task(_PythonDecoratedOperator): print_the_context>, log_sql_query already registered for DAG: example_python_operator
[2024-09-09T01:40:28.560+0000] {logging_mixin.py:137} INFO - [2024-09-09T01:40:28.560+0000] {taskmixin.py:205} WARNING - Dependency <Task(_PythonDecoratedOperator): log_sql_query>, print_the_context already registered for DAG: example_python_operator
[2024-09-09T01:40:28.561+0000] {logging_mixin.py:137} INFO - [2024-09-09T01:40:28.561+0000] {taskmixin.py:205} WARNING - Dependency <Task(_PythonDecoratedOperator): print_the_context>, log_sql_query already registered for DAG: example_python_operator
[2024-09-09T01:40:28.561+0000] {logging_mixin.py:137} INFO - [2024-09-09T01:40:28.561+0000] {taskmixin.py:205} WARNING - Dependency <Task(_PythonDecoratedOperator): log_sql_query>, print_the_context already registered for DAG: example_python_operator
[2024-09-09T01:40:28.561+0000] {logging_mixin.py:137} INFO - [2024-09-09T01:40:28.561+0000] {taskmixin.py:205} WARNING - Dependency <Task(_PythonDecoratedOperator): print_the_context>, log_sql_query already registered for DAG: example_python_operator
[2024-09-09T01:40:28.562+0000] {logging_mixin.py:137} INFO - [2024-09-09T01:40:28.561+0000] {taskmixin.py:205} WARNING - Dependency <Task(_PythonDecoratedOperator): log_sql_query>, print_the_context already registered for DAG: example_python_operator
[2024-09-09T01:40:28.566+0000] {processor.py:753} INFO - DAG(s) dict_keys(['example_python_operator']) retrieved from /home/airflow/.local/lib/python3.7/site-packages/airflow/example_dags/example_python_operator.py
[2024-09-09T01:40:28.593+0000] {logging_mixin.py:137} INFO - [2024-09-09T01:40:28.593+0000] {dag.py:2676} INFO - Sync 1 DAGs
[2024-09-09T01:40:28.609+0000] {logging_mixin.py:137} INFO - [2024-09-09T01:40:28.609+0000] {dag.py:3427} INFO - Setting next_dagrun for example_python_operator to None, run_after=None
[2024-09-09T01:40:28.626+0000] {processor.py:175} INFO - Processing /home/airflow/.local/lib/python3.7/site-packages/airflow/example_dags/example_python_operator.py took 0.084 seconds
[2024-09-09T01:40:58.728+0000] {processor.py:153} INFO - Started process (PID=509) to work on /home/airflow/.local/lib/python3.7/site-packages/airflow/example_dags/example_python_operator.py
[2024-09-09T01:40:58.729+0000] {processor.py:743} INFO - Processing file /home/airflow/.local/lib/python3.7/site-packages/airflow/example_dags/example_python_operator.py for tasks to queue
[2024-09-09T01:40:58.730+0000] {logging_mixin.py:137} INFO - [2024-09-09T01:40:58.730+0000] {dagbag.py:538} INFO - Filling up the DagBag from /home/airflow/.local/lib/python3.7/site-packages/airflow/example_dags/example_python_operator.py
[2024-09-09T01:40:58.743+0000] {logging_mixin.py:137} INFO - [2024-09-09T01:40:58.743+0000] {taskmixin.py:205} WARNING - Dependency <Task(_PythonDecoratedOperator): print_the_context>, log_sql_query already registered for DAG: example_python_operator
[2024-09-09T01:40:58.743+0000] {logging_mixin.py:137} INFO - [2024-09-09T01:40:58.743+0000] {taskmixin.py:205} WARNING - Dependency <Task(_PythonDecoratedOperator): log_sql_query>, print_the_context already registered for DAG: example_python_operator
[2024-09-09T01:40:58.744+0000] {logging_mixin.py:137} INFO - [2024-09-09T01:40:58.744+0000] {taskmixin.py:205} WARNING - Dependency <Task(_PythonDecoratedOperator): print_the_context>, log_sql_query already registered for DAG: example_python_operator
[2024-09-09T01:40:58.744+0000] {logging_mixin.py:137} INFO - [2024-09-09T01:40:58.744+0000] {taskmixin.py:205} WARNING - Dependency <Task(_PythonDecoratedOperator): log_sql_query>, print_the_context already registered for DAG: example_python_operator
[2024-09-09T01:40:58.744+0000] {logging_mixin.py:137} INFO - [2024-09-09T01:40:58.744+0000] {taskmixin.py:205} WARNING - Dependency <Task(_PythonDecoratedOperator): print_the_context>, log_sql_query already registered for DAG: example_python_operator
[2024-09-09T01:40:58.744+0000] {logging_mixin.py:137} INFO - [2024-09-09T01:40:58.744+0000] {taskmixin.py:205} WARNING - Dependency <Task(_PythonDecoratedOperator): log_sql_query>, print_the_context already registered for DAG: example_python_operator
[2024-09-09T01:40:58.745+0000] {logging_mixin.py:137} INFO - [2024-09-09T01:40:58.745+0000] {taskmixin.py:205} WARNING - Dependency <Task(_PythonDecoratedOperator): print_the_context>, log_sql_query already registered for DAG: example_python_operator
[2024-09-09T01:40:58.745+0000] {logging_mixin.py:137} INFO - [2024-09-09T01:40:58.745+0000] {taskmixin.py:205} WARNING - Dependency <Task(_PythonDecoratedOperator): log_sql_query>, print_the_context already registered for DAG: example_python_operator
[2024-09-09T01:40:58.750+0000] {processor.py:753} INFO - DAG(s) dict_keys(['example_python_operator']) retrieved from /home/airflow/.local/lib/python3.7/site-packages/airflow/example_dags/example_python_operator.py
[2024-09-09T01:40:58.786+0000] {logging_mixin.py:137} INFO - [2024-09-09T01:40:58.786+0000] {dag.py:2676} INFO - Sync 1 DAGs
[2024-09-09T01:40:58.810+0000] {logging_mixin.py:137} INFO - [2024-09-09T01:40:58.809+0000] {dag.py:3427} INFO - Setting next_dagrun for example_python_operator to None, run_after=None
[2024-09-09T01:40:58.830+0000] {processor.py:175} INFO - Processing /home/airflow/.local/lib/python3.7/site-packages/airflow/example_dags/example_python_operator.py took 0.104 seconds
[2024-09-09T01:41:28.915+0000] {processor.py:153} INFO - Started process (PID=626) to work on /home/airflow/.local/lib/python3.7/site-packages/airflow/example_dags/example_python_operator.py
[2024-09-09T01:41:28.917+0000] {processor.py:743} INFO - Processing file /home/airflow/.local/lib/python3.7/site-packages/airflow/example_dags/example_python_operator.py for tasks to queue
[2024-09-09T01:41:28.918+0000] {logging_mixin.py:137} INFO - [2024-09-09T01:41:28.918+0000] {dagbag.py:538} INFO - Filling up the DagBag from /home/airflow/.local/lib/python3.7/site-packages/airflow/example_dags/example_python_operator.py
[2024-09-09T01:41:28.932+0000] {logging_mixin.py:137} INFO - [2024-09-09T01:41:28.932+0000] {taskmixin.py:205} WARNING - Dependency <Task(_PythonDecoratedOperator): print_the_context>, log_sql_query already registered for DAG: example_python_operator
[2024-09-09T01:41:28.932+0000] {logging_mixin.py:137} INFO - [2024-09-09T01:41:28.932+0000] {taskmixin.py:205} WARNING - Dependency <Task(_PythonDecoratedOperator): log_sql_query>, print_the_context already registered for DAG: example_python_operator
[2024-09-09T01:41:28.933+0000] {logging_mixin.py:137} INFO - [2024-09-09T01:41:28.933+0000] {taskmixin.py:205} WARNING - Dependency <Task(_PythonDecoratedOperator): print_the_context>, log_sql_query already registered for DAG: example_python_operator
[2024-09-09T01:41:28.933+0000] {logging_mixin.py:137} INFO - [2024-09-09T01:41:28.933+0000] {taskmixin.py:205} WARNING - Dependency <Task(_PythonDecoratedOperator): log_sql_query>, print_the_context already registered for DAG: example_python_operator
[2024-09-09T01:41:28.933+0000] {logging_mixin.py:137} INFO - [2024-09-09T01:41:28.933+0000] {taskmixin.py:205} WARNING - Dependency <Task(_PythonDecoratedOperator): print_the_context>, log_sql_query already registered for DAG: example_python_operator
[2024-09-09T01:41:28.933+0000] {logging_mixin.py:137} INFO - [2024-09-09T01:41:28.933+0000] {taskmixin.py:205} WARNING - Dependency <Task(_PythonDecoratedOperator): log_sql_query>, print_the_context already registered for DAG: example_python_operator
[2024-09-09T01:41:28.934+0000] {logging_mixin.py:137} INFO - [2024-09-09T01:41:28.934+0000] {taskmixin.py:205} WARNING - Dependency <Task(_PythonDecoratedOperator): print_the_context>, log_sql_query already registered for DAG: example_python_operator
[2024-09-09T01:41:28.934+0000] {logging_mixin.py:137} INFO - [2024-09-09T01:41:28.934+0000] {taskmixin.py:205} WARNING - Dependency <Task(_PythonDecoratedOperator): log_sql_query>, print_the_context already registered for DAG: example_python_operator
[2024-09-09T01:41:28.940+0000] {processor.py:753} INFO - DAG(s) dict_keys(['example_python_operator']) retrieved from /home/airflow/.local/lib/python3.7/site-packages/airflow/example_dags/example_python_operator.py
[2024-09-09T01:41:28.974+0000] {logging_mixin.py:137} INFO - [2024-09-09T01:41:28.974+0000] {dag.py:2676} INFO - Sync 1 DAGs
[2024-09-09T01:41:28.994+0000] {logging_mixin.py:137} INFO - [2024-09-09T01:41:28.993+0000] {dag.py:3427} INFO - Setting next_dagrun for example_python_operator to None, run_after=None
[2024-09-09T01:41:29.012+0000] {processor.py:175} INFO - Processing /home/airflow/.local/lib/python3.7/site-packages/airflow/example_dags/example_python_operator.py took 0.100 seconds
[2024-09-09T01:41:59.430+0000] {processor.py:153} INFO - Started process (PID=749) to work on /home/airflow/.local/lib/python3.7/site-packages/airflow/example_dags/example_python_operator.py
[2024-09-09T01:41:59.431+0000] {processor.py:743} INFO - Processing file /home/airflow/.local/lib/python3.7/site-packages/airflow/example_dags/example_python_operator.py for tasks to queue
[2024-09-09T01:41:59.432+0000] {logging_mixin.py:137} INFO - [2024-09-09T01:41:59.432+0000] {dagbag.py:538} INFO - Filling up the DagBag from /home/airflow/.local/lib/python3.7/site-packages/airflow/example_dags/example_python_operator.py
[2024-09-09T01:41:59.458+0000] {logging_mixin.py:137} INFO - [2024-09-09T01:41:59.458+0000] {taskmixin.py:205} WARNING - Dependency <Task(_PythonDecoratedOperator): print_the_context>, log_sql_query already registered for DAG: example_python_operator
[2024-09-09T01:41:59.459+0000] {logging_mixin.py:137} INFO - [2024-09-09T01:41:59.459+0000] {taskmixin.py:205} WARNING - Dependency <Task(_PythonDecoratedOperator): log_sql_query>, print_the_context already registered for DAG: example_python_operator
[2024-09-09T01:41:59.460+0000] {logging_mixin.py:137} INFO - [2024-09-09T01:41:59.460+0000] {taskmixin.py:205} WARNING - Dependency <Task(_PythonDecoratedOperator): print_the_context>, log_sql_query already registered for DAG: example_python_operator
[2024-09-09T01:41:59.460+0000] {logging_mixin.py:137} INFO - [2024-09-09T01:41:59.460+0000] {taskmixin.py:205} WARNING - Dependency <Task(_PythonDecoratedOperator): log_sql_query>, print_the_context already registered for DAG: example_python_operator
[2024-09-09T01:41:59.461+0000] {logging_mixin.py:137} INFO - [2024-09-09T01:41:59.461+0000] {taskmixin.py:205} WARNING - Dependency <Task(_PythonDecoratedOperator): print_the_context>, log_sql_query already registered for DAG: example_python_operator
[2024-09-09T01:41:59.461+0000] {logging_mixin.py:137} INFO - [2024-09-09T01:41:59.461+0000] {taskmixin.py:205} WARNING - Dependency <Task(_PythonDecoratedOperator): log_sql_query>, print_the_context already registered for DAG: example_python_operator
[2024-09-09T01:41:59.462+0000] {logging_mixin.py:137} INFO - [2024-09-09T01:41:59.462+0000] {taskmixin.py:205} WARNING - Dependency <Task(_PythonDecoratedOperator): print_the_context>, log_sql_query already registered for DAG: example_python_operator
[2024-09-09T01:41:59.462+0000] {logging_mixin.py:137} INFO - [2024-09-09T01:41:59.462+0000] {taskmixin.py:205} WARNING - Dependency <Task(_PythonDecoratedOperator): log_sql_query>, print_the_context already registered for DAG: example_python_operator
[2024-09-09T01:41:59.470+0000] {processor.py:753} INFO - DAG(s) dict_keys(['example_python_operator']) retrieved from /home/airflow/.local/lib/python3.7/site-packages/airflow/example_dags/example_python_operator.py
[2024-09-09T01:41:59.525+0000] {logging_mixin.py:137} INFO - [2024-09-09T01:41:59.525+0000] {dag.py:2676} INFO - Sync 1 DAGs
[2024-09-09T01:41:59.553+0000] {logging_mixin.py:137} INFO - [2024-09-09T01:41:59.553+0000] {dag.py:3427} INFO - Setting next_dagrun for example_python_operator to None, run_after=None
[2024-09-09T01:41:59.576+0000] {processor.py:175} INFO - Processing /home/airflow/.local/lib/python3.7/site-packages/airflow/example_dags/example_python_operator.py took 0.149 seconds
[2024-09-09T01:42:29.909+0000] {processor.py:153} INFO - Started process (PID=844) to work on /home/airflow/.local/lib/python3.7/site-packages/airflow/example_dags/example_python_operator.py
[2024-09-09T01:42:29.920+0000] {processor.py:743} INFO - Processing file /home/airflow/.local/lib/python3.7/site-packages/airflow/example_dags/example_python_operator.py for tasks to queue
[2024-09-09T01:42:29.921+0000] {logging_mixin.py:137} INFO - [2024-09-09T01:42:29.921+0000] {dagbag.py:538} INFO - Filling up the DagBag from /home/airflow/.local/lib/python3.7/site-packages/airflow/example_dags/example_python_operator.py
[2024-09-09T01:42:29.936+0000] {logging_mixin.py:137} INFO - [2024-09-09T01:42:29.935+0000] {taskmixin.py:205} WARNING - Dependency <Task(_PythonDecoratedOperator): print_the_context>, log_sql_query already registered for DAG: example_python_operator
[2024-09-09T01:42:29.936+0000] {logging_mixin.py:137} INFO - [2024-09-09T01:42:29.936+0000] {taskmixin.py:205} WARNING - Dependency <Task(_PythonDecoratedOperator): log_sql_query>, print_the_context already registered for DAG: example_python_operator
[2024-09-09T01:42:29.936+0000] {logging_mixin.py:137} INFO - [2024-09-09T01:42:29.936+0000] {taskmixin.py:205} WARNING - Dependency <Task(_PythonDecoratedOperator): print_the_context>, log_sql_query already registered for DAG: example_python_operator
[2024-09-09T01:42:29.937+0000] {logging_mixin.py:137} INFO - [2024-09-09T01:42:29.937+0000] {taskmixin.py:205} WARNING - Dependency <Task(_PythonDecoratedOperator): log_sql_query>, print_the_context already registered for DAG: example_python_operator
[2024-09-09T01:42:29.938+0000] {logging_mixin.py:137} INFO - [2024-09-09T01:42:29.938+0000] {taskmixin.py:205} WARNING - Dependency <Task(_PythonDecoratedOperator): print_the_context>, log_sql_query already registered for DAG: example_python_operator
[2024-09-09T01:42:29.938+0000] {logging_mixin.py:137} INFO - [2024-09-09T01:42:29.938+0000] {taskmixin.py:205} WARNING - Dependency <Task(_PythonDecoratedOperator): log_sql_query>, print_the_context already registered for DAG: example_python_operator
[2024-09-09T01:42:29.939+0000] {logging_mixin.py:137} INFO - [2024-09-09T01:42:29.939+0000] {taskmixin.py:205} WARNING - Dependency <Task(_PythonDecoratedOperator): print_the_context>, log_sql_query already registered for DAG: example_python_operator
[2024-09-09T01:42:29.939+0000] {logging_mixin.py:137} INFO - [2024-09-09T01:42:29.939+0000] {taskmixin.py:205} WARNING - Dependency <Task(_PythonDecoratedOperator): log_sql_query>, print_the_context already registered for DAG: example_python_operator
[2024-09-09T01:42:29.944+0000] {processor.py:753} INFO - DAG(s) dict_keys(['example_python_operator']) retrieved from /home/airflow/.local/lib/python3.7/site-packages/airflow/example_dags/example_python_operator.py
[2024-09-09T01:42:29.978+0000] {logging_mixin.py:137} INFO - [2024-09-09T01:42:29.978+0000] {dag.py:2676} INFO - Sync 1 DAGs
[2024-09-09T01:42:29.997+0000] {logging_mixin.py:137} INFO - [2024-09-09T01:42:29.997+0000] {dag.py:3427} INFO - Setting next_dagrun for example_python_operator to None, run_after=None
[2024-09-09T01:42:30.017+0000] {processor.py:175} INFO - Processing /home/airflow/.local/lib/python3.7/site-packages/airflow/example_dags/example_python_operator.py took 0.111 seconds
[2024-09-09T01:43:00.234+0000] {processor.py:153} INFO - Started process (PID=968) to work on /home/airflow/.local/lib/python3.7/site-packages/airflow/example_dags/example_python_operator.py
[2024-09-09T01:43:00.235+0000] {processor.py:743} INFO - Processing file /home/airflow/.local/lib/python3.7/site-packages/airflow/example_dags/example_python_operator.py for tasks to queue
[2024-09-09T01:43:00.236+0000] {logging_mixin.py:137} INFO - [2024-09-09T01:43:00.235+0000] {dagbag.py:538} INFO - Filling up the DagBag from /home/airflow/.local/lib/python3.7/site-packages/airflow/example_dags/example_python_operator.py
[2024-09-09T01:43:00.250+0000] {logging_mixin.py:137} INFO - [2024-09-09T01:43:00.250+0000] {taskmixin.py:205} WARNING - Dependency <Task(_PythonDecoratedOperator): print_the_context>, log_sql_query already registered for DAG: example_python_operator
[2024-09-09T01:43:00.250+0000] {logging_mixin.py:137} INFO - [2024-09-09T01:43:00.250+0000] {taskmixin.py:205} WARNING - Dependency <Task(_PythonDecoratedOperator): log_sql_query>, print_the_context already registered for DAG: example_python_operator
[2024-09-09T01:43:00.251+0000] {logging_mixin.py:137} INFO - [2024-09-09T01:43:00.251+0000] {taskmixin.py:205} WARNING - Dependency <Task(_PythonDecoratedOperator): print_the_context>, log_sql_query already registered for DAG: example_python_operator
[2024-09-09T01:43:00.251+0000] {logging_mixin.py:137} INFO - [2024-09-09T01:43:00.251+0000] {taskmixin.py:205} WARNING - Dependency <Task(_PythonDecoratedOperator): log_sql_query>, print_the_context already registered for DAG: example_python_operator
[2024-09-09T01:43:00.251+0000] {logging_mixin.py:137} INFO - [2024-09-09T01:43:00.251+0000] {taskmixin.py:205} WARNING - Dependency <Task(_PythonDecoratedOperator): print_the_context>, log_sql_query already registered for DAG: example_python_operator
[2024-09-09T01:43:00.251+0000] {logging_mixin.py:137} INFO - [2024-09-09T01:43:00.251+0000] {taskmixin.py:205} WARNING - Dependency <Task(_PythonDecoratedOperator): log_sql_query>, print_the_context already registered for DAG: example_python_operator
[2024-09-09T01:43:00.252+0000] {logging_mixin.py:137} INFO - [2024-09-09T01:43:00.252+0000] {taskmixin.py:205} WARNING - Dependency <Task(_PythonDecoratedOperator): print_the_context>, log_sql_query already registered for DAG: example_python_operator
[2024-09-09T01:43:00.252+0000] {logging_mixin.py:137} INFO - [2024-09-09T01:43:00.252+0000] {taskmixin.py:205} WARNING - Dependency <Task(_PythonDecoratedOperator): log_sql_query>, print_the_context already registered for DAG: example_python_operator
[2024-09-09T01:43:00.257+0000] {processor.py:753} INFO - DAG(s) dict_keys(['example_python_operator']) retrieved from /home/airflow/.local/lib/python3.7/site-packages/airflow/example_dags/example_python_operator.py
[2024-09-09T01:43:00.286+0000] {logging_mixin.py:137} INFO - [2024-09-09T01:43:00.286+0000] {dag.py:2676} INFO - Sync 1 DAGs
[2024-09-09T01:43:00.305+0000] {logging_mixin.py:137} INFO - [2024-09-09T01:43:00.305+0000] {dag.py:3427} INFO - Setting next_dagrun for example_python_operator to None, run_after=None
[2024-09-09T01:43:00.323+0000] {processor.py:175} INFO - Processing /home/airflow/.local/lib/python3.7/site-packages/airflow/example_dags/example_python_operator.py took 0.091 seconds
[2024-09-09T01:43:30.848+0000] {processor.py:153} INFO - Started process (PID=1064) to work on /home/airflow/.local/lib/python3.7/site-packages/airflow/example_dags/example_python_operator.py
[2024-09-09T01:43:30.851+0000] {processor.py:743} INFO - Processing file /home/airflow/.local/lib/python3.7/site-packages/airflow/example_dags/example_python_operator.py for tasks to queue
[2024-09-09T01:43:30.852+0000] {logging_mixin.py:137} INFO - [2024-09-09T01:43:30.851+0000] {dagbag.py:538} INFO - Filling up the DagBag from /home/airflow/.local/lib/python3.7/site-packages/airflow/example_dags/example_python_operator.py
[2024-09-09T01:43:30.868+0000] {logging_mixin.py:137} INFO - [2024-09-09T01:43:30.867+0000] {taskmixin.py:205} WARNING - Dependency <Task(_PythonDecoratedOperator): print_the_context>, log_sql_query already registered for DAG: example_python_operator
[2024-09-09T01:43:30.868+0000] {logging_mixin.py:137} INFO - [2024-09-09T01:43:30.868+0000] {taskmixin.py:205} WARNING - Dependency <Task(_PythonDecoratedOperator): log_sql_query>, print_the_context already registered for DAG: example_python_operator
[2024-09-09T01:43:30.868+0000] {logging_mixin.py:137} INFO - [2024-09-09T01:43:30.868+0000] {taskmixin.py:205} WARNING - Dependency <Task(_PythonDecoratedOperator): print_the_context>, log_sql_query already registered for DAG: example_python_operator
[2024-09-09T01:43:30.869+0000] {logging_mixin.py:137} INFO - [2024-09-09T01:43:30.868+0000] {taskmixin.py:205} WARNING - Dependency <Task(_PythonDecoratedOperator): log_sql_query>, print_the_context already registered for DAG: example_python_operator
[2024-09-09T01:43:30.869+0000] {logging_mixin.py:137} INFO - [2024-09-09T01:43:30.869+0000] {taskmixin.py:205} WARNING - Dependency <Task(_PythonDecoratedOperator): print_the_context>, log_sql_query already registered for DAG: example_python_operator
[2024-09-09T01:43:30.869+0000] {logging_mixin.py:137} INFO - [2024-09-09T01:43:30.869+0000] {taskmixin.py:205} WARNING - Dependency <Task(_PythonDecoratedOperator): log_sql_query>, print_the_context already registered for DAG: example_python_operator
[2024-09-09T01:43:30.870+0000] {logging_mixin.py:137} INFO - [2024-09-09T01:43:30.870+0000] {taskmixin.py:205} WARNING - Dependency <Task(_PythonDecoratedOperator): print_the_context>, log_sql_query already registered for DAG: example_python_operator
[2024-09-09T01:43:30.870+0000] {logging_mixin.py:137} INFO - [2024-09-09T01:43:30.870+0000] {taskmixin.py:205} WARNING - Dependency <Task(_PythonDecoratedOperator): log_sql_query>, print_the_context already registered for DAG: example_python_operator
[2024-09-09T01:43:30.875+0000] {processor.py:753} INFO - DAG(s) dict_keys(['example_python_operator']) retrieved from /home/airflow/.local/lib/python3.7/site-packages/airflow/example_dags/example_python_operator.py
[2024-09-09T01:43:30.910+0000] {logging_mixin.py:137} INFO - [2024-09-09T01:43:30.910+0000] {dag.py:2676} INFO - Sync 1 DAGs
[2024-09-09T01:43:30.933+0000] {logging_mixin.py:137} INFO - [2024-09-09T01:43:30.933+0000] {dag.py:3427} INFO - Setting next_dagrun for example_python_operator to None, run_after=None
[2024-09-09T01:43:30.951+0000] {processor.py:175} INFO - Processing /home/airflow/.local/lib/python3.7/site-packages/airflow/example_dags/example_python_operator.py took 0.105 seconds
[2024-09-09T01:44:01.745+0000] {processor.py:153} INFO - Started process (PID=1189) to work on /home/airflow/.local/lib/python3.7/site-packages/airflow/example_dags/example_python_operator.py
[2024-09-09T01:44:01.746+0000] {processor.py:743} INFO - Processing file /home/airflow/.local/lib/python3.7/site-packages/airflow/example_dags/example_python_operator.py for tasks to queue
[2024-09-09T01:44:01.746+0000] {logging_mixin.py:137} INFO - [2024-09-09T01:44:01.746+0000] {dagbag.py:538} INFO - Filling up the DagBag from /home/airflow/.local/lib/python3.7/site-packages/airflow/example_dags/example_python_operator.py
[2024-09-09T01:44:01.762+0000] {logging_mixin.py:137} INFO - [2024-09-09T01:44:01.762+0000] {taskmixin.py:205} WARNING - Dependency <Task(_PythonDecoratedOperator): print_the_context>, log_sql_query already registered for DAG: example_python_operator
[2024-09-09T01:44:01.763+0000] {logging_mixin.py:137} INFO - [2024-09-09T01:44:01.763+0000] {taskmixin.py:205} WARNING - Dependency <Task(_PythonDecoratedOperator): log_sql_query>, print_the_context already registered for DAG: example_python_operator
[2024-09-09T01:44:01.763+0000] {logging_mixin.py:137} INFO - [2024-09-09T01:44:01.763+0000] {taskmixin.py:205} WARNING - Dependency <Task(_PythonDecoratedOperator): print_the_context>, log_sql_query already registered for DAG: example_python_operator
[2024-09-09T01:44:01.763+0000] {logging_mixin.py:137} INFO - [2024-09-09T01:44:01.763+0000] {taskmixin.py:205} WARNING - Dependency <Task(_PythonDecoratedOperator): log_sql_query>, print_the_context already registered for DAG: example_python_operator
[2024-09-09T01:44:01.764+0000] {logging_mixin.py:137} INFO - [2024-09-09T01:44:01.764+0000] {taskmixin.py:205} WARNING - Dependency <Task(_PythonDecoratedOperator): print_the_context>, log_sql_query already registered for DAG: example_python_operator
[2024-09-09T01:44:01.764+0000] {logging_mixin.py:137} INFO - [2024-09-09T01:44:01.764+0000] {taskmixin.py:205} WARNING - Dependency <Task(_PythonDecoratedOperator): log_sql_query>, print_the_context already registered for DAG: example_python_operator
[2024-09-09T01:44:01.765+0000] {logging_mixin.py:137} INFO - [2024-09-09T01:44:01.764+0000] {taskmixin.py:205} WARNING - Dependency <Task(_PythonDecoratedOperator): print_the_context>, log_sql_query already registered for DAG: example_python_operator
[2024-09-09T01:44:01.765+0000] {logging_mixin.py:137} INFO - [2024-09-09T01:44:01.765+0000] {taskmixin.py:205} WARNING - Dependency <Task(_PythonDecoratedOperator): log_sql_query>, print_the_context already registered for DAG: example_python_operator
[2024-09-09T01:44:01.771+0000] {processor.py:753} INFO - DAG(s) dict_keys(['example_python_operator']) retrieved from /home/airflow/.local/lib/python3.7/site-packages/airflow/example_dags/example_python_operator.py
[2024-09-09T01:44:01.809+0000] {logging_mixin.py:137} INFO - [2024-09-09T01:44:01.809+0000] {dag.py:2676} INFO - Sync 1 DAGs
[2024-09-09T01:44:01.834+0000] {logging_mixin.py:137} INFO - [2024-09-09T01:44:01.834+0000] {dag.py:3427} INFO - Setting next_dagrun for example_python_operator to None, run_after=None
[2024-09-09T01:44:01.857+0000] {processor.py:175} INFO - Processing /home/airflow/.local/lib/python3.7/site-packages/airflow/example_dags/example_python_operator.py took 0.116 seconds
