[2024-09-09T01:38:55.340+0000] {processor.py:153} INFO - Started process (PID=69) to work on /home/airflow/.local/lib/python3.7/site-packages/airflow/example_dags/example_trigger_controller_dag.py
[2024-09-09T01:38:55.341+0000] {processor.py:743} INFO - Processing file /home/airflow/.local/lib/python3.7/site-packages/airflow/example_dags/example_trigger_controller_dag.py for tasks to queue
[2024-09-09T01:38:55.341+0000] {logging_mixin.py:137} INFO - [2024-09-09T01:38:55.341+0000] {dagbag.py:538} INFO - Filling up the DagBag from /home/airflow/.local/lib/python3.7/site-packages/airflow/example_dags/example_trigger_controller_dag.py
[2024-09-09T01:38:55.449+0000] {processor.py:753} INFO - DAG(s) dict_keys(['example_trigger_controller_dag']) retrieved from /home/airflow/.local/lib/python3.7/site-packages/airflow/example_dags/example_trigger_controller_dag.py
[2024-09-09T01:38:55.575+0000] {logging_mixin.py:137} INFO - [2024-09-09T01:38:55.575+0000] {dag.py:2676} INFO - Sync 1 DAGs
[2024-09-09T01:38:55.711+0000] {logging_mixin.py:137} INFO - [2024-09-09T01:38:55.711+0000] {dag.py:3427} INFO - Setting next_dagrun for example_trigger_controller_dag to 2021-01-01T00:00:00+00:00, run_after=2021-01-01T00:00:00+00:00
[2024-09-09T01:38:55.757+0000] {processor.py:175} INFO - Processing /home/airflow/.local/lib/python3.7/site-packages/airflow/example_dags/example_trigger_controller_dag.py took 0.429 seconds
[2024-09-09T01:39:26.222+0000] {processor.py:153} INFO - Started process (PID=184) to work on /home/airflow/.local/lib/python3.7/site-packages/airflow/example_dags/example_trigger_controller_dag.py
[2024-09-09T01:39:26.223+0000] {processor.py:743} INFO - Processing file /home/airflow/.local/lib/python3.7/site-packages/airflow/example_dags/example_trigger_controller_dag.py for tasks to queue
[2024-09-09T01:39:26.223+0000] {logging_mixin.py:137} INFO - [2024-09-09T01:39:26.223+0000] {dagbag.py:538} INFO - Filling up the DagBag from /home/airflow/.local/lib/python3.7/site-packages/airflow/example_dags/example_trigger_controller_dag.py
[2024-09-09T01:39:26.235+0000] {processor.py:753} INFO - DAG(s) dict_keys(['example_trigger_controller_dag']) retrieved from /home/airflow/.local/lib/python3.7/site-packages/airflow/example_dags/example_trigger_controller_dag.py
[2024-09-09T01:39:26.267+0000] {logging_mixin.py:137} INFO - [2024-09-09T01:39:26.267+0000] {dag.py:2676} INFO - Sync 1 DAGs
[2024-09-09T01:39:26.291+0000] {logging_mixin.py:137} INFO - [2024-09-09T01:39:26.291+0000] {dag.py:3427} INFO - Setting next_dagrun for example_trigger_controller_dag to 2021-01-01T00:00:00+00:00, run_after=2021-01-01T00:00:00+00:00
[2024-09-09T01:39:26.315+0000] {processor.py:175} INFO - Processing /home/airflow/.local/lib/python3.7/site-packages/airflow/example_dags/example_trigger_controller_dag.py took 0.096 seconds
[2024-09-09T01:39:56.439+0000] {processor.py:153} INFO - Started process (PID=278) to work on /home/airflow/.local/lib/python3.7/site-packages/airflow/example_dags/example_trigger_controller_dag.py
[2024-09-09T01:39:56.440+0000] {processor.py:743} INFO - Processing file /home/airflow/.local/lib/python3.7/site-packages/airflow/example_dags/example_trigger_controller_dag.py for tasks to queue
[2024-09-09T01:39:56.441+0000] {logging_mixin.py:137} INFO - [2024-09-09T01:39:56.441+0000] {dagbag.py:538} INFO - Filling up the DagBag from /home/airflow/.local/lib/python3.7/site-packages/airflow/example_dags/example_trigger_controller_dag.py
[2024-09-09T01:39:56.449+0000] {processor.py:753} INFO - DAG(s) dict_keys(['example_trigger_controller_dag']) retrieved from /home/airflow/.local/lib/python3.7/site-packages/airflow/example_dags/example_trigger_controller_dag.py
[2024-09-09T01:39:56.476+0000] {logging_mixin.py:137} INFO - [2024-09-09T01:39:56.476+0000] {dag.py:2676} INFO - Sync 1 DAGs
[2024-09-09T01:39:56.494+0000] {logging_mixin.py:137} INFO - [2024-09-09T01:39:56.494+0000] {dag.py:3427} INFO - Setting next_dagrun for example_trigger_controller_dag to 2021-01-01T00:00:00+00:00, run_after=2021-01-01T00:00:00+00:00
[2024-09-09T01:39:56.511+0000] {processor.py:175} INFO - Processing /home/airflow/.local/lib/python3.7/site-packages/airflow/example_dags/example_trigger_controller_dag.py took 0.074 seconds
[2024-09-09T01:40:27.424+0000] {processor.py:153} INFO - Started process (PID=404) to work on /home/airflow/.local/lib/python3.7/site-packages/airflow/example_dags/example_trigger_controller_dag.py
[2024-09-09T01:40:27.425+0000] {processor.py:743} INFO - Processing file /home/airflow/.local/lib/python3.7/site-packages/airflow/example_dags/example_trigger_controller_dag.py for tasks to queue
[2024-09-09T01:40:27.425+0000] {logging_mixin.py:137} INFO - [2024-09-09T01:40:27.425+0000] {dagbag.py:538} INFO - Filling up the DagBag from /home/airflow/.local/lib/python3.7/site-packages/airflow/example_dags/example_trigger_controller_dag.py
[2024-09-09T01:40:27.433+0000] {processor.py:753} INFO - DAG(s) dict_keys(['example_trigger_controller_dag']) retrieved from /home/airflow/.local/lib/python3.7/site-packages/airflow/example_dags/example_trigger_controller_dag.py
[2024-09-09T01:40:27.462+0000] {logging_mixin.py:137} INFO - [2024-09-09T01:40:27.462+0000] {dag.py:2676} INFO - Sync 1 DAGs
[2024-09-09T01:40:27.481+0000] {logging_mixin.py:137} INFO - [2024-09-09T01:40:27.481+0000] {dag.py:3427} INFO - Setting next_dagrun for example_trigger_controller_dag to 2021-01-01T00:00:00+00:00, run_after=2021-01-01T00:00:00+00:00
[2024-09-09T01:40:27.499+0000] {processor.py:175} INFO - Processing /home/airflow/.local/lib/python3.7/site-packages/airflow/example_dags/example_trigger_controller_dag.py took 0.077 seconds
[2024-09-09T01:40:57.548+0000] {processor.py:153} INFO - Started process (PID=499) to work on /home/airflow/.local/lib/python3.7/site-packages/airflow/example_dags/example_trigger_controller_dag.py
[2024-09-09T01:40:57.549+0000] {processor.py:743} INFO - Processing file /home/airflow/.local/lib/python3.7/site-packages/airflow/example_dags/example_trigger_controller_dag.py for tasks to queue
[2024-09-09T01:40:57.549+0000] {logging_mixin.py:137} INFO - [2024-09-09T01:40:57.549+0000] {dagbag.py:538} INFO - Filling up the DagBag from /home/airflow/.local/lib/python3.7/site-packages/airflow/example_dags/example_trigger_controller_dag.py
[2024-09-09T01:40:57.557+0000] {processor.py:753} INFO - DAG(s) dict_keys(['example_trigger_controller_dag']) retrieved from /home/airflow/.local/lib/python3.7/site-packages/airflow/example_dags/example_trigger_controller_dag.py
[2024-09-09T01:40:57.585+0000] {logging_mixin.py:137} INFO - [2024-09-09T01:40:57.585+0000] {dag.py:2676} INFO - Sync 1 DAGs
[2024-09-09T01:40:57.603+0000] {logging_mixin.py:137} INFO - [2024-09-09T01:40:57.603+0000] {dag.py:3427} INFO - Setting next_dagrun for example_trigger_controller_dag to 2021-01-01T00:00:00+00:00, run_after=2021-01-01T00:00:00+00:00
[2024-09-09T01:40:57.621+0000] {processor.py:175} INFO - Processing /home/airflow/.local/lib/python3.7/site-packages/airflow/example_dags/example_trigger_controller_dag.py took 0.076 seconds
[2024-09-09T01:41:27.673+0000] {processor.py:153} INFO - Started process (PID=622) to work on /home/airflow/.local/lib/python3.7/site-packages/airflow/example_dags/example_trigger_controller_dag.py
[2024-09-09T01:41:27.674+0000] {processor.py:743} INFO - Processing file /home/airflow/.local/lib/python3.7/site-packages/airflow/example_dags/example_trigger_controller_dag.py for tasks to queue
[2024-09-09T01:41:27.675+0000] {logging_mixin.py:137} INFO - [2024-09-09T01:41:27.675+0000] {dagbag.py:538} INFO - Filling up the DagBag from /home/airflow/.local/lib/python3.7/site-packages/airflow/example_dags/example_trigger_controller_dag.py
[2024-09-09T01:41:27.685+0000] {processor.py:753} INFO - DAG(s) dict_keys(['example_trigger_controller_dag']) retrieved from /home/airflow/.local/lib/python3.7/site-packages/airflow/example_dags/example_trigger_controller_dag.py
[2024-09-09T01:41:27.718+0000] {logging_mixin.py:137} INFO - [2024-09-09T01:41:27.718+0000] {dag.py:2676} INFO - Sync 1 DAGs
[2024-09-09T01:41:27.743+0000] {logging_mixin.py:137} INFO - [2024-09-09T01:41:27.742+0000] {dag.py:3427} INFO - Setting next_dagrun for example_trigger_controller_dag to 2021-01-01T00:00:00+00:00, run_after=2021-01-01T00:00:00+00:00
[2024-09-09T01:41:27.765+0000] {processor.py:175} INFO - Processing /home/airflow/.local/lib/python3.7/site-packages/airflow/example_dags/example_trigger_controller_dag.py took 0.095 seconds
[2024-09-09T01:41:58.320+0000] {processor.py:153} INFO - Started process (PID=725) to work on /home/airflow/.local/lib/python3.7/site-packages/airflow/example_dags/example_trigger_controller_dag.py
[2024-09-09T01:41:58.321+0000] {processor.py:743} INFO - Processing file /home/airflow/.local/lib/python3.7/site-packages/airflow/example_dags/example_trigger_controller_dag.py for tasks to queue
[2024-09-09T01:41:58.322+0000] {logging_mixin.py:137} INFO - [2024-09-09T01:41:58.322+0000] {dagbag.py:538} INFO - Filling up the DagBag from /home/airflow/.local/lib/python3.7/site-packages/airflow/example_dags/example_trigger_controller_dag.py
[2024-09-09T01:41:58.330+0000] {processor.py:753} INFO - DAG(s) dict_keys(['example_trigger_controller_dag']) retrieved from /home/airflow/.local/lib/python3.7/site-packages/airflow/example_dags/example_trigger_controller_dag.py
[2024-09-09T01:41:58.360+0000] {logging_mixin.py:137} INFO - [2024-09-09T01:41:58.360+0000] {dag.py:2676} INFO - Sync 1 DAGs
[2024-09-09T01:41:58.383+0000] {logging_mixin.py:137} INFO - [2024-09-09T01:41:58.383+0000] {dag.py:3427} INFO - Setting next_dagrun for example_trigger_controller_dag to 2021-01-01T00:00:00+00:00, run_after=2021-01-01T00:00:00+00:00
[2024-09-09T01:41:58.401+0000] {processor.py:175} INFO - Processing /home/airflow/.local/lib/python3.7/site-packages/airflow/example_dags/example_trigger_controller_dag.py took 0.083 seconds
[2024-09-09T01:42:28.798+0000] {processor.py:153} INFO - Started process (PID=842) to work on /home/airflow/.local/lib/python3.7/site-packages/airflow/example_dags/example_trigger_controller_dag.py
[2024-09-09T01:42:28.799+0000] {processor.py:743} INFO - Processing file /home/airflow/.local/lib/python3.7/site-packages/airflow/example_dags/example_trigger_controller_dag.py for tasks to queue
[2024-09-09T01:42:28.800+0000] {logging_mixin.py:137} INFO - [2024-09-09T01:42:28.800+0000] {dagbag.py:538} INFO - Filling up the DagBag from /home/airflow/.local/lib/python3.7/site-packages/airflow/example_dags/example_trigger_controller_dag.py
[2024-09-09T01:42:28.808+0000] {processor.py:753} INFO - DAG(s) dict_keys(['example_trigger_controller_dag']) retrieved from /home/airflow/.local/lib/python3.7/site-packages/airflow/example_dags/example_trigger_controller_dag.py
[2024-09-09T01:42:28.839+0000] {logging_mixin.py:137} INFO - [2024-09-09T01:42:28.839+0000] {dag.py:2676} INFO - Sync 1 DAGs
[2024-09-09T01:42:28.859+0000] {logging_mixin.py:137} INFO - [2024-09-09T01:42:28.859+0000] {dag.py:3427} INFO - Setting next_dagrun for example_trigger_controller_dag to 2021-01-01T00:00:00+00:00, run_after=2021-01-01T00:00:00+00:00
[2024-09-09T01:42:28.878+0000] {processor.py:175} INFO - Processing /home/airflow/.local/lib/python3.7/site-packages/airflow/example_dags/example_trigger_controller_dag.py took 0.082 seconds
[2024-09-09T01:42:59.115+0000] {processor.py:153} INFO - Started process (PID=966) to work on /home/airflow/.local/lib/python3.7/site-packages/airflow/example_dags/example_trigger_controller_dag.py
[2024-09-09T01:42:59.116+0000] {processor.py:743} INFO - Processing file /home/airflow/.local/lib/python3.7/site-packages/airflow/example_dags/example_trigger_controller_dag.py for tasks to queue
[2024-09-09T01:42:59.117+0000] {logging_mixin.py:137} INFO - [2024-09-09T01:42:59.117+0000] {dagbag.py:538} INFO - Filling up the DagBag from /home/airflow/.local/lib/python3.7/site-packages/airflow/example_dags/example_trigger_controller_dag.py
[2024-09-09T01:42:59.127+0000] {processor.py:753} INFO - DAG(s) dict_keys(['example_trigger_controller_dag']) retrieved from /home/airflow/.local/lib/python3.7/site-packages/airflow/example_dags/example_trigger_controller_dag.py
[2024-09-09T01:42:59.160+0000] {logging_mixin.py:137} INFO - [2024-09-09T01:42:59.160+0000] {dag.py:2676} INFO - Sync 1 DAGs
[2024-09-09T01:42:59.184+0000] {logging_mixin.py:137} INFO - [2024-09-09T01:42:59.183+0000] {dag.py:3427} INFO - Setting next_dagrun for example_trigger_controller_dag to 2021-01-01T00:00:00+00:00, run_after=2021-01-01T00:00:00+00:00
[2024-09-09T01:42:59.209+0000] {processor.py:175} INFO - Processing /home/airflow/.local/lib/python3.7/site-packages/airflow/example_dags/example_trigger_controller_dag.py took 0.097 seconds
[2024-09-09T01:43:29.754+0000] {processor.py:153} INFO - Started process (PID=1062) to work on /home/airflow/.local/lib/python3.7/site-packages/airflow/example_dags/example_trigger_controller_dag.py
[2024-09-09T01:43:29.755+0000] {processor.py:743} INFO - Processing file /home/airflow/.local/lib/python3.7/site-packages/airflow/example_dags/example_trigger_controller_dag.py for tasks to queue
[2024-09-09T01:43:29.755+0000] {logging_mixin.py:137} INFO - [2024-09-09T01:43:29.755+0000] {dagbag.py:538} INFO - Filling up the DagBag from /home/airflow/.local/lib/python3.7/site-packages/airflow/example_dags/example_trigger_controller_dag.py
[2024-09-09T01:43:29.763+0000] {processor.py:753} INFO - DAG(s) dict_keys(['example_trigger_controller_dag']) retrieved from /home/airflow/.local/lib/python3.7/site-packages/airflow/example_dags/example_trigger_controller_dag.py
[2024-09-09T01:43:29.791+0000] {logging_mixin.py:137} INFO - [2024-09-09T01:43:29.791+0000] {dag.py:2676} INFO - Sync 1 DAGs
[2024-09-09T01:43:29.809+0000] {logging_mixin.py:137} INFO - [2024-09-09T01:43:29.809+0000] {dag.py:3427} INFO - Setting next_dagrun for example_trigger_controller_dag to 2021-01-01T00:00:00+00:00, run_after=2021-01-01T00:00:00+00:00
[2024-09-09T01:43:29.827+0000] {processor.py:175} INFO - Processing /home/airflow/.local/lib/python3.7/site-packages/airflow/example_dags/example_trigger_controller_dag.py took 0.075 seconds
