[2024-09-09T01:38:55.184+0000] {processor.py:153} INFO - Started process (PID=68) to work on /home/airflow/.local/lib/python3.7/site-packages/airflow/example_dags/example_xcom.py
[2024-09-09T01:38:55.185+0000] {processor.py:743} INFO - Processing file /home/airflow/.local/lib/python3.7/site-packages/airflow/example_dags/example_xcom.py for tasks to queue
[2024-09-09T01:38:55.186+0000] {logging_mixin.py:137} INFO - [2024-09-09T01:38:55.186+0000] {dagbag.py:538} INFO - Filling up the DagBag from /home/airflow/.local/lib/python3.7/site-packages/airflow/example_dags/example_xcom.py
[2024-09-09T01:38:55.220+0000] {processor.py:753} INFO - DAG(s) dict_keys(['example_xcom']) retrieved from /home/airflow/.local/lib/python3.7/site-packages/airflow/example_dags/example_xcom.py
[2024-09-09T01:38:55.343+0000] {logging_mixin.py:137} INFO - [2024-09-09T01:38:55.343+0000] {dag.py:2676} INFO - Sync 1 DAGs
[2024-09-09T01:38:55.489+0000] {logging_mixin.py:137} INFO - [2024-09-09T01:38:55.489+0000] {dag.py:3427} INFO - Setting next_dagrun for example_xcom to 2021-01-01T00:00:00+00:00, run_after=2021-01-01T00:00:00+00:00
[2024-09-09T01:38:55.544+0000] {processor.py:175} INFO - Processing /home/airflow/.local/lib/python3.7/site-packages/airflow/example_dags/example_xcom.py took 0.365 seconds
[2024-09-09T01:39:26.110+0000] {processor.py:153} INFO - Started process (PID=183) to work on /home/airflow/.local/lib/python3.7/site-packages/airflow/example_dags/example_xcom.py
[2024-09-09T01:39:26.111+0000] {processor.py:743} INFO - Processing file /home/airflow/.local/lib/python3.7/site-packages/airflow/example_dags/example_xcom.py for tasks to queue
[2024-09-09T01:39:26.111+0000] {logging_mixin.py:137} INFO - [2024-09-09T01:39:26.111+0000] {dagbag.py:538} INFO - Filling up the DagBag from /home/airflow/.local/lib/python3.7/site-packages/airflow/example_dags/example_xcom.py
[2024-09-09T01:39:26.132+0000] {processor.py:753} INFO - DAG(s) dict_keys(['example_xcom']) retrieved from /home/airflow/.local/lib/python3.7/site-packages/airflow/example_dags/example_xcom.py
[2024-09-09T01:39:26.165+0000] {logging_mixin.py:137} INFO - [2024-09-09T01:39:26.165+0000] {dag.py:2676} INFO - Sync 1 DAGs
[2024-09-09T01:39:26.187+0000] {logging_mixin.py:137} INFO - [2024-09-09T01:39:26.186+0000] {dag.py:3427} INFO - Setting next_dagrun for example_xcom to 2021-01-01T00:00:00+00:00, run_after=2021-01-01T00:00:00+00:00
[2024-09-09T01:39:26.206+0000] {processor.py:175} INFO - Processing /home/airflow/.local/lib/python3.7/site-packages/airflow/example_dags/example_xcom.py took 0.098 seconds
[2024-09-09T01:39:56.432+0000] {processor.py:153} INFO - Started process (PID=277) to work on /home/airflow/.local/lib/python3.7/site-packages/airflow/example_dags/example_xcom.py
[2024-09-09T01:39:56.433+0000] {processor.py:743} INFO - Processing file /home/airflow/.local/lib/python3.7/site-packages/airflow/example_dags/example_xcom.py for tasks to queue
[2024-09-09T01:39:56.433+0000] {logging_mixin.py:137} INFO - [2024-09-09T01:39:56.433+0000] {dagbag.py:538} INFO - Filling up the DagBag from /home/airflow/.local/lib/python3.7/site-packages/airflow/example_dags/example_xcom.py
[2024-09-09T01:39:56.450+0000] {processor.py:753} INFO - DAG(s) dict_keys(['example_xcom']) retrieved from /home/airflow/.local/lib/python3.7/site-packages/airflow/example_dags/example_xcom.py
[2024-09-09T01:39:56.476+0000] {logging_mixin.py:137} INFO - [2024-09-09T01:39:56.476+0000] {dag.py:2676} INFO - Sync 1 DAGs
[2024-09-09T01:39:56.494+0000] {logging_mixin.py:137} INFO - [2024-09-09T01:39:56.494+0000] {dag.py:3427} INFO - Setting next_dagrun for example_xcom to 2021-01-01T00:00:00+00:00, run_after=2021-01-01T00:00:00+00:00
[2024-09-09T01:39:56.515+0000] {processor.py:175} INFO - Processing /home/airflow/.local/lib/python3.7/site-packages/airflow/example_dags/example_xcom.py took 0.085 seconds
[2024-09-09T01:40:27.326+0000] {processor.py:153} INFO - Started process (PID=403) to work on /home/airflow/.local/lib/python3.7/site-packages/airflow/example_dags/example_xcom.py
[2024-09-09T01:40:27.327+0000] {processor.py:743} INFO - Processing file /home/airflow/.local/lib/python3.7/site-packages/airflow/example_dags/example_xcom.py for tasks to queue
[2024-09-09T01:40:27.328+0000] {logging_mixin.py:137} INFO - [2024-09-09T01:40:27.328+0000] {dagbag.py:538} INFO - Filling up the DagBag from /home/airflow/.local/lib/python3.7/site-packages/airflow/example_dags/example_xcom.py
[2024-09-09T01:40:27.345+0000] {processor.py:753} INFO - DAG(s) dict_keys(['example_xcom']) retrieved from /home/airflow/.local/lib/python3.7/site-packages/airflow/example_dags/example_xcom.py
[2024-09-09T01:40:27.373+0000] {logging_mixin.py:137} INFO - [2024-09-09T01:40:27.373+0000] {dag.py:2676} INFO - Sync 1 DAGs
[2024-09-09T01:40:27.391+0000] {logging_mixin.py:137} INFO - [2024-09-09T01:40:27.391+0000] {dag.py:3427} INFO - Setting next_dagrun for example_xcom to 2021-01-01T00:00:00+00:00, run_after=2021-01-01T00:00:00+00:00
[2024-09-09T01:40:27.410+0000] {processor.py:175} INFO - Processing /home/airflow/.local/lib/python3.7/site-packages/airflow/example_dags/example_xcom.py took 0.086 seconds
[2024-09-09T01:40:57.453+0000] {processor.py:153} INFO - Started process (PID=497) to work on /home/airflow/.local/lib/python3.7/site-packages/airflow/example_dags/example_xcom.py
[2024-09-09T01:40:57.454+0000] {processor.py:743} INFO - Processing file /home/airflow/.local/lib/python3.7/site-packages/airflow/example_dags/example_xcom.py for tasks to queue
[2024-09-09T01:40:57.454+0000] {logging_mixin.py:137} INFO - [2024-09-09T01:40:57.454+0000] {dagbag.py:538} INFO - Filling up the DagBag from /home/airflow/.local/lib/python3.7/site-packages/airflow/example_dags/example_xcom.py
[2024-09-09T01:40:57.471+0000] {processor.py:753} INFO - DAG(s) dict_keys(['example_xcom']) retrieved from /home/airflow/.local/lib/python3.7/site-packages/airflow/example_dags/example_xcom.py
[2024-09-09T01:40:57.498+0000] {logging_mixin.py:137} INFO - [2024-09-09T01:40:57.498+0000] {dag.py:2676} INFO - Sync 1 DAGs
[2024-09-09T01:40:57.516+0000] {logging_mixin.py:137} INFO - [2024-09-09T01:40:57.516+0000] {dag.py:3427} INFO - Setting next_dagrun for example_xcom to 2021-01-01T00:00:00+00:00, run_after=2021-01-01T00:00:00+00:00
[2024-09-09T01:40:57.532+0000] {processor.py:175} INFO - Processing /home/airflow/.local/lib/python3.7/site-packages/airflow/example_dags/example_xcom.py took 0.081 seconds
[2024-09-09T01:41:27.657+0000] {processor.py:153} INFO - Started process (PID=621) to work on /home/airflow/.local/lib/python3.7/site-packages/airflow/example_dags/example_xcom.py
[2024-09-09T01:41:27.658+0000] {processor.py:743} INFO - Processing file /home/airflow/.local/lib/python3.7/site-packages/airflow/example_dags/example_xcom.py for tasks to queue
[2024-09-09T01:41:27.658+0000] {logging_mixin.py:137} INFO - [2024-09-09T01:41:27.658+0000] {dagbag.py:538} INFO - Filling up the DagBag from /home/airflow/.local/lib/python3.7/site-packages/airflow/example_dags/example_xcom.py
[2024-09-09T01:41:27.681+0000] {processor.py:753} INFO - DAG(s) dict_keys(['example_xcom']) retrieved from /home/airflow/.local/lib/python3.7/site-packages/airflow/example_dags/example_xcom.py
[2024-09-09T01:41:27.715+0000] {logging_mixin.py:137} INFO - [2024-09-09T01:41:27.715+0000] {dag.py:2676} INFO - Sync 1 DAGs
[2024-09-09T01:41:27.740+0000] {logging_mixin.py:137} INFO - [2024-09-09T01:41:27.739+0000] {dag.py:3427} INFO - Setting next_dagrun for example_xcom to 2021-01-01T00:00:00+00:00, run_after=2021-01-01T00:00:00+00:00
[2024-09-09T01:41:27.764+0000] {processor.py:175} INFO - Processing /home/airflow/.local/lib/python3.7/site-packages/airflow/example_dags/example_xcom.py took 0.110 seconds
[2024-09-09T01:41:58.309+0000] {processor.py:153} INFO - Started process (PID=724) to work on /home/airflow/.local/lib/python3.7/site-packages/airflow/example_dags/example_xcom.py
[2024-09-09T01:41:58.310+0000] {processor.py:743} INFO - Processing file /home/airflow/.local/lib/python3.7/site-packages/airflow/example_dags/example_xcom.py for tasks to queue
[2024-09-09T01:41:58.310+0000] {logging_mixin.py:137} INFO - [2024-09-09T01:41:58.310+0000] {dagbag.py:538} INFO - Filling up the DagBag from /home/airflow/.local/lib/python3.7/site-packages/airflow/example_dags/example_xcom.py
[2024-09-09T01:41:58.329+0000] {processor.py:753} INFO - DAG(s) dict_keys(['example_xcom']) retrieved from /home/airflow/.local/lib/python3.7/site-packages/airflow/example_dags/example_xcom.py
[2024-09-09T01:41:58.360+0000] {logging_mixin.py:137} INFO - [2024-09-09T01:41:58.360+0000] {dag.py:2676} INFO - Sync 1 DAGs
[2024-09-09T01:41:58.381+0000] {logging_mixin.py:137} INFO - [2024-09-09T01:41:58.380+0000] {dag.py:3427} INFO - Setting next_dagrun for example_xcom to 2021-01-01T00:00:00+00:00, run_after=2021-01-01T00:00:00+00:00
[2024-09-09T01:41:58.399+0000] {processor.py:175} INFO - Processing /home/airflow/.local/lib/python3.7/site-packages/airflow/example_dags/example_xcom.py took 0.093 seconds
[2024-09-09T01:42:28.795+0000] {processor.py:153} INFO - Started process (PID=841) to work on /home/airflow/.local/lib/python3.7/site-packages/airflow/example_dags/example_xcom.py
[2024-09-09T01:42:28.796+0000] {processor.py:743} INFO - Processing file /home/airflow/.local/lib/python3.7/site-packages/airflow/example_dags/example_xcom.py for tasks to queue
[2024-09-09T01:42:28.797+0000] {logging_mixin.py:137} INFO - [2024-09-09T01:42:28.797+0000] {dagbag.py:538} INFO - Filling up the DagBag from /home/airflow/.local/lib/python3.7/site-packages/airflow/example_dags/example_xcom.py
[2024-09-09T01:42:28.814+0000] {processor.py:753} INFO - DAG(s) dict_keys(['example_xcom']) retrieved from /home/airflow/.local/lib/python3.7/site-packages/airflow/example_dags/example_xcom.py
[2024-09-09T01:42:28.846+0000] {logging_mixin.py:137} INFO - [2024-09-09T01:42:28.846+0000] {dag.py:2676} INFO - Sync 1 DAGs
[2024-09-09T01:42:28.866+0000] {logging_mixin.py:137} INFO - [2024-09-09T01:42:28.866+0000] {dag.py:3427} INFO - Setting next_dagrun for example_xcom to 2021-01-01T00:00:00+00:00, run_after=2021-01-01T00:00:00+00:00
[2024-09-09T01:42:28.886+0000] {processor.py:175} INFO - Processing /home/airflow/.local/lib/python3.7/site-packages/airflow/example_dags/example_xcom.py took 0.093 seconds
[2024-09-09T01:42:59.100+0000] {processor.py:153} INFO - Started process (PID=965) to work on /home/airflow/.local/lib/python3.7/site-packages/airflow/example_dags/example_xcom.py
[2024-09-09T01:42:59.101+0000] {processor.py:743} INFO - Processing file /home/airflow/.local/lib/python3.7/site-packages/airflow/example_dags/example_xcom.py for tasks to queue
[2024-09-09T01:42:59.101+0000] {logging_mixin.py:137} INFO - [2024-09-09T01:42:59.101+0000] {dagbag.py:538} INFO - Filling up the DagBag from /home/airflow/.local/lib/python3.7/site-packages/airflow/example_dags/example_xcom.py
[2024-09-09T01:42:59.122+0000] {processor.py:753} INFO - DAG(s) dict_keys(['example_xcom']) retrieved from /home/airflow/.local/lib/python3.7/site-packages/airflow/example_dags/example_xcom.py
[2024-09-09T01:42:59.161+0000] {logging_mixin.py:137} INFO - [2024-09-09T01:42:59.161+0000] {dag.py:2676} INFO - Sync 1 DAGs
[2024-09-09T01:42:59.183+0000] {logging_mixin.py:137} INFO - [2024-09-09T01:42:59.183+0000] {dag.py:3427} INFO - Setting next_dagrun for example_xcom to 2021-01-01T00:00:00+00:00, run_after=2021-01-01T00:00:00+00:00
[2024-09-09T01:42:59.211+0000] {processor.py:175} INFO - Processing /home/airflow/.local/lib/python3.7/site-packages/airflow/example_dags/example_xcom.py took 0.115 seconds
[2024-09-09T01:43:29.751+0000] {processor.py:153} INFO - Started process (PID=1061) to work on /home/airflow/.local/lib/python3.7/site-packages/airflow/example_dags/example_xcom.py
[2024-09-09T01:43:29.752+0000] {processor.py:743} INFO - Processing file /home/airflow/.local/lib/python3.7/site-packages/airflow/example_dags/example_xcom.py for tasks to queue
[2024-09-09T01:43:29.752+0000] {logging_mixin.py:137} INFO - [2024-09-09T01:43:29.752+0000] {dagbag.py:538} INFO - Filling up the DagBag from /home/airflow/.local/lib/python3.7/site-packages/airflow/example_dags/example_xcom.py
[2024-09-09T01:43:29.769+0000] {processor.py:753} INFO - DAG(s) dict_keys(['example_xcom']) retrieved from /home/airflow/.local/lib/python3.7/site-packages/airflow/example_dags/example_xcom.py
[2024-09-09T01:43:29.795+0000] {logging_mixin.py:137} INFO - [2024-09-09T01:43:29.795+0000] {dag.py:2676} INFO - Sync 1 DAGs
[2024-09-09T01:43:29.813+0000] {logging_mixin.py:137} INFO - [2024-09-09T01:43:29.813+0000] {dag.py:3427} INFO - Setting next_dagrun for example_xcom to 2021-01-01T00:00:00+00:00, run_after=2021-01-01T00:00:00+00:00
[2024-09-09T01:43:29.829+0000] {processor.py:175} INFO - Processing /home/airflow/.local/lib/python3.7/site-packages/airflow/example_dags/example_xcom.py took 0.080 seconds
[2024-09-09T01:44:00.603+0000] {processor.py:153} INFO - Started process (PID=1185) to work on /home/airflow/.local/lib/python3.7/site-packages/airflow/example_dags/example_xcom.py
[2024-09-09T01:44:00.604+0000] {processor.py:743} INFO - Processing file /home/airflow/.local/lib/python3.7/site-packages/airflow/example_dags/example_xcom.py for tasks to queue
[2024-09-09T01:44:00.604+0000] {logging_mixin.py:137} INFO - [2024-09-09T01:44:00.604+0000] {dagbag.py:538} INFO - Filling up the DagBag from /home/airflow/.local/lib/python3.7/site-packages/airflow/example_dags/example_xcom.py
[2024-09-09T01:44:00.624+0000] {processor.py:753} INFO - DAG(s) dict_keys(['example_xcom']) retrieved from /home/airflow/.local/lib/python3.7/site-packages/airflow/example_dags/example_xcom.py
[2024-09-09T01:44:00.658+0000] {logging_mixin.py:137} INFO - [2024-09-09T01:44:00.658+0000] {dag.py:2676} INFO - Sync 1 DAGs
[2024-09-09T01:44:00.686+0000] {logging_mixin.py:137} INFO - [2024-09-09T01:44:00.686+0000] {dag.py:3427} INFO - Setting next_dagrun for example_xcom to 2021-01-01T00:00:00+00:00, run_after=2021-01-01T00:00:00+00:00
[2024-09-09T01:44:00.708+0000] {processor.py:175} INFO - Processing /home/airflow/.local/lib/python3.7/site-packages/airflow/example_dags/example_xcom.py took 0.107 seconds
