[2024-09-09T01:38:56.553+0000] {processor.py:153} INFO - Started process (PID=92) to work on /home/airflow/.local/lib/python3.7/site-packages/airflow/example_dags/example_branch_operator.py
[2024-09-09T01:38:56.554+0000] {processor.py:743} INFO - Processing file /home/airflow/.local/lib/python3.7/site-packages/airflow/example_dags/example_branch_operator.py for tasks to queue
[2024-09-09T01:38:56.554+0000] {logging_mixin.py:137} INFO - [2024-09-09T01:38:56.554+0000] {dagbag.py:538} INFO - Filling up the DagBag from /home/airflow/.local/lib/python3.7/site-packages/airflow/example_dags/example_branch_operator.py
[2024-09-09T01:38:56.680+0000] {processor.py:753} INFO - DAG(s) dict_keys(['example_branch_operator']) retrieved from /home/airflow/.local/lib/python3.7/site-packages/airflow/example_dags/example_branch_operator.py
[2024-09-09T01:38:56.754+0000] {logging_mixin.py:137} INFO - [2024-09-09T01:38:56.753+0000] {dag.py:2676} INFO - Sync 1 DAGs
[2024-09-09T01:38:56.867+0000] {logging_mixin.py:137} INFO - [2024-09-09T01:38:56.867+0000] {dag.py:3427} INFO - Setting next_dagrun for example_branch_operator to 2024-09-08T00:00:00+00:00, run_after=2024-09-09T00:00:00+00:00
[2024-09-09T01:38:56.930+0000] {processor.py:175} INFO - Processing /home/airflow/.local/lib/python3.7/site-packages/airflow/example_dags/example_branch_operator.py took 0.392 seconds
[2024-09-09T01:39:27.580+0000] {processor.py:153} INFO - Started process (PID=188) to work on /home/airflow/.local/lib/python3.7/site-packages/airflow/example_dags/example_branch_operator.py
[2024-09-09T01:39:27.581+0000] {processor.py:743} INFO - Processing file /home/airflow/.local/lib/python3.7/site-packages/airflow/example_dags/example_branch_operator.py for tasks to queue
[2024-09-09T01:39:27.582+0000] {logging_mixin.py:137} INFO - [2024-09-09T01:39:27.582+0000] {dagbag.py:538} INFO - Filling up the DagBag from /home/airflow/.local/lib/python3.7/site-packages/airflow/example_dags/example_branch_operator.py
[2024-09-09T01:39:27.598+0000] {processor.py:753} INFO - DAG(s) dict_keys(['example_branch_operator']) retrieved from /home/airflow/.local/lib/python3.7/site-packages/airflow/example_dags/example_branch_operator.py
[2024-09-09T01:39:27.625+0000] {logging_mixin.py:137} INFO - [2024-09-09T01:39:27.625+0000] {dag.py:2676} INFO - Sync 1 DAGs
[2024-09-09T01:39:27.645+0000] {logging_mixin.py:137} INFO - [2024-09-09T01:39:27.645+0000] {dag.py:3427} INFO - Setting next_dagrun for example_branch_operator to 2024-09-08T00:00:00+00:00, run_after=2024-09-09T00:00:00+00:00
[2024-09-09T01:39:27.660+0000] {processor.py:175} INFO - Processing /home/airflow/.local/lib/python3.7/site-packages/airflow/example_dags/example_branch_operator.py took 0.083 seconds
[2024-09-09T01:39:58.075+0000] {processor.py:153} INFO - Started process (PID=284) to work on /home/airflow/.local/lib/python3.7/site-packages/airflow/example_dags/example_branch_operator.py
[2024-09-09T01:39:58.076+0000] {processor.py:743} INFO - Processing file /home/airflow/.local/lib/python3.7/site-packages/airflow/example_dags/example_branch_operator.py for tasks to queue
[2024-09-09T01:39:58.076+0000] {logging_mixin.py:137} INFO - [2024-09-09T01:39:58.076+0000] {dagbag.py:538} INFO - Filling up the DagBag from /home/airflow/.local/lib/python3.7/site-packages/airflow/example_dags/example_branch_operator.py
[2024-09-09T01:39:58.089+0000] {processor.py:753} INFO - DAG(s) dict_keys(['example_branch_operator']) retrieved from /home/airflow/.local/lib/python3.7/site-packages/airflow/example_dags/example_branch_operator.py
[2024-09-09T01:39:58.119+0000] {logging_mixin.py:137} INFO - [2024-09-09T01:39:58.119+0000] {dag.py:2676} INFO - Sync 1 DAGs
[2024-09-09T01:39:58.139+0000] {logging_mixin.py:137} INFO - [2024-09-09T01:39:58.139+0000] {dag.py:3427} INFO - Setting next_dagrun for example_branch_operator to 2024-09-08T00:00:00+00:00, run_after=2024-09-09T00:00:00+00:00
[2024-09-09T01:39:58.156+0000] {processor.py:175} INFO - Processing /home/airflow/.local/lib/python3.7/site-packages/airflow/example_dags/example_branch_operator.py took 0.084 seconds
[2024-09-09T01:40:28.636+0000] {processor.py:153} INFO - Started process (PID=408) to work on /home/airflow/.local/lib/python3.7/site-packages/airflow/example_dags/example_branch_operator.py
[2024-09-09T01:40:28.638+0000] {processor.py:743} INFO - Processing file /home/airflow/.local/lib/python3.7/site-packages/airflow/example_dags/example_branch_operator.py for tasks to queue
[2024-09-09T01:40:28.638+0000] {logging_mixin.py:137} INFO - [2024-09-09T01:40:28.638+0000] {dagbag.py:538} INFO - Filling up the DagBag from /home/airflow/.local/lib/python3.7/site-packages/airflow/example_dags/example_branch_operator.py
[2024-09-09T01:40:28.650+0000] {processor.py:753} INFO - DAG(s) dict_keys(['example_branch_operator']) retrieved from /home/airflow/.local/lib/python3.7/site-packages/airflow/example_dags/example_branch_operator.py
[2024-09-09T01:40:28.678+0000] {logging_mixin.py:137} INFO - [2024-09-09T01:40:28.678+0000] {dag.py:2676} INFO - Sync 1 DAGs
[2024-09-09T01:40:28.696+0000] {logging_mixin.py:137} INFO - [2024-09-09T01:40:28.696+0000] {dag.py:3427} INFO - Setting next_dagrun for example_branch_operator to 2024-09-08T00:00:00+00:00, run_after=2024-09-09T00:00:00+00:00
[2024-09-09T01:40:28.715+0000] {processor.py:175} INFO - Processing /home/airflow/.local/lib/python3.7/site-packages/airflow/example_dags/example_branch_operator.py took 0.081 seconds
[2024-09-09T01:40:58.833+0000] {processor.py:153} INFO - Started process (PID=513) to work on /home/airflow/.local/lib/python3.7/site-packages/airflow/example_dags/example_branch_operator.py
[2024-09-09T01:40:58.835+0000] {processor.py:743} INFO - Processing file /home/airflow/.local/lib/python3.7/site-packages/airflow/example_dags/example_branch_operator.py for tasks to queue
[2024-09-09T01:40:58.836+0000] {logging_mixin.py:137} INFO - [2024-09-09T01:40:58.835+0000] {dagbag.py:538} INFO - Filling up the DagBag from /home/airflow/.local/lib/python3.7/site-packages/airflow/example_dags/example_branch_operator.py
[2024-09-09T01:40:58.850+0000] {processor.py:753} INFO - DAG(s) dict_keys(['example_branch_operator']) retrieved from /home/airflow/.local/lib/python3.7/site-packages/airflow/example_dags/example_branch_operator.py
[2024-09-09T01:40:58.881+0000] {logging_mixin.py:137} INFO - [2024-09-09T01:40:58.881+0000] {dag.py:2676} INFO - Sync 1 DAGs
[2024-09-09T01:40:58.903+0000] {logging_mixin.py:137} INFO - [2024-09-09T01:40:58.902+0000] {dag.py:3427} INFO - Setting next_dagrun for example_branch_operator to 2024-09-08T00:00:00+00:00, run_after=2024-09-09T00:00:00+00:00
[2024-09-09T01:40:58.923+0000] {processor.py:175} INFO - Processing /home/airflow/.local/lib/python3.7/site-packages/airflow/example_dags/example_branch_operator.py took 0.092 seconds
[2024-09-09T01:41:29.133+0000] {processor.py:153} INFO - Started process (PID=628) to work on /home/airflow/.local/lib/python3.7/site-packages/airflow/example_dags/example_branch_operator.py
[2024-09-09T01:41:29.134+0000] {processor.py:743} INFO - Processing file /home/airflow/.local/lib/python3.7/site-packages/airflow/example_dags/example_branch_operator.py for tasks to queue
[2024-09-09T01:41:29.134+0000] {logging_mixin.py:137} INFO - [2024-09-09T01:41:29.134+0000] {dagbag.py:538} INFO - Filling up the DagBag from /home/airflow/.local/lib/python3.7/site-packages/airflow/example_dags/example_branch_operator.py
[2024-09-09T01:41:29.148+0000] {processor.py:753} INFO - DAG(s) dict_keys(['example_branch_operator']) retrieved from /home/airflow/.local/lib/python3.7/site-packages/airflow/example_dags/example_branch_operator.py
[2024-09-09T01:41:29.178+0000] {logging_mixin.py:137} INFO - [2024-09-09T01:41:29.178+0000] {dag.py:2676} INFO - Sync 1 DAGs
[2024-09-09T01:41:29.199+0000] {logging_mixin.py:137} INFO - [2024-09-09T01:41:29.199+0000] {dag.py:3427} INFO - Setting next_dagrun for example_branch_operator to 2024-09-08T00:00:00+00:00, run_after=2024-09-09T00:00:00+00:00
[2024-09-09T01:41:29.217+0000] {processor.py:175} INFO - Processing /home/airflow/.local/lib/python3.7/site-packages/airflow/example_dags/example_branch_operator.py took 0.087 seconds
[2024-09-09T01:41:59.722+0000] {processor.py:153} INFO - Started process (PID=752) to work on /home/airflow/.local/lib/python3.7/site-packages/airflow/example_dags/example_branch_operator.py
[2024-09-09T01:41:59.723+0000] {processor.py:743} INFO - Processing file /home/airflow/.local/lib/python3.7/site-packages/airflow/example_dags/example_branch_operator.py for tasks to queue
[2024-09-09T01:41:59.724+0000] {logging_mixin.py:137} INFO - [2024-09-09T01:41:59.724+0000] {dagbag.py:538} INFO - Filling up the DagBag from /home/airflow/.local/lib/python3.7/site-packages/airflow/example_dags/example_branch_operator.py
[2024-09-09T01:41:59.743+0000] {processor.py:753} INFO - DAG(s) dict_keys(['example_branch_operator']) retrieved from /home/airflow/.local/lib/python3.7/site-packages/airflow/example_dags/example_branch_operator.py
[2024-09-09T01:41:59.785+0000] {logging_mixin.py:137} INFO - [2024-09-09T01:41:59.785+0000] {dag.py:2676} INFO - Sync 1 DAGs
[2024-09-09T01:41:59.812+0000] {logging_mixin.py:137} INFO - [2024-09-09T01:41:59.812+0000] {dag.py:3427} INFO - Setting next_dagrun for example_branch_operator to 2024-09-08T00:00:00+00:00, run_after=2024-09-09T00:00:00+00:00
[2024-09-09T01:41:59.838+0000] {processor.py:175} INFO - Processing /home/airflow/.local/lib/python3.7/site-packages/airflow/example_dags/example_branch_operator.py took 0.119 seconds
[2024-09-09T01:42:30.024+0000] {processor.py:153} INFO - Started process (PID=846) to work on /home/airflow/.local/lib/python3.7/site-packages/airflow/example_dags/example_branch_operator.py
[2024-09-09T01:42:30.025+0000] {processor.py:743} INFO - Processing file /home/airflow/.local/lib/python3.7/site-packages/airflow/example_dags/example_branch_operator.py for tasks to queue
[2024-09-09T01:42:30.026+0000] {logging_mixin.py:137} INFO - [2024-09-09T01:42:30.025+0000] {dagbag.py:538} INFO - Filling up the DagBag from /home/airflow/.local/lib/python3.7/site-packages/airflow/example_dags/example_branch_operator.py
[2024-09-09T01:42:30.041+0000] {processor.py:753} INFO - DAG(s) dict_keys(['example_branch_operator']) retrieved from /home/airflow/.local/lib/python3.7/site-packages/airflow/example_dags/example_branch_operator.py
[2024-09-09T01:42:30.072+0000] {logging_mixin.py:137} INFO - [2024-09-09T01:42:30.072+0000] {dag.py:2676} INFO - Sync 1 DAGs
[2024-09-09T01:42:30.094+0000] {logging_mixin.py:137} INFO - [2024-09-09T01:42:30.094+0000] {dag.py:3427} INFO - Setting next_dagrun for example_branch_operator to 2024-09-08T00:00:00+00:00, run_after=2024-09-09T00:00:00+00:00
[2024-09-09T01:42:30.114+0000] {processor.py:175} INFO - Processing /home/airflow/.local/lib/python3.7/site-packages/airflow/example_dags/example_branch_operator.py took 0.092 seconds
[2024-09-09T01:43:00.336+0000] {processor.py:153} INFO - Started process (PID=970) to work on /home/airflow/.local/lib/python3.7/site-packages/airflow/example_dags/example_branch_operator.py
[2024-09-09T01:43:00.337+0000] {processor.py:743} INFO - Processing file /home/airflow/.local/lib/python3.7/site-packages/airflow/example_dags/example_branch_operator.py for tasks to queue
[2024-09-09T01:43:00.338+0000] {logging_mixin.py:137} INFO - [2024-09-09T01:43:00.338+0000] {dagbag.py:538} INFO - Filling up the DagBag from /home/airflow/.local/lib/python3.7/site-packages/airflow/example_dags/example_branch_operator.py
[2024-09-09T01:43:00.351+0000] {processor.py:753} INFO - DAG(s) dict_keys(['example_branch_operator']) retrieved from /home/airflow/.local/lib/python3.7/site-packages/airflow/example_dags/example_branch_operator.py
[2024-09-09T01:43:00.382+0000] {logging_mixin.py:137} INFO - [2024-09-09T01:43:00.382+0000] {dag.py:2676} INFO - Sync 1 DAGs
[2024-09-09T01:43:00.405+0000] {logging_mixin.py:137} INFO - [2024-09-09T01:43:00.404+0000] {dag.py:3427} INFO - Setting next_dagrun for example_branch_operator to 2024-09-08T00:00:00+00:00, run_after=2024-09-09T00:00:00+00:00
[2024-09-09T01:43:00.427+0000] {processor.py:175} INFO - Processing /home/airflow/.local/lib/python3.7/site-packages/airflow/example_dags/example_branch_operator.py took 0.093 seconds
[2024-09-09T01:43:30.961+0000] {processor.py:153} INFO - Started process (PID=1066) to work on /home/airflow/.local/lib/python3.7/site-packages/airflow/example_dags/example_branch_operator.py
[2024-09-09T01:43:30.962+0000] {processor.py:743} INFO - Processing file /home/airflow/.local/lib/python3.7/site-packages/airflow/example_dags/example_branch_operator.py for tasks to queue
[2024-09-09T01:43:30.962+0000] {logging_mixin.py:137} INFO - [2024-09-09T01:43:30.962+0000] {dagbag.py:538} INFO - Filling up the DagBag from /home/airflow/.local/lib/python3.7/site-packages/airflow/example_dags/example_branch_operator.py
[2024-09-09T01:43:30.976+0000] {processor.py:753} INFO - DAG(s) dict_keys(['example_branch_operator']) retrieved from /home/airflow/.local/lib/python3.7/site-packages/airflow/example_dags/example_branch_operator.py
[2024-09-09T01:43:31.012+0000] {logging_mixin.py:137} INFO - [2024-09-09T01:43:31.012+0000] {dag.py:2676} INFO - Sync 1 DAGs
[2024-09-09T01:43:31.049+0000] {logging_mixin.py:137} INFO - [2024-09-09T01:43:31.049+0000] {dag.py:3427} INFO - Setting next_dagrun for example_branch_operator to 2024-09-08T00:00:00+00:00, run_after=2024-09-09T00:00:00+00:00
[2024-09-09T01:43:31.073+0000] {processor.py:175} INFO - Processing /home/airflow/.local/lib/python3.7/site-packages/airflow/example_dags/example_branch_operator.py took 0.114 seconds
[2024-09-09T01:44:01.992+0000] {processor.py:153} INFO - Started process (PID=1192) to work on /home/airflow/.local/lib/python3.7/site-packages/airflow/example_dags/example_branch_operator.py
[2024-09-09T01:44:01.993+0000] {processor.py:743} INFO - Processing file /home/airflow/.local/lib/python3.7/site-packages/airflow/example_dags/example_branch_operator.py for tasks to queue
[2024-09-09T01:44:01.994+0000] {logging_mixin.py:137} INFO - [2024-09-09T01:44:01.994+0000] {dagbag.py:538} INFO - Filling up the DagBag from /home/airflow/.local/lib/python3.7/site-packages/airflow/example_dags/example_branch_operator.py
[2024-09-09T01:44:02.007+0000] {processor.py:753} INFO - DAG(s) dict_keys(['example_branch_operator']) retrieved from /home/airflow/.local/lib/python3.7/site-packages/airflow/example_dags/example_branch_operator.py
[2024-09-09T01:44:02.041+0000] {logging_mixin.py:137} INFO - [2024-09-09T01:44:02.041+0000] {dag.py:2676} INFO - Sync 1 DAGs
[2024-09-09T01:44:02.064+0000] {logging_mixin.py:137} INFO - [2024-09-09T01:44:02.063+0000] {dag.py:3427} INFO - Setting next_dagrun for example_branch_operator to 2024-09-08T00:00:00+00:00, run_after=2024-09-09T00:00:00+00:00
[2024-09-09T01:44:02.084+0000] {processor.py:175} INFO - Processing /home/airflow/.local/lib/python3.7/site-packages/airflow/example_dags/example_branch_operator.py took 0.094 seconds
[2024-09-09T01:44:32.135+0000] {processor.py:153} INFO - Started process (PID=1286) to work on /home/airflow/.local/lib/python3.7/site-packages/airflow/example_dags/example_branch_operator.py
[2024-09-09T01:44:32.136+0000] {processor.py:743} INFO - Processing file /home/airflow/.local/lib/python3.7/site-packages/airflow/example_dags/example_branch_operator.py for tasks to queue
[2024-09-09T01:44:32.137+0000] {logging_mixin.py:137} INFO - [2024-09-09T01:44:32.137+0000] {dagbag.py:538} INFO - Filling up the DagBag from /home/airflow/.local/lib/python3.7/site-packages/airflow/example_dags/example_branch_operator.py
[2024-09-09T01:44:32.150+0000] {processor.py:753} INFO - DAG(s) dict_keys(['example_branch_operator']) retrieved from /home/airflow/.local/lib/python3.7/site-packages/airflow/example_dags/example_branch_operator.py
[2024-09-09T01:44:32.178+0000] {logging_mixin.py:137} INFO - [2024-09-09T01:44:32.178+0000] {dag.py:2676} INFO - Sync 1 DAGs
[2024-09-09T01:44:32.197+0000] {logging_mixin.py:137} INFO - [2024-09-09T01:44:32.196+0000] {dag.py:3427} INFO - Setting next_dagrun for example_branch_operator to 2024-09-08T00:00:00+00:00, run_after=2024-09-09T00:00:00+00:00
[2024-09-09T01:44:32.219+0000] {processor.py:175} INFO - Processing /home/airflow/.local/lib/python3.7/site-packages/airflow/example_dags/example_branch_operator.py took 0.086 seconds
[2024-09-09T01:45:02.784+0000] {processor.py:153} INFO - Started process (PID=1410) to work on /home/airflow/.local/lib/python3.7/site-packages/airflow/example_dags/example_branch_operator.py
[2024-09-09T01:45:02.785+0000] {processor.py:743} INFO - Processing file /home/airflow/.local/lib/python3.7/site-packages/airflow/example_dags/example_branch_operator.py for tasks to queue
[2024-09-09T01:45:02.785+0000] {logging_mixin.py:137} INFO - [2024-09-09T01:45:02.785+0000] {dagbag.py:538} INFO - Filling up the DagBag from /home/airflow/.local/lib/python3.7/site-packages/airflow/example_dags/example_branch_operator.py
[2024-09-09T01:45:02.797+0000] {processor.py:753} INFO - DAG(s) dict_keys(['example_branch_operator']) retrieved from /home/airflow/.local/lib/python3.7/site-packages/airflow/example_dags/example_branch_operator.py
[2024-09-09T01:45:02.825+0000] {logging_mixin.py:137} INFO - [2024-09-09T01:45:02.825+0000] {dag.py:2676} INFO - Sync 1 DAGs
[2024-09-09T01:45:02.843+0000] {logging_mixin.py:137} INFO - [2024-09-09T01:45:02.843+0000] {dag.py:3427} INFO - Setting next_dagrun for example_branch_operator to 2024-09-08T00:00:00+00:00, run_after=2024-09-09T00:00:00+00:00
[2024-09-09T01:45:02.859+0000] {processor.py:175} INFO - Processing /home/airflow/.local/lib/python3.7/site-packages/airflow/example_dags/example_branch_operator.py took 0.078 seconds
[2024-09-09T01:45:33.026+0000] {processor.py:153} INFO - Started process (PID=1535) to work on /home/airflow/.local/lib/python3.7/site-packages/airflow/example_dags/example_branch_operator.py
[2024-09-09T01:45:33.027+0000] {processor.py:743} INFO - Processing file /home/airflow/.local/lib/python3.7/site-packages/airflow/example_dags/example_branch_operator.py for tasks to queue
[2024-09-09T01:45:33.028+0000] {logging_mixin.py:137} INFO - [2024-09-09T01:45:33.028+0000] {dagbag.py:538} INFO - Filling up the DagBag from /home/airflow/.local/lib/python3.7/site-packages/airflow/example_dags/example_branch_operator.py
[2024-09-09T01:45:33.046+0000] {processor.py:753} INFO - DAG(s) dict_keys(['example_branch_operator']) retrieved from /home/airflow/.local/lib/python3.7/site-packages/airflow/example_dags/example_branch_operator.py
[2024-09-09T01:45:33.084+0000] {logging_mixin.py:137} INFO - [2024-09-09T01:45:33.084+0000] {dag.py:2676} INFO - Sync 1 DAGs
[2024-09-09T01:45:33.108+0000] {logging_mixin.py:137} INFO - [2024-09-09T01:45:33.108+0000] {dag.py:3427} INFO - Setting next_dagrun for example_branch_operator to 2024-09-08T00:00:00+00:00, run_after=2024-09-09T00:00:00+00:00
[2024-09-09T01:45:33.126+0000] {processor.py:175} INFO - Processing /home/airflow/.local/lib/python3.7/site-packages/airflow/example_dags/example_branch_operator.py took 0.103 seconds
[2024-09-09T01:46:04.035+0000] {processor.py:153} INFO - Started process (PID=1631) to work on /home/airflow/.local/lib/python3.7/site-packages/airflow/example_dags/example_branch_operator.py
[2024-09-09T01:46:04.036+0000] {processor.py:743} INFO - Processing file /home/airflow/.local/lib/python3.7/site-packages/airflow/example_dags/example_branch_operator.py for tasks to queue
[2024-09-09T01:46:04.037+0000] {logging_mixin.py:137} INFO - [2024-09-09T01:46:04.037+0000] {dagbag.py:538} INFO - Filling up the DagBag from /home/airflow/.local/lib/python3.7/site-packages/airflow/example_dags/example_branch_operator.py
[2024-09-09T01:46:04.049+0000] {processor.py:753} INFO - DAG(s) dict_keys(['example_branch_operator']) retrieved from /home/airflow/.local/lib/python3.7/site-packages/airflow/example_dags/example_branch_operator.py
[2024-09-09T01:46:04.077+0000] {logging_mixin.py:137} INFO - [2024-09-09T01:46:04.077+0000] {dag.py:2676} INFO - Sync 1 DAGs
[2024-09-09T01:46:04.095+0000] {logging_mixin.py:137} INFO - [2024-09-09T01:46:04.095+0000] {dag.py:3427} INFO - Setting next_dagrun for example_branch_operator to 2024-09-08T00:00:00+00:00, run_after=2024-09-09T00:00:00+00:00
[2024-09-09T01:46:04.110+0000] {processor.py:175} INFO - Processing /home/airflow/.local/lib/python3.7/site-packages/airflow/example_dags/example_branch_operator.py took 0.077 seconds
[2024-09-09T01:46:34.553+0000] {processor.py:153} INFO - Started process (PID=1755) to work on /home/airflow/.local/lib/python3.7/site-packages/airflow/example_dags/example_branch_operator.py
[2024-09-09T01:46:34.554+0000] {processor.py:743} INFO - Processing file /home/airflow/.local/lib/python3.7/site-packages/airflow/example_dags/example_branch_operator.py for tasks to queue
[2024-09-09T01:46:34.554+0000] {logging_mixin.py:137} INFO - [2024-09-09T01:46:34.554+0000] {dagbag.py:538} INFO - Filling up the DagBag from /home/airflow/.local/lib/python3.7/site-packages/airflow/example_dags/example_branch_operator.py
[2024-09-09T01:46:34.567+0000] {processor.py:753} INFO - DAG(s) dict_keys(['example_branch_operator']) retrieved from /home/airflow/.local/lib/python3.7/site-packages/airflow/example_dags/example_branch_operator.py
[2024-09-09T01:46:34.595+0000] {logging_mixin.py:137} INFO - [2024-09-09T01:46:34.595+0000] {dag.py:2676} INFO - Sync 1 DAGs
[2024-09-09T01:46:34.612+0000] {logging_mixin.py:137} INFO - [2024-09-09T01:46:34.612+0000] {dag.py:3427} INFO - Setting next_dagrun for example_branch_operator to 2024-09-08T00:00:00+00:00, run_after=2024-09-09T00:00:00+00:00
[2024-09-09T01:46:34.628+0000] {processor.py:175} INFO - Processing /home/airflow/.local/lib/python3.7/site-packages/airflow/example_dags/example_branch_operator.py took 0.078 seconds
[2024-09-09T01:47:04.787+0000] {processor.py:153} INFO - Started process (PID=1851) to work on /home/airflow/.local/lib/python3.7/site-packages/airflow/example_dags/example_branch_operator.py
[2024-09-09T01:47:04.788+0000] {processor.py:743} INFO - Processing file /home/airflow/.local/lib/python3.7/site-packages/airflow/example_dags/example_branch_operator.py for tasks to queue
[2024-09-09T01:47:04.789+0000] {logging_mixin.py:137} INFO - [2024-09-09T01:47:04.789+0000] {dagbag.py:538} INFO - Filling up the DagBag from /home/airflow/.local/lib/python3.7/site-packages/airflow/example_dags/example_branch_operator.py
[2024-09-09T01:47:04.803+0000] {processor.py:753} INFO - DAG(s) dict_keys(['example_branch_operator']) retrieved from /home/airflow/.local/lib/python3.7/site-packages/airflow/example_dags/example_branch_operator.py
[2024-09-09T01:47:04.834+0000] {logging_mixin.py:137} INFO - [2024-09-09T01:47:04.833+0000] {dag.py:2676} INFO - Sync 1 DAGs
[2024-09-09T01:47:04.856+0000] {logging_mixin.py:137} INFO - [2024-09-09T01:47:04.856+0000] {dag.py:3427} INFO - Setting next_dagrun for example_branch_operator to 2024-09-08T00:00:00+00:00, run_after=2024-09-09T00:00:00+00:00
[2024-09-09T01:47:04.876+0000] {processor.py:175} INFO - Processing /home/airflow/.local/lib/python3.7/site-packages/airflow/example_dags/example_branch_operator.py took 0.091 seconds
[2024-09-09T01:47:35.640+0000] {processor.py:153} INFO - Started process (PID=1975) to work on /home/airflow/.local/lib/python3.7/site-packages/airflow/example_dags/example_branch_operator.py
[2024-09-09T01:47:35.640+0000] {processor.py:743} INFO - Processing file /home/airflow/.local/lib/python3.7/site-packages/airflow/example_dags/example_branch_operator.py for tasks to queue
[2024-09-09T01:47:35.641+0000] {logging_mixin.py:137} INFO - [2024-09-09T01:47:35.641+0000] {dagbag.py:538} INFO - Filling up the DagBag from /home/airflow/.local/lib/python3.7/site-packages/airflow/example_dags/example_branch_operator.py
[2024-09-09T01:47:35.654+0000] {processor.py:753} INFO - DAG(s) dict_keys(['example_branch_operator']) retrieved from /home/airflow/.local/lib/python3.7/site-packages/airflow/example_dags/example_branch_operator.py
[2024-09-09T01:47:35.681+0000] {logging_mixin.py:137} INFO - [2024-09-09T01:47:35.681+0000] {dag.py:2676} INFO - Sync 1 DAGs
[2024-09-09T01:47:35.700+0000] {logging_mixin.py:137} INFO - [2024-09-09T01:47:35.700+0000] {dag.py:3427} INFO - Setting next_dagrun for example_branch_operator to 2024-09-08T00:00:00+00:00, run_after=2024-09-09T00:00:00+00:00
[2024-09-09T01:47:35.717+0000] {processor.py:175} INFO - Processing /home/airflow/.local/lib/python3.7/site-packages/airflow/example_dags/example_branch_operator.py took 0.080 seconds
[2024-09-09T01:48:06.036+0000] {processor.py:153} INFO - Started process (PID=2099) to work on /home/airflow/.local/lib/python3.7/site-packages/airflow/example_dags/example_branch_operator.py
[2024-09-09T01:48:06.037+0000] {processor.py:743} INFO - Processing file /home/airflow/.local/lib/python3.7/site-packages/airflow/example_dags/example_branch_operator.py for tasks to queue
[2024-09-09T01:48:06.037+0000] {logging_mixin.py:137} INFO - [2024-09-09T01:48:06.037+0000] {dagbag.py:538} INFO - Filling up the DagBag from /home/airflow/.local/lib/python3.7/site-packages/airflow/example_dags/example_branch_operator.py
[2024-09-09T01:48:06.051+0000] {processor.py:753} INFO - DAG(s) dict_keys(['example_branch_operator']) retrieved from /home/airflow/.local/lib/python3.7/site-packages/airflow/example_dags/example_branch_operator.py
[2024-09-09T01:48:06.083+0000] {logging_mixin.py:137} INFO - [2024-09-09T01:48:06.083+0000] {dag.py:2676} INFO - Sync 1 DAGs
[2024-09-09T01:48:06.107+0000] {logging_mixin.py:137} INFO - [2024-09-09T01:48:06.107+0000] {dag.py:3427} INFO - Setting next_dagrun for example_branch_operator to 2024-09-08T00:00:00+00:00, run_after=2024-09-09T00:00:00+00:00
[2024-09-09T01:48:06.126+0000] {processor.py:175} INFO - Processing /home/airflow/.local/lib/python3.7/site-packages/airflow/example_dags/example_branch_operator.py took 0.093 seconds
[2024-09-09T01:48:36.326+0000] {processor.py:153} INFO - Started process (PID=2195) to work on /home/airflow/.local/lib/python3.7/site-packages/airflow/example_dags/example_branch_operator.py
[2024-09-09T01:48:36.326+0000] {processor.py:743} INFO - Processing file /home/airflow/.local/lib/python3.7/site-packages/airflow/example_dags/example_branch_operator.py for tasks to queue
[2024-09-09T01:48:36.327+0000] {logging_mixin.py:137} INFO - [2024-09-09T01:48:36.327+0000] {dagbag.py:538} INFO - Filling up the DagBag from /home/airflow/.local/lib/python3.7/site-packages/airflow/example_dags/example_branch_operator.py
[2024-09-09T01:48:36.341+0000] {processor.py:753} INFO - DAG(s) dict_keys(['example_branch_operator']) retrieved from /home/airflow/.local/lib/python3.7/site-packages/airflow/example_dags/example_branch_operator.py
[2024-09-09T01:48:36.374+0000] {logging_mixin.py:137} INFO - [2024-09-09T01:48:36.373+0000] {dag.py:2676} INFO - Sync 1 DAGs
[2024-09-09T01:48:36.394+0000] {logging_mixin.py:137} INFO - [2024-09-09T01:48:36.394+0000] {dag.py:3427} INFO - Setting next_dagrun for example_branch_operator to 2024-09-08T00:00:00+00:00, run_after=2024-09-09T00:00:00+00:00
[2024-09-09T01:48:36.412+0000] {processor.py:175} INFO - Processing /home/airflow/.local/lib/python3.7/site-packages/airflow/example_dags/example_branch_operator.py took 0.089 seconds
[2024-09-09T01:49:07.010+0000] {processor.py:153} INFO - Started process (PID=2319) to work on /home/airflow/.local/lib/python3.7/site-packages/airflow/example_dags/example_branch_operator.py
[2024-09-09T01:49:07.011+0000] {processor.py:743} INFO - Processing file /home/airflow/.local/lib/python3.7/site-packages/airflow/example_dags/example_branch_operator.py for tasks to queue
[2024-09-09T01:49:07.012+0000] {logging_mixin.py:137} INFO - [2024-09-09T01:49:07.012+0000] {dagbag.py:538} INFO - Filling up the DagBag from /home/airflow/.local/lib/python3.7/site-packages/airflow/example_dags/example_branch_operator.py
[2024-09-09T01:49:07.034+0000] {processor.py:753} INFO - DAG(s) dict_keys(['example_branch_operator']) retrieved from /home/airflow/.local/lib/python3.7/site-packages/airflow/example_dags/example_branch_operator.py
[2024-09-09T01:49:07.074+0000] {logging_mixin.py:137} INFO - [2024-09-09T01:49:07.074+0000] {dag.py:2676} INFO - Sync 1 DAGs
[2024-09-09T01:49:07.106+0000] {logging_mixin.py:137} INFO - [2024-09-09T01:49:07.106+0000] {dag.py:3427} INFO - Setting next_dagrun for example_branch_operator to 2024-09-08T00:00:00+00:00, run_after=2024-09-09T00:00:00+00:00
[2024-09-09T01:49:07.127+0000] {processor.py:175} INFO - Processing /home/airflow/.local/lib/python3.7/site-packages/airflow/example_dags/example_branch_operator.py took 0.121 seconds
[2024-09-09T01:49:37.334+0000] {processor.py:153} INFO - Started process (PID=2415) to work on /home/airflow/.local/lib/python3.7/site-packages/airflow/example_dags/example_branch_operator.py
[2024-09-09T01:49:37.335+0000] {processor.py:743} INFO - Processing file /home/airflow/.local/lib/python3.7/site-packages/airflow/example_dags/example_branch_operator.py for tasks to queue
[2024-09-09T01:49:37.335+0000] {logging_mixin.py:137} INFO - [2024-09-09T01:49:37.335+0000] {dagbag.py:538} INFO - Filling up the DagBag from /home/airflow/.local/lib/python3.7/site-packages/airflow/example_dags/example_branch_operator.py
[2024-09-09T01:49:37.348+0000] {processor.py:753} INFO - DAG(s) dict_keys(['example_branch_operator']) retrieved from /home/airflow/.local/lib/python3.7/site-packages/airflow/example_dags/example_branch_operator.py
[2024-09-09T01:49:37.376+0000] {logging_mixin.py:137} INFO - [2024-09-09T01:49:37.376+0000] {dag.py:2676} INFO - Sync 1 DAGs
[2024-09-09T01:49:37.395+0000] {logging_mixin.py:137} INFO - [2024-09-09T01:49:37.395+0000] {dag.py:3427} INFO - Setting next_dagrun for example_branch_operator to 2024-09-08T00:00:00+00:00, run_after=2024-09-09T00:00:00+00:00
[2024-09-09T01:49:37.412+0000] {processor.py:175} INFO - Processing /home/airflow/.local/lib/python3.7/site-packages/airflow/example_dags/example_branch_operator.py took 0.080 seconds
[2024-09-09T01:50:07.513+0000] {processor.py:153} INFO - Started process (PID=2539) to work on /home/airflow/.local/lib/python3.7/site-packages/airflow/example_dags/example_branch_operator.py
[2024-09-09T01:50:07.514+0000] {processor.py:743} INFO - Processing file /home/airflow/.local/lib/python3.7/site-packages/airflow/example_dags/example_branch_operator.py for tasks to queue
[2024-09-09T01:50:07.515+0000] {logging_mixin.py:137} INFO - [2024-09-09T01:50:07.515+0000] {dagbag.py:538} INFO - Filling up the DagBag from /home/airflow/.local/lib/python3.7/site-packages/airflow/example_dags/example_branch_operator.py
[2024-09-09T01:50:07.529+0000] {processor.py:753} INFO - DAG(s) dict_keys(['example_branch_operator']) retrieved from /home/airflow/.local/lib/python3.7/site-packages/airflow/example_dags/example_branch_operator.py
[2024-09-09T01:50:07.560+0000] {logging_mixin.py:137} INFO - [2024-09-09T01:50:07.560+0000] {dag.py:2676} INFO - Sync 1 DAGs
[2024-09-09T01:50:07.581+0000] {logging_mixin.py:137} INFO - [2024-09-09T01:50:07.581+0000] {dag.py:3427} INFO - Setting next_dagrun for example_branch_operator to 2024-09-08T00:00:00+00:00, run_after=2024-09-09T00:00:00+00:00
[2024-09-09T01:50:07.598+0000] {processor.py:175} INFO - Processing /home/airflow/.local/lib/python3.7/site-packages/airflow/example_dags/example_branch_operator.py took 0.087 seconds
[2024-09-09T01:50:37.737+0000] {processor.py:153} INFO - Started process (PID=2634) to work on /home/airflow/.local/lib/python3.7/site-packages/airflow/example_dags/example_branch_operator.py
[2024-09-09T01:50:37.738+0000] {processor.py:743} INFO - Processing file /home/airflow/.local/lib/python3.7/site-packages/airflow/example_dags/example_branch_operator.py for tasks to queue
[2024-09-09T01:50:37.738+0000] {logging_mixin.py:137} INFO - [2024-09-09T01:50:37.738+0000] {dagbag.py:538} INFO - Filling up the DagBag from /home/airflow/.local/lib/python3.7/site-packages/airflow/example_dags/example_branch_operator.py
[2024-09-09T01:50:37.751+0000] {processor.py:753} INFO - DAG(s) dict_keys(['example_branch_operator']) retrieved from /home/airflow/.local/lib/python3.7/site-packages/airflow/example_dags/example_branch_operator.py
[2024-09-09T01:50:37.779+0000] {logging_mixin.py:137} INFO - [2024-09-09T01:50:37.779+0000] {dag.py:2676} INFO - Sync 1 DAGs
[2024-09-09T01:50:37.799+0000] {logging_mixin.py:137} INFO - [2024-09-09T01:50:37.799+0000] {dag.py:3427} INFO - Setting next_dagrun for example_branch_operator to 2024-09-08T00:00:00+00:00, run_after=2024-09-09T00:00:00+00:00
[2024-09-09T01:50:37.820+0000] {processor.py:175} INFO - Processing /home/airflow/.local/lib/python3.7/site-packages/airflow/example_dags/example_branch_operator.py took 0.086 seconds
[2024-09-09T01:51:08.071+0000] {processor.py:153} INFO - Started process (PID=2758) to work on /home/airflow/.local/lib/python3.7/site-packages/airflow/example_dags/example_branch_operator.py
[2024-09-09T01:51:08.072+0000] {processor.py:743} INFO - Processing file /home/airflow/.local/lib/python3.7/site-packages/airflow/example_dags/example_branch_operator.py for tasks to queue
[2024-09-09T01:51:08.072+0000] {logging_mixin.py:137} INFO - [2024-09-09T01:51:08.072+0000] {dagbag.py:538} INFO - Filling up the DagBag from /home/airflow/.local/lib/python3.7/site-packages/airflow/example_dags/example_branch_operator.py
[2024-09-09T01:51:08.084+0000] {processor.py:753} INFO - DAG(s) dict_keys(['example_branch_operator']) retrieved from /home/airflow/.local/lib/python3.7/site-packages/airflow/example_dags/example_branch_operator.py
[2024-09-09T01:51:08.111+0000] {logging_mixin.py:137} INFO - [2024-09-09T01:51:08.111+0000] {dag.py:2676} INFO - Sync 1 DAGs
[2024-09-09T01:51:08.130+0000] {logging_mixin.py:137} INFO - [2024-09-09T01:51:08.130+0000] {dag.py:3427} INFO - Setting next_dagrun for example_branch_operator to 2024-09-08T00:00:00+00:00, run_after=2024-09-09T00:00:00+00:00
[2024-09-09T01:51:08.146+0000] {processor.py:175} INFO - Processing /home/airflow/.local/lib/python3.7/site-packages/airflow/example_dags/example_branch_operator.py took 0.077 seconds
[2024-09-09T01:51:38.616+0000] {processor.py:153} INFO - Started process (PID=2882) to work on /home/airflow/.local/lib/python3.7/site-packages/airflow/example_dags/example_branch_operator.py
[2024-09-09T01:51:38.617+0000] {processor.py:743} INFO - Processing file /home/airflow/.local/lib/python3.7/site-packages/airflow/example_dags/example_branch_operator.py for tasks to queue
[2024-09-09T01:51:38.617+0000] {logging_mixin.py:137} INFO - [2024-09-09T01:51:38.617+0000] {dagbag.py:538} INFO - Filling up the DagBag from /home/airflow/.local/lib/python3.7/site-packages/airflow/example_dags/example_branch_operator.py
[2024-09-09T01:51:38.630+0000] {processor.py:753} INFO - DAG(s) dict_keys(['example_branch_operator']) retrieved from /home/airflow/.local/lib/python3.7/site-packages/airflow/example_dags/example_branch_operator.py
[2024-09-09T01:51:38.658+0000] {logging_mixin.py:137} INFO - [2024-09-09T01:51:38.658+0000] {dag.py:2676} INFO - Sync 1 DAGs
[2024-09-09T01:51:38.681+0000] {logging_mixin.py:137} INFO - [2024-09-09T01:51:38.681+0000] {dag.py:3427} INFO - Setting next_dagrun for example_branch_operator to 2024-09-08T00:00:00+00:00, run_after=2024-09-09T00:00:00+00:00
[2024-09-09T01:51:38.704+0000] {processor.py:175} INFO - Processing /home/airflow/.local/lib/python3.7/site-packages/airflow/example_dags/example_branch_operator.py took 0.090 seconds
[2024-09-09T01:52:08.867+0000] {processor.py:153} INFO - Started process (PID=2979) to work on /home/airflow/.local/lib/python3.7/site-packages/airflow/example_dags/example_branch_operator.py
[2024-09-09T01:52:08.868+0000] {processor.py:743} INFO - Processing file /home/airflow/.local/lib/python3.7/site-packages/airflow/example_dags/example_branch_operator.py for tasks to queue
[2024-09-09T01:52:08.869+0000] {logging_mixin.py:137} INFO - [2024-09-09T01:52:08.869+0000] {dagbag.py:538} INFO - Filling up the DagBag from /home/airflow/.local/lib/python3.7/site-packages/airflow/example_dags/example_branch_operator.py
[2024-09-09T01:52:08.881+0000] {processor.py:753} INFO - DAG(s) dict_keys(['example_branch_operator']) retrieved from /home/airflow/.local/lib/python3.7/site-packages/airflow/example_dags/example_branch_operator.py
[2024-09-09T01:52:08.910+0000] {logging_mixin.py:137} INFO - [2024-09-09T01:52:08.910+0000] {dag.py:2676} INFO - Sync 1 DAGs
[2024-09-09T01:52:08.929+0000] {logging_mixin.py:137} INFO - [2024-09-09T01:52:08.928+0000] {dag.py:3427} INFO - Setting next_dagrun for example_branch_operator to 2024-09-08T00:00:00+00:00, run_after=2024-09-09T00:00:00+00:00
[2024-09-09T01:52:08.944+0000] {processor.py:175} INFO - Processing /home/airflow/.local/lib/python3.7/site-packages/airflow/example_dags/example_branch_operator.py took 0.079 seconds
[2024-09-09T01:52:40.138+0000] {processor.py:153} INFO - Started process (PID=3103) to work on /home/airflow/.local/lib/python3.7/site-packages/airflow/example_dags/example_branch_operator.py
[2024-09-09T01:52:40.150+0000] {processor.py:743} INFO - Processing file /home/airflow/.local/lib/python3.7/site-packages/airflow/example_dags/example_branch_operator.py for tasks to queue
[2024-09-09T01:52:40.151+0000] {logging_mixin.py:137} INFO - [2024-09-09T01:52:40.150+0000] {dagbag.py:538} INFO - Filling up the DagBag from /home/airflow/.local/lib/python3.7/site-packages/airflow/example_dags/example_branch_operator.py
[2024-09-09T01:52:40.166+0000] {processor.py:753} INFO - DAG(s) dict_keys(['example_branch_operator']) retrieved from /home/airflow/.local/lib/python3.7/site-packages/airflow/example_dags/example_branch_operator.py
[2024-09-09T01:52:40.196+0000] {logging_mixin.py:137} INFO - [2024-09-09T01:52:40.196+0000] {dag.py:2676} INFO - Sync 1 DAGs
[2024-09-09T01:52:40.215+0000] {logging_mixin.py:137} INFO - [2024-09-09T01:52:40.215+0000] {dag.py:3427} INFO - Setting next_dagrun for example_branch_operator to 2024-09-08T00:00:00+00:00, run_after=2024-09-09T00:00:00+00:00
[2024-09-09T01:52:40.234+0000] {processor.py:175} INFO - Processing /home/airflow/.local/lib/python3.7/site-packages/airflow/example_dags/example_branch_operator.py took 0.099 seconds
[2024-09-09T01:53:11.187+0000] {processor.py:153} INFO - Started process (PID=3206) to work on /home/airflow/.local/lib/python3.7/site-packages/airflow/example_dags/example_branch_operator.py
[2024-09-09T01:53:11.188+0000] {processor.py:743} INFO - Processing file /home/airflow/.local/lib/python3.7/site-packages/airflow/example_dags/example_branch_operator.py for tasks to queue
[2024-09-09T01:53:11.188+0000] {logging_mixin.py:137} INFO - [2024-09-09T01:53:11.188+0000] {dagbag.py:538} INFO - Filling up the DagBag from /home/airflow/.local/lib/python3.7/site-packages/airflow/example_dags/example_branch_operator.py
[2024-09-09T01:53:11.202+0000] {processor.py:753} INFO - DAG(s) dict_keys(['example_branch_operator']) retrieved from /home/airflow/.local/lib/python3.7/site-packages/airflow/example_dags/example_branch_operator.py
[2024-09-09T01:53:11.233+0000] {logging_mixin.py:137} INFO - [2024-09-09T01:53:11.233+0000] {dag.py:2676} INFO - Sync 1 DAGs
[2024-09-09T01:53:11.259+0000] {logging_mixin.py:137} INFO - [2024-09-09T01:53:11.258+0000] {dag.py:3427} INFO - Setting next_dagrun for example_branch_operator to 2024-09-08T00:00:00+00:00, run_after=2024-09-09T00:00:00+00:00
[2024-09-09T01:53:11.279+0000] {processor.py:175} INFO - Processing /home/airflow/.local/lib/python3.7/site-packages/airflow/example_dags/example_branch_operator.py took 0.094 seconds
[2024-09-09T01:53:41.623+0000] {processor.py:153} INFO - Started process (PID=3323) to work on /home/airflow/.local/lib/python3.7/site-packages/airflow/example_dags/example_branch_operator.py
[2024-09-09T01:53:41.625+0000] {processor.py:743} INFO - Processing file /home/airflow/.local/lib/python3.7/site-packages/airflow/example_dags/example_branch_operator.py for tasks to queue
[2024-09-09T01:53:41.626+0000] {logging_mixin.py:137} INFO - [2024-09-09T01:53:41.626+0000] {dagbag.py:538} INFO - Filling up the DagBag from /home/airflow/.local/lib/python3.7/site-packages/airflow/example_dags/example_branch_operator.py
[2024-09-09T01:53:41.640+0000] {processor.py:753} INFO - DAG(s) dict_keys(['example_branch_operator']) retrieved from /home/airflow/.local/lib/python3.7/site-packages/airflow/example_dags/example_branch_operator.py
[2024-09-09T01:53:41.672+0000] {logging_mixin.py:137} INFO - [2024-09-09T01:53:41.672+0000] {dag.py:2676} INFO - Sync 1 DAGs
[2024-09-09T01:53:41.694+0000] {logging_mixin.py:137} INFO - [2024-09-09T01:53:41.694+0000] {dag.py:3427} INFO - Setting next_dagrun for example_branch_operator to 2024-09-08T00:00:00+00:00, run_after=2024-09-09T00:00:00+00:00
[2024-09-09T01:53:41.718+0000] {processor.py:175} INFO - Processing /home/airflow/.local/lib/python3.7/site-packages/airflow/example_dags/example_branch_operator.py took 0.097 seconds
[2024-09-09T01:54:12.357+0000] {processor.py:153} INFO - Started process (PID=3447) to work on /home/airflow/.local/lib/python3.7/site-packages/airflow/example_dags/example_branch_operator.py
[2024-09-09T01:54:12.368+0000] {processor.py:743} INFO - Processing file /home/airflow/.local/lib/python3.7/site-packages/airflow/example_dags/example_branch_operator.py for tasks to queue
[2024-09-09T01:54:12.369+0000] {logging_mixin.py:137} INFO - [2024-09-09T01:54:12.369+0000] {dagbag.py:538} INFO - Filling up the DagBag from /home/airflow/.local/lib/python3.7/site-packages/airflow/example_dags/example_branch_operator.py
[2024-09-09T01:54:12.384+0000] {processor.py:753} INFO - DAG(s) dict_keys(['example_branch_operator']) retrieved from /home/airflow/.local/lib/python3.7/site-packages/airflow/example_dags/example_branch_operator.py
[2024-09-09T01:54:12.411+0000] {logging_mixin.py:137} INFO - [2024-09-09T01:54:12.411+0000] {dag.py:2676} INFO - Sync 1 DAGs
[2024-09-09T01:54:12.431+0000] {logging_mixin.py:137} INFO - [2024-09-09T01:54:12.431+0000] {dag.py:3427} INFO - Setting next_dagrun for example_branch_operator to 2024-09-08T00:00:00+00:00, run_after=2024-09-09T00:00:00+00:00
[2024-09-09T01:54:12.452+0000] {processor.py:175} INFO - Processing /home/airflow/.local/lib/python3.7/site-packages/airflow/example_dags/example_branch_operator.py took 0.100 seconds
[2024-09-09T01:54:42.760+0000] {processor.py:153} INFO - Started process (PID=3543) to work on /home/airflow/.local/lib/python3.7/site-packages/airflow/example_dags/example_branch_operator.py
[2024-09-09T01:54:42.772+0000] {processor.py:743} INFO - Processing file /home/airflow/.local/lib/python3.7/site-packages/airflow/example_dags/example_branch_operator.py for tasks to queue
[2024-09-09T01:54:42.772+0000] {logging_mixin.py:137} INFO - [2024-09-09T01:54:42.772+0000] {dagbag.py:538} INFO - Filling up the DagBag from /home/airflow/.local/lib/python3.7/site-packages/airflow/example_dags/example_branch_operator.py
[2024-09-09T01:54:42.784+0000] {processor.py:753} INFO - DAG(s) dict_keys(['example_branch_operator']) retrieved from /home/airflow/.local/lib/python3.7/site-packages/airflow/example_dags/example_branch_operator.py
[2024-09-09T01:54:42.812+0000] {logging_mixin.py:137} INFO - [2024-09-09T01:54:42.812+0000] {dag.py:2676} INFO - Sync 1 DAGs
[2024-09-09T01:54:42.832+0000] {logging_mixin.py:137} INFO - [2024-09-09T01:54:42.832+0000] {dag.py:3427} INFO - Setting next_dagrun for example_branch_operator to 2024-09-08T00:00:00+00:00, run_after=2024-09-09T00:00:00+00:00
[2024-09-09T01:54:42.850+0000] {processor.py:175} INFO - Processing /home/airflow/.local/lib/python3.7/site-packages/airflow/example_dags/example_branch_operator.py took 0.092 seconds
[2024-09-09T01:55:12.993+0000] {processor.py:153} INFO - Started process (PID=3667) to work on /home/airflow/.local/lib/python3.7/site-packages/airflow/example_dags/example_branch_operator.py
[2024-09-09T01:55:12.995+0000] {processor.py:743} INFO - Processing file /home/airflow/.local/lib/python3.7/site-packages/airflow/example_dags/example_branch_operator.py for tasks to queue
[2024-09-09T01:55:12.996+0000] {logging_mixin.py:137} INFO - [2024-09-09T01:55:12.996+0000] {dagbag.py:538} INFO - Filling up the DagBag from /home/airflow/.local/lib/python3.7/site-packages/airflow/example_dags/example_branch_operator.py
[2024-09-09T01:55:13.010+0000] {processor.py:753} INFO - DAG(s) dict_keys(['example_branch_operator']) retrieved from /home/airflow/.local/lib/python3.7/site-packages/airflow/example_dags/example_branch_operator.py
[2024-09-09T01:55:13.039+0000] {logging_mixin.py:137} INFO - [2024-09-09T01:55:13.038+0000] {dag.py:2676} INFO - Sync 1 DAGs
[2024-09-09T01:55:13.060+0000] {logging_mixin.py:137} INFO - [2024-09-09T01:55:13.059+0000] {dag.py:3427} INFO - Setting next_dagrun for example_branch_operator to 2024-09-08T00:00:00+00:00, run_after=2024-09-09T00:00:00+00:00
[2024-09-09T01:55:13.077+0000] {processor.py:175} INFO - Processing /home/airflow/.local/lib/python3.7/site-packages/airflow/example_dags/example_branch_operator.py took 0.087 seconds
[2024-09-09T01:55:43.292+0000] {processor.py:153} INFO - Started process (PID=3763) to work on /home/airflow/.local/lib/python3.7/site-packages/airflow/example_dags/example_branch_operator.py
[2024-09-09T01:55:43.294+0000] {processor.py:743} INFO - Processing file /home/airflow/.local/lib/python3.7/site-packages/airflow/example_dags/example_branch_operator.py for tasks to queue
[2024-09-09T01:55:43.297+0000] {logging_mixin.py:137} INFO - [2024-09-09T01:55:43.297+0000] {dagbag.py:538} INFO - Filling up the DagBag from /home/airflow/.local/lib/python3.7/site-packages/airflow/example_dags/example_branch_operator.py
[2024-09-09T01:55:43.320+0000] {processor.py:753} INFO - DAG(s) dict_keys(['example_branch_operator']) retrieved from /home/airflow/.local/lib/python3.7/site-packages/airflow/example_dags/example_branch_operator.py
[2024-09-09T01:55:43.363+0000] {logging_mixin.py:137} INFO - [2024-09-09T01:55:43.363+0000] {dag.py:2676} INFO - Sync 1 DAGs
[2024-09-09T01:55:43.387+0000] {logging_mixin.py:137} INFO - [2024-09-09T01:55:43.387+0000] {dag.py:3427} INFO - Setting next_dagrun for example_branch_operator to 2024-09-08T00:00:00+00:00, run_after=2024-09-09T00:00:00+00:00
[2024-09-09T01:55:43.411+0000] {processor.py:175} INFO - Processing /home/airflow/.local/lib/python3.7/site-packages/airflow/example_dags/example_branch_operator.py took 0.122 seconds
[2024-09-09T01:56:13.589+0000] {processor.py:153} INFO - Started process (PID=3887) to work on /home/airflow/.local/lib/python3.7/site-packages/airflow/example_dags/example_branch_operator.py
[2024-09-09T01:56:13.601+0000] {processor.py:743} INFO - Processing file /home/airflow/.local/lib/python3.7/site-packages/airflow/example_dags/example_branch_operator.py for tasks to queue
[2024-09-09T01:56:13.602+0000] {logging_mixin.py:137} INFO - [2024-09-09T01:56:13.602+0000] {dagbag.py:538} INFO - Filling up the DagBag from /home/airflow/.local/lib/python3.7/site-packages/airflow/example_dags/example_branch_operator.py
[2024-09-09T01:56:13.613+0000] {processor.py:753} INFO - DAG(s) dict_keys(['example_branch_operator']) retrieved from /home/airflow/.local/lib/python3.7/site-packages/airflow/example_dags/example_branch_operator.py
[2024-09-09T01:56:13.641+0000] {logging_mixin.py:137} INFO - [2024-09-09T01:56:13.641+0000] {dag.py:2676} INFO - Sync 1 DAGs
[2024-09-09T01:56:13.660+0000] {logging_mixin.py:137} INFO - [2024-09-09T01:56:13.660+0000] {dag.py:3427} INFO - Setting next_dagrun for example_branch_operator to 2024-09-08T00:00:00+00:00, run_after=2024-09-09T00:00:00+00:00
[2024-09-09T01:56:13.678+0000] {processor.py:175} INFO - Processing /home/airflow/.local/lib/python3.7/site-packages/airflow/example_dags/example_branch_operator.py took 0.091 seconds
[2024-09-09T01:56:43.852+0000] {processor.py:153} INFO - Started process (PID=4011) to work on /home/airflow/.local/lib/python3.7/site-packages/airflow/example_dags/example_branch_operator.py
[2024-09-09T01:56:43.853+0000] {processor.py:743} INFO - Processing file /home/airflow/.local/lib/python3.7/site-packages/airflow/example_dags/example_branch_operator.py for tasks to queue
[2024-09-09T01:56:43.854+0000] {logging_mixin.py:137} INFO - [2024-09-09T01:56:43.854+0000] {dagbag.py:538} INFO - Filling up the DagBag from /home/airflow/.local/lib/python3.7/site-packages/airflow/example_dags/example_branch_operator.py
[2024-09-09T01:56:43.868+0000] {processor.py:753} INFO - DAG(s) dict_keys(['example_branch_operator']) retrieved from /home/airflow/.local/lib/python3.7/site-packages/airflow/example_dags/example_branch_operator.py
[2024-09-09T01:56:43.902+0000] {logging_mixin.py:137} INFO - [2024-09-09T01:56:43.902+0000] {dag.py:2676} INFO - Sync 1 DAGs
[2024-09-09T01:56:43.925+0000] {logging_mixin.py:137} INFO - [2024-09-09T01:56:43.925+0000] {dag.py:3427} INFO - Setting next_dagrun for example_branch_operator to 2024-09-08T00:00:00+00:00, run_after=2024-09-09T00:00:00+00:00
[2024-09-09T01:56:43.944+0000] {processor.py:175} INFO - Processing /home/airflow/.local/lib/python3.7/site-packages/airflow/example_dags/example_branch_operator.py took 0.094 seconds
[2024-09-09T01:57:14.003+0000] {processor.py:153} INFO - Started process (PID=4107) to work on /home/airflow/.local/lib/python3.7/site-packages/airflow/example_dags/example_branch_operator.py
[2024-09-09T01:57:14.006+0000] {processor.py:743} INFO - Processing file /home/airflow/.local/lib/python3.7/site-packages/airflow/example_dags/example_branch_operator.py for tasks to queue
[2024-09-09T01:57:14.007+0000] {logging_mixin.py:137} INFO - [2024-09-09T01:57:14.006+0000] {dagbag.py:538} INFO - Filling up the DagBag from /home/airflow/.local/lib/python3.7/site-packages/airflow/example_dags/example_branch_operator.py
[2024-09-09T01:57:14.019+0000] {processor.py:753} INFO - DAG(s) dict_keys(['example_branch_operator']) retrieved from /home/airflow/.local/lib/python3.7/site-packages/airflow/example_dags/example_branch_operator.py
[2024-09-09T01:57:14.047+0000] {logging_mixin.py:137} INFO - [2024-09-09T01:57:14.047+0000] {dag.py:2676} INFO - Sync 1 DAGs
[2024-09-09T01:57:14.067+0000] {logging_mixin.py:137} INFO - [2024-09-09T01:57:14.067+0000] {dag.py:3427} INFO - Setting next_dagrun for example_branch_operator to 2024-09-08T00:00:00+00:00, run_after=2024-09-09T00:00:00+00:00
[2024-09-09T01:57:14.085+0000] {processor.py:175} INFO - Processing /home/airflow/.local/lib/python3.7/site-packages/airflow/example_dags/example_branch_operator.py took 0.084 seconds
[2024-09-09T01:57:44.421+0000] {processor.py:153} INFO - Started process (PID=4231) to work on /home/airflow/.local/lib/python3.7/site-packages/airflow/example_dags/example_branch_operator.py
[2024-09-09T01:57:44.422+0000] {processor.py:743} INFO - Processing file /home/airflow/.local/lib/python3.7/site-packages/airflow/example_dags/example_branch_operator.py for tasks to queue
[2024-09-09T01:57:44.422+0000] {logging_mixin.py:137} INFO - [2024-09-09T01:57:44.422+0000] {dagbag.py:538} INFO - Filling up the DagBag from /home/airflow/.local/lib/python3.7/site-packages/airflow/example_dags/example_branch_operator.py
[2024-09-09T01:57:44.434+0000] {processor.py:753} INFO - DAG(s) dict_keys(['example_branch_operator']) retrieved from /home/airflow/.local/lib/python3.7/site-packages/airflow/example_dags/example_branch_operator.py
[2024-09-09T01:57:44.464+0000] {logging_mixin.py:137} INFO - [2024-09-09T01:57:44.463+0000] {dag.py:2676} INFO - Sync 1 DAGs
[2024-09-09T01:57:44.484+0000] {logging_mixin.py:137} INFO - [2024-09-09T01:57:44.484+0000] {dag.py:3427} INFO - Setting next_dagrun for example_branch_operator to 2024-09-08T00:00:00+00:00, run_after=2024-09-09T00:00:00+00:00
[2024-09-09T01:57:44.502+0000] {processor.py:175} INFO - Processing /home/airflow/.local/lib/python3.7/site-packages/airflow/example_dags/example_branch_operator.py took 0.083 seconds
[2024-09-09T01:58:14.735+0000] {processor.py:153} INFO - Started process (PID=4327) to work on /home/airflow/.local/lib/python3.7/site-packages/airflow/example_dags/example_branch_operator.py
[2024-09-09T01:58:14.746+0000] {processor.py:743} INFO - Processing file /home/airflow/.local/lib/python3.7/site-packages/airflow/example_dags/example_branch_operator.py for tasks to queue
[2024-09-09T01:58:14.746+0000] {logging_mixin.py:137} INFO - [2024-09-09T01:58:14.746+0000] {dagbag.py:538} INFO - Filling up the DagBag from /home/airflow/.local/lib/python3.7/site-packages/airflow/example_dags/example_branch_operator.py
[2024-09-09T01:58:14.760+0000] {processor.py:753} INFO - DAG(s) dict_keys(['example_branch_operator']) retrieved from /home/airflow/.local/lib/python3.7/site-packages/airflow/example_dags/example_branch_operator.py
[2024-09-09T01:58:14.791+0000] {logging_mixin.py:137} INFO - [2024-09-09T01:58:14.791+0000] {dag.py:2676} INFO - Sync 1 DAGs
[2024-09-09T01:58:14.811+0000] {logging_mixin.py:137} INFO - [2024-09-09T01:58:14.811+0000] {dag.py:3427} INFO - Setting next_dagrun for example_branch_operator to 2024-09-08T00:00:00+00:00, run_after=2024-09-09T00:00:00+00:00
[2024-09-09T01:58:14.832+0000] {processor.py:175} INFO - Processing /home/airflow/.local/lib/python3.7/site-packages/airflow/example_dags/example_branch_operator.py took 0.100 seconds
[2024-09-09T01:58:45.295+0000] {processor.py:153} INFO - Started process (PID=4451) to work on /home/airflow/.local/lib/python3.7/site-packages/airflow/example_dags/example_branch_operator.py
[2024-09-09T01:58:45.298+0000] {processor.py:743} INFO - Processing file /home/airflow/.local/lib/python3.7/site-packages/airflow/example_dags/example_branch_operator.py for tasks to queue
[2024-09-09T01:58:45.299+0000] {logging_mixin.py:137} INFO - [2024-09-09T01:58:45.298+0000] {dagbag.py:538} INFO - Filling up the DagBag from /home/airflow/.local/lib/python3.7/site-packages/airflow/example_dags/example_branch_operator.py
[2024-09-09T01:58:45.313+0000] {processor.py:753} INFO - DAG(s) dict_keys(['example_branch_operator']) retrieved from /home/airflow/.local/lib/python3.7/site-packages/airflow/example_dags/example_branch_operator.py
[2024-09-09T01:58:45.344+0000] {logging_mixin.py:137} INFO - [2024-09-09T01:58:45.344+0000] {dag.py:2676} INFO - Sync 1 DAGs
[2024-09-09T01:58:45.363+0000] {logging_mixin.py:137} INFO - [2024-09-09T01:58:45.362+0000] {dag.py:3427} INFO - Setting next_dagrun for example_branch_operator to 2024-09-08T00:00:00+00:00, run_after=2024-09-09T00:00:00+00:00
[2024-09-09T01:58:45.385+0000] {processor.py:175} INFO - Processing /home/airflow/.local/lib/python3.7/site-packages/airflow/example_dags/example_branch_operator.py took 0.092 seconds
[2024-09-09T01:59:15.462+0000] {processor.py:153} INFO - Started process (PID=4556) to work on /home/airflow/.local/lib/python3.7/site-packages/airflow/example_dags/example_branch_operator.py
[2024-09-09T01:59:15.473+0000] {processor.py:743} INFO - Processing file /home/airflow/.local/lib/python3.7/site-packages/airflow/example_dags/example_branch_operator.py for tasks to queue
[2024-09-09T01:59:15.474+0000] {logging_mixin.py:137} INFO - [2024-09-09T01:59:15.473+0000] {dagbag.py:538} INFO - Filling up the DagBag from /home/airflow/.local/lib/python3.7/site-packages/airflow/example_dags/example_branch_operator.py
[2024-09-09T01:59:15.487+0000] {processor.py:753} INFO - DAG(s) dict_keys(['example_branch_operator']) retrieved from /home/airflow/.local/lib/python3.7/site-packages/airflow/example_dags/example_branch_operator.py
[2024-09-09T01:59:15.520+0000] {logging_mixin.py:137} INFO - [2024-09-09T01:59:15.520+0000] {dag.py:2676} INFO - Sync 1 DAGs
[2024-09-09T01:59:15.544+0000] {logging_mixin.py:137} INFO - [2024-09-09T01:59:15.544+0000] {dag.py:3427} INFO - Setting next_dagrun for example_branch_operator to 2024-09-08T00:00:00+00:00, run_after=2024-09-09T00:00:00+00:00
[2024-09-09T01:59:15.567+0000] {processor.py:175} INFO - Processing /home/airflow/.local/lib/python3.7/site-packages/airflow/example_dags/example_branch_operator.py took 0.107 seconds
[2024-09-09T01:59:45.721+0000] {processor.py:153} INFO - Started process (PID=4671) to work on /home/airflow/.local/lib/python3.7/site-packages/airflow/example_dags/example_branch_operator.py
[2024-09-09T01:59:45.723+0000] {processor.py:743} INFO - Processing file /home/airflow/.local/lib/python3.7/site-packages/airflow/example_dags/example_branch_operator.py for tasks to queue
[2024-09-09T01:59:45.724+0000] {logging_mixin.py:137} INFO - [2024-09-09T01:59:45.724+0000] {dagbag.py:538} INFO - Filling up the DagBag from /home/airflow/.local/lib/python3.7/site-packages/airflow/example_dags/example_branch_operator.py
[2024-09-09T01:59:45.760+0000] {processor.py:753} INFO - DAG(s) dict_keys(['example_branch_operator']) retrieved from /home/airflow/.local/lib/python3.7/site-packages/airflow/example_dags/example_branch_operator.py
[2024-09-09T01:59:45.823+0000] {logging_mixin.py:137} INFO - [2024-09-09T01:59:45.822+0000] {dag.py:2676} INFO - Sync 1 DAGs
[2024-09-09T01:59:45.858+0000] {logging_mixin.py:137} INFO - [2024-09-09T01:59:45.858+0000] {dag.py:3427} INFO - Setting next_dagrun for example_branch_operator to 2024-09-08T00:00:00+00:00, run_after=2024-09-09T00:00:00+00:00
[2024-09-09T01:59:45.880+0000] {processor.py:175} INFO - Processing /home/airflow/.local/lib/python3.7/site-packages/airflow/example_dags/example_branch_operator.py took 0.163 seconds
[2024-09-09T02:00:15.903+0000] {processor.py:153} INFO - Started process (PID=4795) to work on /home/airflow/.local/lib/python3.7/site-packages/airflow/example_dags/example_branch_operator.py
[2024-09-09T02:00:15.913+0000] {processor.py:743} INFO - Processing file /home/airflow/.local/lib/python3.7/site-packages/airflow/example_dags/example_branch_operator.py for tasks to queue
[2024-09-09T02:00:15.914+0000] {logging_mixin.py:137} INFO - [2024-09-09T02:00:15.914+0000] {dagbag.py:538} INFO - Filling up the DagBag from /home/airflow/.local/lib/python3.7/site-packages/airflow/example_dags/example_branch_operator.py
[2024-09-09T02:00:15.929+0000] {processor.py:753} INFO - DAG(s) dict_keys(['example_branch_operator']) retrieved from /home/airflow/.local/lib/python3.7/site-packages/airflow/example_dags/example_branch_operator.py
[2024-09-09T02:00:15.961+0000] {logging_mixin.py:137} INFO - [2024-09-09T02:00:15.961+0000] {dag.py:2676} INFO - Sync 1 DAGs
[2024-09-09T02:00:15.986+0000] {logging_mixin.py:137} INFO - [2024-09-09T02:00:15.986+0000] {dag.py:3427} INFO - Setting next_dagrun for example_branch_operator to 2024-09-08T00:00:00+00:00, run_after=2024-09-09T00:00:00+00:00
[2024-09-09T02:00:16.004+0000] {processor.py:175} INFO - Processing /home/airflow/.local/lib/python3.7/site-packages/airflow/example_dags/example_branch_operator.py took 0.104 seconds
[2024-09-09T02:00:46.261+0000] {processor.py:153} INFO - Started process (PID=4891) to work on /home/airflow/.local/lib/python3.7/site-packages/airflow/example_dags/example_branch_operator.py
[2024-09-09T02:00:46.263+0000] {processor.py:743} INFO - Processing file /home/airflow/.local/lib/python3.7/site-packages/airflow/example_dags/example_branch_operator.py for tasks to queue
[2024-09-09T02:00:46.264+0000] {logging_mixin.py:137} INFO - [2024-09-09T02:00:46.264+0000] {dagbag.py:538} INFO - Filling up the DagBag from /home/airflow/.local/lib/python3.7/site-packages/airflow/example_dags/example_branch_operator.py
[2024-09-09T02:00:46.276+0000] {processor.py:753} INFO - DAG(s) dict_keys(['example_branch_operator']) retrieved from /home/airflow/.local/lib/python3.7/site-packages/airflow/example_dags/example_branch_operator.py
[2024-09-09T02:00:46.304+0000] {logging_mixin.py:137} INFO - [2024-09-09T02:00:46.304+0000] {dag.py:2676} INFO - Sync 1 DAGs
[2024-09-09T02:00:46.323+0000] {logging_mixin.py:137} INFO - [2024-09-09T02:00:46.323+0000] {dag.py:3427} INFO - Setting next_dagrun for example_branch_operator to 2024-09-08T00:00:00+00:00, run_after=2024-09-09T00:00:00+00:00
[2024-09-09T02:00:46.341+0000] {processor.py:175} INFO - Processing /home/airflow/.local/lib/python3.7/site-packages/airflow/example_dags/example_branch_operator.py took 0.082 seconds
[2024-09-09T02:01:16.432+0000] {processor.py:153} INFO - Started process (PID=5015) to work on /home/airflow/.local/lib/python3.7/site-packages/airflow/example_dags/example_branch_operator.py
[2024-09-09T02:01:16.436+0000] {processor.py:743} INFO - Processing file /home/airflow/.local/lib/python3.7/site-packages/airflow/example_dags/example_branch_operator.py for tasks to queue
[2024-09-09T02:01:16.436+0000] {logging_mixin.py:137} INFO - [2024-09-09T02:01:16.436+0000] {dagbag.py:538} INFO - Filling up the DagBag from /home/airflow/.local/lib/python3.7/site-packages/airflow/example_dags/example_branch_operator.py
[2024-09-09T02:01:16.448+0000] {processor.py:753} INFO - DAG(s) dict_keys(['example_branch_operator']) retrieved from /home/airflow/.local/lib/python3.7/site-packages/airflow/example_dags/example_branch_operator.py
[2024-09-09T02:01:16.478+0000] {logging_mixin.py:137} INFO - [2024-09-09T02:01:16.478+0000] {dag.py:2676} INFO - Sync 1 DAGs
[2024-09-09T02:01:16.499+0000] {logging_mixin.py:137} INFO - [2024-09-09T02:01:16.499+0000] {dag.py:3427} INFO - Setting next_dagrun for example_branch_operator to 2024-09-08T00:00:00+00:00, run_after=2024-09-09T00:00:00+00:00
[2024-09-09T02:01:16.516+0000] {processor.py:175} INFO - Processing /home/airflow/.local/lib/python3.7/site-packages/airflow/example_dags/example_branch_operator.py took 0.086 seconds
[2024-09-09T02:01:46.575+0000] {processor.py:153} INFO - Started process (PID=5111) to work on /home/airflow/.local/lib/python3.7/site-packages/airflow/example_dags/example_branch_operator.py
[2024-09-09T02:01:46.577+0000] {processor.py:743} INFO - Processing file /home/airflow/.local/lib/python3.7/site-packages/airflow/example_dags/example_branch_operator.py for tasks to queue
[2024-09-09T02:01:46.577+0000] {logging_mixin.py:137} INFO - [2024-09-09T02:01:46.577+0000] {dagbag.py:538} INFO - Filling up the DagBag from /home/airflow/.local/lib/python3.7/site-packages/airflow/example_dags/example_branch_operator.py
[2024-09-09T02:01:46.589+0000] {processor.py:753} INFO - DAG(s) dict_keys(['example_branch_operator']) retrieved from /home/airflow/.local/lib/python3.7/site-packages/airflow/example_dags/example_branch_operator.py
[2024-09-09T02:01:46.617+0000] {logging_mixin.py:137} INFO - [2024-09-09T02:01:46.617+0000] {dag.py:2676} INFO - Sync 1 DAGs
[2024-09-09T02:01:46.635+0000] {logging_mixin.py:137} INFO - [2024-09-09T02:01:46.635+0000] {dag.py:3427} INFO - Setting next_dagrun for example_branch_operator to 2024-09-08T00:00:00+00:00, run_after=2024-09-09T00:00:00+00:00
[2024-09-09T02:01:46.653+0000] {processor.py:175} INFO - Processing /home/airflow/.local/lib/python3.7/site-packages/airflow/example_dags/example_branch_operator.py took 0.081 seconds
[2024-09-09T02:02:16.921+0000] {processor.py:153} INFO - Started process (PID=5234) to work on /home/airflow/.local/lib/python3.7/site-packages/airflow/example_dags/example_branch_operator.py
[2024-09-09T02:02:16.931+0000] {processor.py:743} INFO - Processing file /home/airflow/.local/lib/python3.7/site-packages/airflow/example_dags/example_branch_operator.py for tasks to queue
[2024-09-09T02:02:16.932+0000] {logging_mixin.py:137} INFO - [2024-09-09T02:02:16.932+0000] {dagbag.py:538} INFO - Filling up the DagBag from /home/airflow/.local/lib/python3.7/site-packages/airflow/example_dags/example_branch_operator.py
[2024-09-09T02:02:16.944+0000] {processor.py:753} INFO - DAG(s) dict_keys(['example_branch_operator']) retrieved from /home/airflow/.local/lib/python3.7/site-packages/airflow/example_dags/example_branch_operator.py
[2024-09-09T02:02:16.977+0000] {logging_mixin.py:137} INFO - [2024-09-09T02:02:16.977+0000] {dag.py:2676} INFO - Sync 1 DAGs
[2024-09-09T02:02:17.003+0000] {logging_mixin.py:137} INFO - [2024-09-09T02:02:17.003+0000] {dag.py:3427} INFO - Setting next_dagrun for example_branch_operator to 2024-09-08T00:00:00+00:00, run_after=2024-09-09T00:00:00+00:00
[2024-09-09T02:02:17.030+0000] {processor.py:175} INFO - Processing /home/airflow/.local/lib/python3.7/site-packages/airflow/example_dags/example_branch_operator.py took 0.112 seconds
[2024-09-09T02:02:47.065+0000] {processor.py:153} INFO - Started process (PID=5339) to work on /home/airflow/.local/lib/python3.7/site-packages/airflow/example_dags/example_branch_operator.py
[2024-09-09T02:02:47.077+0000] {processor.py:743} INFO - Processing file /home/airflow/.local/lib/python3.7/site-packages/airflow/example_dags/example_branch_operator.py for tasks to queue
[2024-09-09T02:02:47.077+0000] {logging_mixin.py:137} INFO - [2024-09-09T02:02:47.077+0000] {dagbag.py:538} INFO - Filling up the DagBag from /home/airflow/.local/lib/python3.7/site-packages/airflow/example_dags/example_branch_operator.py
[2024-09-09T02:02:47.092+0000] {processor.py:753} INFO - DAG(s) dict_keys(['example_branch_operator']) retrieved from /home/airflow/.local/lib/python3.7/site-packages/airflow/example_dags/example_branch_operator.py
[2024-09-09T02:02:47.123+0000] {logging_mixin.py:137} INFO - [2024-09-09T02:02:47.123+0000] {dag.py:2676} INFO - Sync 1 DAGs
[2024-09-09T02:02:47.143+0000] {logging_mixin.py:137} INFO - [2024-09-09T02:02:47.143+0000] {dag.py:3427} INFO - Setting next_dagrun for example_branch_operator to 2024-09-08T00:00:00+00:00, run_after=2024-09-09T00:00:00+00:00
[2024-09-09T02:02:47.164+0000] {processor.py:175} INFO - Processing /home/airflow/.local/lib/python3.7/site-packages/airflow/example_dags/example_branch_operator.py took 0.102 seconds
[2024-09-09T02:03:17.566+0000] {processor.py:153} INFO - Started process (PID=5454) to work on /home/airflow/.local/lib/python3.7/site-packages/airflow/example_dags/example_branch_operator.py
[2024-09-09T02:03:17.568+0000] {processor.py:743} INFO - Processing file /home/airflow/.local/lib/python3.7/site-packages/airflow/example_dags/example_branch_operator.py for tasks to queue
[2024-09-09T02:03:17.569+0000] {logging_mixin.py:137} INFO - [2024-09-09T02:03:17.569+0000] {dagbag.py:538} INFO - Filling up the DagBag from /home/airflow/.local/lib/python3.7/site-packages/airflow/example_dags/example_branch_operator.py
[2024-09-09T02:03:17.581+0000] {processor.py:753} INFO - DAG(s) dict_keys(['example_branch_operator']) retrieved from /home/airflow/.local/lib/python3.7/site-packages/airflow/example_dags/example_branch_operator.py
[2024-09-09T02:03:17.610+0000] {logging_mixin.py:137} INFO - [2024-09-09T02:03:17.610+0000] {dag.py:2676} INFO - Sync 1 DAGs
[2024-09-09T02:03:17.632+0000] {logging_mixin.py:137} INFO - [2024-09-09T02:03:17.632+0000] {dag.py:3427} INFO - Setting next_dagrun for example_branch_operator to 2024-09-08T00:00:00+00:00, run_after=2024-09-09T00:00:00+00:00
[2024-09-09T02:03:17.651+0000] {processor.py:175} INFO - Processing /home/airflow/.local/lib/python3.7/site-packages/airflow/example_dags/example_branch_operator.py took 0.089 seconds
[2024-09-09T02:03:47.801+0000] {processor.py:153} INFO - Started process (PID=5578) to work on /home/airflow/.local/lib/python3.7/site-packages/airflow/example_dags/example_branch_operator.py
[2024-09-09T02:03:47.802+0000] {processor.py:743} INFO - Processing file /home/airflow/.local/lib/python3.7/site-packages/airflow/example_dags/example_branch_operator.py for tasks to queue
[2024-09-09T02:03:47.803+0000] {logging_mixin.py:137} INFO - [2024-09-09T02:03:47.803+0000] {dagbag.py:538} INFO - Filling up the DagBag from /home/airflow/.local/lib/python3.7/site-packages/airflow/example_dags/example_branch_operator.py
[2024-09-09T02:03:47.815+0000] {processor.py:753} INFO - DAG(s) dict_keys(['example_branch_operator']) retrieved from /home/airflow/.local/lib/python3.7/site-packages/airflow/example_dags/example_branch_operator.py
[2024-09-09T02:03:47.844+0000] {logging_mixin.py:137} INFO - [2024-09-09T02:03:47.843+0000] {dag.py:2676} INFO - Sync 1 DAGs
[2024-09-09T02:03:47.863+0000] {logging_mixin.py:137} INFO - [2024-09-09T02:03:47.863+0000] {dag.py:3427} INFO - Setting next_dagrun for example_branch_operator to 2024-09-08T00:00:00+00:00, run_after=2024-09-09T00:00:00+00:00
[2024-09-09T02:03:47.880+0000] {processor.py:175} INFO - Processing /home/airflow/.local/lib/python3.7/site-packages/airflow/example_dags/example_branch_operator.py took 0.082 seconds
[2024-09-09T02:04:18.776+0000] {processor.py:153} INFO - Started process (PID=5674) to work on /home/airflow/.local/lib/python3.7/site-packages/airflow/example_dags/example_branch_operator.py
[2024-09-09T02:04:18.778+0000] {processor.py:743} INFO - Processing file /home/airflow/.local/lib/python3.7/site-packages/airflow/example_dags/example_branch_operator.py for tasks to queue
[2024-09-09T02:04:18.778+0000] {logging_mixin.py:137} INFO - [2024-09-09T02:04:18.778+0000] {dagbag.py:538} INFO - Filling up the DagBag from /home/airflow/.local/lib/python3.7/site-packages/airflow/example_dags/example_branch_operator.py
[2024-09-09T02:04:18.790+0000] {processor.py:753} INFO - DAG(s) dict_keys(['example_branch_operator']) retrieved from /home/airflow/.local/lib/python3.7/site-packages/airflow/example_dags/example_branch_operator.py
[2024-09-09T02:04:18.820+0000] {logging_mixin.py:137} INFO - [2024-09-09T02:04:18.820+0000] {dag.py:2676} INFO - Sync 1 DAGs
[2024-09-09T02:04:18.839+0000] {logging_mixin.py:137} INFO - [2024-09-09T02:04:18.839+0000] {dag.py:3427} INFO - Setting next_dagrun for example_branch_operator to 2024-09-08T00:00:00+00:00, run_after=2024-09-09T00:00:00+00:00
[2024-09-09T02:04:18.856+0000] {processor.py:175} INFO - Processing /home/airflow/.local/lib/python3.7/site-packages/airflow/example_dags/example_branch_operator.py took 0.083 seconds
[2024-09-09T02:04:49.319+0000] {processor.py:153} INFO - Started process (PID=5798) to work on /home/airflow/.local/lib/python3.7/site-packages/airflow/example_dags/example_branch_operator.py
[2024-09-09T02:04:49.320+0000] {processor.py:743} INFO - Processing file /home/airflow/.local/lib/python3.7/site-packages/airflow/example_dags/example_branch_operator.py for tasks to queue
[2024-09-09T02:04:49.320+0000] {logging_mixin.py:137} INFO - [2024-09-09T02:04:49.320+0000] {dagbag.py:538} INFO - Filling up the DagBag from /home/airflow/.local/lib/python3.7/site-packages/airflow/example_dags/example_branch_operator.py
[2024-09-09T02:04:49.332+0000] {processor.py:753} INFO - DAG(s) dict_keys(['example_branch_operator']) retrieved from /home/airflow/.local/lib/python3.7/site-packages/airflow/example_dags/example_branch_operator.py
[2024-09-09T02:04:49.359+0000] {logging_mixin.py:137} INFO - [2024-09-09T02:04:49.359+0000] {dag.py:2676} INFO - Sync 1 DAGs
[2024-09-09T02:04:49.378+0000] {logging_mixin.py:137} INFO - [2024-09-09T02:04:49.378+0000] {dag.py:3427} INFO - Setting next_dagrun for example_branch_operator to 2024-09-08T00:00:00+00:00, run_after=2024-09-09T00:00:00+00:00
[2024-09-09T02:04:49.395+0000] {processor.py:175} INFO - Processing /home/airflow/.local/lib/python3.7/site-packages/airflow/example_dags/example_branch_operator.py took 0.079 seconds
[2024-09-09T02:05:19.656+0000] {processor.py:153} INFO - Started process (PID=5894) to work on /home/airflow/.local/lib/python3.7/site-packages/airflow/example_dags/example_branch_operator.py
[2024-09-09T02:05:19.667+0000] {processor.py:743} INFO - Processing file /home/airflow/.local/lib/python3.7/site-packages/airflow/example_dags/example_branch_operator.py for tasks to queue
[2024-09-09T02:05:19.668+0000] {logging_mixin.py:137} INFO - [2024-09-09T02:05:19.668+0000] {dagbag.py:538} INFO - Filling up the DagBag from /home/airflow/.local/lib/python3.7/site-packages/airflow/example_dags/example_branch_operator.py
[2024-09-09T02:05:19.683+0000] {processor.py:753} INFO - DAG(s) dict_keys(['example_branch_operator']) retrieved from /home/airflow/.local/lib/python3.7/site-packages/airflow/example_dags/example_branch_operator.py
[2024-09-09T02:05:19.715+0000] {logging_mixin.py:137} INFO - [2024-09-09T02:05:19.715+0000] {dag.py:2676} INFO - Sync 1 DAGs
[2024-09-09T02:05:19.738+0000] {logging_mixin.py:137} INFO - [2024-09-09T02:05:19.738+0000] {dag.py:3427} INFO - Setting next_dagrun for example_branch_operator to 2024-09-08T00:00:00+00:00, run_after=2024-09-09T00:00:00+00:00
[2024-09-09T02:05:19.761+0000] {processor.py:175} INFO - Processing /home/airflow/.local/lib/python3.7/site-packages/airflow/example_dags/example_branch_operator.py took 0.108 seconds
[2024-09-09T02:05:50.150+0000] {processor.py:153} INFO - Started process (PID=6018) to work on /home/airflow/.local/lib/python3.7/site-packages/airflow/example_dags/example_branch_operator.py
[2024-09-09T02:05:50.152+0000] {processor.py:743} INFO - Processing file /home/airflow/.local/lib/python3.7/site-packages/airflow/example_dags/example_branch_operator.py for tasks to queue
[2024-09-09T02:05:50.152+0000] {logging_mixin.py:137} INFO - [2024-09-09T02:05:50.152+0000] {dagbag.py:538} INFO - Filling up the DagBag from /home/airflow/.local/lib/python3.7/site-packages/airflow/example_dags/example_branch_operator.py
[2024-09-09T02:05:50.166+0000] {processor.py:753} INFO - DAG(s) dict_keys(['example_branch_operator']) retrieved from /home/airflow/.local/lib/python3.7/site-packages/airflow/example_dags/example_branch_operator.py
[2024-09-09T02:05:50.195+0000] {logging_mixin.py:137} INFO - [2024-09-09T02:05:50.195+0000] {dag.py:2676} INFO - Sync 1 DAGs
[2024-09-09T02:05:50.216+0000] {logging_mixin.py:137} INFO - [2024-09-09T02:05:50.215+0000] {dag.py:3427} INFO - Setting next_dagrun for example_branch_operator to 2024-09-08T00:00:00+00:00, run_after=2024-09-09T00:00:00+00:00
[2024-09-09T02:05:50.235+0000] {processor.py:175} INFO - Processing /home/airflow/.local/lib/python3.7/site-packages/airflow/example_dags/example_branch_operator.py took 0.087 seconds
[2024-09-09T02:06:20.464+0000] {processor.py:153} INFO - Started process (PID=6142) to work on /home/airflow/.local/lib/python3.7/site-packages/airflow/example_dags/example_branch_operator.py
[2024-09-09T02:06:20.465+0000] {processor.py:743} INFO - Processing file /home/airflow/.local/lib/python3.7/site-packages/airflow/example_dags/example_branch_operator.py for tasks to queue
[2024-09-09T02:06:20.466+0000] {logging_mixin.py:137} INFO - [2024-09-09T02:06:20.465+0000] {dagbag.py:538} INFO - Filling up the DagBag from /home/airflow/.local/lib/python3.7/site-packages/airflow/example_dags/example_branch_operator.py
[2024-09-09T02:06:20.479+0000] {processor.py:753} INFO - DAG(s) dict_keys(['example_branch_operator']) retrieved from /home/airflow/.local/lib/python3.7/site-packages/airflow/example_dags/example_branch_operator.py
[2024-09-09T02:06:20.512+0000] {logging_mixin.py:137} INFO - [2024-09-09T02:06:20.511+0000] {dag.py:2676} INFO - Sync 1 DAGs
[2024-09-09T02:06:20.536+0000] {logging_mixin.py:137} INFO - [2024-09-09T02:06:20.535+0000] {dag.py:3427} INFO - Setting next_dagrun for example_branch_operator to 2024-09-08T00:00:00+00:00, run_after=2024-09-09T00:00:00+00:00
[2024-09-09T02:06:20.556+0000] {processor.py:175} INFO - Processing /home/airflow/.local/lib/python3.7/site-packages/airflow/example_dags/example_branch_operator.py took 0.094 seconds
[2024-09-09T02:06:50.617+0000] {processor.py:153} INFO - Started process (PID=6238) to work on /home/airflow/.local/lib/python3.7/site-packages/airflow/example_dags/example_branch_operator.py
[2024-09-09T02:06:50.620+0000] {processor.py:743} INFO - Processing file /home/airflow/.local/lib/python3.7/site-packages/airflow/example_dags/example_branch_operator.py for tasks to queue
[2024-09-09T02:06:50.620+0000] {logging_mixin.py:137} INFO - [2024-09-09T02:06:50.620+0000] {dagbag.py:538} INFO - Filling up the DagBag from /home/airflow/.local/lib/python3.7/site-packages/airflow/example_dags/example_branch_operator.py
[2024-09-09T02:06:50.634+0000] {processor.py:753} INFO - DAG(s) dict_keys(['example_branch_operator']) retrieved from /home/airflow/.local/lib/python3.7/site-packages/airflow/example_dags/example_branch_operator.py
[2024-09-09T02:06:50.668+0000] {logging_mixin.py:137} INFO - [2024-09-09T02:06:50.668+0000] {dag.py:2676} INFO - Sync 1 DAGs
[2024-09-09T02:06:50.695+0000] {logging_mixin.py:137} INFO - [2024-09-09T02:06:50.695+0000] {dag.py:3427} INFO - Setting next_dagrun for example_branch_operator to 2024-09-08T00:00:00+00:00, run_after=2024-09-09T00:00:00+00:00
[2024-09-09T02:06:50.717+0000] {processor.py:175} INFO - Processing /home/airflow/.local/lib/python3.7/site-packages/airflow/example_dags/example_branch_operator.py took 0.102 seconds
[2024-09-09T02:07:21.077+0000] {processor.py:153} INFO - Started process (PID=6362) to work on /home/airflow/.local/lib/python3.7/site-packages/airflow/example_dags/example_branch_operator.py
[2024-09-09T02:07:21.078+0000] {processor.py:743} INFO - Processing file /home/airflow/.local/lib/python3.7/site-packages/airflow/example_dags/example_branch_operator.py for tasks to queue
[2024-09-09T02:07:21.078+0000] {logging_mixin.py:137} INFO - [2024-09-09T02:07:21.078+0000] {dagbag.py:538} INFO - Filling up the DagBag from /home/airflow/.local/lib/python3.7/site-packages/airflow/example_dags/example_branch_operator.py
[2024-09-09T02:07:21.092+0000] {processor.py:753} INFO - DAG(s) dict_keys(['example_branch_operator']) retrieved from /home/airflow/.local/lib/python3.7/site-packages/airflow/example_dags/example_branch_operator.py
[2024-09-09T02:07:21.125+0000] {logging_mixin.py:137} INFO - [2024-09-09T02:07:21.124+0000] {dag.py:2676} INFO - Sync 1 DAGs
[2024-09-09T02:07:21.147+0000] {logging_mixin.py:137} INFO - [2024-09-09T02:07:21.147+0000] {dag.py:3427} INFO - Setting next_dagrun for example_branch_operator to 2024-09-08T00:00:00+00:00, run_after=2024-09-09T00:00:00+00:00
[2024-09-09T02:07:21.170+0000] {processor.py:175} INFO - Processing /home/airflow/.local/lib/python3.7/site-packages/airflow/example_dags/example_branch_operator.py took 0.096 seconds
[2024-09-09T02:07:51.506+0000] {processor.py:153} INFO - Started process (PID=6458) to work on /home/airflow/.local/lib/python3.7/site-packages/airflow/example_dags/example_branch_operator.py
[2024-09-09T02:07:51.508+0000] {processor.py:743} INFO - Processing file /home/airflow/.local/lib/python3.7/site-packages/airflow/example_dags/example_branch_operator.py for tasks to queue
[2024-09-09T02:07:51.509+0000] {logging_mixin.py:137} INFO - [2024-09-09T02:07:51.509+0000] {dagbag.py:538} INFO - Filling up the DagBag from /home/airflow/.local/lib/python3.7/site-packages/airflow/example_dags/example_branch_operator.py
[2024-09-09T02:07:51.526+0000] {processor.py:753} INFO - DAG(s) dict_keys(['example_branch_operator']) retrieved from /home/airflow/.local/lib/python3.7/site-packages/airflow/example_dags/example_branch_operator.py
[2024-09-09T02:07:51.561+0000] {logging_mixin.py:137} INFO - [2024-09-09T02:07:51.561+0000] {dag.py:2676} INFO - Sync 1 DAGs
[2024-09-09T02:07:51.587+0000] {logging_mixin.py:137} INFO - [2024-09-09T02:07:51.587+0000] {dag.py:3427} INFO - Setting next_dagrun for example_branch_operator to 2024-09-08T00:00:00+00:00, run_after=2024-09-09T00:00:00+00:00
[2024-09-09T02:07:51.613+0000] {processor.py:175} INFO - Processing /home/airflow/.local/lib/python3.7/site-packages/airflow/example_dags/example_branch_operator.py took 0.110 seconds
[2024-09-09T02:08:21.845+0000] {processor.py:153} INFO - Started process (PID=6582) to work on /home/airflow/.local/lib/python3.7/site-packages/airflow/example_dags/example_branch_operator.py
[2024-09-09T02:08:21.846+0000] {processor.py:743} INFO - Processing file /home/airflow/.local/lib/python3.7/site-packages/airflow/example_dags/example_branch_operator.py for tasks to queue
[2024-09-09T02:08:21.847+0000] {logging_mixin.py:137} INFO - [2024-09-09T02:08:21.847+0000] {dagbag.py:538} INFO - Filling up the DagBag from /home/airflow/.local/lib/python3.7/site-packages/airflow/example_dags/example_branch_operator.py
[2024-09-09T02:08:21.859+0000] {processor.py:753} INFO - DAG(s) dict_keys(['example_branch_operator']) retrieved from /home/airflow/.local/lib/python3.7/site-packages/airflow/example_dags/example_branch_operator.py
[2024-09-09T02:08:21.888+0000] {logging_mixin.py:137} INFO - [2024-09-09T02:08:21.888+0000] {dag.py:2676} INFO - Sync 1 DAGs
[2024-09-09T02:08:21.907+0000] {logging_mixin.py:137} INFO - [2024-09-09T02:08:21.907+0000] {dag.py:3427} INFO - Setting next_dagrun for example_branch_operator to 2024-09-08T00:00:00+00:00, run_after=2024-09-09T00:00:00+00:00
[2024-09-09T02:08:21.925+0000] {processor.py:175} INFO - Processing /home/airflow/.local/lib/python3.7/site-packages/airflow/example_dags/example_branch_operator.py took 0.083 seconds
[2024-09-09T02:08:52.127+0000] {processor.py:153} INFO - Started process (PID=6687) to work on /home/airflow/.local/lib/python3.7/site-packages/airflow/example_dags/example_branch_operator.py
[2024-09-09T02:08:52.129+0000] {processor.py:743} INFO - Processing file /home/airflow/.local/lib/python3.7/site-packages/airflow/example_dags/example_branch_operator.py for tasks to queue
[2024-09-09T02:08:52.129+0000] {logging_mixin.py:137} INFO - [2024-09-09T02:08:52.129+0000] {dagbag.py:538} INFO - Filling up the DagBag from /home/airflow/.local/lib/python3.7/site-packages/airflow/example_dags/example_branch_operator.py
[2024-09-09T02:08:52.146+0000] {processor.py:753} INFO - DAG(s) dict_keys(['example_branch_operator']) retrieved from /home/airflow/.local/lib/python3.7/site-packages/airflow/example_dags/example_branch_operator.py
[2024-09-09T02:08:52.180+0000] {logging_mixin.py:137} INFO - [2024-09-09T02:08:52.180+0000] {dag.py:2676} INFO - Sync 1 DAGs
[2024-09-09T02:08:52.206+0000] {logging_mixin.py:137} INFO - [2024-09-09T02:08:52.206+0000] {dag.py:3427} INFO - Setting next_dagrun for example_branch_operator to 2024-09-08T00:00:00+00:00, run_after=2024-09-09T00:00:00+00:00
[2024-09-09T02:08:52.226+0000] {processor.py:175} INFO - Processing /home/airflow/.local/lib/python3.7/site-packages/airflow/example_dags/example_branch_operator.py took 0.103 seconds
[2024-09-09T02:09:22.405+0000] {processor.py:153} INFO - Started process (PID=6801) to work on /home/airflow/.local/lib/python3.7/site-packages/airflow/example_dags/example_branch_operator.py
[2024-09-09T02:09:22.407+0000] {processor.py:743} INFO - Processing file /home/airflow/.local/lib/python3.7/site-packages/airflow/example_dags/example_branch_operator.py for tasks to queue
[2024-09-09T02:09:22.408+0000] {logging_mixin.py:137} INFO - [2024-09-09T02:09:22.408+0000] {dagbag.py:538} INFO - Filling up the DagBag from /home/airflow/.local/lib/python3.7/site-packages/airflow/example_dags/example_branch_operator.py
[2024-09-09T02:09:22.423+0000] {processor.py:753} INFO - DAG(s) dict_keys(['example_branch_operator']) retrieved from /home/airflow/.local/lib/python3.7/site-packages/airflow/example_dags/example_branch_operator.py
[2024-09-09T02:09:22.456+0000] {logging_mixin.py:137} INFO - [2024-09-09T02:09:22.456+0000] {dag.py:2676} INFO - Sync 1 DAGs
[2024-09-09T02:09:22.477+0000] {logging_mixin.py:137} INFO - [2024-09-09T02:09:22.477+0000] {dag.py:3427} INFO - Setting next_dagrun for example_branch_operator to 2024-09-08T00:00:00+00:00, run_after=2024-09-09T00:00:00+00:00
[2024-09-09T02:09:22.496+0000] {processor.py:175} INFO - Processing /home/airflow/.local/lib/python3.7/site-packages/airflow/example_dags/example_branch_operator.py took 0.094 seconds
[2024-09-09T02:09:52.733+0000] {processor.py:153} INFO - Started process (PID=6925) to work on /home/airflow/.local/lib/python3.7/site-packages/airflow/example_dags/example_branch_operator.py
[2024-09-09T02:09:52.734+0000] {processor.py:743} INFO - Processing file /home/airflow/.local/lib/python3.7/site-packages/airflow/example_dags/example_branch_operator.py for tasks to queue
[2024-09-09T02:09:52.735+0000] {logging_mixin.py:137} INFO - [2024-09-09T02:09:52.735+0000] {dagbag.py:538} INFO - Filling up the DagBag from /home/airflow/.local/lib/python3.7/site-packages/airflow/example_dags/example_branch_operator.py
[2024-09-09T02:09:52.749+0000] {processor.py:753} INFO - DAG(s) dict_keys(['example_branch_operator']) retrieved from /home/airflow/.local/lib/python3.7/site-packages/airflow/example_dags/example_branch_operator.py
[2024-09-09T02:09:52.784+0000] {logging_mixin.py:137} INFO - [2024-09-09T02:09:52.784+0000] {dag.py:2676} INFO - Sync 1 DAGs
[2024-09-09T02:09:52.806+0000] {logging_mixin.py:137} INFO - [2024-09-09T02:09:52.806+0000] {dag.py:3427} INFO - Setting next_dagrun for example_branch_operator to 2024-09-08T00:00:00+00:00, run_after=2024-09-09T00:00:00+00:00
[2024-09-09T02:09:52.827+0000] {processor.py:175} INFO - Processing /home/airflow/.local/lib/python3.7/site-packages/airflow/example_dags/example_branch_operator.py took 0.096 seconds
[2024-09-09T02:10:22.966+0000] {processor.py:153} INFO - Started process (PID=7021) to work on /home/airflow/.local/lib/python3.7/site-packages/airflow/example_dags/example_branch_operator.py
[2024-09-09T02:10:22.977+0000] {processor.py:743} INFO - Processing file /home/airflow/.local/lib/python3.7/site-packages/airflow/example_dags/example_branch_operator.py for tasks to queue
[2024-09-09T02:10:22.978+0000] {logging_mixin.py:137} INFO - [2024-09-09T02:10:22.978+0000] {dagbag.py:538} INFO - Filling up the DagBag from /home/airflow/.local/lib/python3.7/site-packages/airflow/example_dags/example_branch_operator.py
[2024-09-09T02:10:22.991+0000] {processor.py:753} INFO - DAG(s) dict_keys(['example_branch_operator']) retrieved from /home/airflow/.local/lib/python3.7/site-packages/airflow/example_dags/example_branch_operator.py
[2024-09-09T02:10:23.023+0000] {logging_mixin.py:137} INFO - [2024-09-09T02:10:23.023+0000] {dag.py:2676} INFO - Sync 1 DAGs
[2024-09-09T02:10:23.045+0000] {logging_mixin.py:137} INFO - [2024-09-09T02:10:23.045+0000] {dag.py:3427} INFO - Setting next_dagrun for example_branch_operator to 2024-09-08T00:00:00+00:00, run_after=2024-09-09T00:00:00+00:00
[2024-09-09T02:10:23.065+0000] {processor.py:175} INFO - Processing /home/airflow/.local/lib/python3.7/site-packages/airflow/example_dags/example_branch_operator.py took 0.101 seconds
