[2024-09-09T01:38:56.198+0000] {processor.py:153} INFO - Started process (PID=91) to work on /home/airflow/.local/lib/python3.7/site-packages/airflow/example_dags/example_external_task_marker_dag.py
[2024-09-09T01:38:56.204+0000] {processor.py:743} INFO - Processing file /home/airflow/.local/lib/python3.7/site-packages/airflow/example_dags/example_external_task_marker_dag.py for tasks to queue
[2024-09-09T01:38:56.204+0000] {logging_mixin.py:137} INFO - [2024-09-09T01:38:56.204+0000] {dagbag.py:538} INFO - Filling up the DagBag from /home/airflow/.local/lib/python3.7/site-packages/airflow/example_dags/example_external_task_marker_dag.py
[2024-09-09T01:38:56.278+0000] {processor.py:753} INFO - DAG(s) dict_keys(['example_external_task_marker_parent', 'example_external_task_marker_child']) retrieved from /home/airflow/.local/lib/python3.7/site-packages/airflow/example_dags/example_external_task_marker_dag.py
[2024-09-09T01:38:56.533+0000] {logging_mixin.py:137} INFO - [2024-09-09T01:38:56.533+0000] {dag.py:2676} INFO - Sync 2 DAGs
[2024-09-09T01:38:56.624+0000] {logging_mixin.py:137} INFO - [2024-09-09T01:38:56.624+0000] {dag.py:3427} INFO - Setting next_dagrun for example_external_task_marker_child to None, run_after=None
[2024-09-09T01:38:56.634+0000] {logging_mixin.py:137} INFO - [2024-09-09T01:38:56.634+0000] {dag.py:3427} INFO - Setting next_dagrun for example_external_task_marker_parent to None, run_after=None
[2024-09-09T01:38:56.678+0000] {processor.py:175} INFO - Processing /home/airflow/.local/lib/python3.7/site-packages/airflow/example_dags/example_external_task_marker_dag.py took 0.491 seconds
[2024-09-09T01:39:27.464+0000] {processor.py:153} INFO - Started process (PID=187) to work on /home/airflow/.local/lib/python3.7/site-packages/airflow/example_dags/example_external_task_marker_dag.py
[2024-09-09T01:39:27.465+0000] {processor.py:743} INFO - Processing file /home/airflow/.local/lib/python3.7/site-packages/airflow/example_dags/example_external_task_marker_dag.py for tasks to queue
[2024-09-09T01:39:27.466+0000] {logging_mixin.py:137} INFO - [2024-09-09T01:39:27.466+0000] {dagbag.py:538} INFO - Filling up the DagBag from /home/airflow/.local/lib/python3.7/site-packages/airflow/example_dags/example_external_task_marker_dag.py
[2024-09-09T01:39:27.482+0000] {processor.py:753} INFO - DAG(s) dict_keys(['example_external_task_marker_child', 'example_external_task_marker_parent']) retrieved from /home/airflow/.local/lib/python3.7/site-packages/airflow/example_dags/example_external_task_marker_dag.py
[2024-09-09T01:39:27.518+0000] {logging_mixin.py:137} INFO - [2024-09-09T01:39:27.517+0000] {dag.py:2676} INFO - Sync 2 DAGs
[2024-09-09T01:39:27.541+0000] {logging_mixin.py:137} INFO - [2024-09-09T01:39:27.541+0000] {dag.py:3427} INFO - Setting next_dagrun for example_external_task_marker_child to None, run_after=None
[2024-09-09T01:39:27.544+0000] {logging_mixin.py:137} INFO - [2024-09-09T01:39:27.544+0000] {dag.py:3427} INFO - Setting next_dagrun for example_external_task_marker_parent to None, run_after=None
[2024-09-09T01:39:27.564+0000] {processor.py:175} INFO - Processing /home/airflow/.local/lib/python3.7/site-packages/airflow/example_dags/example_external_task_marker_dag.py took 0.102 seconds
[2024-09-09T01:39:57.976+0000] {processor.py:153} INFO - Started process (PID=283) to work on /home/airflow/.local/lib/python3.7/site-packages/airflow/example_dags/example_external_task_marker_dag.py
[2024-09-09T01:39:57.977+0000] {processor.py:743} INFO - Processing file /home/airflow/.local/lib/python3.7/site-packages/airflow/example_dags/example_external_task_marker_dag.py for tasks to queue
[2024-09-09T01:39:57.977+0000] {logging_mixin.py:137} INFO - [2024-09-09T01:39:57.977+0000] {dagbag.py:538} INFO - Filling up the DagBag from /home/airflow/.local/lib/python3.7/site-packages/airflow/example_dags/example_external_task_marker_dag.py
[2024-09-09T01:39:57.988+0000] {processor.py:753} INFO - DAG(s) dict_keys(['example_external_task_marker_child', 'example_external_task_marker_parent']) retrieved from /home/airflow/.local/lib/python3.7/site-packages/airflow/example_dags/example_external_task_marker_dag.py
[2024-09-09T01:39:58.020+0000] {logging_mixin.py:137} INFO - [2024-09-09T01:39:58.020+0000] {dag.py:2676} INFO - Sync 2 DAGs
[2024-09-09T01:39:58.041+0000] {logging_mixin.py:137} INFO - [2024-09-09T01:39:58.040+0000] {dag.py:3427} INFO - Setting next_dagrun for example_external_task_marker_child to None, run_after=None
[2024-09-09T01:39:58.043+0000] {logging_mixin.py:137} INFO - [2024-09-09T01:39:58.043+0000] {dag.py:3427} INFO - Setting next_dagrun for example_external_task_marker_parent to None, run_after=None
[2024-09-09T01:39:58.061+0000] {processor.py:175} INFO - Processing /home/airflow/.local/lib/python3.7/site-packages/airflow/example_dags/example_external_task_marker_dag.py took 0.088 seconds
[2024-09-09T01:40:28.547+0000] {processor.py:153} INFO - Started process (PID=407) to work on /home/airflow/.local/lib/python3.7/site-packages/airflow/example_dags/example_external_task_marker_dag.py
[2024-09-09T01:40:28.548+0000] {processor.py:743} INFO - Processing file /home/airflow/.local/lib/python3.7/site-packages/airflow/example_dags/example_external_task_marker_dag.py for tasks to queue
[2024-09-09T01:40:28.549+0000] {logging_mixin.py:137} INFO - [2024-09-09T01:40:28.549+0000] {dagbag.py:538} INFO - Filling up the DagBag from /home/airflow/.local/lib/python3.7/site-packages/airflow/example_dags/example_external_task_marker_dag.py
[2024-09-09T01:40:28.558+0000] {processor.py:753} INFO - DAG(s) dict_keys(['example_external_task_marker_parent', 'example_external_task_marker_child']) retrieved from /home/airflow/.local/lib/python3.7/site-packages/airflow/example_dags/example_external_task_marker_dag.py
[2024-09-09T01:40:28.588+0000] {logging_mixin.py:137} INFO - [2024-09-09T01:40:28.588+0000] {dag.py:2676} INFO - Sync 2 DAGs
[2024-09-09T01:40:28.605+0000] {logging_mixin.py:137} INFO - [2024-09-09T01:40:28.605+0000] {dag.py:3427} INFO - Setting next_dagrun for example_external_task_marker_child to None, run_after=None
[2024-09-09T01:40:28.607+0000] {logging_mixin.py:137} INFO - [2024-09-09T01:40:28.607+0000] {dag.py:3427} INFO - Setting next_dagrun for example_external_task_marker_parent to None, run_after=None
[2024-09-09T01:40:28.624+0000] {processor.py:175} INFO - Processing /home/airflow/.local/lib/python3.7/site-packages/airflow/example_dags/example_external_task_marker_dag.py took 0.079 seconds
[2024-09-09T01:40:58.732+0000] {processor.py:153} INFO - Started process (PID=510) to work on /home/airflow/.local/lib/python3.7/site-packages/airflow/example_dags/example_external_task_marker_dag.py
[2024-09-09T01:40:58.733+0000] {processor.py:743} INFO - Processing file /home/airflow/.local/lib/python3.7/site-packages/airflow/example_dags/example_external_task_marker_dag.py for tasks to queue
[2024-09-09T01:40:58.733+0000] {logging_mixin.py:137} INFO - [2024-09-09T01:40:58.733+0000] {dagbag.py:538} INFO - Filling up the DagBag from /home/airflow/.local/lib/python3.7/site-packages/airflow/example_dags/example_external_task_marker_dag.py
[2024-09-09T01:40:58.743+0000] {processor.py:753} INFO - DAG(s) dict_keys(['example_external_task_marker_child', 'example_external_task_marker_parent']) retrieved from /home/airflow/.local/lib/python3.7/site-packages/airflow/example_dags/example_external_task_marker_dag.py
[2024-09-09T01:40:58.776+0000] {logging_mixin.py:137} INFO - [2024-09-09T01:40:58.776+0000] {dag.py:2676} INFO - Sync 2 DAGs
[2024-09-09T01:40:58.797+0000] {logging_mixin.py:137} INFO - [2024-09-09T01:40:58.796+0000] {dag.py:3427} INFO - Setting next_dagrun for example_external_task_marker_child to None, run_after=None
[2024-09-09T01:40:58.800+0000] {logging_mixin.py:137} INFO - [2024-09-09T01:40:58.799+0000] {dag.py:3427} INFO - Setting next_dagrun for example_external_task_marker_parent to None, run_after=None
[2024-09-09T01:40:58.818+0000] {processor.py:175} INFO - Processing /home/airflow/.local/lib/python3.7/site-packages/airflow/example_dags/example_external_task_marker_dag.py took 0.088 seconds
[2024-09-09T01:41:29.025+0000] {processor.py:153} INFO - Started process (PID=627) to work on /home/airflow/.local/lib/python3.7/site-packages/airflow/example_dags/example_external_task_marker_dag.py
[2024-09-09T01:41:29.026+0000] {processor.py:743} INFO - Processing file /home/airflow/.local/lib/python3.7/site-packages/airflow/example_dags/example_external_task_marker_dag.py for tasks to queue
[2024-09-09T01:41:29.027+0000] {logging_mixin.py:137} INFO - [2024-09-09T01:41:29.027+0000] {dagbag.py:538} INFO - Filling up the DagBag from /home/airflow/.local/lib/python3.7/site-packages/airflow/example_dags/example_external_task_marker_dag.py
[2024-09-09T01:41:29.037+0000] {processor.py:753} INFO - DAG(s) dict_keys(['example_external_task_marker_child', 'example_external_task_marker_parent']) retrieved from /home/airflow/.local/lib/python3.7/site-packages/airflow/example_dags/example_external_task_marker_dag.py
[2024-09-09T01:41:29.076+0000] {logging_mixin.py:137} INFO - [2024-09-09T01:41:29.076+0000] {dag.py:2676} INFO - Sync 2 DAGs
[2024-09-09T01:41:29.098+0000] {logging_mixin.py:137} INFO - [2024-09-09T01:41:29.098+0000] {dag.py:3427} INFO - Setting next_dagrun for example_external_task_marker_child to None, run_after=None
[2024-09-09T01:41:29.101+0000] {logging_mixin.py:137} INFO - [2024-09-09T01:41:29.101+0000] {dag.py:3427} INFO - Setting next_dagrun for example_external_task_marker_parent to None, run_after=None
[2024-09-09T01:41:29.118+0000] {processor.py:175} INFO - Processing /home/airflow/.local/lib/python3.7/site-packages/airflow/example_dags/example_external_task_marker_dag.py took 0.095 seconds
[2024-09-09T01:41:59.593+0000] {processor.py:153} INFO - Started process (PID=751) to work on /home/airflow/.local/lib/python3.7/site-packages/airflow/example_dags/example_external_task_marker_dag.py
[2024-09-09T01:41:59.594+0000] {processor.py:743} INFO - Processing file /home/airflow/.local/lib/python3.7/site-packages/airflow/example_dags/example_external_task_marker_dag.py for tasks to queue
[2024-09-09T01:41:59.594+0000] {logging_mixin.py:137} INFO - [2024-09-09T01:41:59.594+0000] {dagbag.py:538} INFO - Filling up the DagBag from /home/airflow/.local/lib/python3.7/site-packages/airflow/example_dags/example_external_task_marker_dag.py
[2024-09-09T01:41:59.608+0000] {processor.py:753} INFO - DAG(s) dict_keys(['example_external_task_marker_child', 'example_external_task_marker_parent']) retrieved from /home/airflow/.local/lib/python3.7/site-packages/airflow/example_dags/example_external_task_marker_dag.py
[2024-09-09T01:41:59.652+0000] {logging_mixin.py:137} INFO - [2024-09-09T01:41:59.652+0000] {dag.py:2676} INFO - Sync 2 DAGs
[2024-09-09T01:41:59.680+0000] {logging_mixin.py:137} INFO - [2024-09-09T01:41:59.680+0000] {dag.py:3427} INFO - Setting next_dagrun for example_external_task_marker_child to None, run_after=None
[2024-09-09T01:41:59.684+0000] {logging_mixin.py:137} INFO - [2024-09-09T01:41:59.684+0000] {dag.py:3427} INFO - Setting next_dagrun for example_external_task_marker_parent to None, run_after=None
[2024-09-09T01:41:59.704+0000] {processor.py:175} INFO - Processing /home/airflow/.local/lib/python3.7/site-packages/airflow/example_dags/example_external_task_marker_dag.py took 0.115 seconds
[2024-09-09T01:42:29.913+0000] {processor.py:153} INFO - Started process (PID=845) to work on /home/airflow/.local/lib/python3.7/site-packages/airflow/example_dags/example_external_task_marker_dag.py
[2024-09-09T01:42:29.920+0000] {processor.py:743} INFO - Processing file /home/airflow/.local/lib/python3.7/site-packages/airflow/example_dags/example_external_task_marker_dag.py for tasks to queue
[2024-09-09T01:42:29.921+0000] {logging_mixin.py:137} INFO - [2024-09-09T01:42:29.921+0000] {dagbag.py:538} INFO - Filling up the DagBag from /home/airflow/.local/lib/python3.7/site-packages/airflow/example_dags/example_external_task_marker_dag.py
[2024-09-09T01:42:29.932+0000] {processor.py:753} INFO - DAG(s) dict_keys(['example_external_task_marker_child', 'example_external_task_marker_parent']) retrieved from /home/airflow/.local/lib/python3.7/site-packages/airflow/example_dags/example_external_task_marker_dag.py
[2024-09-09T01:42:29.969+0000] {logging_mixin.py:137} INFO - [2024-09-09T01:42:29.969+0000] {dag.py:2676} INFO - Sync 2 DAGs
[2024-09-09T01:42:29.989+0000] {logging_mixin.py:137} INFO - [2024-09-09T01:42:29.988+0000] {dag.py:3427} INFO - Setting next_dagrun for example_external_task_marker_child to None, run_after=None
[2024-09-09T01:42:29.991+0000] {logging_mixin.py:137} INFO - [2024-09-09T01:42:29.991+0000] {dag.py:3427} INFO - Setting next_dagrun for example_external_task_marker_parent to None, run_after=None
[2024-09-09T01:42:30.009+0000] {processor.py:175} INFO - Processing /home/airflow/.local/lib/python3.7/site-packages/airflow/example_dags/example_external_task_marker_dag.py took 0.099 seconds
[2024-09-09T01:43:00.238+0000] {processor.py:153} INFO - Started process (PID=969) to work on /home/airflow/.local/lib/python3.7/site-packages/airflow/example_dags/example_external_task_marker_dag.py
[2024-09-09T01:43:00.239+0000] {processor.py:743} INFO - Processing file /home/airflow/.local/lib/python3.7/site-packages/airflow/example_dags/example_external_task_marker_dag.py for tasks to queue
[2024-09-09T01:43:00.239+0000] {logging_mixin.py:137} INFO - [2024-09-09T01:43:00.239+0000] {dagbag.py:538} INFO - Filling up the DagBag from /home/airflow/.local/lib/python3.7/site-packages/airflow/example_dags/example_external_task_marker_dag.py
[2024-09-09T01:43:00.251+0000] {processor.py:753} INFO - DAG(s) dict_keys(['example_external_task_marker_parent', 'example_external_task_marker_child']) retrieved from /home/airflow/.local/lib/python3.7/site-packages/airflow/example_dags/example_external_task_marker_dag.py
[2024-09-09T01:43:00.282+0000] {logging_mixin.py:137} INFO - [2024-09-09T01:43:00.281+0000] {dag.py:2676} INFO - Sync 2 DAGs
[2024-09-09T01:43:00.301+0000] {logging_mixin.py:137} INFO - [2024-09-09T01:43:00.301+0000] {dag.py:3427} INFO - Setting next_dagrun for example_external_task_marker_child to None, run_after=None
[2024-09-09T01:43:00.303+0000] {logging_mixin.py:137} INFO - [2024-09-09T01:43:00.303+0000] {dag.py:3427} INFO - Setting next_dagrun for example_external_task_marker_parent to None, run_after=None
[2024-09-09T01:43:00.322+0000] {processor.py:175} INFO - Processing /home/airflow/.local/lib/python3.7/site-packages/airflow/example_dags/example_external_task_marker_dag.py took 0.086 seconds
[2024-09-09T01:43:30.852+0000] {processor.py:153} INFO - Started process (PID=1065) to work on /home/airflow/.local/lib/python3.7/site-packages/airflow/example_dags/example_external_task_marker_dag.py
[2024-09-09T01:43:30.853+0000] {processor.py:743} INFO - Processing file /home/airflow/.local/lib/python3.7/site-packages/airflow/example_dags/example_external_task_marker_dag.py for tasks to queue
[2024-09-09T01:43:30.854+0000] {logging_mixin.py:137} INFO - [2024-09-09T01:43:30.854+0000] {dagbag.py:538} INFO - Filling up the DagBag from /home/airflow/.local/lib/python3.7/site-packages/airflow/example_dags/example_external_task_marker_dag.py
[2024-09-09T01:43:30.866+0000] {processor.py:753} INFO - DAG(s) dict_keys(['example_external_task_marker_child', 'example_external_task_marker_parent']) retrieved from /home/airflow/.local/lib/python3.7/site-packages/airflow/example_dags/example_external_task_marker_dag.py
[2024-09-09T01:43:30.902+0000] {logging_mixin.py:137} INFO - [2024-09-09T01:43:30.902+0000] {dag.py:2676} INFO - Sync 2 DAGs
[2024-09-09T01:43:30.927+0000] {logging_mixin.py:137} INFO - [2024-09-09T01:43:30.927+0000] {dag.py:3427} INFO - Setting next_dagrun for example_external_task_marker_child to None, run_after=None
[2024-09-09T01:43:30.930+0000] {logging_mixin.py:137} INFO - [2024-09-09T01:43:30.930+0000] {dag.py:3427} INFO - Setting next_dagrun for example_external_task_marker_parent to None, run_after=None
[2024-09-09T01:43:30.948+0000] {processor.py:175} INFO - Processing /home/airflow/.local/lib/python3.7/site-packages/airflow/example_dags/example_external_task_marker_dag.py took 0.098 seconds
[2024-09-09T01:44:01.874+0000] {processor.py:153} INFO - Started process (PID=1191) to work on /home/airflow/.local/lib/python3.7/site-packages/airflow/example_dags/example_external_task_marker_dag.py
[2024-09-09T01:44:01.876+0000] {processor.py:743} INFO - Processing file /home/airflow/.local/lib/python3.7/site-packages/airflow/example_dags/example_external_task_marker_dag.py for tasks to queue
[2024-09-09T01:44:01.876+0000] {logging_mixin.py:137} INFO - [2024-09-09T01:44:01.876+0000] {dagbag.py:538} INFO - Filling up the DagBag from /home/airflow/.local/lib/python3.7/site-packages/airflow/example_dags/example_external_task_marker_dag.py
[2024-09-09T01:44:01.890+0000] {processor.py:753} INFO - DAG(s) dict_keys(['example_external_task_marker_child', 'example_external_task_marker_parent']) retrieved from /home/airflow/.local/lib/python3.7/site-packages/airflow/example_dags/example_external_task_marker_dag.py
[2024-09-09T01:44:01.928+0000] {logging_mixin.py:137} INFO - [2024-09-09T01:44:01.928+0000] {dag.py:2676} INFO - Sync 2 DAGs
[2024-09-09T01:44:01.953+0000] {logging_mixin.py:137} INFO - [2024-09-09T01:44:01.953+0000] {dag.py:3427} INFO - Setting next_dagrun for example_external_task_marker_child to None, run_after=None
[2024-09-09T01:44:01.956+0000] {logging_mixin.py:137} INFO - [2024-09-09T01:44:01.956+0000] {dag.py:3427} INFO - Setting next_dagrun for example_external_task_marker_parent to None, run_after=None
[2024-09-09T01:44:01.976+0000] {processor.py:175} INFO - Processing /home/airflow/.local/lib/python3.7/site-packages/airflow/example_dags/example_external_task_marker_dag.py took 0.105 seconds
[2024-09-09T01:44:32.028+0000] {processor.py:153} INFO - Started process (PID=1285) to work on /home/airflow/.local/lib/python3.7/site-packages/airflow/example_dags/example_external_task_marker_dag.py
[2024-09-09T01:44:32.036+0000] {processor.py:743} INFO - Processing file /home/airflow/.local/lib/python3.7/site-packages/airflow/example_dags/example_external_task_marker_dag.py for tasks to queue
[2024-09-09T01:44:32.037+0000] {logging_mixin.py:137} INFO - [2024-09-09T01:44:32.037+0000] {dagbag.py:538} INFO - Filling up the DagBag from /home/airflow/.local/lib/python3.7/site-packages/airflow/example_dags/example_external_task_marker_dag.py
[2024-09-09T01:44:32.052+0000] {processor.py:753} INFO - DAG(s) dict_keys(['example_external_task_marker_parent', 'example_external_task_marker_child']) retrieved from /home/airflow/.local/lib/python3.7/site-packages/airflow/example_dags/example_external_task_marker_dag.py
[2024-09-09T01:44:32.082+0000] {logging_mixin.py:137} INFO - [2024-09-09T01:44:32.082+0000] {dag.py:2676} INFO - Sync 2 DAGs
[2024-09-09T01:44:32.101+0000] {logging_mixin.py:137} INFO - [2024-09-09T01:44:32.101+0000] {dag.py:3427} INFO - Setting next_dagrun for example_external_task_marker_child to None, run_after=None
[2024-09-09T01:44:32.104+0000] {logging_mixin.py:137} INFO - [2024-09-09T01:44:32.104+0000] {dag.py:3427} INFO - Setting next_dagrun for example_external_task_marker_parent to None, run_after=None
[2024-09-09T01:44:32.121+0000] {processor.py:175} INFO - Processing /home/airflow/.local/lib/python3.7/site-packages/airflow/example_dags/example_external_task_marker_dag.py took 0.096 seconds
[2024-09-09T01:45:02.695+0000] {processor.py:153} INFO - Started process (PID=1409) to work on /home/airflow/.local/lib/python3.7/site-packages/airflow/example_dags/example_external_task_marker_dag.py
[2024-09-09T01:45:02.696+0000] {processor.py:743} INFO - Processing file /home/airflow/.local/lib/python3.7/site-packages/airflow/example_dags/example_external_task_marker_dag.py for tasks to queue
[2024-09-09T01:45:02.696+0000] {logging_mixin.py:137} INFO - [2024-09-09T01:45:02.696+0000] {dagbag.py:538} INFO - Filling up the DagBag from /home/airflow/.local/lib/python3.7/site-packages/airflow/example_dags/example_external_task_marker_dag.py
[2024-09-09T01:45:02.705+0000] {processor.py:753} INFO - DAG(s) dict_keys(['example_external_task_marker_child', 'example_external_task_marker_parent']) retrieved from /home/airflow/.local/lib/python3.7/site-packages/airflow/example_dags/example_external_task_marker_dag.py
[2024-09-09T01:45:02.735+0000] {logging_mixin.py:137} INFO - [2024-09-09T01:45:02.735+0000] {dag.py:2676} INFO - Sync 2 DAGs
[2024-09-09T01:45:02.752+0000] {logging_mixin.py:137} INFO - [2024-09-09T01:45:02.752+0000] {dag.py:3427} INFO - Setting next_dagrun for example_external_task_marker_child to None, run_after=None
[2024-09-09T01:45:02.754+0000] {logging_mixin.py:137} INFO - [2024-09-09T01:45:02.754+0000] {dag.py:3427} INFO - Setting next_dagrun for example_external_task_marker_parent to None, run_after=None
[2024-09-09T01:45:02.771+0000] {processor.py:175} INFO - Processing /home/airflow/.local/lib/python3.7/site-packages/airflow/example_dags/example_external_task_marker_dag.py took 0.078 seconds
[2024-09-09T01:45:32.853+0000] {processor.py:153} INFO - Started process (PID=1515) to work on /home/airflow/.local/lib/python3.7/site-packages/airflow/example_dags/example_external_task_marker_dag.py
[2024-09-09T01:45:32.854+0000] {processor.py:743} INFO - Processing file /home/airflow/.local/lib/python3.7/site-packages/airflow/example_dags/example_external_task_marker_dag.py for tasks to queue
[2024-09-09T01:45:32.855+0000] {logging_mixin.py:137} INFO - [2024-09-09T01:45:32.855+0000] {dagbag.py:538} INFO - Filling up the DagBag from /home/airflow/.local/lib/python3.7/site-packages/airflow/example_dags/example_external_task_marker_dag.py
[2024-09-09T01:45:32.866+0000] {processor.py:753} INFO - DAG(s) dict_keys(['example_external_task_marker_parent', 'example_external_task_marker_child']) retrieved from /home/airflow/.local/lib/python3.7/site-packages/airflow/example_dags/example_external_task_marker_dag.py
[2024-09-09T01:45:32.924+0000] {logging_mixin.py:137} INFO - [2024-09-09T01:45:32.924+0000] {dag.py:2676} INFO - Sync 2 DAGs
[2024-09-09T01:45:33.004+0000] {logging_mixin.py:137} INFO - [2024-09-09T01:45:33.004+0000] {dag.py:3427} INFO - Setting next_dagrun for example_external_task_marker_child to None, run_after=None
[2024-09-09T01:45:33.008+0000] {logging_mixin.py:137} INFO - [2024-09-09T01:45:33.008+0000] {dag.py:3427} INFO - Setting next_dagrun for example_external_task_marker_parent to None, run_after=None
[2024-09-09T01:45:33.028+0000] {processor.py:175} INFO - Processing /home/airflow/.local/lib/python3.7/site-packages/airflow/example_dags/example_external_task_marker_dag.py took 0.178 seconds
[2024-09-09T01:46:03.947+0000] {processor.py:153} INFO - Started process (PID=1630) to work on /home/airflow/.local/lib/python3.7/site-packages/airflow/example_dags/example_external_task_marker_dag.py
[2024-09-09T01:46:03.948+0000] {processor.py:743} INFO - Processing file /home/airflow/.local/lib/python3.7/site-packages/airflow/example_dags/example_external_task_marker_dag.py for tasks to queue
[2024-09-09T01:46:03.948+0000] {logging_mixin.py:137} INFO - [2024-09-09T01:46:03.948+0000] {dagbag.py:538} INFO - Filling up the DagBag from /home/airflow/.local/lib/python3.7/site-packages/airflow/example_dags/example_external_task_marker_dag.py
[2024-09-09T01:46:03.958+0000] {processor.py:753} INFO - DAG(s) dict_keys(['example_external_task_marker_parent', 'example_external_task_marker_child']) retrieved from /home/airflow/.local/lib/python3.7/site-packages/airflow/example_dags/example_external_task_marker_dag.py
[2024-09-09T01:46:03.987+0000] {logging_mixin.py:137} INFO - [2024-09-09T01:46:03.987+0000] {dag.py:2676} INFO - Sync 2 DAGs
[2024-09-09T01:46:04.004+0000] {logging_mixin.py:137} INFO - [2024-09-09T01:46:04.004+0000] {dag.py:3427} INFO - Setting next_dagrun for example_external_task_marker_child to None, run_after=None
[2024-09-09T01:46:04.006+0000] {logging_mixin.py:137} INFO - [2024-09-09T01:46:04.006+0000] {dag.py:3427} INFO - Setting next_dagrun for example_external_task_marker_parent to None, run_after=None
[2024-09-09T01:46:04.023+0000] {processor.py:175} INFO - Processing /home/airflow/.local/lib/python3.7/site-packages/airflow/example_dags/example_external_task_marker_dag.py took 0.077 seconds
[2024-09-09T01:46:34.461+0000] {processor.py:153} INFO - Started process (PID=1754) to work on /home/airflow/.local/lib/python3.7/site-packages/airflow/example_dags/example_external_task_marker_dag.py
[2024-09-09T01:46:34.462+0000] {processor.py:743} INFO - Processing file /home/airflow/.local/lib/python3.7/site-packages/airflow/example_dags/example_external_task_marker_dag.py for tasks to queue
[2024-09-09T01:46:34.462+0000] {logging_mixin.py:137} INFO - [2024-09-09T01:46:34.462+0000] {dagbag.py:538} INFO - Filling up the DagBag from /home/airflow/.local/lib/python3.7/site-packages/airflow/example_dags/example_external_task_marker_dag.py
[2024-09-09T01:46:34.472+0000] {processor.py:753} INFO - DAG(s) dict_keys(['example_external_task_marker_child', 'example_external_task_marker_parent']) retrieved from /home/airflow/.local/lib/python3.7/site-packages/airflow/example_dags/example_external_task_marker_dag.py
[2024-09-09T01:46:34.501+0000] {logging_mixin.py:137} INFO - [2024-09-09T01:46:34.501+0000] {dag.py:2676} INFO - Sync 2 DAGs
[2024-09-09T01:46:34.518+0000] {logging_mixin.py:137} INFO - [2024-09-09T01:46:34.518+0000] {dag.py:3427} INFO - Setting next_dagrun for example_external_task_marker_child to None, run_after=None
[2024-09-09T01:46:34.520+0000] {logging_mixin.py:137} INFO - [2024-09-09T01:46:34.520+0000] {dag.py:3427} INFO - Setting next_dagrun for example_external_task_marker_parent to None, run_after=None
[2024-09-09T01:46:34.539+0000] {processor.py:175} INFO - Processing /home/airflow/.local/lib/python3.7/site-packages/airflow/example_dags/example_external_task_marker_dag.py took 0.080 seconds
[2024-09-09T01:47:04.692+0000] {processor.py:153} INFO - Started process (PID=1850) to work on /home/airflow/.local/lib/python3.7/site-packages/airflow/example_dags/example_external_task_marker_dag.py
[2024-09-09T01:47:04.693+0000] {processor.py:743} INFO - Processing file /home/airflow/.local/lib/python3.7/site-packages/airflow/example_dags/example_external_task_marker_dag.py for tasks to queue
[2024-09-09T01:47:04.693+0000] {logging_mixin.py:137} INFO - [2024-09-09T01:47:04.693+0000] {dagbag.py:538} INFO - Filling up the DagBag from /home/airflow/.local/lib/python3.7/site-packages/airflow/example_dags/example_external_task_marker_dag.py
[2024-09-09T01:47:04.704+0000] {processor.py:753} INFO - DAG(s) dict_keys(['example_external_task_marker_child', 'example_external_task_marker_parent']) retrieved from /home/airflow/.local/lib/python3.7/site-packages/airflow/example_dags/example_external_task_marker_dag.py
[2024-09-09T01:47:04.734+0000] {logging_mixin.py:137} INFO - [2024-09-09T01:47:04.733+0000] {dag.py:2676} INFO - Sync 2 DAGs
[2024-09-09T01:47:04.754+0000] {logging_mixin.py:137} INFO - [2024-09-09T01:47:04.754+0000] {dag.py:3427} INFO - Setting next_dagrun for example_external_task_marker_child to None, run_after=None
[2024-09-09T01:47:04.757+0000] {logging_mixin.py:137} INFO - [2024-09-09T01:47:04.757+0000] {dag.py:3427} INFO - Setting next_dagrun for example_external_task_marker_parent to None, run_after=None
[2024-09-09T01:47:04.774+0000] {processor.py:175} INFO - Processing /home/airflow/.local/lib/python3.7/site-packages/airflow/example_dags/example_external_task_marker_dag.py took 0.085 seconds
[2024-09-09T01:47:35.543+0000] {processor.py:153} INFO - Started process (PID=1974) to work on /home/airflow/.local/lib/python3.7/site-packages/airflow/example_dags/example_external_task_marker_dag.py
[2024-09-09T01:47:35.545+0000] {processor.py:743} INFO - Processing file /home/airflow/.local/lib/python3.7/site-packages/airflow/example_dags/example_external_task_marker_dag.py for tasks to queue
[2024-09-09T01:47:35.546+0000] {logging_mixin.py:137} INFO - [2024-09-09T01:47:35.546+0000] {dagbag.py:538} INFO - Filling up the DagBag from /home/airflow/.local/lib/python3.7/site-packages/airflow/example_dags/example_external_task_marker_dag.py
[2024-09-09T01:47:35.555+0000] {processor.py:753} INFO - DAG(s) dict_keys(['example_external_task_marker_parent', 'example_external_task_marker_child']) retrieved from /home/airflow/.local/lib/python3.7/site-packages/airflow/example_dags/example_external_task_marker_dag.py
[2024-09-09T01:47:35.586+0000] {logging_mixin.py:137} INFO - [2024-09-09T01:47:35.586+0000] {dag.py:2676} INFO - Sync 2 DAGs
[2024-09-09T01:47:35.606+0000] {logging_mixin.py:137} INFO - [2024-09-09T01:47:35.606+0000] {dag.py:3427} INFO - Setting next_dagrun for example_external_task_marker_child to None, run_after=None
[2024-09-09T01:47:35.609+0000] {logging_mixin.py:137} INFO - [2024-09-09T01:47:35.609+0000] {dag.py:3427} INFO - Setting next_dagrun for example_external_task_marker_parent to None, run_after=None
[2024-09-09T01:47:35.627+0000] {processor.py:175} INFO - Processing /home/airflow/.local/lib/python3.7/site-packages/airflow/example_dags/example_external_task_marker_dag.py took 0.086 seconds
[2024-09-09T01:48:05.924+0000] {processor.py:153} INFO - Started process (PID=2098) to work on /home/airflow/.local/lib/python3.7/site-packages/airflow/example_dags/example_external_task_marker_dag.py
[2024-09-09T01:48:05.925+0000] {processor.py:743} INFO - Processing file /home/airflow/.local/lib/python3.7/site-packages/airflow/example_dags/example_external_task_marker_dag.py for tasks to queue
[2024-09-09T01:48:05.925+0000] {logging_mixin.py:137} INFO - [2024-09-09T01:48:05.925+0000] {dagbag.py:538} INFO - Filling up the DagBag from /home/airflow/.local/lib/python3.7/site-packages/airflow/example_dags/example_external_task_marker_dag.py
[2024-09-09T01:48:05.936+0000] {processor.py:753} INFO - DAG(s) dict_keys(['example_external_task_marker_child', 'example_external_task_marker_parent']) retrieved from /home/airflow/.local/lib/python3.7/site-packages/airflow/example_dags/example_external_task_marker_dag.py
[2024-09-09T01:48:05.977+0000] {logging_mixin.py:137} INFO - [2024-09-09T01:48:05.976+0000] {dag.py:2676} INFO - Sync 2 DAGs
[2024-09-09T01:48:06.000+0000] {logging_mixin.py:137} INFO - [2024-09-09T01:48:06.000+0000] {dag.py:3427} INFO - Setting next_dagrun for example_external_task_marker_child to None, run_after=None
[2024-09-09T01:48:06.004+0000] {logging_mixin.py:137} INFO - [2024-09-09T01:48:06.004+0000] {dag.py:3427} INFO - Setting next_dagrun for example_external_task_marker_parent to None, run_after=None
[2024-09-09T01:48:06.020+0000] {processor.py:175} INFO - Processing /home/airflow/.local/lib/python3.7/site-packages/airflow/example_dags/example_external_task_marker_dag.py took 0.099 seconds
[2024-09-09T01:48:36.220+0000] {processor.py:153} INFO - Started process (PID=2194) to work on /home/airflow/.local/lib/python3.7/site-packages/airflow/example_dags/example_external_task_marker_dag.py
[2024-09-09T01:48:36.222+0000] {processor.py:743} INFO - Processing file /home/airflow/.local/lib/python3.7/site-packages/airflow/example_dags/example_external_task_marker_dag.py for tasks to queue
[2024-09-09T01:48:36.222+0000] {logging_mixin.py:137} INFO - [2024-09-09T01:48:36.222+0000] {dagbag.py:538} INFO - Filling up the DagBag from /home/airflow/.local/lib/python3.7/site-packages/airflow/example_dags/example_external_task_marker_dag.py
[2024-09-09T01:48:36.235+0000] {processor.py:753} INFO - DAG(s) dict_keys(['example_external_task_marker_child', 'example_external_task_marker_parent']) retrieved from /home/airflow/.local/lib/python3.7/site-packages/airflow/example_dags/example_external_task_marker_dag.py
[2024-09-09T01:48:36.268+0000] {logging_mixin.py:137} INFO - [2024-09-09T01:48:36.268+0000] {dag.py:2676} INFO - Sync 2 DAGs
[2024-09-09T01:48:36.290+0000] {logging_mixin.py:137} INFO - [2024-09-09T01:48:36.290+0000] {dag.py:3427} INFO - Setting next_dagrun for example_external_task_marker_child to None, run_after=None
[2024-09-09T01:48:36.293+0000] {logging_mixin.py:137} INFO - [2024-09-09T01:48:36.293+0000] {dag.py:3427} INFO - Setting next_dagrun for example_external_task_marker_parent to None, run_after=None
[2024-09-09T01:48:36.310+0000] {processor.py:175} INFO - Processing /home/airflow/.local/lib/python3.7/site-packages/airflow/example_dags/example_external_task_marker_dag.py took 0.093 seconds
[2024-09-09T01:49:06.880+0000] {processor.py:153} INFO - Started process (PID=2318) to work on /home/airflow/.local/lib/python3.7/site-packages/airflow/example_dags/example_external_task_marker_dag.py
[2024-09-09T01:49:06.890+0000] {processor.py:743} INFO - Processing file /home/airflow/.local/lib/python3.7/site-packages/airflow/example_dags/example_external_task_marker_dag.py for tasks to queue
[2024-09-09T01:49:06.890+0000] {logging_mixin.py:137} INFO - [2024-09-09T01:49:06.890+0000] {dagbag.py:538} INFO - Filling up the DagBag from /home/airflow/.local/lib/python3.7/site-packages/airflow/example_dags/example_external_task_marker_dag.py
[2024-09-09T01:49:06.900+0000] {processor.py:753} INFO - DAG(s) dict_keys(['example_external_task_marker_parent', 'example_external_task_marker_child']) retrieved from /home/airflow/.local/lib/python3.7/site-packages/airflow/example_dags/example_external_task_marker_dag.py
[2024-09-09T01:49:06.932+0000] {logging_mixin.py:137} INFO - [2024-09-09T01:49:06.932+0000] {dag.py:2676} INFO - Sync 2 DAGs
[2024-09-09T01:49:06.953+0000] {logging_mixin.py:137} INFO - [2024-09-09T01:49:06.953+0000] {dag.py:3427} INFO - Setting next_dagrun for example_external_task_marker_child to None, run_after=None
[2024-09-09T01:49:06.957+0000] {logging_mixin.py:137} INFO - [2024-09-09T01:49:06.956+0000] {dag.py:3427} INFO - Setting next_dagrun for example_external_task_marker_parent to None, run_after=None
[2024-09-09T01:49:06.989+0000] {processor.py:175} INFO - Processing /home/airflow/.local/lib/python3.7/site-packages/airflow/example_dags/example_external_task_marker_dag.py took 0.111 seconds
[2024-09-09T01:49:37.240+0000] {processor.py:153} INFO - Started process (PID=2414) to work on /home/airflow/.local/lib/python3.7/site-packages/airflow/example_dags/example_external_task_marker_dag.py
[2024-09-09T01:49:37.241+0000] {processor.py:743} INFO - Processing file /home/airflow/.local/lib/python3.7/site-packages/airflow/example_dags/example_external_task_marker_dag.py for tasks to queue
[2024-09-09T01:49:37.241+0000] {logging_mixin.py:137} INFO - [2024-09-09T01:49:37.241+0000] {dagbag.py:538} INFO - Filling up the DagBag from /home/airflow/.local/lib/python3.7/site-packages/airflow/example_dags/example_external_task_marker_dag.py
[2024-09-09T01:49:37.252+0000] {processor.py:753} INFO - DAG(s) dict_keys(['example_external_task_marker_child', 'example_external_task_marker_parent']) retrieved from /home/airflow/.local/lib/python3.7/site-packages/airflow/example_dags/example_external_task_marker_dag.py
[2024-09-09T01:49:37.282+0000] {logging_mixin.py:137} INFO - [2024-09-09T01:49:37.282+0000] {dag.py:2676} INFO - Sync 2 DAGs
[2024-09-09T01:49:37.300+0000] {logging_mixin.py:137} INFO - [2024-09-09T01:49:37.300+0000] {dag.py:3427} INFO - Setting next_dagrun for example_external_task_marker_child to None, run_after=None
[2024-09-09T01:49:37.303+0000] {logging_mixin.py:137} INFO - [2024-09-09T01:49:37.303+0000] {dag.py:3427} INFO - Setting next_dagrun for example_external_task_marker_parent to None, run_after=None
[2024-09-09T01:49:37.320+0000] {processor.py:175} INFO - Processing /home/airflow/.local/lib/python3.7/site-packages/airflow/example_dags/example_external_task_marker_dag.py took 0.082 seconds
[2024-09-09T01:50:07.410+0000] {processor.py:153} INFO - Started process (PID=2538) to work on /home/airflow/.local/lib/python3.7/site-packages/airflow/example_dags/example_external_task_marker_dag.py
[2024-09-09T01:50:07.411+0000] {processor.py:743} INFO - Processing file /home/airflow/.local/lib/python3.7/site-packages/airflow/example_dags/example_external_task_marker_dag.py for tasks to queue
[2024-09-09T01:50:07.411+0000] {logging_mixin.py:137} INFO - [2024-09-09T01:50:07.411+0000] {dagbag.py:538} INFO - Filling up the DagBag from /home/airflow/.local/lib/python3.7/site-packages/airflow/example_dags/example_external_task_marker_dag.py
[2024-09-09T01:50:07.423+0000] {processor.py:753} INFO - DAG(s) dict_keys(['example_external_task_marker_child', 'example_external_task_marker_parent']) retrieved from /home/airflow/.local/lib/python3.7/site-packages/airflow/example_dags/example_external_task_marker_dag.py
[2024-09-09T01:50:07.456+0000] {logging_mixin.py:137} INFO - [2024-09-09T01:50:07.456+0000] {dag.py:2676} INFO - Sync 2 DAGs
[2024-09-09T01:50:07.476+0000] {logging_mixin.py:137} INFO - [2024-09-09T01:50:07.475+0000] {dag.py:3427} INFO - Setting next_dagrun for example_external_task_marker_child to None, run_after=None
[2024-09-09T01:50:07.478+0000] {logging_mixin.py:137} INFO - [2024-09-09T01:50:07.478+0000] {dag.py:3427} INFO - Setting next_dagrun for example_external_task_marker_parent to None, run_after=None
[2024-09-09T01:50:07.497+0000] {processor.py:175} INFO - Processing /home/airflow/.local/lib/python3.7/site-packages/airflow/example_dags/example_external_task_marker_dag.py took 0.090 seconds
[2024-09-09T01:50:37.639+0000] {processor.py:153} INFO - Started process (PID=2633) to work on /home/airflow/.local/lib/python3.7/site-packages/airflow/example_dags/example_external_task_marker_dag.py
[2024-09-09T01:50:37.641+0000] {processor.py:743} INFO - Processing file /home/airflow/.local/lib/python3.7/site-packages/airflow/example_dags/example_external_task_marker_dag.py for tasks to queue
[2024-09-09T01:50:37.641+0000] {logging_mixin.py:137} INFO - [2024-09-09T01:50:37.641+0000] {dagbag.py:538} INFO - Filling up the DagBag from /home/airflow/.local/lib/python3.7/site-packages/airflow/example_dags/example_external_task_marker_dag.py
[2024-09-09T01:50:37.651+0000] {processor.py:753} INFO - DAG(s) dict_keys(['example_external_task_marker_child', 'example_external_task_marker_parent']) retrieved from /home/airflow/.local/lib/python3.7/site-packages/airflow/example_dags/example_external_task_marker_dag.py
[2024-09-09T01:50:37.686+0000] {logging_mixin.py:137} INFO - [2024-09-09T01:50:37.686+0000] {dag.py:2676} INFO - Sync 2 DAGs
[2024-09-09T01:50:37.706+0000] {logging_mixin.py:137} INFO - [2024-09-09T01:50:37.706+0000] {dag.py:3427} INFO - Setting next_dagrun for example_external_task_marker_child to None, run_after=None
[2024-09-09T01:50:37.709+0000] {logging_mixin.py:137} INFO - [2024-09-09T01:50:37.709+0000] {dag.py:3427} INFO - Setting next_dagrun for example_external_task_marker_parent to None, run_after=None
[2024-09-09T01:50:37.724+0000] {processor.py:175} INFO - Processing /home/airflow/.local/lib/python3.7/site-packages/airflow/example_dags/example_external_task_marker_dag.py took 0.087 seconds
[2024-09-09T01:51:07.982+0000] {processor.py:153} INFO - Started process (PID=2757) to work on /home/airflow/.local/lib/python3.7/site-packages/airflow/example_dags/example_external_task_marker_dag.py
[2024-09-09T01:51:07.983+0000] {processor.py:743} INFO - Processing file /home/airflow/.local/lib/python3.7/site-packages/airflow/example_dags/example_external_task_marker_dag.py for tasks to queue
[2024-09-09T01:51:07.983+0000] {logging_mixin.py:137} INFO - [2024-09-09T01:51:07.983+0000] {dagbag.py:538} INFO - Filling up the DagBag from /home/airflow/.local/lib/python3.7/site-packages/airflow/example_dags/example_external_task_marker_dag.py
[2024-09-09T01:51:07.994+0000] {processor.py:753} INFO - DAG(s) dict_keys(['example_external_task_marker_child', 'example_external_task_marker_parent']) retrieved from /home/airflow/.local/lib/python3.7/site-packages/airflow/example_dags/example_external_task_marker_dag.py
[2024-09-09T01:51:08.023+0000] {logging_mixin.py:137} INFO - [2024-09-09T01:51:08.023+0000] {dag.py:2676} INFO - Sync 2 DAGs
[2024-09-09T01:51:08.041+0000] {logging_mixin.py:137} INFO - [2024-09-09T01:51:08.041+0000] {dag.py:3427} INFO - Setting next_dagrun for example_external_task_marker_child to None, run_after=None
[2024-09-09T01:51:08.044+0000] {logging_mixin.py:137} INFO - [2024-09-09T01:51:08.043+0000] {dag.py:3427} INFO - Setting next_dagrun for example_external_task_marker_parent to None, run_after=None
[2024-09-09T01:51:08.059+0000] {processor.py:175} INFO - Processing /home/airflow/.local/lib/python3.7/site-packages/airflow/example_dags/example_external_task_marker_dag.py took 0.079 seconds
[2024-09-09T01:51:38.518+0000] {processor.py:153} INFO - Started process (PID=2881) to work on /home/airflow/.local/lib/python3.7/site-packages/airflow/example_dags/example_external_task_marker_dag.py
[2024-09-09T01:51:38.519+0000] {processor.py:743} INFO - Processing file /home/airflow/.local/lib/python3.7/site-packages/airflow/example_dags/example_external_task_marker_dag.py for tasks to queue
[2024-09-09T01:51:38.519+0000] {logging_mixin.py:137} INFO - [2024-09-09T01:51:38.519+0000] {dagbag.py:538} INFO - Filling up the DagBag from /home/airflow/.local/lib/python3.7/site-packages/airflow/example_dags/example_external_task_marker_dag.py
[2024-09-09T01:51:38.532+0000] {processor.py:753} INFO - DAG(s) dict_keys(['example_external_task_marker_parent', 'example_external_task_marker_child']) retrieved from /home/airflow/.local/lib/python3.7/site-packages/airflow/example_dags/example_external_task_marker_dag.py
[2024-09-09T01:51:38.565+0000] {logging_mixin.py:137} INFO - [2024-09-09T01:51:38.565+0000] {dag.py:2676} INFO - Sync 2 DAGs
[2024-09-09T01:51:38.585+0000] {logging_mixin.py:137} INFO - [2024-09-09T01:51:38.585+0000] {dag.py:3427} INFO - Setting next_dagrun for example_external_task_marker_child to None, run_after=None
[2024-09-09T01:51:38.588+0000] {logging_mixin.py:137} INFO - [2024-09-09T01:51:38.587+0000] {dag.py:3427} INFO - Setting next_dagrun for example_external_task_marker_parent to None, run_after=None
[2024-09-09T01:51:38.604+0000] {processor.py:175} INFO - Processing /home/airflow/.local/lib/python3.7/site-packages/airflow/example_dags/example_external_task_marker_dag.py took 0.089 seconds
[2024-09-09T01:52:08.764+0000] {processor.py:153} INFO - Started process (PID=2978) to work on /home/airflow/.local/lib/python3.7/site-packages/airflow/example_dags/example_external_task_marker_dag.py
[2024-09-09T01:52:08.771+0000] {processor.py:743} INFO - Processing file /home/airflow/.local/lib/python3.7/site-packages/airflow/example_dags/example_external_task_marker_dag.py for tasks to queue
[2024-09-09T01:52:08.771+0000] {logging_mixin.py:137} INFO - [2024-09-09T01:52:08.771+0000] {dagbag.py:538} INFO - Filling up the DagBag from /home/airflow/.local/lib/python3.7/site-packages/airflow/example_dags/example_external_task_marker_dag.py
[2024-09-09T01:52:08.781+0000] {processor.py:753} INFO - DAG(s) dict_keys(['example_external_task_marker_parent', 'example_external_task_marker_child']) retrieved from /home/airflow/.local/lib/python3.7/site-packages/airflow/example_dags/example_external_task_marker_dag.py
[2024-09-09T01:52:08.815+0000] {logging_mixin.py:137} INFO - [2024-09-09T01:52:08.814+0000] {dag.py:2676} INFO - Sync 2 DAGs
[2024-09-09T01:52:08.834+0000] {logging_mixin.py:137} INFO - [2024-09-09T01:52:08.834+0000] {dag.py:3427} INFO - Setting next_dagrun for example_external_task_marker_child to None, run_after=None
[2024-09-09T01:52:08.836+0000] {logging_mixin.py:137} INFO - [2024-09-09T01:52:08.836+0000] {dag.py:3427} INFO - Setting next_dagrun for example_external_task_marker_parent to None, run_after=None
[2024-09-09T01:52:08.854+0000] {processor.py:175} INFO - Processing /home/airflow/.local/lib/python3.7/site-packages/airflow/example_dags/example_external_task_marker_dag.py took 0.092 seconds
[2024-09-09T01:52:39.124+0000] {processor.py:153} INFO - Started process (PID=3102) to work on /home/airflow/.local/lib/python3.7/site-packages/airflow/example_dags/example_external_task_marker_dag.py
[2024-09-09T01:52:39.125+0000] {processor.py:743} INFO - Processing file /home/airflow/.local/lib/python3.7/site-packages/airflow/example_dags/example_external_task_marker_dag.py for tasks to queue
[2024-09-09T01:52:39.126+0000] {logging_mixin.py:137} INFO - [2024-09-09T01:52:39.126+0000] {dagbag.py:538} INFO - Filling up the DagBag from /home/airflow/.local/lib/python3.7/site-packages/airflow/example_dags/example_external_task_marker_dag.py
[2024-09-09T01:52:39.137+0000] {processor.py:753} INFO - DAG(s) dict_keys(['example_external_task_marker_child', 'example_external_task_marker_parent']) retrieved from /home/airflow/.local/lib/python3.7/site-packages/airflow/example_dags/example_external_task_marker_dag.py
[2024-09-09T01:52:39.169+0000] {logging_mixin.py:137} INFO - [2024-09-09T01:52:39.169+0000] {dag.py:2676} INFO - Sync 2 DAGs
[2024-09-09T01:52:39.189+0000] {logging_mixin.py:137} INFO - [2024-09-09T01:52:39.189+0000] {dag.py:3427} INFO - Setting next_dagrun for example_external_task_marker_child to None, run_after=None
[2024-09-09T01:52:39.192+0000] {logging_mixin.py:137} INFO - [2024-09-09T01:52:39.192+0000] {dag.py:3427} INFO - Setting next_dagrun for example_external_task_marker_parent to None, run_after=None
[2024-09-09T01:52:39.212+0000] {processor.py:175} INFO - Processing /home/airflow/.local/lib/python3.7/site-packages/airflow/example_dags/example_external_task_marker_dag.py took 0.090 seconds
[2024-09-09T01:53:10.121+0000] {processor.py:153} INFO - Started process (PID=3198) to work on /home/airflow/.local/lib/python3.7/site-packages/airflow/example_dags/example_external_task_marker_dag.py
[2024-09-09T01:53:10.122+0000] {processor.py:743} INFO - Processing file /home/airflow/.local/lib/python3.7/site-packages/airflow/example_dags/example_external_task_marker_dag.py for tasks to queue
[2024-09-09T01:53:10.123+0000] {logging_mixin.py:137} INFO - [2024-09-09T01:53:10.122+0000] {dagbag.py:538} INFO - Filling up the DagBag from /home/airflow/.local/lib/python3.7/site-packages/airflow/example_dags/example_external_task_marker_dag.py
[2024-09-09T01:53:10.132+0000] {processor.py:753} INFO - DAG(s) dict_keys(['example_external_task_marker_parent', 'example_external_task_marker_child']) retrieved from /home/airflow/.local/lib/python3.7/site-packages/airflow/example_dags/example_external_task_marker_dag.py
[2024-09-09T01:53:10.163+0000] {logging_mixin.py:137} INFO - [2024-09-09T01:53:10.162+0000] {dag.py:2676} INFO - Sync 2 DAGs
[2024-09-09T01:53:10.180+0000] {logging_mixin.py:137} INFO - [2024-09-09T01:53:10.180+0000] {dag.py:3427} INFO - Setting next_dagrun for example_external_task_marker_child to None, run_after=None
[2024-09-09T01:53:10.183+0000] {logging_mixin.py:137} INFO - [2024-09-09T01:53:10.183+0000] {dag.py:3427} INFO - Setting next_dagrun for example_external_task_marker_parent to None, run_after=None
[2024-09-09T01:53:10.200+0000] {processor.py:175} INFO - Processing /home/airflow/.local/lib/python3.7/site-packages/airflow/example_dags/example_external_task_marker_dag.py took 0.083 seconds
[2024-09-09T01:53:40.527+0000] {processor.py:153} INFO - Started process (PID=3322) to work on /home/airflow/.local/lib/python3.7/site-packages/airflow/example_dags/example_external_task_marker_dag.py
[2024-09-09T01:53:40.528+0000] {processor.py:743} INFO - Processing file /home/airflow/.local/lib/python3.7/site-packages/airflow/example_dags/example_external_task_marker_dag.py for tasks to queue
[2024-09-09T01:53:40.528+0000] {logging_mixin.py:137} INFO - [2024-09-09T01:53:40.528+0000] {dagbag.py:538} INFO - Filling up the DagBag from /home/airflow/.local/lib/python3.7/site-packages/airflow/example_dags/example_external_task_marker_dag.py
[2024-09-09T01:53:40.538+0000] {processor.py:753} INFO - DAG(s) dict_keys(['example_external_task_marker_child', 'example_external_task_marker_parent']) retrieved from /home/airflow/.local/lib/python3.7/site-packages/airflow/example_dags/example_external_task_marker_dag.py
[2024-09-09T01:53:40.567+0000] {logging_mixin.py:137} INFO - [2024-09-09T01:53:40.567+0000] {dag.py:2676} INFO - Sync 2 DAGs
[2024-09-09T01:53:40.586+0000] {logging_mixin.py:137} INFO - [2024-09-09T01:53:40.586+0000] {dag.py:3427} INFO - Setting next_dagrun for example_external_task_marker_child to None, run_after=None
[2024-09-09T01:53:40.589+0000] {logging_mixin.py:137} INFO - [2024-09-09T01:53:40.588+0000] {dag.py:3427} INFO - Setting next_dagrun for example_external_task_marker_parent to None, run_after=None
[2024-09-09T01:53:40.603+0000] {processor.py:175} INFO - Processing /home/airflow/.local/lib/python3.7/site-packages/airflow/example_dags/example_external_task_marker_dag.py took 0.078 seconds
[2024-09-09T01:54:11.273+0000] {processor.py:153} INFO - Started process (PID=3446) to work on /home/airflow/.local/lib/python3.7/site-packages/airflow/example_dags/example_external_task_marker_dag.py
[2024-09-09T01:54:11.274+0000] {processor.py:743} INFO - Processing file /home/airflow/.local/lib/python3.7/site-packages/airflow/example_dags/example_external_task_marker_dag.py for tasks to queue
[2024-09-09T01:54:11.275+0000] {logging_mixin.py:137} INFO - [2024-09-09T01:54:11.275+0000] {dagbag.py:538} INFO - Filling up the DagBag from /home/airflow/.local/lib/python3.7/site-packages/airflow/example_dags/example_external_task_marker_dag.py
[2024-09-09T01:54:11.286+0000] {processor.py:753} INFO - DAG(s) dict_keys(['example_external_task_marker_child', 'example_external_task_marker_parent']) retrieved from /home/airflow/.local/lib/python3.7/site-packages/airflow/example_dags/example_external_task_marker_dag.py
[2024-09-09T01:54:11.322+0000] {logging_mixin.py:137} INFO - [2024-09-09T01:54:11.322+0000] {dag.py:2676} INFO - Sync 2 DAGs
[2024-09-09T01:54:11.345+0000] {logging_mixin.py:137} INFO - [2024-09-09T01:54:11.345+0000] {dag.py:3427} INFO - Setting next_dagrun for example_external_task_marker_child to None, run_after=None
[2024-09-09T01:54:11.348+0000] {logging_mixin.py:137} INFO - [2024-09-09T01:54:11.348+0000] {dag.py:3427} INFO - Setting next_dagrun for example_external_task_marker_parent to None, run_after=None
[2024-09-09T01:54:11.368+0000] {processor.py:175} INFO - Processing /home/airflow/.local/lib/python3.7/site-packages/airflow/example_dags/example_external_task_marker_dag.py took 0.098 seconds
[2024-09-09T01:54:41.650+0000] {processor.py:153} INFO - Started process (PID=3542) to work on /home/airflow/.local/lib/python3.7/site-packages/airflow/example_dags/example_external_task_marker_dag.py
[2024-09-09T01:54:41.658+0000] {processor.py:743} INFO - Processing file /home/airflow/.local/lib/python3.7/site-packages/airflow/example_dags/example_external_task_marker_dag.py for tasks to queue
[2024-09-09T01:54:41.659+0000] {logging_mixin.py:137} INFO - [2024-09-09T01:54:41.659+0000] {dagbag.py:538} INFO - Filling up the DagBag from /home/airflow/.local/lib/python3.7/site-packages/airflow/example_dags/example_external_task_marker_dag.py
[2024-09-09T01:54:41.668+0000] {processor.py:753} INFO - DAG(s) dict_keys(['example_external_task_marker_parent', 'example_external_task_marker_child']) retrieved from /home/airflow/.local/lib/python3.7/site-packages/airflow/example_dags/example_external_task_marker_dag.py
[2024-09-09T01:54:41.698+0000] {logging_mixin.py:137} INFO - [2024-09-09T01:54:41.698+0000] {dag.py:2676} INFO - Sync 2 DAGs
[2024-09-09T01:54:41.715+0000] {logging_mixin.py:137} INFO - [2024-09-09T01:54:41.715+0000] {dag.py:3427} INFO - Setting next_dagrun for example_external_task_marker_child to None, run_after=None
[2024-09-09T01:54:41.718+0000] {logging_mixin.py:137} INFO - [2024-09-09T01:54:41.718+0000] {dag.py:3427} INFO - Setting next_dagrun for example_external_task_marker_parent to None, run_after=None
[2024-09-09T01:54:41.735+0000] {processor.py:175} INFO - Processing /home/airflow/.local/lib/python3.7/site-packages/airflow/example_dags/example_external_task_marker_dag.py took 0.087 seconds
[2024-09-09T01:55:11.913+0000] {processor.py:153} INFO - Started process (PID=3666) to work on /home/airflow/.local/lib/python3.7/site-packages/airflow/example_dags/example_external_task_marker_dag.py
[2024-09-09T01:55:11.914+0000] {processor.py:743} INFO - Processing file /home/airflow/.local/lib/python3.7/site-packages/airflow/example_dags/example_external_task_marker_dag.py for tasks to queue
[2024-09-09T01:55:11.915+0000] {logging_mixin.py:137} INFO - [2024-09-09T01:55:11.915+0000] {dagbag.py:538} INFO - Filling up the DagBag from /home/airflow/.local/lib/python3.7/site-packages/airflow/example_dags/example_external_task_marker_dag.py
[2024-09-09T01:55:11.925+0000] {processor.py:753} INFO - DAG(s) dict_keys(['example_external_task_marker_parent', 'example_external_task_marker_child']) retrieved from /home/airflow/.local/lib/python3.7/site-packages/airflow/example_dags/example_external_task_marker_dag.py
[2024-09-09T01:55:11.957+0000] {logging_mixin.py:137} INFO - [2024-09-09T01:55:11.957+0000] {dag.py:2676} INFO - Sync 2 DAGs
[2024-09-09T01:55:11.977+0000] {logging_mixin.py:137} INFO - [2024-09-09T01:55:11.977+0000] {dag.py:3427} INFO - Setting next_dagrun for example_external_task_marker_child to None, run_after=None
[2024-09-09T01:55:11.980+0000] {logging_mixin.py:137} INFO - [2024-09-09T01:55:11.980+0000] {dag.py:3427} INFO - Setting next_dagrun for example_external_task_marker_parent to None, run_after=None
[2024-09-09T01:55:11.998+0000] {processor.py:175} INFO - Processing /home/airflow/.local/lib/python3.7/site-packages/airflow/example_dags/example_external_task_marker_dag.py took 0.087 seconds
[2024-09-09T01:55:42.165+0000] {processor.py:153} INFO - Started process (PID=3762) to work on /home/airflow/.local/lib/python3.7/site-packages/airflow/example_dags/example_external_task_marker_dag.py
[2024-09-09T01:55:42.166+0000] {processor.py:743} INFO - Processing file /home/airflow/.local/lib/python3.7/site-packages/airflow/example_dags/example_external_task_marker_dag.py for tasks to queue
[2024-09-09T01:55:42.167+0000] {logging_mixin.py:137} INFO - [2024-09-09T01:55:42.167+0000] {dagbag.py:538} INFO - Filling up the DagBag from /home/airflow/.local/lib/python3.7/site-packages/airflow/example_dags/example_external_task_marker_dag.py
[2024-09-09T01:55:42.177+0000] {processor.py:753} INFO - DAG(s) dict_keys(['example_external_task_marker_parent', 'example_external_task_marker_child']) retrieved from /home/airflow/.local/lib/python3.7/site-packages/airflow/example_dags/example_external_task_marker_dag.py
[2024-09-09T01:55:42.211+0000] {logging_mixin.py:137} INFO - [2024-09-09T01:55:42.211+0000] {dag.py:2676} INFO - Sync 2 DAGs
[2024-09-09T01:55:42.233+0000] {logging_mixin.py:137} INFO - [2024-09-09T01:55:42.233+0000] {dag.py:3427} INFO - Setting next_dagrun for example_external_task_marker_child to None, run_after=None
[2024-09-09T01:55:42.236+0000] {logging_mixin.py:137} INFO - [2024-09-09T01:55:42.236+0000] {dag.py:3427} INFO - Setting next_dagrun for example_external_task_marker_parent to None, run_after=None
[2024-09-09T01:55:42.257+0000] {processor.py:175} INFO - Processing /home/airflow/.local/lib/python3.7/site-packages/airflow/example_dags/example_external_task_marker_dag.py took 0.094 seconds
[2024-09-09T01:56:12.488+0000] {processor.py:153} INFO - Started process (PID=3886) to work on /home/airflow/.local/lib/python3.7/site-packages/airflow/example_dags/example_external_task_marker_dag.py
[2024-09-09T01:56:12.489+0000] {processor.py:743} INFO - Processing file /home/airflow/.local/lib/python3.7/site-packages/airflow/example_dags/example_external_task_marker_dag.py for tasks to queue
[2024-09-09T01:56:12.489+0000] {logging_mixin.py:137} INFO - [2024-09-09T01:56:12.489+0000] {dagbag.py:538} INFO - Filling up the DagBag from /home/airflow/.local/lib/python3.7/site-packages/airflow/example_dags/example_external_task_marker_dag.py
[2024-09-09T01:56:12.500+0000] {processor.py:753} INFO - DAG(s) dict_keys(['example_external_task_marker_child', 'example_external_task_marker_parent']) retrieved from /home/airflow/.local/lib/python3.7/site-packages/airflow/example_dags/example_external_task_marker_dag.py
[2024-09-09T01:56:12.531+0000] {logging_mixin.py:137} INFO - [2024-09-09T01:56:12.531+0000] {dag.py:2676} INFO - Sync 2 DAGs
[2024-09-09T01:56:12.549+0000] {logging_mixin.py:137} INFO - [2024-09-09T01:56:12.549+0000] {dag.py:3427} INFO - Setting next_dagrun for example_external_task_marker_child to None, run_after=None
[2024-09-09T01:56:12.551+0000] {logging_mixin.py:137} INFO - [2024-09-09T01:56:12.551+0000] {dag.py:3427} INFO - Setting next_dagrun for example_external_task_marker_parent to None, run_after=None
[2024-09-09T01:56:12.568+0000] {processor.py:175} INFO - Processing /home/airflow/.local/lib/python3.7/site-packages/airflow/example_dags/example_external_task_marker_dag.py took 0.082 seconds
