[2024-09-09T01:38:58.359+0000] {processor.py:153} INFO - Started process (PID=100) to work on /home/airflow/.local/lib/python3.7/site-packages/airflow/example_dags/example_dag_decorator.py
[2024-09-09T01:38:58.361+0000] {processor.py:743} INFO - Processing file /home/airflow/.local/lib/python3.7/site-packages/airflow/example_dags/example_dag_decorator.py for tasks to queue
[2024-09-09T01:38:58.362+0000] {logging_mixin.py:137} INFO - [2024-09-09T01:38:58.362+0000] {dagbag.py:538} INFO - Filling up the DagBag from /home/airflow/.local/lib/python3.7/site-packages/airflow/example_dags/example_dag_decorator.py
[2024-09-09T01:38:58.495+0000] {logging_mixin.py:137} INFO - [2024-09-09T01:38:58.492+0000] {taskmixin.py:205} WARNING - Dependency <Task(_PythonDecoratedOperator): prepare_email>, send_email already registered for DAG: example_dag_decorator
[2024-09-09T01:38:58.496+0000] {logging_mixin.py:137} INFO - [2024-09-09T01:38:58.496+0000] {taskmixin.py:205} WARNING - Dependency <Task(EmailOperator): send_email>, prepare_email already registered for DAG: example_dag_decorator
[2024-09-09T01:38:58.548+0000] {processor.py:753} INFO - DAG(s) dict_keys(['example_dag_decorator']) retrieved from /home/airflow/.local/lib/python3.7/site-packages/airflow/example_dags/example_dag_decorator.py
[2024-09-09T01:38:58.607+0000] {logging_mixin.py:137} INFO - [2024-09-09T01:38:58.607+0000] {dag.py:2676} INFO - Sync 1 DAGs
[2024-09-09T01:38:58.644+0000] {logging_mixin.py:137} INFO - [2024-09-09T01:38:58.644+0000] {dag.py:3427} INFO - Setting next_dagrun for example_dag_decorator to None, run_after=None
[2024-09-09T01:38:58.673+0000] {processor.py:175} INFO - Processing /home/airflow/.local/lib/python3.7/site-packages/airflow/example_dags/example_dag_decorator.py took 0.328 seconds
[2024-09-09T01:39:28.974+0000] {processor.py:153} INFO - Started process (PID=196) to work on /home/airflow/.local/lib/python3.7/site-packages/airflow/example_dags/example_dag_decorator.py
[2024-09-09T01:39:28.975+0000] {processor.py:743} INFO - Processing file /home/airflow/.local/lib/python3.7/site-packages/airflow/example_dags/example_dag_decorator.py for tasks to queue
[2024-09-09T01:39:28.976+0000] {logging_mixin.py:137} INFO - [2024-09-09T01:39:28.976+0000] {dagbag.py:538} INFO - Filling up the DagBag from /home/airflow/.local/lib/python3.7/site-packages/airflow/example_dags/example_dag_decorator.py
[2024-09-09T01:39:28.991+0000] {logging_mixin.py:137} INFO - [2024-09-09T01:39:28.991+0000] {taskmixin.py:205} WARNING - Dependency <Task(_PythonDecoratedOperator): prepare_email>, send_email already registered for DAG: example_dag_decorator
[2024-09-09T01:39:28.991+0000] {logging_mixin.py:137} INFO - [2024-09-09T01:39:28.991+0000] {taskmixin.py:205} WARNING - Dependency <Task(EmailOperator): send_email>, prepare_email already registered for DAG: example_dag_decorator
[2024-09-09T01:39:28.999+0000] {processor.py:753} INFO - DAG(s) dict_keys(['example_dag_decorator']) retrieved from /home/airflow/.local/lib/python3.7/site-packages/airflow/example_dags/example_dag_decorator.py
[2024-09-09T01:39:29.063+0000] {logging_mixin.py:137} INFO - [2024-09-09T01:39:29.063+0000] {dag.py:2676} INFO - Sync 1 DAGs
[2024-09-09T01:39:29.085+0000] {logging_mixin.py:137} INFO - [2024-09-09T01:39:29.085+0000] {dag.py:3427} INFO - Setting next_dagrun for example_dag_decorator to None, run_after=None
[2024-09-09T01:39:29.107+0000] {processor.py:175} INFO - Processing /home/airflow/.local/lib/python3.7/site-packages/airflow/example_dags/example_dag_decorator.py took 0.137 seconds
[2024-09-09T01:39:59.594+0000] {processor.py:153} INFO - Started process (PID=301) to work on /home/airflow/.local/lib/python3.7/site-packages/airflow/example_dags/example_dag_decorator.py
[2024-09-09T01:39:59.595+0000] {processor.py:743} INFO - Processing file /home/airflow/.local/lib/python3.7/site-packages/airflow/example_dags/example_dag_decorator.py for tasks to queue
[2024-09-09T01:39:59.596+0000] {logging_mixin.py:137} INFO - [2024-09-09T01:39:59.596+0000] {dagbag.py:538} INFO - Filling up the DagBag from /home/airflow/.local/lib/python3.7/site-packages/airflow/example_dags/example_dag_decorator.py
[2024-09-09T01:39:59.619+0000] {logging_mixin.py:137} INFO - [2024-09-09T01:39:59.618+0000] {taskmixin.py:205} WARNING - Dependency <Task(_PythonDecoratedOperator): prepare_email>, send_email already registered for DAG: example_dag_decorator
[2024-09-09T01:39:59.619+0000] {logging_mixin.py:137} INFO - [2024-09-09T01:39:59.619+0000] {taskmixin.py:205} WARNING - Dependency <Task(EmailOperator): send_email>, prepare_email already registered for DAG: example_dag_decorator
[2024-09-09T01:39:59.635+0000] {processor.py:753} INFO - DAG(s) dict_keys(['example_dag_decorator']) retrieved from /home/airflow/.local/lib/python3.7/site-packages/airflow/example_dags/example_dag_decorator.py
[2024-09-09T01:39:59.717+0000] {logging_mixin.py:137} INFO - [2024-09-09T01:39:59.717+0000] {dag.py:2676} INFO - Sync 1 DAGs
[2024-09-09T01:39:59.743+0000] {logging_mixin.py:137} INFO - [2024-09-09T01:39:59.743+0000] {dag.py:3427} INFO - Setting next_dagrun for example_dag_decorator to None, run_after=None
[2024-09-09T01:39:59.770+0000] {processor.py:175} INFO - Processing /home/airflow/.local/lib/python3.7/site-packages/airflow/example_dags/example_dag_decorator.py took 0.179 seconds
[2024-09-09T01:40:30.133+0000] {processor.py:153} INFO - Started process (PID=416) to work on /home/airflow/.local/lib/python3.7/site-packages/airflow/example_dags/example_dag_decorator.py
[2024-09-09T01:40:30.134+0000] {processor.py:743} INFO - Processing file /home/airflow/.local/lib/python3.7/site-packages/airflow/example_dags/example_dag_decorator.py for tasks to queue
[2024-09-09T01:40:30.135+0000] {logging_mixin.py:137} INFO - [2024-09-09T01:40:30.135+0000] {dagbag.py:538} INFO - Filling up the DagBag from /home/airflow/.local/lib/python3.7/site-packages/airflow/example_dags/example_dag_decorator.py
[2024-09-09T01:40:30.147+0000] {logging_mixin.py:137} INFO - [2024-09-09T01:40:30.147+0000] {taskmixin.py:205} WARNING - Dependency <Task(_PythonDecoratedOperator): prepare_email>, send_email already registered for DAG: example_dag_decorator
[2024-09-09T01:40:30.147+0000] {logging_mixin.py:137} INFO - [2024-09-09T01:40:30.147+0000] {taskmixin.py:205} WARNING - Dependency <Task(EmailOperator): send_email>, prepare_email already registered for DAG: example_dag_decorator
[2024-09-09T01:40:30.156+0000] {processor.py:753} INFO - DAG(s) dict_keys(['example_dag_decorator']) retrieved from /home/airflow/.local/lib/python3.7/site-packages/airflow/example_dags/example_dag_decorator.py
[2024-09-09T01:40:30.212+0000] {logging_mixin.py:137} INFO - [2024-09-09T01:40:30.212+0000] {dag.py:2676} INFO - Sync 1 DAGs
[2024-09-09T01:40:30.229+0000] {logging_mixin.py:137} INFO - [2024-09-09T01:40:30.229+0000] {dag.py:3427} INFO - Setting next_dagrun for example_dag_decorator to None, run_after=None
[2024-09-09T01:40:30.246+0000] {processor.py:175} INFO - Processing /home/airflow/.local/lib/python3.7/site-packages/airflow/example_dags/example_dag_decorator.py took 0.115 seconds
[2024-09-09T01:41:00.326+0000] {processor.py:153} INFO - Started process (PID=540) to work on /home/airflow/.local/lib/python3.7/site-packages/airflow/example_dags/example_dag_decorator.py
[2024-09-09T01:41:00.327+0000] {processor.py:743} INFO - Processing file /home/airflow/.local/lib/python3.7/site-packages/airflow/example_dags/example_dag_decorator.py for tasks to queue
[2024-09-09T01:41:00.328+0000] {logging_mixin.py:137} INFO - [2024-09-09T01:41:00.328+0000] {dagbag.py:538} INFO - Filling up the DagBag from /home/airflow/.local/lib/python3.7/site-packages/airflow/example_dags/example_dag_decorator.py
[2024-09-09T01:41:00.340+0000] {logging_mixin.py:137} INFO - [2024-09-09T01:41:00.340+0000] {taskmixin.py:205} WARNING - Dependency <Task(_PythonDecoratedOperator): prepare_email>, send_email already registered for DAG: example_dag_decorator
[2024-09-09T01:41:00.341+0000] {logging_mixin.py:137} INFO - [2024-09-09T01:41:00.340+0000] {taskmixin.py:205} WARNING - Dependency <Task(EmailOperator): send_email>, prepare_email already registered for DAG: example_dag_decorator
[2024-09-09T01:41:00.349+0000] {processor.py:753} INFO - DAG(s) dict_keys(['example_dag_decorator']) retrieved from /home/airflow/.local/lib/python3.7/site-packages/airflow/example_dags/example_dag_decorator.py
[2024-09-09T01:41:00.409+0000] {logging_mixin.py:137} INFO - [2024-09-09T01:41:00.409+0000] {dag.py:2676} INFO - Sync 1 DAGs
[2024-09-09T01:41:00.424+0000] {logging_mixin.py:137} INFO - [2024-09-09T01:41:00.424+0000] {dag.py:3427} INFO - Setting next_dagrun for example_dag_decorator to None, run_after=None
[2024-09-09T01:41:00.441+0000] {processor.py:175} INFO - Processing /home/airflow/.local/lib/python3.7/site-packages/airflow/example_dags/example_dag_decorator.py took 0.117 seconds
[2024-09-09T01:41:30.702+0000] {processor.py:153} INFO - Started process (PID=637) to work on /home/airflow/.local/lib/python3.7/site-packages/airflow/example_dags/example_dag_decorator.py
[2024-09-09T01:41:30.703+0000] {processor.py:743} INFO - Processing file /home/airflow/.local/lib/python3.7/site-packages/airflow/example_dags/example_dag_decorator.py for tasks to queue
[2024-09-09T01:41:30.704+0000] {logging_mixin.py:137} INFO - [2024-09-09T01:41:30.704+0000] {dagbag.py:538} INFO - Filling up the DagBag from /home/airflow/.local/lib/python3.7/site-packages/airflow/example_dags/example_dag_decorator.py
[2024-09-09T01:41:30.720+0000] {logging_mixin.py:137} INFO - [2024-09-09T01:41:30.720+0000] {taskmixin.py:205} WARNING - Dependency <Task(_PythonDecoratedOperator): prepare_email>, send_email already registered for DAG: example_dag_decorator
[2024-09-09T01:41:30.721+0000] {logging_mixin.py:137} INFO - [2024-09-09T01:41:30.721+0000] {taskmixin.py:205} WARNING - Dependency <Task(EmailOperator): send_email>, prepare_email already registered for DAG: example_dag_decorator
[2024-09-09T01:41:30.737+0000] {processor.py:753} INFO - DAG(s) dict_keys(['example_dag_decorator']) retrieved from /home/airflow/.local/lib/python3.7/site-packages/airflow/example_dags/example_dag_decorator.py
[2024-09-09T01:41:30.854+0000] {logging_mixin.py:137} INFO - [2024-09-09T01:41:30.853+0000] {dag.py:2676} INFO - Sync 1 DAGs
[2024-09-09T01:41:30.878+0000] {logging_mixin.py:137} INFO - [2024-09-09T01:41:30.878+0000] {dag.py:3427} INFO - Setting next_dagrun for example_dag_decorator to None, run_after=None
[2024-09-09T01:41:30.904+0000] {processor.py:175} INFO - Processing /home/airflow/.local/lib/python3.7/site-packages/airflow/example_dags/example_dag_decorator.py took 0.204 seconds
[2024-09-09T01:42:01.357+0000] {processor.py:153} INFO - Started process (PID=760) to work on /home/airflow/.local/lib/python3.7/site-packages/airflow/example_dags/example_dag_decorator.py
[2024-09-09T01:42:01.358+0000] {processor.py:743} INFO - Processing file /home/airflow/.local/lib/python3.7/site-packages/airflow/example_dags/example_dag_decorator.py for tasks to queue
[2024-09-09T01:42:01.358+0000] {logging_mixin.py:137} INFO - [2024-09-09T01:42:01.358+0000] {dagbag.py:538} INFO - Filling up the DagBag from /home/airflow/.local/lib/python3.7/site-packages/airflow/example_dags/example_dag_decorator.py
[2024-09-09T01:42:01.373+0000] {logging_mixin.py:137} INFO - [2024-09-09T01:42:01.372+0000] {taskmixin.py:205} WARNING - Dependency <Task(_PythonDecoratedOperator): prepare_email>, send_email already registered for DAG: example_dag_decorator
[2024-09-09T01:42:01.373+0000] {logging_mixin.py:137} INFO - [2024-09-09T01:42:01.373+0000] {taskmixin.py:205} WARNING - Dependency <Task(EmailOperator): send_email>, prepare_email already registered for DAG: example_dag_decorator
[2024-09-09T01:42:01.383+0000] {processor.py:753} INFO - DAG(s) dict_keys(['example_dag_decorator']) retrieved from /home/airflow/.local/lib/python3.7/site-packages/airflow/example_dags/example_dag_decorator.py
[2024-09-09T01:42:01.461+0000] {logging_mixin.py:137} INFO - [2024-09-09T01:42:01.461+0000] {dag.py:2676} INFO - Sync 1 DAGs
[2024-09-09T01:42:01.492+0000] {logging_mixin.py:137} INFO - [2024-09-09T01:42:01.491+0000] {dag.py:3427} INFO - Setting next_dagrun for example_dag_decorator to None, run_after=None
[2024-09-09T01:42:01.521+0000] {processor.py:175} INFO - Processing /home/airflow/.local/lib/python3.7/site-packages/airflow/example_dags/example_dag_decorator.py took 0.167 seconds
[2024-09-09T01:42:31.610+0000] {processor.py:153} INFO - Started process (PID=856) to work on /home/airflow/.local/lib/python3.7/site-packages/airflow/example_dags/example_dag_decorator.py
[2024-09-09T01:42:31.612+0000] {processor.py:743} INFO - Processing file /home/airflow/.local/lib/python3.7/site-packages/airflow/example_dags/example_dag_decorator.py for tasks to queue
[2024-09-09T01:42:31.612+0000] {logging_mixin.py:137} INFO - [2024-09-09T01:42:31.612+0000] {dagbag.py:538} INFO - Filling up the DagBag from /home/airflow/.local/lib/python3.7/site-packages/airflow/example_dags/example_dag_decorator.py
[2024-09-09T01:42:31.629+0000] {logging_mixin.py:137} INFO - [2024-09-09T01:42:31.629+0000] {taskmixin.py:205} WARNING - Dependency <Task(_PythonDecoratedOperator): prepare_email>, send_email already registered for DAG: example_dag_decorator
[2024-09-09T01:42:31.629+0000] {logging_mixin.py:137} INFO - [2024-09-09T01:42:31.629+0000] {taskmixin.py:205} WARNING - Dependency <Task(EmailOperator): send_email>, prepare_email already registered for DAG: example_dag_decorator
[2024-09-09T01:42:31.639+0000] {processor.py:753} INFO - DAG(s) dict_keys(['example_dag_decorator']) retrieved from /home/airflow/.local/lib/python3.7/site-packages/airflow/example_dags/example_dag_decorator.py
[2024-09-09T01:42:31.709+0000] {logging_mixin.py:137} INFO - [2024-09-09T01:42:31.709+0000] {dag.py:2676} INFO - Sync 1 DAGs
[2024-09-09T01:42:31.728+0000] {logging_mixin.py:137} INFO - [2024-09-09T01:42:31.728+0000] {dag.py:3427} INFO - Setting next_dagrun for example_dag_decorator to None, run_after=None
[2024-09-09T01:42:31.746+0000] {processor.py:175} INFO - Processing /home/airflow/.local/lib/python3.7/site-packages/airflow/example_dags/example_dag_decorator.py took 0.138 seconds
[2024-09-09T01:43:02.267+0000] {processor.py:153} INFO - Started process (PID=980) to work on /home/airflow/.local/lib/python3.7/site-packages/airflow/example_dags/example_dag_decorator.py
[2024-09-09T01:43:02.268+0000] {processor.py:743} INFO - Processing file /home/airflow/.local/lib/python3.7/site-packages/airflow/example_dags/example_dag_decorator.py for tasks to queue
[2024-09-09T01:43:02.269+0000] {logging_mixin.py:137} INFO - [2024-09-09T01:43:02.269+0000] {dagbag.py:538} INFO - Filling up the DagBag from /home/airflow/.local/lib/python3.7/site-packages/airflow/example_dags/example_dag_decorator.py
[2024-09-09T01:43:02.285+0000] {logging_mixin.py:137} INFO - [2024-09-09T01:43:02.284+0000] {taskmixin.py:205} WARNING - Dependency <Task(_PythonDecoratedOperator): prepare_email>, send_email already registered for DAG: example_dag_decorator
[2024-09-09T01:43:02.285+0000] {logging_mixin.py:137} INFO - [2024-09-09T01:43:02.285+0000] {taskmixin.py:205} WARNING - Dependency <Task(EmailOperator): send_email>, prepare_email already registered for DAG: example_dag_decorator
[2024-09-09T01:43:02.295+0000] {processor.py:753} INFO - DAG(s) dict_keys(['example_dag_decorator']) retrieved from /home/airflow/.local/lib/python3.7/site-packages/airflow/example_dags/example_dag_decorator.py
[2024-09-09T01:43:02.376+0000] {logging_mixin.py:137} INFO - [2024-09-09T01:43:02.376+0000] {dag.py:2676} INFO - Sync 1 DAGs
[2024-09-09T01:43:02.398+0000] {logging_mixin.py:137} INFO - [2024-09-09T01:43:02.398+0000] {dag.py:3427} INFO - Setting next_dagrun for example_dag_decorator to None, run_after=None
[2024-09-09T01:43:02.417+0000] {processor.py:175} INFO - Processing /home/airflow/.local/lib/python3.7/site-packages/airflow/example_dags/example_dag_decorator.py took 0.152 seconds
[2024-09-09T01:43:33.068+0000] {processor.py:153} INFO - Started process (PID=1076) to work on /home/airflow/.local/lib/python3.7/site-packages/airflow/example_dags/example_dag_decorator.py
[2024-09-09T01:43:33.069+0000] {processor.py:743} INFO - Processing file /home/airflow/.local/lib/python3.7/site-packages/airflow/example_dags/example_dag_decorator.py for tasks to queue
[2024-09-09T01:43:33.070+0000] {logging_mixin.py:137} INFO - [2024-09-09T01:43:33.070+0000] {dagbag.py:538} INFO - Filling up the DagBag from /home/airflow/.local/lib/python3.7/site-packages/airflow/example_dags/example_dag_decorator.py
[2024-09-09T01:43:33.085+0000] {logging_mixin.py:137} INFO - [2024-09-09T01:43:33.085+0000] {taskmixin.py:205} WARNING - Dependency <Task(_PythonDecoratedOperator): prepare_email>, send_email already registered for DAG: example_dag_decorator
[2024-09-09T01:43:33.085+0000] {logging_mixin.py:137} INFO - [2024-09-09T01:43:33.085+0000] {taskmixin.py:205} WARNING - Dependency <Task(EmailOperator): send_email>, prepare_email already registered for DAG: example_dag_decorator
[2024-09-09T01:43:33.097+0000] {processor.py:753} INFO - DAG(s) dict_keys(['example_dag_decorator']) retrieved from /home/airflow/.local/lib/python3.7/site-packages/airflow/example_dags/example_dag_decorator.py
[2024-09-09T01:43:33.180+0000] {logging_mixin.py:137} INFO - [2024-09-09T01:43:33.179+0000] {dag.py:2676} INFO - Sync 1 DAGs
[2024-09-09T01:43:33.203+0000] {logging_mixin.py:137} INFO - [2024-09-09T01:43:33.203+0000] {dag.py:3427} INFO - Setting next_dagrun for example_dag_decorator to None, run_after=None
[2024-09-09T01:43:33.226+0000] {processor.py:175} INFO - Processing /home/airflow/.local/lib/python3.7/site-packages/airflow/example_dags/example_dag_decorator.py took 0.160 seconds
[2024-09-09T01:44:03.510+0000] {processor.py:153} INFO - Started process (PID=1200) to work on /home/airflow/.local/lib/python3.7/site-packages/airflow/example_dags/example_dag_decorator.py
[2024-09-09T01:44:03.511+0000] {processor.py:743} INFO - Processing file /home/airflow/.local/lib/python3.7/site-packages/airflow/example_dags/example_dag_decorator.py for tasks to queue
[2024-09-09T01:44:03.511+0000] {logging_mixin.py:137} INFO - [2024-09-09T01:44:03.511+0000] {dagbag.py:538} INFO - Filling up the DagBag from /home/airflow/.local/lib/python3.7/site-packages/airflow/example_dags/example_dag_decorator.py
[2024-09-09T01:44:03.527+0000] {logging_mixin.py:137} INFO - [2024-09-09T01:44:03.527+0000] {taskmixin.py:205} WARNING - Dependency <Task(_PythonDecoratedOperator): prepare_email>, send_email already registered for DAG: example_dag_decorator
[2024-09-09T01:44:03.527+0000] {logging_mixin.py:137} INFO - [2024-09-09T01:44:03.527+0000] {taskmixin.py:205} WARNING - Dependency <Task(EmailOperator): send_email>, prepare_email already registered for DAG: example_dag_decorator
[2024-09-09T01:44:03.536+0000] {processor.py:753} INFO - DAG(s) dict_keys(['example_dag_decorator']) retrieved from /home/airflow/.local/lib/python3.7/site-packages/airflow/example_dags/example_dag_decorator.py
[2024-09-09T01:44:03.611+0000] {logging_mixin.py:137} INFO - [2024-09-09T01:44:03.611+0000] {dag.py:2676} INFO - Sync 1 DAGs
[2024-09-09T01:44:03.631+0000] {logging_mixin.py:137} INFO - [2024-09-09T01:44:03.631+0000] {dag.py:3427} INFO - Setting next_dagrun for example_dag_decorator to None, run_after=None
[2024-09-09T01:44:03.652+0000] {processor.py:175} INFO - Processing /home/airflow/.local/lib/python3.7/site-packages/airflow/example_dags/example_dag_decorator.py took 0.145 seconds
[2024-09-09T01:44:33.819+0000] {processor.py:153} INFO - Started process (PID=1324) to work on /home/airflow/.local/lib/python3.7/site-packages/airflow/example_dags/example_dag_decorator.py
[2024-09-09T01:44:33.820+0000] {processor.py:743} INFO - Processing file /home/airflow/.local/lib/python3.7/site-packages/airflow/example_dags/example_dag_decorator.py for tasks to queue
[2024-09-09T01:44:33.821+0000] {logging_mixin.py:137} INFO - [2024-09-09T01:44:33.821+0000] {dagbag.py:538} INFO - Filling up the DagBag from /home/airflow/.local/lib/python3.7/site-packages/airflow/example_dags/example_dag_decorator.py
[2024-09-09T01:44:33.842+0000] {logging_mixin.py:137} INFO - [2024-09-09T01:44:33.841+0000] {taskmixin.py:205} WARNING - Dependency <Task(_PythonDecoratedOperator): prepare_email>, send_email already registered for DAG: example_dag_decorator
[2024-09-09T01:44:33.842+0000] {logging_mixin.py:137} INFO - [2024-09-09T01:44:33.842+0000] {taskmixin.py:205} WARNING - Dependency <Task(EmailOperator): send_email>, prepare_email already registered for DAG: example_dag_decorator
[2024-09-09T01:44:33.854+0000] {processor.py:753} INFO - DAG(s) dict_keys(['example_dag_decorator']) retrieved from /home/airflow/.local/lib/python3.7/site-packages/airflow/example_dags/example_dag_decorator.py
[2024-09-09T01:44:34.002+0000] {logging_mixin.py:137} INFO - [2024-09-09T01:44:34.002+0000] {dag.py:2676} INFO - Sync 1 DAGs
[2024-09-09T01:44:34.039+0000] {logging_mixin.py:137} INFO - [2024-09-09T01:44:34.039+0000] {dag.py:3427} INFO - Setting next_dagrun for example_dag_decorator to None, run_after=None
[2024-09-09T01:44:34.071+0000] {processor.py:175} INFO - Processing /home/airflow/.local/lib/python3.7/site-packages/airflow/example_dags/example_dag_decorator.py took 0.254 seconds
[2024-09-09T01:45:04.251+0000] {processor.py:153} INFO - Started process (PID=1420) to work on /home/airflow/.local/lib/python3.7/site-packages/airflow/example_dags/example_dag_decorator.py
[2024-09-09T01:45:04.252+0000] {processor.py:743} INFO - Processing file /home/airflow/.local/lib/python3.7/site-packages/airflow/example_dags/example_dag_decorator.py for tasks to queue
[2024-09-09T01:45:04.252+0000] {logging_mixin.py:137} INFO - [2024-09-09T01:45:04.252+0000] {dagbag.py:538} INFO - Filling up the DagBag from /home/airflow/.local/lib/python3.7/site-packages/airflow/example_dags/example_dag_decorator.py
[2024-09-09T01:45:04.265+0000] {logging_mixin.py:137} INFO - [2024-09-09T01:45:04.265+0000] {taskmixin.py:205} WARNING - Dependency <Task(_PythonDecoratedOperator): prepare_email>, send_email already registered for DAG: example_dag_decorator
[2024-09-09T01:45:04.265+0000] {logging_mixin.py:137} INFO - [2024-09-09T01:45:04.265+0000] {taskmixin.py:205} WARNING - Dependency <Task(EmailOperator): send_email>, prepare_email already registered for DAG: example_dag_decorator
[2024-09-09T01:45:04.273+0000] {processor.py:753} INFO - DAG(s) dict_keys(['example_dag_decorator']) retrieved from /home/airflow/.local/lib/python3.7/site-packages/airflow/example_dags/example_dag_decorator.py
[2024-09-09T01:45:04.334+0000] {logging_mixin.py:137} INFO - [2024-09-09T01:45:04.334+0000] {dag.py:2676} INFO - Sync 1 DAGs
[2024-09-09T01:45:04.350+0000] {logging_mixin.py:137} INFO - [2024-09-09T01:45:04.350+0000] {dag.py:3427} INFO - Setting next_dagrun for example_dag_decorator to None, run_after=None
[2024-09-09T01:45:04.368+0000] {processor.py:175} INFO - Processing /home/airflow/.local/lib/python3.7/site-packages/airflow/example_dags/example_dag_decorator.py took 0.119 seconds
[2024-09-09T01:45:34.599+0000] {processor.py:153} INFO - Started process (PID=1545) to work on /home/airflow/.local/lib/python3.7/site-packages/airflow/example_dags/example_dag_decorator.py
[2024-09-09T01:45:34.600+0000] {processor.py:743} INFO - Processing file /home/airflow/.local/lib/python3.7/site-packages/airflow/example_dags/example_dag_decorator.py for tasks to queue
[2024-09-09T01:45:34.600+0000] {logging_mixin.py:137} INFO - [2024-09-09T01:45:34.600+0000] {dagbag.py:538} INFO - Filling up the DagBag from /home/airflow/.local/lib/python3.7/site-packages/airflow/example_dags/example_dag_decorator.py
[2024-09-09T01:45:34.612+0000] {logging_mixin.py:137} INFO - [2024-09-09T01:45:34.612+0000] {taskmixin.py:205} WARNING - Dependency <Task(_PythonDecoratedOperator): prepare_email>, send_email already registered for DAG: example_dag_decorator
[2024-09-09T01:45:34.612+0000] {logging_mixin.py:137} INFO - [2024-09-09T01:45:34.612+0000] {taskmixin.py:205} WARNING - Dependency <Task(EmailOperator): send_email>, prepare_email already registered for DAG: example_dag_decorator
[2024-09-09T01:45:34.620+0000] {processor.py:753} INFO - DAG(s) dict_keys(['example_dag_decorator']) retrieved from /home/airflow/.local/lib/python3.7/site-packages/airflow/example_dags/example_dag_decorator.py
[2024-09-09T01:45:34.680+0000] {logging_mixin.py:137} INFO - [2024-09-09T01:45:34.680+0000] {dag.py:2676} INFO - Sync 1 DAGs
[2024-09-09T01:45:34.697+0000] {logging_mixin.py:137} INFO - [2024-09-09T01:45:34.696+0000] {dag.py:3427} INFO - Setting next_dagrun for example_dag_decorator to None, run_after=None
[2024-09-09T01:45:34.715+0000] {processor.py:175} INFO - Processing /home/airflow/.local/lib/python3.7/site-packages/airflow/example_dags/example_dag_decorator.py took 0.118 seconds
[2024-09-09T01:46:04.963+0000] {processor.py:153} INFO - Started process (PID=1641) to work on /home/airflow/.local/lib/python3.7/site-packages/airflow/example_dags/example_dag_decorator.py
[2024-09-09T01:46:04.964+0000] {processor.py:743} INFO - Processing file /home/airflow/.local/lib/python3.7/site-packages/airflow/example_dags/example_dag_decorator.py for tasks to queue
[2024-09-09T01:46:04.964+0000] {logging_mixin.py:137} INFO - [2024-09-09T01:46:04.964+0000] {dagbag.py:538} INFO - Filling up the DagBag from /home/airflow/.local/lib/python3.7/site-packages/airflow/example_dags/example_dag_decorator.py
[2024-09-09T01:46:04.976+0000] {logging_mixin.py:137} INFO - [2024-09-09T01:46:04.976+0000] {taskmixin.py:205} WARNING - Dependency <Task(_PythonDecoratedOperator): prepare_email>, send_email already registered for DAG: example_dag_decorator
[2024-09-09T01:46:04.977+0000] {logging_mixin.py:137} INFO - [2024-09-09T01:46:04.977+0000] {taskmixin.py:205} WARNING - Dependency <Task(EmailOperator): send_email>, prepare_email already registered for DAG: example_dag_decorator
[2024-09-09T01:46:04.984+0000] {processor.py:753} INFO - DAG(s) dict_keys(['example_dag_decorator']) retrieved from /home/airflow/.local/lib/python3.7/site-packages/airflow/example_dags/example_dag_decorator.py
[2024-09-09T01:46:05.042+0000] {logging_mixin.py:137} INFO - [2024-09-09T01:46:05.042+0000] {dag.py:2676} INFO - Sync 1 DAGs
[2024-09-09T01:46:05.058+0000] {logging_mixin.py:137} INFO - [2024-09-09T01:46:05.058+0000] {dag.py:3427} INFO - Setting next_dagrun for example_dag_decorator to None, run_after=None
[2024-09-09T01:46:05.075+0000] {processor.py:175} INFO - Processing /home/airflow/.local/lib/python3.7/site-packages/airflow/example_dags/example_dag_decorator.py took 0.114 seconds
[2024-09-09T01:46:35.205+0000] {processor.py:153} INFO - Started process (PID=1765) to work on /home/airflow/.local/lib/python3.7/site-packages/airflow/example_dags/example_dag_decorator.py
[2024-09-09T01:46:35.206+0000] {processor.py:743} INFO - Processing file /home/airflow/.local/lib/python3.7/site-packages/airflow/example_dags/example_dag_decorator.py for tasks to queue
[2024-09-09T01:46:35.206+0000] {logging_mixin.py:137} INFO - [2024-09-09T01:46:35.206+0000] {dagbag.py:538} INFO - Filling up the DagBag from /home/airflow/.local/lib/python3.7/site-packages/airflow/example_dags/example_dag_decorator.py
[2024-09-09T01:46:35.219+0000] {logging_mixin.py:137} INFO - [2024-09-09T01:46:35.219+0000] {taskmixin.py:205} WARNING - Dependency <Task(_PythonDecoratedOperator): prepare_email>, send_email already registered for DAG: example_dag_decorator
[2024-09-09T01:46:35.219+0000] {logging_mixin.py:137} INFO - [2024-09-09T01:46:35.219+0000] {taskmixin.py:205} WARNING - Dependency <Task(EmailOperator): send_email>, prepare_email already registered for DAG: example_dag_decorator
[2024-09-09T01:46:35.227+0000] {processor.py:753} INFO - DAG(s) dict_keys(['example_dag_decorator']) retrieved from /home/airflow/.local/lib/python3.7/site-packages/airflow/example_dags/example_dag_decorator.py
[2024-09-09T01:46:35.286+0000] {logging_mixin.py:137} INFO - [2024-09-09T01:46:35.286+0000] {dag.py:2676} INFO - Sync 1 DAGs
[2024-09-09T01:46:35.303+0000] {logging_mixin.py:137} INFO - [2024-09-09T01:46:35.303+0000] {dag.py:3427} INFO - Setting next_dagrun for example_dag_decorator to None, run_after=None
[2024-09-09T01:46:35.319+0000] {processor.py:175} INFO - Processing /home/airflow/.local/lib/python3.7/site-packages/airflow/example_dags/example_dag_decorator.py took 0.117 seconds
[2024-09-09T01:47:05.895+0000] {processor.py:153} INFO - Started process (PID=1868) to work on /home/airflow/.local/lib/python3.7/site-packages/airflow/example_dags/example_dag_decorator.py
[2024-09-09T01:47:05.896+0000] {processor.py:743} INFO - Processing file /home/airflow/.local/lib/python3.7/site-packages/airflow/example_dags/example_dag_decorator.py for tasks to queue
[2024-09-09T01:47:05.896+0000] {logging_mixin.py:137} INFO - [2024-09-09T01:47:05.896+0000] {dagbag.py:538} INFO - Filling up the DagBag from /home/airflow/.local/lib/python3.7/site-packages/airflow/example_dags/example_dag_decorator.py
[2024-09-09T01:47:05.925+0000] {logging_mixin.py:137} INFO - [2024-09-09T01:47:05.925+0000] {taskmixin.py:205} WARNING - Dependency <Task(_PythonDecoratedOperator): prepare_email>, send_email already registered for DAG: example_dag_decorator
[2024-09-09T01:47:05.925+0000] {logging_mixin.py:137} INFO - [2024-09-09T01:47:05.925+0000] {taskmixin.py:205} WARNING - Dependency <Task(EmailOperator): send_email>, prepare_email already registered for DAG: example_dag_decorator
[2024-09-09T01:47:05.940+0000] {processor.py:753} INFO - DAG(s) dict_keys(['example_dag_decorator']) retrieved from /home/airflow/.local/lib/python3.7/site-packages/airflow/example_dags/example_dag_decorator.py
[2024-09-09T01:47:06.033+0000] {logging_mixin.py:137} INFO - [2024-09-09T01:47:06.032+0000] {dag.py:2676} INFO - Sync 1 DAGs
[2024-09-09T01:47:06.055+0000] {logging_mixin.py:137} INFO - [2024-09-09T01:47:06.055+0000] {dag.py:3427} INFO - Setting next_dagrun for example_dag_decorator to None, run_after=None
[2024-09-09T01:47:06.080+0000] {processor.py:175} INFO - Processing /home/airflow/.local/lib/python3.7/site-packages/airflow/example_dags/example_dag_decorator.py took 0.194 seconds
[2024-09-09T01:47:36.257+0000] {processor.py:153} INFO - Started process (PID=1984) to work on /home/airflow/.local/lib/python3.7/site-packages/airflow/example_dags/example_dag_decorator.py
[2024-09-09T01:47:36.258+0000] {processor.py:743} INFO - Processing file /home/airflow/.local/lib/python3.7/site-packages/airflow/example_dags/example_dag_decorator.py for tasks to queue
[2024-09-09T01:47:36.259+0000] {logging_mixin.py:137} INFO - [2024-09-09T01:47:36.259+0000] {dagbag.py:538} INFO - Filling up the DagBag from /home/airflow/.local/lib/python3.7/site-packages/airflow/example_dags/example_dag_decorator.py
[2024-09-09T01:47:36.274+0000] {logging_mixin.py:137} INFO - [2024-09-09T01:47:36.274+0000] {taskmixin.py:205} WARNING - Dependency <Task(_PythonDecoratedOperator): prepare_email>, send_email already registered for DAG: example_dag_decorator
[2024-09-09T01:47:36.274+0000] {logging_mixin.py:137} INFO - [2024-09-09T01:47:36.274+0000] {taskmixin.py:205} WARNING - Dependency <Task(EmailOperator): send_email>, prepare_email already registered for DAG: example_dag_decorator
[2024-09-09T01:47:36.283+0000] {processor.py:753} INFO - DAG(s) dict_keys(['example_dag_decorator']) retrieved from /home/airflow/.local/lib/python3.7/site-packages/airflow/example_dags/example_dag_decorator.py
[2024-09-09T01:47:36.352+0000] {logging_mixin.py:137} INFO - [2024-09-09T01:47:36.351+0000] {dag.py:2676} INFO - Sync 1 DAGs
[2024-09-09T01:47:36.369+0000] {logging_mixin.py:137} INFO - [2024-09-09T01:47:36.369+0000] {dag.py:3427} INFO - Setting next_dagrun for example_dag_decorator to None, run_after=None
[2024-09-09T01:47:36.386+0000] {processor.py:175} INFO - Processing /home/airflow/.local/lib/python3.7/site-packages/airflow/example_dags/example_dag_decorator.py took 0.131 seconds
[2024-09-09T01:48:06.463+0000] {processor.py:153} INFO - Started process (PID=2107) to work on /home/airflow/.local/lib/python3.7/site-packages/airflow/example_dags/example_dag_decorator.py
[2024-09-09T01:48:06.464+0000] {processor.py:743} INFO - Processing file /home/airflow/.local/lib/python3.7/site-packages/airflow/example_dags/example_dag_decorator.py for tasks to queue
[2024-09-09T01:48:06.464+0000] {logging_mixin.py:137} INFO - [2024-09-09T01:48:06.464+0000] {dagbag.py:538} INFO - Filling up the DagBag from /home/airflow/.local/lib/python3.7/site-packages/airflow/example_dags/example_dag_decorator.py
[2024-09-09T01:48:06.478+0000] {logging_mixin.py:137} INFO - [2024-09-09T01:48:06.477+0000] {taskmixin.py:205} WARNING - Dependency <Task(_PythonDecoratedOperator): prepare_email>, send_email already registered for DAG: example_dag_decorator
[2024-09-09T01:48:06.478+0000] {logging_mixin.py:137} INFO - [2024-09-09T01:48:06.478+0000] {taskmixin.py:205} WARNING - Dependency <Task(EmailOperator): send_email>, prepare_email already registered for DAG: example_dag_decorator
[2024-09-09T01:48:06.487+0000] {processor.py:753} INFO - DAG(s) dict_keys(['example_dag_decorator']) retrieved from /home/airflow/.local/lib/python3.7/site-packages/airflow/example_dags/example_dag_decorator.py
[2024-09-09T01:48:06.547+0000] {logging_mixin.py:137} INFO - [2024-09-09T01:48:06.547+0000] {dag.py:2676} INFO - Sync 1 DAGs
[2024-09-09T01:48:06.565+0000] {logging_mixin.py:137} INFO - [2024-09-09T01:48:06.565+0000] {dag.py:3427} INFO - Setting next_dagrun for example_dag_decorator to None, run_after=None
[2024-09-09T01:48:06.587+0000] {processor.py:175} INFO - Processing /home/airflow/.local/lib/python3.7/site-packages/airflow/example_dags/example_dag_decorator.py took 0.127 seconds
