[2024-09-09T01:38:58.562+0000] {processor.py:153} INFO - Started process (PID=101) to work on /home/airflow/.local/lib/python3.7/site-packages/airflow/example_dags/example_bash_operator.py
[2024-09-09T01:38:58.563+0000] {processor.py:743} INFO - Processing file /home/airflow/.local/lib/python3.7/site-packages/airflow/example_dags/example_bash_operator.py for tasks to queue
[2024-09-09T01:38:58.564+0000] {logging_mixin.py:137} INFO - [2024-09-09T01:38:58.564+0000] {dagbag.py:538} INFO - Filling up the DagBag from /home/airflow/.local/lib/python3.7/site-packages/airflow/example_dags/example_bash_operator.py
[2024-09-09T01:38:58.628+0000] {processor.py:753} INFO - DAG(s) dict_keys(['example_bash_operator']) retrieved from /home/airflow/.local/lib/python3.7/site-packages/airflow/example_dags/example_bash_operator.py
[2024-09-09T01:38:58.704+0000] {logging_mixin.py:137} INFO - [2024-09-09T01:38:58.704+0000] {dag.py:2676} INFO - Sync 1 DAGs
[2024-09-09T01:38:58.739+0000] {logging_mixin.py:137} INFO - [2024-09-09T01:38:58.739+0000] {dag.py:3427} INFO - Setting next_dagrun for example_bash_operator to 2024-09-08T00:00:00+00:00, run_after=2024-09-09T00:00:00+00:00
[2024-09-09T01:38:58.770+0000] {processor.py:175} INFO - Processing /home/airflow/.local/lib/python3.7/site-packages/airflow/example_dags/example_bash_operator.py took 0.219 seconds
[2024-09-09T01:39:29.080+0000] {processor.py:153} INFO - Started process (PID=197) to work on /home/airflow/.local/lib/python3.7/site-packages/airflow/example_dags/example_bash_operator.py
[2024-09-09T01:39:29.081+0000] {processor.py:743} INFO - Processing file /home/airflow/.local/lib/python3.7/site-packages/airflow/example_dags/example_bash_operator.py for tasks to queue
[2024-09-09T01:39:29.081+0000] {logging_mixin.py:137} INFO - [2024-09-09T01:39:29.081+0000] {dagbag.py:538} INFO - Filling up the DagBag from /home/airflow/.local/lib/python3.7/site-packages/airflow/example_dags/example_bash_operator.py
[2024-09-09T01:39:29.100+0000] {processor.py:753} INFO - DAG(s) dict_keys(['example_bash_operator']) retrieved from /home/airflow/.local/lib/python3.7/site-packages/airflow/example_dags/example_bash_operator.py
[2024-09-09T01:39:29.146+0000] {logging_mixin.py:137} INFO - [2024-09-09T01:39:29.146+0000] {dag.py:2676} INFO - Sync 1 DAGs
[2024-09-09T01:39:29.173+0000] {logging_mixin.py:137} INFO - [2024-09-09T01:39:29.173+0000] {dag.py:3427} INFO - Setting next_dagrun for example_bash_operator to 2024-09-08T00:00:00+00:00, run_after=2024-09-09T00:00:00+00:00
[2024-09-09T01:39:29.194+0000] {processor.py:175} INFO - Processing /home/airflow/.local/lib/python3.7/site-packages/airflow/example_dags/example_bash_operator.py took 0.116 seconds
[2024-09-09T01:39:59.728+0000] {processor.py:153} INFO - Started process (PID=302) to work on /home/airflow/.local/lib/python3.7/site-packages/airflow/example_dags/example_bash_operator.py
[2024-09-09T01:39:59.729+0000] {processor.py:743} INFO - Processing file /home/airflow/.local/lib/python3.7/site-packages/airflow/example_dags/example_bash_operator.py for tasks to queue
[2024-09-09T01:39:59.729+0000] {logging_mixin.py:137} INFO - [2024-09-09T01:39:59.729+0000] {dagbag.py:538} INFO - Filling up the DagBag from /home/airflow/.local/lib/python3.7/site-packages/airflow/example_dags/example_bash_operator.py
[2024-09-09T01:39:59.756+0000] {processor.py:753} INFO - DAG(s) dict_keys(['example_bash_operator']) retrieved from /home/airflow/.local/lib/python3.7/site-packages/airflow/example_dags/example_bash_operator.py
[2024-09-09T01:39:59.811+0000] {logging_mixin.py:137} INFO - [2024-09-09T01:39:59.811+0000] {dag.py:2676} INFO - Sync 1 DAGs
[2024-09-09T01:39:59.837+0000] {logging_mixin.py:137} INFO - [2024-09-09T01:39:59.837+0000] {dag.py:3427} INFO - Setting next_dagrun for example_bash_operator to 2024-09-08T00:00:00+00:00, run_after=2024-09-09T00:00:00+00:00
[2024-09-09T01:39:59.858+0000] {processor.py:175} INFO - Processing /home/airflow/.local/lib/python3.7/site-packages/airflow/example_dags/example_bash_operator.py took 0.134 seconds
[2024-09-09T01:40:30.136+0000] {processor.py:153} INFO - Started process (PID=417) to work on /home/airflow/.local/lib/python3.7/site-packages/airflow/example_dags/example_bash_operator.py
[2024-09-09T01:40:30.137+0000] {processor.py:743} INFO - Processing file /home/airflow/.local/lib/python3.7/site-packages/airflow/example_dags/example_bash_operator.py for tasks to queue
[2024-09-09T01:40:30.137+0000] {logging_mixin.py:137} INFO - [2024-09-09T01:40:30.137+0000] {dagbag.py:538} INFO - Filling up the DagBag from /home/airflow/.local/lib/python3.7/site-packages/airflow/example_dags/example_bash_operator.py
[2024-09-09T01:40:30.152+0000] {processor.py:753} INFO - DAG(s) dict_keys(['example_bash_operator']) retrieved from /home/airflow/.local/lib/python3.7/site-packages/airflow/example_dags/example_bash_operator.py
[2024-09-09T01:40:30.190+0000] {logging_mixin.py:137} INFO - [2024-09-09T01:40:30.190+0000] {dag.py:2676} INFO - Sync 1 DAGs
[2024-09-09T01:40:30.209+0000] {logging_mixin.py:137} INFO - [2024-09-09T01:40:30.209+0000] {dag.py:3427} INFO - Setting next_dagrun for example_bash_operator to 2024-09-08T00:00:00+00:00, run_after=2024-09-09T00:00:00+00:00
[2024-09-09T01:40:30.227+0000] {processor.py:175} INFO - Processing /home/airflow/.local/lib/python3.7/site-packages/airflow/example_dags/example_bash_operator.py took 0.094 seconds
[2024-09-09T01:41:00.329+0000] {processor.py:153} INFO - Started process (PID=541) to work on /home/airflow/.local/lib/python3.7/site-packages/airflow/example_dags/example_bash_operator.py
[2024-09-09T01:41:00.330+0000] {processor.py:743} INFO - Processing file /home/airflow/.local/lib/python3.7/site-packages/airflow/example_dags/example_bash_operator.py for tasks to queue
[2024-09-09T01:41:00.330+0000] {logging_mixin.py:137} INFO - [2024-09-09T01:41:00.330+0000] {dagbag.py:538} INFO - Filling up the DagBag from /home/airflow/.local/lib/python3.7/site-packages/airflow/example_dags/example_bash_operator.py
[2024-09-09T01:41:00.347+0000] {processor.py:753} INFO - DAG(s) dict_keys(['example_bash_operator']) retrieved from /home/airflow/.local/lib/python3.7/site-packages/airflow/example_dags/example_bash_operator.py
[2024-09-09T01:41:00.385+0000] {logging_mixin.py:137} INFO - [2024-09-09T01:41:00.384+0000] {dag.py:2676} INFO - Sync 1 DAGs
[2024-09-09T01:41:00.405+0000] {logging_mixin.py:137} INFO - [2024-09-09T01:41:00.405+0000] {dag.py:3427} INFO - Setting next_dagrun for example_bash_operator to 2024-09-08T00:00:00+00:00, run_after=2024-09-09T00:00:00+00:00
[2024-09-09T01:41:00.419+0000] {processor.py:175} INFO - Processing /home/airflow/.local/lib/python3.7/site-packages/airflow/example_dags/example_bash_operator.py took 0.092 seconds
[2024-09-09T01:41:30.587+0000] {processor.py:153} INFO - Started process (PID=636) to work on /home/airflow/.local/lib/python3.7/site-packages/airflow/example_dags/example_bash_operator.py
[2024-09-09T01:41:30.588+0000] {processor.py:743} INFO - Processing file /home/airflow/.local/lib/python3.7/site-packages/airflow/example_dags/example_bash_operator.py for tasks to queue
[2024-09-09T01:41:30.589+0000] {logging_mixin.py:137} INFO - [2024-09-09T01:41:30.589+0000] {dagbag.py:538} INFO - Filling up the DagBag from /home/airflow/.local/lib/python3.7/site-packages/airflow/example_dags/example_bash_operator.py
[2024-09-09T01:41:30.609+0000] {processor.py:753} INFO - DAG(s) dict_keys(['example_bash_operator']) retrieved from /home/airflow/.local/lib/python3.7/site-packages/airflow/example_dags/example_bash_operator.py
[2024-09-09T01:41:30.654+0000] {logging_mixin.py:137} INFO - [2024-09-09T01:41:30.654+0000] {dag.py:2676} INFO - Sync 1 DAGs
[2024-09-09T01:41:30.680+0000] {logging_mixin.py:137} INFO - [2024-09-09T01:41:30.679+0000] {dag.py:3427} INFO - Setting next_dagrun for example_bash_operator to 2024-09-08T00:00:00+00:00, run_after=2024-09-09T00:00:00+00:00
[2024-09-09T01:41:30.701+0000] {processor.py:175} INFO - Processing /home/airflow/.local/lib/python3.7/site-packages/airflow/example_dags/example_bash_operator.py took 0.116 seconds
[2024-09-09T01:42:01.485+0000] {processor.py:153} INFO - Started process (PID=761) to work on /home/airflow/.local/lib/python3.7/site-packages/airflow/example_dags/example_bash_operator.py
[2024-09-09T01:42:01.486+0000] {processor.py:743} INFO - Processing file /home/airflow/.local/lib/python3.7/site-packages/airflow/example_dags/example_bash_operator.py for tasks to queue
[2024-09-09T01:42:01.487+0000] {logging_mixin.py:137} INFO - [2024-09-09T01:42:01.487+0000] {dagbag.py:538} INFO - Filling up the DagBag from /home/airflow/.local/lib/python3.7/site-packages/airflow/example_dags/example_bash_operator.py
[2024-09-09T01:42:01.515+0000] {processor.py:753} INFO - DAG(s) dict_keys(['example_bash_operator']) retrieved from /home/airflow/.local/lib/python3.7/site-packages/airflow/example_dags/example_bash_operator.py
[2024-09-09T01:42:01.577+0000] {logging_mixin.py:137} INFO - [2024-09-09T01:42:01.577+0000] {dag.py:2676} INFO - Sync 1 DAGs
[2024-09-09T01:42:01.609+0000] {logging_mixin.py:137} INFO - [2024-09-09T01:42:01.609+0000] {dag.py:3427} INFO - Setting next_dagrun for example_bash_operator to 2024-09-08T00:00:00+00:00, run_after=2024-09-09T00:00:00+00:00
[2024-09-09T01:42:01.633+0000] {processor.py:175} INFO - Processing /home/airflow/.local/lib/python3.7/site-packages/airflow/example_dags/example_bash_operator.py took 0.152 seconds
[2024-09-09T01:42:31.720+0000] {processor.py:153} INFO - Started process (PID=857) to work on /home/airflow/.local/lib/python3.7/site-packages/airflow/example_dags/example_bash_operator.py
[2024-09-09T01:42:31.721+0000] {processor.py:743} INFO - Processing file /home/airflow/.local/lib/python3.7/site-packages/airflow/example_dags/example_bash_operator.py for tasks to queue
[2024-09-09T01:42:31.721+0000] {logging_mixin.py:137} INFO - [2024-09-09T01:42:31.721+0000] {dagbag.py:538} INFO - Filling up the DagBag from /home/airflow/.local/lib/python3.7/site-packages/airflow/example_dags/example_bash_operator.py
[2024-09-09T01:42:31.740+0000] {processor.py:753} INFO - DAG(s) dict_keys(['example_bash_operator']) retrieved from /home/airflow/.local/lib/python3.7/site-packages/airflow/example_dags/example_bash_operator.py
[2024-09-09T01:42:31.780+0000] {logging_mixin.py:137} INFO - [2024-09-09T01:42:31.780+0000] {dag.py:2676} INFO - Sync 1 DAGs
[2024-09-09T01:42:31.800+0000] {logging_mixin.py:137} INFO - [2024-09-09T01:42:31.800+0000] {dag.py:3427} INFO - Setting next_dagrun for example_bash_operator to 2024-09-08T00:00:00+00:00, run_after=2024-09-09T00:00:00+00:00
[2024-09-09T01:42:31.817+0000] {processor.py:175} INFO - Processing /home/airflow/.local/lib/python3.7/site-packages/airflow/example_dags/example_bash_operator.py took 0.100 seconds
[2024-09-09T01:43:02.395+0000] {processor.py:153} INFO - Started process (PID=981) to work on /home/airflow/.local/lib/python3.7/site-packages/airflow/example_dags/example_bash_operator.py
[2024-09-09T01:43:02.396+0000] {processor.py:743} INFO - Processing file /home/airflow/.local/lib/python3.7/site-packages/airflow/example_dags/example_bash_operator.py for tasks to queue
[2024-09-09T01:43:02.397+0000] {logging_mixin.py:137} INFO - [2024-09-09T01:43:02.397+0000] {dagbag.py:538} INFO - Filling up the DagBag from /home/airflow/.local/lib/python3.7/site-packages/airflow/example_dags/example_bash_operator.py
[2024-09-09T01:43:02.415+0000] {processor.py:753} INFO - DAG(s) dict_keys(['example_bash_operator']) retrieved from /home/airflow/.local/lib/python3.7/site-packages/airflow/example_dags/example_bash_operator.py
[2024-09-09T01:43:02.458+0000] {logging_mixin.py:137} INFO - [2024-09-09T01:43:02.458+0000] {dag.py:2676} INFO - Sync 1 DAGs
[2024-09-09T01:43:02.483+0000] {logging_mixin.py:137} INFO - [2024-09-09T01:43:02.483+0000] {dag.py:3427} INFO - Setting next_dagrun for example_bash_operator to 2024-09-08T00:00:00+00:00, run_after=2024-09-09T00:00:00+00:00
[2024-09-09T01:43:02.502+0000] {processor.py:175} INFO - Processing /home/airflow/.local/lib/python3.7/site-packages/airflow/example_dags/example_bash_operator.py took 0.109 seconds
[2024-09-09T01:43:33.072+0000] {processor.py:153} INFO - Started process (PID=1077) to work on /home/airflow/.local/lib/python3.7/site-packages/airflow/example_dags/example_bash_operator.py
[2024-09-09T01:43:33.072+0000] {processor.py:743} INFO - Processing file /home/airflow/.local/lib/python3.7/site-packages/airflow/example_dags/example_bash_operator.py for tasks to queue
[2024-09-09T01:43:33.073+0000] {logging_mixin.py:137} INFO - [2024-09-09T01:43:33.073+0000] {dagbag.py:538} INFO - Filling up the DagBag from /home/airflow/.local/lib/python3.7/site-packages/airflow/example_dags/example_bash_operator.py
[2024-09-09T01:43:33.094+0000] {processor.py:753} INFO - DAG(s) dict_keys(['example_bash_operator']) retrieved from /home/airflow/.local/lib/python3.7/site-packages/airflow/example_dags/example_bash_operator.py
[2024-09-09T01:43:33.150+0000] {logging_mixin.py:137} INFO - [2024-09-09T01:43:33.150+0000] {dag.py:2676} INFO - Sync 1 DAGs
[2024-09-09T01:43:33.180+0000] {logging_mixin.py:137} INFO - [2024-09-09T01:43:33.179+0000] {dag.py:3427} INFO - Setting next_dagrun for example_bash_operator to 2024-09-08T00:00:00+00:00, run_after=2024-09-09T00:00:00+00:00
[2024-09-09T01:43:33.203+0000] {processor.py:175} INFO - Processing /home/airflow/.local/lib/python3.7/site-packages/airflow/example_dags/example_bash_operator.py took 0.134 seconds
[2024-09-09T01:44:03.623+0000] {processor.py:153} INFO - Started process (PID=1201) to work on /home/airflow/.local/lib/python3.7/site-packages/airflow/example_dags/example_bash_operator.py
[2024-09-09T01:44:03.624+0000] {processor.py:743} INFO - Processing file /home/airflow/.local/lib/python3.7/site-packages/airflow/example_dags/example_bash_operator.py for tasks to queue
[2024-09-09T01:44:03.624+0000] {logging_mixin.py:137} INFO - [2024-09-09T01:44:03.624+0000] {dagbag.py:538} INFO - Filling up the DagBag from /home/airflow/.local/lib/python3.7/site-packages/airflow/example_dags/example_bash_operator.py
[2024-09-09T01:44:03.644+0000] {processor.py:753} INFO - DAG(s) dict_keys(['example_bash_operator']) retrieved from /home/airflow/.local/lib/python3.7/site-packages/airflow/example_dags/example_bash_operator.py
[2024-09-09T01:44:03.685+0000] {logging_mixin.py:137} INFO - [2024-09-09T01:44:03.685+0000] {dag.py:2676} INFO - Sync 1 DAGs
[2024-09-09T01:44:03.709+0000] {logging_mixin.py:137} INFO - [2024-09-09T01:44:03.709+0000] {dag.py:3427} INFO - Setting next_dagrun for example_bash_operator to 2024-09-08T00:00:00+00:00, run_after=2024-09-09T00:00:00+00:00
[2024-09-09T01:44:03.727+0000] {processor.py:175} INFO - Processing /home/airflow/.local/lib/python3.7/site-packages/airflow/example_dags/example_bash_operator.py took 0.108 seconds
[2024-09-09T01:44:34.015+0000] {processor.py:153} INFO - Started process (PID=1325) to work on /home/airflow/.local/lib/python3.7/site-packages/airflow/example_dags/example_bash_operator.py
[2024-09-09T01:44:34.017+0000] {processor.py:743} INFO - Processing file /home/airflow/.local/lib/python3.7/site-packages/airflow/example_dags/example_bash_operator.py for tasks to queue
[2024-09-09T01:44:34.017+0000] {logging_mixin.py:137} INFO - [2024-09-09T01:44:34.017+0000] {dagbag.py:538} INFO - Filling up the DagBag from /home/airflow/.local/lib/python3.7/site-packages/airflow/example_dags/example_bash_operator.py
[2024-09-09T01:44:34.047+0000] {processor.py:753} INFO - DAG(s) dict_keys(['example_bash_operator']) retrieved from /home/airflow/.local/lib/python3.7/site-packages/airflow/example_dags/example_bash_operator.py
[2024-09-09T01:44:34.110+0000] {logging_mixin.py:137} INFO - [2024-09-09T01:44:34.109+0000] {dag.py:2676} INFO - Sync 1 DAGs
[2024-09-09T01:44:34.142+0000] {logging_mixin.py:137} INFO - [2024-09-09T01:44:34.142+0000] {dag.py:3427} INFO - Setting next_dagrun for example_bash_operator to 2024-09-08T00:00:00+00:00, run_after=2024-09-09T00:00:00+00:00
[2024-09-09T01:44:34.169+0000] {processor.py:175} INFO - Processing /home/airflow/.local/lib/python3.7/site-packages/airflow/example_dags/example_bash_operator.py took 0.166 seconds
[2024-09-09T01:45:04.253+0000] {processor.py:153} INFO - Started process (PID=1421) to work on /home/airflow/.local/lib/python3.7/site-packages/airflow/example_dags/example_bash_operator.py
[2024-09-09T01:45:04.254+0000] {processor.py:743} INFO - Processing file /home/airflow/.local/lib/python3.7/site-packages/airflow/example_dags/example_bash_operator.py for tasks to queue
[2024-09-09T01:45:04.255+0000] {logging_mixin.py:137} INFO - [2024-09-09T01:45:04.254+0000] {dagbag.py:538} INFO - Filling up the DagBag from /home/airflow/.local/lib/python3.7/site-packages/airflow/example_dags/example_bash_operator.py
[2024-09-09T01:45:04.271+0000] {processor.py:753} INFO - DAG(s) dict_keys(['example_bash_operator']) retrieved from /home/airflow/.local/lib/python3.7/site-packages/airflow/example_dags/example_bash_operator.py
[2024-09-09T01:45:04.312+0000] {logging_mixin.py:137} INFO - [2024-09-09T01:45:04.312+0000] {dag.py:2676} INFO - Sync 1 DAGs
[2024-09-09T01:45:04.332+0000] {logging_mixin.py:137} INFO - [2024-09-09T01:45:04.332+0000] {dag.py:3427} INFO - Setting next_dagrun for example_bash_operator to 2024-09-08T00:00:00+00:00, run_after=2024-09-09T00:00:00+00:00
[2024-09-09T01:45:04.348+0000] {processor.py:175} INFO - Processing /home/airflow/.local/lib/python3.7/site-packages/airflow/example_dags/example_bash_operator.py took 0.097 seconds
[2024-09-09T01:45:34.602+0000] {processor.py:153} INFO - Started process (PID=1546) to work on /home/airflow/.local/lib/python3.7/site-packages/airflow/example_dags/example_bash_operator.py
[2024-09-09T01:45:34.603+0000] {processor.py:743} INFO - Processing file /home/airflow/.local/lib/python3.7/site-packages/airflow/example_dags/example_bash_operator.py for tasks to queue
[2024-09-09T01:45:34.603+0000] {logging_mixin.py:137} INFO - [2024-09-09T01:45:34.603+0000] {dagbag.py:538} INFO - Filling up the DagBag from /home/airflow/.local/lib/python3.7/site-packages/airflow/example_dags/example_bash_operator.py
[2024-09-09T01:45:34.618+0000] {processor.py:753} INFO - DAG(s) dict_keys(['example_bash_operator']) retrieved from /home/airflow/.local/lib/python3.7/site-packages/airflow/example_dags/example_bash_operator.py
[2024-09-09T01:45:34.655+0000] {logging_mixin.py:137} INFO - [2024-09-09T01:45:34.655+0000] {dag.py:2676} INFO - Sync 1 DAGs
[2024-09-09T01:45:34.675+0000] {logging_mixin.py:137} INFO - [2024-09-09T01:45:34.675+0000] {dag.py:3427} INFO - Setting next_dagrun for example_bash_operator to 2024-09-08T00:00:00+00:00, run_after=2024-09-09T00:00:00+00:00
[2024-09-09T01:45:34.694+0000] {processor.py:175} INFO - Processing /home/airflow/.local/lib/python3.7/site-packages/airflow/example_dags/example_bash_operator.py took 0.095 seconds
[2024-09-09T01:46:04.967+0000] {processor.py:153} INFO - Started process (PID=1642) to work on /home/airflow/.local/lib/python3.7/site-packages/airflow/example_dags/example_bash_operator.py
[2024-09-09T01:46:04.968+0000] {processor.py:743} INFO - Processing file /home/airflow/.local/lib/python3.7/site-packages/airflow/example_dags/example_bash_operator.py for tasks to queue
[2024-09-09T01:46:04.968+0000] {logging_mixin.py:137} INFO - [2024-09-09T01:46:04.968+0000] {dagbag.py:538} INFO - Filling up the DagBag from /home/airflow/.local/lib/python3.7/site-packages/airflow/example_dags/example_bash_operator.py
[2024-09-09T01:46:04.983+0000] {processor.py:753} INFO - DAG(s) dict_keys(['example_bash_operator']) retrieved from /home/airflow/.local/lib/python3.7/site-packages/airflow/example_dags/example_bash_operator.py
[2024-09-09T01:46:05.021+0000] {logging_mixin.py:137} INFO - [2024-09-09T01:46:05.021+0000] {dag.py:2676} INFO - Sync 1 DAGs
[2024-09-09T01:46:05.040+0000] {logging_mixin.py:137} INFO - [2024-09-09T01:46:05.040+0000] {dag.py:3427} INFO - Setting next_dagrun for example_bash_operator to 2024-09-08T00:00:00+00:00, run_after=2024-09-09T00:00:00+00:00
[2024-09-09T01:46:05.058+0000] {processor.py:175} INFO - Processing /home/airflow/.local/lib/python3.7/site-packages/airflow/example_dags/example_bash_operator.py took 0.094 seconds
[2024-09-09T01:46:35.267+0000] {processor.py:153} INFO - Started process (PID=1766) to work on /home/airflow/.local/lib/python3.7/site-packages/airflow/example_dags/example_bash_operator.py
[2024-09-09T01:46:35.267+0000] {processor.py:743} INFO - Processing file /home/airflow/.local/lib/python3.7/site-packages/airflow/example_dags/example_bash_operator.py for tasks to queue
[2024-09-09T01:46:35.268+0000] {logging_mixin.py:137} INFO - [2024-09-09T01:46:35.268+0000] {dagbag.py:538} INFO - Filling up the DagBag from /home/airflow/.local/lib/python3.7/site-packages/airflow/example_dags/example_bash_operator.py
[2024-09-09T01:46:35.285+0000] {processor.py:753} INFO - DAG(s) dict_keys(['example_bash_operator']) retrieved from /home/airflow/.local/lib/python3.7/site-packages/airflow/example_dags/example_bash_operator.py
[2024-09-09T01:46:35.323+0000] {logging_mixin.py:137} INFO - [2024-09-09T01:46:35.323+0000] {dag.py:2676} INFO - Sync 1 DAGs
[2024-09-09T01:46:35.343+0000] {logging_mixin.py:137} INFO - [2024-09-09T01:46:35.343+0000] {dag.py:3427} INFO - Setting next_dagrun for example_bash_operator to 2024-09-08T00:00:00+00:00, run_after=2024-09-09T00:00:00+00:00
[2024-09-09T01:46:35.360+0000] {processor.py:175} INFO - Processing /home/airflow/.local/lib/python3.7/site-packages/airflow/example_dags/example_bash_operator.py took 0.096 seconds
[2024-09-09T01:47:05.900+0000] {processor.py:153} INFO - Started process (PID=1869) to work on /home/airflow/.local/lib/python3.7/site-packages/airflow/example_dags/example_bash_operator.py
[2024-09-09T01:47:05.905+0000] {processor.py:743} INFO - Processing file /home/airflow/.local/lib/python3.7/site-packages/airflow/example_dags/example_bash_operator.py for tasks to queue
[2024-09-09T01:47:05.908+0000] {logging_mixin.py:137} INFO - [2024-09-09T01:47:05.908+0000] {dagbag.py:538} INFO - Filling up the DagBag from /home/airflow/.local/lib/python3.7/site-packages/airflow/example_dags/example_bash_operator.py
[2024-09-09T01:47:05.945+0000] {processor.py:753} INFO - DAG(s) dict_keys(['example_bash_operator']) retrieved from /home/airflow/.local/lib/python3.7/site-packages/airflow/example_dags/example_bash_operator.py
[2024-09-09T01:47:05.996+0000] {logging_mixin.py:137} INFO - [2024-09-09T01:47:05.996+0000] {dag.py:2676} INFO - Sync 1 DAGs
[2024-09-09T01:47:06.029+0000] {logging_mixin.py:137} INFO - [2024-09-09T01:47:06.029+0000] {dag.py:3427} INFO - Setting next_dagrun for example_bash_operator to 2024-09-08T00:00:00+00:00, run_after=2024-09-09T00:00:00+00:00
[2024-09-09T01:47:06.051+0000] {processor.py:175} INFO - Processing /home/airflow/.local/lib/python3.7/site-packages/airflow/example_dags/example_bash_operator.py took 0.158 seconds
[2024-09-09T01:47:36.400+0000] {processor.py:153} INFO - Started process (PID=1986) to work on /home/airflow/.local/lib/python3.7/site-packages/airflow/example_dags/example_bash_operator.py
[2024-09-09T01:47:36.401+0000] {processor.py:743} INFO - Processing file /home/airflow/.local/lib/python3.7/site-packages/airflow/example_dags/example_bash_operator.py for tasks to queue
[2024-09-09T01:47:36.401+0000] {logging_mixin.py:137} INFO - [2024-09-09T01:47:36.401+0000] {dagbag.py:538} INFO - Filling up the DagBag from /home/airflow/.local/lib/python3.7/site-packages/airflow/example_dags/example_bash_operator.py
[2024-09-09T01:47:36.418+0000] {processor.py:753} INFO - DAG(s) dict_keys(['example_bash_operator']) retrieved from /home/airflow/.local/lib/python3.7/site-packages/airflow/example_dags/example_bash_operator.py
[2024-09-09T01:47:36.460+0000] {logging_mixin.py:137} INFO - [2024-09-09T01:47:36.460+0000] {dag.py:2676} INFO - Sync 1 DAGs
[2024-09-09T01:47:36.482+0000] {logging_mixin.py:137} INFO - [2024-09-09T01:47:36.482+0000] {dag.py:3427} INFO - Setting next_dagrun for example_bash_operator to 2024-09-08T00:00:00+00:00, run_after=2024-09-09T00:00:00+00:00
[2024-09-09T01:47:36.500+0000] {processor.py:175} INFO - Processing /home/airflow/.local/lib/python3.7/site-packages/airflow/example_dags/example_bash_operator.py took 0.103 seconds
[2024-09-09T01:48:06.615+0000] {processor.py:153} INFO - Started process (PID=2108) to work on /home/airflow/.local/lib/python3.7/site-packages/airflow/example_dags/example_bash_operator.py
[2024-09-09T01:48:06.617+0000] {processor.py:743} INFO - Processing file /home/airflow/.local/lib/python3.7/site-packages/airflow/example_dags/example_bash_operator.py for tasks to queue
[2024-09-09T01:48:06.617+0000] {logging_mixin.py:137} INFO - [2024-09-09T01:48:06.617+0000] {dagbag.py:538} INFO - Filling up the DagBag from /home/airflow/.local/lib/python3.7/site-packages/airflow/example_dags/example_bash_operator.py
[2024-09-09T01:48:06.648+0000] {processor.py:753} INFO - DAG(s) dict_keys(['example_bash_operator']) retrieved from /home/airflow/.local/lib/python3.7/site-packages/airflow/example_dags/example_bash_operator.py
[2024-09-09T01:48:06.706+0000] {logging_mixin.py:137} INFO - [2024-09-09T01:48:06.706+0000] {dag.py:2676} INFO - Sync 1 DAGs
[2024-09-09T01:48:06.729+0000] {logging_mixin.py:137} INFO - [2024-09-09T01:48:06.729+0000] {dag.py:3427} INFO - Setting next_dagrun for example_bash_operator to 2024-09-08T00:00:00+00:00, run_after=2024-09-09T00:00:00+00:00
[2024-09-09T01:48:06.746+0000] {processor.py:175} INFO - Processing /home/airflow/.local/lib/python3.7/site-packages/airflow/example_dags/example_bash_operator.py took 0.135 seconds
[2024-09-09T01:48:36.852+0000] {processor.py:153} INFO - Started process (PID=2204) to work on /home/airflow/.local/lib/python3.7/site-packages/airflow/example_dags/example_bash_operator.py
[2024-09-09T01:48:36.853+0000] {processor.py:743} INFO - Processing file /home/airflow/.local/lib/python3.7/site-packages/airflow/example_dags/example_bash_operator.py for tasks to queue
[2024-09-09T01:48:36.854+0000] {logging_mixin.py:137} INFO - [2024-09-09T01:48:36.854+0000] {dagbag.py:538} INFO - Filling up the DagBag from /home/airflow/.local/lib/python3.7/site-packages/airflow/example_dags/example_bash_operator.py
[2024-09-09T01:48:36.872+0000] {processor.py:753} INFO - DAG(s) dict_keys(['example_bash_operator']) retrieved from /home/airflow/.local/lib/python3.7/site-packages/airflow/example_dags/example_bash_operator.py
[2024-09-09T01:48:36.912+0000] {logging_mixin.py:137} INFO - [2024-09-09T01:48:36.912+0000] {dag.py:2676} INFO - Sync 1 DAGs
[2024-09-09T01:48:36.935+0000] {logging_mixin.py:137} INFO - [2024-09-09T01:48:36.934+0000] {dag.py:3427} INFO - Setting next_dagrun for example_bash_operator to 2024-09-08T00:00:00+00:00, run_after=2024-09-09T00:00:00+00:00
[2024-09-09T01:48:36.954+0000] {processor.py:175} INFO - Processing /home/airflow/.local/lib/python3.7/site-packages/airflow/example_dags/example_bash_operator.py took 0.105 seconds
[2024-09-09T01:49:07.488+0000] {processor.py:153} INFO - Started process (PID=2328) to work on /home/airflow/.local/lib/python3.7/site-packages/airflow/example_dags/example_bash_operator.py
[2024-09-09T01:49:07.489+0000] {processor.py:743} INFO - Processing file /home/airflow/.local/lib/python3.7/site-packages/airflow/example_dags/example_bash_operator.py for tasks to queue
[2024-09-09T01:49:07.490+0000] {logging_mixin.py:137} INFO - [2024-09-09T01:49:07.490+0000] {dagbag.py:538} INFO - Filling up the DagBag from /home/airflow/.local/lib/python3.7/site-packages/airflow/example_dags/example_bash_operator.py
[2024-09-09T01:49:07.507+0000] {processor.py:753} INFO - DAG(s) dict_keys(['example_bash_operator']) retrieved from /home/airflow/.local/lib/python3.7/site-packages/airflow/example_dags/example_bash_operator.py
[2024-09-09T01:49:07.549+0000] {logging_mixin.py:137} INFO - [2024-09-09T01:49:07.549+0000] {dag.py:2676} INFO - Sync 1 DAGs
[2024-09-09T01:49:07.575+0000] {logging_mixin.py:137} INFO - [2024-09-09T01:49:07.575+0000] {dag.py:3427} INFO - Setting next_dagrun for example_bash_operator to 2024-09-08T00:00:00+00:00, run_after=2024-09-09T00:00:00+00:00
[2024-09-09T01:49:07.599+0000] {processor.py:175} INFO - Processing /home/airflow/.local/lib/python3.7/site-packages/airflow/example_dags/example_bash_operator.py took 0.113 seconds
