[2024-09-09T01:38:56.996+0000] {processor.py:153} INFO - Started process (PID=94) to work on /home/airflow/.local/lib/python3.7/site-packages/airflow/example_dags/example_task_group.py
[2024-09-09T01:38:57.010+0000] {processor.py:743} INFO - Processing file /home/airflow/.local/lib/python3.7/site-packages/airflow/example_dags/example_task_group.py for tasks to queue
[2024-09-09T01:38:57.013+0000] {logging_mixin.py:137} INFO - [2024-09-09T01:38:57.013+0000] {dagbag.py:538} INFO - Filling up the DagBag from /home/airflow/.local/lib/python3.7/site-packages/airflow/example_dags/example_task_group.py
[2024-09-09T01:38:57.220+0000] {processor.py:753} INFO - DAG(s) dict_keys(['example_task_group']) retrieved from /home/airflow/.local/lib/python3.7/site-packages/airflow/example_dags/example_task_group.py
[2024-09-09T01:38:57.371+0000] {logging_mixin.py:137} INFO - [2024-09-09T01:38:57.371+0000] {dag.py:2676} INFO - Sync 1 DAGs
[2024-09-09T01:38:57.448+0000] {logging_mixin.py:137} INFO - [2024-09-09T01:38:57.448+0000] {dag.py:3427} INFO - Setting next_dagrun for example_task_group to 2024-09-08T01:38:57.447767+00:00, run_after=2024-09-09T01:38:57.447767+00:00
[2024-09-09T01:38:57.485+0000] {processor.py:175} INFO - Processing /home/airflow/.local/lib/python3.7/site-packages/airflow/example_dags/example_task_group.py took 0.530 seconds
[2024-09-09T01:39:27.675+0000] {processor.py:153} INFO - Started process (PID=190) to work on /home/airflow/.local/lib/python3.7/site-packages/airflow/example_dags/example_task_group.py
[2024-09-09T01:39:27.676+0000] {processor.py:743} INFO - Processing file /home/airflow/.local/lib/python3.7/site-packages/airflow/example_dags/example_task_group.py for tasks to queue
[2024-09-09T01:39:27.676+0000] {logging_mixin.py:137} INFO - [2024-09-09T01:39:27.676+0000] {dagbag.py:538} INFO - Filling up the DagBag from /home/airflow/.local/lib/python3.7/site-packages/airflow/example_dags/example_task_group.py
[2024-09-09T01:39:27.690+0000] {processor.py:753} INFO - DAG(s) dict_keys(['example_task_group']) retrieved from /home/airflow/.local/lib/python3.7/site-packages/airflow/example_dags/example_task_group.py
[2024-09-09T01:39:27.717+0000] {logging_mixin.py:137} INFO - [2024-09-09T01:39:27.717+0000] {dag.py:2676} INFO - Sync 1 DAGs
[2024-09-09T01:39:27.737+0000] {logging_mixin.py:137} INFO - [2024-09-09T01:39:27.737+0000] {dag.py:3427} INFO - Setting next_dagrun for example_task_group to 2024-09-08T01:39:27.737058+00:00, run_after=2024-09-09T01:39:27.737058+00:00
[2024-09-09T01:39:27.754+0000] {processor.py:175} INFO - Processing /home/airflow/.local/lib/python3.7/site-packages/airflow/example_dags/example_task_group.py took 0.082 seconds
[2024-09-09T01:39:58.177+0000] {processor.py:153} INFO - Started process (PID=286) to work on /home/airflow/.local/lib/python3.7/site-packages/airflow/example_dags/example_task_group.py
[2024-09-09T01:39:58.178+0000] {processor.py:743} INFO - Processing file /home/airflow/.local/lib/python3.7/site-packages/airflow/example_dags/example_task_group.py for tasks to queue
[2024-09-09T01:39:58.179+0000] {logging_mixin.py:137} INFO - [2024-09-09T01:39:58.179+0000] {dagbag.py:538} INFO - Filling up the DagBag from /home/airflow/.local/lib/python3.7/site-packages/airflow/example_dags/example_task_group.py
[2024-09-09T01:39:58.193+0000] {processor.py:753} INFO - DAG(s) dict_keys(['example_task_group']) retrieved from /home/airflow/.local/lib/python3.7/site-packages/airflow/example_dags/example_task_group.py
[2024-09-09T01:39:58.231+0000] {logging_mixin.py:137} INFO - [2024-09-09T01:39:58.231+0000] {dag.py:2676} INFO - Sync 1 DAGs
[2024-09-09T01:39:58.254+0000] {logging_mixin.py:137} INFO - [2024-09-09T01:39:58.253+0000] {dag.py:3427} INFO - Setting next_dagrun for example_task_group to 2024-09-08T01:39:58.253685+00:00, run_after=2024-09-09T01:39:58.253685+00:00
[2024-09-09T01:39:58.275+0000] {processor.py:175} INFO - Processing /home/airflow/.local/lib/python3.7/site-packages/airflow/example_dags/example_task_group.py took 0.101 seconds
[2024-09-09T01:40:28.731+0000] {processor.py:153} INFO - Started process (PID=410) to work on /home/airflow/.local/lib/python3.7/site-packages/airflow/example_dags/example_task_group.py
[2024-09-09T01:40:28.732+0000] {processor.py:743} INFO - Processing file /home/airflow/.local/lib/python3.7/site-packages/airflow/example_dags/example_task_group.py for tasks to queue
[2024-09-09T01:40:28.732+0000] {logging_mixin.py:137} INFO - [2024-09-09T01:40:28.732+0000] {dagbag.py:538} INFO - Filling up the DagBag from /home/airflow/.local/lib/python3.7/site-packages/airflow/example_dags/example_task_group.py
[2024-09-09T01:40:28.743+0000] {processor.py:753} INFO - DAG(s) dict_keys(['example_task_group']) retrieved from /home/airflow/.local/lib/python3.7/site-packages/airflow/example_dags/example_task_group.py
[2024-09-09T01:40:28.770+0000] {logging_mixin.py:137} INFO - [2024-09-09T01:40:28.770+0000] {dag.py:2676} INFO - Sync 1 DAGs
[2024-09-09T01:40:28.789+0000] {logging_mixin.py:137} INFO - [2024-09-09T01:40:28.788+0000] {dag.py:3427} INFO - Setting next_dagrun for example_task_group to 2024-09-08T01:40:28.788771+00:00, run_after=2024-09-09T01:40:28.788771+00:00
[2024-09-09T01:40:28.806+0000] {processor.py:175} INFO - Processing /home/airflow/.local/lib/python3.7/site-packages/airflow/example_dags/example_task_group.py took 0.077 seconds
[2024-09-09T01:40:58.944+0000] {processor.py:153} INFO - Started process (PID=515) to work on /home/airflow/.local/lib/python3.7/site-packages/airflow/example_dags/example_task_group.py
[2024-09-09T01:40:58.946+0000] {processor.py:743} INFO - Processing file /home/airflow/.local/lib/python3.7/site-packages/airflow/example_dags/example_task_group.py for tasks to queue
[2024-09-09T01:40:58.947+0000] {logging_mixin.py:137} INFO - [2024-09-09T01:40:58.946+0000] {dagbag.py:538} INFO - Filling up the DagBag from /home/airflow/.local/lib/python3.7/site-packages/airflow/example_dags/example_task_group.py
[2024-09-09T01:40:58.968+0000] {processor.py:753} INFO - DAG(s) dict_keys(['example_task_group']) retrieved from /home/airflow/.local/lib/python3.7/site-packages/airflow/example_dags/example_task_group.py
[2024-09-09T01:40:59.009+0000] {logging_mixin.py:137} INFO - [2024-09-09T01:40:59.008+0000] {dag.py:2676} INFO - Sync 1 DAGs
[2024-09-09T01:40:59.038+0000] {logging_mixin.py:137} INFO - [2024-09-09T01:40:59.038+0000] {dag.py:3427} INFO - Setting next_dagrun for example_task_group to 2024-09-08T01:40:59.038292+00:00, run_after=2024-09-09T01:40:59.038292+00:00
[2024-09-09T01:40:59.060+0000] {processor.py:175} INFO - Processing /home/airflow/.local/lib/python3.7/site-packages/airflow/example_dags/example_task_group.py took 0.120 seconds
[2024-09-09T01:41:29.272+0000] {processor.py:153} INFO - Started process (PID=630) to work on /home/airflow/.local/lib/python3.7/site-packages/airflow/example_dags/example_task_group.py
[2024-09-09T01:41:29.273+0000] {processor.py:743} INFO - Processing file /home/airflow/.local/lib/python3.7/site-packages/airflow/example_dags/example_task_group.py for tasks to queue
[2024-09-09T01:41:29.273+0000] {logging_mixin.py:137} INFO - [2024-09-09T01:41:29.273+0000] {dagbag.py:538} INFO - Filling up the DagBag from /home/airflow/.local/lib/python3.7/site-packages/airflow/example_dags/example_task_group.py
[2024-09-09T01:41:29.286+0000] {processor.py:753} INFO - DAG(s) dict_keys(['example_task_group']) retrieved from /home/airflow/.local/lib/python3.7/site-packages/airflow/example_dags/example_task_group.py
[2024-09-09T01:41:29.316+0000] {logging_mixin.py:137} INFO - [2024-09-09T01:41:29.316+0000] {dag.py:2676} INFO - Sync 1 DAGs
[2024-09-09T01:41:29.335+0000] {logging_mixin.py:137} INFO - [2024-09-09T01:41:29.335+0000] {dag.py:3427} INFO - Setting next_dagrun for example_task_group to 2024-09-08T01:41:29.335666+00:00, run_after=2024-09-09T01:41:29.335666+00:00
[2024-09-09T01:41:29.351+0000] {processor.py:175} INFO - Processing /home/airflow/.local/lib/python3.7/site-packages/airflow/example_dags/example_task_group.py took 0.081 seconds
[2024-09-09T01:41:59.980+0000] {processor.py:153} INFO - Started process (PID=754) to work on /home/airflow/.local/lib/python3.7/site-packages/airflow/example_dags/example_task_group.py
[2024-09-09T01:41:59.981+0000] {processor.py:743} INFO - Processing file /home/airflow/.local/lib/python3.7/site-packages/airflow/example_dags/example_task_group.py for tasks to queue
[2024-09-09T01:41:59.982+0000] {logging_mixin.py:137} INFO - [2024-09-09T01:41:59.981+0000] {dagbag.py:538} INFO - Filling up the DagBag from /home/airflow/.local/lib/python3.7/site-packages/airflow/example_dags/example_task_group.py
[2024-09-09T01:41:59.996+0000] {processor.py:753} INFO - DAG(s) dict_keys(['example_task_group']) retrieved from /home/airflow/.local/lib/python3.7/site-packages/airflow/example_dags/example_task_group.py
[2024-09-09T01:42:00.029+0000] {logging_mixin.py:137} INFO - [2024-09-09T01:42:00.029+0000] {dag.py:2676} INFO - Sync 1 DAGs
[2024-09-09T01:42:00.054+0000] {logging_mixin.py:137} INFO - [2024-09-09T01:42:00.054+0000] {dag.py:3427} INFO - Setting next_dagrun for example_task_group to 2024-09-08T01:42:00.054134+00:00, run_after=2024-09-09T01:42:00.054134+00:00
[2024-09-09T01:42:00.077+0000] {processor.py:175} INFO - Processing /home/airflow/.local/lib/python3.7/site-packages/airflow/example_dags/example_task_group.py took 0.100 seconds
[2024-09-09T01:42:30.238+0000] {processor.py:153} INFO - Started process (PID=850) to work on /home/airflow/.local/lib/python3.7/site-packages/airflow/example_dags/example_task_group.py
[2024-09-09T01:42:30.239+0000] {processor.py:743} INFO - Processing file /home/airflow/.local/lib/python3.7/site-packages/airflow/example_dags/example_task_group.py for tasks to queue
[2024-09-09T01:42:30.239+0000] {logging_mixin.py:137} INFO - [2024-09-09T01:42:30.239+0000] {dagbag.py:538} INFO - Filling up the DagBag from /home/airflow/.local/lib/python3.7/site-packages/airflow/example_dags/example_task_group.py
[2024-09-09T01:42:30.253+0000] {processor.py:753} INFO - DAG(s) dict_keys(['example_task_group']) retrieved from /home/airflow/.local/lib/python3.7/site-packages/airflow/example_dags/example_task_group.py
[2024-09-09T01:42:30.285+0000] {logging_mixin.py:137} INFO - [2024-09-09T01:42:30.284+0000] {dag.py:2676} INFO - Sync 1 DAGs
[2024-09-09T01:42:30.306+0000] {logging_mixin.py:137} INFO - [2024-09-09T01:42:30.306+0000] {dag.py:3427} INFO - Setting next_dagrun for example_task_group to 2024-09-08T01:42:30.305818+00:00, run_after=2024-09-09T01:42:30.305818+00:00
[2024-09-09T01:42:30.327+0000] {processor.py:175} INFO - Processing /home/airflow/.local/lib/python3.7/site-packages/airflow/example_dags/example_task_group.py took 0.092 seconds
[2024-09-09T01:43:00.447+0000] {processor.py:153} INFO - Started process (PID=972) to work on /home/airflow/.local/lib/python3.7/site-packages/airflow/example_dags/example_task_group.py
[2024-09-09T01:43:00.448+0000] {processor.py:743} INFO - Processing file /home/airflow/.local/lib/python3.7/site-packages/airflow/example_dags/example_task_group.py for tasks to queue
[2024-09-09T01:43:00.448+0000] {logging_mixin.py:137} INFO - [2024-09-09T01:43:00.448+0000] {dagbag.py:538} INFO - Filling up the DagBag from /home/airflow/.local/lib/python3.7/site-packages/airflow/example_dags/example_task_group.py
[2024-09-09T01:43:00.462+0000] {processor.py:753} INFO - DAG(s) dict_keys(['example_task_group']) retrieved from /home/airflow/.local/lib/python3.7/site-packages/airflow/example_dags/example_task_group.py
[2024-09-09T01:43:00.496+0000] {logging_mixin.py:137} INFO - [2024-09-09T01:43:00.496+0000] {dag.py:2676} INFO - Sync 1 DAGs
[2024-09-09T01:43:00.518+0000] {logging_mixin.py:137} INFO - [2024-09-09T01:43:00.518+0000] {dag.py:3427} INFO - Setting next_dagrun for example_task_group to 2024-09-08T01:43:00.518138+00:00, run_after=2024-09-09T01:43:00.518138+00:00
[2024-09-09T01:43:00.545+0000] {processor.py:175} INFO - Processing /home/airflow/.local/lib/python3.7/site-packages/airflow/example_dags/example_task_group.py took 0.101 seconds
[2024-09-09T01:43:31.095+0000] {processor.py:153} INFO - Started process (PID=1068) to work on /home/airflow/.local/lib/python3.7/site-packages/airflow/example_dags/example_task_group.py
[2024-09-09T01:43:31.097+0000] {processor.py:743} INFO - Processing file /home/airflow/.local/lib/python3.7/site-packages/airflow/example_dags/example_task_group.py for tasks to queue
[2024-09-09T01:43:31.098+0000] {logging_mixin.py:137} INFO - [2024-09-09T01:43:31.097+0000] {dagbag.py:538} INFO - Filling up the DagBag from /home/airflow/.local/lib/python3.7/site-packages/airflow/example_dags/example_task_group.py
[2024-09-09T01:43:31.114+0000] {processor.py:753} INFO - DAG(s) dict_keys(['example_task_group']) retrieved from /home/airflow/.local/lib/python3.7/site-packages/airflow/example_dags/example_task_group.py
[2024-09-09T01:43:31.145+0000] {logging_mixin.py:137} INFO - [2024-09-09T01:43:31.145+0000] {dag.py:2676} INFO - Sync 1 DAGs
[2024-09-09T01:43:31.169+0000] {logging_mixin.py:137} INFO - [2024-09-09T01:43:31.169+0000] {dag.py:3427} INFO - Setting next_dagrun for example_task_group to 2024-09-08T01:43:31.169294+00:00, run_after=2024-09-09T01:43:31.169294+00:00
[2024-09-09T01:43:31.190+0000] {processor.py:175} INFO - Processing /home/airflow/.local/lib/python3.7/site-packages/airflow/example_dags/example_task_group.py took 0.098 seconds
[2024-09-09T01:44:02.218+0000] {processor.py:153} INFO - Started process (PID=1194) to work on /home/airflow/.local/lib/python3.7/site-packages/airflow/example_dags/example_task_group.py
[2024-09-09T01:44:02.219+0000] {processor.py:743} INFO - Processing file /home/airflow/.local/lib/python3.7/site-packages/airflow/example_dags/example_task_group.py for tasks to queue
[2024-09-09T01:44:02.220+0000] {logging_mixin.py:137} INFO - [2024-09-09T01:44:02.220+0000] {dagbag.py:538} INFO - Filling up the DagBag from /home/airflow/.local/lib/python3.7/site-packages/airflow/example_dags/example_task_group.py
[2024-09-09T01:44:02.234+0000] {processor.py:753} INFO - DAG(s) dict_keys(['example_task_group']) retrieved from /home/airflow/.local/lib/python3.7/site-packages/airflow/example_dags/example_task_group.py
[2024-09-09T01:44:02.267+0000] {logging_mixin.py:137} INFO - [2024-09-09T01:44:02.267+0000] {dag.py:2676} INFO - Sync 1 DAGs
[2024-09-09T01:44:02.288+0000] {logging_mixin.py:137} INFO - [2024-09-09T01:44:02.288+0000] {dag.py:3427} INFO - Setting next_dagrun for example_task_group to 2024-09-08T01:44:02.288518+00:00, run_after=2024-09-09T01:44:02.288518+00:00
[2024-09-09T01:44:02.308+0000] {processor.py:175} INFO - Processing /home/airflow/.local/lib/python3.7/site-packages/airflow/example_dags/example_task_group.py took 0.093 seconds
[2024-09-09T01:44:32.330+0000] {processor.py:153} INFO - Started process (PID=1289) to work on /home/airflow/.local/lib/python3.7/site-packages/airflow/example_dags/example_task_group.py
[2024-09-09T01:44:32.331+0000] {processor.py:743} INFO - Processing file /home/airflow/.local/lib/python3.7/site-packages/airflow/example_dags/example_task_group.py for tasks to queue
[2024-09-09T01:44:32.331+0000] {logging_mixin.py:137} INFO - [2024-09-09T01:44:32.331+0000] {dagbag.py:538} INFO - Filling up the DagBag from /home/airflow/.local/lib/python3.7/site-packages/airflow/example_dags/example_task_group.py
[2024-09-09T01:44:32.343+0000] {processor.py:753} INFO - DAG(s) dict_keys(['example_task_group']) retrieved from /home/airflow/.local/lib/python3.7/site-packages/airflow/example_dags/example_task_group.py
[2024-09-09T01:44:32.375+0000] {logging_mixin.py:137} INFO - [2024-09-09T01:44:32.374+0000] {dag.py:2676} INFO - Sync 1 DAGs
[2024-09-09T01:44:32.396+0000] {logging_mixin.py:137} INFO - [2024-09-09T01:44:32.395+0000] {dag.py:3427} INFO - Setting next_dagrun for example_task_group to 2024-09-08T01:44:32.395717+00:00, run_after=2024-09-09T01:44:32.395717+00:00
[2024-09-09T01:44:32.417+0000] {processor.py:175} INFO - Processing /home/airflow/.local/lib/python3.7/site-packages/airflow/example_dags/example_task_group.py took 0.090 seconds
[2024-09-09T01:45:02.872+0000] {processor.py:153} INFO - Started process (PID=1412) to work on /home/airflow/.local/lib/python3.7/site-packages/airflow/example_dags/example_task_group.py
[2024-09-09T01:45:02.873+0000] {processor.py:743} INFO - Processing file /home/airflow/.local/lib/python3.7/site-packages/airflow/example_dags/example_task_group.py for tasks to queue
[2024-09-09T01:45:02.874+0000] {logging_mixin.py:137} INFO - [2024-09-09T01:45:02.873+0000] {dagbag.py:538} INFO - Filling up the DagBag from /home/airflow/.local/lib/python3.7/site-packages/airflow/example_dags/example_task_group.py
[2024-09-09T01:45:02.885+0000] {processor.py:753} INFO - DAG(s) dict_keys(['example_task_group']) retrieved from /home/airflow/.local/lib/python3.7/site-packages/airflow/example_dags/example_task_group.py
[2024-09-09T01:45:02.912+0000] {logging_mixin.py:137} INFO - [2024-09-09T01:45:02.911+0000] {dag.py:2676} INFO - Sync 1 DAGs
[2024-09-09T01:45:02.930+0000] {logging_mixin.py:137} INFO - [2024-09-09T01:45:02.929+0000] {dag.py:3427} INFO - Setting next_dagrun for example_task_group to 2024-09-08T01:45:02.929747+00:00, run_after=2024-09-09T01:45:02.929747+00:00
[2024-09-09T01:45:02.945+0000] {processor.py:175} INFO - Processing /home/airflow/.local/lib/python3.7/site-packages/airflow/example_dags/example_task_group.py took 0.075 seconds
[2024-09-09T01:45:33.141+0000] {processor.py:153} INFO - Started process (PID=1537) to work on /home/airflow/.local/lib/python3.7/site-packages/airflow/example_dags/example_task_group.py
[2024-09-09T01:45:33.142+0000] {processor.py:743} INFO - Processing file /home/airflow/.local/lib/python3.7/site-packages/airflow/example_dags/example_task_group.py for tasks to queue
[2024-09-09T01:45:33.142+0000] {logging_mixin.py:137} INFO - [2024-09-09T01:45:33.142+0000] {dagbag.py:538} INFO - Filling up the DagBag from /home/airflow/.local/lib/python3.7/site-packages/airflow/example_dags/example_task_group.py
[2024-09-09T01:45:33.156+0000] {processor.py:753} INFO - DAG(s) dict_keys(['example_task_group']) retrieved from /home/airflow/.local/lib/python3.7/site-packages/airflow/example_dags/example_task_group.py
[2024-09-09T01:45:33.193+0000] {logging_mixin.py:137} INFO - [2024-09-09T01:45:33.192+0000] {dag.py:2676} INFO - Sync 1 DAGs
[2024-09-09T01:45:33.224+0000] {logging_mixin.py:137} INFO - [2024-09-09T01:45:33.224+0000] {dag.py:3427} INFO - Setting next_dagrun for example_task_group to 2024-09-08T01:45:33.224402+00:00, run_after=2024-09-09T01:45:33.224402+00:00
[2024-09-09T01:45:33.253+0000] {processor.py:175} INFO - Processing /home/airflow/.local/lib/python3.7/site-packages/airflow/example_dags/example_task_group.py took 0.114 seconds
[2024-09-09T01:46:04.125+0000] {processor.py:153} INFO - Started process (PID=1633) to work on /home/airflow/.local/lib/python3.7/site-packages/airflow/example_dags/example_task_group.py
[2024-09-09T01:46:04.126+0000] {processor.py:743} INFO - Processing file /home/airflow/.local/lib/python3.7/site-packages/airflow/example_dags/example_task_group.py for tasks to queue
[2024-09-09T01:46:04.126+0000] {logging_mixin.py:137} INFO - [2024-09-09T01:46:04.126+0000] {dagbag.py:538} INFO - Filling up the DagBag from /home/airflow/.local/lib/python3.7/site-packages/airflow/example_dags/example_task_group.py
[2024-09-09T01:46:04.137+0000] {processor.py:753} INFO - DAG(s) dict_keys(['example_task_group']) retrieved from /home/airflow/.local/lib/python3.7/site-packages/airflow/example_dags/example_task_group.py
[2024-09-09T01:46:04.164+0000] {logging_mixin.py:137} INFO - [2024-09-09T01:46:04.164+0000] {dag.py:2676} INFO - Sync 1 DAGs
[2024-09-09T01:46:04.182+0000] {logging_mixin.py:137} INFO - [2024-09-09T01:46:04.181+0000] {dag.py:3427} INFO - Setting next_dagrun for example_task_group to 2024-09-08T01:46:04.181778+00:00, run_after=2024-09-09T01:46:04.181778+00:00
[2024-09-09T01:46:04.199+0000] {processor.py:175} INFO - Processing /home/airflow/.local/lib/python3.7/site-packages/airflow/example_dags/example_task_group.py took 0.076 seconds
[2024-09-09T01:46:34.643+0000] {processor.py:153} INFO - Started process (PID=1757) to work on /home/airflow/.local/lib/python3.7/site-packages/airflow/example_dags/example_task_group.py
[2024-09-09T01:46:34.644+0000] {processor.py:743} INFO - Processing file /home/airflow/.local/lib/python3.7/site-packages/airflow/example_dags/example_task_group.py for tasks to queue
[2024-09-09T01:46:34.644+0000] {logging_mixin.py:137} INFO - [2024-09-09T01:46:34.644+0000] {dagbag.py:538} INFO - Filling up the DagBag from /home/airflow/.local/lib/python3.7/site-packages/airflow/example_dags/example_task_group.py
[2024-09-09T01:46:34.655+0000] {processor.py:753} INFO - DAG(s) dict_keys(['example_task_group']) retrieved from /home/airflow/.local/lib/python3.7/site-packages/airflow/example_dags/example_task_group.py
[2024-09-09T01:46:34.681+0000] {logging_mixin.py:137} INFO - [2024-09-09T01:46:34.681+0000] {dag.py:2676} INFO - Sync 1 DAGs
[2024-09-09T01:46:34.698+0000] {logging_mixin.py:137} INFO - [2024-09-09T01:46:34.698+0000] {dag.py:3427} INFO - Setting next_dagrun for example_task_group to 2024-09-08T01:46:34.698546+00:00, run_after=2024-09-09T01:46:34.698546+00:00
[2024-09-09T01:46:34.715+0000] {processor.py:175} INFO - Processing /home/airflow/.local/lib/python3.7/site-packages/airflow/example_dags/example_task_group.py took 0.074 seconds
[2024-09-09T01:47:04.890+0000] {processor.py:153} INFO - Started process (PID=1853) to work on /home/airflow/.local/lib/python3.7/site-packages/airflow/example_dags/example_task_group.py
[2024-09-09T01:47:04.891+0000] {processor.py:743} INFO - Processing file /home/airflow/.local/lib/python3.7/site-packages/airflow/example_dags/example_task_group.py for tasks to queue
[2024-09-09T01:47:04.891+0000] {logging_mixin.py:137} INFO - [2024-09-09T01:47:04.891+0000] {dagbag.py:538} INFO - Filling up the DagBag from /home/airflow/.local/lib/python3.7/site-packages/airflow/example_dags/example_task_group.py
[2024-09-09T01:47:04.905+0000] {processor.py:753} INFO - DAG(s) dict_keys(['example_task_group']) retrieved from /home/airflow/.local/lib/python3.7/site-packages/airflow/example_dags/example_task_group.py
[2024-09-09T01:47:04.934+0000] {logging_mixin.py:137} INFO - [2024-09-09T01:47:04.934+0000] {dag.py:2676} INFO - Sync 1 DAGs
[2024-09-09T01:47:04.954+0000] {logging_mixin.py:137} INFO - [2024-09-09T01:47:04.954+0000] {dag.py:3427} INFO - Setting next_dagrun for example_task_group to 2024-09-08T01:47:04.954395+00:00, run_after=2024-09-09T01:47:04.954395+00:00
[2024-09-09T01:47:04.972+0000] {processor.py:175} INFO - Processing /home/airflow/.local/lib/python3.7/site-packages/airflow/example_dags/example_task_group.py took 0.085 seconds
[2024-09-09T01:47:35.736+0000] {processor.py:153} INFO - Started process (PID=1977) to work on /home/airflow/.local/lib/python3.7/site-packages/airflow/example_dags/example_task_group.py
[2024-09-09T01:47:35.737+0000] {processor.py:743} INFO - Processing file /home/airflow/.local/lib/python3.7/site-packages/airflow/example_dags/example_task_group.py for tasks to queue
[2024-09-09T01:47:35.737+0000] {logging_mixin.py:137} INFO - [2024-09-09T01:47:35.737+0000] {dagbag.py:538} INFO - Filling up the DagBag from /home/airflow/.local/lib/python3.7/site-packages/airflow/example_dags/example_task_group.py
[2024-09-09T01:47:35.752+0000] {processor.py:753} INFO - DAG(s) dict_keys(['example_task_group']) retrieved from /home/airflow/.local/lib/python3.7/site-packages/airflow/example_dags/example_task_group.py
[2024-09-09T01:47:35.787+0000] {logging_mixin.py:137} INFO - [2024-09-09T01:47:35.787+0000] {dag.py:2676} INFO - Sync 1 DAGs
[2024-09-09T01:47:35.808+0000] {logging_mixin.py:137} INFO - [2024-09-09T01:47:35.808+0000] {dag.py:3427} INFO - Setting next_dagrun for example_task_group to 2024-09-08T01:47:35.808044+00:00, run_after=2024-09-09T01:47:35.808044+00:00
[2024-09-09T01:47:35.823+0000] {processor.py:175} INFO - Processing /home/airflow/.local/lib/python3.7/site-packages/airflow/example_dags/example_task_group.py took 0.090 seconds
[2024-09-09T01:48:06.142+0000] {processor.py:153} INFO - Started process (PID=2101) to work on /home/airflow/.local/lib/python3.7/site-packages/airflow/example_dags/example_task_group.py
[2024-09-09T01:48:06.142+0000] {processor.py:743} INFO - Processing file /home/airflow/.local/lib/python3.7/site-packages/airflow/example_dags/example_task_group.py for tasks to queue
[2024-09-09T01:48:06.143+0000] {logging_mixin.py:137} INFO - [2024-09-09T01:48:06.143+0000] {dagbag.py:538} INFO - Filling up the DagBag from /home/airflow/.local/lib/python3.7/site-packages/airflow/example_dags/example_task_group.py
[2024-09-09T01:48:06.156+0000] {processor.py:753} INFO - DAG(s) dict_keys(['example_task_group']) retrieved from /home/airflow/.local/lib/python3.7/site-packages/airflow/example_dags/example_task_group.py
[2024-09-09T01:48:06.191+0000] {logging_mixin.py:137} INFO - [2024-09-09T01:48:06.191+0000] {dag.py:2676} INFO - Sync 1 DAGs
[2024-09-09T01:48:06.213+0000] {logging_mixin.py:137} INFO - [2024-09-09T01:48:06.213+0000] {dag.py:3427} INFO - Setting next_dagrun for example_task_group to 2024-09-08T01:48:06.213244+00:00, run_after=2024-09-09T01:48:06.213244+00:00
[2024-09-09T01:48:06.230+0000] {processor.py:175} INFO - Processing /home/airflow/.local/lib/python3.7/site-packages/airflow/example_dags/example_task_group.py took 0.091 seconds
