[2024-09-09T01:38:57.811+0000] {processor.py:153} INFO - Started process (PID=98) to work on /home/airflow/.local/lib/python3.7/site-packages/airflow/example_dags/example_task_group_decorator.py
[2024-09-09T01:38:57.817+0000] {processor.py:743} INFO - Processing file /home/airflow/.local/lib/python3.7/site-packages/airflow/example_dags/example_task_group_decorator.py for tasks to queue
[2024-09-09T01:38:57.821+0000] {logging_mixin.py:137} INFO - [2024-09-09T01:38:57.821+0000] {dagbag.py:538} INFO - Filling up the DagBag from /home/airflow/.local/lib/python3.7/site-packages/airflow/example_dags/example_task_group_decorator.py
[2024-09-09T01:38:57.989+0000] {processor.py:753} INFO - DAG(s) dict_keys(['example_task_group_decorator']) retrieved from /home/airflow/.local/lib/python3.7/site-packages/airflow/example_dags/example_task_group_decorator.py
[2024-09-09T01:38:58.192+0000] {logging_mixin.py:137} INFO - [2024-09-09T01:38:58.191+0000] {dag.py:2676} INFO - Sync 1 DAGs
[2024-09-09T01:38:58.264+0000] {logging_mixin.py:137} INFO - [2024-09-09T01:38:58.264+0000] {dag.py:3427} INFO - Setting next_dagrun for example_task_group_decorator to 2024-09-08T01:38:58.264034+00:00, run_after=2024-09-09T01:38:58.264034+00:00
[2024-09-09T01:38:58.323+0000] {processor.py:175} INFO - Processing /home/airflow/.local/lib/python3.7/site-packages/airflow/example_dags/example_task_group_decorator.py took 0.525 seconds
[2024-09-09T01:39:28.839+0000] {processor.py:153} INFO - Started process (PID=194) to work on /home/airflow/.local/lib/python3.7/site-packages/airflow/example_dags/example_task_group_decorator.py
[2024-09-09T01:39:28.840+0000] {processor.py:743} INFO - Processing file /home/airflow/.local/lib/python3.7/site-packages/airflow/example_dags/example_task_group_decorator.py for tasks to queue
[2024-09-09T01:39:28.840+0000] {logging_mixin.py:137} INFO - [2024-09-09T01:39:28.840+0000] {dagbag.py:538} INFO - Filling up the DagBag from /home/airflow/.local/lib/python3.7/site-packages/airflow/example_dags/example_task_group_decorator.py
[2024-09-09T01:39:28.873+0000] {processor.py:753} INFO - DAG(s) dict_keys(['example_task_group_decorator']) retrieved from /home/airflow/.local/lib/python3.7/site-packages/airflow/example_dags/example_task_group_decorator.py
[2024-09-09T01:39:28.913+0000] {logging_mixin.py:137} INFO - [2024-09-09T01:39:28.912+0000] {dag.py:2676} INFO - Sync 1 DAGs
[2024-09-09T01:39:28.936+0000] {logging_mixin.py:137} INFO - [2024-09-09T01:39:28.936+0000] {dag.py:3427} INFO - Setting next_dagrun for example_task_group_decorator to 2024-09-08T01:39:28.936370+00:00, run_after=2024-09-09T01:39:28.936370+00:00
[2024-09-09T01:39:28.956+0000] {processor.py:175} INFO - Processing /home/airflow/.local/lib/python3.7/site-packages/airflow/example_dags/example_task_group_decorator.py took 0.120 seconds
[2024-09-09T01:39:59.412+0000] {processor.py:153} INFO - Started process (PID=299) to work on /home/airflow/.local/lib/python3.7/site-packages/airflow/example_dags/example_task_group_decorator.py
[2024-09-09T01:39:59.413+0000] {processor.py:743} INFO - Processing file /home/airflow/.local/lib/python3.7/site-packages/airflow/example_dags/example_task_group_decorator.py for tasks to queue
[2024-09-09T01:39:59.414+0000] {logging_mixin.py:137} INFO - [2024-09-09T01:39:59.414+0000] {dagbag.py:538} INFO - Filling up the DagBag from /home/airflow/.local/lib/python3.7/site-packages/airflow/example_dags/example_task_group_decorator.py
[2024-09-09T01:39:59.442+0000] {processor.py:753} INFO - DAG(s) dict_keys(['example_task_group_decorator']) retrieved from /home/airflow/.local/lib/python3.7/site-packages/airflow/example_dags/example_task_group_decorator.py
[2024-09-09T01:39:59.508+0000] {logging_mixin.py:137} INFO - [2024-09-09T01:39:59.508+0000] {dag.py:2676} INFO - Sync 1 DAGs
[2024-09-09T01:39:59.546+0000] {logging_mixin.py:137} INFO - [2024-09-09T01:39:59.545+0000] {dag.py:3427} INFO - Setting next_dagrun for example_task_group_decorator to 2024-09-08T01:39:59.545606+00:00, run_after=2024-09-09T01:39:59.545606+00:00
[2024-09-09T01:39:59.574+0000] {processor.py:175} INFO - Processing /home/airflow/.local/lib/python3.7/site-packages/airflow/example_dags/example_task_group_decorator.py took 0.170 seconds
[2024-09-09T01:40:29.938+0000] {processor.py:153} INFO - Started process (PID=414) to work on /home/airflow/.local/lib/python3.7/site-packages/airflow/example_dags/example_task_group_decorator.py
[2024-09-09T01:40:29.939+0000] {processor.py:743} INFO - Processing file /home/airflow/.local/lib/python3.7/site-packages/airflow/example_dags/example_task_group_decorator.py for tasks to queue
[2024-09-09T01:40:29.940+0000] {logging_mixin.py:137} INFO - [2024-09-09T01:40:29.940+0000] {dagbag.py:538} INFO - Filling up the DagBag from /home/airflow/.local/lib/python3.7/site-packages/airflow/example_dags/example_task_group_decorator.py
[2024-09-09T01:40:29.959+0000] {processor.py:753} INFO - DAG(s) dict_keys(['example_task_group_decorator']) retrieved from /home/airflow/.local/lib/python3.7/site-packages/airflow/example_dags/example_task_group_decorator.py
[2024-09-09T01:40:29.986+0000] {logging_mixin.py:137} INFO - [2024-09-09T01:40:29.986+0000] {dag.py:2676} INFO - Sync 1 DAGs
[2024-09-09T01:40:30.003+0000] {logging_mixin.py:137} INFO - [2024-09-09T01:40:30.003+0000] {dag.py:3427} INFO - Setting next_dagrun for example_task_group_decorator to 2024-09-08T01:40:30.002836+00:00, run_after=2024-09-09T01:40:30.002836+00:00
[2024-09-09T01:40:30.020+0000] {processor.py:175} INFO - Processing /home/airflow/.local/lib/python3.7/site-packages/airflow/example_dags/example_task_group_decorator.py took 0.086 seconds
[2024-09-09T01:41:00.121+0000] {processor.py:153} INFO - Started process (PID=538) to work on /home/airflow/.local/lib/python3.7/site-packages/airflow/example_dags/example_task_group_decorator.py
[2024-09-09T01:41:00.122+0000] {processor.py:743} INFO - Processing file /home/airflow/.local/lib/python3.7/site-packages/airflow/example_dags/example_task_group_decorator.py for tasks to queue
[2024-09-09T01:41:00.123+0000] {logging_mixin.py:137} INFO - [2024-09-09T01:41:00.122+0000] {dagbag.py:538} INFO - Filling up the DagBag from /home/airflow/.local/lib/python3.7/site-packages/airflow/example_dags/example_task_group_decorator.py
[2024-09-09T01:41:00.145+0000] {processor.py:753} INFO - DAG(s) dict_keys(['example_task_group_decorator']) retrieved from /home/airflow/.local/lib/python3.7/site-packages/airflow/example_dags/example_task_group_decorator.py
[2024-09-09T01:41:00.176+0000] {logging_mixin.py:137} INFO - [2024-09-09T01:41:00.176+0000] {dag.py:2676} INFO - Sync 1 DAGs
[2024-09-09T01:41:00.196+0000] {logging_mixin.py:137} INFO - [2024-09-09T01:41:00.196+0000] {dag.py:3427} INFO - Setting next_dagrun for example_task_group_decorator to 2024-09-08T01:41:00.196478+00:00, run_after=2024-09-09T01:41:00.196478+00:00
[2024-09-09T01:41:00.215+0000] {processor.py:175} INFO - Processing /home/airflow/.local/lib/python3.7/site-packages/airflow/example_dags/example_task_group_decorator.py took 0.096 seconds
[2024-09-09T01:41:30.455+0000] {processor.py:153} INFO - Started process (PID=634) to work on /home/airflow/.local/lib/python3.7/site-packages/airflow/example_dags/example_task_group_decorator.py
[2024-09-09T01:41:30.456+0000] {processor.py:743} INFO - Processing file /home/airflow/.local/lib/python3.7/site-packages/airflow/example_dags/example_task_group_decorator.py for tasks to queue
[2024-09-09T01:41:30.456+0000] {logging_mixin.py:137} INFO - [2024-09-09T01:41:30.456+0000] {dagbag.py:538} INFO - Filling up the DagBag from /home/airflow/.local/lib/python3.7/site-packages/airflow/example_dags/example_task_group_decorator.py
[2024-09-09T01:41:30.484+0000] {processor.py:753} INFO - DAG(s) dict_keys(['example_task_group_decorator']) retrieved from /home/airflow/.local/lib/python3.7/site-packages/airflow/example_dags/example_task_group_decorator.py
[2024-09-09T01:41:30.523+0000] {logging_mixin.py:137} INFO - [2024-09-09T01:41:30.523+0000] {dag.py:2676} INFO - Sync 1 DAGs
[2024-09-09T01:41:30.546+0000] {logging_mixin.py:137} INFO - [2024-09-09T01:41:30.546+0000] {dag.py:3427} INFO - Setting next_dagrun for example_task_group_decorator to 2024-09-08T01:41:30.546600+00:00, run_after=2024-09-09T01:41:30.546600+00:00
[2024-09-09T01:41:30.570+0000] {processor.py:175} INFO - Processing /home/airflow/.local/lib/python3.7/site-packages/airflow/example_dags/example_task_group_decorator.py took 0.118 seconds
[2024-09-09T01:42:01.234+0000] {processor.py:153} INFO - Started process (PID=758) to work on /home/airflow/.local/lib/python3.7/site-packages/airflow/example_dags/example_task_group_decorator.py
[2024-09-09T01:42:01.235+0000] {processor.py:743} INFO - Processing file /home/airflow/.local/lib/python3.7/site-packages/airflow/example_dags/example_task_group_decorator.py for tasks to queue
[2024-09-09T01:42:01.236+0000] {logging_mixin.py:137} INFO - [2024-09-09T01:42:01.236+0000] {dagbag.py:538} INFO - Filling up the DagBag from /home/airflow/.local/lib/python3.7/site-packages/airflow/example_dags/example_task_group_decorator.py
[2024-09-09T01:42:01.262+0000] {processor.py:753} INFO - DAG(s) dict_keys(['example_task_group_decorator']) retrieved from /home/airflow/.local/lib/python3.7/site-packages/airflow/example_dags/example_task_group_decorator.py
[2024-09-09T01:42:01.298+0000] {logging_mixin.py:137} INFO - [2024-09-09T01:42:01.298+0000] {dag.py:2676} INFO - Sync 1 DAGs
[2024-09-09T01:42:01.321+0000] {logging_mixin.py:137} INFO - [2024-09-09T01:42:01.320+0000] {dag.py:3427} INFO - Setting next_dagrun for example_task_group_decorator to 2024-09-08T01:42:01.320600+00:00, run_after=2024-09-09T01:42:01.320600+00:00
[2024-09-09T01:42:01.340+0000] {processor.py:175} INFO - Processing /home/airflow/.local/lib/python3.7/site-packages/airflow/example_dags/example_task_group_decorator.py took 0.109 seconds
[2024-09-09T01:42:31.486+0000] {processor.py:153} INFO - Started process (PID=854) to work on /home/airflow/.local/lib/python3.7/site-packages/airflow/example_dags/example_task_group_decorator.py
[2024-09-09T01:42:31.487+0000] {processor.py:743} INFO - Processing file /home/airflow/.local/lib/python3.7/site-packages/airflow/example_dags/example_task_group_decorator.py for tasks to queue
[2024-09-09T01:42:31.487+0000] {logging_mixin.py:137} INFO - [2024-09-09T01:42:31.487+0000] {dagbag.py:538} INFO - Filling up the DagBag from /home/airflow/.local/lib/python3.7/site-packages/airflow/example_dags/example_task_group_decorator.py
[2024-09-09T01:42:31.506+0000] {processor.py:753} INFO - DAG(s) dict_keys(['example_task_group_decorator']) retrieved from /home/airflow/.local/lib/python3.7/site-packages/airflow/example_dags/example_task_group_decorator.py
[2024-09-09T01:42:31.537+0000] {logging_mixin.py:137} INFO - [2024-09-09T01:42:31.537+0000] {dag.py:2676} INFO - Sync 1 DAGs
[2024-09-09T01:42:31.564+0000] {logging_mixin.py:137} INFO - [2024-09-09T01:42:31.564+0000] {dag.py:3427} INFO - Setting next_dagrun for example_task_group_decorator to 2024-09-08T01:42:31.563754+00:00, run_after=2024-09-09T01:42:31.563754+00:00
[2024-09-09T01:42:31.592+0000] {processor.py:175} INFO - Processing /home/airflow/.local/lib/python3.7/site-packages/airflow/example_dags/example_task_group_decorator.py took 0.108 seconds
[2024-09-09T01:43:02.149+0000] {processor.py:153} INFO - Started process (PID=978) to work on /home/airflow/.local/lib/python3.7/site-packages/airflow/example_dags/example_task_group_decorator.py
[2024-09-09T01:43:02.150+0000] {processor.py:743} INFO - Processing file /home/airflow/.local/lib/python3.7/site-packages/airflow/example_dags/example_task_group_decorator.py for tasks to queue
[2024-09-09T01:43:02.151+0000] {logging_mixin.py:137} INFO - [2024-09-09T01:43:02.151+0000] {dagbag.py:538} INFO - Filling up the DagBag from /home/airflow/.local/lib/python3.7/site-packages/airflow/example_dags/example_task_group_decorator.py
[2024-09-09T01:43:02.174+0000] {processor.py:753} INFO - DAG(s) dict_keys(['example_task_group_decorator']) retrieved from /home/airflow/.local/lib/python3.7/site-packages/airflow/example_dags/example_task_group_decorator.py
[2024-09-09T01:43:02.208+0000] {logging_mixin.py:137} INFO - [2024-09-09T01:43:02.208+0000] {dag.py:2676} INFO - Sync 1 DAGs
[2024-09-09T01:43:02.231+0000] {logging_mixin.py:137} INFO - [2024-09-09T01:43:02.231+0000] {dag.py:3427} INFO - Setting next_dagrun for example_task_group_decorator to 2024-09-08T01:43:02.231606+00:00, run_after=2024-09-09T01:43:02.231606+00:00
[2024-09-09T01:43:02.250+0000] {processor.py:175} INFO - Processing /home/airflow/.local/lib/python3.7/site-packages/airflow/example_dags/example_task_group_decorator.py took 0.104 seconds
[2024-09-09T01:43:32.809+0000] {processor.py:153} INFO - Started process (PID=1074) to work on /home/airflow/.local/lib/python3.7/site-packages/airflow/example_dags/example_task_group_decorator.py
[2024-09-09T01:43:32.811+0000] {processor.py:743} INFO - Processing file /home/airflow/.local/lib/python3.7/site-packages/airflow/example_dags/example_task_group_decorator.py for tasks to queue
[2024-09-09T01:43:32.812+0000] {logging_mixin.py:137} INFO - [2024-09-09T01:43:32.812+0000] {dagbag.py:538} INFO - Filling up the DagBag from /home/airflow/.local/lib/python3.7/site-packages/airflow/example_dags/example_task_group_decorator.py
[2024-09-09T01:43:32.845+0000] {processor.py:753} INFO - DAG(s) dict_keys(['example_task_group_decorator']) retrieved from /home/airflow/.local/lib/python3.7/site-packages/airflow/example_dags/example_task_group_decorator.py
[2024-09-09T01:43:32.884+0000] {logging_mixin.py:137} INFO - [2024-09-09T01:43:32.884+0000] {dag.py:2676} INFO - Sync 1 DAGs
[2024-09-09T01:43:32.908+0000] {logging_mixin.py:137} INFO - [2024-09-09T01:43:32.908+0000] {dag.py:3427} INFO - Setting next_dagrun for example_task_group_decorator to 2024-09-08T01:43:32.907785+00:00, run_after=2024-09-09T01:43:32.907785+00:00
[2024-09-09T01:43:32.927+0000] {processor.py:175} INFO - Processing /home/airflow/.local/lib/python3.7/site-packages/airflow/example_dags/example_task_group_decorator.py took 0.122 seconds
[2024-09-09T01:44:03.395+0000] {processor.py:153} INFO - Started process (PID=1198) to work on /home/airflow/.local/lib/python3.7/site-packages/airflow/example_dags/example_task_group_decorator.py
[2024-09-09T01:44:03.396+0000] {processor.py:743} INFO - Processing file /home/airflow/.local/lib/python3.7/site-packages/airflow/example_dags/example_task_group_decorator.py for tasks to queue
[2024-09-09T01:44:03.397+0000] {logging_mixin.py:137} INFO - [2024-09-09T01:44:03.396+0000] {dagbag.py:538} INFO - Filling up the DagBag from /home/airflow/.local/lib/python3.7/site-packages/airflow/example_dags/example_task_group_decorator.py
[2024-09-09T01:44:03.419+0000] {processor.py:753} INFO - DAG(s) dict_keys(['example_task_group_decorator']) retrieved from /home/airflow/.local/lib/python3.7/site-packages/airflow/example_dags/example_task_group_decorator.py
[2024-09-09T01:44:03.453+0000] {logging_mixin.py:137} INFO - [2024-09-09T01:44:03.453+0000] {dag.py:2676} INFO - Sync 1 DAGs
[2024-09-09T01:44:03.474+0000] {logging_mixin.py:137} INFO - [2024-09-09T01:44:03.474+0000] {dag.py:3427} INFO - Setting next_dagrun for example_task_group_decorator to 2024-09-08T01:44:03.474080+00:00, run_after=2024-09-09T01:44:03.474080+00:00
[2024-09-09T01:44:03.493+0000] {processor.py:175} INFO - Processing /home/airflow/.local/lib/python3.7/site-packages/airflow/example_dags/example_task_group_decorator.py took 0.100 seconds
[2024-09-09T01:44:33.683+0000] {processor.py:153} INFO - Started process (PID=1322) to work on /home/airflow/.local/lib/python3.7/site-packages/airflow/example_dags/example_task_group_decorator.py
[2024-09-09T01:44:33.685+0000] {processor.py:743} INFO - Processing file /home/airflow/.local/lib/python3.7/site-packages/airflow/example_dags/example_task_group_decorator.py for tasks to queue
[2024-09-09T01:44:33.687+0000] {logging_mixin.py:137} INFO - [2024-09-09T01:44:33.687+0000] {dagbag.py:538} INFO - Filling up the DagBag from /home/airflow/.local/lib/python3.7/site-packages/airflow/example_dags/example_task_group_decorator.py
[2024-09-09T01:44:33.722+0000] {processor.py:753} INFO - DAG(s) dict_keys(['example_task_group_decorator']) retrieved from /home/airflow/.local/lib/python3.7/site-packages/airflow/example_dags/example_task_group_decorator.py
[2024-09-09T01:44:33.759+0000] {logging_mixin.py:137} INFO - [2024-09-09T01:44:33.758+0000] {dag.py:2676} INFO - Sync 1 DAGs
[2024-09-09T01:44:33.783+0000] {logging_mixin.py:137} INFO - [2024-09-09T01:44:33.783+0000] {dag.py:3427} INFO - Setting next_dagrun for example_task_group_decorator to 2024-09-08T01:44:33.782971+00:00, run_after=2024-09-09T01:44:33.782971+00:00
[2024-09-09T01:44:33.803+0000] {processor.py:175} INFO - Processing /home/airflow/.local/lib/python3.7/site-packages/airflow/example_dags/example_task_group_decorator.py took 0.124 seconds
[2024-09-09T01:45:04.058+0000] {processor.py:153} INFO - Started process (PID=1418) to work on /home/airflow/.local/lib/python3.7/site-packages/airflow/example_dags/example_task_group_decorator.py
[2024-09-09T01:45:04.065+0000] {processor.py:743} INFO - Processing file /home/airflow/.local/lib/python3.7/site-packages/airflow/example_dags/example_task_group_decorator.py for tasks to queue
[2024-09-09T01:45:04.065+0000] {logging_mixin.py:137} INFO - [2024-09-09T01:45:04.065+0000] {dagbag.py:538} INFO - Filling up the DagBag from /home/airflow/.local/lib/python3.7/site-packages/airflow/example_dags/example_task_group_decorator.py
[2024-09-09T01:45:04.085+0000] {processor.py:753} INFO - DAG(s) dict_keys(['example_task_group_decorator']) retrieved from /home/airflow/.local/lib/python3.7/site-packages/airflow/example_dags/example_task_group_decorator.py
[2024-09-09T01:45:04.111+0000] {logging_mixin.py:137} INFO - [2024-09-09T01:45:04.111+0000] {dag.py:2676} INFO - Sync 1 DAGs
[2024-09-09T01:45:04.129+0000] {logging_mixin.py:137} INFO - [2024-09-09T01:45:04.129+0000] {dag.py:3427} INFO - Setting next_dagrun for example_task_group_decorator to 2024-09-08T01:45:04.129586+00:00, run_after=2024-09-09T01:45:04.129586+00:00
[2024-09-09T01:45:04.145+0000] {processor.py:175} INFO - Processing /home/airflow/.local/lib/python3.7/site-packages/airflow/example_dags/example_task_group_decorator.py took 0.090 seconds
[2024-09-09T01:45:34.398+0000] {processor.py:153} INFO - Started process (PID=1543) to work on /home/airflow/.local/lib/python3.7/site-packages/airflow/example_dags/example_task_group_decorator.py
[2024-09-09T01:45:34.399+0000] {processor.py:743} INFO - Processing file /home/airflow/.local/lib/python3.7/site-packages/airflow/example_dags/example_task_group_decorator.py for tasks to queue
[2024-09-09T01:45:34.399+0000] {logging_mixin.py:137} INFO - [2024-09-09T01:45:34.399+0000] {dagbag.py:538} INFO - Filling up the DagBag from /home/airflow/.local/lib/python3.7/site-packages/airflow/example_dags/example_task_group_decorator.py
[2024-09-09T01:45:34.419+0000] {processor.py:753} INFO - DAG(s) dict_keys(['example_task_group_decorator']) retrieved from /home/airflow/.local/lib/python3.7/site-packages/airflow/example_dags/example_task_group_decorator.py
[2024-09-09T01:45:34.448+0000] {logging_mixin.py:137} INFO - [2024-09-09T01:45:34.447+0000] {dag.py:2676} INFO - Sync 1 DAGs
[2024-09-09T01:45:34.465+0000] {logging_mixin.py:137} INFO - [2024-09-09T01:45:34.465+0000] {dag.py:3427} INFO - Setting next_dagrun for example_task_group_decorator to 2024-09-08T01:45:34.464848+00:00, run_after=2024-09-09T01:45:34.464848+00:00
[2024-09-09T01:45:34.485+0000] {processor.py:175} INFO - Processing /home/airflow/.local/lib/python3.7/site-packages/airflow/example_dags/example_task_group_decorator.py took 0.090 seconds
[2024-09-09T01:46:04.780+0000] {processor.py:153} INFO - Started process (PID=1639) to work on /home/airflow/.local/lib/python3.7/site-packages/airflow/example_dags/example_task_group_decorator.py
[2024-09-09T01:46:04.781+0000] {processor.py:743} INFO - Processing file /home/airflow/.local/lib/python3.7/site-packages/airflow/example_dags/example_task_group_decorator.py for tasks to queue
[2024-09-09T01:46:04.781+0000] {logging_mixin.py:137} INFO - [2024-09-09T01:46:04.781+0000] {dagbag.py:538} INFO - Filling up the DagBag from /home/airflow/.local/lib/python3.7/site-packages/airflow/example_dags/example_task_group_decorator.py
[2024-09-09T01:46:04.800+0000] {processor.py:753} INFO - DAG(s) dict_keys(['example_task_group_decorator']) retrieved from /home/airflow/.local/lib/python3.7/site-packages/airflow/example_dags/example_task_group_decorator.py
[2024-09-09T01:46:04.827+0000] {logging_mixin.py:137} INFO - [2024-09-09T01:46:04.827+0000] {dag.py:2676} INFO - Sync 1 DAGs
[2024-09-09T01:46:04.844+0000] {logging_mixin.py:137} INFO - [2024-09-09T01:46:04.844+0000] {dag.py:3427} INFO - Setting next_dagrun for example_task_group_decorator to 2024-09-08T01:46:04.844610+00:00, run_after=2024-09-09T01:46:04.844610+00:00
[2024-09-09T01:46:04.859+0000] {processor.py:175} INFO - Processing /home/airflow/.local/lib/python3.7/site-packages/airflow/example_dags/example_task_group_decorator.py took 0.081 seconds
[2024-09-09T01:46:35.000+0000] {processor.py:153} INFO - Started process (PID=1763) to work on /home/airflow/.local/lib/python3.7/site-packages/airflow/example_dags/example_task_group_decorator.py
[2024-09-09T01:46:35.001+0000] {processor.py:743} INFO - Processing file /home/airflow/.local/lib/python3.7/site-packages/airflow/example_dags/example_task_group_decorator.py for tasks to queue
[2024-09-09T01:46:35.001+0000] {logging_mixin.py:137} INFO - [2024-09-09T01:46:35.001+0000] {dagbag.py:538} INFO - Filling up the DagBag from /home/airflow/.local/lib/python3.7/site-packages/airflow/example_dags/example_task_group_decorator.py
[2024-09-09T01:46:35.022+0000] {processor.py:753} INFO - DAG(s) dict_keys(['example_task_group_decorator']) retrieved from /home/airflow/.local/lib/python3.7/site-packages/airflow/example_dags/example_task_group_decorator.py
[2024-09-09T01:46:35.052+0000] {logging_mixin.py:137} INFO - [2024-09-09T01:46:35.052+0000] {dag.py:2676} INFO - Sync 1 DAGs
[2024-09-09T01:46:35.070+0000] {logging_mixin.py:137} INFO - [2024-09-09T01:46:35.070+0000] {dag.py:3427} INFO - Setting next_dagrun for example_task_group_decorator to 2024-09-08T01:46:35.070151+00:00, run_after=2024-09-09T01:46:35.070151+00:00
[2024-09-09T01:46:35.088+0000] {processor.py:175} INFO - Processing /home/airflow/.local/lib/python3.7/site-packages/airflow/example_dags/example_task_group_decorator.py took 0.091 seconds
[2024-09-09T01:47:05.112+0000] {processor.py:153} INFO - Started process (PID=1857) to work on /home/airflow/.local/lib/python3.7/site-packages/airflow/example_dags/example_task_group_decorator.py
[2024-09-09T01:47:05.113+0000] {processor.py:743} INFO - Processing file /home/airflow/.local/lib/python3.7/site-packages/airflow/example_dags/example_task_group_decorator.py for tasks to queue
[2024-09-09T01:47:05.114+0000] {logging_mixin.py:137} INFO - [2024-09-09T01:47:05.114+0000] {dagbag.py:538} INFO - Filling up the DagBag from /home/airflow/.local/lib/python3.7/site-packages/airflow/example_dags/example_task_group_decorator.py
[2024-09-09T01:47:05.136+0000] {processor.py:753} INFO - DAG(s) dict_keys(['example_task_group_decorator']) retrieved from /home/airflow/.local/lib/python3.7/site-packages/airflow/example_dags/example_task_group_decorator.py
[2024-09-09T01:47:05.167+0000] {logging_mixin.py:137} INFO - [2024-09-09T01:47:05.167+0000] {dag.py:2676} INFO - Sync 1 DAGs
[2024-09-09T01:47:05.186+0000] {logging_mixin.py:137} INFO - [2024-09-09T01:47:05.186+0000] {dag.py:3427} INFO - Setting next_dagrun for example_task_group_decorator to 2024-09-08T01:47:05.186382+00:00, run_after=2024-09-09T01:47:05.186382+00:00
[2024-09-09T01:47:05.205+0000] {processor.py:175} INFO - Processing /home/airflow/.local/lib/python3.7/site-packages/airflow/example_dags/example_task_group_decorator.py took 0.095 seconds
[2024-09-09T01:47:36.022+0000] {processor.py:153} INFO - Started process (PID=1981) to work on /home/airflow/.local/lib/python3.7/site-packages/airflow/example_dags/example_task_group_decorator.py
[2024-09-09T01:47:36.024+0000] {processor.py:743} INFO - Processing file /home/airflow/.local/lib/python3.7/site-packages/airflow/example_dags/example_task_group_decorator.py for tasks to queue
[2024-09-09T01:47:36.024+0000] {logging_mixin.py:137} INFO - [2024-09-09T01:47:36.024+0000] {dagbag.py:538} INFO - Filling up the DagBag from /home/airflow/.local/lib/python3.7/site-packages/airflow/example_dags/example_task_group_decorator.py
[2024-09-09T01:47:36.045+0000] {processor.py:753} INFO - DAG(s) dict_keys(['example_task_group_decorator']) retrieved from /home/airflow/.local/lib/python3.7/site-packages/airflow/example_dags/example_task_group_decorator.py
[2024-09-09T01:47:36.076+0000] {logging_mixin.py:137} INFO - [2024-09-09T01:47:36.076+0000] {dag.py:2676} INFO - Sync 1 DAGs
[2024-09-09T01:47:36.099+0000] {logging_mixin.py:137} INFO - [2024-09-09T01:47:36.099+0000] {dag.py:3427} INFO - Setting next_dagrun for example_task_group_decorator to 2024-09-08T01:47:36.099261+00:00, run_after=2024-09-09T01:47:36.099261+00:00
[2024-09-09T01:47:36.118+0000] {processor.py:175} INFO - Processing /home/airflow/.local/lib/python3.7/site-packages/airflow/example_dags/example_task_group_decorator.py took 0.098 seconds
[2024-09-09T01:48:06.351+0000] {processor.py:153} INFO - Started process (PID=2105) to work on /home/airflow/.local/lib/python3.7/site-packages/airflow/example_dags/example_task_group_decorator.py
[2024-09-09T01:48:06.352+0000] {processor.py:743} INFO - Processing file /home/airflow/.local/lib/python3.7/site-packages/airflow/example_dags/example_task_group_decorator.py for tasks to queue
[2024-09-09T01:48:06.353+0000] {logging_mixin.py:137} INFO - [2024-09-09T01:48:06.353+0000] {dagbag.py:538} INFO - Filling up the DagBag from /home/airflow/.local/lib/python3.7/site-packages/airflow/example_dags/example_task_group_decorator.py
[2024-09-09T01:48:06.377+0000] {processor.py:753} INFO - DAG(s) dict_keys(['example_task_group_decorator']) retrieved from /home/airflow/.local/lib/python3.7/site-packages/airflow/example_dags/example_task_group_decorator.py
[2024-09-09T01:48:06.407+0000] {logging_mixin.py:137} INFO - [2024-09-09T01:48:06.407+0000] {dag.py:2676} INFO - Sync 1 DAGs
[2024-09-09T01:48:06.428+0000] {logging_mixin.py:137} INFO - [2024-09-09T01:48:06.428+0000] {dag.py:3427} INFO - Setting next_dagrun for example_task_group_decorator to 2024-09-08T01:48:06.428075+00:00, run_after=2024-09-09T01:48:06.428075+00:00
[2024-09-09T01:48:06.446+0000] {processor.py:175} INFO - Processing /home/airflow/.local/lib/python3.7/site-packages/airflow/example_dags/example_task_group_decorator.py took 0.098 seconds
[2024-09-09T01:48:36.728+0000] {processor.py:153} INFO - Started process (PID=2201) to work on /home/airflow/.local/lib/python3.7/site-packages/airflow/example_dags/example_task_group_decorator.py
[2024-09-09T01:48:36.730+0000] {processor.py:743} INFO - Processing file /home/airflow/.local/lib/python3.7/site-packages/airflow/example_dags/example_task_group_decorator.py for tasks to queue
[2024-09-09T01:48:36.730+0000] {logging_mixin.py:137} INFO - [2024-09-09T01:48:36.730+0000] {dagbag.py:538} INFO - Filling up the DagBag from /home/airflow/.local/lib/python3.7/site-packages/airflow/example_dags/example_task_group_decorator.py
[2024-09-09T01:48:36.755+0000] {processor.py:753} INFO - DAG(s) dict_keys(['example_task_group_decorator']) retrieved from /home/airflow/.local/lib/python3.7/site-packages/airflow/example_dags/example_task_group_decorator.py
[2024-09-09T01:48:36.788+0000] {logging_mixin.py:137} INFO - [2024-09-09T01:48:36.788+0000] {dag.py:2676} INFO - Sync 1 DAGs
[2024-09-09T01:48:36.810+0000] {logging_mixin.py:137} INFO - [2024-09-09T01:48:36.810+0000] {dag.py:3427} INFO - Setting next_dagrun for example_task_group_decorator to 2024-09-08T01:48:36.810044+00:00, run_after=2024-09-09T01:48:36.810044+00:00
[2024-09-09T01:48:36.829+0000] {processor.py:175} INFO - Processing /home/airflow/.local/lib/python3.7/site-packages/airflow/example_dags/example_task_group_decorator.py took 0.103 seconds
[2024-09-09T01:49:07.351+0000] {processor.py:153} INFO - Started process (PID=2325) to work on /home/airflow/.local/lib/python3.7/site-packages/airflow/example_dags/example_task_group_decorator.py
[2024-09-09T01:49:07.352+0000] {processor.py:743} INFO - Processing file /home/airflow/.local/lib/python3.7/site-packages/airflow/example_dags/example_task_group_decorator.py for tasks to queue
[2024-09-09T01:49:07.353+0000] {logging_mixin.py:137} INFO - [2024-09-09T01:49:07.353+0000] {dagbag.py:538} INFO - Filling up the DagBag from /home/airflow/.local/lib/python3.7/site-packages/airflow/example_dags/example_task_group_decorator.py
[2024-09-09T01:49:07.377+0000] {processor.py:753} INFO - DAG(s) dict_keys(['example_task_group_decorator']) retrieved from /home/airflow/.local/lib/python3.7/site-packages/airflow/example_dags/example_task_group_decorator.py
[2024-09-09T01:49:07.412+0000] {logging_mixin.py:137} INFO - [2024-09-09T01:49:07.411+0000] {dag.py:2676} INFO - Sync 1 DAGs
[2024-09-09T01:49:07.436+0000] {logging_mixin.py:137} INFO - [2024-09-09T01:49:07.435+0000] {dag.py:3427} INFO - Setting next_dagrun for example_task_group_decorator to 2024-09-08T01:49:07.435670+00:00, run_after=2024-09-09T01:49:07.435670+00:00
[2024-09-09T01:49:07.455+0000] {processor.py:175} INFO - Processing /home/airflow/.local/lib/python3.7/site-packages/airflow/example_dags/example_task_group_decorator.py took 0.106 seconds
[2024-09-09T01:49:37.609+0000] {processor.py:153} INFO - Started process (PID=2421) to work on /home/airflow/.local/lib/python3.7/site-packages/airflow/example_dags/example_task_group_decorator.py
[2024-09-09T01:49:37.610+0000] {processor.py:743} INFO - Processing file /home/airflow/.local/lib/python3.7/site-packages/airflow/example_dags/example_task_group_decorator.py for tasks to queue
[2024-09-09T01:49:37.611+0000] {logging_mixin.py:137} INFO - [2024-09-09T01:49:37.611+0000] {dagbag.py:538} INFO - Filling up the DagBag from /home/airflow/.local/lib/python3.7/site-packages/airflow/example_dags/example_task_group_decorator.py
[2024-09-09T01:49:37.632+0000] {processor.py:753} INFO - DAG(s) dict_keys(['example_task_group_decorator']) retrieved from /home/airflow/.local/lib/python3.7/site-packages/airflow/example_dags/example_task_group_decorator.py
[2024-09-09T01:49:37.663+0000] {logging_mixin.py:137} INFO - [2024-09-09T01:49:37.662+0000] {dag.py:2676} INFO - Sync 1 DAGs
[2024-09-09T01:49:37.680+0000] {logging_mixin.py:137} INFO - [2024-09-09T01:49:37.680+0000] {dag.py:3427} INFO - Setting next_dagrun for example_task_group_decorator to 2024-09-08T01:49:37.680254+00:00, run_after=2024-09-09T01:49:37.680254+00:00
[2024-09-09T01:49:37.700+0000] {processor.py:175} INFO - Processing /home/airflow/.local/lib/python3.7/site-packages/airflow/example_dags/example_task_group_decorator.py took 0.092 seconds
[2024-09-09T01:50:07.913+0000] {processor.py:153} INFO - Started process (PID=2545) to work on /home/airflow/.local/lib/python3.7/site-packages/airflow/example_dags/example_task_group_decorator.py
[2024-09-09T01:50:07.914+0000] {processor.py:743} INFO - Processing file /home/airflow/.local/lib/python3.7/site-packages/airflow/example_dags/example_task_group_decorator.py for tasks to queue
[2024-09-09T01:50:07.914+0000] {logging_mixin.py:137} INFO - [2024-09-09T01:50:07.914+0000] {dagbag.py:538} INFO - Filling up the DagBag from /home/airflow/.local/lib/python3.7/site-packages/airflow/example_dags/example_task_group_decorator.py
[2024-09-09T01:50:07.936+0000] {processor.py:753} INFO - DAG(s) dict_keys(['example_task_group_decorator']) retrieved from /home/airflow/.local/lib/python3.7/site-packages/airflow/example_dags/example_task_group_decorator.py
[2024-09-09T01:50:07.964+0000] {logging_mixin.py:137} INFO - [2024-09-09T01:50:07.964+0000] {dag.py:2676} INFO - Sync 1 DAGs
[2024-09-09T01:50:07.983+0000] {logging_mixin.py:137} INFO - [2024-09-09T01:50:07.983+0000] {dag.py:3427} INFO - Setting next_dagrun for example_task_group_decorator to 2024-09-08T01:50:07.983109+00:00, run_after=2024-09-09T01:50:07.983109+00:00
[2024-09-09T01:50:08.001+0000] {processor.py:175} INFO - Processing /home/airflow/.local/lib/python3.7/site-packages/airflow/example_dags/example_task_group_decorator.py took 0.091 seconds
[2024-09-09T01:50:38.225+0000] {processor.py:153} INFO - Started process (PID=2649) to work on /home/airflow/.local/lib/python3.7/site-packages/airflow/example_dags/example_task_group_decorator.py
[2024-09-09T01:50:38.226+0000] {processor.py:743} INFO - Processing file /home/airflow/.local/lib/python3.7/site-packages/airflow/example_dags/example_task_group_decorator.py for tasks to queue
[2024-09-09T01:50:38.227+0000] {logging_mixin.py:137} INFO - [2024-09-09T01:50:38.227+0000] {dagbag.py:538} INFO - Filling up the DagBag from /home/airflow/.local/lib/python3.7/site-packages/airflow/example_dags/example_task_group_decorator.py
[2024-09-09T01:50:38.251+0000] {processor.py:753} INFO - DAG(s) dict_keys(['example_task_group_decorator']) retrieved from /home/airflow/.local/lib/python3.7/site-packages/airflow/example_dags/example_task_group_decorator.py
[2024-09-09T01:50:38.281+0000] {logging_mixin.py:137} INFO - [2024-09-09T01:50:38.281+0000] {dag.py:2676} INFO - Sync 1 DAGs
[2024-09-09T01:50:38.302+0000] {logging_mixin.py:137} INFO - [2024-09-09T01:50:38.302+0000] {dag.py:3427} INFO - Setting next_dagrun for example_task_group_decorator to 2024-09-08T01:50:38.301852+00:00, run_after=2024-09-09T01:50:38.301852+00:00
[2024-09-09T01:50:38.322+0000] {processor.py:175} INFO - Processing /home/airflow/.local/lib/python3.7/site-packages/airflow/example_dags/example_task_group_decorator.py took 0.100 seconds
[2024-09-09T01:51:08.447+0000] {processor.py:153} INFO - Started process (PID=2764) to work on /home/airflow/.local/lib/python3.7/site-packages/airflow/example_dags/example_task_group_decorator.py
[2024-09-09T01:51:08.448+0000] {processor.py:743} INFO - Processing file /home/airflow/.local/lib/python3.7/site-packages/airflow/example_dags/example_task_group_decorator.py for tasks to queue
[2024-09-09T01:51:08.449+0000] {logging_mixin.py:137} INFO - [2024-09-09T01:51:08.449+0000] {dagbag.py:538} INFO - Filling up the DagBag from /home/airflow/.local/lib/python3.7/site-packages/airflow/example_dags/example_task_group_decorator.py
[2024-09-09T01:51:08.471+0000] {processor.py:753} INFO - DAG(s) dict_keys(['example_task_group_decorator']) retrieved from /home/airflow/.local/lib/python3.7/site-packages/airflow/example_dags/example_task_group_decorator.py
[2024-09-09T01:51:08.499+0000] {logging_mixin.py:137} INFO - [2024-09-09T01:51:08.499+0000] {dag.py:2676} INFO - Sync 1 DAGs
[2024-09-09T01:51:08.518+0000] {logging_mixin.py:137} INFO - [2024-09-09T01:51:08.518+0000] {dag.py:3427} INFO - Setting next_dagrun for example_task_group_decorator to 2024-09-08T01:51:08.518430+00:00, run_after=2024-09-09T01:51:08.518430+00:00
[2024-09-09T01:51:08.534+0000] {processor.py:175} INFO - Processing /home/airflow/.local/lib/python3.7/site-packages/airflow/example_dags/example_task_group_decorator.py took 0.089 seconds
[2024-09-09T01:51:39.057+0000] {processor.py:153} INFO - Started process (PID=2888) to work on /home/airflow/.local/lib/python3.7/site-packages/airflow/example_dags/example_task_group_decorator.py
[2024-09-09T01:51:39.058+0000] {processor.py:743} INFO - Processing file /home/airflow/.local/lib/python3.7/site-packages/airflow/example_dags/example_task_group_decorator.py for tasks to queue
[2024-09-09T01:51:39.059+0000] {logging_mixin.py:137} INFO - [2024-09-09T01:51:39.059+0000] {dagbag.py:538} INFO - Filling up the DagBag from /home/airflow/.local/lib/python3.7/site-packages/airflow/example_dags/example_task_group_decorator.py
[2024-09-09T01:51:39.084+0000] {processor.py:753} INFO - DAG(s) dict_keys(['example_task_group_decorator']) retrieved from /home/airflow/.local/lib/python3.7/site-packages/airflow/example_dags/example_task_group_decorator.py
[2024-09-09T01:51:39.120+0000] {logging_mixin.py:137} INFO - [2024-09-09T01:51:39.120+0000] {dag.py:2676} INFO - Sync 1 DAGs
[2024-09-09T01:51:39.140+0000] {logging_mixin.py:137} INFO - [2024-09-09T01:51:39.140+0000] {dag.py:3427} INFO - Setting next_dagrun for example_task_group_decorator to 2024-09-08T01:51:39.140394+00:00, run_after=2024-09-09T01:51:39.140394+00:00
[2024-09-09T01:51:39.158+0000] {processor.py:175} INFO - Processing /home/airflow/.local/lib/python3.7/site-packages/airflow/example_dags/example_task_group_decorator.py took 0.104 seconds
[2024-09-09T01:52:09.281+0000] {processor.py:153} INFO - Started process (PID=2985) to work on /home/airflow/.local/lib/python3.7/site-packages/airflow/example_dags/example_task_group_decorator.py
[2024-09-09T01:52:09.282+0000] {processor.py:743} INFO - Processing file /home/airflow/.local/lib/python3.7/site-packages/airflow/example_dags/example_task_group_decorator.py for tasks to queue
[2024-09-09T01:52:09.282+0000] {logging_mixin.py:137} INFO - [2024-09-09T01:52:09.282+0000] {dagbag.py:538} INFO - Filling up the DagBag from /home/airflow/.local/lib/python3.7/site-packages/airflow/example_dags/example_task_group_decorator.py
[2024-09-09T01:52:09.303+0000] {processor.py:753} INFO - DAG(s) dict_keys(['example_task_group_decorator']) retrieved from /home/airflow/.local/lib/python3.7/site-packages/airflow/example_dags/example_task_group_decorator.py
[2024-09-09T01:52:09.332+0000] {logging_mixin.py:137} INFO - [2024-09-09T01:52:09.332+0000] {dag.py:2676} INFO - Sync 1 DAGs
[2024-09-09T01:52:09.349+0000] {logging_mixin.py:137} INFO - [2024-09-09T01:52:09.349+0000] {dag.py:3427} INFO - Setting next_dagrun for example_task_group_decorator to 2024-09-08T01:52:09.349415+00:00, run_after=2024-09-09T01:52:09.349415+00:00
[2024-09-09T01:52:09.368+0000] {processor.py:175} INFO - Processing /home/airflow/.local/lib/python3.7/site-packages/airflow/example_dags/example_task_group_decorator.py took 0.089 seconds
[2024-09-09T01:52:40.421+0000] {processor.py:153} INFO - Started process (PID=3109) to work on /home/airflow/.local/lib/python3.7/site-packages/airflow/example_dags/example_task_group_decorator.py
[2024-09-09T01:52:40.422+0000] {processor.py:743} INFO - Processing file /home/airflow/.local/lib/python3.7/site-packages/airflow/example_dags/example_task_group_decorator.py for tasks to queue
[2024-09-09T01:52:40.423+0000] {logging_mixin.py:137} INFO - [2024-09-09T01:52:40.423+0000] {dagbag.py:538} INFO - Filling up the DagBag from /home/airflow/.local/lib/python3.7/site-packages/airflow/example_dags/example_task_group_decorator.py
[2024-09-09T01:52:40.444+0000] {processor.py:753} INFO - DAG(s) dict_keys(['example_task_group_decorator']) retrieved from /home/airflow/.local/lib/python3.7/site-packages/airflow/example_dags/example_task_group_decorator.py
[2024-09-09T01:52:40.474+0000] {logging_mixin.py:137} INFO - [2024-09-09T01:52:40.473+0000] {dag.py:2676} INFO - Sync 1 DAGs
[2024-09-09T01:52:40.493+0000] {logging_mixin.py:137} INFO - [2024-09-09T01:52:40.493+0000] {dag.py:3427} INFO - Setting next_dagrun for example_task_group_decorator to 2024-09-08T01:52:40.493392+00:00, run_after=2024-09-09T01:52:40.493392+00:00
[2024-09-09T01:52:40.510+0000] {processor.py:175} INFO - Processing /home/airflow/.local/lib/python3.7/site-packages/airflow/example_dags/example_task_group_decorator.py took 0.091 seconds
[2024-09-09T01:53:11.527+0000] {processor.py:153} INFO - Started process (PID=3214) to work on /home/airflow/.local/lib/python3.7/site-packages/airflow/example_dags/example_task_group_decorator.py
[2024-09-09T01:53:11.529+0000] {processor.py:743} INFO - Processing file /home/airflow/.local/lib/python3.7/site-packages/airflow/example_dags/example_task_group_decorator.py for tasks to queue
[2024-09-09T01:53:11.529+0000] {logging_mixin.py:137} INFO - [2024-09-09T01:53:11.529+0000] {dagbag.py:538} INFO - Filling up the DagBag from /home/airflow/.local/lib/python3.7/site-packages/airflow/example_dags/example_task_group_decorator.py
[2024-09-09T01:53:11.561+0000] {processor.py:753} INFO - DAG(s) dict_keys(['example_task_group_decorator']) retrieved from /home/airflow/.local/lib/python3.7/site-packages/airflow/example_dags/example_task_group_decorator.py
[2024-09-09T01:53:11.597+0000] {logging_mixin.py:137} INFO - [2024-09-09T01:53:11.597+0000] {dag.py:2676} INFO - Sync 1 DAGs
[2024-09-09T01:53:11.624+0000] {logging_mixin.py:137} INFO - [2024-09-09T01:53:11.624+0000] {dag.py:3427} INFO - Setting next_dagrun for example_task_group_decorator to 2024-09-08T01:53:11.624062+00:00, run_after=2024-09-09T01:53:11.624062+00:00
[2024-09-09T01:53:11.646+0000] {processor.py:175} INFO - Processing /home/airflow/.local/lib/python3.7/site-packages/airflow/example_dags/example_task_group_decorator.py took 0.123 seconds
[2024-09-09T01:53:41.904+0000] {processor.py:153} INFO - Started process (PID=3329) to work on /home/airflow/.local/lib/python3.7/site-packages/airflow/example_dags/example_task_group_decorator.py
[2024-09-09T01:53:41.905+0000] {processor.py:743} INFO - Processing file /home/airflow/.local/lib/python3.7/site-packages/airflow/example_dags/example_task_group_decorator.py for tasks to queue
[2024-09-09T01:53:41.905+0000] {logging_mixin.py:137} INFO - [2024-09-09T01:53:41.905+0000] {dagbag.py:538} INFO - Filling up the DagBag from /home/airflow/.local/lib/python3.7/site-packages/airflow/example_dags/example_task_group_decorator.py
[2024-09-09T01:53:41.927+0000] {processor.py:753} INFO - DAG(s) dict_keys(['example_task_group_decorator']) retrieved from /home/airflow/.local/lib/python3.7/site-packages/airflow/example_dags/example_task_group_decorator.py
[2024-09-09T01:53:41.957+0000] {logging_mixin.py:137} INFO - [2024-09-09T01:53:41.957+0000] {dag.py:2676} INFO - Sync 1 DAGs
[2024-09-09T01:53:41.978+0000] {logging_mixin.py:137} INFO - [2024-09-09T01:53:41.977+0000] {dag.py:3427} INFO - Setting next_dagrun for example_task_group_decorator to 2024-09-08T01:53:41.977724+00:00, run_after=2024-09-09T01:53:41.977724+00:00
[2024-09-09T01:53:41.996+0000] {processor.py:175} INFO - Processing /home/airflow/.local/lib/python3.7/site-packages/airflow/example_dags/example_task_group_decorator.py took 0.094 seconds
[2024-09-09T01:54:12.655+0000] {processor.py:153} INFO - Started process (PID=3453) to work on /home/airflow/.local/lib/python3.7/site-packages/airflow/example_dags/example_task_group_decorator.py
[2024-09-09T01:54:12.656+0000] {processor.py:743} INFO - Processing file /home/airflow/.local/lib/python3.7/site-packages/airflow/example_dags/example_task_group_decorator.py for tasks to queue
[2024-09-09T01:54:12.656+0000] {logging_mixin.py:137} INFO - [2024-09-09T01:54:12.656+0000] {dagbag.py:538} INFO - Filling up the DagBag from /home/airflow/.local/lib/python3.7/site-packages/airflow/example_dags/example_task_group_decorator.py
[2024-09-09T01:54:12.676+0000] {processor.py:753} INFO - DAG(s) dict_keys(['example_task_group_decorator']) retrieved from /home/airflow/.local/lib/python3.7/site-packages/airflow/example_dags/example_task_group_decorator.py
[2024-09-09T01:54:12.705+0000] {logging_mixin.py:137} INFO - [2024-09-09T01:54:12.705+0000] {dag.py:2676} INFO - Sync 1 DAGs
[2024-09-09T01:54:12.724+0000] {logging_mixin.py:137} INFO - [2024-09-09T01:54:12.724+0000] {dag.py:3427} INFO - Setting next_dagrun for example_task_group_decorator to 2024-09-08T01:54:12.724401+00:00, run_after=2024-09-09T01:54:12.724401+00:00
[2024-09-09T01:54:12.740+0000] {processor.py:175} INFO - Processing /home/airflow/.local/lib/python3.7/site-packages/airflow/example_dags/example_task_group_decorator.py took 0.088 seconds
[2024-09-09T01:54:43.132+0000] {processor.py:153} INFO - Started process (PID=3549) to work on /home/airflow/.local/lib/python3.7/site-packages/airflow/example_dags/example_task_group_decorator.py
[2024-09-09T01:54:43.133+0000] {processor.py:743} INFO - Processing file /home/airflow/.local/lib/python3.7/site-packages/airflow/example_dags/example_task_group_decorator.py for tasks to queue
[2024-09-09T01:54:43.134+0000] {logging_mixin.py:137} INFO - [2024-09-09T01:54:43.133+0000] {dagbag.py:538} INFO - Filling up the DagBag from /home/airflow/.local/lib/python3.7/site-packages/airflow/example_dags/example_task_group_decorator.py
[2024-09-09T01:54:43.155+0000] {processor.py:753} INFO - DAG(s) dict_keys(['example_task_group_decorator']) retrieved from /home/airflow/.local/lib/python3.7/site-packages/airflow/example_dags/example_task_group_decorator.py
[2024-09-09T01:54:43.184+0000] {logging_mixin.py:137} INFO - [2024-09-09T01:54:43.184+0000] {dag.py:2676} INFO - Sync 1 DAGs
[2024-09-09T01:54:43.202+0000] {logging_mixin.py:137} INFO - [2024-09-09T01:54:43.202+0000] {dag.py:3427} INFO - Setting next_dagrun for example_task_group_decorator to 2024-09-08T01:54:43.201989+00:00, run_after=2024-09-09T01:54:43.201989+00:00
[2024-09-09T01:54:43.221+0000] {processor.py:175} INFO - Processing /home/airflow/.local/lib/python3.7/site-packages/airflow/example_dags/example_task_group_decorator.py took 0.091 seconds
[2024-09-09T01:55:13.386+0000] {processor.py:153} INFO - Started process (PID=3673) to work on /home/airflow/.local/lib/python3.7/site-packages/airflow/example_dags/example_task_group_decorator.py
[2024-09-09T01:55:13.387+0000] {processor.py:743} INFO - Processing file /home/airflow/.local/lib/python3.7/site-packages/airflow/example_dags/example_task_group_decorator.py for tasks to queue
[2024-09-09T01:55:13.388+0000] {logging_mixin.py:137} INFO - [2024-09-09T01:55:13.387+0000] {dagbag.py:538} INFO - Filling up the DagBag from /home/airflow/.local/lib/python3.7/site-packages/airflow/example_dags/example_task_group_decorator.py
[2024-09-09T01:55:13.411+0000] {processor.py:753} INFO - DAG(s) dict_keys(['example_task_group_decorator']) retrieved from /home/airflow/.local/lib/python3.7/site-packages/airflow/example_dags/example_task_group_decorator.py
[2024-09-09T01:55:13.442+0000] {logging_mixin.py:137} INFO - [2024-09-09T01:55:13.442+0000] {dag.py:2676} INFO - Sync 1 DAGs
[2024-09-09T01:55:13.462+0000] {logging_mixin.py:137} INFO - [2024-09-09T01:55:13.461+0000] {dag.py:3427} INFO - Setting next_dagrun for example_task_group_decorator to 2024-09-08T01:55:13.461738+00:00, run_after=2024-09-09T01:55:13.461738+00:00
[2024-09-09T01:55:13.479+0000] {processor.py:175} INFO - Processing /home/airflow/.local/lib/python3.7/site-packages/airflow/example_dags/example_task_group_decorator.py took 0.095 seconds
[2024-09-09T01:55:43.775+0000] {processor.py:153} INFO - Started process (PID=3769) to work on /home/airflow/.local/lib/python3.7/site-packages/airflow/example_dags/example_task_group_decorator.py
[2024-09-09T01:55:43.776+0000] {processor.py:743} INFO - Processing file /home/airflow/.local/lib/python3.7/site-packages/airflow/example_dags/example_task_group_decorator.py for tasks to queue
[2024-09-09T01:55:43.777+0000] {logging_mixin.py:137} INFO - [2024-09-09T01:55:43.776+0000] {dagbag.py:538} INFO - Filling up the DagBag from /home/airflow/.local/lib/python3.7/site-packages/airflow/example_dags/example_task_group_decorator.py
[2024-09-09T01:55:43.802+0000] {processor.py:753} INFO - DAG(s) dict_keys(['example_task_group_decorator']) retrieved from /home/airflow/.local/lib/python3.7/site-packages/airflow/example_dags/example_task_group_decorator.py
[2024-09-09T01:55:43.853+0000] {logging_mixin.py:137} INFO - [2024-09-09T01:55:43.852+0000] {dag.py:2676} INFO - Sync 1 DAGs
[2024-09-09T01:55:43.892+0000] {logging_mixin.py:137} INFO - [2024-09-09T01:55:43.892+0000] {dag.py:3427} INFO - Setting next_dagrun for example_task_group_decorator to 2024-09-08T01:55:43.892258+00:00, run_after=2024-09-09T01:55:43.892258+00:00
[2024-09-09T01:55:43.934+0000] {processor.py:175} INFO - Processing /home/airflow/.local/lib/python3.7/site-packages/airflow/example_dags/example_task_group_decorator.py took 0.162 seconds
[2024-09-09T01:56:14.879+0000] {processor.py:153} INFO - Started process (PID=3893) to work on /home/airflow/.local/lib/python3.7/site-packages/airflow/example_dags/example_task_group_decorator.py
[2024-09-09T01:56:14.890+0000] {processor.py:743} INFO - Processing file /home/airflow/.local/lib/python3.7/site-packages/airflow/example_dags/example_task_group_decorator.py for tasks to queue
[2024-09-09T01:56:14.891+0000] {logging_mixin.py:137} INFO - [2024-09-09T01:56:14.891+0000] {dagbag.py:538} INFO - Filling up the DagBag from /home/airflow/.local/lib/python3.7/site-packages/airflow/example_dags/example_task_group_decorator.py
[2024-09-09T01:56:14.911+0000] {processor.py:753} INFO - DAG(s) dict_keys(['example_task_group_decorator']) retrieved from /home/airflow/.local/lib/python3.7/site-packages/airflow/example_dags/example_task_group_decorator.py
[2024-09-09T01:56:14.939+0000] {logging_mixin.py:137} INFO - [2024-09-09T01:56:14.939+0000] {dag.py:2676} INFO - Sync 1 DAGs
[2024-09-09T01:56:14.957+0000] {logging_mixin.py:137} INFO - [2024-09-09T01:56:14.957+0000] {dag.py:3427} INFO - Setting next_dagrun for example_task_group_decorator to 2024-09-08T01:56:14.956927+00:00, run_after=2024-09-09T01:56:14.956927+00:00
[2024-09-09T01:56:14.974+0000] {processor.py:175} INFO - Processing /home/airflow/.local/lib/python3.7/site-packages/airflow/example_dags/example_task_group_decorator.py took 0.098 seconds
[2024-09-09T01:56:45.188+0000] {processor.py:153} INFO - Started process (PID=4017) to work on /home/airflow/.local/lib/python3.7/site-packages/airflow/example_dags/example_task_group_decorator.py
[2024-09-09T01:56:45.190+0000] {processor.py:743} INFO - Processing file /home/airflow/.local/lib/python3.7/site-packages/airflow/example_dags/example_task_group_decorator.py for tasks to queue
[2024-09-09T01:56:45.190+0000] {logging_mixin.py:137} INFO - [2024-09-09T01:56:45.190+0000] {dagbag.py:538} INFO - Filling up the DagBag from /home/airflow/.local/lib/python3.7/site-packages/airflow/example_dags/example_task_group_decorator.py
[2024-09-09T01:56:45.211+0000] {processor.py:753} INFO - DAG(s) dict_keys(['example_task_group_decorator']) retrieved from /home/airflow/.local/lib/python3.7/site-packages/airflow/example_dags/example_task_group_decorator.py
[2024-09-09T01:56:45.239+0000] {logging_mixin.py:137} INFO - [2024-09-09T01:56:45.239+0000] {dag.py:2676} INFO - Sync 1 DAGs
[2024-09-09T01:56:45.259+0000] {logging_mixin.py:137} INFO - [2024-09-09T01:56:45.259+0000] {dag.py:3427} INFO - Setting next_dagrun for example_task_group_decorator to 2024-09-08T01:56:45.258875+00:00, run_after=2024-09-09T01:56:45.258875+00:00
[2024-09-09T01:56:45.277+0000] {processor.py:175} INFO - Processing /home/airflow/.local/lib/python3.7/site-packages/airflow/example_dags/example_task_group_decorator.py took 0.091 seconds
[2024-09-09T01:57:15.294+0000] {processor.py:153} INFO - Started process (PID=4113) to work on /home/airflow/.local/lib/python3.7/site-packages/airflow/example_dags/example_task_group_decorator.py
[2024-09-09T01:57:15.295+0000] {processor.py:743} INFO - Processing file /home/airflow/.local/lib/python3.7/site-packages/airflow/example_dags/example_task_group_decorator.py for tasks to queue
[2024-09-09T01:57:15.296+0000] {logging_mixin.py:137} INFO - [2024-09-09T01:57:15.296+0000] {dagbag.py:538} INFO - Filling up the DagBag from /home/airflow/.local/lib/python3.7/site-packages/airflow/example_dags/example_task_group_decorator.py
[2024-09-09T01:57:15.315+0000] {processor.py:753} INFO - DAG(s) dict_keys(['example_task_group_decorator']) retrieved from /home/airflow/.local/lib/python3.7/site-packages/airflow/example_dags/example_task_group_decorator.py
[2024-09-09T01:57:15.343+0000] {logging_mixin.py:137} INFO - [2024-09-09T01:57:15.343+0000] {dag.py:2676} INFO - Sync 1 DAGs
[2024-09-09T01:57:15.361+0000] {logging_mixin.py:137} INFO - [2024-09-09T01:57:15.361+0000] {dag.py:3427} INFO - Setting next_dagrun for example_task_group_decorator to 2024-09-08T01:57:15.361092+00:00, run_after=2024-09-09T01:57:15.361092+00:00
[2024-09-09T01:57:15.382+0000] {processor.py:175} INFO - Processing /home/airflow/.local/lib/python3.7/site-packages/airflow/example_dags/example_task_group_decorator.py took 0.090 seconds
[2024-09-09T01:57:45.714+0000] {processor.py:153} INFO - Started process (PID=4237) to work on /home/airflow/.local/lib/python3.7/site-packages/airflow/example_dags/example_task_group_decorator.py
[2024-09-09T01:57:45.715+0000] {processor.py:743} INFO - Processing file /home/airflow/.local/lib/python3.7/site-packages/airflow/example_dags/example_task_group_decorator.py for tasks to queue
[2024-09-09T01:57:45.716+0000] {logging_mixin.py:137} INFO - [2024-09-09T01:57:45.716+0000] {dagbag.py:538} INFO - Filling up the DagBag from /home/airflow/.local/lib/python3.7/site-packages/airflow/example_dags/example_task_group_decorator.py
[2024-09-09T01:57:45.744+0000] {processor.py:753} INFO - DAG(s) dict_keys(['example_task_group_decorator']) retrieved from /home/airflow/.local/lib/python3.7/site-packages/airflow/example_dags/example_task_group_decorator.py
[2024-09-09T01:57:45.781+0000] {logging_mixin.py:137} INFO - [2024-09-09T01:57:45.781+0000] {dag.py:2676} INFO - Sync 1 DAGs
[2024-09-09T01:57:45.806+0000] {logging_mixin.py:137} INFO - [2024-09-09T01:57:45.806+0000] {dag.py:3427} INFO - Setting next_dagrun for example_task_group_decorator to 2024-09-08T01:57:45.806289+00:00, run_after=2024-09-09T01:57:45.806289+00:00
[2024-09-09T01:57:45.828+0000] {processor.py:175} INFO - Processing /home/airflow/.local/lib/python3.7/site-packages/airflow/example_dags/example_task_group_decorator.py took 0.117 seconds
[2024-09-09T01:58:16.048+0000] {processor.py:153} INFO - Started process (PID=4333) to work on /home/airflow/.local/lib/python3.7/site-packages/airflow/example_dags/example_task_group_decorator.py
[2024-09-09T01:58:16.059+0000] {processor.py:743} INFO - Processing file /home/airflow/.local/lib/python3.7/site-packages/airflow/example_dags/example_task_group_decorator.py for tasks to queue
[2024-09-09T01:58:16.059+0000] {logging_mixin.py:137} INFO - [2024-09-09T01:58:16.059+0000] {dagbag.py:538} INFO - Filling up the DagBag from /home/airflow/.local/lib/python3.7/site-packages/airflow/example_dags/example_task_group_decorator.py
[2024-09-09T01:58:16.081+0000] {processor.py:753} INFO - DAG(s) dict_keys(['example_task_group_decorator']) retrieved from /home/airflow/.local/lib/python3.7/site-packages/airflow/example_dags/example_task_group_decorator.py
[2024-09-09T01:58:16.111+0000] {logging_mixin.py:137} INFO - [2024-09-09T01:58:16.111+0000] {dag.py:2676} INFO - Sync 1 DAGs
[2024-09-09T01:58:16.131+0000] {logging_mixin.py:137} INFO - [2024-09-09T01:58:16.131+0000] {dag.py:3427} INFO - Setting next_dagrun for example_task_group_decorator to 2024-09-08T01:58:16.131539+00:00, run_after=2024-09-09T01:58:16.131539+00:00
[2024-09-09T01:58:16.152+0000] {processor.py:175} INFO - Processing /home/airflow/.local/lib/python3.7/site-packages/airflow/example_dags/example_task_group_decorator.py took 0.106 seconds
[2024-09-09T01:58:46.597+0000] {processor.py:153} INFO - Started process (PID=4457) to work on /home/airflow/.local/lib/python3.7/site-packages/airflow/example_dags/example_task_group_decorator.py
[2024-09-09T01:58:46.598+0000] {processor.py:743} INFO - Processing file /home/airflow/.local/lib/python3.7/site-packages/airflow/example_dags/example_task_group_decorator.py for tasks to queue
[2024-09-09T01:58:46.599+0000] {logging_mixin.py:137} INFO - [2024-09-09T01:58:46.599+0000] {dagbag.py:538} INFO - Filling up the DagBag from /home/airflow/.local/lib/python3.7/site-packages/airflow/example_dags/example_task_group_decorator.py
[2024-09-09T01:58:46.618+0000] {processor.py:753} INFO - DAG(s) dict_keys(['example_task_group_decorator']) retrieved from /home/airflow/.local/lib/python3.7/site-packages/airflow/example_dags/example_task_group_decorator.py
[2024-09-09T01:58:46.651+0000] {logging_mixin.py:137} INFO - [2024-09-09T01:58:46.651+0000] {dag.py:2676} INFO - Sync 1 DAGs
[2024-09-09T01:58:46.671+0000] {logging_mixin.py:137} INFO - [2024-09-09T01:58:46.671+0000] {dag.py:3427} INFO - Setting next_dagrun for example_task_group_decorator to 2024-09-08T01:58:46.670894+00:00, run_after=2024-09-09T01:58:46.670894+00:00
[2024-09-09T01:58:46.690+0000] {processor.py:175} INFO - Processing /home/airflow/.local/lib/python3.7/site-packages/airflow/example_dags/example_task_group_decorator.py took 0.094 seconds
[2024-09-09T01:59:16.829+0000] {processor.py:153} INFO - Started process (PID=4581) to work on /home/airflow/.local/lib/python3.7/site-packages/airflow/example_dags/example_task_group_decorator.py
[2024-09-09T01:59:16.831+0000] {processor.py:743} INFO - Processing file /home/airflow/.local/lib/python3.7/site-packages/airflow/example_dags/example_task_group_decorator.py for tasks to queue
[2024-09-09T01:59:16.831+0000] {logging_mixin.py:137} INFO - [2024-09-09T01:59:16.831+0000] {dagbag.py:538} INFO - Filling up the DagBag from /home/airflow/.local/lib/python3.7/site-packages/airflow/example_dags/example_task_group_decorator.py
[2024-09-09T01:59:16.857+0000] {processor.py:753} INFO - DAG(s) dict_keys(['example_task_group_decorator']) retrieved from /home/airflow/.local/lib/python3.7/site-packages/airflow/example_dags/example_task_group_decorator.py
[2024-09-09T01:59:16.890+0000] {logging_mixin.py:137} INFO - [2024-09-09T01:59:16.890+0000] {dag.py:2676} INFO - Sync 1 DAGs
[2024-09-09T01:59:16.910+0000] {logging_mixin.py:137} INFO - [2024-09-09T01:59:16.910+0000] {dag.py:3427} INFO - Setting next_dagrun for example_task_group_decorator to 2024-09-08T01:59:16.909809+00:00, run_after=2024-09-09T01:59:16.909809+00:00
[2024-09-09T01:59:16.930+0000] {processor.py:175} INFO - Processing /home/airflow/.local/lib/python3.7/site-packages/airflow/example_dags/example_task_group_decorator.py took 0.104 seconds
[2024-09-09T01:59:47.113+0000] {processor.py:153} INFO - Started process (PID=4677) to work on /home/airflow/.local/lib/python3.7/site-packages/airflow/example_dags/example_task_group_decorator.py
[2024-09-09T01:59:47.115+0000] {processor.py:743} INFO - Processing file /home/airflow/.local/lib/python3.7/site-packages/airflow/example_dags/example_task_group_decorator.py for tasks to queue
[2024-09-09T01:59:47.116+0000] {logging_mixin.py:137} INFO - [2024-09-09T01:59:47.116+0000] {dagbag.py:538} INFO - Filling up the DagBag from /home/airflow/.local/lib/python3.7/site-packages/airflow/example_dags/example_task_group_decorator.py
[2024-09-09T01:59:47.137+0000] {processor.py:753} INFO - DAG(s) dict_keys(['example_task_group_decorator']) retrieved from /home/airflow/.local/lib/python3.7/site-packages/airflow/example_dags/example_task_group_decorator.py
[2024-09-09T01:59:47.166+0000] {logging_mixin.py:137} INFO - [2024-09-09T01:59:47.166+0000] {dag.py:2676} INFO - Sync 1 DAGs
[2024-09-09T01:59:47.184+0000] {logging_mixin.py:137} INFO - [2024-09-09T01:59:47.183+0000] {dag.py:3427} INFO - Setting next_dagrun for example_task_group_decorator to 2024-09-08T01:59:47.183799+00:00, run_after=2024-09-09T01:59:47.183799+00:00
[2024-09-09T01:59:47.200+0000] {processor.py:175} INFO - Processing /home/airflow/.local/lib/python3.7/site-packages/airflow/example_dags/example_task_group_decorator.py took 0.089 seconds
[2024-09-09T02:00:17.303+0000] {processor.py:153} INFO - Started process (PID=4801) to work on /home/airflow/.local/lib/python3.7/site-packages/airflow/example_dags/example_task_group_decorator.py
[2024-09-09T02:00:17.304+0000] {processor.py:743} INFO - Processing file /home/airflow/.local/lib/python3.7/site-packages/airflow/example_dags/example_task_group_decorator.py for tasks to queue
[2024-09-09T02:00:17.305+0000] {logging_mixin.py:137} INFO - [2024-09-09T02:00:17.304+0000] {dagbag.py:538} INFO - Filling up the DagBag from /home/airflow/.local/lib/python3.7/site-packages/airflow/example_dags/example_task_group_decorator.py
[2024-09-09T02:00:17.329+0000] {processor.py:753} INFO - DAG(s) dict_keys(['example_task_group_decorator']) retrieved from /home/airflow/.local/lib/python3.7/site-packages/airflow/example_dags/example_task_group_decorator.py
[2024-09-09T02:00:17.361+0000] {logging_mixin.py:137} INFO - [2024-09-09T02:00:17.361+0000] {dag.py:2676} INFO - Sync 1 DAGs
[2024-09-09T02:00:17.381+0000] {logging_mixin.py:137} INFO - [2024-09-09T02:00:17.381+0000] {dag.py:3427} INFO - Setting next_dagrun for example_task_group_decorator to 2024-09-08T02:00:17.381134+00:00, run_after=2024-09-09T02:00:17.381134+00:00
[2024-09-09T02:00:17.401+0000] {processor.py:175} INFO - Processing /home/airflow/.local/lib/python3.7/site-packages/airflow/example_dags/example_task_group_decorator.py took 0.101 seconds
[2024-09-09T02:00:47.546+0000] {processor.py:153} INFO - Started process (PID=4897) to work on /home/airflow/.local/lib/python3.7/site-packages/airflow/example_dags/example_task_group_decorator.py
[2024-09-09T02:00:47.556+0000] {processor.py:743} INFO - Processing file /home/airflow/.local/lib/python3.7/site-packages/airflow/example_dags/example_task_group_decorator.py for tasks to queue
[2024-09-09T02:00:47.557+0000] {logging_mixin.py:137} INFO - [2024-09-09T02:00:47.557+0000] {dagbag.py:538} INFO - Filling up the DagBag from /home/airflow/.local/lib/python3.7/site-packages/airflow/example_dags/example_task_group_decorator.py
[2024-09-09T02:00:47.576+0000] {processor.py:753} INFO - DAG(s) dict_keys(['example_task_group_decorator']) retrieved from /home/airflow/.local/lib/python3.7/site-packages/airflow/example_dags/example_task_group_decorator.py
[2024-09-09T02:00:47.603+0000] {logging_mixin.py:137} INFO - [2024-09-09T02:00:47.603+0000] {dag.py:2676} INFO - Sync 1 DAGs
[2024-09-09T02:00:47.622+0000] {logging_mixin.py:137} INFO - [2024-09-09T02:00:47.622+0000] {dag.py:3427} INFO - Setting next_dagrun for example_task_group_decorator to 2024-09-08T02:00:47.622496+00:00, run_after=2024-09-09T02:00:47.622496+00:00
[2024-09-09T02:00:47.640+0000] {processor.py:175} INFO - Processing /home/airflow/.local/lib/python3.7/site-packages/airflow/example_dags/example_task_group_decorator.py took 0.097 seconds
[2024-09-09T02:01:17.823+0000] {processor.py:153} INFO - Started process (PID=5021) to work on /home/airflow/.local/lib/python3.7/site-packages/airflow/example_dags/example_task_group_decorator.py
[2024-09-09T02:01:17.833+0000] {processor.py:743} INFO - Processing file /home/airflow/.local/lib/python3.7/site-packages/airflow/example_dags/example_task_group_decorator.py for tasks to queue
[2024-09-09T02:01:17.834+0000] {logging_mixin.py:137} INFO - [2024-09-09T02:01:17.834+0000] {dagbag.py:538} INFO - Filling up the DagBag from /home/airflow/.local/lib/python3.7/site-packages/airflow/example_dags/example_task_group_decorator.py
[2024-09-09T02:01:17.853+0000] {processor.py:753} INFO - DAG(s) dict_keys(['example_task_group_decorator']) retrieved from /home/airflow/.local/lib/python3.7/site-packages/airflow/example_dags/example_task_group_decorator.py
[2024-09-09T02:01:17.882+0000] {logging_mixin.py:137} INFO - [2024-09-09T02:01:17.882+0000] {dag.py:2676} INFO - Sync 1 DAGs
[2024-09-09T02:01:17.900+0000] {logging_mixin.py:137} INFO - [2024-09-09T02:01:17.900+0000] {dag.py:3427} INFO - Setting next_dagrun for example_task_group_decorator to 2024-09-08T02:01:17.900429+00:00, run_after=2024-09-09T02:01:17.900429+00:00
[2024-09-09T02:01:17.928+0000] {processor.py:175} INFO - Processing /home/airflow/.local/lib/python3.7/site-packages/airflow/example_dags/example_task_group_decorator.py took 0.107 seconds
[2024-09-09T02:01:47.948+0000] {processor.py:153} INFO - Started process (PID=5124) to work on /home/airflow/.local/lib/python3.7/site-packages/airflow/example_dags/example_task_group_decorator.py
[2024-09-09T02:01:47.951+0000] {processor.py:743} INFO - Processing file /home/airflow/.local/lib/python3.7/site-packages/airflow/example_dags/example_task_group_decorator.py for tasks to queue
[2024-09-09T02:01:47.951+0000] {logging_mixin.py:137} INFO - [2024-09-09T02:01:47.951+0000] {dagbag.py:538} INFO - Filling up the DagBag from /home/airflow/.local/lib/python3.7/site-packages/airflow/example_dags/example_task_group_decorator.py
[2024-09-09T02:01:47.974+0000] {processor.py:753} INFO - DAG(s) dict_keys(['example_task_group_decorator']) retrieved from /home/airflow/.local/lib/python3.7/site-packages/airflow/example_dags/example_task_group_decorator.py
[2024-09-09T02:01:48.008+0000] {logging_mixin.py:137} INFO - [2024-09-09T02:01:48.008+0000] {dag.py:2676} INFO - Sync 1 DAGs
[2024-09-09T02:01:48.028+0000] {logging_mixin.py:137} INFO - [2024-09-09T02:01:48.028+0000] {dag.py:3427} INFO - Setting next_dagrun for example_task_group_decorator to 2024-09-08T02:01:48.028426+00:00, run_after=2024-09-09T02:01:48.028426+00:00
[2024-09-09T02:01:48.056+0000] {processor.py:175} INFO - Processing /home/airflow/.local/lib/python3.7/site-packages/airflow/example_dags/example_task_group_decorator.py took 0.110 seconds
[2024-09-09T02:02:18.351+0000] {processor.py:153} INFO - Started process (PID=5240) to work on /home/airflow/.local/lib/python3.7/site-packages/airflow/example_dags/example_task_group_decorator.py
[2024-09-09T02:02:18.353+0000] {processor.py:743} INFO - Processing file /home/airflow/.local/lib/python3.7/site-packages/airflow/example_dags/example_task_group_decorator.py for tasks to queue
[2024-09-09T02:02:18.354+0000] {logging_mixin.py:137} INFO - [2024-09-09T02:02:18.354+0000] {dagbag.py:538} INFO - Filling up the DagBag from /home/airflow/.local/lib/python3.7/site-packages/airflow/example_dags/example_task_group_decorator.py
[2024-09-09T02:02:18.374+0000] {processor.py:753} INFO - DAG(s) dict_keys(['example_task_group_decorator']) retrieved from /home/airflow/.local/lib/python3.7/site-packages/airflow/example_dags/example_task_group_decorator.py
[2024-09-09T02:02:18.402+0000] {logging_mixin.py:137} INFO - [2024-09-09T02:02:18.402+0000] {dag.py:2676} INFO - Sync 1 DAGs
[2024-09-09T02:02:18.421+0000] {logging_mixin.py:137} INFO - [2024-09-09T02:02:18.421+0000] {dag.py:3427} INFO - Setting next_dagrun for example_task_group_decorator to 2024-09-08T02:02:18.421197+00:00, run_after=2024-09-09T02:02:18.421197+00:00
[2024-09-09T02:02:18.442+0000] {processor.py:175} INFO - Processing /home/airflow/.local/lib/python3.7/site-packages/airflow/example_dags/example_task_group_decorator.py took 0.094 seconds
