[2024-09-09T01:38:59.827+0000] {processor.py:153} INFO - Started process (PID=113) to work on /home/airflow/.local/lib/python3.7/site-packages/airflow/example_dags/example_skip_dag.py
[2024-09-09T01:38:59.832+0000] {processor.py:743} INFO - Processing file /home/airflow/.local/lib/python3.7/site-packages/airflow/example_dags/example_skip_dag.py for tasks to queue
[2024-09-09T01:38:59.834+0000] {logging_mixin.py:137} INFO - [2024-09-09T01:38:59.834+0000] {dagbag.py:538} INFO - Filling up the DagBag from /home/airflow/.local/lib/python3.7/site-packages/airflow/example_dags/example_skip_dag.py
[2024-09-09T01:38:59.930+0000] {processor.py:753} INFO - DAG(s) dict_keys(['example_skip_dag']) retrieved from /home/airflow/.local/lib/python3.7/site-packages/airflow/example_dags/example_skip_dag.py
[2024-09-09T01:38:59.996+0000] {logging_mixin.py:137} INFO - [2024-09-09T01:38:59.996+0000] {dag.py:2676} INFO - Sync 1 DAGs
[2024-09-09T01:39:00.067+0000] {logging_mixin.py:137} INFO - [2024-09-09T01:39:00.067+0000] {dag.py:3427} INFO - Setting next_dagrun for example_skip_dag to 2024-09-08T01:39:00.067333+00:00, run_after=2024-09-09T01:39:00.067333+00:00
[2024-09-09T01:39:00.097+0000] {processor.py:175} INFO - Processing /home/airflow/.local/lib/python3.7/site-packages/airflow/example_dags/example_skip_dag.py took 0.312 seconds
[2024-09-09T01:39:30.765+0000] {processor.py:153} INFO - Started process (PID=209) to work on /home/airflow/.local/lib/python3.7/site-packages/airflow/example_dags/example_skip_dag.py
[2024-09-09T01:39:30.765+0000] {processor.py:743} INFO - Processing file /home/airflow/.local/lib/python3.7/site-packages/airflow/example_dags/example_skip_dag.py for tasks to queue
[2024-09-09T01:39:30.766+0000] {logging_mixin.py:137} INFO - [2024-09-09T01:39:30.766+0000] {dagbag.py:538} INFO - Filling up the DagBag from /home/airflow/.local/lib/python3.7/site-packages/airflow/example_dags/example_skip_dag.py
[2024-09-09T01:39:30.777+0000] {processor.py:753} INFO - DAG(s) dict_keys(['example_skip_dag']) retrieved from /home/airflow/.local/lib/python3.7/site-packages/airflow/example_dags/example_skip_dag.py
[2024-09-09T01:39:30.808+0000] {logging_mixin.py:137} INFO - [2024-09-09T01:39:30.807+0000] {dag.py:2676} INFO - Sync 1 DAGs
[2024-09-09T01:39:30.829+0000] {logging_mixin.py:137} INFO - [2024-09-09T01:39:30.829+0000] {dag.py:3427} INFO - Setting next_dagrun for example_skip_dag to 2024-09-08T01:39:30.829125+00:00, run_after=2024-09-09T01:39:30.829125+00:00
[2024-09-09T01:39:30.847+0000] {processor.py:175} INFO - Processing /home/airflow/.local/lib/python3.7/site-packages/airflow/example_dags/example_skip_dag.py took 0.085 seconds
[2024-09-09T01:40:01.519+0000] {processor.py:153} INFO - Started process (PID=333) to work on /home/airflow/.local/lib/python3.7/site-packages/airflow/example_dags/example_skip_dag.py
[2024-09-09T01:40:01.520+0000] {processor.py:743} INFO - Processing file /home/airflow/.local/lib/python3.7/site-packages/airflow/example_dags/example_skip_dag.py for tasks to queue
[2024-09-09T01:40:01.521+0000] {logging_mixin.py:137} INFO - [2024-09-09T01:40:01.521+0000] {dagbag.py:538} INFO - Filling up the DagBag from /home/airflow/.local/lib/python3.7/site-packages/airflow/example_dags/example_skip_dag.py
[2024-09-09T01:40:01.536+0000] {processor.py:753} INFO - DAG(s) dict_keys(['example_skip_dag']) retrieved from /home/airflow/.local/lib/python3.7/site-packages/airflow/example_dags/example_skip_dag.py
[2024-09-09T01:40:01.571+0000] {logging_mixin.py:137} INFO - [2024-09-09T01:40:01.571+0000] {dag.py:2676} INFO - Sync 1 DAGs
[2024-09-09T01:40:01.593+0000] {logging_mixin.py:137} INFO - [2024-09-09T01:40:01.593+0000] {dag.py:3427} INFO - Setting next_dagrun for example_skip_dag to 2024-09-08T01:40:01.593335+00:00, run_after=2024-09-09T01:40:01.593335+00:00
[2024-09-09T01:40:01.613+0000] {processor.py:175} INFO - Processing /home/airflow/.local/lib/python3.7/site-packages/airflow/example_dags/example_skip_dag.py took 0.096 seconds
[2024-09-09T01:40:31.751+0000] {processor.py:153} INFO - Started process (PID=429) to work on /home/airflow/.local/lib/python3.7/site-packages/airflow/example_dags/example_skip_dag.py
[2024-09-09T01:40:31.752+0000] {processor.py:743} INFO - Processing file /home/airflow/.local/lib/python3.7/site-packages/airflow/example_dags/example_skip_dag.py for tasks to queue
[2024-09-09T01:40:31.753+0000] {logging_mixin.py:137} INFO - [2024-09-09T01:40:31.753+0000] {dagbag.py:538} INFO - Filling up the DagBag from /home/airflow/.local/lib/python3.7/site-packages/airflow/example_dags/example_skip_dag.py
[2024-09-09T01:40:31.764+0000] {processor.py:753} INFO - DAG(s) dict_keys(['example_skip_dag']) retrieved from /home/airflow/.local/lib/python3.7/site-packages/airflow/example_dags/example_skip_dag.py
[2024-09-09T01:40:31.796+0000] {logging_mixin.py:137} INFO - [2024-09-09T01:40:31.795+0000] {dag.py:2676} INFO - Sync 1 DAGs
[2024-09-09T01:40:31.816+0000] {logging_mixin.py:137} INFO - [2024-09-09T01:40:31.816+0000] {dag.py:3427} INFO - Setting next_dagrun for example_skip_dag to 2024-09-08T01:40:31.815906+00:00, run_after=2024-09-09T01:40:31.815906+00:00
[2024-09-09T01:40:31.835+0000] {processor.py:175} INFO - Processing /home/airflow/.local/lib/python3.7/site-packages/airflow/example_dags/example_skip_dag.py took 0.086 seconds
[2024-09-09T01:41:01.933+0000] {processor.py:153} INFO - Started process (PID=552) to work on /home/airflow/.local/lib/python3.7/site-packages/airflow/example_dags/example_skip_dag.py
[2024-09-09T01:41:01.933+0000] {processor.py:743} INFO - Processing file /home/airflow/.local/lib/python3.7/site-packages/airflow/example_dags/example_skip_dag.py for tasks to queue
[2024-09-09T01:41:01.934+0000] {logging_mixin.py:137} INFO - [2024-09-09T01:41:01.934+0000] {dagbag.py:538} INFO - Filling up the DagBag from /home/airflow/.local/lib/python3.7/site-packages/airflow/example_dags/example_skip_dag.py
[2024-09-09T01:41:01.944+0000] {processor.py:753} INFO - DAG(s) dict_keys(['example_skip_dag']) retrieved from /home/airflow/.local/lib/python3.7/site-packages/airflow/example_dags/example_skip_dag.py
[2024-09-09T01:41:01.970+0000] {logging_mixin.py:137} INFO - [2024-09-09T01:41:01.970+0000] {dag.py:2676} INFO - Sync 1 DAGs
[2024-09-09T01:41:01.987+0000] {logging_mixin.py:137} INFO - [2024-09-09T01:41:01.987+0000] {dag.py:3427} INFO - Setting next_dagrun for example_skip_dag to 2024-09-08T01:41:01.987234+00:00, run_after=2024-09-09T01:41:01.987234+00:00
[2024-09-09T01:41:02.004+0000] {processor.py:175} INFO - Processing /home/airflow/.local/lib/python3.7/site-packages/airflow/example_dags/example_skip_dag.py took 0.073 seconds
[2024-09-09T01:41:32.588+0000] {processor.py:153} INFO - Started process (PID=649) to work on /home/airflow/.local/lib/python3.7/site-packages/airflow/example_dags/example_skip_dag.py
[2024-09-09T01:41:32.589+0000] {processor.py:743} INFO - Processing file /home/airflow/.local/lib/python3.7/site-packages/airflow/example_dags/example_skip_dag.py for tasks to queue
[2024-09-09T01:41:32.589+0000] {logging_mixin.py:137} INFO - [2024-09-09T01:41:32.589+0000] {dagbag.py:538} INFO - Filling up the DagBag from /home/airflow/.local/lib/python3.7/site-packages/airflow/example_dags/example_skip_dag.py
[2024-09-09T01:41:32.602+0000] {processor.py:753} INFO - DAG(s) dict_keys(['example_skip_dag']) retrieved from /home/airflow/.local/lib/python3.7/site-packages/airflow/example_dags/example_skip_dag.py
[2024-09-09T01:41:32.638+0000] {logging_mixin.py:137} INFO - [2024-09-09T01:41:32.638+0000] {dag.py:2676} INFO - Sync 1 DAGs
[2024-09-09T01:41:32.665+0000] {logging_mixin.py:137} INFO - [2024-09-09T01:41:32.664+0000] {dag.py:3427} INFO - Setting next_dagrun for example_skip_dag to 2024-09-08T01:41:32.664575+00:00, run_after=2024-09-09T01:41:32.664575+00:00
[2024-09-09T01:41:32.688+0000] {processor.py:175} INFO - Processing /home/airflow/.local/lib/python3.7/site-packages/airflow/example_dags/example_skip_dag.py took 0.103 seconds
[2024-09-09T01:42:03.158+0000] {processor.py:153} INFO - Started process (PID=773) to work on /home/airflow/.local/lib/python3.7/site-packages/airflow/example_dags/example_skip_dag.py
[2024-09-09T01:42:03.159+0000] {processor.py:743} INFO - Processing file /home/airflow/.local/lib/python3.7/site-packages/airflow/example_dags/example_skip_dag.py for tasks to queue
[2024-09-09T01:42:03.159+0000] {logging_mixin.py:137} INFO - [2024-09-09T01:42:03.159+0000] {dagbag.py:538} INFO - Filling up the DagBag from /home/airflow/.local/lib/python3.7/site-packages/airflow/example_dags/example_skip_dag.py
[2024-09-09T01:42:03.170+0000] {processor.py:753} INFO - DAG(s) dict_keys(['example_skip_dag']) retrieved from /home/airflow/.local/lib/python3.7/site-packages/airflow/example_dags/example_skip_dag.py
[2024-09-09T01:42:03.196+0000] {logging_mixin.py:137} INFO - [2024-09-09T01:42:03.196+0000] {dag.py:2676} INFO - Sync 1 DAGs
[2024-09-09T01:42:03.215+0000] {logging_mixin.py:137} INFO - [2024-09-09T01:42:03.215+0000] {dag.py:3427} INFO - Setting next_dagrun for example_skip_dag to 2024-09-08T01:42:03.215364+00:00, run_after=2024-09-09T01:42:03.215364+00:00
[2024-09-09T01:42:03.232+0000] {processor.py:175} INFO - Processing /home/airflow/.local/lib/python3.7/site-packages/airflow/example_dags/example_skip_dag.py took 0.077 seconds
[2024-09-09T01:42:33.358+0000] {processor.py:153} INFO - Started process (PID=869) to work on /home/airflow/.local/lib/python3.7/site-packages/airflow/example_dags/example_skip_dag.py
[2024-09-09T01:42:33.359+0000] {processor.py:743} INFO - Processing file /home/airflow/.local/lib/python3.7/site-packages/airflow/example_dags/example_skip_dag.py for tasks to queue
[2024-09-09T01:42:33.359+0000] {logging_mixin.py:137} INFO - [2024-09-09T01:42:33.359+0000] {dagbag.py:538} INFO - Filling up the DagBag from /home/airflow/.local/lib/python3.7/site-packages/airflow/example_dags/example_skip_dag.py
[2024-09-09T01:42:33.369+0000] {processor.py:753} INFO - DAG(s) dict_keys(['example_skip_dag']) retrieved from /home/airflow/.local/lib/python3.7/site-packages/airflow/example_dags/example_skip_dag.py
[2024-09-09T01:42:33.403+0000] {logging_mixin.py:137} INFO - [2024-09-09T01:42:33.403+0000] {dag.py:2676} INFO - Sync 1 DAGs
[2024-09-09T01:42:33.425+0000] {logging_mixin.py:137} INFO - [2024-09-09T01:42:33.424+0000] {dag.py:3427} INFO - Setting next_dagrun for example_skip_dag to 2024-09-08T01:42:33.424741+00:00, run_after=2024-09-09T01:42:33.424741+00:00
[2024-09-09T01:42:33.441+0000] {processor.py:175} INFO - Processing /home/airflow/.local/lib/python3.7/site-packages/airflow/example_dags/example_skip_dag.py took 0.085 seconds
[2024-09-09T01:43:04.109+0000] {processor.py:153} INFO - Started process (PID=993) to work on /home/airflow/.local/lib/python3.7/site-packages/airflow/example_dags/example_skip_dag.py
[2024-09-09T01:43:04.110+0000] {processor.py:743} INFO - Processing file /home/airflow/.local/lib/python3.7/site-packages/airflow/example_dags/example_skip_dag.py for tasks to queue
[2024-09-09T01:43:04.111+0000] {logging_mixin.py:137} INFO - [2024-09-09T01:43:04.111+0000] {dagbag.py:538} INFO - Filling up the DagBag from /home/airflow/.local/lib/python3.7/site-packages/airflow/example_dags/example_skip_dag.py
[2024-09-09T01:43:04.122+0000] {processor.py:753} INFO - DAG(s) dict_keys(['example_skip_dag']) retrieved from /home/airflow/.local/lib/python3.7/site-packages/airflow/example_dags/example_skip_dag.py
[2024-09-09T01:43:04.153+0000] {logging_mixin.py:137} INFO - [2024-09-09T01:43:04.153+0000] {dag.py:2676} INFO - Sync 1 DAGs
[2024-09-09T01:43:04.174+0000] {logging_mixin.py:137} INFO - [2024-09-09T01:43:04.174+0000] {dag.py:3427} INFO - Setting next_dagrun for example_skip_dag to 2024-09-08T01:43:04.174277+00:00, run_after=2024-09-09T01:43:04.174277+00:00
[2024-09-09T01:43:04.194+0000] {processor.py:175} INFO - Processing /home/airflow/.local/lib/python3.7/site-packages/airflow/example_dags/example_skip_dag.py took 0.087 seconds
[2024-09-09T01:43:34.866+0000] {processor.py:153} INFO - Started process (PID=1117) to work on /home/airflow/.local/lib/python3.7/site-packages/airflow/example_dags/example_skip_dag.py
[2024-09-09T01:43:34.867+0000] {processor.py:743} INFO - Processing file /home/airflow/.local/lib/python3.7/site-packages/airflow/example_dags/example_skip_dag.py for tasks to queue
[2024-09-09T01:43:34.868+0000] {logging_mixin.py:137} INFO - [2024-09-09T01:43:34.868+0000] {dagbag.py:538} INFO - Filling up the DagBag from /home/airflow/.local/lib/python3.7/site-packages/airflow/example_dags/example_skip_dag.py
[2024-09-09T01:43:34.880+0000] {processor.py:753} INFO - DAG(s) dict_keys(['example_skip_dag']) retrieved from /home/airflow/.local/lib/python3.7/site-packages/airflow/example_dags/example_skip_dag.py
[2024-09-09T01:43:34.909+0000] {logging_mixin.py:137} INFO - [2024-09-09T01:43:34.909+0000] {dag.py:2676} INFO - Sync 1 DAGs
[2024-09-09T01:43:34.931+0000] {logging_mixin.py:137} INFO - [2024-09-09T01:43:34.931+0000] {dag.py:3427} INFO - Setting next_dagrun for example_skip_dag to 2024-09-08T01:43:34.931236+00:00, run_after=2024-09-09T01:43:34.931236+00:00
[2024-09-09T01:43:34.950+0000] {processor.py:175} INFO - Processing /home/airflow/.local/lib/python3.7/site-packages/airflow/example_dags/example_skip_dag.py took 0.087 seconds
[2024-09-09T01:44:05.243+0000] {processor.py:153} INFO - Started process (PID=1213) to work on /home/airflow/.local/lib/python3.7/site-packages/airflow/example_dags/example_skip_dag.py
[2024-09-09T01:44:05.244+0000] {processor.py:743} INFO - Processing file /home/airflow/.local/lib/python3.7/site-packages/airflow/example_dags/example_skip_dag.py for tasks to queue
[2024-09-09T01:44:05.245+0000] {logging_mixin.py:137} INFO - [2024-09-09T01:44:05.245+0000] {dagbag.py:538} INFO - Filling up the DagBag from /home/airflow/.local/lib/python3.7/site-packages/airflow/example_dags/example_skip_dag.py
[2024-09-09T01:44:05.254+0000] {processor.py:753} INFO - DAG(s) dict_keys(['example_skip_dag']) retrieved from /home/airflow/.local/lib/python3.7/site-packages/airflow/example_dags/example_skip_dag.py
[2024-09-09T01:44:05.281+0000] {logging_mixin.py:137} INFO - [2024-09-09T01:44:05.280+0000] {dag.py:2676} INFO - Sync 1 DAGs
[2024-09-09T01:44:05.299+0000] {logging_mixin.py:137} INFO - [2024-09-09T01:44:05.299+0000] {dag.py:3427} INFO - Setting next_dagrun for example_skip_dag to 2024-09-08T01:44:05.299503+00:00, run_after=2024-09-09T01:44:05.299503+00:00
[2024-09-09T01:44:05.317+0000] {processor.py:175} INFO - Processing /home/airflow/.local/lib/python3.7/site-packages/airflow/example_dags/example_skip_dag.py took 0.076 seconds
[2024-09-09T01:44:35.853+0000] {processor.py:153} INFO - Started process (PID=1337) to work on /home/airflow/.local/lib/python3.7/site-packages/airflow/example_dags/example_skip_dag.py
[2024-09-09T01:44:35.854+0000] {processor.py:743} INFO - Processing file /home/airflow/.local/lib/python3.7/site-packages/airflow/example_dags/example_skip_dag.py for tasks to queue
[2024-09-09T01:44:35.855+0000] {logging_mixin.py:137} INFO - [2024-09-09T01:44:35.855+0000] {dagbag.py:538} INFO - Filling up the DagBag from /home/airflow/.local/lib/python3.7/site-packages/airflow/example_dags/example_skip_dag.py
[2024-09-09T01:44:35.869+0000] {processor.py:753} INFO - DAG(s) dict_keys(['example_skip_dag']) retrieved from /home/airflow/.local/lib/python3.7/site-packages/airflow/example_dags/example_skip_dag.py
[2024-09-09T01:44:35.910+0000] {logging_mixin.py:137} INFO - [2024-09-09T01:44:35.910+0000] {dag.py:2676} INFO - Sync 1 DAGs
[2024-09-09T01:44:35.935+0000] {logging_mixin.py:137} INFO - [2024-09-09T01:44:35.935+0000] {dag.py:3427} INFO - Setting next_dagrun for example_skip_dag to 2024-09-08T01:44:35.935018+00:00, run_after=2024-09-09T01:44:35.935018+00:00
[2024-09-09T01:44:35.960+0000] {processor.py:175} INFO - Processing /home/airflow/.local/lib/python3.7/site-packages/airflow/example_dags/example_skip_dag.py took 0.110 seconds
[2024-09-09T01:45:06.961+0000] {processor.py:153} INFO - Started process (PID=1433) to work on /home/airflow/.local/lib/python3.7/site-packages/airflow/example_dags/example_skip_dag.py
[2024-09-09T01:45:06.969+0000] {processor.py:743} INFO - Processing file /home/airflow/.local/lib/python3.7/site-packages/airflow/example_dags/example_skip_dag.py for tasks to queue
[2024-09-09T01:45:06.969+0000] {logging_mixin.py:137} INFO - [2024-09-09T01:45:06.969+0000] {dagbag.py:538} INFO - Filling up the DagBag from /home/airflow/.local/lib/python3.7/site-packages/airflow/example_dags/example_skip_dag.py
[2024-09-09T01:45:06.979+0000] {processor.py:753} INFO - DAG(s) dict_keys(['example_skip_dag']) retrieved from /home/airflow/.local/lib/python3.7/site-packages/airflow/example_dags/example_skip_dag.py
[2024-09-09T01:45:07.006+0000] {logging_mixin.py:137} INFO - [2024-09-09T01:45:07.006+0000] {dag.py:2676} INFO - Sync 1 DAGs
[2024-09-09T01:45:07.025+0000] {logging_mixin.py:137} INFO - [2024-09-09T01:45:07.025+0000] {dag.py:3427} INFO - Setting next_dagrun for example_skip_dag to 2024-09-08T01:45:07.024698+00:00, run_after=2024-09-09T01:45:07.024698+00:00
[2024-09-09T01:45:07.044+0000] {processor.py:175} INFO - Processing /home/airflow/.local/lib/python3.7/site-packages/airflow/example_dags/example_skip_dag.py took 0.086 seconds
[2024-09-09T01:45:37.151+0000] {processor.py:153} INFO - Started process (PID=1558) to work on /home/airflow/.local/lib/python3.7/site-packages/airflow/example_dags/example_skip_dag.py
[2024-09-09T01:45:37.152+0000] {processor.py:743} INFO - Processing file /home/airflow/.local/lib/python3.7/site-packages/airflow/example_dags/example_skip_dag.py for tasks to queue
[2024-09-09T01:45:37.152+0000] {logging_mixin.py:137} INFO - [2024-09-09T01:45:37.152+0000] {dagbag.py:538} INFO - Filling up the DagBag from /home/airflow/.local/lib/python3.7/site-packages/airflow/example_dags/example_skip_dag.py
[2024-09-09T01:45:37.161+0000] {processor.py:753} INFO - DAG(s) dict_keys(['example_skip_dag']) retrieved from /home/airflow/.local/lib/python3.7/site-packages/airflow/example_dags/example_skip_dag.py
[2024-09-09T01:45:37.188+0000] {logging_mixin.py:137} INFO - [2024-09-09T01:45:37.187+0000] {dag.py:2676} INFO - Sync 1 DAGs
[2024-09-09T01:45:37.206+0000] {logging_mixin.py:137} INFO - [2024-09-09T01:45:37.206+0000] {dag.py:3427} INFO - Setting next_dagrun for example_skip_dag to 2024-09-08T01:45:37.206591+00:00, run_after=2024-09-09T01:45:37.206591+00:00
[2024-09-09T01:45:37.225+0000] {processor.py:175} INFO - Processing /home/airflow/.local/lib/python3.7/site-packages/airflow/example_dags/example_skip_dag.py took 0.077 seconds
[2024-09-09T01:46:07.564+0000] {processor.py:153} INFO - Started process (PID=1661) to work on /home/airflow/.local/lib/python3.7/site-packages/airflow/example_dags/example_skip_dag.py
[2024-09-09T01:46:07.572+0000] {processor.py:743} INFO - Processing file /home/airflow/.local/lib/python3.7/site-packages/airflow/example_dags/example_skip_dag.py for tasks to queue
[2024-09-09T01:46:07.573+0000] {logging_mixin.py:137} INFO - [2024-09-09T01:46:07.573+0000] {dagbag.py:538} INFO - Filling up the DagBag from /home/airflow/.local/lib/python3.7/site-packages/airflow/example_dags/example_skip_dag.py
[2024-09-09T01:46:07.583+0000] {processor.py:753} INFO - DAG(s) dict_keys(['example_skip_dag']) retrieved from /home/airflow/.local/lib/python3.7/site-packages/airflow/example_dags/example_skip_dag.py
[2024-09-09T01:46:07.617+0000] {logging_mixin.py:137} INFO - [2024-09-09T01:46:07.617+0000] {dag.py:2676} INFO - Sync 1 DAGs
[2024-09-09T01:46:07.639+0000] {logging_mixin.py:137} INFO - [2024-09-09T01:46:07.639+0000] {dag.py:3427} INFO - Setting next_dagrun for example_skip_dag to 2024-09-08T01:46:07.639036+00:00, run_after=2024-09-09T01:46:07.639036+00:00
[2024-09-09T01:46:07.660+0000] {processor.py:175} INFO - Processing /home/airflow/.local/lib/python3.7/site-packages/airflow/example_dags/example_skip_dag.py took 0.098 seconds
[2024-09-09T01:46:37.904+0000] {processor.py:153} INFO - Started process (PID=1778) to work on /home/airflow/.local/lib/python3.7/site-packages/airflow/example_dags/example_skip_dag.py
[2024-09-09T01:46:37.905+0000] {processor.py:743} INFO - Processing file /home/airflow/.local/lib/python3.7/site-packages/airflow/example_dags/example_skip_dag.py for tasks to queue
[2024-09-09T01:46:37.905+0000] {logging_mixin.py:137} INFO - [2024-09-09T01:46:37.905+0000] {dagbag.py:538} INFO - Filling up the DagBag from /home/airflow/.local/lib/python3.7/site-packages/airflow/example_dags/example_skip_dag.py
[2024-09-09T01:46:37.914+0000] {processor.py:753} INFO - DAG(s) dict_keys(['example_skip_dag']) retrieved from /home/airflow/.local/lib/python3.7/site-packages/airflow/example_dags/example_skip_dag.py
[2024-09-09T01:46:37.941+0000] {logging_mixin.py:137} INFO - [2024-09-09T01:46:37.941+0000] {dag.py:2676} INFO - Sync 1 DAGs
[2024-09-09T01:46:37.958+0000] {logging_mixin.py:137} INFO - [2024-09-09T01:46:37.958+0000] {dag.py:3427} INFO - Setting next_dagrun for example_skip_dag to 2024-09-08T01:46:37.958643+00:00, run_after=2024-09-09T01:46:37.958643+00:00
[2024-09-09T01:46:37.977+0000] {processor.py:175} INFO - Processing /home/airflow/.local/lib/python3.7/site-packages/airflow/example_dags/example_skip_dag.py took 0.075 seconds
[2024-09-09T01:47:08.660+0000] {processor.py:153} INFO - Started process (PID=1902) to work on /home/airflow/.local/lib/python3.7/site-packages/airflow/example_dags/example_skip_dag.py
[2024-09-09T01:47:08.661+0000] {processor.py:743} INFO - Processing file /home/airflow/.local/lib/python3.7/site-packages/airflow/example_dags/example_skip_dag.py for tasks to queue
[2024-09-09T01:47:08.662+0000] {logging_mixin.py:137} INFO - [2024-09-09T01:47:08.662+0000] {dagbag.py:538} INFO - Filling up the DagBag from /home/airflow/.local/lib/python3.7/site-packages/airflow/example_dags/example_skip_dag.py
[2024-09-09T01:47:08.673+0000] {processor.py:753} INFO - DAG(s) dict_keys(['example_skip_dag']) retrieved from /home/airflow/.local/lib/python3.7/site-packages/airflow/example_dags/example_skip_dag.py
[2024-09-09T01:47:08.704+0000] {logging_mixin.py:137} INFO - [2024-09-09T01:47:08.704+0000] {dag.py:2676} INFO - Sync 1 DAGs
[2024-09-09T01:47:08.726+0000] {logging_mixin.py:137} INFO - [2024-09-09T01:47:08.726+0000] {dag.py:3427} INFO - Setting next_dagrun for example_skip_dag to 2024-09-08T01:47:08.726036+00:00, run_after=2024-09-09T01:47:08.726036+00:00
[2024-09-09T01:47:08.745+0000] {processor.py:175} INFO - Processing /home/airflow/.local/lib/python3.7/site-packages/airflow/example_dags/example_skip_dag.py took 0.087 seconds
[2024-09-09T01:47:39.052+0000] {processor.py:153} INFO - Started process (PID=1998) to work on /home/airflow/.local/lib/python3.7/site-packages/airflow/example_dags/example_skip_dag.py
[2024-09-09T01:47:39.053+0000] {processor.py:743} INFO - Processing file /home/airflow/.local/lib/python3.7/site-packages/airflow/example_dags/example_skip_dag.py for tasks to queue
[2024-09-09T01:47:39.053+0000] {logging_mixin.py:137} INFO - [2024-09-09T01:47:39.053+0000] {dagbag.py:538} INFO - Filling up the DagBag from /home/airflow/.local/lib/python3.7/site-packages/airflow/example_dags/example_skip_dag.py
[2024-09-09T01:47:39.063+0000] {processor.py:753} INFO - DAG(s) dict_keys(['example_skip_dag']) retrieved from /home/airflow/.local/lib/python3.7/site-packages/airflow/example_dags/example_skip_dag.py
[2024-09-09T01:47:39.089+0000] {logging_mixin.py:137} INFO - [2024-09-09T01:47:39.088+0000] {dag.py:2676} INFO - Sync 1 DAGs
[2024-09-09T01:47:39.107+0000] {logging_mixin.py:137} INFO - [2024-09-09T01:47:39.107+0000] {dag.py:3427} INFO - Setting next_dagrun for example_skip_dag to 2024-09-08T01:47:39.107004+00:00, run_after=2024-09-09T01:47:39.107004+00:00
[2024-09-09T01:47:39.124+0000] {processor.py:175} INFO - Processing /home/airflow/.local/lib/python3.7/site-packages/airflow/example_dags/example_skip_dag.py took 0.074 seconds
[2024-09-09T01:48:09.453+0000] {processor.py:153} INFO - Started process (PID=2122) to work on /home/airflow/.local/lib/python3.7/site-packages/airflow/example_dags/example_skip_dag.py
[2024-09-09T01:48:09.454+0000] {processor.py:743} INFO - Processing file /home/airflow/.local/lib/python3.7/site-packages/airflow/example_dags/example_skip_dag.py for tasks to queue
[2024-09-09T01:48:09.454+0000] {logging_mixin.py:137} INFO - [2024-09-09T01:48:09.454+0000] {dagbag.py:538} INFO - Filling up the DagBag from /home/airflow/.local/lib/python3.7/site-packages/airflow/example_dags/example_skip_dag.py
[2024-09-09T01:48:09.463+0000] {processor.py:753} INFO - DAG(s) dict_keys(['example_skip_dag']) retrieved from /home/airflow/.local/lib/python3.7/site-packages/airflow/example_dags/example_skip_dag.py
[2024-09-09T01:48:09.491+0000] {logging_mixin.py:137} INFO - [2024-09-09T01:48:09.491+0000] {dag.py:2676} INFO - Sync 1 DAGs
[2024-09-09T01:48:09.509+0000] {logging_mixin.py:137} INFO - [2024-09-09T01:48:09.508+0000] {dag.py:3427} INFO - Setting next_dagrun for example_skip_dag to 2024-09-08T01:48:09.508807+00:00, run_after=2024-09-09T01:48:09.508807+00:00
[2024-09-09T01:48:09.527+0000] {processor.py:175} INFO - Processing /home/airflow/.local/lib/python3.7/site-packages/airflow/example_dags/example_skip_dag.py took 0.076 seconds
[2024-09-09T01:48:39.863+0000] {processor.py:153} INFO - Started process (PID=2218) to work on /home/airflow/.local/lib/python3.7/site-packages/airflow/example_dags/example_skip_dag.py
[2024-09-09T01:48:39.871+0000] {processor.py:743} INFO - Processing file /home/airflow/.local/lib/python3.7/site-packages/airflow/example_dags/example_skip_dag.py for tasks to queue
[2024-09-09T01:48:39.872+0000] {logging_mixin.py:137} INFO - [2024-09-09T01:48:39.872+0000] {dagbag.py:538} INFO - Filling up the DagBag from /home/airflow/.local/lib/python3.7/site-packages/airflow/example_dags/example_skip_dag.py
[2024-09-09T01:48:39.882+0000] {processor.py:753} INFO - DAG(s) dict_keys(['example_skip_dag']) retrieved from /home/airflow/.local/lib/python3.7/site-packages/airflow/example_dags/example_skip_dag.py
[2024-09-09T01:48:39.928+0000] {logging_mixin.py:137} INFO - [2024-09-09T01:48:39.928+0000] {dag.py:2676} INFO - Sync 1 DAGs
[2024-09-09T01:48:39.971+0000] {logging_mixin.py:137} INFO - [2024-09-09T01:48:39.971+0000] {dag.py:3427} INFO - Setting next_dagrun for example_skip_dag to 2024-09-08T01:48:39.970995+00:00, run_after=2024-09-09T01:48:39.970995+00:00
[2024-09-09T01:48:40.013+0000] {processor.py:175} INFO - Processing /home/airflow/.local/lib/python3.7/site-packages/airflow/example_dags/example_skip_dag.py took 0.152 seconds
[2024-09-09T01:49:10.384+0000] {processor.py:153} INFO - Started process (PID=2342) to work on /home/airflow/.local/lib/python3.7/site-packages/airflow/example_dags/example_skip_dag.py
[2024-09-09T01:49:10.385+0000] {processor.py:743} INFO - Processing file /home/airflow/.local/lib/python3.7/site-packages/airflow/example_dags/example_skip_dag.py for tasks to queue
[2024-09-09T01:49:10.385+0000] {logging_mixin.py:137} INFO - [2024-09-09T01:49:10.385+0000] {dagbag.py:538} INFO - Filling up the DagBag from /home/airflow/.local/lib/python3.7/site-packages/airflow/example_dags/example_skip_dag.py
[2024-09-09T01:49:10.396+0000] {processor.py:753} INFO - DAG(s) dict_keys(['example_skip_dag']) retrieved from /home/airflow/.local/lib/python3.7/site-packages/airflow/example_dags/example_skip_dag.py
[2024-09-09T01:49:10.425+0000] {logging_mixin.py:137} INFO - [2024-09-09T01:49:10.425+0000] {dag.py:2676} INFO - Sync 1 DAGs
[2024-09-09T01:49:10.448+0000] {logging_mixin.py:137} INFO - [2024-09-09T01:49:10.448+0000] {dag.py:3427} INFO - Setting next_dagrun for example_skip_dag to 2024-09-08T01:49:10.448037+00:00, run_after=2024-09-09T01:49:10.448037+00:00
[2024-09-09T01:49:10.466+0000] {processor.py:175} INFO - Processing /home/airflow/.local/lib/python3.7/site-packages/airflow/example_dags/example_skip_dag.py took 0.085 seconds
[2024-09-09T01:49:40.521+0000] {processor.py:153} INFO - Started process (PID=2466) to work on /home/airflow/.local/lib/python3.7/site-packages/airflow/example_dags/example_skip_dag.py
[2024-09-09T01:49:40.522+0000] {processor.py:743} INFO - Processing file /home/airflow/.local/lib/python3.7/site-packages/airflow/example_dags/example_skip_dag.py for tasks to queue
[2024-09-09T01:49:40.522+0000] {logging_mixin.py:137} INFO - [2024-09-09T01:49:40.522+0000] {dagbag.py:538} INFO - Filling up the DagBag from /home/airflow/.local/lib/python3.7/site-packages/airflow/example_dags/example_skip_dag.py
[2024-09-09T01:49:40.533+0000] {processor.py:753} INFO - DAG(s) dict_keys(['example_skip_dag']) retrieved from /home/airflow/.local/lib/python3.7/site-packages/airflow/example_dags/example_skip_dag.py
[2024-09-09T01:49:40.561+0000] {logging_mixin.py:137} INFO - [2024-09-09T01:49:40.561+0000] {dag.py:2676} INFO - Sync 1 DAGs
[2024-09-09T01:49:40.581+0000] {logging_mixin.py:137} INFO - [2024-09-09T01:49:40.581+0000] {dag.py:3427} INFO - Setting next_dagrun for example_skip_dag to 2024-09-08T01:49:40.581402+00:00, run_after=2024-09-09T01:49:40.581402+00:00
[2024-09-09T01:49:40.601+0000] {processor.py:175} INFO - Processing /home/airflow/.local/lib/python3.7/site-packages/airflow/example_dags/example_skip_dag.py took 0.082 seconds
[2024-09-09T01:50:10.777+0000] {processor.py:153} INFO - Started process (PID=2562) to work on /home/airflow/.local/lib/python3.7/site-packages/airflow/example_dags/example_skip_dag.py
[2024-09-09T01:50:10.778+0000] {processor.py:743} INFO - Processing file /home/airflow/.local/lib/python3.7/site-packages/airflow/example_dags/example_skip_dag.py for tasks to queue
[2024-09-09T01:50:10.778+0000] {logging_mixin.py:137} INFO - [2024-09-09T01:50:10.778+0000] {dagbag.py:538} INFO - Filling up the DagBag from /home/airflow/.local/lib/python3.7/site-packages/airflow/example_dags/example_skip_dag.py
[2024-09-09T01:50:10.788+0000] {processor.py:753} INFO - DAG(s) dict_keys(['example_skip_dag']) retrieved from /home/airflow/.local/lib/python3.7/site-packages/airflow/example_dags/example_skip_dag.py
[2024-09-09T01:50:10.816+0000] {logging_mixin.py:137} INFO - [2024-09-09T01:50:10.815+0000] {dag.py:2676} INFO - Sync 1 DAGs
[2024-09-09T01:50:10.833+0000] {logging_mixin.py:137} INFO - [2024-09-09T01:50:10.833+0000] {dag.py:3427} INFO - Setting next_dagrun for example_skip_dag to 2024-09-08T01:50:10.832988+00:00, run_after=2024-09-09T01:50:10.832988+00:00
[2024-09-09T01:50:10.854+0000] {processor.py:175} INFO - Processing /home/airflow/.local/lib/python3.7/site-packages/airflow/example_dags/example_skip_dag.py took 0.080 seconds
[2024-09-09T01:50:41.131+0000] {processor.py:153} INFO - Started process (PID=2685) to work on /home/airflow/.local/lib/python3.7/site-packages/airflow/example_dags/example_skip_dag.py
[2024-09-09T01:50:41.137+0000] {processor.py:743} INFO - Processing file /home/airflow/.local/lib/python3.7/site-packages/airflow/example_dags/example_skip_dag.py for tasks to queue
[2024-09-09T01:50:41.138+0000] {logging_mixin.py:137} INFO - [2024-09-09T01:50:41.138+0000] {dagbag.py:538} INFO - Filling up the DagBag from /home/airflow/.local/lib/python3.7/site-packages/airflow/example_dags/example_skip_dag.py
[2024-09-09T01:50:41.148+0000] {processor.py:753} INFO - DAG(s) dict_keys(['example_skip_dag']) retrieved from /home/airflow/.local/lib/python3.7/site-packages/airflow/example_dags/example_skip_dag.py
[2024-09-09T01:50:41.174+0000] {logging_mixin.py:137} INFO - [2024-09-09T01:50:41.174+0000] {dag.py:2676} INFO - Sync 1 DAGs
[2024-09-09T01:50:41.193+0000] {logging_mixin.py:137} INFO - [2024-09-09T01:50:41.193+0000] {dag.py:3427} INFO - Setting next_dagrun for example_skip_dag to 2024-09-08T01:50:41.192932+00:00, run_after=2024-09-09T01:50:41.192932+00:00
[2024-09-09T01:50:41.209+0000] {processor.py:175} INFO - Processing /home/airflow/.local/lib/python3.7/site-packages/airflow/example_dags/example_skip_dag.py took 0.080 seconds
[2024-09-09T01:51:11.535+0000] {processor.py:153} INFO - Started process (PID=2781) to work on /home/airflow/.local/lib/python3.7/site-packages/airflow/example_dags/example_skip_dag.py
[2024-09-09T01:51:11.536+0000] {processor.py:743} INFO - Processing file /home/airflow/.local/lib/python3.7/site-packages/airflow/example_dags/example_skip_dag.py for tasks to queue
[2024-09-09T01:51:11.536+0000] {logging_mixin.py:137} INFO - [2024-09-09T01:51:11.536+0000] {dagbag.py:538} INFO - Filling up the DagBag from /home/airflow/.local/lib/python3.7/site-packages/airflow/example_dags/example_skip_dag.py
[2024-09-09T01:51:11.547+0000] {processor.py:753} INFO - DAG(s) dict_keys(['example_skip_dag']) retrieved from /home/airflow/.local/lib/python3.7/site-packages/airflow/example_dags/example_skip_dag.py
[2024-09-09T01:51:11.576+0000] {logging_mixin.py:137} INFO - [2024-09-09T01:51:11.575+0000] {dag.py:2676} INFO - Sync 1 DAGs
[2024-09-09T01:51:11.594+0000] {logging_mixin.py:137} INFO - [2024-09-09T01:51:11.594+0000] {dag.py:3427} INFO - Setting next_dagrun for example_skip_dag to 2024-09-08T01:51:11.594173+00:00, run_after=2024-09-09T01:51:11.594173+00:00
[2024-09-09T01:51:11.614+0000] {processor.py:175} INFO - Processing /home/airflow/.local/lib/python3.7/site-packages/airflow/example_dags/example_skip_dag.py took 0.082 seconds
