[2024-09-09T01:38:52.742+0000] {processor.py:153} INFO - Started process (PID=50) to work on /home/airflow/.local/lib/python3.7/site-packages/airflow/example_dags/example_short_circuit_operator.py
[2024-09-09T01:38:52.747+0000] {processor.py:743} INFO - Processing file /home/airflow/.local/lib/python3.7/site-packages/airflow/example_dags/example_short_circuit_operator.py for tasks to queue
[2024-09-09T01:38:52.750+0000] {logging_mixin.py:137} INFO - [2024-09-09T01:38:52.750+0000] {dagbag.py:538} INFO - Filling up the DagBag from /home/airflow/.local/lib/python3.7/site-packages/airflow/example_dags/example_short_circuit_operator.py
[2024-09-09T01:38:52.816+0000] {processor.py:753} INFO - DAG(s) dict_keys(['example_short_circuit_operator']) retrieved from /home/airflow/.local/lib/python3.7/site-packages/airflow/example_dags/example_short_circuit_operator.py
[2024-09-09T01:38:52.939+0000] {logging_mixin.py:137} INFO - [2024-09-09T01:38:52.939+0000] {dag.py:2676} INFO - Sync 1 DAGs
[2024-09-09T01:38:53.025+0000] {logging_mixin.py:137} INFO - [2024-09-09T01:38:53.024+0000] {dag.py:3427} INFO - Setting next_dagrun for example_short_circuit_operator to 2024-09-08T01:38:53.024036+00:00, run_after=2024-09-09T01:38:53.024036+00:00
[2024-09-09T01:38:53.064+0000] {processor.py:175} INFO - Processing /home/airflow/.local/lib/python3.7/site-packages/airflow/example_dags/example_short_circuit_operator.py took 0.336 seconds
[2024-09-09T01:39:23.317+0000] {processor.py:153} INFO - Started process (PID=173) to work on /home/airflow/.local/lib/python3.7/site-packages/airflow/example_dags/example_short_circuit_operator.py
[2024-09-09T01:39:23.320+0000] {processor.py:743} INFO - Processing file /home/airflow/.local/lib/python3.7/site-packages/airflow/example_dags/example_short_circuit_operator.py for tasks to queue
[2024-09-09T01:39:23.323+0000] {logging_mixin.py:137} INFO - [2024-09-09T01:39:23.322+0000] {dagbag.py:538} INFO - Filling up the DagBag from /home/airflow/.local/lib/python3.7/site-packages/airflow/example_dags/example_short_circuit_operator.py
[2024-09-09T01:39:23.414+0000] {processor.py:753} INFO - DAG(s) dict_keys(['example_short_circuit_operator']) retrieved from /home/airflow/.local/lib/python3.7/site-packages/airflow/example_dags/example_short_circuit_operator.py
[2024-09-09T01:39:23.521+0000] {logging_mixin.py:137} INFO - [2024-09-09T01:39:23.520+0000] {dag.py:2676} INFO - Sync 1 DAGs
[2024-09-09T01:39:23.559+0000] {logging_mixin.py:137} INFO - [2024-09-09T01:39:23.558+0000] {dag.py:3427} INFO - Setting next_dagrun for example_short_circuit_operator to 2024-09-08T01:39:23.558666+00:00, run_after=2024-09-09T01:39:23.558666+00:00
[2024-09-09T01:39:23.585+0000] {processor.py:175} INFO - Processing /home/airflow/.local/lib/python3.7/site-packages/airflow/example_dags/example_short_circuit_operator.py took 0.281 seconds
[2024-09-09T01:39:54.085+0000] {processor.py:153} INFO - Started process (PID=269) to work on /home/airflow/.local/lib/python3.7/site-packages/airflow/example_dags/example_short_circuit_operator.py
[2024-09-09T01:39:54.096+0000] {processor.py:743} INFO - Processing file /home/airflow/.local/lib/python3.7/site-packages/airflow/example_dags/example_short_circuit_operator.py for tasks to queue
[2024-09-09T01:39:54.097+0000] {logging_mixin.py:137} INFO - [2024-09-09T01:39:54.097+0000] {dagbag.py:538} INFO - Filling up the DagBag from /home/airflow/.local/lib/python3.7/site-packages/airflow/example_dags/example_short_circuit_operator.py
[2024-09-09T01:39:54.114+0000] {processor.py:753} INFO - DAG(s) dict_keys(['example_short_circuit_operator']) retrieved from /home/airflow/.local/lib/python3.7/site-packages/airflow/example_dags/example_short_circuit_operator.py
[2024-09-09T01:39:54.146+0000] {logging_mixin.py:137} INFO - [2024-09-09T01:39:54.146+0000] {dag.py:2676} INFO - Sync 1 DAGs
[2024-09-09T01:39:54.167+0000] {logging_mixin.py:137} INFO - [2024-09-09T01:39:54.167+0000] {dag.py:3427} INFO - Setting next_dagrun for example_short_circuit_operator to 2024-09-08T01:39:54.167018+00:00, run_after=2024-09-09T01:39:54.167018+00:00
[2024-09-09T01:39:54.186+0000] {processor.py:175} INFO - Processing /home/airflow/.local/lib/python3.7/site-packages/airflow/example_dags/example_short_circuit_operator.py took 0.103 seconds
[2024-09-09T01:40:24.888+0000] {processor.py:153} INFO - Started process (PID=393) to work on /home/airflow/.local/lib/python3.7/site-packages/airflow/example_dags/example_short_circuit_operator.py
[2024-09-09T01:40:24.889+0000] {processor.py:743} INFO - Processing file /home/airflow/.local/lib/python3.7/site-packages/airflow/example_dags/example_short_circuit_operator.py for tasks to queue
[2024-09-09T01:40:24.889+0000] {logging_mixin.py:137} INFO - [2024-09-09T01:40:24.889+0000] {dagbag.py:538} INFO - Filling up the DagBag from /home/airflow/.local/lib/python3.7/site-packages/airflow/example_dags/example_short_circuit_operator.py
[2024-09-09T01:40:24.903+0000] {processor.py:753} INFO - DAG(s) dict_keys(['example_short_circuit_operator']) retrieved from /home/airflow/.local/lib/python3.7/site-packages/airflow/example_dags/example_short_circuit_operator.py
[2024-09-09T01:40:24.935+0000] {logging_mixin.py:137} INFO - [2024-09-09T01:40:24.935+0000] {dag.py:2676} INFO - Sync 1 DAGs
[2024-09-09T01:40:24.953+0000] {logging_mixin.py:137} INFO - [2024-09-09T01:40:24.953+0000] {dag.py:3427} INFO - Setting next_dagrun for example_short_circuit_operator to 2024-09-08T01:40:24.953405+00:00, run_after=2024-09-09T01:40:24.953405+00:00
[2024-09-09T01:40:24.972+0000] {processor.py:175} INFO - Processing /home/airflow/.local/lib/python3.7/site-packages/airflow/example_dags/example_short_circuit_operator.py took 0.086 seconds
[2024-09-09T01:40:55.106+0000] {processor.py:153} INFO - Started process (PID=489) to work on /home/airflow/.local/lib/python3.7/site-packages/airflow/example_dags/example_short_circuit_operator.py
[2024-09-09T01:40:55.108+0000] {processor.py:743} INFO - Processing file /home/airflow/.local/lib/python3.7/site-packages/airflow/example_dags/example_short_circuit_operator.py for tasks to queue
[2024-09-09T01:40:55.109+0000] {logging_mixin.py:137} INFO - [2024-09-09T01:40:55.109+0000] {dagbag.py:538} INFO - Filling up the DagBag from /home/airflow/.local/lib/python3.7/site-packages/airflow/example_dags/example_short_circuit_operator.py
[2024-09-09T01:40:55.122+0000] {processor.py:753} INFO - DAG(s) dict_keys(['example_short_circuit_operator']) retrieved from /home/airflow/.local/lib/python3.7/site-packages/airflow/example_dags/example_short_circuit_operator.py
[2024-09-09T01:40:55.150+0000] {logging_mixin.py:137} INFO - [2024-09-09T01:40:55.149+0000] {dag.py:2676} INFO - Sync 1 DAGs
[2024-09-09T01:40:55.167+0000] {logging_mixin.py:137} INFO - [2024-09-09T01:40:55.167+0000] {dag.py:3427} INFO - Setting next_dagrun for example_short_circuit_operator to 2024-09-08T01:40:55.167662+00:00, run_after=2024-09-09T01:40:55.167662+00:00
[2024-09-09T01:40:55.185+0000] {processor.py:175} INFO - Processing /home/airflow/.local/lib/python3.7/site-packages/airflow/example_dags/example_short_circuit_operator.py took 0.081 seconds
[2024-09-09T01:41:25.225+0000] {processor.py:153} INFO - Started process (PID=613) to work on /home/airflow/.local/lib/python3.7/site-packages/airflow/example_dags/example_short_circuit_operator.py
[2024-09-09T01:41:25.236+0000] {processor.py:743} INFO - Processing file /home/airflow/.local/lib/python3.7/site-packages/airflow/example_dags/example_short_circuit_operator.py for tasks to queue
[2024-09-09T01:41:25.236+0000] {logging_mixin.py:137} INFO - [2024-09-09T01:41:25.236+0000] {dagbag.py:538} INFO - Filling up the DagBag from /home/airflow/.local/lib/python3.7/site-packages/airflow/example_dags/example_short_circuit_operator.py
[2024-09-09T01:41:25.247+0000] {processor.py:753} INFO - DAG(s) dict_keys(['example_short_circuit_operator']) retrieved from /home/airflow/.local/lib/python3.7/site-packages/airflow/example_dags/example_short_circuit_operator.py
[2024-09-09T01:41:25.276+0000] {logging_mixin.py:137} INFO - [2024-09-09T01:41:25.275+0000] {dag.py:2676} INFO - Sync 1 DAGs
[2024-09-09T01:41:25.294+0000] {logging_mixin.py:137} INFO - [2024-09-09T01:41:25.294+0000] {dag.py:3427} INFO - Setting next_dagrun for example_short_circuit_operator to 2024-09-08T01:41:25.294011+00:00, run_after=2024-09-09T01:41:25.294011+00:00
[2024-09-09T01:41:25.311+0000] {processor.py:175} INFO - Processing /home/airflow/.local/lib/python3.7/site-packages/airflow/example_dags/example_short_circuit_operator.py took 0.089 seconds
[2024-09-09T01:41:55.978+0000] {processor.py:153} INFO - Started process (PID=709) to work on /home/airflow/.local/lib/python3.7/site-packages/airflow/example_dags/example_short_circuit_operator.py
[2024-09-09T01:41:55.982+0000] {processor.py:743} INFO - Processing file /home/airflow/.local/lib/python3.7/site-packages/airflow/example_dags/example_short_circuit_operator.py for tasks to queue
[2024-09-09T01:41:55.982+0000] {logging_mixin.py:137} INFO - [2024-09-09T01:41:55.982+0000] {dagbag.py:538} INFO - Filling up the DagBag from /home/airflow/.local/lib/python3.7/site-packages/airflow/example_dags/example_short_circuit_operator.py
[2024-09-09T01:41:55.999+0000] {processor.py:753} INFO - DAG(s) dict_keys(['example_short_circuit_operator']) retrieved from /home/airflow/.local/lib/python3.7/site-packages/airflow/example_dags/example_short_circuit_operator.py
[2024-09-09T01:41:56.031+0000] {logging_mixin.py:137} INFO - [2024-09-09T01:41:56.031+0000] {dag.py:2676} INFO - Sync 1 DAGs
[2024-09-09T01:41:56.050+0000] {logging_mixin.py:137} INFO - [2024-09-09T01:41:56.050+0000] {dag.py:3427} INFO - Setting next_dagrun for example_short_circuit_operator to 2024-09-08T01:41:56.050232+00:00, run_after=2024-09-09T01:41:56.050232+00:00
[2024-09-09T01:41:56.067+0000] {processor.py:175} INFO - Processing /home/airflow/.local/lib/python3.7/site-packages/airflow/example_dags/example_short_circuit_operator.py took 0.092 seconds
[2024-09-09T01:42:26.480+0000] {processor.py:153} INFO - Started process (PID=833) to work on /home/airflow/.local/lib/python3.7/site-packages/airflow/example_dags/example_short_circuit_operator.py
[2024-09-09T01:42:26.484+0000] {processor.py:743} INFO - Processing file /home/airflow/.local/lib/python3.7/site-packages/airflow/example_dags/example_short_circuit_operator.py for tasks to queue
[2024-09-09T01:42:26.485+0000] {logging_mixin.py:137} INFO - [2024-09-09T01:42:26.485+0000] {dagbag.py:538} INFO - Filling up the DagBag from /home/airflow/.local/lib/python3.7/site-packages/airflow/example_dags/example_short_circuit_operator.py
[2024-09-09T01:42:26.496+0000] {processor.py:753} INFO - DAG(s) dict_keys(['example_short_circuit_operator']) retrieved from /home/airflow/.local/lib/python3.7/site-packages/airflow/example_dags/example_short_circuit_operator.py
[2024-09-09T01:42:26.524+0000] {logging_mixin.py:137} INFO - [2024-09-09T01:42:26.524+0000] {dag.py:2676} INFO - Sync 1 DAGs
[2024-09-09T01:42:26.543+0000] {logging_mixin.py:137} INFO - [2024-09-09T01:42:26.542+0000] {dag.py:3427} INFO - Setting next_dagrun for example_short_circuit_operator to 2024-09-08T01:42:26.542733+00:00, run_after=2024-09-09T01:42:26.542733+00:00
[2024-09-09T01:42:26.561+0000] {processor.py:175} INFO - Processing /home/airflow/.local/lib/python3.7/site-packages/airflow/example_dags/example_short_circuit_operator.py took 0.084 seconds
[2024-09-09T01:42:56.700+0000] {processor.py:153} INFO - Started process (PID=929) to work on /home/airflow/.local/lib/python3.7/site-packages/airflow/example_dags/example_short_circuit_operator.py
[2024-09-09T01:42:56.711+0000] {processor.py:743} INFO - Processing file /home/airflow/.local/lib/python3.7/site-packages/airflow/example_dags/example_short_circuit_operator.py for tasks to queue
[2024-09-09T01:42:56.712+0000] {logging_mixin.py:137} INFO - [2024-09-09T01:42:56.712+0000] {dagbag.py:538} INFO - Filling up the DagBag from /home/airflow/.local/lib/python3.7/site-packages/airflow/example_dags/example_short_circuit_operator.py
[2024-09-09T01:42:56.724+0000] {processor.py:753} INFO - DAG(s) dict_keys(['example_short_circuit_operator']) retrieved from /home/airflow/.local/lib/python3.7/site-packages/airflow/example_dags/example_short_circuit_operator.py
[2024-09-09T01:42:56.754+0000] {logging_mixin.py:137} INFO - [2024-09-09T01:42:56.754+0000] {dag.py:2676} INFO - Sync 1 DAGs
[2024-09-09T01:42:56.774+0000] {logging_mixin.py:137} INFO - [2024-09-09T01:42:56.774+0000] {dag.py:3427} INFO - Setting next_dagrun for example_short_circuit_operator to 2024-09-08T01:42:56.774670+00:00, run_after=2024-09-09T01:42:56.774670+00:00
[2024-09-09T01:42:56.793+0000] {processor.py:175} INFO - Processing /home/airflow/.local/lib/python3.7/site-packages/airflow/example_dags/example_short_circuit_operator.py took 0.095 seconds
[2024-09-09T01:43:27.418+0000] {processor.py:153} INFO - Started process (PID=1053) to work on /home/airflow/.local/lib/python3.7/site-packages/airflow/example_dags/example_short_circuit_operator.py
[2024-09-09T01:43:27.429+0000] {processor.py:743} INFO - Processing file /home/airflow/.local/lib/python3.7/site-packages/airflow/example_dags/example_short_circuit_operator.py for tasks to queue
[2024-09-09T01:43:27.429+0000] {logging_mixin.py:137} INFO - [2024-09-09T01:43:27.429+0000] {dagbag.py:538} INFO - Filling up the DagBag from /home/airflow/.local/lib/python3.7/site-packages/airflow/example_dags/example_short_circuit_operator.py
[2024-09-09T01:43:27.440+0000] {processor.py:753} INFO - DAG(s) dict_keys(['example_short_circuit_operator']) retrieved from /home/airflow/.local/lib/python3.7/site-packages/airflow/example_dags/example_short_circuit_operator.py
[2024-09-09T01:43:27.470+0000] {logging_mixin.py:137} INFO - [2024-09-09T01:43:27.470+0000] {dag.py:2676} INFO - Sync 1 DAGs
[2024-09-09T01:43:27.489+0000] {logging_mixin.py:137} INFO - [2024-09-09T01:43:27.489+0000] {dag.py:3427} INFO - Setting next_dagrun for example_short_circuit_operator to 2024-09-08T01:43:27.489655+00:00, run_after=2024-09-09T01:43:27.489655+00:00
[2024-09-09T01:43:27.514+0000] {processor.py:175} INFO - Processing /home/airflow/.local/lib/python3.7/site-packages/airflow/example_dags/example_short_circuit_operator.py took 0.098 seconds
[2024-09-09T01:43:58.173+0000] {processor.py:153} INFO - Started process (PID=1158) to work on /home/airflow/.local/lib/python3.7/site-packages/airflow/example_dags/example_short_circuit_operator.py
[2024-09-09T01:43:58.174+0000] {processor.py:743} INFO - Processing file /home/airflow/.local/lib/python3.7/site-packages/airflow/example_dags/example_short_circuit_operator.py for tasks to queue
[2024-09-09T01:43:58.174+0000] {logging_mixin.py:137} INFO - [2024-09-09T01:43:58.174+0000] {dagbag.py:538} INFO - Filling up the DagBag from /home/airflow/.local/lib/python3.7/site-packages/airflow/example_dags/example_short_circuit_operator.py
[2024-09-09T01:43:58.189+0000] {processor.py:753} INFO - DAG(s) dict_keys(['example_short_circuit_operator']) retrieved from /home/airflow/.local/lib/python3.7/site-packages/airflow/example_dags/example_short_circuit_operator.py
[2024-09-09T01:43:58.242+0000] {logging_mixin.py:137} INFO - [2024-09-09T01:43:58.242+0000] {dag.py:2676} INFO - Sync 1 DAGs
[2024-09-09T01:43:58.277+0000] {logging_mixin.py:137} INFO - [2024-09-09T01:43:58.277+0000] {dag.py:3427} INFO - Setting next_dagrun for example_short_circuit_operator to 2024-09-08T01:43:58.276887+00:00, run_after=2024-09-09T01:43:58.276887+00:00
[2024-09-09T01:43:58.304+0000] {processor.py:175} INFO - Processing /home/airflow/.local/lib/python3.7/site-packages/airflow/example_dags/example_short_circuit_operator.py took 0.134 seconds
[2024-09-09T01:44:28.597+0000] {processor.py:153} INFO - Started process (PID=1273) to work on /home/airflow/.local/lib/python3.7/site-packages/airflow/example_dags/example_short_circuit_operator.py
[2024-09-09T01:44:28.612+0000] {processor.py:743} INFO - Processing file /home/airflow/.local/lib/python3.7/site-packages/airflow/example_dags/example_short_circuit_operator.py for tasks to queue
[2024-09-09T01:44:28.613+0000] {logging_mixin.py:137} INFO - [2024-09-09T01:44:28.613+0000] {dagbag.py:538} INFO - Filling up the DagBag from /home/airflow/.local/lib/python3.7/site-packages/airflow/example_dags/example_short_circuit_operator.py
[2024-09-09T01:44:28.624+0000] {processor.py:753} INFO - DAG(s) dict_keys(['example_short_circuit_operator']) retrieved from /home/airflow/.local/lib/python3.7/site-packages/airflow/example_dags/example_short_circuit_operator.py
[2024-09-09T01:44:28.650+0000] {logging_mixin.py:137} INFO - [2024-09-09T01:44:28.650+0000] {dag.py:2676} INFO - Sync 1 DAGs
[2024-09-09T01:44:28.668+0000] {logging_mixin.py:137} INFO - [2024-09-09T01:44:28.668+0000] {dag.py:3427} INFO - Setting next_dagrun for example_short_circuit_operator to 2024-09-08T01:44:28.668229+00:00, run_after=2024-09-09T01:44:28.668229+00:00
[2024-09-09T01:44:28.685+0000] {processor.py:175} INFO - Processing /home/airflow/.local/lib/python3.7/site-packages/airflow/example_dags/example_short_circuit_operator.py took 0.090 seconds
[2024-09-09T01:44:59.253+0000] {processor.py:153} INFO - Started process (PID=1397) to work on /home/airflow/.local/lib/python3.7/site-packages/airflow/example_dags/example_short_circuit_operator.py
[2024-09-09T01:44:59.263+0000] {processor.py:743} INFO - Processing file /home/airflow/.local/lib/python3.7/site-packages/airflow/example_dags/example_short_circuit_operator.py for tasks to queue
[2024-09-09T01:44:59.264+0000] {logging_mixin.py:137} INFO - [2024-09-09T01:44:59.264+0000] {dagbag.py:538} INFO - Filling up the DagBag from /home/airflow/.local/lib/python3.7/site-packages/airflow/example_dags/example_short_circuit_operator.py
[2024-09-09T01:44:59.275+0000] {processor.py:753} INFO - DAG(s) dict_keys(['example_short_circuit_operator']) retrieved from /home/airflow/.local/lib/python3.7/site-packages/airflow/example_dags/example_short_circuit_operator.py
[2024-09-09T01:44:59.304+0000] {logging_mixin.py:137} INFO - [2024-09-09T01:44:59.304+0000] {dag.py:2676} INFO - Sync 1 DAGs
[2024-09-09T01:44:59.323+0000] {logging_mixin.py:137} INFO - [2024-09-09T01:44:59.322+0000] {dag.py:3427} INFO - Setting next_dagrun for example_short_circuit_operator to 2024-09-08T01:44:59.322674+00:00, run_after=2024-09-09T01:44:59.322674+00:00
[2024-09-09T01:44:59.342+0000] {processor.py:175} INFO - Processing /home/airflow/.local/lib/python3.7/site-packages/airflow/example_dags/example_short_circuit_operator.py took 0.092 seconds
[2024-09-09T01:45:30.293+0000] {processor.py:153} INFO - Started process (PID=1494) to work on /home/airflow/.local/lib/python3.7/site-packages/airflow/example_dags/example_short_circuit_operator.py
[2024-09-09T01:45:30.305+0000] {processor.py:743} INFO - Processing file /home/airflow/.local/lib/python3.7/site-packages/airflow/example_dags/example_short_circuit_operator.py for tasks to queue
[2024-09-09T01:45:30.305+0000] {logging_mixin.py:137} INFO - [2024-09-09T01:45:30.305+0000] {dagbag.py:538} INFO - Filling up the DagBag from /home/airflow/.local/lib/python3.7/site-packages/airflow/example_dags/example_short_circuit_operator.py
[2024-09-09T01:45:30.319+0000] {processor.py:753} INFO - DAG(s) dict_keys(['example_short_circuit_operator']) retrieved from /home/airflow/.local/lib/python3.7/site-packages/airflow/example_dags/example_short_circuit_operator.py
[2024-09-09T01:45:30.346+0000] {logging_mixin.py:137} INFO - [2024-09-09T01:45:30.346+0000] {dag.py:2676} INFO - Sync 1 DAGs
[2024-09-09T01:45:30.365+0000] {logging_mixin.py:137} INFO - [2024-09-09T01:45:30.365+0000] {dag.py:3427} INFO - Setting next_dagrun for example_short_circuit_operator to 2024-09-08T01:45:30.365074+00:00, run_after=2024-09-09T01:45:30.365074+00:00
[2024-09-09T01:45:30.382+0000] {processor.py:175} INFO - Processing /home/airflow/.local/lib/python3.7/site-packages/airflow/example_dags/example_short_circuit_operator.py took 0.091 seconds
[2024-09-09T01:46:00.423+0000] {processor.py:153} INFO - Started process (PID=1618) to work on /home/airflow/.local/lib/python3.7/site-packages/airflow/example_dags/example_short_circuit_operator.py
[2024-09-09T01:46:00.424+0000] {processor.py:743} INFO - Processing file /home/airflow/.local/lib/python3.7/site-packages/airflow/example_dags/example_short_circuit_operator.py for tasks to queue
[2024-09-09T01:46:00.424+0000] {logging_mixin.py:137} INFO - [2024-09-09T01:46:00.424+0000] {dagbag.py:538} INFO - Filling up the DagBag from /home/airflow/.local/lib/python3.7/site-packages/airflow/example_dags/example_short_circuit_operator.py
[2024-09-09T01:46:00.436+0000] {processor.py:753} INFO - DAG(s) dict_keys(['example_short_circuit_operator']) retrieved from /home/airflow/.local/lib/python3.7/site-packages/airflow/example_dags/example_short_circuit_operator.py
[2024-09-09T01:46:00.463+0000] {logging_mixin.py:137} INFO - [2024-09-09T01:46:00.463+0000] {dag.py:2676} INFO - Sync 1 DAGs
[2024-09-09T01:46:00.481+0000] {logging_mixin.py:137} INFO - [2024-09-09T01:46:00.480+0000] {dag.py:3427} INFO - Setting next_dagrun for example_short_circuit_operator to 2024-09-08T01:46:00.480794+00:00, run_after=2024-09-09T01:46:00.480794+00:00
[2024-09-09T01:46:00.499+0000] {processor.py:175} INFO - Processing /home/airflow/.local/lib/python3.7/site-packages/airflow/example_dags/example_short_circuit_operator.py took 0.079 seconds
[2024-09-09T01:46:30.888+0000] {processor.py:153} INFO - Started process (PID=1714) to work on /home/airflow/.local/lib/python3.7/site-packages/airflow/example_dags/example_short_circuit_operator.py
[2024-09-09T01:46:30.890+0000] {processor.py:743} INFO - Processing file /home/airflow/.local/lib/python3.7/site-packages/airflow/example_dags/example_short_circuit_operator.py for tasks to queue
[2024-09-09T01:46:30.891+0000] {logging_mixin.py:137} INFO - [2024-09-09T01:46:30.891+0000] {dagbag.py:538} INFO - Filling up the DagBag from /home/airflow/.local/lib/python3.7/site-packages/airflow/example_dags/example_short_circuit_operator.py
[2024-09-09T01:46:30.905+0000] {processor.py:753} INFO - DAG(s) dict_keys(['example_short_circuit_operator']) retrieved from /home/airflow/.local/lib/python3.7/site-packages/airflow/example_dags/example_short_circuit_operator.py
[2024-09-09T01:46:30.938+0000] {logging_mixin.py:137} INFO - [2024-09-09T01:46:30.938+0000] {dag.py:2676} INFO - Sync 1 DAGs
[2024-09-09T01:46:30.958+0000] {logging_mixin.py:137} INFO - [2024-09-09T01:46:30.958+0000] {dag.py:3427} INFO - Setting next_dagrun for example_short_circuit_operator to 2024-09-08T01:46:30.957943+00:00, run_after=2024-09-09T01:46:30.957943+00:00
[2024-09-09T01:46:30.982+0000] {processor.py:175} INFO - Processing /home/airflow/.local/lib/python3.7/site-packages/airflow/example_dags/example_short_circuit_operator.py took 0.097 seconds
[2024-09-09T01:47:01.230+0000] {processor.py:153} INFO - Started process (PID=1838) to work on /home/airflow/.local/lib/python3.7/site-packages/airflow/example_dags/example_short_circuit_operator.py
[2024-09-09T01:47:01.241+0000] {processor.py:743} INFO - Processing file /home/airflow/.local/lib/python3.7/site-packages/airflow/example_dags/example_short_circuit_operator.py for tasks to queue
[2024-09-09T01:47:01.241+0000] {logging_mixin.py:137} INFO - [2024-09-09T01:47:01.241+0000] {dagbag.py:538} INFO - Filling up the DagBag from /home/airflow/.local/lib/python3.7/site-packages/airflow/example_dags/example_short_circuit_operator.py
[2024-09-09T01:47:01.254+0000] {processor.py:753} INFO - DAG(s) dict_keys(['example_short_circuit_operator']) retrieved from /home/airflow/.local/lib/python3.7/site-packages/airflow/example_dags/example_short_circuit_operator.py
[2024-09-09T01:47:01.283+0000] {logging_mixin.py:137} INFO - [2024-09-09T01:47:01.283+0000] {dag.py:2676} INFO - Sync 1 DAGs
[2024-09-09T01:47:01.301+0000] {logging_mixin.py:137} INFO - [2024-09-09T01:47:01.301+0000] {dag.py:3427} INFO - Setting next_dagrun for example_short_circuit_operator to 2024-09-08T01:47:01.301681+00:00, run_after=2024-09-09T01:47:01.301681+00:00
[2024-09-09T01:47:01.323+0000] {processor.py:175} INFO - Processing /home/airflow/.local/lib/python3.7/site-packages/airflow/example_dags/example_short_circuit_operator.py took 0.096 seconds
[2024-09-09T01:47:31.987+0000] {processor.py:153} INFO - Started process (PID=1962) to work on /home/airflow/.local/lib/python3.7/site-packages/airflow/example_dags/example_short_circuit_operator.py
[2024-09-09T01:47:31.988+0000] {processor.py:743} INFO - Processing file /home/airflow/.local/lib/python3.7/site-packages/airflow/example_dags/example_short_circuit_operator.py for tasks to queue
[2024-09-09T01:47:31.989+0000] {logging_mixin.py:137} INFO - [2024-09-09T01:47:31.989+0000] {dagbag.py:538} INFO - Filling up the DagBag from /home/airflow/.local/lib/python3.7/site-packages/airflow/example_dags/example_short_circuit_operator.py
[2024-09-09T01:47:32.005+0000] {processor.py:753} INFO - DAG(s) dict_keys(['example_short_circuit_operator']) retrieved from /home/airflow/.local/lib/python3.7/site-packages/airflow/example_dags/example_short_circuit_operator.py
[2024-09-09T01:47:32.038+0000] {logging_mixin.py:137} INFO - [2024-09-09T01:47:32.038+0000] {dag.py:2676} INFO - Sync 1 DAGs
[2024-09-09T01:47:32.064+0000] {logging_mixin.py:137} INFO - [2024-09-09T01:47:32.064+0000] {dag.py:3427} INFO - Setting next_dagrun for example_short_circuit_operator to 2024-09-08T01:47:32.064049+00:00, run_after=2024-09-09T01:47:32.064049+00:00
[2024-09-09T01:47:32.085+0000] {processor.py:175} INFO - Processing /home/airflow/.local/lib/python3.7/site-packages/airflow/example_dags/example_short_circuit_operator.py took 0.102 seconds
[2024-09-09T01:48:02.348+0000] {processor.py:153} INFO - Started process (PID=2058) to work on /home/airflow/.local/lib/python3.7/site-packages/airflow/example_dags/example_short_circuit_operator.py
[2024-09-09T01:48:02.349+0000] {processor.py:743} INFO - Processing file /home/airflow/.local/lib/python3.7/site-packages/airflow/example_dags/example_short_circuit_operator.py for tasks to queue
[2024-09-09T01:48:02.350+0000] {logging_mixin.py:137} INFO - [2024-09-09T01:48:02.350+0000] {dagbag.py:538} INFO - Filling up the DagBag from /home/airflow/.local/lib/python3.7/site-packages/airflow/example_dags/example_short_circuit_operator.py
[2024-09-09T01:48:02.362+0000] {processor.py:753} INFO - DAG(s) dict_keys(['example_short_circuit_operator']) retrieved from /home/airflow/.local/lib/python3.7/site-packages/airflow/example_dags/example_short_circuit_operator.py
[2024-09-09T01:48:02.391+0000] {logging_mixin.py:137} INFO - [2024-09-09T01:48:02.391+0000] {dag.py:2676} INFO - Sync 1 DAGs
[2024-09-09T01:48:02.409+0000] {logging_mixin.py:137} INFO - [2024-09-09T01:48:02.409+0000] {dag.py:3427} INFO - Setting next_dagrun for example_short_circuit_operator to 2024-09-08T01:48:02.409329+00:00, run_after=2024-09-09T01:48:02.409329+00:00
[2024-09-09T01:48:02.427+0000] {processor.py:175} INFO - Processing /home/airflow/.local/lib/python3.7/site-packages/airflow/example_dags/example_short_circuit_operator.py took 0.081 seconds
[2024-09-09T01:48:32.748+0000] {processor.py:153} INFO - Started process (PID=2182) to work on /home/airflow/.local/lib/python3.7/site-packages/airflow/example_dags/example_short_circuit_operator.py
[2024-09-09T01:48:32.759+0000] {processor.py:743} INFO - Processing file /home/airflow/.local/lib/python3.7/site-packages/airflow/example_dags/example_short_circuit_operator.py for tasks to queue
[2024-09-09T01:48:32.760+0000] {logging_mixin.py:137} INFO - [2024-09-09T01:48:32.759+0000] {dagbag.py:538} INFO - Filling up the DagBag from /home/airflow/.local/lib/python3.7/site-packages/airflow/example_dags/example_short_circuit_operator.py
[2024-09-09T01:48:32.772+0000] {processor.py:753} INFO - DAG(s) dict_keys(['example_short_circuit_operator']) retrieved from /home/airflow/.local/lib/python3.7/site-packages/airflow/example_dags/example_short_circuit_operator.py
[2024-09-09T01:48:32.802+0000] {logging_mixin.py:137} INFO - [2024-09-09T01:48:32.802+0000] {dag.py:2676} INFO - Sync 1 DAGs
[2024-09-09T01:48:32.822+0000] {logging_mixin.py:137} INFO - [2024-09-09T01:48:32.821+0000] {dag.py:3427} INFO - Setting next_dagrun for example_short_circuit_operator to 2024-09-08T01:48:32.821708+00:00, run_after=2024-09-09T01:48:32.821708+00:00
[2024-09-09T01:48:32.843+0000] {processor.py:175} INFO - Processing /home/airflow/.local/lib/python3.7/site-packages/airflow/example_dags/example_short_circuit_operator.py took 0.099 seconds
[2024-09-09T01:49:03.288+0000] {processor.py:153} INFO - Started process (PID=2278) to work on /home/airflow/.local/lib/python3.7/site-packages/airflow/example_dags/example_short_circuit_operator.py
[2024-09-09T01:49:03.290+0000] {processor.py:743} INFO - Processing file /home/airflow/.local/lib/python3.7/site-packages/airflow/example_dags/example_short_circuit_operator.py for tasks to queue
[2024-09-09T01:49:03.291+0000] {logging_mixin.py:137} INFO - [2024-09-09T01:49:03.291+0000] {dagbag.py:538} INFO - Filling up the DagBag from /home/airflow/.local/lib/python3.7/site-packages/airflow/example_dags/example_short_circuit_operator.py
[2024-09-09T01:49:03.306+0000] {processor.py:753} INFO - DAG(s) dict_keys(['example_short_circuit_operator']) retrieved from /home/airflow/.local/lib/python3.7/site-packages/airflow/example_dags/example_short_circuit_operator.py
[2024-09-09T01:49:03.338+0000] {logging_mixin.py:137} INFO - [2024-09-09T01:49:03.338+0000] {dag.py:2676} INFO - Sync 1 DAGs
[2024-09-09T01:49:03.366+0000] {logging_mixin.py:137} INFO - [2024-09-09T01:49:03.366+0000] {dag.py:3427} INFO - Setting next_dagrun for example_short_circuit_operator to 2024-09-08T01:49:03.366270+00:00, run_after=2024-09-09T01:49:03.366270+00:00
[2024-09-09T01:49:03.386+0000] {processor.py:175} INFO - Processing /home/airflow/.local/lib/python3.7/site-packages/airflow/example_dags/example_short_circuit_operator.py took 0.101 seconds
[2024-09-09T01:49:33.685+0000] {processor.py:153} INFO - Started process (PID=2402) to work on /home/airflow/.local/lib/python3.7/site-packages/airflow/example_dags/example_short_circuit_operator.py
[2024-09-09T01:49:33.686+0000] {processor.py:743} INFO - Processing file /home/airflow/.local/lib/python3.7/site-packages/airflow/example_dags/example_short_circuit_operator.py for tasks to queue
[2024-09-09T01:49:33.686+0000] {logging_mixin.py:137} INFO - [2024-09-09T01:49:33.686+0000] {dagbag.py:538} INFO - Filling up the DagBag from /home/airflow/.local/lib/python3.7/site-packages/airflow/example_dags/example_short_circuit_operator.py
[2024-09-09T01:49:33.699+0000] {processor.py:753} INFO - DAG(s) dict_keys(['example_short_circuit_operator']) retrieved from /home/airflow/.local/lib/python3.7/site-packages/airflow/example_dags/example_short_circuit_operator.py
[2024-09-09T01:49:33.728+0000] {logging_mixin.py:137} INFO - [2024-09-09T01:49:33.728+0000] {dag.py:2676} INFO - Sync 1 DAGs
[2024-09-09T01:49:33.749+0000] {logging_mixin.py:137} INFO - [2024-09-09T01:49:33.749+0000] {dag.py:3427} INFO - Setting next_dagrun for example_short_circuit_operator to 2024-09-08T01:49:33.749254+00:00, run_after=2024-09-09T01:49:33.749254+00:00
[2024-09-09T01:49:33.770+0000] {processor.py:175} INFO - Processing /home/airflow/.local/lib/python3.7/site-packages/airflow/example_dags/example_short_circuit_operator.py took 0.087 seconds
[2024-09-09T01:50:03.800+0000] {processor.py:153} INFO - Started process (PID=2526) to work on /home/airflow/.local/lib/python3.7/site-packages/airflow/example_dags/example_short_circuit_operator.py
[2024-09-09T01:50:03.811+0000] {processor.py:743} INFO - Processing file /home/airflow/.local/lib/python3.7/site-packages/airflow/example_dags/example_short_circuit_operator.py for tasks to queue
[2024-09-09T01:50:03.812+0000] {logging_mixin.py:137} INFO - [2024-09-09T01:50:03.811+0000] {dagbag.py:538} INFO - Filling up the DagBag from /home/airflow/.local/lib/python3.7/site-packages/airflow/example_dags/example_short_circuit_operator.py
[2024-09-09T01:50:03.824+0000] {processor.py:753} INFO - DAG(s) dict_keys(['example_short_circuit_operator']) retrieved from /home/airflow/.local/lib/python3.7/site-packages/airflow/example_dags/example_short_circuit_operator.py
[2024-09-09T01:50:03.855+0000] {logging_mixin.py:137} INFO - [2024-09-09T01:50:03.855+0000] {dag.py:2676} INFO - Sync 1 DAGs
[2024-09-09T01:50:03.874+0000] {logging_mixin.py:137} INFO - [2024-09-09T01:50:03.874+0000] {dag.py:3427} INFO - Setting next_dagrun for example_short_circuit_operator to 2024-09-08T01:50:03.874247+00:00, run_after=2024-09-09T01:50:03.874247+00:00
[2024-09-09T01:50:03.900+0000] {processor.py:175} INFO - Processing /home/airflow/.local/lib/python3.7/site-packages/airflow/example_dags/example_short_circuit_operator.py took 0.102 seconds
[2024-09-09T01:50:34.119+0000] {processor.py:153} INFO - Started process (PID=2621) to work on /home/airflow/.local/lib/python3.7/site-packages/airflow/example_dags/example_short_circuit_operator.py
[2024-09-09T01:50:34.122+0000] {processor.py:743} INFO - Processing file /home/airflow/.local/lib/python3.7/site-packages/airflow/example_dags/example_short_circuit_operator.py for tasks to queue
[2024-09-09T01:50:34.122+0000] {logging_mixin.py:137} INFO - [2024-09-09T01:50:34.122+0000] {dagbag.py:538} INFO - Filling up the DagBag from /home/airflow/.local/lib/python3.7/site-packages/airflow/example_dags/example_short_circuit_operator.py
[2024-09-09T01:50:34.134+0000] {processor.py:753} INFO - DAG(s) dict_keys(['example_short_circuit_operator']) retrieved from /home/airflow/.local/lib/python3.7/site-packages/airflow/example_dags/example_short_circuit_operator.py
[2024-09-09T01:50:34.162+0000] {logging_mixin.py:137} INFO - [2024-09-09T01:50:34.162+0000] {dag.py:2676} INFO - Sync 1 DAGs
[2024-09-09T01:50:34.180+0000] {logging_mixin.py:137} INFO - [2024-09-09T01:50:34.180+0000] {dag.py:3427} INFO - Setting next_dagrun for example_short_circuit_operator to 2024-09-08T01:50:34.179835+00:00, run_after=2024-09-09T01:50:34.179835+00:00
[2024-09-09T01:50:34.198+0000] {processor.py:175} INFO - Processing /home/airflow/.local/lib/python3.7/site-packages/airflow/example_dags/example_short_circuit_operator.py took 0.081 seconds
[2024-09-09T01:51:04.459+0000] {processor.py:153} INFO - Started process (PID=2745) to work on /home/airflow/.local/lib/python3.7/site-packages/airflow/example_dags/example_short_circuit_operator.py
[2024-09-09T01:51:04.461+0000] {processor.py:743} INFO - Processing file /home/airflow/.local/lib/python3.7/site-packages/airflow/example_dags/example_short_circuit_operator.py for tasks to queue
[2024-09-09T01:51:04.462+0000] {logging_mixin.py:137} INFO - [2024-09-09T01:51:04.462+0000] {dagbag.py:538} INFO - Filling up the DagBag from /home/airflow/.local/lib/python3.7/site-packages/airflow/example_dags/example_short_circuit_operator.py
[2024-09-09T01:51:04.475+0000] {processor.py:753} INFO - DAG(s) dict_keys(['example_short_circuit_operator']) retrieved from /home/airflow/.local/lib/python3.7/site-packages/airflow/example_dags/example_short_circuit_operator.py
[2024-09-09T01:51:04.503+0000] {logging_mixin.py:137} INFO - [2024-09-09T01:51:04.503+0000] {dag.py:2676} INFO - Sync 1 DAGs
[2024-09-09T01:51:04.522+0000] {logging_mixin.py:137} INFO - [2024-09-09T01:51:04.522+0000] {dag.py:3427} INFO - Setting next_dagrun for example_short_circuit_operator to 2024-09-08T01:51:04.521887+00:00, run_after=2024-09-09T01:51:04.521887+00:00
[2024-09-09T01:51:04.539+0000] {processor.py:175} INFO - Processing /home/airflow/.local/lib/python3.7/site-packages/airflow/example_dags/example_short_circuit_operator.py took 0.083 seconds
[2024-09-09T01:51:34.902+0000] {processor.py:153} INFO - Started process (PID=2841) to work on /home/airflow/.local/lib/python3.7/site-packages/airflow/example_dags/example_short_circuit_operator.py
[2024-09-09T01:51:34.913+0000] {processor.py:743} INFO - Processing file /home/airflow/.local/lib/python3.7/site-packages/airflow/example_dags/example_short_circuit_operator.py for tasks to queue
[2024-09-09T01:51:34.913+0000] {logging_mixin.py:137} INFO - [2024-09-09T01:51:34.913+0000] {dagbag.py:538} INFO - Filling up the DagBag from /home/airflow/.local/lib/python3.7/site-packages/airflow/example_dags/example_short_circuit_operator.py
[2024-09-09T01:51:34.926+0000] {processor.py:753} INFO - DAG(s) dict_keys(['example_short_circuit_operator']) retrieved from /home/airflow/.local/lib/python3.7/site-packages/airflow/example_dags/example_short_circuit_operator.py
[2024-09-09T01:51:34.957+0000] {logging_mixin.py:137} INFO - [2024-09-09T01:51:34.957+0000] {dag.py:2676} INFO - Sync 1 DAGs
[2024-09-09T01:51:34.978+0000] {logging_mixin.py:137} INFO - [2024-09-09T01:51:34.978+0000] {dag.py:3427} INFO - Setting next_dagrun for example_short_circuit_operator to 2024-09-08T01:51:34.978452+00:00, run_after=2024-09-09T01:51:34.978452+00:00
[2024-09-09T01:51:34.998+0000] {processor.py:175} INFO - Processing /home/airflow/.local/lib/python3.7/site-packages/airflow/example_dags/example_short_circuit_operator.py took 0.098 seconds
[2024-09-09T01:52:05.140+0000] {processor.py:153} INFO - Started process (PID=2966) to work on /home/airflow/.local/lib/python3.7/site-packages/airflow/example_dags/example_short_circuit_operator.py
[2024-09-09T01:52:05.141+0000] {processor.py:743} INFO - Processing file /home/airflow/.local/lib/python3.7/site-packages/airflow/example_dags/example_short_circuit_operator.py for tasks to queue
[2024-09-09T01:52:05.142+0000] {logging_mixin.py:137} INFO - [2024-09-09T01:52:05.142+0000] {dagbag.py:538} INFO - Filling up the DagBag from /home/airflow/.local/lib/python3.7/site-packages/airflow/example_dags/example_short_circuit_operator.py
[2024-09-09T01:52:05.159+0000] {processor.py:753} INFO - DAG(s) dict_keys(['example_short_circuit_operator']) retrieved from /home/airflow/.local/lib/python3.7/site-packages/airflow/example_dags/example_short_circuit_operator.py
[2024-09-09T01:52:05.202+0000] {logging_mixin.py:137} INFO - [2024-09-09T01:52:05.202+0000] {dag.py:2676} INFO - Sync 1 DAGs
[2024-09-09T01:52:05.226+0000] {logging_mixin.py:137} INFO - [2024-09-09T01:52:05.226+0000] {dag.py:3427} INFO - Setting next_dagrun for example_short_circuit_operator to 2024-09-08T01:52:05.226621+00:00, run_after=2024-09-09T01:52:05.226621+00:00
[2024-09-09T01:52:05.250+0000] {processor.py:175} INFO - Processing /home/airflow/.local/lib/python3.7/site-packages/airflow/example_dags/example_short_circuit_operator.py took 0.113 seconds
[2024-09-09T01:52:35.385+0000] {processor.py:153} INFO - Started process (PID=3062) to work on /home/airflow/.local/lib/python3.7/site-packages/airflow/example_dags/example_short_circuit_operator.py
[2024-09-09T01:52:35.386+0000] {processor.py:743} INFO - Processing file /home/airflow/.local/lib/python3.7/site-packages/airflow/example_dags/example_short_circuit_operator.py for tasks to queue
[2024-09-09T01:52:35.387+0000] {logging_mixin.py:137} INFO - [2024-09-09T01:52:35.387+0000] {dagbag.py:538} INFO - Filling up the DagBag from /home/airflow/.local/lib/python3.7/site-packages/airflow/example_dags/example_short_circuit_operator.py
[2024-09-09T01:52:35.402+0000] {processor.py:753} INFO - DAG(s) dict_keys(['example_short_circuit_operator']) retrieved from /home/airflow/.local/lib/python3.7/site-packages/airflow/example_dags/example_short_circuit_operator.py
[2024-09-09T01:52:35.434+0000] {logging_mixin.py:137} INFO - [2024-09-09T01:52:35.434+0000] {dag.py:2676} INFO - Sync 1 DAGs
[2024-09-09T01:52:35.474+0000] {logging_mixin.py:137} INFO - [2024-09-09T01:52:35.474+0000] {dag.py:3427} INFO - Setting next_dagrun for example_short_circuit_operator to 2024-09-08T01:52:35.473865+00:00, run_after=2024-09-09T01:52:35.473865+00:00
[2024-09-09T01:52:35.527+0000] {processor.py:175} INFO - Processing /home/airflow/.local/lib/python3.7/site-packages/airflow/example_dags/example_short_circuit_operator.py took 0.145 seconds
[2024-09-09T01:53:05.581+0000] {processor.py:153} INFO - Started process (PID=3186) to work on /home/airflow/.local/lib/python3.7/site-packages/airflow/example_dags/example_short_circuit_operator.py
[2024-09-09T01:53:05.583+0000] {processor.py:743} INFO - Processing file /home/airflow/.local/lib/python3.7/site-packages/airflow/example_dags/example_short_circuit_operator.py for tasks to queue
[2024-09-09T01:53:05.584+0000] {logging_mixin.py:137} INFO - [2024-09-09T01:53:05.584+0000] {dagbag.py:538} INFO - Filling up the DagBag from /home/airflow/.local/lib/python3.7/site-packages/airflow/example_dags/example_short_circuit_operator.py
[2024-09-09T01:53:05.596+0000] {processor.py:753} INFO - DAG(s) dict_keys(['example_short_circuit_operator']) retrieved from /home/airflow/.local/lib/python3.7/site-packages/airflow/example_dags/example_short_circuit_operator.py
[2024-09-09T01:53:05.623+0000] {logging_mixin.py:137} INFO - [2024-09-09T01:53:05.623+0000] {dag.py:2676} INFO - Sync 1 DAGs
[2024-09-09T01:53:05.643+0000] {logging_mixin.py:137} INFO - [2024-09-09T01:53:05.643+0000] {dag.py:3427} INFO - Setting next_dagrun for example_short_circuit_operator to 2024-09-08T01:53:05.642818+00:00, run_after=2024-09-09T01:53:05.642818+00:00
[2024-09-09T01:53:05.666+0000] {processor.py:175} INFO - Processing /home/airflow/.local/lib/python3.7/site-packages/airflow/example_dags/example_short_circuit_operator.py took 0.088 seconds
[2024-09-09T01:53:35.962+0000] {processor.py:153} INFO - Started process (PID=3310) to work on /home/airflow/.local/lib/python3.7/site-packages/airflow/example_dags/example_short_circuit_operator.py
[2024-09-09T01:53:35.974+0000] {processor.py:743} INFO - Processing file /home/airflow/.local/lib/python3.7/site-packages/airflow/example_dags/example_short_circuit_operator.py for tasks to queue
[2024-09-09T01:53:35.975+0000] {logging_mixin.py:137} INFO - [2024-09-09T01:53:35.975+0000] {dagbag.py:538} INFO - Filling up the DagBag from /home/airflow/.local/lib/python3.7/site-packages/airflow/example_dags/example_short_circuit_operator.py
[2024-09-09T01:53:35.988+0000] {processor.py:753} INFO - DAG(s) dict_keys(['example_short_circuit_operator']) retrieved from /home/airflow/.local/lib/python3.7/site-packages/airflow/example_dags/example_short_circuit_operator.py
[2024-09-09T01:53:36.018+0000] {logging_mixin.py:137} INFO - [2024-09-09T01:53:36.018+0000] {dag.py:2676} INFO - Sync 1 DAGs
[2024-09-09T01:53:36.041+0000] {logging_mixin.py:137} INFO - [2024-09-09T01:53:36.041+0000] {dag.py:3427} INFO - Setting next_dagrun for example_short_circuit_operator to 2024-09-08T01:53:36.040826+00:00, run_after=2024-09-09T01:53:36.040826+00:00
[2024-09-09T01:53:36.060+0000] {processor.py:175} INFO - Processing /home/airflow/.local/lib/python3.7/site-packages/airflow/example_dags/example_short_circuit_operator.py took 0.100 seconds
[2024-09-09T01:54:06.730+0000] {processor.py:153} INFO - Started process (PID=3406) to work on /home/airflow/.local/lib/python3.7/site-packages/airflow/example_dags/example_short_circuit_operator.py
[2024-09-09T01:54:06.733+0000] {processor.py:743} INFO - Processing file /home/airflow/.local/lib/python3.7/site-packages/airflow/example_dags/example_short_circuit_operator.py for tasks to queue
[2024-09-09T01:54:06.734+0000] {logging_mixin.py:137} INFO - [2024-09-09T01:54:06.733+0000] {dagbag.py:538} INFO - Filling up the DagBag from /home/airflow/.local/lib/python3.7/site-packages/airflow/example_dags/example_short_circuit_operator.py
[2024-09-09T01:54:06.747+0000] {processor.py:753} INFO - DAG(s) dict_keys(['example_short_circuit_operator']) retrieved from /home/airflow/.local/lib/python3.7/site-packages/airflow/example_dags/example_short_circuit_operator.py
[2024-09-09T01:54:06.774+0000] {logging_mixin.py:137} INFO - [2024-09-09T01:54:06.774+0000] {dag.py:2676} INFO - Sync 1 DAGs
[2024-09-09T01:54:06.793+0000] {logging_mixin.py:137} INFO - [2024-09-09T01:54:06.793+0000] {dag.py:3427} INFO - Setting next_dagrun for example_short_circuit_operator to 2024-09-08T01:54:06.792847+00:00, run_after=2024-09-09T01:54:06.792847+00:00
[2024-09-09T01:54:06.808+0000] {processor.py:175} INFO - Processing /home/airflow/.local/lib/python3.7/site-packages/airflow/example_dags/example_short_circuit_operator.py took 0.081 seconds
[2024-09-09T01:54:37.126+0000] {processor.py:153} INFO - Started process (PID=3530) to work on /home/airflow/.local/lib/python3.7/site-packages/airflow/example_dags/example_short_circuit_operator.py
[2024-09-09T01:54:37.128+0000] {processor.py:743} INFO - Processing file /home/airflow/.local/lib/python3.7/site-packages/airflow/example_dags/example_short_circuit_operator.py for tasks to queue
[2024-09-09T01:54:37.129+0000] {logging_mixin.py:137} INFO - [2024-09-09T01:54:37.128+0000] {dagbag.py:538} INFO - Filling up the DagBag from /home/airflow/.local/lib/python3.7/site-packages/airflow/example_dags/example_short_circuit_operator.py
[2024-09-09T01:54:37.140+0000] {processor.py:753} INFO - DAG(s) dict_keys(['example_short_circuit_operator']) retrieved from /home/airflow/.local/lib/python3.7/site-packages/airflow/example_dags/example_short_circuit_operator.py
[2024-09-09T01:54:37.168+0000] {logging_mixin.py:137} INFO - [2024-09-09T01:54:37.168+0000] {dag.py:2676} INFO - Sync 1 DAGs
[2024-09-09T01:54:37.186+0000] {logging_mixin.py:137} INFO - [2024-09-09T01:54:37.186+0000] {dag.py:3427} INFO - Setting next_dagrun for example_short_circuit_operator to 2024-09-08T01:54:37.186104+00:00, run_after=2024-09-09T01:54:37.186104+00:00
[2024-09-09T01:54:37.206+0000] {processor.py:175} INFO - Processing /home/airflow/.local/lib/python3.7/site-packages/airflow/example_dags/example_short_circuit_operator.py took 0.083 seconds
[2024-09-09T01:55:07.343+0000] {processor.py:153} INFO - Started process (PID=3626) to work on /home/airflow/.local/lib/python3.7/site-packages/airflow/example_dags/example_short_circuit_operator.py
[2024-09-09T01:55:07.346+0000] {processor.py:743} INFO - Processing file /home/airflow/.local/lib/python3.7/site-packages/airflow/example_dags/example_short_circuit_operator.py for tasks to queue
[2024-09-09T01:55:07.346+0000] {logging_mixin.py:137} INFO - [2024-09-09T01:55:07.346+0000] {dagbag.py:538} INFO - Filling up the DagBag from /home/airflow/.local/lib/python3.7/site-packages/airflow/example_dags/example_short_circuit_operator.py
[2024-09-09T01:55:07.361+0000] {processor.py:753} INFO - DAG(s) dict_keys(['example_short_circuit_operator']) retrieved from /home/airflow/.local/lib/python3.7/site-packages/airflow/example_dags/example_short_circuit_operator.py
[2024-09-09T01:55:07.392+0000] {logging_mixin.py:137} INFO - [2024-09-09T01:55:07.391+0000] {dag.py:2676} INFO - Sync 1 DAGs
[2024-09-09T01:55:07.414+0000] {logging_mixin.py:137} INFO - [2024-09-09T01:55:07.414+0000] {dag.py:3427} INFO - Setting next_dagrun for example_short_circuit_operator to 2024-09-08T01:55:07.413912+00:00, run_after=2024-09-09T01:55:07.413912+00:00
[2024-09-09T01:55:07.435+0000] {processor.py:175} INFO - Processing /home/airflow/.local/lib/python3.7/site-packages/airflow/example_dags/example_short_circuit_operator.py took 0.095 seconds
[2024-09-09T01:55:37.631+0000] {processor.py:153} INFO - Started process (PID=3750) to work on /home/airflow/.local/lib/python3.7/site-packages/airflow/example_dags/example_short_circuit_operator.py
[2024-09-09T01:55:37.633+0000] {processor.py:743} INFO - Processing file /home/airflow/.local/lib/python3.7/site-packages/airflow/example_dags/example_short_circuit_operator.py for tasks to queue
[2024-09-09T01:55:37.634+0000] {logging_mixin.py:137} INFO - [2024-09-09T01:55:37.633+0000] {dagbag.py:538} INFO - Filling up the DagBag from /home/airflow/.local/lib/python3.7/site-packages/airflow/example_dags/example_short_circuit_operator.py
[2024-09-09T01:55:37.648+0000] {processor.py:753} INFO - DAG(s) dict_keys(['example_short_circuit_operator']) retrieved from /home/airflow/.local/lib/python3.7/site-packages/airflow/example_dags/example_short_circuit_operator.py
[2024-09-09T01:55:37.680+0000] {logging_mixin.py:137} INFO - [2024-09-09T01:55:37.680+0000] {dag.py:2676} INFO - Sync 1 DAGs
[2024-09-09T01:55:37.700+0000] {logging_mixin.py:137} INFO - [2024-09-09T01:55:37.700+0000] {dag.py:3427} INFO - Setting next_dagrun for example_short_circuit_operator to 2024-09-08T01:55:37.700652+00:00, run_after=2024-09-09T01:55:37.700652+00:00
[2024-09-09T01:55:37.720+0000] {processor.py:175} INFO - Processing /home/airflow/.local/lib/python3.7/site-packages/airflow/example_dags/example_short_circuit_operator.py took 0.091 seconds
[2024-09-09T01:56:07.937+0000] {processor.py:153} INFO - Started process (PID=3853) to work on /home/airflow/.local/lib/python3.7/site-packages/airflow/example_dags/example_short_circuit_operator.py
[2024-09-09T01:56:07.940+0000] {processor.py:743} INFO - Processing file /home/airflow/.local/lib/python3.7/site-packages/airflow/example_dags/example_short_circuit_operator.py for tasks to queue
[2024-09-09T01:56:07.940+0000] {logging_mixin.py:137} INFO - [2024-09-09T01:56:07.940+0000] {dagbag.py:538} INFO - Filling up the DagBag from /home/airflow/.local/lib/python3.7/site-packages/airflow/example_dags/example_short_circuit_operator.py
[2024-09-09T01:56:07.954+0000] {processor.py:753} INFO - DAG(s) dict_keys(['example_short_circuit_operator']) retrieved from /home/airflow/.local/lib/python3.7/site-packages/airflow/example_dags/example_short_circuit_operator.py
[2024-09-09T01:56:07.989+0000] {logging_mixin.py:137} INFO - [2024-09-09T01:56:07.989+0000] {dag.py:2676} INFO - Sync 1 DAGs
[2024-09-09T01:56:08.010+0000] {logging_mixin.py:137} INFO - [2024-09-09T01:56:08.010+0000] {dag.py:3427} INFO - Setting next_dagrun for example_short_circuit_operator to 2024-09-08T01:56:08.010162+00:00, run_after=2024-09-09T01:56:08.010162+00:00
[2024-09-09T01:56:08.029+0000] {processor.py:175} INFO - Processing /home/airflow/.local/lib/python3.7/site-packages/airflow/example_dags/example_short_circuit_operator.py took 0.094 seconds
[2024-09-09T01:56:38.064+0000] {processor.py:153} INFO - Started process (PID=3970) to work on /home/airflow/.local/lib/python3.7/site-packages/airflow/example_dags/example_short_circuit_operator.py
[2024-09-09T01:56:38.075+0000] {processor.py:743} INFO - Processing file /home/airflow/.local/lib/python3.7/site-packages/airflow/example_dags/example_short_circuit_operator.py for tasks to queue
[2024-09-09T01:56:38.075+0000] {logging_mixin.py:137} INFO - [2024-09-09T01:56:38.075+0000] {dagbag.py:538} INFO - Filling up the DagBag from /home/airflow/.local/lib/python3.7/site-packages/airflow/example_dags/example_short_circuit_operator.py
[2024-09-09T01:56:38.087+0000] {processor.py:753} INFO - DAG(s) dict_keys(['example_short_circuit_operator']) retrieved from /home/airflow/.local/lib/python3.7/site-packages/airflow/example_dags/example_short_circuit_operator.py
[2024-09-09T01:56:38.115+0000] {logging_mixin.py:137} INFO - [2024-09-09T01:56:38.115+0000] {dag.py:2676} INFO - Sync 1 DAGs
[2024-09-09T01:56:38.134+0000] {logging_mixin.py:137} INFO - [2024-09-09T01:56:38.134+0000] {dag.py:3427} INFO - Setting next_dagrun for example_short_circuit_operator to 2024-09-08T01:56:38.134078+00:00, run_after=2024-09-09T01:56:38.134078+00:00
[2024-09-09T01:56:38.150+0000] {processor.py:175} INFO - Processing /home/airflow/.local/lib/python3.7/site-packages/airflow/example_dags/example_short_circuit_operator.py took 0.088 seconds
[2024-09-09T01:57:08.312+0000] {processor.py:153} INFO - Started process (PID=4094) to work on /home/airflow/.local/lib/python3.7/site-packages/airflow/example_dags/example_short_circuit_operator.py
[2024-09-09T01:57:08.323+0000] {processor.py:743} INFO - Processing file /home/airflow/.local/lib/python3.7/site-packages/airflow/example_dags/example_short_circuit_operator.py for tasks to queue
[2024-09-09T01:57:08.323+0000] {logging_mixin.py:137} INFO - [2024-09-09T01:57:08.323+0000] {dagbag.py:538} INFO - Filling up the DagBag from /home/airflow/.local/lib/python3.7/site-packages/airflow/example_dags/example_short_circuit_operator.py
[2024-09-09T01:57:08.335+0000] {processor.py:753} INFO - DAG(s) dict_keys(['example_short_circuit_operator']) retrieved from /home/airflow/.local/lib/python3.7/site-packages/airflow/example_dags/example_short_circuit_operator.py
[2024-09-09T01:57:08.362+0000] {logging_mixin.py:137} INFO - [2024-09-09T01:57:08.362+0000] {dag.py:2676} INFO - Sync 1 DAGs
[2024-09-09T01:57:08.382+0000] {logging_mixin.py:137} INFO - [2024-09-09T01:57:08.382+0000] {dag.py:3427} INFO - Setting next_dagrun for example_short_circuit_operator to 2024-09-08T01:57:08.381835+00:00, run_after=2024-09-09T01:57:08.381835+00:00
[2024-09-09T01:57:08.399+0000] {processor.py:175} INFO - Processing /home/airflow/.local/lib/python3.7/site-packages/airflow/example_dags/example_short_circuit_operator.py took 0.089 seconds
[2024-09-09T01:57:38.784+0000] {processor.py:153} INFO - Started process (PID=4190) to work on /home/airflow/.local/lib/python3.7/site-packages/airflow/example_dags/example_short_circuit_operator.py
[2024-09-09T01:57:38.785+0000] {processor.py:743} INFO - Processing file /home/airflow/.local/lib/python3.7/site-packages/airflow/example_dags/example_short_circuit_operator.py for tasks to queue
[2024-09-09T01:57:38.785+0000] {logging_mixin.py:137} INFO - [2024-09-09T01:57:38.785+0000] {dagbag.py:538} INFO - Filling up the DagBag from /home/airflow/.local/lib/python3.7/site-packages/airflow/example_dags/example_short_circuit_operator.py
[2024-09-09T01:57:38.800+0000] {processor.py:753} INFO - DAG(s) dict_keys(['example_short_circuit_operator']) retrieved from /home/airflow/.local/lib/python3.7/site-packages/airflow/example_dags/example_short_circuit_operator.py
[2024-09-09T01:57:38.828+0000] {logging_mixin.py:137} INFO - [2024-09-09T01:57:38.828+0000] {dag.py:2676} INFO - Sync 1 DAGs
[2024-09-09T01:57:38.850+0000] {logging_mixin.py:137} INFO - [2024-09-09T01:57:38.849+0000] {dag.py:3427} INFO - Setting next_dagrun for example_short_circuit_operator to 2024-09-08T01:57:38.849787+00:00, run_after=2024-09-09T01:57:38.849787+00:00
[2024-09-09T01:57:38.870+0000] {processor.py:175} INFO - Processing /home/airflow/.local/lib/python3.7/site-packages/airflow/example_dags/example_short_circuit_operator.py took 0.088 seconds
[2024-09-09T01:58:09.044+0000] {processor.py:153} INFO - Started process (PID=4314) to work on /home/airflow/.local/lib/python3.7/site-packages/airflow/example_dags/example_short_circuit_operator.py
[2024-09-09T01:58:09.045+0000] {processor.py:743} INFO - Processing file /home/airflow/.local/lib/python3.7/site-packages/airflow/example_dags/example_short_circuit_operator.py for tasks to queue
[2024-09-09T01:58:09.046+0000] {logging_mixin.py:137} INFO - [2024-09-09T01:58:09.046+0000] {dagbag.py:538} INFO - Filling up the DagBag from /home/airflow/.local/lib/python3.7/site-packages/airflow/example_dags/example_short_circuit_operator.py
[2024-09-09T01:58:09.057+0000] {processor.py:753} INFO - DAG(s) dict_keys(['example_short_circuit_operator']) retrieved from /home/airflow/.local/lib/python3.7/site-packages/airflow/example_dags/example_short_circuit_operator.py
[2024-09-09T01:58:09.085+0000] {logging_mixin.py:137} INFO - [2024-09-09T01:58:09.085+0000] {dag.py:2676} INFO - Sync 1 DAGs
[2024-09-09T01:58:09.102+0000] {logging_mixin.py:137} INFO - [2024-09-09T01:58:09.102+0000] {dag.py:3427} INFO - Setting next_dagrun for example_short_circuit_operator to 2024-09-08T01:58:09.102641+00:00, run_after=2024-09-09T01:58:09.102641+00:00
[2024-09-09T01:58:09.121+0000] {processor.py:175} INFO - Processing /home/airflow/.local/lib/python3.7/site-packages/airflow/example_dags/example_short_circuit_operator.py took 0.078 seconds
[2024-09-09T01:58:39.520+0000] {processor.py:153} INFO - Started process (PID=4410) to work on /home/airflow/.local/lib/python3.7/site-packages/airflow/example_dags/example_short_circuit_operator.py
[2024-09-09T01:58:39.523+0000] {processor.py:743} INFO - Processing file /home/airflow/.local/lib/python3.7/site-packages/airflow/example_dags/example_short_circuit_operator.py for tasks to queue
[2024-09-09T01:58:39.523+0000] {logging_mixin.py:137} INFO - [2024-09-09T01:58:39.523+0000] {dagbag.py:538} INFO - Filling up the DagBag from /home/airflow/.local/lib/python3.7/site-packages/airflow/example_dags/example_short_circuit_operator.py
[2024-09-09T01:58:39.536+0000] {processor.py:753} INFO - DAG(s) dict_keys(['example_short_circuit_operator']) retrieved from /home/airflow/.local/lib/python3.7/site-packages/airflow/example_dags/example_short_circuit_operator.py
[2024-09-09T01:58:39.566+0000] {logging_mixin.py:137} INFO - [2024-09-09T01:58:39.566+0000] {dag.py:2676} INFO - Sync 1 DAGs
[2024-09-09T01:58:39.589+0000] {logging_mixin.py:137} INFO - [2024-09-09T01:58:39.589+0000] {dag.py:3427} INFO - Setting next_dagrun for example_short_circuit_operator to 2024-09-08T01:58:39.589083+00:00, run_after=2024-09-09T01:58:39.589083+00:00
[2024-09-09T01:58:39.609+0000] {processor.py:175} INFO - Processing /home/airflow/.local/lib/python3.7/site-packages/airflow/example_dags/example_short_circuit_operator.py took 0.092 seconds
[2024-09-09T01:59:09.739+0000] {processor.py:153} INFO - Started process (PID=4534) to work on /home/airflow/.local/lib/python3.7/site-packages/airflow/example_dags/example_short_circuit_operator.py
[2024-09-09T01:59:09.740+0000] {processor.py:743} INFO - Processing file /home/airflow/.local/lib/python3.7/site-packages/airflow/example_dags/example_short_circuit_operator.py for tasks to queue
[2024-09-09T01:59:09.740+0000] {logging_mixin.py:137} INFO - [2024-09-09T01:59:09.740+0000] {dagbag.py:538} INFO - Filling up the DagBag from /home/airflow/.local/lib/python3.7/site-packages/airflow/example_dags/example_short_circuit_operator.py
[2024-09-09T01:59:09.753+0000] {processor.py:753} INFO - DAG(s) dict_keys(['example_short_circuit_operator']) retrieved from /home/airflow/.local/lib/python3.7/site-packages/airflow/example_dags/example_short_circuit_operator.py
[2024-09-09T01:59:09.784+0000] {logging_mixin.py:137} INFO - [2024-09-09T01:59:09.784+0000] {dag.py:2676} INFO - Sync 1 DAGs
[2024-09-09T01:59:09.804+0000] {logging_mixin.py:137} INFO - [2024-09-09T01:59:09.804+0000] {dag.py:3427} INFO - Setting next_dagrun for example_short_circuit_operator to 2024-09-08T01:59:09.803905+00:00, run_after=2024-09-09T01:59:09.803905+00:00
[2024-09-09T01:59:09.822+0000] {processor.py:175} INFO - Processing /home/airflow/.local/lib/python3.7/site-packages/airflow/example_dags/example_short_circuit_operator.py took 0.086 seconds
[2024-09-09T01:59:39.899+0000] {processor.py:153} INFO - Started process (PID=4658) to work on /home/airflow/.local/lib/python3.7/site-packages/airflow/example_dags/example_short_circuit_operator.py
[2024-09-09T01:59:39.900+0000] {processor.py:743} INFO - Processing file /home/airflow/.local/lib/python3.7/site-packages/airflow/example_dags/example_short_circuit_operator.py for tasks to queue
[2024-09-09T01:59:39.901+0000] {logging_mixin.py:137} INFO - [2024-09-09T01:59:39.901+0000] {dagbag.py:538} INFO - Filling up the DagBag from /home/airflow/.local/lib/python3.7/site-packages/airflow/example_dags/example_short_circuit_operator.py
[2024-09-09T01:59:39.920+0000] {processor.py:753} INFO - DAG(s) dict_keys(['example_short_circuit_operator']) retrieved from /home/airflow/.local/lib/python3.7/site-packages/airflow/example_dags/example_short_circuit_operator.py
[2024-09-09T01:59:39.967+0000] {logging_mixin.py:137} INFO - [2024-09-09T01:59:39.967+0000] {dag.py:2676} INFO - Sync 1 DAGs
[2024-09-09T01:59:40.028+0000] {logging_mixin.py:137} INFO - [2024-09-09T01:59:40.028+0000] {dag.py:3427} INFO - Setting next_dagrun for example_short_circuit_operator to 2024-09-08T01:59:40.027724+00:00, run_after=2024-09-09T01:59:40.027724+00:00
[2024-09-09T01:59:40.052+0000] {processor.py:175} INFO - Processing /home/airflow/.local/lib/python3.7/site-packages/airflow/example_dags/example_short_circuit_operator.py took 0.155 seconds
[2024-09-09T02:00:10.157+0000] {processor.py:153} INFO - Started process (PID=4754) to work on /home/airflow/.local/lib/python3.7/site-packages/airflow/example_dags/example_short_circuit_operator.py
[2024-09-09T02:00:10.158+0000] {processor.py:743} INFO - Processing file /home/airflow/.local/lib/python3.7/site-packages/airflow/example_dags/example_short_circuit_operator.py for tasks to queue
[2024-09-09T02:00:10.158+0000] {logging_mixin.py:137} INFO - [2024-09-09T02:00:10.158+0000] {dagbag.py:538} INFO - Filling up the DagBag from /home/airflow/.local/lib/python3.7/site-packages/airflow/example_dags/example_short_circuit_operator.py
[2024-09-09T02:00:10.171+0000] {processor.py:753} INFO - DAG(s) dict_keys(['example_short_circuit_operator']) retrieved from /home/airflow/.local/lib/python3.7/site-packages/airflow/example_dags/example_short_circuit_operator.py
[2024-09-09T02:00:10.199+0000] {logging_mixin.py:137} INFO - [2024-09-09T02:00:10.199+0000] {dag.py:2676} INFO - Sync 1 DAGs
[2024-09-09T02:00:10.218+0000] {logging_mixin.py:137} INFO - [2024-09-09T02:00:10.218+0000] {dag.py:3427} INFO - Setting next_dagrun for example_short_circuit_operator to 2024-09-08T02:00:10.217943+00:00, run_after=2024-09-09T02:00:10.217943+00:00
[2024-09-09T02:00:10.238+0000] {processor.py:175} INFO - Processing /home/airflow/.local/lib/python3.7/site-packages/airflow/example_dags/example_short_circuit_operator.py took 0.084 seconds
[2024-09-09T02:00:40.623+0000] {processor.py:153} INFO - Started process (PID=4878) to work on /home/airflow/.local/lib/python3.7/site-packages/airflow/example_dags/example_short_circuit_operator.py
[2024-09-09T02:00:40.625+0000] {processor.py:743} INFO - Processing file /home/airflow/.local/lib/python3.7/site-packages/airflow/example_dags/example_short_circuit_operator.py for tasks to queue
[2024-09-09T02:00:40.626+0000] {logging_mixin.py:137} INFO - [2024-09-09T02:00:40.625+0000] {dagbag.py:538} INFO - Filling up the DagBag from /home/airflow/.local/lib/python3.7/site-packages/airflow/example_dags/example_short_circuit_operator.py
[2024-09-09T02:00:40.638+0000] {processor.py:753} INFO - DAG(s) dict_keys(['example_short_circuit_operator']) retrieved from /home/airflow/.local/lib/python3.7/site-packages/airflow/example_dags/example_short_circuit_operator.py
[2024-09-09T02:00:40.665+0000] {logging_mixin.py:137} INFO - [2024-09-09T02:00:40.665+0000] {dag.py:2676} INFO - Sync 1 DAGs
[2024-09-09T02:00:40.684+0000] {logging_mixin.py:137} INFO - [2024-09-09T02:00:40.684+0000] {dag.py:3427} INFO - Setting next_dagrun for example_short_circuit_operator to 2024-09-08T02:00:40.684394+00:00, run_after=2024-09-09T02:00:40.684394+00:00
[2024-09-09T02:00:40.702+0000] {processor.py:175} INFO - Processing /home/airflow/.local/lib/python3.7/site-packages/airflow/example_dags/example_short_circuit_operator.py took 0.082 seconds
[2024-09-09T02:01:10.736+0000] {processor.py:153} INFO - Started process (PID=4974) to work on /home/airflow/.local/lib/python3.7/site-packages/airflow/example_dags/example_short_circuit_operator.py
[2024-09-09T02:01:10.737+0000] {processor.py:743} INFO - Processing file /home/airflow/.local/lib/python3.7/site-packages/airflow/example_dags/example_short_circuit_operator.py for tasks to queue
[2024-09-09T02:01:10.738+0000] {logging_mixin.py:137} INFO - [2024-09-09T02:01:10.738+0000] {dagbag.py:538} INFO - Filling up the DagBag from /home/airflow/.local/lib/python3.7/site-packages/airflow/example_dags/example_short_circuit_operator.py
[2024-09-09T02:01:10.749+0000] {processor.py:753} INFO - DAG(s) dict_keys(['example_short_circuit_operator']) retrieved from /home/airflow/.local/lib/python3.7/site-packages/airflow/example_dags/example_short_circuit_operator.py
[2024-09-09T02:01:10.778+0000] {logging_mixin.py:137} INFO - [2024-09-09T02:01:10.778+0000] {dag.py:2676} INFO - Sync 1 DAGs
[2024-09-09T02:01:10.797+0000] {logging_mixin.py:137} INFO - [2024-09-09T02:01:10.797+0000] {dag.py:3427} INFO - Setting next_dagrun for example_short_circuit_operator to 2024-09-08T02:01:10.797274+00:00, run_after=2024-09-09T02:01:10.797274+00:00
[2024-09-09T02:01:10.814+0000] {processor.py:175} INFO - Processing /home/airflow/.local/lib/python3.7/site-packages/airflow/example_dags/example_short_circuit_operator.py took 0.080 seconds
[2024-09-09T02:01:40.946+0000] {processor.py:153} INFO - Started process (PID=5098) to work on /home/airflow/.local/lib/python3.7/site-packages/airflow/example_dags/example_short_circuit_operator.py
[2024-09-09T02:01:40.957+0000] {processor.py:743} INFO - Processing file /home/airflow/.local/lib/python3.7/site-packages/airflow/example_dags/example_short_circuit_operator.py for tasks to queue
[2024-09-09T02:01:40.958+0000] {logging_mixin.py:137} INFO - [2024-09-09T02:01:40.958+0000] {dagbag.py:538} INFO - Filling up the DagBag from /home/airflow/.local/lib/python3.7/site-packages/airflow/example_dags/example_short_circuit_operator.py
[2024-09-09T02:01:40.969+0000] {processor.py:753} INFO - DAG(s) dict_keys(['example_short_circuit_operator']) retrieved from /home/airflow/.local/lib/python3.7/site-packages/airflow/example_dags/example_short_circuit_operator.py
[2024-09-09T02:01:40.998+0000] {logging_mixin.py:137} INFO - [2024-09-09T02:01:40.998+0000] {dag.py:2676} INFO - Sync 1 DAGs
[2024-09-09T02:01:41.017+0000] {logging_mixin.py:137} INFO - [2024-09-09T02:01:41.017+0000] {dag.py:3427} INFO - Setting next_dagrun for example_short_circuit_operator to 2024-09-08T02:01:41.017174+00:00, run_after=2024-09-09T02:01:41.017174+00:00
[2024-09-09T02:01:41.037+0000] {processor.py:175} INFO - Processing /home/airflow/.local/lib/python3.7/site-packages/airflow/example_dags/example_short_circuit_operator.py took 0.093 seconds
[2024-09-09T02:02:11.152+0000] {processor.py:153} INFO - Started process (PID=5193) to work on /home/airflow/.local/lib/python3.7/site-packages/airflow/example_dags/example_short_circuit_operator.py
[2024-09-09T02:02:11.154+0000] {processor.py:743} INFO - Processing file /home/airflow/.local/lib/python3.7/site-packages/airflow/example_dags/example_short_circuit_operator.py for tasks to queue
[2024-09-09T02:02:11.154+0000] {logging_mixin.py:137} INFO - [2024-09-09T02:02:11.154+0000] {dagbag.py:538} INFO - Filling up the DagBag from /home/airflow/.local/lib/python3.7/site-packages/airflow/example_dags/example_short_circuit_operator.py
[2024-09-09T02:02:11.167+0000] {processor.py:753} INFO - DAG(s) dict_keys(['example_short_circuit_operator']) retrieved from /home/airflow/.local/lib/python3.7/site-packages/airflow/example_dags/example_short_circuit_operator.py
[2024-09-09T02:02:11.197+0000] {logging_mixin.py:137} INFO - [2024-09-09T02:02:11.197+0000] {dag.py:2676} INFO - Sync 1 DAGs
[2024-09-09T02:02:11.216+0000] {logging_mixin.py:137} INFO - [2024-09-09T02:02:11.215+0000] {dag.py:3427} INFO - Setting next_dagrun for example_short_circuit_operator to 2024-09-08T02:02:11.215673+00:00, run_after=2024-09-09T02:02:11.215673+00:00
[2024-09-09T02:02:11.234+0000] {processor.py:175} INFO - Processing /home/airflow/.local/lib/python3.7/site-packages/airflow/example_dags/example_short_circuit_operator.py took 0.085 seconds
[2024-09-09T02:02:41.437+0000] {processor.py:153} INFO - Started process (PID=5317) to work on /home/airflow/.local/lib/python3.7/site-packages/airflow/example_dags/example_short_circuit_operator.py
[2024-09-09T02:02:41.439+0000] {processor.py:743} INFO - Processing file /home/airflow/.local/lib/python3.7/site-packages/airflow/example_dags/example_short_circuit_operator.py for tasks to queue
[2024-09-09T02:02:41.440+0000] {logging_mixin.py:137} INFO - [2024-09-09T02:02:41.440+0000] {dagbag.py:538} INFO - Filling up the DagBag from /home/airflow/.local/lib/python3.7/site-packages/airflow/example_dags/example_short_circuit_operator.py
[2024-09-09T02:02:41.453+0000] {processor.py:753} INFO - DAG(s) dict_keys(['example_short_circuit_operator']) retrieved from /home/airflow/.local/lib/python3.7/site-packages/airflow/example_dags/example_short_circuit_operator.py
[2024-09-09T02:02:41.480+0000] {logging_mixin.py:137} INFO - [2024-09-09T02:02:41.480+0000] {dag.py:2676} INFO - Sync 1 DAGs
[2024-09-09T02:02:41.498+0000] {logging_mixin.py:137} INFO - [2024-09-09T02:02:41.498+0000] {dag.py:3427} INFO - Setting next_dagrun for example_short_circuit_operator to 2024-09-08T02:02:41.498119+00:00, run_after=2024-09-09T02:02:41.498119+00:00
[2024-09-09T02:02:41.518+0000] {processor.py:175} INFO - Processing /home/airflow/.local/lib/python3.7/site-packages/airflow/example_dags/example_short_circuit_operator.py took 0.084 seconds
[2024-09-09T02:03:11.795+0000] {processor.py:153} INFO - Started process (PID=5441) to work on /home/airflow/.local/lib/python3.7/site-packages/airflow/example_dags/example_short_circuit_operator.py
[2024-09-09T02:03:11.798+0000] {processor.py:743} INFO - Processing file /home/airflow/.local/lib/python3.7/site-packages/airflow/example_dags/example_short_circuit_operator.py for tasks to queue
[2024-09-09T02:03:11.798+0000] {logging_mixin.py:137} INFO - [2024-09-09T02:03:11.798+0000] {dagbag.py:538} INFO - Filling up the DagBag from /home/airflow/.local/lib/python3.7/site-packages/airflow/example_dags/example_short_circuit_operator.py
[2024-09-09T02:03:11.812+0000] {processor.py:753} INFO - DAG(s) dict_keys(['example_short_circuit_operator']) retrieved from /home/airflow/.local/lib/python3.7/site-packages/airflow/example_dags/example_short_circuit_operator.py
[2024-09-09T02:03:11.847+0000] {logging_mixin.py:137} INFO - [2024-09-09T02:03:11.846+0000] {dag.py:2676} INFO - Sync 1 DAGs
[2024-09-09T02:03:11.870+0000] {logging_mixin.py:137} INFO - [2024-09-09T02:03:11.870+0000] {dag.py:3427} INFO - Setting next_dagrun for example_short_circuit_operator to 2024-09-08T02:03:11.870126+00:00, run_after=2024-09-09T02:03:11.870126+00:00
[2024-09-09T02:03:11.895+0000] {processor.py:175} INFO - Processing /home/airflow/.local/lib/python3.7/site-packages/airflow/example_dags/example_short_circuit_operator.py took 0.103 seconds
[2024-09-09T02:03:42.089+0000] {processor.py:153} INFO - Started process (PID=5537) to work on /home/airflow/.local/lib/python3.7/site-packages/airflow/example_dags/example_short_circuit_operator.py
[2024-09-09T02:03:42.090+0000] {processor.py:743} INFO - Processing file /home/airflow/.local/lib/python3.7/site-packages/airflow/example_dags/example_short_circuit_operator.py for tasks to queue
[2024-09-09T02:03:42.091+0000] {logging_mixin.py:137} INFO - [2024-09-09T02:03:42.091+0000] {dagbag.py:538} INFO - Filling up the DagBag from /home/airflow/.local/lib/python3.7/site-packages/airflow/example_dags/example_short_circuit_operator.py
[2024-09-09T02:03:42.103+0000] {processor.py:753} INFO - DAG(s) dict_keys(['example_short_circuit_operator']) retrieved from /home/airflow/.local/lib/python3.7/site-packages/airflow/example_dags/example_short_circuit_operator.py
[2024-09-09T02:03:42.133+0000] {logging_mixin.py:137} INFO - [2024-09-09T02:03:42.133+0000] {dag.py:2676} INFO - Sync 1 DAGs
[2024-09-09T02:03:42.153+0000] {logging_mixin.py:137} INFO - [2024-09-09T02:03:42.152+0000] {dag.py:3427} INFO - Setting next_dagrun for example_short_circuit_operator to 2024-09-08T02:03:42.152685+00:00, run_after=2024-09-09T02:03:42.152685+00:00
[2024-09-09T02:03:42.171+0000] {processor.py:175} INFO - Processing /home/airflow/.local/lib/python3.7/site-packages/airflow/example_dags/example_short_circuit_operator.py took 0.084 seconds
[2024-09-09T02:04:12.302+0000] {processor.py:153} INFO - Started process (PID=5661) to work on /home/airflow/.local/lib/python3.7/site-packages/airflow/example_dags/example_short_circuit_operator.py
[2024-09-09T02:04:12.313+0000] {processor.py:743} INFO - Processing file /home/airflow/.local/lib/python3.7/site-packages/airflow/example_dags/example_short_circuit_operator.py for tasks to queue
[2024-09-09T02:04:12.313+0000] {logging_mixin.py:137} INFO - [2024-09-09T02:04:12.313+0000] {dagbag.py:538} INFO - Filling up the DagBag from /home/airflow/.local/lib/python3.7/site-packages/airflow/example_dags/example_short_circuit_operator.py
[2024-09-09T02:04:12.326+0000] {processor.py:753} INFO - DAG(s) dict_keys(['example_short_circuit_operator']) retrieved from /home/airflow/.local/lib/python3.7/site-packages/airflow/example_dags/example_short_circuit_operator.py
[2024-09-09T02:04:12.355+0000] {logging_mixin.py:137} INFO - [2024-09-09T02:04:12.354+0000] {dag.py:2676} INFO - Sync 1 DAGs
[2024-09-09T02:04:12.373+0000] {logging_mixin.py:137} INFO - [2024-09-09T02:04:12.372+0000] {dag.py:3427} INFO - Setting next_dagrun for example_short_circuit_operator to 2024-09-08T02:04:12.372784+00:00, run_after=2024-09-09T02:04:12.372784+00:00
[2024-09-09T02:04:12.391+0000] {processor.py:175} INFO - Processing /home/airflow/.local/lib/python3.7/site-packages/airflow/example_dags/example_short_circuit_operator.py took 0.091 seconds
[2024-09-09T02:04:42.682+0000] {processor.py:153} INFO - Started process (PID=5757) to work on /home/airflow/.local/lib/python3.7/site-packages/airflow/example_dags/example_short_circuit_operator.py
[2024-09-09T02:04:42.683+0000] {processor.py:743} INFO - Processing file /home/airflow/.local/lib/python3.7/site-packages/airflow/example_dags/example_short_circuit_operator.py for tasks to queue
[2024-09-09T02:04:42.683+0000] {logging_mixin.py:137} INFO - [2024-09-09T02:04:42.683+0000] {dagbag.py:538} INFO - Filling up the DagBag from /home/airflow/.local/lib/python3.7/site-packages/airflow/example_dags/example_short_circuit_operator.py
[2024-09-09T02:04:42.696+0000] {processor.py:753} INFO - DAG(s) dict_keys(['example_short_circuit_operator']) retrieved from /home/airflow/.local/lib/python3.7/site-packages/airflow/example_dags/example_short_circuit_operator.py
[2024-09-09T02:04:42.725+0000] {logging_mixin.py:137} INFO - [2024-09-09T02:04:42.725+0000] {dag.py:2676} INFO - Sync 1 DAGs
[2024-09-09T02:04:42.761+0000] {logging_mixin.py:137} INFO - [2024-09-09T02:04:42.761+0000] {dag.py:3427} INFO - Setting next_dagrun for example_short_circuit_operator to 2024-09-08T02:04:42.761187+00:00, run_after=2024-09-09T02:04:42.761187+00:00
[2024-09-09T02:04:42.791+0000] {processor.py:175} INFO - Processing /home/airflow/.local/lib/python3.7/site-packages/airflow/example_dags/example_short_circuit_operator.py took 0.112 seconds
[2024-09-09T02:05:13.059+0000] {processor.py:153} INFO - Started process (PID=5881) to work on /home/airflow/.local/lib/python3.7/site-packages/airflow/example_dags/example_short_circuit_operator.py
[2024-09-09T02:05:13.061+0000] {processor.py:743} INFO - Processing file /home/airflow/.local/lib/python3.7/site-packages/airflow/example_dags/example_short_circuit_operator.py for tasks to queue
[2024-09-09T02:05:13.062+0000] {logging_mixin.py:137} INFO - [2024-09-09T02:05:13.062+0000] {dagbag.py:538} INFO - Filling up the DagBag from /home/airflow/.local/lib/python3.7/site-packages/airflow/example_dags/example_short_circuit_operator.py
[2024-09-09T02:05:13.077+0000] {processor.py:753} INFO - DAG(s) dict_keys(['example_short_circuit_operator']) retrieved from /home/airflow/.local/lib/python3.7/site-packages/airflow/example_dags/example_short_circuit_operator.py
[2024-09-09T02:05:13.110+0000] {logging_mixin.py:137} INFO - [2024-09-09T02:05:13.109+0000] {dag.py:2676} INFO - Sync 1 DAGs
[2024-09-09T02:05:13.133+0000] {logging_mixin.py:137} INFO - [2024-09-09T02:05:13.132+0000] {dag.py:3427} INFO - Setting next_dagrun for example_short_circuit_operator to 2024-09-08T02:05:13.132654+00:00, run_after=2024-09-09T02:05:13.132654+00:00
[2024-09-09T02:05:13.153+0000] {processor.py:175} INFO - Processing /home/airflow/.local/lib/python3.7/site-packages/airflow/example_dags/example_short_circuit_operator.py took 0.096 seconds
[2024-09-09T02:05:43.574+0000] {processor.py:153} INFO - Started process (PID=5986) to work on /home/airflow/.local/lib/python3.7/site-packages/airflow/example_dags/example_short_circuit_operator.py
[2024-09-09T02:05:43.576+0000] {processor.py:743} INFO - Processing file /home/airflow/.local/lib/python3.7/site-packages/airflow/example_dags/example_short_circuit_operator.py for tasks to queue
[2024-09-09T02:05:43.577+0000] {logging_mixin.py:137} INFO - [2024-09-09T02:05:43.576+0000] {dagbag.py:538} INFO - Filling up the DagBag from /home/airflow/.local/lib/python3.7/site-packages/airflow/example_dags/example_short_circuit_operator.py
[2024-09-09T02:05:43.591+0000] {processor.py:753} INFO - DAG(s) dict_keys(['example_short_circuit_operator']) retrieved from /home/airflow/.local/lib/python3.7/site-packages/airflow/example_dags/example_short_circuit_operator.py
[2024-09-09T02:05:43.627+0000] {logging_mixin.py:137} INFO - [2024-09-09T02:05:43.627+0000] {dag.py:2676} INFO - Sync 1 DAGs
[2024-09-09T02:05:43.651+0000] {logging_mixin.py:137} INFO - [2024-09-09T02:05:43.651+0000] {dag.py:3427} INFO - Setting next_dagrun for example_short_circuit_operator to 2024-09-08T02:05:43.651400+00:00, run_after=2024-09-09T02:05:43.651400+00:00
[2024-09-09T02:05:43.674+0000] {processor.py:175} INFO - Processing /home/airflow/.local/lib/python3.7/site-packages/airflow/example_dags/example_short_circuit_operator.py took 0.103 seconds
[2024-09-09T02:06:13.718+0000] {processor.py:153} INFO - Started process (PID=6101) to work on /home/airflow/.local/lib/python3.7/site-packages/airflow/example_dags/example_short_circuit_operator.py
[2024-09-09T02:06:13.720+0000] {processor.py:743} INFO - Processing file /home/airflow/.local/lib/python3.7/site-packages/airflow/example_dags/example_short_circuit_operator.py for tasks to queue
[2024-09-09T02:06:13.721+0000] {logging_mixin.py:137} INFO - [2024-09-09T02:06:13.720+0000] {dagbag.py:538} INFO - Filling up the DagBag from /home/airflow/.local/lib/python3.7/site-packages/airflow/example_dags/example_short_circuit_operator.py
[2024-09-09T02:06:13.733+0000] {processor.py:753} INFO - DAG(s) dict_keys(['example_short_circuit_operator']) retrieved from /home/airflow/.local/lib/python3.7/site-packages/airflow/example_dags/example_short_circuit_operator.py
[2024-09-09T02:06:13.761+0000] {logging_mixin.py:137} INFO - [2024-09-09T02:06:13.761+0000] {dag.py:2676} INFO - Sync 1 DAGs
[2024-09-09T02:06:13.779+0000] {logging_mixin.py:137} INFO - [2024-09-09T02:06:13.779+0000] {dag.py:3427} INFO - Setting next_dagrun for example_short_circuit_operator to 2024-09-08T02:06:13.779391+00:00, run_after=2024-09-09T02:06:13.779391+00:00
[2024-09-09T02:06:13.796+0000] {processor.py:175} INFO - Processing /home/airflow/.local/lib/python3.7/site-packages/airflow/example_dags/example_short_circuit_operator.py took 0.080 seconds
[2024-09-09T02:06:43.996+0000] {processor.py:153} INFO - Started process (PID=6225) to work on /home/airflow/.local/lib/python3.7/site-packages/airflow/example_dags/example_short_circuit_operator.py
[2024-09-09T02:06:44.008+0000] {processor.py:743} INFO - Processing file /home/airflow/.local/lib/python3.7/site-packages/airflow/example_dags/example_short_circuit_operator.py for tasks to queue
[2024-09-09T02:06:44.009+0000] {logging_mixin.py:137} INFO - [2024-09-09T02:06:44.008+0000] {dagbag.py:538} INFO - Filling up the DagBag from /home/airflow/.local/lib/python3.7/site-packages/airflow/example_dags/example_short_circuit_operator.py
[2024-09-09T02:06:44.021+0000] {processor.py:753} INFO - DAG(s) dict_keys(['example_short_circuit_operator']) retrieved from /home/airflow/.local/lib/python3.7/site-packages/airflow/example_dags/example_short_circuit_operator.py
[2024-09-09T02:06:44.055+0000] {logging_mixin.py:137} INFO - [2024-09-09T02:06:44.055+0000] {dag.py:2676} INFO - Sync 1 DAGs
[2024-09-09T02:06:44.077+0000] {logging_mixin.py:137} INFO - [2024-09-09T02:06:44.077+0000] {dag.py:3427} INFO - Setting next_dagrun for example_short_circuit_operator to 2024-09-08T02:06:44.077135+00:00, run_after=2024-09-09T02:06:44.077135+00:00
[2024-09-09T02:06:44.096+0000] {processor.py:175} INFO - Processing /home/airflow/.local/lib/python3.7/site-packages/airflow/example_dags/example_short_circuit_operator.py took 0.102 seconds
[2024-09-09T02:07:14.412+0000] {processor.py:153} INFO - Started process (PID=6321) to work on /home/airflow/.local/lib/python3.7/site-packages/airflow/example_dags/example_short_circuit_operator.py
[2024-09-09T02:07:14.414+0000] {processor.py:743} INFO - Processing file /home/airflow/.local/lib/python3.7/site-packages/airflow/example_dags/example_short_circuit_operator.py for tasks to queue
[2024-09-09T02:07:14.414+0000] {logging_mixin.py:137} INFO - [2024-09-09T02:07:14.414+0000] {dagbag.py:538} INFO - Filling up the DagBag from /home/airflow/.local/lib/python3.7/site-packages/airflow/example_dags/example_short_circuit_operator.py
[2024-09-09T02:07:14.428+0000] {processor.py:753} INFO - DAG(s) dict_keys(['example_short_circuit_operator']) retrieved from /home/airflow/.local/lib/python3.7/site-packages/airflow/example_dags/example_short_circuit_operator.py
[2024-09-09T02:07:14.461+0000] {logging_mixin.py:137} INFO - [2024-09-09T02:07:14.461+0000] {dag.py:2676} INFO - Sync 1 DAGs
[2024-09-09T02:07:14.482+0000] {logging_mixin.py:137} INFO - [2024-09-09T02:07:14.482+0000] {dag.py:3427} INFO - Setting next_dagrun for example_short_circuit_operator to 2024-09-08T02:07:14.481883+00:00, run_after=2024-09-09T02:07:14.481883+00:00
[2024-09-09T02:07:14.502+0000] {processor.py:175} INFO - Processing /home/airflow/.local/lib/python3.7/site-packages/airflow/example_dags/example_short_circuit_operator.py took 0.092 seconds
[2024-09-09T02:07:44.888+0000] {processor.py:153} INFO - Started process (PID=6445) to work on /home/airflow/.local/lib/python3.7/site-packages/airflow/example_dags/example_short_circuit_operator.py
[2024-09-09T02:07:44.889+0000] {processor.py:743} INFO - Processing file /home/airflow/.local/lib/python3.7/site-packages/airflow/example_dags/example_short_circuit_operator.py for tasks to queue
[2024-09-09T02:07:44.889+0000] {logging_mixin.py:137} INFO - [2024-09-09T02:07:44.889+0000] {dagbag.py:538} INFO - Filling up the DagBag from /home/airflow/.local/lib/python3.7/site-packages/airflow/example_dags/example_short_circuit_operator.py
[2024-09-09T02:07:44.903+0000] {processor.py:753} INFO - DAG(s) dict_keys(['example_short_circuit_operator']) retrieved from /home/airflow/.local/lib/python3.7/site-packages/airflow/example_dags/example_short_circuit_operator.py
[2024-09-09T02:07:44.947+0000] {logging_mixin.py:137} INFO - [2024-09-09T02:07:44.947+0000] {dag.py:2676} INFO - Sync 1 DAGs
[2024-09-09T02:07:44.978+0000] {logging_mixin.py:137} INFO - [2024-09-09T02:07:44.978+0000] {dag.py:3427} INFO - Setting next_dagrun for example_short_circuit_operator to 2024-09-08T02:07:44.978133+00:00, run_after=2024-09-09T02:07:44.978133+00:00
[2024-09-09T02:07:45.006+0000] {processor.py:175} INFO - Processing /home/airflow/.local/lib/python3.7/site-packages/airflow/example_dags/example_short_circuit_operator.py took 0.121 seconds
[2024-09-09T02:08:15.322+0000] {processor.py:153} INFO - Started process (PID=6541) to work on /home/airflow/.local/lib/python3.7/site-packages/airflow/example_dags/example_short_circuit_operator.py
[2024-09-09T02:08:15.335+0000] {processor.py:743} INFO - Processing file /home/airflow/.local/lib/python3.7/site-packages/airflow/example_dags/example_short_circuit_operator.py for tasks to queue
[2024-09-09T02:08:15.335+0000] {logging_mixin.py:137} INFO - [2024-09-09T02:08:15.335+0000] {dagbag.py:538} INFO - Filling up the DagBag from /home/airflow/.local/lib/python3.7/site-packages/airflow/example_dags/example_short_circuit_operator.py
[2024-09-09T02:08:15.352+0000] {processor.py:753} INFO - DAG(s) dict_keys(['example_short_circuit_operator']) retrieved from /home/airflow/.local/lib/python3.7/site-packages/airflow/example_dags/example_short_circuit_operator.py
[2024-09-09T02:08:15.389+0000] {logging_mixin.py:137} INFO - [2024-09-09T02:08:15.389+0000] {dag.py:2676} INFO - Sync 1 DAGs
[2024-09-09T02:08:15.411+0000] {logging_mixin.py:137} INFO - [2024-09-09T02:08:15.411+0000] {dag.py:3427} INFO - Setting next_dagrun for example_short_circuit_operator to 2024-09-08T02:08:15.411477+00:00, run_after=2024-09-09T02:08:15.411477+00:00
[2024-09-09T02:08:15.429+0000] {processor.py:175} INFO - Processing /home/airflow/.local/lib/python3.7/site-packages/airflow/example_dags/example_short_circuit_operator.py took 0.111 seconds
[2024-09-09T02:08:45.495+0000] {processor.py:153} INFO - Started process (PID=6665) to work on /home/airflow/.local/lib/python3.7/site-packages/airflow/example_dags/example_short_circuit_operator.py
[2024-09-09T02:08:45.497+0000] {processor.py:743} INFO - Processing file /home/airflow/.local/lib/python3.7/site-packages/airflow/example_dags/example_short_circuit_operator.py for tasks to queue
[2024-09-09T02:08:45.498+0000] {logging_mixin.py:137} INFO - [2024-09-09T02:08:45.498+0000] {dagbag.py:538} INFO - Filling up the DagBag from /home/airflow/.local/lib/python3.7/site-packages/airflow/example_dags/example_short_circuit_operator.py
[2024-09-09T02:08:45.510+0000] {processor.py:753} INFO - DAG(s) dict_keys(['example_short_circuit_operator']) retrieved from /home/airflow/.local/lib/python3.7/site-packages/airflow/example_dags/example_short_circuit_operator.py
[2024-09-09T02:08:45.540+0000] {logging_mixin.py:137} INFO - [2024-09-09T02:08:45.539+0000] {dag.py:2676} INFO - Sync 1 DAGs
[2024-09-09T02:08:45.566+0000] {logging_mixin.py:137} INFO - [2024-09-09T02:08:45.565+0000] {dag.py:3427} INFO - Setting next_dagrun for example_short_circuit_operator to 2024-09-08T02:08:45.565690+00:00, run_after=2024-09-09T02:08:45.565690+00:00
[2024-09-09T02:08:45.586+0000] {processor.py:175} INFO - Processing /home/airflow/.local/lib/python3.7/site-packages/airflow/example_dags/example_short_circuit_operator.py took 0.093 seconds
[2024-09-09T02:09:15.670+0000] {processor.py:153} INFO - Started process (PID=6767) to work on /home/airflow/.local/lib/python3.7/site-packages/airflow/example_dags/example_short_circuit_operator.py
[2024-09-09T02:09:15.672+0000] {processor.py:743} INFO - Processing file /home/airflow/.local/lib/python3.7/site-packages/airflow/example_dags/example_short_circuit_operator.py for tasks to queue
[2024-09-09T02:09:15.673+0000] {logging_mixin.py:137} INFO - [2024-09-09T02:09:15.673+0000] {dagbag.py:538} INFO - Filling up the DagBag from /home/airflow/.local/lib/python3.7/site-packages/airflow/example_dags/example_short_circuit_operator.py
[2024-09-09T02:09:15.687+0000] {processor.py:753} INFO - DAG(s) dict_keys(['example_short_circuit_operator']) retrieved from /home/airflow/.local/lib/python3.7/site-packages/airflow/example_dags/example_short_circuit_operator.py
[2024-09-09T02:09:15.719+0000] {logging_mixin.py:137} INFO - [2024-09-09T02:09:15.719+0000] {dag.py:2676} INFO - Sync 1 DAGs
[2024-09-09T02:09:15.741+0000] {logging_mixin.py:137} INFO - [2024-09-09T02:09:15.741+0000] {dag.py:3427} INFO - Setting next_dagrun for example_short_circuit_operator to 2024-09-08T02:09:15.741363+00:00, run_after=2024-09-09T02:09:15.741363+00:00
[2024-09-09T02:09:15.762+0000] {processor.py:175} INFO - Processing /home/airflow/.local/lib/python3.7/site-packages/airflow/example_dags/example_short_circuit_operator.py took 0.094 seconds
[2024-09-09T02:09:46.028+0000] {processor.py:153} INFO - Started process (PID=6883) to work on /home/airflow/.local/lib/python3.7/site-packages/airflow/example_dags/example_short_circuit_operator.py
[2024-09-09T02:09:46.029+0000] {processor.py:743} INFO - Processing file /home/airflow/.local/lib/python3.7/site-packages/airflow/example_dags/example_short_circuit_operator.py for tasks to queue
[2024-09-09T02:09:46.029+0000] {logging_mixin.py:137} INFO - [2024-09-09T02:09:46.029+0000] {dagbag.py:538} INFO - Filling up the DagBag from /home/airflow/.local/lib/python3.7/site-packages/airflow/example_dags/example_short_circuit_operator.py
[2024-09-09T02:09:46.041+0000] {processor.py:753} INFO - DAG(s) dict_keys(['example_short_circuit_operator']) retrieved from /home/airflow/.local/lib/python3.7/site-packages/airflow/example_dags/example_short_circuit_operator.py
[2024-09-09T02:09:46.071+0000] {logging_mixin.py:137} INFO - [2024-09-09T02:09:46.071+0000] {dag.py:2676} INFO - Sync 1 DAGs
[2024-09-09T02:09:46.092+0000] {logging_mixin.py:137} INFO - [2024-09-09T02:09:46.091+0000] {dag.py:3427} INFO - Setting next_dagrun for example_short_circuit_operator to 2024-09-08T02:09:46.091693+00:00, run_after=2024-09-09T02:09:46.091693+00:00
[2024-09-09T02:09:46.109+0000] {processor.py:175} INFO - Processing /home/airflow/.local/lib/python3.7/site-packages/airflow/example_dags/example_short_circuit_operator.py took 0.084 seconds
[2024-09-09T02:10:16.144+0000] {processor.py:153} INFO - Started process (PID=7006) to work on /home/airflow/.local/lib/python3.7/site-packages/airflow/example_dags/example_short_circuit_operator.py
[2024-09-09T02:10:16.144+0000] {processor.py:743} INFO - Processing file /home/airflow/.local/lib/python3.7/site-packages/airflow/example_dags/example_short_circuit_operator.py for tasks to queue
[2024-09-09T02:10:16.145+0000] {logging_mixin.py:137} INFO - [2024-09-09T02:10:16.145+0000] {dagbag.py:538} INFO - Filling up the DagBag from /home/airflow/.local/lib/python3.7/site-packages/airflow/example_dags/example_short_circuit_operator.py
[2024-09-09T02:10:16.158+0000] {processor.py:753} INFO - DAG(s) dict_keys(['example_short_circuit_operator']) retrieved from /home/airflow/.local/lib/python3.7/site-packages/airflow/example_dags/example_short_circuit_operator.py
[2024-09-09T02:10:16.187+0000] {logging_mixin.py:137} INFO - [2024-09-09T02:10:16.187+0000] {dag.py:2676} INFO - Sync 1 DAGs
[2024-09-09T02:10:16.206+0000] {logging_mixin.py:137} INFO - [2024-09-09T02:10:16.205+0000] {dag.py:3427} INFO - Setting next_dagrun for example_short_circuit_operator to 2024-09-08T02:10:16.205801+00:00, run_after=2024-09-09T02:10:16.205801+00:00
[2024-09-09T02:10:16.223+0000] {processor.py:175} INFO - Processing /home/airflow/.local/lib/python3.7/site-packages/airflow/example_dags/example_short_circuit_operator.py took 0.082 seconds
