[2024-09-09T01:38:53.094+0000] {processor.py:153} INFO - Started process (PID=51) to work on /home/airflow/.local/lib/python3.7/site-packages/airflow/example_dags/example_complex.py
[2024-09-09T01:38:53.095+0000] {processor.py:743} INFO - Processing file /home/airflow/.local/lib/python3.7/site-packages/airflow/example_dags/example_complex.py for tasks to queue
[2024-09-09T01:38:53.097+0000] {logging_mixin.py:137} INFO - [2024-09-09T01:38:53.097+0000] {dagbag.py:538} INFO - Filling up the DagBag from /home/airflow/.local/lib/python3.7/site-packages/airflow/example_dags/example_complex.py
[2024-09-09T01:38:53.143+0000] {logging_mixin.py:137} INFO - [2024-09-09T01:38:53.143+0000] {taskmixin.py:205} WARNING - Dependency <Task(BashOperator): create_entry_group>, delete_entry_group already registered for DAG: example_complex
[2024-09-09T01:38:53.143+0000] {logging_mixin.py:137} INFO - [2024-09-09T01:38:53.143+0000] {taskmixin.py:205} WARNING - Dependency <Task(BashOperator): delete_entry_group>, create_entry_group already registered for DAG: example_complex
[2024-09-09T01:38:53.144+0000] {logging_mixin.py:137} INFO - [2024-09-09T01:38:53.144+0000] {taskmixin.py:205} WARNING - Dependency <Task(BashOperator): create_entry_gcs>, delete_entry already registered for DAG: example_complex
[2024-09-09T01:38:53.144+0000] {logging_mixin.py:137} INFO - [2024-09-09T01:38:53.144+0000] {taskmixin.py:205} WARNING - Dependency <Task(BashOperator): delete_entry>, create_entry_gcs already registered for DAG: example_complex
[2024-09-09T01:38:53.144+0000] {logging_mixin.py:137} INFO - [2024-09-09T01:38:53.144+0000] {taskmixin.py:205} WARNING - Dependency <Task(BashOperator): create_tag>, delete_tag already registered for DAG: example_complex
[2024-09-09T01:38:53.144+0000] {logging_mixin.py:137} INFO - [2024-09-09T01:38:53.144+0000] {taskmixin.py:205} WARNING - Dependency <Task(BashOperator): delete_tag>, create_tag already registered for DAG: example_complex
[2024-09-09T01:38:53.162+0000] {processor.py:753} INFO - DAG(s) dict_keys(['example_complex']) retrieved from /home/airflow/.local/lib/python3.7/site-packages/airflow/example_dags/example_complex.py
[2024-09-09T01:38:53.271+0000] {logging_mixin.py:137} INFO - [2024-09-09T01:38:53.270+0000] {dag.py:2676} INFO - Sync 1 DAGs
[2024-09-09T01:38:53.333+0000] {logging_mixin.py:137} INFO - [2024-09-09T01:38:53.333+0000] {dag.py:3427} INFO - Setting next_dagrun for example_complex to None, run_after=None
[2024-09-09T01:38:53.365+0000] {processor.py:175} INFO - Processing /home/airflow/.local/lib/python3.7/site-packages/airflow/example_dags/example_complex.py took 0.279 seconds
[2024-09-09T01:39:23.602+0000] {processor.py:153} INFO - Started process (PID=174) to work on /home/airflow/.local/lib/python3.7/site-packages/airflow/example_dags/example_complex.py
[2024-09-09T01:39:23.603+0000] {processor.py:743} INFO - Processing file /home/airflow/.local/lib/python3.7/site-packages/airflow/example_dags/example_complex.py for tasks to queue
[2024-09-09T01:39:23.604+0000] {logging_mixin.py:137} INFO - [2024-09-09T01:39:23.604+0000] {dagbag.py:538} INFO - Filling up the DagBag from /home/airflow/.local/lib/python3.7/site-packages/airflow/example_dags/example_complex.py
[2024-09-09T01:39:23.616+0000] {logging_mixin.py:137} INFO - [2024-09-09T01:39:23.616+0000] {taskmixin.py:205} WARNING - Dependency <Task(BashOperator): create_entry_group>, delete_entry_group already registered for DAG: example_complex
[2024-09-09T01:39:23.616+0000] {logging_mixin.py:137} INFO - [2024-09-09T01:39:23.616+0000] {taskmixin.py:205} WARNING - Dependency <Task(BashOperator): delete_entry_group>, create_entry_group already registered for DAG: example_complex
[2024-09-09T01:39:23.617+0000] {logging_mixin.py:137} INFO - [2024-09-09T01:39:23.617+0000] {taskmixin.py:205} WARNING - Dependency <Task(BashOperator): create_entry_gcs>, delete_entry already registered for DAG: example_complex
[2024-09-09T01:39:23.617+0000] {logging_mixin.py:137} INFO - [2024-09-09T01:39:23.617+0000] {taskmixin.py:205} WARNING - Dependency <Task(BashOperator): delete_entry>, create_entry_gcs already registered for DAG: example_complex
[2024-09-09T01:39:23.617+0000] {logging_mixin.py:137} INFO - [2024-09-09T01:39:23.617+0000] {taskmixin.py:205} WARNING - Dependency <Task(BashOperator): create_tag>, delete_tag already registered for DAG: example_complex
[2024-09-09T01:39:23.617+0000] {logging_mixin.py:137} INFO - [2024-09-09T01:39:23.617+0000] {taskmixin.py:205} WARNING - Dependency <Task(BashOperator): delete_tag>, create_tag already registered for DAG: example_complex
[2024-09-09T01:39:23.625+0000] {processor.py:753} INFO - DAG(s) dict_keys(['example_complex']) retrieved from /home/airflow/.local/lib/python3.7/site-packages/airflow/example_dags/example_complex.py
[2024-09-09T01:39:23.667+0000] {logging_mixin.py:137} INFO - [2024-09-09T01:39:23.667+0000] {dag.py:2676} INFO - Sync 1 DAGs
[2024-09-09T01:39:23.694+0000] {logging_mixin.py:137} INFO - [2024-09-09T01:39:23.694+0000] {dag.py:3427} INFO - Setting next_dagrun for example_complex to None, run_after=None
[2024-09-09T01:39:23.714+0000] {processor.py:175} INFO - Processing /home/airflow/.local/lib/python3.7/site-packages/airflow/example_dags/example_complex.py took 0.115 seconds
[2024-09-09T01:39:54.087+0000] {processor.py:153} INFO - Started process (PID=270) to work on /home/airflow/.local/lib/python3.7/site-packages/airflow/example_dags/example_complex.py
[2024-09-09T01:39:54.096+0000] {processor.py:743} INFO - Processing file /home/airflow/.local/lib/python3.7/site-packages/airflow/example_dags/example_complex.py for tasks to queue
[2024-09-09T01:39:54.120+0000] {logging_mixin.py:137} INFO - [2024-09-09T01:39:54.120+0000] {dagbag.py:538} INFO - Filling up the DagBag from /home/airflow/.local/lib/python3.7/site-packages/airflow/example_dags/example_complex.py
[2024-09-09T01:39:54.128+0000] {logging_mixin.py:137} INFO - [2024-09-09T01:39:54.128+0000] {taskmixin.py:205} WARNING - Dependency <Task(BashOperator): create_entry_group>, delete_entry_group already registered for DAG: example_complex
[2024-09-09T01:39:54.128+0000] {logging_mixin.py:137} INFO - [2024-09-09T01:39:54.128+0000] {taskmixin.py:205} WARNING - Dependency <Task(BashOperator): delete_entry_group>, create_entry_group already registered for DAG: example_complex
[2024-09-09T01:39:54.128+0000] {logging_mixin.py:137} INFO - [2024-09-09T01:39:54.128+0000] {taskmixin.py:205} WARNING - Dependency <Task(BashOperator): create_entry_gcs>, delete_entry already registered for DAG: example_complex
[2024-09-09T01:39:54.128+0000] {logging_mixin.py:137} INFO - [2024-09-09T01:39:54.128+0000] {taskmixin.py:205} WARNING - Dependency <Task(BashOperator): delete_entry>, create_entry_gcs already registered for DAG: example_complex
[2024-09-09T01:39:54.129+0000] {logging_mixin.py:137} INFO - [2024-09-09T01:39:54.129+0000] {taskmixin.py:205} WARNING - Dependency <Task(BashOperator): create_tag>, delete_tag already registered for DAG: example_complex
[2024-09-09T01:39:54.129+0000] {logging_mixin.py:137} INFO - [2024-09-09T01:39:54.129+0000] {taskmixin.py:205} WARNING - Dependency <Task(BashOperator): delete_tag>, create_tag already registered for DAG: example_complex
[2024-09-09T01:39:54.134+0000] {processor.py:753} INFO - DAG(s) dict_keys(['example_complex']) retrieved from /home/airflow/.local/lib/python3.7/site-packages/airflow/example_dags/example_complex.py
[2024-09-09T01:39:54.168+0000] {logging_mixin.py:137} INFO - [2024-09-09T01:39:54.167+0000] {dag.py:2676} INFO - Sync 1 DAGs
[2024-09-09T01:39:54.189+0000] {logging_mixin.py:137} INFO - [2024-09-09T01:39:54.188+0000] {dag.py:3427} INFO - Setting next_dagrun for example_complex to None, run_after=None
[2024-09-09T01:39:54.205+0000] {processor.py:175} INFO - Processing /home/airflow/.local/lib/python3.7/site-packages/airflow/example_dags/example_complex.py took 0.121 seconds
[2024-09-09T01:40:24.891+0000] {processor.py:153} INFO - Started process (PID=394) to work on /home/airflow/.local/lib/python3.7/site-packages/airflow/example_dags/example_complex.py
[2024-09-09T01:40:24.892+0000] {processor.py:743} INFO - Processing file /home/airflow/.local/lib/python3.7/site-packages/airflow/example_dags/example_complex.py for tasks to queue
[2024-09-09T01:40:24.893+0000] {logging_mixin.py:137} INFO - [2024-09-09T01:40:24.893+0000] {dagbag.py:538} INFO - Filling up the DagBag from /home/airflow/.local/lib/python3.7/site-packages/airflow/example_dags/example_complex.py
[2024-09-09T01:40:24.901+0000] {logging_mixin.py:137} INFO - [2024-09-09T01:40:24.901+0000] {taskmixin.py:205} WARNING - Dependency <Task(BashOperator): create_entry_group>, delete_entry_group already registered for DAG: example_complex
[2024-09-09T01:40:24.901+0000] {logging_mixin.py:137} INFO - [2024-09-09T01:40:24.901+0000] {taskmixin.py:205} WARNING - Dependency <Task(BashOperator): delete_entry_group>, create_entry_group already registered for DAG: example_complex
[2024-09-09T01:40:24.901+0000] {logging_mixin.py:137} INFO - [2024-09-09T01:40:24.901+0000] {taskmixin.py:205} WARNING - Dependency <Task(BashOperator): create_entry_gcs>, delete_entry already registered for DAG: example_complex
[2024-09-09T01:40:24.901+0000] {logging_mixin.py:137} INFO - [2024-09-09T01:40:24.901+0000] {taskmixin.py:205} WARNING - Dependency <Task(BashOperator): delete_entry>, create_entry_gcs already registered for DAG: example_complex
[2024-09-09T01:40:24.901+0000] {logging_mixin.py:137} INFO - [2024-09-09T01:40:24.901+0000] {taskmixin.py:205} WARNING - Dependency <Task(BashOperator): create_tag>, delete_tag already registered for DAG: example_complex
[2024-09-09T01:40:24.902+0000] {logging_mixin.py:137} INFO - [2024-09-09T01:40:24.902+0000] {taskmixin.py:205} WARNING - Dependency <Task(BashOperator): delete_tag>, create_tag already registered for DAG: example_complex
[2024-09-09T01:40:24.908+0000] {processor.py:753} INFO - DAG(s) dict_keys(['example_complex']) retrieved from /home/airflow/.local/lib/python3.7/site-packages/airflow/example_dags/example_complex.py
[2024-09-09T01:40:24.942+0000] {logging_mixin.py:137} INFO - [2024-09-09T01:40:24.942+0000] {dag.py:2676} INFO - Sync 1 DAGs
[2024-09-09T01:40:24.959+0000] {logging_mixin.py:137} INFO - [2024-09-09T01:40:24.959+0000] {dag.py:3427} INFO - Setting next_dagrun for example_complex to None, run_after=None
[2024-09-09T01:40:24.975+0000] {processor.py:175} INFO - Processing /home/airflow/.local/lib/python3.7/site-packages/airflow/example_dags/example_complex.py took 0.087 seconds
[2024-09-09T01:40:55.111+0000] {processor.py:153} INFO - Started process (PID=490) to work on /home/airflow/.local/lib/python3.7/site-packages/airflow/example_dags/example_complex.py
[2024-09-09T01:40:55.112+0000] {processor.py:743} INFO - Processing file /home/airflow/.local/lib/python3.7/site-packages/airflow/example_dags/example_complex.py for tasks to queue
[2024-09-09T01:40:55.112+0000] {logging_mixin.py:137} INFO - [2024-09-09T01:40:55.112+0000] {dagbag.py:538} INFO - Filling up the DagBag from /home/airflow/.local/lib/python3.7/site-packages/airflow/example_dags/example_complex.py
[2024-09-09T01:40:55.120+0000] {logging_mixin.py:137} INFO - [2024-09-09T01:40:55.120+0000] {taskmixin.py:205} WARNING - Dependency <Task(BashOperator): create_entry_group>, delete_entry_group already registered for DAG: example_complex
[2024-09-09T01:40:55.120+0000] {logging_mixin.py:137} INFO - [2024-09-09T01:40:55.120+0000] {taskmixin.py:205} WARNING - Dependency <Task(BashOperator): delete_entry_group>, create_entry_group already registered for DAG: example_complex
[2024-09-09T01:40:55.120+0000] {logging_mixin.py:137} INFO - [2024-09-09T01:40:55.120+0000] {taskmixin.py:205} WARNING - Dependency <Task(BashOperator): create_entry_gcs>, delete_entry already registered for DAG: example_complex
[2024-09-09T01:40:55.121+0000] {logging_mixin.py:137} INFO - [2024-09-09T01:40:55.121+0000] {taskmixin.py:205} WARNING - Dependency <Task(BashOperator): delete_entry>, create_entry_gcs already registered for DAG: example_complex
[2024-09-09T01:40:55.121+0000] {logging_mixin.py:137} INFO - [2024-09-09T01:40:55.121+0000] {taskmixin.py:205} WARNING - Dependency <Task(BashOperator): create_tag>, delete_tag already registered for DAG: example_complex
[2024-09-09T01:40:55.121+0000] {logging_mixin.py:137} INFO - [2024-09-09T01:40:55.121+0000] {taskmixin.py:205} WARNING - Dependency <Task(BashOperator): delete_tag>, create_tag already registered for DAG: example_complex
[2024-09-09T01:40:55.126+0000] {processor.py:753} INFO - DAG(s) dict_keys(['example_complex']) retrieved from /home/airflow/.local/lib/python3.7/site-packages/airflow/example_dags/example_complex.py
[2024-09-09T01:40:55.155+0000] {logging_mixin.py:137} INFO - [2024-09-09T01:40:55.155+0000] {dag.py:2676} INFO - Sync 1 DAGs
[2024-09-09T01:40:55.172+0000] {logging_mixin.py:137} INFO - [2024-09-09T01:40:55.172+0000] {dag.py:3427} INFO - Setting next_dagrun for example_complex to None, run_after=None
[2024-09-09T01:40:55.188+0000] {processor.py:175} INFO - Processing /home/airflow/.local/lib/python3.7/site-packages/airflow/example_dags/example_complex.py took 0.080 seconds
[2024-09-09T01:41:25.228+0000] {processor.py:153} INFO - Started process (PID=614) to work on /home/airflow/.local/lib/python3.7/site-packages/airflow/example_dags/example_complex.py
[2024-09-09T01:41:25.236+0000] {processor.py:743} INFO - Processing file /home/airflow/.local/lib/python3.7/site-packages/airflow/example_dags/example_complex.py for tasks to queue
[2024-09-09T01:41:25.236+0000] {logging_mixin.py:137} INFO - [2024-09-09T01:41:25.236+0000] {dagbag.py:538} INFO - Filling up the DagBag from /home/airflow/.local/lib/python3.7/site-packages/airflow/example_dags/example_complex.py
[2024-09-09T01:41:25.244+0000] {logging_mixin.py:137} INFO - [2024-09-09T01:41:25.244+0000] {taskmixin.py:205} WARNING - Dependency <Task(BashOperator): create_entry_group>, delete_entry_group already registered for DAG: example_complex
[2024-09-09T01:41:25.244+0000] {logging_mixin.py:137} INFO - [2024-09-09T01:41:25.244+0000] {taskmixin.py:205} WARNING - Dependency <Task(BashOperator): delete_entry_group>, create_entry_group already registered for DAG: example_complex
[2024-09-09T01:41:25.244+0000] {logging_mixin.py:137} INFO - [2024-09-09T01:41:25.244+0000] {taskmixin.py:205} WARNING - Dependency <Task(BashOperator): create_entry_gcs>, delete_entry already registered for DAG: example_complex
[2024-09-09T01:41:25.245+0000] {logging_mixin.py:137} INFO - [2024-09-09T01:41:25.245+0000] {taskmixin.py:205} WARNING - Dependency <Task(BashOperator): delete_entry>, create_entry_gcs already registered for DAG: example_complex
[2024-09-09T01:41:25.245+0000] {logging_mixin.py:137} INFO - [2024-09-09T01:41:25.245+0000] {taskmixin.py:205} WARNING - Dependency <Task(BashOperator): create_tag>, delete_tag already registered for DAG: example_complex
[2024-09-09T01:41:25.245+0000] {logging_mixin.py:137} INFO - [2024-09-09T01:41:25.245+0000] {taskmixin.py:205} WARNING - Dependency <Task(BashOperator): delete_tag>, create_tag already registered for DAG: example_complex
[2024-09-09T01:41:25.250+0000] {processor.py:753} INFO - DAG(s) dict_keys(['example_complex']) retrieved from /home/airflow/.local/lib/python3.7/site-packages/airflow/example_dags/example_complex.py
[2024-09-09T01:41:25.278+0000] {logging_mixin.py:137} INFO - [2024-09-09T01:41:25.278+0000] {dag.py:2676} INFO - Sync 1 DAGs
[2024-09-09T01:41:25.296+0000] {logging_mixin.py:137} INFO - [2024-09-09T01:41:25.296+0000] {dag.py:3427} INFO - Setting next_dagrun for example_complex to None, run_after=None
[2024-09-09T01:41:25.313+0000] {processor.py:175} INFO - Processing /home/airflow/.local/lib/python3.7/site-packages/airflow/example_dags/example_complex.py took 0.087 seconds
[2024-09-09T01:41:55.981+0000] {processor.py:153} INFO - Started process (PID=710) to work on /home/airflow/.local/lib/python3.7/site-packages/airflow/example_dags/example_complex.py
[2024-09-09T01:41:55.982+0000] {processor.py:743} INFO - Processing file /home/airflow/.local/lib/python3.7/site-packages/airflow/example_dags/example_complex.py for tasks to queue
[2024-09-09T01:41:55.983+0000] {logging_mixin.py:137} INFO - [2024-09-09T01:41:55.983+0000] {dagbag.py:538} INFO - Filling up the DagBag from /home/airflow/.local/lib/python3.7/site-packages/airflow/example_dags/example_complex.py
[2024-09-09T01:41:55.993+0000] {logging_mixin.py:137} INFO - [2024-09-09T01:41:55.993+0000] {taskmixin.py:205} WARNING - Dependency <Task(BashOperator): create_entry_group>, delete_entry_group already registered for DAG: example_complex
[2024-09-09T01:41:55.993+0000] {logging_mixin.py:137} INFO - [2024-09-09T01:41:55.993+0000] {taskmixin.py:205} WARNING - Dependency <Task(BashOperator): delete_entry_group>, create_entry_group already registered for DAG: example_complex
[2024-09-09T01:41:55.993+0000] {logging_mixin.py:137} INFO - [2024-09-09T01:41:55.993+0000] {taskmixin.py:205} WARNING - Dependency <Task(BashOperator): create_entry_gcs>, delete_entry already registered for DAG: example_complex
[2024-09-09T01:41:55.993+0000] {logging_mixin.py:137} INFO - [2024-09-09T01:41:55.993+0000] {taskmixin.py:205} WARNING - Dependency <Task(BashOperator): delete_entry>, create_entry_gcs already registered for DAG: example_complex
[2024-09-09T01:41:55.993+0000] {logging_mixin.py:137} INFO - [2024-09-09T01:41:55.993+0000] {taskmixin.py:205} WARNING - Dependency <Task(BashOperator): create_tag>, delete_tag already registered for DAG: example_complex
[2024-09-09T01:41:55.994+0000] {logging_mixin.py:137} INFO - [2024-09-09T01:41:55.994+0000] {taskmixin.py:205} WARNING - Dependency <Task(BashOperator): delete_tag>, create_tag already registered for DAG: example_complex
[2024-09-09T01:41:56.000+0000] {processor.py:753} INFO - DAG(s) dict_keys(['example_complex']) retrieved from /home/airflow/.local/lib/python3.7/site-packages/airflow/example_dags/example_complex.py
[2024-09-09T01:41:56.035+0000] {logging_mixin.py:137} INFO - [2024-09-09T01:41:56.035+0000] {dag.py:2676} INFO - Sync 1 DAGs
[2024-09-09T01:41:56.053+0000] {logging_mixin.py:137} INFO - [2024-09-09T01:41:56.053+0000] {dag.py:3427} INFO - Setting next_dagrun for example_complex to None, run_after=None
[2024-09-09T01:41:56.070+0000] {processor.py:175} INFO - Processing /home/airflow/.local/lib/python3.7/site-packages/airflow/example_dags/example_complex.py took 0.091 seconds
[2024-09-09T01:42:26.481+0000] {processor.py:153} INFO - Started process (PID=834) to work on /home/airflow/.local/lib/python3.7/site-packages/airflow/example_dags/example_complex.py
[2024-09-09T01:42:26.484+0000] {processor.py:743} INFO - Processing file /home/airflow/.local/lib/python3.7/site-packages/airflow/example_dags/example_complex.py for tasks to queue
[2024-09-09T01:42:26.485+0000] {logging_mixin.py:137} INFO - [2024-09-09T01:42:26.485+0000] {dagbag.py:538} INFO - Filling up the DagBag from /home/airflow/.local/lib/python3.7/site-packages/airflow/example_dags/example_complex.py
[2024-09-09T01:42:26.493+0000] {logging_mixin.py:137} INFO - [2024-09-09T01:42:26.493+0000] {taskmixin.py:205} WARNING - Dependency <Task(BashOperator): create_entry_group>, delete_entry_group already registered for DAG: example_complex
[2024-09-09T01:42:26.493+0000] {logging_mixin.py:137} INFO - [2024-09-09T01:42:26.493+0000] {taskmixin.py:205} WARNING - Dependency <Task(BashOperator): delete_entry_group>, create_entry_group already registered for DAG: example_complex
[2024-09-09T01:42:26.493+0000] {logging_mixin.py:137} INFO - [2024-09-09T01:42:26.493+0000] {taskmixin.py:205} WARNING - Dependency <Task(BashOperator): create_entry_gcs>, delete_entry already registered for DAG: example_complex
[2024-09-09T01:42:26.494+0000] {logging_mixin.py:137} INFO - [2024-09-09T01:42:26.493+0000] {taskmixin.py:205} WARNING - Dependency <Task(BashOperator): delete_entry>, create_entry_gcs already registered for DAG: example_complex
[2024-09-09T01:42:26.494+0000] {logging_mixin.py:137} INFO - [2024-09-09T01:42:26.494+0000] {taskmixin.py:205} WARNING - Dependency <Task(BashOperator): create_tag>, delete_tag already registered for DAG: example_complex
[2024-09-09T01:42:26.494+0000] {logging_mixin.py:137} INFO - [2024-09-09T01:42:26.494+0000] {taskmixin.py:205} WARNING - Dependency <Task(BashOperator): delete_tag>, create_tag already registered for DAG: example_complex
[2024-09-09T01:42:26.499+0000] {processor.py:753} INFO - DAG(s) dict_keys(['example_complex']) retrieved from /home/airflow/.local/lib/python3.7/site-packages/airflow/example_dags/example_complex.py
[2024-09-09T01:42:26.529+0000] {logging_mixin.py:137} INFO - [2024-09-09T01:42:26.528+0000] {dag.py:2676} INFO - Sync 1 DAGs
[2024-09-09T01:42:26.546+0000] {logging_mixin.py:137} INFO - [2024-09-09T01:42:26.546+0000] {dag.py:3427} INFO - Setting next_dagrun for example_complex to None, run_after=None
[2024-09-09T01:42:26.563+0000] {processor.py:175} INFO - Processing /home/airflow/.local/lib/python3.7/site-packages/airflow/example_dags/example_complex.py took 0.085 seconds
[2024-09-09T01:42:56.703+0000] {processor.py:153} INFO - Started process (PID=930) to work on /home/airflow/.local/lib/python3.7/site-packages/airflow/example_dags/example_complex.py
[2024-09-09T01:42:56.711+0000] {processor.py:743} INFO - Processing file /home/airflow/.local/lib/python3.7/site-packages/airflow/example_dags/example_complex.py for tasks to queue
[2024-09-09T01:42:56.712+0000] {logging_mixin.py:137} INFO - [2024-09-09T01:42:56.712+0000] {dagbag.py:538} INFO - Filling up the DagBag from /home/airflow/.local/lib/python3.7/site-packages/airflow/example_dags/example_complex.py
[2024-09-09T01:42:56.720+0000] {logging_mixin.py:137} INFO - [2024-09-09T01:42:56.720+0000] {taskmixin.py:205} WARNING - Dependency <Task(BashOperator): create_entry_group>, delete_entry_group already registered for DAG: example_complex
[2024-09-09T01:42:56.720+0000] {logging_mixin.py:137} INFO - [2024-09-09T01:42:56.720+0000] {taskmixin.py:205} WARNING - Dependency <Task(BashOperator): delete_entry_group>, create_entry_group already registered for DAG: example_complex
[2024-09-09T01:42:56.720+0000] {logging_mixin.py:137} INFO - [2024-09-09T01:42:56.720+0000] {taskmixin.py:205} WARNING - Dependency <Task(BashOperator): create_entry_gcs>, delete_entry already registered for DAG: example_complex
[2024-09-09T01:42:56.720+0000] {logging_mixin.py:137} INFO - [2024-09-09T01:42:56.720+0000] {taskmixin.py:205} WARNING - Dependency <Task(BashOperator): delete_entry>, create_entry_gcs already registered for DAG: example_complex
[2024-09-09T01:42:56.720+0000] {logging_mixin.py:137} INFO - [2024-09-09T01:42:56.720+0000] {taskmixin.py:205} WARNING - Dependency <Task(BashOperator): create_tag>, delete_tag already registered for DAG: example_complex
[2024-09-09T01:42:56.720+0000] {logging_mixin.py:137} INFO - [2024-09-09T01:42:56.720+0000] {taskmixin.py:205} WARNING - Dependency <Task(BashOperator): delete_tag>, create_tag already registered for DAG: example_complex
[2024-09-09T01:42:56.725+0000] {processor.py:753} INFO - DAG(s) dict_keys(['example_complex']) retrieved from /home/airflow/.local/lib/python3.7/site-packages/airflow/example_dags/example_complex.py
[2024-09-09T01:42:56.763+0000] {logging_mixin.py:137} INFO - [2024-09-09T01:42:56.762+0000] {dag.py:2676} INFO - Sync 1 DAGs
[2024-09-09T01:42:56.782+0000] {logging_mixin.py:137} INFO - [2024-09-09T01:42:56.781+0000] {dag.py:3427} INFO - Setting next_dagrun for example_complex to None, run_after=None
[2024-09-09T01:42:56.798+0000] {processor.py:175} INFO - Processing /home/airflow/.local/lib/python3.7/site-packages/airflow/example_dags/example_complex.py took 0.097 seconds
[2024-09-09T01:43:27.421+0000] {processor.py:153} INFO - Started process (PID=1054) to work on /home/airflow/.local/lib/python3.7/site-packages/airflow/example_dags/example_complex.py
[2024-09-09T01:43:27.429+0000] {processor.py:743} INFO - Processing file /home/airflow/.local/lib/python3.7/site-packages/airflow/example_dags/example_complex.py for tasks to queue
[2024-09-09T01:43:27.429+0000] {logging_mixin.py:137} INFO - [2024-09-09T01:43:27.429+0000] {dagbag.py:538} INFO - Filling up the DagBag from /home/airflow/.local/lib/python3.7/site-packages/airflow/example_dags/example_complex.py
[2024-09-09T01:43:27.437+0000] {logging_mixin.py:137} INFO - [2024-09-09T01:43:27.437+0000] {taskmixin.py:205} WARNING - Dependency <Task(BashOperator): create_entry_group>, delete_entry_group already registered for DAG: example_complex
[2024-09-09T01:43:27.437+0000] {logging_mixin.py:137} INFO - [2024-09-09T01:43:27.437+0000] {taskmixin.py:205} WARNING - Dependency <Task(BashOperator): delete_entry_group>, create_entry_group already registered for DAG: example_complex
[2024-09-09T01:43:27.437+0000] {logging_mixin.py:137} INFO - [2024-09-09T01:43:27.437+0000] {taskmixin.py:205} WARNING - Dependency <Task(BashOperator): create_entry_gcs>, delete_entry already registered for DAG: example_complex
[2024-09-09T01:43:27.438+0000] {logging_mixin.py:137} INFO - [2024-09-09T01:43:27.437+0000] {taskmixin.py:205} WARNING - Dependency <Task(BashOperator): delete_entry>, create_entry_gcs already registered for DAG: example_complex
[2024-09-09T01:43:27.438+0000] {logging_mixin.py:137} INFO - [2024-09-09T01:43:27.438+0000] {taskmixin.py:205} WARNING - Dependency <Task(BashOperator): create_tag>, delete_tag already registered for DAG: example_complex
[2024-09-09T01:43:27.438+0000] {logging_mixin.py:137} INFO - [2024-09-09T01:43:27.438+0000] {taskmixin.py:205} WARNING - Dependency <Task(BashOperator): delete_tag>, create_tag already registered for DAG: example_complex
[2024-09-09T01:43:27.442+0000] {processor.py:753} INFO - DAG(s) dict_keys(['example_complex']) retrieved from /home/airflow/.local/lib/python3.7/site-packages/airflow/example_dags/example_complex.py
[2024-09-09T01:43:27.474+0000] {logging_mixin.py:137} INFO - [2024-09-09T01:43:27.474+0000] {dag.py:2676} INFO - Sync 1 DAGs
[2024-09-09T01:43:27.492+0000] {logging_mixin.py:137} INFO - [2024-09-09T01:43:27.492+0000] {dag.py:3427} INFO - Setting next_dagrun for example_complex to None, run_after=None
[2024-09-09T01:43:27.516+0000] {processor.py:175} INFO - Processing /home/airflow/.local/lib/python3.7/site-packages/airflow/example_dags/example_complex.py took 0.097 seconds
[2024-09-09T01:43:58.177+0000] {processor.py:153} INFO - Started process (PID=1159) to work on /home/airflow/.local/lib/python3.7/site-packages/airflow/example_dags/example_complex.py
[2024-09-09T01:43:58.179+0000] {processor.py:743} INFO - Processing file /home/airflow/.local/lib/python3.7/site-packages/airflow/example_dags/example_complex.py for tasks to queue
[2024-09-09T01:43:58.179+0000] {logging_mixin.py:137} INFO - [2024-09-09T01:43:58.179+0000] {dagbag.py:538} INFO - Filling up the DagBag from /home/airflow/.local/lib/python3.7/site-packages/airflow/example_dags/example_complex.py
[2024-09-09T01:43:58.192+0000] {logging_mixin.py:137} INFO - [2024-09-09T01:43:58.192+0000] {taskmixin.py:205} WARNING - Dependency <Task(BashOperator): create_entry_group>, delete_entry_group already registered for DAG: example_complex
[2024-09-09T01:43:58.193+0000] {logging_mixin.py:137} INFO - [2024-09-09T01:43:58.192+0000] {taskmixin.py:205} WARNING - Dependency <Task(BashOperator): delete_entry_group>, create_entry_group already registered for DAG: example_complex
[2024-09-09T01:43:58.193+0000] {logging_mixin.py:137} INFO - [2024-09-09T01:43:58.193+0000] {taskmixin.py:205} WARNING - Dependency <Task(BashOperator): create_entry_gcs>, delete_entry already registered for DAG: example_complex
[2024-09-09T01:43:58.193+0000] {logging_mixin.py:137} INFO - [2024-09-09T01:43:58.193+0000] {taskmixin.py:205} WARNING - Dependency <Task(BashOperator): delete_entry>, create_entry_gcs already registered for DAG: example_complex
[2024-09-09T01:43:58.193+0000] {logging_mixin.py:137} INFO - [2024-09-09T01:43:58.193+0000] {taskmixin.py:205} WARNING - Dependency <Task(BashOperator): create_tag>, delete_tag already registered for DAG: example_complex
[2024-09-09T01:43:58.193+0000] {logging_mixin.py:137} INFO - [2024-09-09T01:43:58.193+0000] {taskmixin.py:205} WARNING - Dependency <Task(BashOperator): delete_tag>, create_tag already registered for DAG: example_complex
[2024-09-09T01:43:58.203+0000] {processor.py:753} INFO - DAG(s) dict_keys(['example_complex']) retrieved from /home/airflow/.local/lib/python3.7/site-packages/airflow/example_dags/example_complex.py
[2024-09-09T01:43:58.262+0000] {logging_mixin.py:137} INFO - [2024-09-09T01:43:58.262+0000] {dag.py:2676} INFO - Sync 1 DAGs
[2024-09-09T01:43:58.295+0000] {logging_mixin.py:137} INFO - [2024-09-09T01:43:58.295+0000] {dag.py:3427} INFO - Setting next_dagrun for example_complex to None, run_after=None
[2024-09-09T01:43:58.316+0000] {processor.py:175} INFO - Processing /home/airflow/.local/lib/python3.7/site-packages/airflow/example_dags/example_complex.py took 0.141 seconds
[2024-09-09T01:44:28.601+0000] {processor.py:153} INFO - Started process (PID=1274) to work on /home/airflow/.local/lib/python3.7/site-packages/airflow/example_dags/example_complex.py
[2024-09-09T01:44:28.612+0000] {processor.py:743} INFO - Processing file /home/airflow/.local/lib/python3.7/site-packages/airflow/example_dags/example_complex.py for tasks to queue
[2024-09-09T01:44:28.613+0000] {logging_mixin.py:137} INFO - [2024-09-09T01:44:28.613+0000] {dagbag.py:538} INFO - Filling up the DagBag from /home/airflow/.local/lib/python3.7/site-packages/airflow/example_dags/example_complex.py
[2024-09-09T01:44:28.621+0000] {logging_mixin.py:137} INFO - [2024-09-09T01:44:28.621+0000] {taskmixin.py:205} WARNING - Dependency <Task(BashOperator): create_entry_group>, delete_entry_group already registered for DAG: example_complex
[2024-09-09T01:44:28.621+0000] {logging_mixin.py:137} INFO - [2024-09-09T01:44:28.621+0000] {taskmixin.py:205} WARNING - Dependency <Task(BashOperator): delete_entry_group>, create_entry_group already registered for DAG: example_complex
[2024-09-09T01:44:28.621+0000] {logging_mixin.py:137} INFO - [2024-09-09T01:44:28.621+0000] {taskmixin.py:205} WARNING - Dependency <Task(BashOperator): create_entry_gcs>, delete_entry already registered for DAG: example_complex
[2024-09-09T01:44:28.621+0000] {logging_mixin.py:137} INFO - [2024-09-09T01:44:28.621+0000] {taskmixin.py:205} WARNING - Dependency <Task(BashOperator): delete_entry>, create_entry_gcs already registered for DAG: example_complex
[2024-09-09T01:44:28.622+0000] {logging_mixin.py:137} INFO - [2024-09-09T01:44:28.622+0000] {taskmixin.py:205} WARNING - Dependency <Task(BashOperator): create_tag>, delete_tag already registered for DAG: example_complex
[2024-09-09T01:44:28.622+0000] {logging_mixin.py:137} INFO - [2024-09-09T01:44:28.622+0000] {taskmixin.py:205} WARNING - Dependency <Task(BashOperator): delete_tag>, create_tag already registered for DAG: example_complex
[2024-09-09T01:44:28.626+0000] {processor.py:753} INFO - DAG(s) dict_keys(['example_complex']) retrieved from /home/airflow/.local/lib/python3.7/site-packages/airflow/example_dags/example_complex.py
[2024-09-09T01:44:28.654+0000] {logging_mixin.py:137} INFO - [2024-09-09T01:44:28.654+0000] {dag.py:2676} INFO - Sync 1 DAGs
[2024-09-09T01:44:28.671+0000] {logging_mixin.py:137} INFO - [2024-09-09T01:44:28.671+0000] {dag.py:3427} INFO - Setting next_dagrun for example_complex to None, run_after=None
[2024-09-09T01:44:28.687+0000] {processor.py:175} INFO - Processing /home/airflow/.local/lib/python3.7/site-packages/airflow/example_dags/example_complex.py took 0.088 seconds
[2024-09-09T01:44:59.256+0000] {processor.py:153} INFO - Started process (PID=1398) to work on /home/airflow/.local/lib/python3.7/site-packages/airflow/example_dags/example_complex.py
[2024-09-09T01:44:59.263+0000] {processor.py:743} INFO - Processing file /home/airflow/.local/lib/python3.7/site-packages/airflow/example_dags/example_complex.py for tasks to queue
[2024-09-09T01:44:59.264+0000] {logging_mixin.py:137} INFO - [2024-09-09T01:44:59.264+0000] {dagbag.py:538} INFO - Filling up the DagBag from /home/airflow/.local/lib/python3.7/site-packages/airflow/example_dags/example_complex.py
[2024-09-09T01:44:59.271+0000] {logging_mixin.py:137} INFO - [2024-09-09T01:44:59.271+0000] {taskmixin.py:205} WARNING - Dependency <Task(BashOperator): create_entry_group>, delete_entry_group already registered for DAG: example_complex
[2024-09-09T01:44:59.271+0000] {logging_mixin.py:137} INFO - [2024-09-09T01:44:59.271+0000] {taskmixin.py:205} WARNING - Dependency <Task(BashOperator): delete_entry_group>, create_entry_group already registered for DAG: example_complex
[2024-09-09T01:44:59.272+0000] {logging_mixin.py:137} INFO - [2024-09-09T01:44:59.271+0000] {taskmixin.py:205} WARNING - Dependency <Task(BashOperator): create_entry_gcs>, delete_entry already registered for DAG: example_complex
[2024-09-09T01:44:59.272+0000] {logging_mixin.py:137} INFO - [2024-09-09T01:44:59.272+0000] {taskmixin.py:205} WARNING - Dependency <Task(BashOperator): delete_entry>, create_entry_gcs already registered for DAG: example_complex
[2024-09-09T01:44:59.272+0000] {logging_mixin.py:137} INFO - [2024-09-09T01:44:59.272+0000] {taskmixin.py:205} WARNING - Dependency <Task(BashOperator): create_tag>, delete_tag already registered for DAG: example_complex
[2024-09-09T01:44:59.272+0000] {logging_mixin.py:137} INFO - [2024-09-09T01:44:59.272+0000] {taskmixin.py:205} WARNING - Dependency <Task(BashOperator): delete_tag>, create_tag already registered for DAG: example_complex
[2024-09-09T01:44:59.277+0000] {processor.py:753} INFO - DAG(s) dict_keys(['example_complex']) retrieved from /home/airflow/.local/lib/python3.7/site-packages/airflow/example_dags/example_complex.py
[2024-09-09T01:44:59.308+0000] {logging_mixin.py:137} INFO - [2024-09-09T01:44:59.308+0000] {dag.py:2676} INFO - Sync 1 DAGs
[2024-09-09T01:44:59.326+0000] {logging_mixin.py:137} INFO - [2024-09-09T01:44:59.326+0000] {dag.py:3427} INFO - Setting next_dagrun for example_complex to None, run_after=None
[2024-09-09T01:44:59.345+0000] {processor.py:175} INFO - Processing /home/airflow/.local/lib/python3.7/site-packages/airflow/example_dags/example_complex.py took 0.092 seconds
[2024-09-09T01:45:30.298+0000] {processor.py:153} INFO - Started process (PID=1495) to work on /home/airflow/.local/lib/python3.7/site-packages/airflow/example_dags/example_complex.py
[2024-09-09T01:45:30.305+0000] {processor.py:743} INFO - Processing file /home/airflow/.local/lib/python3.7/site-packages/airflow/example_dags/example_complex.py for tasks to queue
[2024-09-09T01:45:30.305+0000] {logging_mixin.py:137} INFO - [2024-09-09T01:45:30.305+0000] {dagbag.py:538} INFO - Filling up the DagBag from /home/airflow/.local/lib/python3.7/site-packages/airflow/example_dags/example_complex.py
[2024-09-09T01:45:30.314+0000] {logging_mixin.py:137} INFO - [2024-09-09T01:45:30.313+0000] {taskmixin.py:205} WARNING - Dependency <Task(BashOperator): create_entry_group>, delete_entry_group already registered for DAG: example_complex
[2024-09-09T01:45:30.314+0000] {logging_mixin.py:137} INFO - [2024-09-09T01:45:30.314+0000] {taskmixin.py:205} WARNING - Dependency <Task(BashOperator): delete_entry_group>, create_entry_group already registered for DAG: example_complex
[2024-09-09T01:45:30.314+0000] {logging_mixin.py:137} INFO - [2024-09-09T01:45:30.314+0000] {taskmixin.py:205} WARNING - Dependency <Task(BashOperator): create_entry_gcs>, delete_entry already registered for DAG: example_complex
[2024-09-09T01:45:30.314+0000] {logging_mixin.py:137} INFO - [2024-09-09T01:45:30.314+0000] {taskmixin.py:205} WARNING - Dependency <Task(BashOperator): delete_entry>, create_entry_gcs already registered for DAG: example_complex
[2024-09-09T01:45:30.314+0000] {logging_mixin.py:137} INFO - [2024-09-09T01:45:30.314+0000] {taskmixin.py:205} WARNING - Dependency <Task(BashOperator): create_tag>, delete_tag already registered for DAG: example_complex
[2024-09-09T01:45:30.314+0000] {logging_mixin.py:137} INFO - [2024-09-09T01:45:30.314+0000] {taskmixin.py:205} WARNING - Dependency <Task(BashOperator): delete_tag>, create_tag already registered for DAG: example_complex
[2024-09-09T01:45:30.319+0000] {processor.py:753} INFO - DAG(s) dict_keys(['example_complex']) retrieved from /home/airflow/.local/lib/python3.7/site-packages/airflow/example_dags/example_complex.py
[2024-09-09T01:45:30.349+0000] {logging_mixin.py:137} INFO - [2024-09-09T01:45:30.349+0000] {dag.py:2676} INFO - Sync 1 DAGs
[2024-09-09T01:45:30.367+0000] {logging_mixin.py:137} INFO - [2024-09-09T01:45:30.367+0000] {dag.py:3427} INFO - Setting next_dagrun for example_complex to None, run_after=None
[2024-09-09T01:45:30.384+0000] {processor.py:175} INFO - Processing /home/airflow/.local/lib/python3.7/site-packages/airflow/example_dags/example_complex.py took 0.089 seconds
[2024-09-09T01:46:00.426+0000] {processor.py:153} INFO - Started process (PID=1619) to work on /home/airflow/.local/lib/python3.7/site-packages/airflow/example_dags/example_complex.py
[2024-09-09T01:46:00.427+0000] {processor.py:743} INFO - Processing file /home/airflow/.local/lib/python3.7/site-packages/airflow/example_dags/example_complex.py for tasks to queue
[2024-09-09T01:46:00.428+0000] {logging_mixin.py:137} INFO - [2024-09-09T01:46:00.428+0000] {dagbag.py:538} INFO - Filling up the DagBag from /home/airflow/.local/lib/python3.7/site-packages/airflow/example_dags/example_complex.py
[2024-09-09T01:46:00.436+0000] {logging_mixin.py:137} INFO - [2024-09-09T01:46:00.435+0000] {taskmixin.py:205} WARNING - Dependency <Task(BashOperator): create_entry_group>, delete_entry_group already registered for DAG: example_complex
[2024-09-09T01:46:00.436+0000] {logging_mixin.py:137} INFO - [2024-09-09T01:46:00.436+0000] {taskmixin.py:205} WARNING - Dependency <Task(BashOperator): delete_entry_group>, create_entry_group already registered for DAG: example_complex
[2024-09-09T01:46:00.436+0000] {logging_mixin.py:137} INFO - [2024-09-09T01:46:00.436+0000] {taskmixin.py:205} WARNING - Dependency <Task(BashOperator): create_entry_gcs>, delete_entry already registered for DAG: example_complex
[2024-09-09T01:46:00.436+0000] {logging_mixin.py:137} INFO - [2024-09-09T01:46:00.436+0000] {taskmixin.py:205} WARNING - Dependency <Task(BashOperator): delete_entry>, create_entry_gcs already registered for DAG: example_complex
[2024-09-09T01:46:00.436+0000] {logging_mixin.py:137} INFO - [2024-09-09T01:46:00.436+0000] {taskmixin.py:205} WARNING - Dependency <Task(BashOperator): create_tag>, delete_tag already registered for DAG: example_complex
[2024-09-09T01:46:00.437+0000] {logging_mixin.py:137} INFO - [2024-09-09T01:46:00.436+0000] {taskmixin.py:205} WARNING - Dependency <Task(BashOperator): delete_tag>, create_tag already registered for DAG: example_complex
[2024-09-09T01:46:00.442+0000] {processor.py:753} INFO - DAG(s) dict_keys(['example_complex']) retrieved from /home/airflow/.local/lib/python3.7/site-packages/airflow/example_dags/example_complex.py
[2024-09-09T01:46:00.471+0000] {logging_mixin.py:137} INFO - [2024-09-09T01:46:00.471+0000] {dag.py:2676} INFO - Sync 1 DAGs
[2024-09-09T01:46:00.489+0000] {logging_mixin.py:137} INFO - [2024-09-09T01:46:00.489+0000] {dag.py:3427} INFO - Setting next_dagrun for example_complex to None, run_after=None
[2024-09-09T01:46:00.507+0000] {processor.py:175} INFO - Processing /home/airflow/.local/lib/python3.7/site-packages/airflow/example_dags/example_complex.py took 0.082 seconds
[2024-09-09T01:46:30.892+0000] {processor.py:153} INFO - Started process (PID=1715) to work on /home/airflow/.local/lib/python3.7/site-packages/airflow/example_dags/example_complex.py
[2024-09-09T01:46:30.893+0000] {processor.py:743} INFO - Processing file /home/airflow/.local/lib/python3.7/site-packages/airflow/example_dags/example_complex.py for tasks to queue
[2024-09-09T01:46:30.894+0000] {logging_mixin.py:137} INFO - [2024-09-09T01:46:30.894+0000] {dagbag.py:538} INFO - Filling up the DagBag from /home/airflow/.local/lib/python3.7/site-packages/airflow/example_dags/example_complex.py
[2024-09-09T01:46:30.903+0000] {logging_mixin.py:137} INFO - [2024-09-09T01:46:30.903+0000] {taskmixin.py:205} WARNING - Dependency <Task(BashOperator): create_entry_group>, delete_entry_group already registered for DAG: example_complex
[2024-09-09T01:46:30.904+0000] {logging_mixin.py:137} INFO - [2024-09-09T01:46:30.904+0000] {taskmixin.py:205} WARNING - Dependency <Task(BashOperator): delete_entry_group>, create_entry_group already registered for DAG: example_complex
[2024-09-09T01:46:30.904+0000] {logging_mixin.py:137} INFO - [2024-09-09T01:46:30.904+0000] {taskmixin.py:205} WARNING - Dependency <Task(BashOperator): create_entry_gcs>, delete_entry already registered for DAG: example_complex
[2024-09-09T01:46:30.904+0000] {logging_mixin.py:137} INFO - [2024-09-09T01:46:30.904+0000] {taskmixin.py:205} WARNING - Dependency <Task(BashOperator): delete_entry>, create_entry_gcs already registered for DAG: example_complex
[2024-09-09T01:46:30.904+0000] {logging_mixin.py:137} INFO - [2024-09-09T01:46:30.904+0000] {taskmixin.py:205} WARNING - Dependency <Task(BashOperator): create_tag>, delete_tag already registered for DAG: example_complex
[2024-09-09T01:46:30.904+0000] {logging_mixin.py:137} INFO - [2024-09-09T01:46:30.904+0000] {taskmixin.py:205} WARNING - Dependency <Task(BashOperator): delete_tag>, create_tag already registered for DAG: example_complex
[2024-09-09T01:46:30.910+0000] {processor.py:753} INFO - DAG(s) dict_keys(['example_complex']) retrieved from /home/airflow/.local/lib/python3.7/site-packages/airflow/example_dags/example_complex.py
[2024-09-09T01:46:30.946+0000] {logging_mixin.py:137} INFO - [2024-09-09T01:46:30.946+0000] {dag.py:2676} INFO - Sync 1 DAGs
[2024-09-09T01:46:30.965+0000] {logging_mixin.py:137} INFO - [2024-09-09T01:46:30.965+0000] {dag.py:3427} INFO - Setting next_dagrun for example_complex to None, run_after=None
[2024-09-09T01:46:30.986+0000] {processor.py:175} INFO - Processing /home/airflow/.local/lib/python3.7/site-packages/airflow/example_dags/example_complex.py took 0.097 seconds
[2024-09-09T01:47:01.230+0000] {processor.py:153} INFO - Started process (PID=1839) to work on /home/airflow/.local/lib/python3.7/site-packages/airflow/example_dags/example_complex.py
[2024-09-09T01:47:01.241+0000] {processor.py:743} INFO - Processing file /home/airflow/.local/lib/python3.7/site-packages/airflow/example_dags/example_complex.py for tasks to queue
[2024-09-09T01:47:01.241+0000] {logging_mixin.py:137} INFO - [2024-09-09T01:47:01.241+0000] {dagbag.py:538} INFO - Filling up the DagBag from /home/airflow/.local/lib/python3.7/site-packages/airflow/example_dags/example_complex.py
[2024-09-09T01:47:01.249+0000] {logging_mixin.py:137} INFO - [2024-09-09T01:47:01.249+0000] {taskmixin.py:205} WARNING - Dependency <Task(BashOperator): create_entry_group>, delete_entry_group already registered for DAG: example_complex
[2024-09-09T01:47:01.249+0000] {logging_mixin.py:137} INFO - [2024-09-09T01:47:01.249+0000] {taskmixin.py:205} WARNING - Dependency <Task(BashOperator): delete_entry_group>, create_entry_group already registered for DAG: example_complex
[2024-09-09T01:47:01.250+0000] {logging_mixin.py:137} INFO - [2024-09-09T01:47:01.250+0000] {taskmixin.py:205} WARNING - Dependency <Task(BashOperator): create_entry_gcs>, delete_entry already registered for DAG: example_complex
[2024-09-09T01:47:01.250+0000] {logging_mixin.py:137} INFO - [2024-09-09T01:47:01.250+0000] {taskmixin.py:205} WARNING - Dependency <Task(BashOperator): delete_entry>, create_entry_gcs already registered for DAG: example_complex
[2024-09-09T01:47:01.250+0000] {logging_mixin.py:137} INFO - [2024-09-09T01:47:01.250+0000] {taskmixin.py:205} WARNING - Dependency <Task(BashOperator): create_tag>, delete_tag already registered for DAG: example_complex
[2024-09-09T01:47:01.250+0000] {logging_mixin.py:137} INFO - [2024-09-09T01:47:01.250+0000] {taskmixin.py:205} WARNING - Dependency <Task(BashOperator): delete_tag>, create_tag already registered for DAG: example_complex
[2024-09-09T01:47:01.255+0000] {processor.py:753} INFO - DAG(s) dict_keys(['example_complex']) retrieved from /home/airflow/.local/lib/python3.7/site-packages/airflow/example_dags/example_complex.py
[2024-09-09T01:47:01.286+0000] {logging_mixin.py:137} INFO - [2024-09-09T01:47:01.286+0000] {dag.py:2676} INFO - Sync 1 DAGs
[2024-09-09T01:47:01.304+0000] {logging_mixin.py:137} INFO - [2024-09-09T01:47:01.304+0000] {dag.py:3427} INFO - Setting next_dagrun for example_complex to None, run_after=None
[2024-09-09T01:47:01.323+0000] {processor.py:175} INFO - Processing /home/airflow/.local/lib/python3.7/site-packages/airflow/example_dags/example_complex.py took 0.096 seconds
[2024-09-09T01:47:31.991+0000] {processor.py:153} INFO - Started process (PID=1963) to work on /home/airflow/.local/lib/python3.7/site-packages/airflow/example_dags/example_complex.py
[2024-09-09T01:47:31.992+0000] {processor.py:743} INFO - Processing file /home/airflow/.local/lib/python3.7/site-packages/airflow/example_dags/example_complex.py for tasks to queue
[2024-09-09T01:47:31.993+0000] {logging_mixin.py:137} INFO - [2024-09-09T01:47:31.993+0000] {dagbag.py:538} INFO - Filling up the DagBag from /home/airflow/.local/lib/python3.7/site-packages/airflow/example_dags/example_complex.py
[2024-09-09T01:47:32.002+0000] {logging_mixin.py:137} INFO - [2024-09-09T01:47:32.002+0000] {taskmixin.py:205} WARNING - Dependency <Task(BashOperator): create_entry_group>, delete_entry_group already registered for DAG: example_complex
[2024-09-09T01:47:32.003+0000] {logging_mixin.py:137} INFO - [2024-09-09T01:47:32.002+0000] {taskmixin.py:205} WARNING - Dependency <Task(BashOperator): delete_entry_group>, create_entry_group already registered for DAG: example_complex
[2024-09-09T01:47:32.003+0000] {logging_mixin.py:137} INFO - [2024-09-09T01:47:32.003+0000] {taskmixin.py:205} WARNING - Dependency <Task(BashOperator): create_entry_gcs>, delete_entry already registered for DAG: example_complex
[2024-09-09T01:47:32.003+0000] {logging_mixin.py:137} INFO - [2024-09-09T01:47:32.003+0000] {taskmixin.py:205} WARNING - Dependency <Task(BashOperator): delete_entry>, create_entry_gcs already registered for DAG: example_complex
[2024-09-09T01:47:32.003+0000] {logging_mixin.py:137} INFO - [2024-09-09T01:47:32.003+0000] {taskmixin.py:205} WARNING - Dependency <Task(BashOperator): create_tag>, delete_tag already registered for DAG: example_complex
[2024-09-09T01:47:32.003+0000] {logging_mixin.py:137} INFO - [2024-09-09T01:47:32.003+0000] {taskmixin.py:205} WARNING - Dependency <Task(BashOperator): delete_tag>, create_tag already registered for DAG: example_complex
[2024-09-09T01:47:32.009+0000] {processor.py:753} INFO - DAG(s) dict_keys(['example_complex']) retrieved from /home/airflow/.local/lib/python3.7/site-packages/airflow/example_dags/example_complex.py
[2024-09-09T01:47:32.046+0000] {logging_mixin.py:137} INFO - [2024-09-09T01:47:32.045+0000] {dag.py:2676} INFO - Sync 1 DAGs
[2024-09-09T01:47:32.070+0000] {logging_mixin.py:137} INFO - [2024-09-09T01:47:32.070+0000] {dag.py:3427} INFO - Setting next_dagrun for example_complex to None, run_after=None
[2024-09-09T01:47:32.089+0000] {processor.py:175} INFO - Processing /home/airflow/.local/lib/python3.7/site-packages/airflow/example_dags/example_complex.py took 0.101 seconds
[2024-09-09T01:48:02.351+0000] {processor.py:153} INFO - Started process (PID=2059) to work on /home/airflow/.local/lib/python3.7/site-packages/airflow/example_dags/example_complex.py
[2024-09-09T01:48:02.352+0000] {processor.py:743} INFO - Processing file /home/airflow/.local/lib/python3.7/site-packages/airflow/example_dags/example_complex.py for tasks to queue
[2024-09-09T01:48:02.353+0000] {logging_mixin.py:137} INFO - [2024-09-09T01:48:02.353+0000] {dagbag.py:538} INFO - Filling up the DagBag from /home/airflow/.local/lib/python3.7/site-packages/airflow/example_dags/example_complex.py
[2024-09-09T01:48:02.361+0000] {logging_mixin.py:137} INFO - [2024-09-09T01:48:02.361+0000] {taskmixin.py:205} WARNING - Dependency <Task(BashOperator): create_entry_group>, delete_entry_group already registered for DAG: example_complex
[2024-09-09T01:48:02.361+0000] {logging_mixin.py:137} INFO - [2024-09-09T01:48:02.361+0000] {taskmixin.py:205} WARNING - Dependency <Task(BashOperator): delete_entry_group>, create_entry_group already registered for DAG: example_complex
[2024-09-09T01:48:02.361+0000] {logging_mixin.py:137} INFO - [2024-09-09T01:48:02.361+0000] {taskmixin.py:205} WARNING - Dependency <Task(BashOperator): create_entry_gcs>, delete_entry already registered for DAG: example_complex
[2024-09-09T01:48:02.361+0000] {logging_mixin.py:137} INFO - [2024-09-09T01:48:02.361+0000] {taskmixin.py:205} WARNING - Dependency <Task(BashOperator): delete_entry>, create_entry_gcs already registered for DAG: example_complex
[2024-09-09T01:48:02.362+0000] {logging_mixin.py:137} INFO - [2024-09-09T01:48:02.362+0000] {taskmixin.py:205} WARNING - Dependency <Task(BashOperator): create_tag>, delete_tag already registered for DAG: example_complex
[2024-09-09T01:48:02.362+0000] {logging_mixin.py:137} INFO - [2024-09-09T01:48:02.362+0000] {taskmixin.py:205} WARNING - Dependency <Task(BashOperator): delete_tag>, create_tag already registered for DAG: example_complex
[2024-09-09T01:48:02.367+0000] {processor.py:753} INFO - DAG(s) dict_keys(['example_complex']) retrieved from /home/airflow/.local/lib/python3.7/site-packages/airflow/example_dags/example_complex.py
[2024-09-09T01:48:02.397+0000] {logging_mixin.py:137} INFO - [2024-09-09T01:48:02.397+0000] {dag.py:2676} INFO - Sync 1 DAGs
[2024-09-09T01:48:02.415+0000] {logging_mixin.py:137} INFO - [2024-09-09T01:48:02.415+0000] {dag.py:3427} INFO - Setting next_dagrun for example_complex to None, run_after=None
[2024-09-09T01:48:02.432+0000] {processor.py:175} INFO - Processing /home/airflow/.local/lib/python3.7/site-packages/airflow/example_dags/example_complex.py took 0.083 seconds
