[2024-09-09T01:38:59.695+0000] {processor.py:153} INFO - Started process (PID=112) to work on /home/airflow/.local/lib/python3.7/site-packages/airflow/example_dags/example_subdag_operator.py
[2024-09-09T01:38:59.696+0000] {processor.py:743} INFO - Processing file /home/airflow/.local/lib/python3.7/site-packages/airflow/example_dags/example_subdag_operator.py for tasks to queue
[2024-09-09T01:38:59.697+0000] {logging_mixin.py:137} INFO - [2024-09-09T01:38:59.697+0000] {dagbag.py:538} INFO - Filling up the DagBag from /home/airflow/.local/lib/python3.7/site-packages/airflow/example_dags/example_subdag_operator.py
[2024-09-09T01:38:59.773+0000] {processor.py:753} INFO - DAG(s) dict_keys(['example_subdag_operator.section-1', 'example_subdag_operator.section-2', 'example_subdag_operator']) retrieved from /home/airflow/.local/lib/python3.7/site-packages/airflow/example_dags/example_subdag_operator.py
[2024-09-09T01:38:59.817+0000] {logging_mixin.py:137} INFO - [2024-09-09T01:38:59.816+0000] {dag.py:2676} INFO - Sync 3 DAGs
[2024-09-09T01:38:59.886+0000] {logging_mixin.py:137} INFO - [2024-09-09T01:38:59.886+0000] {dag.py:3427} INFO - Setting next_dagrun for example_subdag_operator to 2022-01-01T00:00:00+00:00, run_after=2022-01-01T00:00:00+00:00
[2024-09-09T01:38:59.893+0000] {logging_mixin.py:137} INFO - [2024-09-09T01:38:59.893+0000] {dag.py:3427} INFO - Setting next_dagrun for example_subdag_operator.section-1 to None, run_after=None
[2024-09-09T01:38:59.894+0000] {logging_mixin.py:137} INFO - [2024-09-09T01:38:59.894+0000] {dag.py:3427} INFO - Setting next_dagrun for example_subdag_operator.section-2 to None, run_after=None
[2024-09-09T01:38:59.907+0000] {logging_mixin.py:137} INFO - [2024-09-09T01:38:59.907+0000] {dag.py:2676} INFO - Sync 2 DAGs
[2024-09-09T01:38:59.913+0000] {logging_mixin.py:137} INFO - [2024-09-09T01:38:59.913+0000] {dag.py:3427} INFO - Setting next_dagrun for example_subdag_operator.section-1 to None, run_after=None
[2024-09-09T01:38:59.913+0000] {logging_mixin.py:137} INFO - [2024-09-09T01:38:59.913+0000] {dag.py:3427} INFO - Setting next_dagrun for example_subdag_operator.section-2 to None, run_after=None
[2024-09-09T01:38:59.926+0000] {processor.py:175} INFO - Processing /home/airflow/.local/lib/python3.7/site-packages/airflow/example_dags/example_subdag_operator.py took 0.237 seconds
[2024-09-09T01:39:30.753+0000] {processor.py:153} INFO - Started process (PID=208) to work on /home/airflow/.local/lib/python3.7/site-packages/airflow/example_dags/example_subdag_operator.py
[2024-09-09T01:39:30.754+0000] {processor.py:743} INFO - Processing file /home/airflow/.local/lib/python3.7/site-packages/airflow/example_dags/example_subdag_operator.py for tasks to queue
[2024-09-09T01:39:30.754+0000] {logging_mixin.py:137} INFO - [2024-09-09T01:39:30.754+0000] {dagbag.py:538} INFO - Filling up the DagBag from /home/airflow/.local/lib/python3.7/site-packages/airflow/example_dags/example_subdag_operator.py
[2024-09-09T01:39:30.780+0000] {processor.py:753} INFO - DAG(s) dict_keys(['example_subdag_operator.section-1', 'example_subdag_operator.section-2', 'example_subdag_operator']) retrieved from /home/airflow/.local/lib/python3.7/site-packages/airflow/example_dags/example_subdag_operator.py
[2024-09-09T01:39:30.804+0000] {logging_mixin.py:137} INFO - [2024-09-09T01:39:30.804+0000] {dag.py:2676} INFO - Sync 3 DAGs
[2024-09-09T01:39:30.826+0000] {logging_mixin.py:137} INFO - [2024-09-09T01:39:30.826+0000] {dag.py:3427} INFO - Setting next_dagrun for example_subdag_operator to 2022-01-01T00:00:00+00:00, run_after=2022-01-01T00:00:00+00:00
[2024-09-09T01:39:30.828+0000] {logging_mixin.py:137} INFO - [2024-09-09T01:39:30.828+0000] {dag.py:3427} INFO - Setting next_dagrun for example_subdag_operator.section-1 to None, run_after=None
[2024-09-09T01:39:30.829+0000] {logging_mixin.py:137} INFO - [2024-09-09T01:39:30.829+0000] {dag.py:3427} INFO - Setting next_dagrun for example_subdag_operator.section-2 to None, run_after=None
[2024-09-09T01:39:30.835+0000] {logging_mixin.py:137} INFO - [2024-09-09T01:39:30.835+0000] {dag.py:2676} INFO - Sync 2 DAGs
[2024-09-09T01:39:30.840+0000] {logging_mixin.py:137} INFO - [2024-09-09T01:39:30.839+0000] {dag.py:3427} INFO - Setting next_dagrun for example_subdag_operator.section-1 to None, run_after=None
[2024-09-09T01:39:30.840+0000] {logging_mixin.py:137} INFO - [2024-09-09T01:39:30.840+0000] {dag.py:3427} INFO - Setting next_dagrun for example_subdag_operator.section-2 to None, run_after=None
[2024-09-09T01:39:30.850+0000] {processor.py:175} INFO - Processing /home/airflow/.local/lib/python3.7/site-packages/airflow/example_dags/example_subdag_operator.py took 0.099 seconds
[2024-09-09T01:40:01.503+0000] {processor.py:153} INFO - Started process (PID=332) to work on /home/airflow/.local/lib/python3.7/site-packages/airflow/example_dags/example_subdag_operator.py
[2024-09-09T01:40:01.504+0000] {processor.py:743} INFO - Processing file /home/airflow/.local/lib/python3.7/site-packages/airflow/example_dags/example_subdag_operator.py for tasks to queue
[2024-09-09T01:40:01.504+0000] {logging_mixin.py:137} INFO - [2024-09-09T01:40:01.504+0000] {dagbag.py:538} INFO - Filling up the DagBag from /home/airflow/.local/lib/python3.7/site-packages/airflow/example_dags/example_subdag_operator.py
[2024-09-09T01:40:01.535+0000] {processor.py:753} INFO - DAG(s) dict_keys(['example_subdag_operator.section-1', 'example_subdag_operator.section-2', 'example_subdag_operator']) retrieved from /home/airflow/.local/lib/python3.7/site-packages/airflow/example_dags/example_subdag_operator.py
[2024-09-09T01:40:01.564+0000] {logging_mixin.py:137} INFO - [2024-09-09T01:40:01.563+0000] {dag.py:2676} INFO - Sync 3 DAGs
[2024-09-09T01:40:01.586+0000] {logging_mixin.py:137} INFO - [2024-09-09T01:40:01.585+0000] {dag.py:3427} INFO - Setting next_dagrun for example_subdag_operator to 2022-01-01T00:00:00+00:00, run_after=2022-01-01T00:00:00+00:00
[2024-09-09T01:40:01.589+0000] {logging_mixin.py:137} INFO - [2024-09-09T01:40:01.589+0000] {dag.py:3427} INFO - Setting next_dagrun for example_subdag_operator.section-1 to None, run_after=None
[2024-09-09T01:40:01.590+0000] {logging_mixin.py:137} INFO - [2024-09-09T01:40:01.590+0000] {dag.py:3427} INFO - Setting next_dagrun for example_subdag_operator.section-2 to None, run_after=None
[2024-09-09T01:40:01.597+0000] {logging_mixin.py:137} INFO - [2024-09-09T01:40:01.596+0000] {dag.py:2676} INFO - Sync 2 DAGs
[2024-09-09T01:40:01.602+0000] {logging_mixin.py:137} INFO - [2024-09-09T01:40:01.602+0000] {dag.py:3427} INFO - Setting next_dagrun for example_subdag_operator.section-1 to None, run_after=None
[2024-09-09T01:40:01.602+0000] {logging_mixin.py:137} INFO - [2024-09-09T01:40:01.602+0000] {dag.py:3427} INFO - Setting next_dagrun for example_subdag_operator.section-2 to None, run_after=None
[2024-09-09T01:40:01.615+0000] {processor.py:175} INFO - Processing /home/airflow/.local/lib/python3.7/site-packages/airflow/example_dags/example_subdag_operator.py took 0.114 seconds
[2024-09-09T01:40:31.739+0000] {processor.py:153} INFO - Started process (PID=428) to work on /home/airflow/.local/lib/python3.7/site-packages/airflow/example_dags/example_subdag_operator.py
[2024-09-09T01:40:31.740+0000] {processor.py:743} INFO - Processing file /home/airflow/.local/lib/python3.7/site-packages/airflow/example_dags/example_subdag_operator.py for tasks to queue
[2024-09-09T01:40:31.741+0000] {logging_mixin.py:137} INFO - [2024-09-09T01:40:31.740+0000] {dagbag.py:538} INFO - Filling up the DagBag from /home/airflow/.local/lib/python3.7/site-packages/airflow/example_dags/example_subdag_operator.py
[2024-09-09T01:40:31.766+0000] {processor.py:753} INFO - DAG(s) dict_keys(['example_subdag_operator.section-1', 'example_subdag_operator.section-2', 'example_subdag_operator']) retrieved from /home/airflow/.local/lib/python3.7/site-packages/airflow/example_dags/example_subdag_operator.py
[2024-09-09T01:40:31.791+0000] {logging_mixin.py:137} INFO - [2024-09-09T01:40:31.790+0000] {dag.py:2676} INFO - Sync 3 DAGs
[2024-09-09T01:40:31.809+0000] {logging_mixin.py:137} INFO - [2024-09-09T01:40:31.809+0000] {dag.py:3427} INFO - Setting next_dagrun for example_subdag_operator to 2022-01-01T00:00:00+00:00, run_after=2022-01-01T00:00:00+00:00
[2024-09-09T01:40:31.812+0000] {logging_mixin.py:137} INFO - [2024-09-09T01:40:31.812+0000] {dag.py:3427} INFO - Setting next_dagrun for example_subdag_operator.section-1 to None, run_after=None
[2024-09-09T01:40:31.813+0000] {logging_mixin.py:137} INFO - [2024-09-09T01:40:31.813+0000] {dag.py:3427} INFO - Setting next_dagrun for example_subdag_operator.section-2 to None, run_after=None
[2024-09-09T01:40:31.819+0000] {logging_mixin.py:137} INFO - [2024-09-09T01:40:31.818+0000] {dag.py:2676} INFO - Sync 2 DAGs
[2024-09-09T01:40:31.823+0000] {logging_mixin.py:137} INFO - [2024-09-09T01:40:31.823+0000] {dag.py:3427} INFO - Setting next_dagrun for example_subdag_operator.section-1 to None, run_after=None
[2024-09-09T01:40:31.824+0000] {logging_mixin.py:137} INFO - [2024-09-09T01:40:31.824+0000] {dag.py:3427} INFO - Setting next_dagrun for example_subdag_operator.section-2 to None, run_after=None
[2024-09-09T01:40:31.836+0000] {processor.py:175} INFO - Processing /home/airflow/.local/lib/python3.7/site-packages/airflow/example_dags/example_subdag_operator.py took 0.099 seconds
[2024-09-09T01:41:01.943+0000] {processor.py:153} INFO - Started process (PID=553) to work on /home/airflow/.local/lib/python3.7/site-packages/airflow/example_dags/example_subdag_operator.py
[2024-09-09T01:41:01.944+0000] {processor.py:743} INFO - Processing file /home/airflow/.local/lib/python3.7/site-packages/airflow/example_dags/example_subdag_operator.py for tasks to queue
[2024-09-09T01:41:01.945+0000] {logging_mixin.py:137} INFO - [2024-09-09T01:41:01.945+0000] {dagbag.py:538} INFO - Filling up the DagBag from /home/airflow/.local/lib/python3.7/site-packages/airflow/example_dags/example_subdag_operator.py
[2024-09-09T01:41:01.968+0000] {processor.py:753} INFO - DAG(s) dict_keys(['example_subdag_operator.section-1', 'example_subdag_operator.section-2', 'example_subdag_operator']) retrieved from /home/airflow/.local/lib/python3.7/site-packages/airflow/example_dags/example_subdag_operator.py
[2024-09-09T01:41:01.989+0000] {logging_mixin.py:137} INFO - [2024-09-09T01:41:01.989+0000] {dag.py:2676} INFO - Sync 3 DAGs
[2024-09-09T01:41:02.008+0000] {logging_mixin.py:137} INFO - [2024-09-09T01:41:02.008+0000] {dag.py:3427} INFO - Setting next_dagrun for example_subdag_operator to 2022-01-01T00:00:00+00:00, run_after=2022-01-01T00:00:00+00:00
[2024-09-09T01:41:02.010+0000] {logging_mixin.py:137} INFO - [2024-09-09T01:41:02.010+0000] {dag.py:3427} INFO - Setting next_dagrun for example_subdag_operator.section-1 to None, run_after=None
[2024-09-09T01:41:02.011+0000] {logging_mixin.py:137} INFO - [2024-09-09T01:41:02.011+0000] {dag.py:3427} INFO - Setting next_dagrun for example_subdag_operator.section-2 to None, run_after=None
[2024-09-09T01:41:02.017+0000] {logging_mixin.py:137} INFO - [2024-09-09T01:41:02.017+0000] {dag.py:2676} INFO - Sync 2 DAGs
[2024-09-09T01:41:02.020+0000] {logging_mixin.py:137} INFO - [2024-09-09T01:41:02.020+0000] {dag.py:3427} INFO - Setting next_dagrun for example_subdag_operator.section-1 to None, run_after=None
[2024-09-09T01:41:02.021+0000] {logging_mixin.py:137} INFO - [2024-09-09T01:41:02.021+0000] {dag.py:3427} INFO - Setting next_dagrun for example_subdag_operator.section-2 to None, run_after=None
[2024-09-09T01:41:02.031+0000] {processor.py:175} INFO - Processing /home/airflow/.local/lib/python3.7/site-packages/airflow/example_dags/example_subdag_operator.py took 0.090 seconds
[2024-09-09T01:41:32.567+0000] {processor.py:153} INFO - Started process (PID=648) to work on /home/airflow/.local/lib/python3.7/site-packages/airflow/example_dags/example_subdag_operator.py
[2024-09-09T01:41:32.568+0000] {processor.py:743} INFO - Processing file /home/airflow/.local/lib/python3.7/site-packages/airflow/example_dags/example_subdag_operator.py for tasks to queue
[2024-09-09T01:41:32.570+0000] {logging_mixin.py:137} INFO - [2024-09-09T01:41:32.569+0000] {dagbag.py:538} INFO - Filling up the DagBag from /home/airflow/.local/lib/python3.7/site-packages/airflow/example_dags/example_subdag_operator.py
[2024-09-09T01:41:32.598+0000] {processor.py:753} INFO - DAG(s) dict_keys(['example_subdag_operator.section-1', 'example_subdag_operator.section-2', 'example_subdag_operator']) retrieved from /home/airflow/.local/lib/python3.7/site-packages/airflow/example_dags/example_subdag_operator.py
[2024-09-09T01:41:32.628+0000] {logging_mixin.py:137} INFO - [2024-09-09T01:41:32.628+0000] {dag.py:2676} INFO - Sync 3 DAGs
[2024-09-09T01:41:32.653+0000] {logging_mixin.py:137} INFO - [2024-09-09T01:41:32.653+0000] {dag.py:3427} INFO - Setting next_dagrun for example_subdag_operator to 2022-01-01T00:00:00+00:00, run_after=2022-01-01T00:00:00+00:00
[2024-09-09T01:41:32.656+0000] {logging_mixin.py:137} INFO - [2024-09-09T01:41:32.656+0000] {dag.py:3427} INFO - Setting next_dagrun for example_subdag_operator.section-1 to None, run_after=None
[2024-09-09T01:41:32.658+0000] {logging_mixin.py:137} INFO - [2024-09-09T01:41:32.658+0000] {dag.py:3427} INFO - Setting next_dagrun for example_subdag_operator.section-2 to None, run_after=None
[2024-09-09T01:41:32.667+0000] {logging_mixin.py:137} INFO - [2024-09-09T01:41:32.667+0000] {dag.py:2676} INFO - Sync 2 DAGs
[2024-09-09T01:41:32.673+0000] {logging_mixin.py:137} INFO - [2024-09-09T01:41:32.673+0000] {dag.py:3427} INFO - Setting next_dagrun for example_subdag_operator.section-1 to None, run_after=None
[2024-09-09T01:41:32.673+0000] {logging_mixin.py:137} INFO - [2024-09-09T01:41:32.673+0000] {dag.py:3427} INFO - Setting next_dagrun for example_subdag_operator.section-2 to None, run_after=None
[2024-09-09T01:41:32.688+0000] {processor.py:175} INFO - Processing /home/airflow/.local/lib/python3.7/site-packages/airflow/example_dags/example_subdag_operator.py took 0.124 seconds
[2024-09-09T01:42:03.147+0000] {processor.py:153} INFO - Started process (PID=772) to work on /home/airflow/.local/lib/python3.7/site-packages/airflow/example_dags/example_subdag_operator.py
[2024-09-09T01:42:03.148+0000] {processor.py:743} INFO - Processing file /home/airflow/.local/lib/python3.7/site-packages/airflow/example_dags/example_subdag_operator.py for tasks to queue
[2024-09-09T01:42:03.148+0000] {logging_mixin.py:137} INFO - [2024-09-09T01:42:03.148+0000] {dagbag.py:538} INFO - Filling up the DagBag from /home/airflow/.local/lib/python3.7/site-packages/airflow/example_dags/example_subdag_operator.py
[2024-09-09T01:42:03.172+0000] {processor.py:753} INFO - DAG(s) dict_keys(['example_subdag_operator.section-1', 'example_subdag_operator.section-2', 'example_subdag_operator']) retrieved from /home/airflow/.local/lib/python3.7/site-packages/airflow/example_dags/example_subdag_operator.py
[2024-09-09T01:42:03.194+0000] {logging_mixin.py:137} INFO - [2024-09-09T01:42:03.194+0000] {dag.py:2676} INFO - Sync 3 DAGs
[2024-09-09T01:42:03.213+0000] {logging_mixin.py:137} INFO - [2024-09-09T01:42:03.213+0000] {dag.py:3427} INFO - Setting next_dagrun for example_subdag_operator to 2022-01-01T00:00:00+00:00, run_after=2022-01-01T00:00:00+00:00
[2024-09-09T01:42:03.216+0000] {logging_mixin.py:137} INFO - [2024-09-09T01:42:03.216+0000] {dag.py:3427} INFO - Setting next_dagrun for example_subdag_operator.section-1 to None, run_after=None
[2024-09-09T01:42:03.217+0000] {logging_mixin.py:137} INFO - [2024-09-09T01:42:03.217+0000] {dag.py:3427} INFO - Setting next_dagrun for example_subdag_operator.section-2 to None, run_after=None
[2024-09-09T01:42:03.222+0000] {logging_mixin.py:137} INFO - [2024-09-09T01:42:03.222+0000] {dag.py:2676} INFO - Sync 2 DAGs
[2024-09-09T01:42:03.226+0000] {logging_mixin.py:137} INFO - [2024-09-09T01:42:03.226+0000] {dag.py:3427} INFO - Setting next_dagrun for example_subdag_operator.section-1 to None, run_after=None
[2024-09-09T01:42:03.226+0000] {logging_mixin.py:137} INFO - [2024-09-09T01:42:03.226+0000] {dag.py:3427} INFO - Setting next_dagrun for example_subdag_operator.section-2 to None, run_after=None
[2024-09-09T01:42:03.236+0000] {processor.py:175} INFO - Processing /home/airflow/.local/lib/python3.7/site-packages/airflow/example_dags/example_subdag_operator.py took 0.091 seconds
[2024-09-09T01:42:33.346+0000] {processor.py:153} INFO - Started process (PID=868) to work on /home/airflow/.local/lib/python3.7/site-packages/airflow/example_dags/example_subdag_operator.py
[2024-09-09T01:42:33.347+0000] {processor.py:743} INFO - Processing file /home/airflow/.local/lib/python3.7/site-packages/airflow/example_dags/example_subdag_operator.py for tasks to queue
[2024-09-09T01:42:33.348+0000] {logging_mixin.py:137} INFO - [2024-09-09T01:42:33.348+0000] {dagbag.py:538} INFO - Filling up the DagBag from /home/airflow/.local/lib/python3.7/site-packages/airflow/example_dags/example_subdag_operator.py
[2024-09-09T01:42:33.370+0000] {processor.py:753} INFO - DAG(s) dict_keys(['example_subdag_operator.section-1', 'example_subdag_operator.section-2', 'example_subdag_operator']) retrieved from /home/airflow/.local/lib/python3.7/site-packages/airflow/example_dags/example_subdag_operator.py
[2024-09-09T01:42:33.397+0000] {logging_mixin.py:137} INFO - [2024-09-09T01:42:33.397+0000] {dag.py:2676} INFO - Sync 3 DAGs
[2024-09-09T01:42:33.419+0000] {logging_mixin.py:137} INFO - [2024-09-09T01:42:33.419+0000] {dag.py:3427} INFO - Setting next_dagrun for example_subdag_operator to 2022-01-01T00:00:00+00:00, run_after=2022-01-01T00:00:00+00:00
[2024-09-09T01:42:33.422+0000] {logging_mixin.py:137} INFO - [2024-09-09T01:42:33.422+0000] {dag.py:3427} INFO - Setting next_dagrun for example_subdag_operator.section-1 to None, run_after=None
[2024-09-09T01:42:33.423+0000] {logging_mixin.py:137} INFO - [2024-09-09T01:42:33.423+0000] {dag.py:3427} INFO - Setting next_dagrun for example_subdag_operator.section-2 to None, run_after=None
[2024-09-09T01:42:33.429+0000] {logging_mixin.py:137} INFO - [2024-09-09T01:42:33.429+0000] {dag.py:2676} INFO - Sync 2 DAGs
[2024-09-09T01:42:33.433+0000] {logging_mixin.py:137} INFO - [2024-09-09T01:42:33.433+0000] {dag.py:3427} INFO - Setting next_dagrun for example_subdag_operator.section-1 to None, run_after=None
[2024-09-09T01:42:33.434+0000] {logging_mixin.py:137} INFO - [2024-09-09T01:42:33.434+0000] {dag.py:3427} INFO - Setting next_dagrun for example_subdag_operator.section-2 to None, run_after=None
[2024-09-09T01:42:33.445+0000] {processor.py:175} INFO - Processing /home/airflow/.local/lib/python3.7/site-packages/airflow/example_dags/example_subdag_operator.py took 0.101 seconds
[2024-09-09T01:43:04.100+0000] {processor.py:153} INFO - Started process (PID=992) to work on /home/airflow/.local/lib/python3.7/site-packages/airflow/example_dags/example_subdag_operator.py
[2024-09-09T01:43:04.101+0000] {processor.py:743} INFO - Processing file /home/airflow/.local/lib/python3.7/site-packages/airflow/example_dags/example_subdag_operator.py for tasks to queue
[2024-09-09T01:43:04.101+0000] {logging_mixin.py:137} INFO - [2024-09-09T01:43:04.101+0000] {dagbag.py:538} INFO - Filling up the DagBag from /home/airflow/.local/lib/python3.7/site-packages/airflow/example_dags/example_subdag_operator.py
[2024-09-09T01:43:04.127+0000] {processor.py:753} INFO - DAG(s) dict_keys(['example_subdag_operator.section-1', 'example_subdag_operator.section-2', 'example_subdag_operator']) retrieved from /home/airflow/.local/lib/python3.7/site-packages/airflow/example_dags/example_subdag_operator.py
[2024-09-09T01:43:04.153+0000] {logging_mixin.py:137} INFO - [2024-09-09T01:43:04.153+0000] {dag.py:2676} INFO - Sync 3 DAGs
[2024-09-09T01:43:04.174+0000] {logging_mixin.py:137} INFO - [2024-09-09T01:43:04.174+0000] {dag.py:3427} INFO - Setting next_dagrun for example_subdag_operator to 2022-01-01T00:00:00+00:00, run_after=2022-01-01T00:00:00+00:00
[2024-09-09T01:43:04.178+0000] {logging_mixin.py:137} INFO - [2024-09-09T01:43:04.178+0000] {dag.py:3427} INFO - Setting next_dagrun for example_subdag_operator.section-1 to None, run_after=None
[2024-09-09T01:43:04.179+0000] {logging_mixin.py:137} INFO - [2024-09-09T01:43:04.179+0000] {dag.py:3427} INFO - Setting next_dagrun for example_subdag_operator.section-2 to None, run_after=None
[2024-09-09T01:43:04.186+0000] {logging_mixin.py:137} INFO - [2024-09-09T01:43:04.186+0000] {dag.py:2676} INFO - Sync 2 DAGs
[2024-09-09T01:43:04.191+0000] {logging_mixin.py:137} INFO - [2024-09-09T01:43:04.191+0000] {dag.py:3427} INFO - Setting next_dagrun for example_subdag_operator.section-1 to None, run_after=None
[2024-09-09T01:43:04.191+0000] {logging_mixin.py:137} INFO - [2024-09-09T01:43:04.191+0000] {dag.py:3427} INFO - Setting next_dagrun for example_subdag_operator.section-2 to None, run_after=None
[2024-09-09T01:43:04.204+0000] {processor.py:175} INFO - Processing /home/airflow/.local/lib/python3.7/site-packages/airflow/example_dags/example_subdag_operator.py took 0.107 seconds
[2024-09-09T01:43:34.857+0000] {processor.py:153} INFO - Started process (PID=1116) to work on /home/airflow/.local/lib/python3.7/site-packages/airflow/example_dags/example_subdag_operator.py
[2024-09-09T01:43:34.857+0000] {processor.py:743} INFO - Processing file /home/airflow/.local/lib/python3.7/site-packages/airflow/example_dags/example_subdag_operator.py for tasks to queue
[2024-09-09T01:43:34.858+0000] {logging_mixin.py:137} INFO - [2024-09-09T01:43:34.858+0000] {dagbag.py:538} INFO - Filling up the DagBag from /home/airflow/.local/lib/python3.7/site-packages/airflow/example_dags/example_subdag_operator.py
[2024-09-09T01:43:34.884+0000] {processor.py:753} INFO - DAG(s) dict_keys(['example_subdag_operator.section-1', 'example_subdag_operator.section-2', 'example_subdag_operator']) retrieved from /home/airflow/.local/lib/python3.7/site-packages/airflow/example_dags/example_subdag_operator.py
[2024-09-09T01:43:34.907+0000] {logging_mixin.py:137} INFO - [2024-09-09T01:43:34.907+0000] {dag.py:2676} INFO - Sync 3 DAGs
[2024-09-09T01:43:34.929+0000] {logging_mixin.py:137} INFO - [2024-09-09T01:43:34.929+0000] {dag.py:3427} INFO - Setting next_dagrun for example_subdag_operator to 2022-01-01T00:00:00+00:00, run_after=2022-01-01T00:00:00+00:00
[2024-09-09T01:43:34.932+0000] {logging_mixin.py:137} INFO - [2024-09-09T01:43:34.932+0000] {dag.py:3427} INFO - Setting next_dagrun for example_subdag_operator.section-1 to None, run_after=None
[2024-09-09T01:43:34.934+0000] {logging_mixin.py:137} INFO - [2024-09-09T01:43:34.934+0000] {dag.py:3427} INFO - Setting next_dagrun for example_subdag_operator.section-2 to None, run_after=None
[2024-09-09T01:43:34.940+0000] {logging_mixin.py:137} INFO - [2024-09-09T01:43:34.940+0000] {dag.py:2676} INFO - Sync 2 DAGs
[2024-09-09T01:43:34.944+0000] {logging_mixin.py:137} INFO - [2024-09-09T01:43:34.944+0000] {dag.py:3427} INFO - Setting next_dagrun for example_subdag_operator.section-1 to None, run_after=None
[2024-09-09T01:43:34.945+0000] {logging_mixin.py:137} INFO - [2024-09-09T01:43:34.945+0000] {dag.py:3427} INFO - Setting next_dagrun for example_subdag_operator.section-2 to None, run_after=None
[2024-09-09T01:43:34.956+0000] {processor.py:175} INFO - Processing /home/airflow/.local/lib/python3.7/site-packages/airflow/example_dags/example_subdag_operator.py took 0.103 seconds
[2024-09-09T01:44:05.234+0000] {processor.py:153} INFO - Started process (PID=1212) to work on /home/airflow/.local/lib/python3.7/site-packages/airflow/example_dags/example_subdag_operator.py
[2024-09-09T01:44:05.235+0000] {processor.py:743} INFO - Processing file /home/airflow/.local/lib/python3.7/site-packages/airflow/example_dags/example_subdag_operator.py for tasks to queue
[2024-09-09T01:44:05.235+0000] {logging_mixin.py:137} INFO - [2024-09-09T01:44:05.235+0000] {dagbag.py:538} INFO - Filling up the DagBag from /home/airflow/.local/lib/python3.7/site-packages/airflow/example_dags/example_subdag_operator.py
[2024-09-09T01:44:05.258+0000] {processor.py:753} INFO - DAG(s) dict_keys(['example_subdag_operator.section-1', 'example_subdag_operator.section-2', 'example_subdag_operator']) retrieved from /home/airflow/.local/lib/python3.7/site-packages/airflow/example_dags/example_subdag_operator.py
[2024-09-09T01:44:05.280+0000] {logging_mixin.py:137} INFO - [2024-09-09T01:44:05.279+0000] {dag.py:2676} INFO - Sync 3 DAGs
[2024-09-09T01:44:05.299+0000] {logging_mixin.py:137} INFO - [2024-09-09T01:44:05.299+0000] {dag.py:3427} INFO - Setting next_dagrun for example_subdag_operator to 2022-01-01T00:00:00+00:00, run_after=2022-01-01T00:00:00+00:00
[2024-09-09T01:44:05.302+0000] {logging_mixin.py:137} INFO - [2024-09-09T01:44:05.302+0000] {dag.py:3427} INFO - Setting next_dagrun for example_subdag_operator.section-1 to None, run_after=None
[2024-09-09T01:44:05.302+0000] {logging_mixin.py:137} INFO - [2024-09-09T01:44:05.302+0000] {dag.py:3427} INFO - Setting next_dagrun for example_subdag_operator.section-2 to None, run_after=None
[2024-09-09T01:44:05.308+0000] {logging_mixin.py:137} INFO - [2024-09-09T01:44:05.308+0000] {dag.py:2676} INFO - Sync 2 DAGs
[2024-09-09T01:44:05.311+0000] {logging_mixin.py:137} INFO - [2024-09-09T01:44:05.311+0000] {dag.py:3427} INFO - Setting next_dagrun for example_subdag_operator.section-1 to None, run_after=None
[2024-09-09T01:44:05.312+0000] {logging_mixin.py:137} INFO - [2024-09-09T01:44:05.312+0000] {dag.py:3427} INFO - Setting next_dagrun for example_subdag_operator.section-2 to None, run_after=None
[2024-09-09T01:44:05.321+0000] {processor.py:175} INFO - Processing /home/airflow/.local/lib/python3.7/site-packages/airflow/example_dags/example_subdag_operator.py took 0.090 seconds
