[2024-09-09T01:38:58.699+0000] {processor.py:153} INFO - Started process (PID=102) to work on /home/airflow/.local/lib/python3.7/site-packages/airflow/example_dags/example_short_circuit_decorator.py
[2024-09-09T01:38:58.700+0000] {processor.py:743} INFO - Processing file /home/airflow/.local/lib/python3.7/site-packages/airflow/example_dags/example_short_circuit_decorator.py for tasks to queue
[2024-09-09T01:38:58.700+0000] {logging_mixin.py:137} INFO - [2024-09-09T01:38:58.700+0000] {dagbag.py:538} INFO - Filling up the DagBag from /home/airflow/.local/lib/python3.7/site-packages/airflow/example_dags/example_short_circuit_decorator.py
[2024-09-09T01:38:58.738+0000] {processor.py:753} INFO - DAG(s) dict_keys(['example_short_circuit_decorator']) retrieved from /home/airflow/.local/lib/python3.7/site-packages/airflow/example_dags/example_short_circuit_decorator.py
[2024-09-09T01:38:58.780+0000] {logging_mixin.py:137} INFO - [2024-09-09T01:38:58.780+0000] {dag.py:2676} INFO - Sync 1 DAGs
[2024-09-09T01:38:58.806+0000] {logging_mixin.py:137} INFO - [2024-09-09T01:38:58.806+0000] {dag.py:3427} INFO - Setting next_dagrun for example_short_circuit_decorator to 2024-09-08T01:38:58.806413+00:00, run_after=2024-09-09T01:38:58.806413+00:00
[2024-09-09T01:38:58.841+0000] {processor.py:175} INFO - Processing /home/airflow/.local/lib/python3.7/site-packages/airflow/example_dags/example_short_circuit_decorator.py took 0.145 seconds
[2024-09-09T01:39:29.128+0000] {processor.py:153} INFO - Started process (PID=198) to work on /home/airflow/.local/lib/python3.7/site-packages/airflow/example_dags/example_short_circuit_decorator.py
[2024-09-09T01:39:29.130+0000] {processor.py:743} INFO - Processing file /home/airflow/.local/lib/python3.7/site-packages/airflow/example_dags/example_short_circuit_decorator.py for tasks to queue
[2024-09-09T01:39:29.130+0000] {logging_mixin.py:137} INFO - [2024-09-09T01:39:29.130+0000] {dagbag.py:538} INFO - Filling up the DagBag from /home/airflow/.local/lib/python3.7/site-packages/airflow/example_dags/example_short_circuit_decorator.py
[2024-09-09T01:39:29.155+0000] {processor.py:753} INFO - DAG(s) dict_keys(['example_short_circuit_decorator']) retrieved from /home/airflow/.local/lib/python3.7/site-packages/airflow/example_dags/example_short_circuit_decorator.py
[2024-09-09T01:39:29.193+0000] {logging_mixin.py:137} INFO - [2024-09-09T01:39:29.193+0000] {dag.py:2676} INFO - Sync 1 DAGs
[2024-09-09T01:39:29.218+0000] {logging_mixin.py:137} INFO - [2024-09-09T01:39:29.218+0000] {dag.py:3427} INFO - Setting next_dagrun for example_short_circuit_decorator to 2024-09-08T01:39:29.218056+00:00, run_after=2024-09-09T01:39:29.218056+00:00
[2024-09-09T01:39:29.241+0000] {processor.py:175} INFO - Processing /home/airflow/.local/lib/python3.7/site-packages/airflow/example_dags/example_short_circuit_decorator.py took 0.116 seconds
[2024-09-09T01:39:59.791+0000] {processor.py:153} INFO - Started process (PID=303) to work on /home/airflow/.local/lib/python3.7/site-packages/airflow/example_dags/example_short_circuit_decorator.py
[2024-09-09T01:39:59.792+0000] {processor.py:743} INFO - Processing file /home/airflow/.local/lib/python3.7/site-packages/airflow/example_dags/example_short_circuit_decorator.py for tasks to queue
[2024-09-09T01:39:59.792+0000] {logging_mixin.py:137} INFO - [2024-09-09T01:39:59.792+0000] {dagbag.py:538} INFO - Filling up the DagBag from /home/airflow/.local/lib/python3.7/site-packages/airflow/example_dags/example_short_circuit_decorator.py
[2024-09-09T01:39:59.818+0000] {processor.py:753} INFO - DAG(s) dict_keys(['example_short_circuit_decorator']) retrieved from /home/airflow/.local/lib/python3.7/site-packages/airflow/example_dags/example_short_circuit_decorator.py
[2024-09-09T01:39:59.855+0000] {logging_mixin.py:137} INFO - [2024-09-09T01:39:59.855+0000] {dag.py:2676} INFO - Sync 1 DAGs
[2024-09-09T01:39:59.879+0000] {logging_mixin.py:137} INFO - [2024-09-09T01:39:59.878+0000] {dag.py:3427} INFO - Setting next_dagrun for example_short_circuit_decorator to 2024-09-08T01:39:59.878717+00:00, run_after=2024-09-09T01:39:59.878717+00:00
[2024-09-09T01:39:59.901+0000] {processor.py:175} INFO - Processing /home/airflow/.local/lib/python3.7/site-packages/airflow/example_dags/example_short_circuit_decorator.py took 0.113 seconds
[2024-09-09T01:40:30.241+0000] {processor.py:153} INFO - Started process (PID=418) to work on /home/airflow/.local/lib/python3.7/site-packages/airflow/example_dags/example_short_circuit_decorator.py
[2024-09-09T01:40:30.242+0000] {processor.py:743} INFO - Processing file /home/airflow/.local/lib/python3.7/site-packages/airflow/example_dags/example_short_circuit_decorator.py for tasks to queue
[2024-09-09T01:40:30.243+0000] {logging_mixin.py:137} INFO - [2024-09-09T01:40:30.243+0000] {dagbag.py:538} INFO - Filling up the DagBag from /home/airflow/.local/lib/python3.7/site-packages/airflow/example_dags/example_short_circuit_decorator.py
[2024-09-09T01:40:30.261+0000] {processor.py:753} INFO - DAG(s) dict_keys(['example_short_circuit_decorator']) retrieved from /home/airflow/.local/lib/python3.7/site-packages/airflow/example_dags/example_short_circuit_decorator.py
[2024-09-09T01:40:30.288+0000] {logging_mixin.py:137} INFO - [2024-09-09T01:40:30.288+0000] {dag.py:2676} INFO - Sync 1 DAGs
[2024-09-09T01:40:30.307+0000] {logging_mixin.py:137} INFO - [2024-09-09T01:40:30.307+0000] {dag.py:3427} INFO - Setting next_dagrun for example_short_circuit_decorator to 2024-09-08T01:40:30.306905+00:00, run_after=2024-09-09T01:40:30.306905+00:00
[2024-09-09T01:40:30.324+0000] {processor.py:175} INFO - Processing /home/airflow/.local/lib/python3.7/site-packages/airflow/example_dags/example_short_circuit_decorator.py took 0.086 seconds
[2024-09-09T01:41:00.433+0000] {processor.py:153} INFO - Started process (PID=542) to work on /home/airflow/.local/lib/python3.7/site-packages/airflow/example_dags/example_short_circuit_decorator.py
[2024-09-09T01:41:00.434+0000] {processor.py:743} INFO - Processing file /home/airflow/.local/lib/python3.7/site-packages/airflow/example_dags/example_short_circuit_decorator.py for tasks to queue
[2024-09-09T01:41:00.435+0000] {logging_mixin.py:137} INFO - [2024-09-09T01:41:00.435+0000] {dagbag.py:538} INFO - Filling up the DagBag from /home/airflow/.local/lib/python3.7/site-packages/airflow/example_dags/example_short_circuit_decorator.py
[2024-09-09T01:41:00.454+0000] {processor.py:753} INFO - DAG(s) dict_keys(['example_short_circuit_decorator']) retrieved from /home/airflow/.local/lib/python3.7/site-packages/airflow/example_dags/example_short_circuit_decorator.py
[2024-09-09T01:41:00.481+0000] {logging_mixin.py:137} INFO - [2024-09-09T01:41:00.481+0000] {dag.py:2676} INFO - Sync 1 DAGs
[2024-09-09T01:41:00.500+0000] {logging_mixin.py:137} INFO - [2024-09-09T01:41:00.500+0000] {dag.py:3427} INFO - Setting next_dagrun for example_short_circuit_decorator to 2024-09-08T01:41:00.500372+00:00, run_after=2024-09-09T01:41:00.500372+00:00
[2024-09-09T01:41:00.518+0000] {processor.py:175} INFO - Processing /home/airflow/.local/lib/python3.7/site-packages/airflow/example_dags/example_short_circuit_decorator.py took 0.087 seconds
[2024-09-09T01:41:30.721+0000] {processor.py:153} INFO - Started process (PID=638) to work on /home/airflow/.local/lib/python3.7/site-packages/airflow/example_dags/example_short_circuit_decorator.py
[2024-09-09T01:41:30.722+0000] {processor.py:743} INFO - Processing file /home/airflow/.local/lib/python3.7/site-packages/airflow/example_dags/example_short_circuit_decorator.py for tasks to queue
[2024-09-09T01:41:30.723+0000] {logging_mixin.py:137} INFO - [2024-09-09T01:41:30.723+0000] {dagbag.py:538} INFO - Filling up the DagBag from /home/airflow/.local/lib/python3.7/site-packages/airflow/example_dags/example_short_circuit_decorator.py
[2024-09-09T01:41:30.766+0000] {processor.py:753} INFO - DAG(s) dict_keys(['example_short_circuit_decorator']) retrieved from /home/airflow/.local/lib/python3.7/site-packages/airflow/example_dags/example_short_circuit_decorator.py
[2024-09-09T01:41:30.834+0000] {logging_mixin.py:137} INFO - [2024-09-09T01:41:30.834+0000] {dag.py:2676} INFO - Sync 1 DAGs
[2024-09-09T01:41:30.863+0000] {logging_mixin.py:137} INFO - [2024-09-09T01:41:30.863+0000] {dag.py:3427} INFO - Setting next_dagrun for example_short_circuit_decorator to 2024-09-08T01:41:30.862859+00:00, run_after=2024-09-09T01:41:30.862859+00:00
[2024-09-09T01:41:30.887+0000] {processor.py:175} INFO - Processing /home/airflow/.local/lib/python3.7/site-packages/airflow/example_dags/example_short_circuit_decorator.py took 0.171 seconds
[2024-09-09T01:42:01.543+0000] {processor.py:153} INFO - Started process (PID=762) to work on /home/airflow/.local/lib/python3.7/site-packages/airflow/example_dags/example_short_circuit_decorator.py
[2024-09-09T01:42:01.544+0000] {processor.py:743} INFO - Processing file /home/airflow/.local/lib/python3.7/site-packages/airflow/example_dags/example_short_circuit_decorator.py for tasks to queue
[2024-09-09T01:42:01.545+0000] {logging_mixin.py:137} INFO - [2024-09-09T01:42:01.545+0000] {dagbag.py:538} INFO - Filling up the DagBag from /home/airflow/.local/lib/python3.7/site-packages/airflow/example_dags/example_short_circuit_decorator.py
[2024-09-09T01:42:01.575+0000] {processor.py:753} INFO - DAG(s) dict_keys(['example_short_circuit_decorator']) retrieved from /home/airflow/.local/lib/python3.7/site-packages/airflow/example_dags/example_short_circuit_decorator.py
[2024-09-09T01:42:01.620+0000] {logging_mixin.py:137} INFO - [2024-09-09T01:42:01.620+0000] {dag.py:2676} INFO - Sync 1 DAGs
[2024-09-09T01:42:01.651+0000] {logging_mixin.py:137} INFO - [2024-09-09T01:42:01.651+0000] {dag.py:3427} INFO - Setting next_dagrun for example_short_circuit_decorator to 2024-09-08T01:42:01.651149+00:00, run_after=2024-09-09T01:42:01.651149+00:00
[2024-09-09T01:42:01.672+0000] {processor.py:175} INFO - Processing /home/airflow/.local/lib/python3.7/site-packages/airflow/example_dags/example_short_circuit_decorator.py took 0.133 seconds
[2024-09-09T01:42:31.762+0000] {processor.py:153} INFO - Started process (PID=858) to work on /home/airflow/.local/lib/python3.7/site-packages/airflow/example_dags/example_short_circuit_decorator.py
[2024-09-09T01:42:31.763+0000] {processor.py:743} INFO - Processing file /home/airflow/.local/lib/python3.7/site-packages/airflow/example_dags/example_short_circuit_decorator.py for tasks to queue
[2024-09-09T01:42:31.763+0000] {logging_mixin.py:137} INFO - [2024-09-09T01:42:31.763+0000] {dagbag.py:538} INFO - Filling up the DagBag from /home/airflow/.local/lib/python3.7/site-packages/airflow/example_dags/example_short_circuit_decorator.py
[2024-09-09T01:42:31.782+0000] {processor.py:753} INFO - DAG(s) dict_keys(['example_short_circuit_decorator']) retrieved from /home/airflow/.local/lib/python3.7/site-packages/airflow/example_dags/example_short_circuit_decorator.py
[2024-09-09T01:42:31.811+0000] {logging_mixin.py:137} INFO - [2024-09-09T01:42:31.811+0000] {dag.py:2676} INFO - Sync 1 DAGs
[2024-09-09T01:42:31.831+0000] {logging_mixin.py:137} INFO - [2024-09-09T01:42:31.831+0000] {dag.py:3427} INFO - Setting next_dagrun for example_short_circuit_decorator to 2024-09-08T01:42:31.831595+00:00, run_after=2024-09-09T01:42:31.831595+00:00
[2024-09-09T01:42:31.850+0000] {processor.py:175} INFO - Processing /home/airflow/.local/lib/python3.7/site-packages/airflow/example_dags/example_short_circuit_decorator.py took 0.091 seconds
[2024-09-09T01:43:02.434+0000] {processor.py:153} INFO - Started process (PID=982) to work on /home/airflow/.local/lib/python3.7/site-packages/airflow/example_dags/example_short_circuit_decorator.py
[2024-09-09T01:43:02.434+0000] {processor.py:743} INFO - Processing file /home/airflow/.local/lib/python3.7/site-packages/airflow/example_dags/example_short_circuit_decorator.py for tasks to queue
[2024-09-09T01:43:02.435+0000] {logging_mixin.py:137} INFO - [2024-09-09T01:43:02.435+0000] {dagbag.py:538} INFO - Filling up the DagBag from /home/airflow/.local/lib/python3.7/site-packages/airflow/example_dags/example_short_circuit_decorator.py
[2024-09-09T01:43:02.457+0000] {processor.py:753} INFO - DAG(s) dict_keys(['example_short_circuit_decorator']) retrieved from /home/airflow/.local/lib/python3.7/site-packages/airflow/example_dags/example_short_circuit_decorator.py
[2024-09-09T01:43:02.491+0000] {logging_mixin.py:137} INFO - [2024-09-09T01:43:02.491+0000] {dag.py:2676} INFO - Sync 1 DAGs
[2024-09-09T01:43:02.514+0000] {logging_mixin.py:137} INFO - [2024-09-09T01:43:02.514+0000] {dag.py:3427} INFO - Setting next_dagrun for example_short_circuit_decorator to 2024-09-08T01:43:02.514333+00:00, run_after=2024-09-09T01:43:02.514333+00:00
[2024-09-09T01:43:02.533+0000] {processor.py:175} INFO - Processing /home/airflow/.local/lib/python3.7/site-packages/airflow/example_dags/example_short_circuit_decorator.py took 0.102 seconds
[2024-09-09T01:43:33.220+0000] {processor.py:153} INFO - Started process (PID=1078) to work on /home/airflow/.local/lib/python3.7/site-packages/airflow/example_dags/example_short_circuit_decorator.py
[2024-09-09T01:43:33.222+0000] {processor.py:743} INFO - Processing file /home/airflow/.local/lib/python3.7/site-packages/airflow/example_dags/example_short_circuit_decorator.py for tasks to queue
[2024-09-09T01:43:33.222+0000] {logging_mixin.py:137} INFO - [2024-09-09T01:43:33.222+0000] {dagbag.py:538} INFO - Filling up the DagBag from /home/airflow/.local/lib/python3.7/site-packages/airflow/example_dags/example_short_circuit_decorator.py
[2024-09-09T01:43:33.246+0000] {processor.py:753} INFO - DAG(s) dict_keys(['example_short_circuit_decorator']) retrieved from /home/airflow/.local/lib/python3.7/site-packages/airflow/example_dags/example_short_circuit_decorator.py
[2024-09-09T01:43:33.283+0000] {logging_mixin.py:137} INFO - [2024-09-09T01:43:33.283+0000] {dag.py:2676} INFO - Sync 1 DAGs
[2024-09-09T01:43:33.309+0000] {logging_mixin.py:137} INFO - [2024-09-09T01:43:33.309+0000] {dag.py:3427} INFO - Setting next_dagrun for example_short_circuit_decorator to 2024-09-08T01:43:33.309523+00:00, run_after=2024-09-09T01:43:33.309523+00:00
[2024-09-09T01:43:33.332+0000] {processor.py:175} INFO - Processing /home/airflow/.local/lib/python3.7/site-packages/airflow/example_dags/example_short_circuit_decorator.py took 0.115 seconds
[2024-09-09T01:44:03.667+0000] {processor.py:153} INFO - Started process (PID=1202) to work on /home/airflow/.local/lib/python3.7/site-packages/airflow/example_dags/example_short_circuit_decorator.py
[2024-09-09T01:44:03.669+0000] {processor.py:743} INFO - Processing file /home/airflow/.local/lib/python3.7/site-packages/airflow/example_dags/example_short_circuit_decorator.py for tasks to queue
[2024-09-09T01:44:03.669+0000] {logging_mixin.py:137} INFO - [2024-09-09T01:44:03.669+0000] {dagbag.py:538} INFO - Filling up the DagBag from /home/airflow/.local/lib/python3.7/site-packages/airflow/example_dags/example_short_circuit_decorator.py
[2024-09-09T01:44:03.691+0000] {processor.py:753} INFO - DAG(s) dict_keys(['example_short_circuit_decorator']) retrieved from /home/airflow/.local/lib/python3.7/site-packages/airflow/example_dags/example_short_circuit_decorator.py
[2024-09-09T01:44:03.724+0000] {logging_mixin.py:137} INFO - [2024-09-09T01:44:03.724+0000] {dag.py:2676} INFO - Sync 1 DAGs
[2024-09-09T01:44:03.753+0000] {logging_mixin.py:137} INFO - [2024-09-09T01:44:03.753+0000] {dag.py:3427} INFO - Setting next_dagrun for example_short_circuit_decorator to 2024-09-08T01:44:03.753394+00:00, run_after=2024-09-09T01:44:03.753394+00:00
[2024-09-09T01:44:03.773+0000] {processor.py:175} INFO - Processing /home/airflow/.local/lib/python3.7/site-packages/airflow/example_dags/example_short_circuit_decorator.py took 0.108 seconds
[2024-09-09T01:44:34.095+0000] {processor.py:153} INFO - Started process (PID=1326) to work on /home/airflow/.local/lib/python3.7/site-packages/airflow/example_dags/example_short_circuit_decorator.py
[2024-09-09T01:44:34.096+0000] {processor.py:743} INFO - Processing file /home/airflow/.local/lib/python3.7/site-packages/airflow/example_dags/example_short_circuit_decorator.py for tasks to queue
[2024-09-09T01:44:34.097+0000] {logging_mixin.py:137} INFO - [2024-09-09T01:44:34.097+0000] {dagbag.py:538} INFO - Filling up the DagBag from /home/airflow/.local/lib/python3.7/site-packages/airflow/example_dags/example_short_circuit_decorator.py
[2024-09-09T01:44:34.124+0000] {processor.py:753} INFO - DAG(s) dict_keys(['example_short_circuit_decorator']) retrieved from /home/airflow/.local/lib/python3.7/site-packages/airflow/example_dags/example_short_circuit_decorator.py
[2024-09-09T01:44:34.172+0000] {logging_mixin.py:137} INFO - [2024-09-09T01:44:34.171+0000] {dag.py:2676} INFO - Sync 1 DAGs
[2024-09-09T01:44:34.199+0000] {logging_mixin.py:137} INFO - [2024-09-09T01:44:34.199+0000] {dag.py:3427} INFO - Setting next_dagrun for example_short_circuit_decorator to 2024-09-08T01:44:34.198982+00:00, run_after=2024-09-09T01:44:34.198982+00:00
[2024-09-09T01:44:34.225+0000] {processor.py:175} INFO - Processing /home/airflow/.local/lib/python3.7/site-packages/airflow/example_dags/example_short_circuit_decorator.py took 0.134 seconds
[2024-09-09T01:45:04.361+0000] {processor.py:153} INFO - Started process (PID=1422) to work on /home/airflow/.local/lib/python3.7/site-packages/airflow/example_dags/example_short_circuit_decorator.py
[2024-09-09T01:45:04.362+0000] {processor.py:743} INFO - Processing file /home/airflow/.local/lib/python3.7/site-packages/airflow/example_dags/example_short_circuit_decorator.py for tasks to queue
[2024-09-09T01:45:04.362+0000] {logging_mixin.py:137} INFO - [2024-09-09T01:45:04.362+0000] {dagbag.py:538} INFO - Filling up the DagBag from /home/airflow/.local/lib/python3.7/site-packages/airflow/example_dags/example_short_circuit_decorator.py
[2024-09-09T01:45:04.380+0000] {processor.py:753} INFO - DAG(s) dict_keys(['example_short_circuit_decorator']) retrieved from /home/airflow/.local/lib/python3.7/site-packages/airflow/example_dags/example_short_circuit_decorator.py
[2024-09-09T01:45:04.407+0000] {logging_mixin.py:137} INFO - [2024-09-09T01:45:04.407+0000] {dag.py:2676} INFO - Sync 1 DAGs
[2024-09-09T01:45:04.428+0000] {logging_mixin.py:137} INFO - [2024-09-09T01:45:04.427+0000] {dag.py:3427} INFO - Setting next_dagrun for example_short_circuit_decorator to 2024-09-08T01:45:04.427707+00:00, run_after=2024-09-09T01:45:04.427707+00:00
[2024-09-09T01:45:04.444+0000] {processor.py:175} INFO - Processing /home/airflow/.local/lib/python3.7/site-packages/airflow/example_dags/example_short_circuit_decorator.py took 0.086 seconds
[2024-09-09T01:45:34.709+0000] {processor.py:153} INFO - Started process (PID=1547) to work on /home/airflow/.local/lib/python3.7/site-packages/airflow/example_dags/example_short_circuit_decorator.py
[2024-09-09T01:45:34.710+0000] {processor.py:743} INFO - Processing file /home/airflow/.local/lib/python3.7/site-packages/airflow/example_dags/example_short_circuit_decorator.py for tasks to queue
[2024-09-09T01:45:34.710+0000] {logging_mixin.py:137} INFO - [2024-09-09T01:45:34.710+0000] {dagbag.py:538} INFO - Filling up the DagBag from /home/airflow/.local/lib/python3.7/site-packages/airflow/example_dags/example_short_circuit_decorator.py
[2024-09-09T01:45:34.728+0000] {processor.py:753} INFO - DAG(s) dict_keys(['example_short_circuit_decorator']) retrieved from /home/airflow/.local/lib/python3.7/site-packages/airflow/example_dags/example_short_circuit_decorator.py
[2024-09-09T01:45:34.756+0000] {logging_mixin.py:137} INFO - [2024-09-09T01:45:34.756+0000] {dag.py:2676} INFO - Sync 1 DAGs
[2024-09-09T01:45:34.774+0000] {logging_mixin.py:137} INFO - [2024-09-09T01:45:34.774+0000] {dag.py:3427} INFO - Setting next_dagrun for example_short_circuit_decorator to 2024-09-08T01:45:34.774539+00:00, run_after=2024-09-09T01:45:34.774539+00:00
[2024-09-09T01:45:34.790+0000] {processor.py:175} INFO - Processing /home/airflow/.local/lib/python3.7/site-packages/airflow/example_dags/example_short_circuit_decorator.py took 0.083 seconds
[2024-09-09T01:46:05.072+0000] {processor.py:153} INFO - Started process (PID=1643) to work on /home/airflow/.local/lib/python3.7/site-packages/airflow/example_dags/example_short_circuit_decorator.py
[2024-09-09T01:46:05.073+0000] {processor.py:743} INFO - Processing file /home/airflow/.local/lib/python3.7/site-packages/airflow/example_dags/example_short_circuit_decorator.py for tasks to queue
[2024-09-09T01:46:05.074+0000] {logging_mixin.py:137} INFO - [2024-09-09T01:46:05.073+0000] {dagbag.py:538} INFO - Filling up the DagBag from /home/airflow/.local/lib/python3.7/site-packages/airflow/example_dags/example_short_circuit_decorator.py
[2024-09-09T01:46:05.093+0000] {processor.py:753} INFO - DAG(s) dict_keys(['example_short_circuit_decorator']) retrieved from /home/airflow/.local/lib/python3.7/site-packages/airflow/example_dags/example_short_circuit_decorator.py
[2024-09-09T01:46:05.121+0000] {logging_mixin.py:137} INFO - [2024-09-09T01:46:05.120+0000] {dag.py:2676} INFO - Sync 1 DAGs
[2024-09-09T01:46:05.138+0000] {logging_mixin.py:137} INFO - [2024-09-09T01:46:05.138+0000] {dag.py:3427} INFO - Setting next_dagrun for example_short_circuit_decorator to 2024-09-08T01:46:05.138624+00:00, run_after=2024-09-09T01:46:05.138624+00:00
[2024-09-09T01:46:05.155+0000] {processor.py:175} INFO - Processing /home/airflow/.local/lib/python3.7/site-packages/airflow/example_dags/example_short_circuit_decorator.py took 0.085 seconds
[2024-09-09T01:46:35.334+0000] {processor.py:153} INFO - Started process (PID=1767) to work on /home/airflow/.local/lib/python3.7/site-packages/airflow/example_dags/example_short_circuit_decorator.py
[2024-09-09T01:46:35.335+0000] {processor.py:743} INFO - Processing file /home/airflow/.local/lib/python3.7/site-packages/airflow/example_dags/example_short_circuit_decorator.py for tasks to queue
[2024-09-09T01:46:35.335+0000] {logging_mixin.py:137} INFO - [2024-09-09T01:46:35.335+0000] {dagbag.py:538} INFO - Filling up the DagBag from /home/airflow/.local/lib/python3.7/site-packages/airflow/example_dags/example_short_circuit_decorator.py
[2024-09-09T01:46:35.354+0000] {processor.py:753} INFO - DAG(s) dict_keys(['example_short_circuit_decorator']) retrieved from /home/airflow/.local/lib/python3.7/site-packages/airflow/example_dags/example_short_circuit_decorator.py
[2024-09-09T01:46:35.382+0000] {logging_mixin.py:137} INFO - [2024-09-09T01:46:35.382+0000] {dag.py:2676} INFO - Sync 1 DAGs
[2024-09-09T01:46:35.404+0000] {logging_mixin.py:137} INFO - [2024-09-09T01:46:35.403+0000] {dag.py:3427} INFO - Setting next_dagrun for example_short_circuit_decorator to 2024-09-08T01:46:35.402980+00:00, run_after=2024-09-09T01:46:35.402980+00:00
[2024-09-09T01:46:35.421+0000] {processor.py:175} INFO - Processing /home/airflow/.local/lib/python3.7/site-packages/airflow/example_dags/example_short_circuit_decorator.py took 0.090 seconds
[2024-09-09T01:47:06.073+0000] {processor.py:153} INFO - Started process (PID=1870) to work on /home/airflow/.local/lib/python3.7/site-packages/airflow/example_dags/example_short_circuit_decorator.py
[2024-09-09T01:47:06.074+0000] {processor.py:743} INFO - Processing file /home/airflow/.local/lib/python3.7/site-packages/airflow/example_dags/example_short_circuit_decorator.py for tasks to queue
[2024-09-09T01:47:06.075+0000] {logging_mixin.py:137} INFO - [2024-09-09T01:47:06.075+0000] {dagbag.py:538} INFO - Filling up the DagBag from /home/airflow/.local/lib/python3.7/site-packages/airflow/example_dags/example_short_circuit_decorator.py
[2024-09-09T01:47:06.097+0000] {processor.py:753} INFO - DAG(s) dict_keys(['example_short_circuit_decorator']) retrieved from /home/airflow/.local/lib/python3.7/site-packages/airflow/example_dags/example_short_circuit_decorator.py
[2024-09-09T01:47:06.130+0000] {logging_mixin.py:137} INFO - [2024-09-09T01:47:06.130+0000] {dag.py:2676} INFO - Sync 1 DAGs
[2024-09-09T01:47:06.153+0000] {logging_mixin.py:137} INFO - [2024-09-09T01:47:06.153+0000] {dag.py:3427} INFO - Setting next_dagrun for example_short_circuit_decorator to 2024-09-08T01:47:06.153565+00:00, run_after=2024-09-09T01:47:06.153565+00:00
[2024-09-09T01:47:06.172+0000] {processor.py:175} INFO - Processing /home/airflow/.local/lib/python3.7/site-packages/airflow/example_dags/example_short_circuit_decorator.py took 0.102 seconds
[2024-09-09T01:47:36.517+0000] {processor.py:153} INFO - Started process (PID=1987) to work on /home/airflow/.local/lib/python3.7/site-packages/airflow/example_dags/example_short_circuit_decorator.py
[2024-09-09T01:47:36.518+0000] {processor.py:743} INFO - Processing file /home/airflow/.local/lib/python3.7/site-packages/airflow/example_dags/example_short_circuit_decorator.py for tasks to queue
[2024-09-09T01:47:36.518+0000] {logging_mixin.py:137} INFO - [2024-09-09T01:47:36.518+0000] {dagbag.py:538} INFO - Filling up the DagBag from /home/airflow/.local/lib/python3.7/site-packages/airflow/example_dags/example_short_circuit_decorator.py
[2024-09-09T01:47:36.538+0000] {processor.py:753} INFO - DAG(s) dict_keys(['example_short_circuit_decorator']) retrieved from /home/airflow/.local/lib/python3.7/site-packages/airflow/example_dags/example_short_circuit_decorator.py
[2024-09-09T01:47:36.567+0000] {logging_mixin.py:137} INFO - [2024-09-09T01:47:36.567+0000] {dag.py:2676} INFO - Sync 1 DAGs
[2024-09-09T01:47:36.587+0000] {logging_mixin.py:137} INFO - [2024-09-09T01:47:36.587+0000] {dag.py:3427} INFO - Setting next_dagrun for example_short_circuit_decorator to 2024-09-08T01:47:36.587277+00:00, run_after=2024-09-09T01:47:36.587277+00:00
[2024-09-09T01:47:36.606+0000] {processor.py:175} INFO - Processing /home/airflow/.local/lib/python3.7/site-packages/airflow/example_dags/example_short_circuit_decorator.py took 0.092 seconds
[2024-09-09T01:48:06.762+0000] {processor.py:153} INFO - Started process (PID=2110) to work on /home/airflow/.local/lib/python3.7/site-packages/airflow/example_dags/example_short_circuit_decorator.py
[2024-09-09T01:48:06.763+0000] {processor.py:743} INFO - Processing file /home/airflow/.local/lib/python3.7/site-packages/airflow/example_dags/example_short_circuit_decorator.py for tasks to queue
[2024-09-09T01:48:06.764+0000] {logging_mixin.py:137} INFO - [2024-09-09T01:48:06.764+0000] {dagbag.py:538} INFO - Filling up the DagBag from /home/airflow/.local/lib/python3.7/site-packages/airflow/example_dags/example_short_circuit_decorator.py
[2024-09-09T01:48:06.784+0000] {processor.py:753} INFO - DAG(s) dict_keys(['example_short_circuit_decorator']) retrieved from /home/airflow/.local/lib/python3.7/site-packages/airflow/example_dags/example_short_circuit_decorator.py
[2024-09-09T01:48:06.817+0000] {logging_mixin.py:137} INFO - [2024-09-09T01:48:06.817+0000] {dag.py:2676} INFO - Sync 1 DAGs
[2024-09-09T01:48:06.836+0000] {logging_mixin.py:137} INFO - [2024-09-09T01:48:06.836+0000] {dag.py:3427} INFO - Setting next_dagrun for example_short_circuit_decorator to 2024-09-08T01:48:06.835887+00:00, run_after=2024-09-09T01:48:06.835887+00:00
[2024-09-09T01:48:06.854+0000] {processor.py:175} INFO - Processing /home/airflow/.local/lib/python3.7/site-packages/airflow/example_dags/example_short_circuit_decorator.py took 0.094 seconds
[2024-09-09T01:48:36.969+0000] {processor.py:153} INFO - Started process (PID=2205) to work on /home/airflow/.local/lib/python3.7/site-packages/airflow/example_dags/example_short_circuit_decorator.py
[2024-09-09T01:48:36.970+0000] {processor.py:743} INFO - Processing file /home/airflow/.local/lib/python3.7/site-packages/airflow/example_dags/example_short_circuit_decorator.py for tasks to queue
[2024-09-09T01:48:36.971+0000] {logging_mixin.py:137} INFO - [2024-09-09T01:48:36.971+0000] {dagbag.py:538} INFO - Filling up the DagBag from /home/airflow/.local/lib/python3.7/site-packages/airflow/example_dags/example_short_circuit_decorator.py
[2024-09-09T01:48:36.993+0000] {processor.py:753} INFO - DAG(s) dict_keys(['example_short_circuit_decorator']) retrieved from /home/airflow/.local/lib/python3.7/site-packages/airflow/example_dags/example_short_circuit_decorator.py
[2024-09-09T01:48:37.027+0000] {logging_mixin.py:137} INFO - [2024-09-09T01:48:37.027+0000] {dag.py:2676} INFO - Sync 1 DAGs
[2024-09-09T01:48:37.050+0000] {logging_mixin.py:137} INFO - [2024-09-09T01:48:37.050+0000] {dag.py:3427} INFO - Setting next_dagrun for example_short_circuit_decorator to 2024-09-08T01:48:37.050141+00:00, run_after=2024-09-09T01:48:37.050141+00:00
[2024-09-09T01:48:37.075+0000] {processor.py:175} INFO - Processing /home/airflow/.local/lib/python3.7/site-packages/airflow/example_dags/example_short_circuit_decorator.py took 0.108 seconds
[2024-09-09T01:49:07.615+0000] {processor.py:153} INFO - Started process (PID=2329) to work on /home/airflow/.local/lib/python3.7/site-packages/airflow/example_dags/example_short_circuit_decorator.py
[2024-09-09T01:49:07.616+0000] {processor.py:743} INFO - Processing file /home/airflow/.local/lib/python3.7/site-packages/airflow/example_dags/example_short_circuit_decorator.py for tasks to queue
[2024-09-09T01:49:07.617+0000] {logging_mixin.py:137} INFO - [2024-09-09T01:49:07.616+0000] {dagbag.py:538} INFO - Filling up the DagBag from /home/airflow/.local/lib/python3.7/site-packages/airflow/example_dags/example_short_circuit_decorator.py
[2024-09-09T01:49:07.637+0000] {processor.py:753} INFO - DAG(s) dict_keys(['example_short_circuit_decorator']) retrieved from /home/airflow/.local/lib/python3.7/site-packages/airflow/example_dags/example_short_circuit_decorator.py
[2024-09-09T01:49:07.667+0000] {logging_mixin.py:137} INFO - [2024-09-09T01:49:07.667+0000] {dag.py:2676} INFO - Sync 1 DAGs
[2024-09-09T01:49:07.689+0000] {logging_mixin.py:137} INFO - [2024-09-09T01:49:07.689+0000] {dag.py:3427} INFO - Setting next_dagrun for example_short_circuit_decorator to 2024-09-08T01:49:07.689248+00:00, run_after=2024-09-09T01:49:07.689248+00:00
[2024-09-09T01:49:07.708+0000] {processor.py:175} INFO - Processing /home/airflow/.local/lib/python3.7/site-packages/airflow/example_dags/example_short_circuit_decorator.py took 0.096 seconds
[2024-09-09T01:49:37.852+0000] {processor.py:153} INFO - Started process (PID=2425) to work on /home/airflow/.local/lib/python3.7/site-packages/airflow/example_dags/example_short_circuit_decorator.py
[2024-09-09T01:49:37.853+0000] {processor.py:743} INFO - Processing file /home/airflow/.local/lib/python3.7/site-packages/airflow/example_dags/example_short_circuit_decorator.py for tasks to queue
[2024-09-09T01:49:37.854+0000] {logging_mixin.py:137} INFO - [2024-09-09T01:49:37.854+0000] {dagbag.py:538} INFO - Filling up the DagBag from /home/airflow/.local/lib/python3.7/site-packages/airflow/example_dags/example_short_circuit_decorator.py
[2024-09-09T01:49:37.875+0000] {processor.py:753} INFO - DAG(s) dict_keys(['example_short_circuit_decorator']) retrieved from /home/airflow/.local/lib/python3.7/site-packages/airflow/example_dags/example_short_circuit_decorator.py
[2024-09-09T01:49:37.906+0000] {logging_mixin.py:137} INFO - [2024-09-09T01:49:37.905+0000] {dag.py:2676} INFO - Sync 1 DAGs
[2024-09-09T01:49:37.923+0000] {logging_mixin.py:137} INFO - [2024-09-09T01:49:37.923+0000] {dag.py:3427} INFO - Setting next_dagrun for example_short_circuit_decorator to 2024-09-08T01:49:37.923641+00:00, run_after=2024-09-09T01:49:37.923641+00:00
[2024-09-09T01:49:37.938+0000] {processor.py:175} INFO - Processing /home/airflow/.local/lib/python3.7/site-packages/airflow/example_dags/example_short_circuit_decorator.py took 0.089 seconds
[2024-09-09T01:50:08.168+0000] {processor.py:153} INFO - Started process (PID=2549) to work on /home/airflow/.local/lib/python3.7/site-packages/airflow/example_dags/example_short_circuit_decorator.py
[2024-09-09T01:50:08.169+0000] {processor.py:743} INFO - Processing file /home/airflow/.local/lib/python3.7/site-packages/airflow/example_dags/example_short_circuit_decorator.py for tasks to queue
[2024-09-09T01:50:08.169+0000] {logging_mixin.py:137} INFO - [2024-09-09T01:50:08.169+0000] {dagbag.py:538} INFO - Filling up the DagBag from /home/airflow/.local/lib/python3.7/site-packages/airflow/example_dags/example_short_circuit_decorator.py
[2024-09-09T01:50:08.187+0000] {processor.py:753} INFO - DAG(s) dict_keys(['example_short_circuit_decorator']) retrieved from /home/airflow/.local/lib/python3.7/site-packages/airflow/example_dags/example_short_circuit_decorator.py
[2024-09-09T01:50:08.215+0000] {logging_mixin.py:137} INFO - [2024-09-09T01:50:08.215+0000] {dag.py:2676} INFO - Sync 1 DAGs
[2024-09-09T01:50:08.233+0000] {logging_mixin.py:137} INFO - [2024-09-09T01:50:08.233+0000] {dag.py:3427} INFO - Setting next_dagrun for example_short_circuit_decorator to 2024-09-08T01:50:08.233046+00:00, run_after=2024-09-09T01:50:08.233046+00:00
[2024-09-09T01:50:08.247+0000] {processor.py:175} INFO - Processing /home/airflow/.local/lib/python3.7/site-packages/airflow/example_dags/example_short_circuit_decorator.py took 0.082 seconds
[2024-09-09T01:50:38.502+0000] {processor.py:153} INFO - Started process (PID=2653) to work on /home/airflow/.local/lib/python3.7/site-packages/airflow/example_dags/example_short_circuit_decorator.py
[2024-09-09T01:50:38.503+0000] {processor.py:743} INFO - Processing file /home/airflow/.local/lib/python3.7/site-packages/airflow/example_dags/example_short_circuit_decorator.py for tasks to queue
[2024-09-09T01:50:38.504+0000] {logging_mixin.py:137} INFO - [2024-09-09T01:50:38.504+0000] {dagbag.py:538} INFO - Filling up the DagBag from /home/airflow/.local/lib/python3.7/site-packages/airflow/example_dags/example_short_circuit_decorator.py
[2024-09-09T01:50:38.524+0000] {processor.py:753} INFO - DAG(s) dict_keys(['example_short_circuit_decorator']) retrieved from /home/airflow/.local/lib/python3.7/site-packages/airflow/example_dags/example_short_circuit_decorator.py
[2024-09-09T01:50:38.555+0000] {logging_mixin.py:137} INFO - [2024-09-09T01:50:38.555+0000] {dag.py:2676} INFO - Sync 1 DAGs
[2024-09-09T01:50:38.578+0000] {logging_mixin.py:137} INFO - [2024-09-09T01:50:38.578+0000] {dag.py:3427} INFO - Setting next_dagrun for example_short_circuit_decorator to 2024-09-08T01:50:38.578000+00:00, run_after=2024-09-09T01:50:38.578000+00:00
[2024-09-09T01:50:38.596+0000] {processor.py:175} INFO - Processing /home/airflow/.local/lib/python3.7/site-packages/airflow/example_dags/example_short_circuit_decorator.py took 0.096 seconds
[2024-09-09T01:51:08.707+0000] {processor.py:153} INFO - Started process (PID=2768) to work on /home/airflow/.local/lib/python3.7/site-packages/airflow/example_dags/example_short_circuit_decorator.py
[2024-09-09T01:51:08.708+0000] {processor.py:743} INFO - Processing file /home/airflow/.local/lib/python3.7/site-packages/airflow/example_dags/example_short_circuit_decorator.py for tasks to queue
[2024-09-09T01:51:08.708+0000] {logging_mixin.py:137} INFO - [2024-09-09T01:51:08.708+0000] {dagbag.py:538} INFO - Filling up the DagBag from /home/airflow/.local/lib/python3.7/site-packages/airflow/example_dags/example_short_circuit_decorator.py
[2024-09-09T01:51:08.729+0000] {processor.py:753} INFO - DAG(s) dict_keys(['example_short_circuit_decorator']) retrieved from /home/airflow/.local/lib/python3.7/site-packages/airflow/example_dags/example_short_circuit_decorator.py
[2024-09-09T01:51:08.760+0000] {logging_mixin.py:137} INFO - [2024-09-09T01:51:08.760+0000] {dag.py:2676} INFO - Sync 1 DAGs
[2024-09-09T01:51:08.782+0000] {logging_mixin.py:137} INFO - [2024-09-09T01:51:08.782+0000] {dag.py:3427} INFO - Setting next_dagrun for example_short_circuit_decorator to 2024-09-08T01:51:08.782525+00:00, run_after=2024-09-09T01:51:08.782525+00:00
[2024-09-09T01:51:08.807+0000] {processor.py:175} INFO - Processing /home/airflow/.local/lib/python3.7/site-packages/airflow/example_dags/example_short_circuit_decorator.py took 0.102 seconds
