[2024-09-09T01:38:59.522+0000] {processor.py:153} INFO - Started process (PID=111) to work on /home/airflow/.local/lib/python3.7/site-packages/airflow/example_dags/example_xcomargs.py
[2024-09-09T01:38:59.526+0000] {processor.py:743} INFO - Processing file /home/airflow/.local/lib/python3.7/site-packages/airflow/example_dags/example_xcomargs.py for tasks to queue
[2024-09-09T01:38:59.528+0000] {logging_mixin.py:137} INFO - [2024-09-09T01:38:59.528+0000] {dagbag.py:538} INFO - Filling up the DagBag from /home/airflow/.local/lib/python3.7/site-packages/airflow/example_dags/example_xcomargs.py
[2024-09-09T01:38:59.621+0000] {processor.py:753} INFO - DAG(s) dict_keys(['example_xcom_args_with_operators', 'example_xcom_args']) retrieved from /home/airflow/.local/lib/python3.7/site-packages/airflow/example_dags/example_xcomargs.py
[2024-09-09T01:38:59.691+0000] {logging_mixin.py:137} INFO - [2024-09-09T01:38:59.691+0000] {dag.py:2676} INFO - Sync 2 DAGs
[2024-09-09T01:38:59.739+0000] {logging_mixin.py:137} INFO - [2024-09-09T01:38:59.739+0000] {dag.py:3427} INFO - Setting next_dagrun for example_xcom_args to None, run_after=None
[2024-09-09T01:38:59.745+0000] {logging_mixin.py:137} INFO - [2024-09-09T01:38:59.745+0000] {dag.py:3427} INFO - Setting next_dagrun for example_xcom_args_with_operators to None, run_after=None
[2024-09-09T01:38:59.765+0000] {processor.py:175} INFO - Processing /home/airflow/.local/lib/python3.7/site-packages/airflow/example_dags/example_xcomargs.py took 0.247 seconds
[2024-09-09T01:39:30.645+0000] {processor.py:153} INFO - Started process (PID=207) to work on /home/airflow/.local/lib/python3.7/site-packages/airflow/example_dags/example_xcomargs.py
[2024-09-09T01:39:30.646+0000] {processor.py:743} INFO - Processing file /home/airflow/.local/lib/python3.7/site-packages/airflow/example_dags/example_xcomargs.py for tasks to queue
[2024-09-09T01:39:30.646+0000] {logging_mixin.py:137} INFO - [2024-09-09T01:39:30.646+0000] {dagbag.py:538} INFO - Filling up the DagBag from /home/airflow/.local/lib/python3.7/site-packages/airflow/example_dags/example_xcomargs.py
[2024-09-09T01:39:30.668+0000] {processor.py:753} INFO - DAG(s) dict_keys(['example_xcom_args', 'example_xcom_args_with_operators']) retrieved from /home/airflow/.local/lib/python3.7/site-packages/airflow/example_dags/example_xcomargs.py
[2024-09-09T01:39:30.707+0000] {logging_mixin.py:137} INFO - [2024-09-09T01:39:30.707+0000] {dag.py:2676} INFO - Sync 2 DAGs
[2024-09-09T01:39:30.729+0000] {logging_mixin.py:137} INFO - [2024-09-09T01:39:30.729+0000] {dag.py:3427} INFO - Setting next_dagrun for example_xcom_args to None, run_after=None
[2024-09-09T01:39:30.732+0000] {logging_mixin.py:137} INFO - [2024-09-09T01:39:30.732+0000] {dag.py:3427} INFO - Setting next_dagrun for example_xcom_args_with_operators to None, run_after=None
[2024-09-09T01:39:30.749+0000] {processor.py:175} INFO - Processing /home/airflow/.local/lib/python3.7/site-packages/airflow/example_dags/example_xcomargs.py took 0.106 seconds
[2024-09-09T01:40:01.407+0000] {processor.py:153} INFO - Started process (PID=331) to work on /home/airflow/.local/lib/python3.7/site-packages/airflow/example_dags/example_xcomargs.py
[2024-09-09T01:40:01.408+0000] {processor.py:743} INFO - Processing file /home/airflow/.local/lib/python3.7/site-packages/airflow/example_dags/example_xcomargs.py for tasks to queue
[2024-09-09T01:40:01.408+0000] {logging_mixin.py:137} INFO - [2024-09-09T01:40:01.408+0000] {dagbag.py:538} INFO - Filling up the DagBag from /home/airflow/.local/lib/python3.7/site-packages/airflow/example_dags/example_xcomargs.py
[2024-09-09T01:40:01.427+0000] {processor.py:753} INFO - DAG(s) dict_keys(['example_xcom_args_with_operators', 'example_xcom_args']) retrieved from /home/airflow/.local/lib/python3.7/site-packages/airflow/example_dags/example_xcomargs.py
[2024-09-09T01:40:01.461+0000] {logging_mixin.py:137} INFO - [2024-09-09T01:40:01.460+0000] {dag.py:2676} INFO - Sync 2 DAGs
[2024-09-09T01:40:01.480+0000] {logging_mixin.py:137} INFO - [2024-09-09T01:40:01.480+0000] {dag.py:3427} INFO - Setting next_dagrun for example_xcom_args to None, run_after=None
[2024-09-09T01:40:01.483+0000] {logging_mixin.py:137} INFO - [2024-09-09T01:40:01.483+0000] {dag.py:3427} INFO - Setting next_dagrun for example_xcom_args_with_operators to None, run_after=None
[2024-09-09T01:40:01.502+0000] {processor.py:175} INFO - Processing /home/airflow/.local/lib/python3.7/site-packages/airflow/example_dags/example_xcomargs.py took 0.098 seconds
[2024-09-09T01:40:31.637+0000] {processor.py:153} INFO - Started process (PID=427) to work on /home/airflow/.local/lib/python3.7/site-packages/airflow/example_dags/example_xcomargs.py
[2024-09-09T01:40:31.638+0000] {processor.py:743} INFO - Processing file /home/airflow/.local/lib/python3.7/site-packages/airflow/example_dags/example_xcomargs.py for tasks to queue
[2024-09-09T01:40:31.639+0000] {logging_mixin.py:137} INFO - [2024-09-09T01:40:31.639+0000] {dagbag.py:538} INFO - Filling up the DagBag from /home/airflow/.local/lib/python3.7/site-packages/airflow/example_dags/example_xcomargs.py
[2024-09-09T01:40:31.662+0000] {processor.py:753} INFO - DAG(s) dict_keys(['example_xcom_args_with_operators', 'example_xcom_args']) retrieved from /home/airflow/.local/lib/python3.7/site-packages/airflow/example_dags/example_xcomargs.py
[2024-09-09T01:40:31.694+0000] {logging_mixin.py:137} INFO - [2024-09-09T01:40:31.694+0000] {dag.py:2676} INFO - Sync 2 DAGs
[2024-09-09T01:40:31.715+0000] {logging_mixin.py:137} INFO - [2024-09-09T01:40:31.715+0000] {dag.py:3427} INFO - Setting next_dagrun for example_xcom_args to None, run_after=None
[2024-09-09T01:40:31.719+0000] {logging_mixin.py:137} INFO - [2024-09-09T01:40:31.719+0000] {dag.py:3427} INFO - Setting next_dagrun for example_xcom_args_with_operators to None, run_after=None
[2024-09-09T01:40:31.736+0000] {processor.py:175} INFO - Processing /home/airflow/.local/lib/python3.7/site-packages/airflow/example_dags/example_xcomargs.py took 0.101 seconds
[2024-09-09T01:41:01.844+0000] {processor.py:153} INFO - Started process (PID=551) to work on /home/airflow/.local/lib/python3.7/site-packages/airflow/example_dags/example_xcomargs.py
[2024-09-09T01:41:01.845+0000] {processor.py:743} INFO - Processing file /home/airflow/.local/lib/python3.7/site-packages/airflow/example_dags/example_xcomargs.py for tasks to queue
[2024-09-09T01:41:01.846+0000] {logging_mixin.py:137} INFO - [2024-09-09T01:41:01.846+0000] {dagbag.py:538} INFO - Filling up the DagBag from /home/airflow/.local/lib/python3.7/site-packages/airflow/example_dags/example_xcomargs.py
[2024-09-09T01:41:01.863+0000] {processor.py:753} INFO - DAG(s) dict_keys(['example_xcom_args_with_operators', 'example_xcom_args']) retrieved from /home/airflow/.local/lib/python3.7/site-packages/airflow/example_dags/example_xcomargs.py
[2024-09-09T01:41:01.893+0000] {logging_mixin.py:137} INFO - [2024-09-09T01:41:01.893+0000] {dag.py:2676} INFO - Sync 2 DAGs
[2024-09-09T01:41:01.912+0000] {logging_mixin.py:137} INFO - [2024-09-09T01:41:01.911+0000] {dag.py:3427} INFO - Setting next_dagrun for example_xcom_args to None, run_after=None
[2024-09-09T01:41:01.914+0000] {logging_mixin.py:137} INFO - [2024-09-09T01:41:01.914+0000] {dag.py:3427} INFO - Setting next_dagrun for example_xcom_args_with_operators to None, run_after=None
[2024-09-09T01:41:01.929+0000] {processor.py:175} INFO - Processing /home/airflow/.local/lib/python3.7/site-packages/airflow/example_dags/example_xcomargs.py took 0.087 seconds
[2024-09-09T01:41:32.443+0000] {processor.py:153} INFO - Started process (PID=647) to work on /home/airflow/.local/lib/python3.7/site-packages/airflow/example_dags/example_xcomargs.py
[2024-09-09T01:41:32.444+0000] {processor.py:743} INFO - Processing file /home/airflow/.local/lib/python3.7/site-packages/airflow/example_dags/example_xcomargs.py for tasks to queue
[2024-09-09T01:41:32.445+0000] {logging_mixin.py:137} INFO - [2024-09-09T01:41:32.445+0000] {dagbag.py:538} INFO - Filling up the DagBag from /home/airflow/.local/lib/python3.7/site-packages/airflow/example_dags/example_xcomargs.py
[2024-09-09T01:41:32.471+0000] {processor.py:753} INFO - DAG(s) dict_keys(['example_xcom_args_with_operators', 'example_xcom_args']) retrieved from /home/airflow/.local/lib/python3.7/site-packages/airflow/example_dags/example_xcomargs.py
[2024-09-09T01:41:32.515+0000] {logging_mixin.py:137} INFO - [2024-09-09T01:41:32.514+0000] {dag.py:2676} INFO - Sync 2 DAGs
[2024-09-09T01:41:32.543+0000] {logging_mixin.py:137} INFO - [2024-09-09T01:41:32.542+0000] {dag.py:3427} INFO - Setting next_dagrun for example_xcom_args to None, run_after=None
[2024-09-09T01:41:32.546+0000] {logging_mixin.py:137} INFO - [2024-09-09T01:41:32.546+0000] {dag.py:3427} INFO - Setting next_dagrun for example_xcom_args_with_operators to None, run_after=None
[2024-09-09T01:41:32.568+0000] {processor.py:175} INFO - Processing /home/airflow/.local/lib/python3.7/site-packages/airflow/example_dags/example_xcomargs.py took 0.127 seconds
[2024-09-09T01:42:03.061+0000] {processor.py:153} INFO - Started process (PID=771) to work on /home/airflow/.local/lib/python3.7/site-packages/airflow/example_dags/example_xcomargs.py
[2024-09-09T01:42:03.062+0000] {processor.py:743} INFO - Processing file /home/airflow/.local/lib/python3.7/site-packages/airflow/example_dags/example_xcomargs.py for tasks to queue
[2024-09-09T01:42:03.062+0000] {logging_mixin.py:137} INFO - [2024-09-09T01:42:03.062+0000] {dagbag.py:538} INFO - Filling up the DagBag from /home/airflow/.local/lib/python3.7/site-packages/airflow/example_dags/example_xcomargs.py
[2024-09-09T01:42:03.078+0000] {processor.py:753} INFO - DAG(s) dict_keys(['example_xcom_args', 'example_xcom_args_with_operators']) retrieved from /home/airflow/.local/lib/python3.7/site-packages/airflow/example_dags/example_xcomargs.py
[2024-09-09T01:42:03.107+0000] {logging_mixin.py:137} INFO - [2024-09-09T01:42:03.106+0000] {dag.py:2676} INFO - Sync 2 DAGs
[2024-09-09T01:42:03.125+0000] {logging_mixin.py:137} INFO - [2024-09-09T01:42:03.125+0000] {dag.py:3427} INFO - Setting next_dagrun for example_xcom_args to None, run_after=None
[2024-09-09T01:42:03.127+0000] {logging_mixin.py:137} INFO - [2024-09-09T01:42:03.127+0000] {dag.py:3427} INFO - Setting next_dagrun for example_xcom_args_with_operators to None, run_after=None
[2024-09-09T01:42:03.143+0000] {processor.py:175} INFO - Processing /home/airflow/.local/lib/python3.7/site-packages/airflow/example_dags/example_xcomargs.py took 0.085 seconds
[2024-09-09T01:42:33.256+0000] {processor.py:153} INFO - Started process (PID=867) to work on /home/airflow/.local/lib/python3.7/site-packages/airflow/example_dags/example_xcomargs.py
[2024-09-09T01:42:33.258+0000] {processor.py:743} INFO - Processing file /home/airflow/.local/lib/python3.7/site-packages/airflow/example_dags/example_xcomargs.py for tasks to queue
[2024-09-09T01:42:33.259+0000] {logging_mixin.py:137} INFO - [2024-09-09T01:42:33.259+0000] {dagbag.py:538} INFO - Filling up the DagBag from /home/airflow/.local/lib/python3.7/site-packages/airflow/example_dags/example_xcomargs.py
[2024-09-09T01:42:33.276+0000] {processor.py:753} INFO - DAG(s) dict_keys(['example_xcom_args_with_operators', 'example_xcom_args']) retrieved from /home/airflow/.local/lib/python3.7/site-packages/airflow/example_dags/example_xcomargs.py
[2024-09-09T01:42:33.306+0000] {logging_mixin.py:137} INFO - [2024-09-09T01:42:33.306+0000] {dag.py:2676} INFO - Sync 2 DAGs
[2024-09-09T01:42:33.324+0000] {logging_mixin.py:137} INFO - [2024-09-09T01:42:33.324+0000] {dag.py:3427} INFO - Setting next_dagrun for example_xcom_args to None, run_after=None
[2024-09-09T01:42:33.327+0000] {logging_mixin.py:137} INFO - [2024-09-09T01:42:33.327+0000] {dag.py:3427} INFO - Setting next_dagrun for example_xcom_args_with_operators to None, run_after=None
[2024-09-09T01:42:33.343+0000] {processor.py:175} INFO - Processing /home/airflow/.local/lib/python3.7/site-packages/airflow/example_dags/example_xcomargs.py took 0.090 seconds
[2024-09-09T01:43:03.992+0000] {processor.py:153} INFO - Started process (PID=991) to work on /home/airflow/.local/lib/python3.7/site-packages/airflow/example_dags/example_xcomargs.py
[2024-09-09T01:43:03.999+0000] {processor.py:743} INFO - Processing file /home/airflow/.local/lib/python3.7/site-packages/airflow/example_dags/example_xcomargs.py for tasks to queue
[2024-09-09T01:43:04.000+0000] {logging_mixin.py:137} INFO - [2024-09-09T01:43:04.000+0000] {dagbag.py:538} INFO - Filling up the DagBag from /home/airflow/.local/lib/python3.7/site-packages/airflow/example_dags/example_xcomargs.py
[2024-09-09T01:43:04.019+0000] {processor.py:753} INFO - DAG(s) dict_keys(['example_xcom_args', 'example_xcom_args_with_operators']) retrieved from /home/airflow/.local/lib/python3.7/site-packages/airflow/example_dags/example_xcomargs.py
[2024-09-09T01:43:04.052+0000] {logging_mixin.py:137} INFO - [2024-09-09T01:43:04.052+0000] {dag.py:2676} INFO - Sync 2 DAGs
[2024-09-09T01:43:04.073+0000] {logging_mixin.py:137} INFO - [2024-09-09T01:43:04.072+0000] {dag.py:3427} INFO - Setting next_dagrun for example_xcom_args to None, run_after=None
[2024-09-09T01:43:04.076+0000] {logging_mixin.py:137} INFO - [2024-09-09T01:43:04.075+0000] {dag.py:3427} INFO - Setting next_dagrun for example_xcom_args_with_operators to None, run_after=None
[2024-09-09T01:43:04.093+0000] {processor.py:175} INFO - Processing /home/airflow/.local/lib/python3.7/site-packages/airflow/example_dags/example_xcomargs.py took 0.104 seconds
[2024-09-09T01:43:34.739+0000] {processor.py:153} INFO - Started process (PID=1115) to work on /home/airflow/.local/lib/python3.7/site-packages/airflow/example_dags/example_xcomargs.py
[2024-09-09T01:43:34.740+0000] {processor.py:743} INFO - Processing file /home/airflow/.local/lib/python3.7/site-packages/airflow/example_dags/example_xcomargs.py for tasks to queue
[2024-09-09T01:43:34.741+0000] {logging_mixin.py:137} INFO - [2024-09-09T01:43:34.741+0000] {dagbag.py:538} INFO - Filling up the DagBag from /home/airflow/.local/lib/python3.7/site-packages/airflow/example_dags/example_xcomargs.py
[2024-09-09T01:43:34.764+0000] {processor.py:753} INFO - DAG(s) dict_keys(['example_xcom_args_with_operators', 'example_xcom_args']) retrieved from /home/airflow/.local/lib/python3.7/site-packages/airflow/example_dags/example_xcomargs.py
[2024-09-09T01:43:34.805+0000] {logging_mixin.py:137} INFO - [2024-09-09T01:43:34.805+0000] {dag.py:2676} INFO - Sync 2 DAGs
[2024-09-09T01:43:34.826+0000] {logging_mixin.py:137} INFO - [2024-09-09T01:43:34.826+0000] {dag.py:3427} INFO - Setting next_dagrun for example_xcom_args to None, run_after=None
[2024-09-09T01:43:34.829+0000] {logging_mixin.py:137} INFO - [2024-09-09T01:43:34.829+0000] {dag.py:3427} INFO - Setting next_dagrun for example_xcom_args_with_operators to None, run_after=None
[2024-09-09T01:43:34.848+0000] {processor.py:175} INFO - Processing /home/airflow/.local/lib/python3.7/site-packages/airflow/example_dags/example_xcomargs.py took 0.112 seconds
[2024-09-09T01:44:05.134+0000] {processor.py:153} INFO - Started process (PID=1211) to work on /home/airflow/.local/lib/python3.7/site-packages/airflow/example_dags/example_xcomargs.py
[2024-09-09T01:44:05.135+0000] {processor.py:743} INFO - Processing file /home/airflow/.local/lib/python3.7/site-packages/airflow/example_dags/example_xcomargs.py for tasks to queue
[2024-09-09T01:44:05.136+0000] {logging_mixin.py:137} INFO - [2024-09-09T01:44:05.136+0000] {dagbag.py:538} INFO - Filling up the DagBag from /home/airflow/.local/lib/python3.7/site-packages/airflow/example_dags/example_xcomargs.py
[2024-09-09T01:44:05.159+0000] {processor.py:753} INFO - DAG(s) dict_keys(['example_xcom_args', 'example_xcom_args_with_operators']) retrieved from /home/airflow/.local/lib/python3.7/site-packages/airflow/example_dags/example_xcomargs.py
[2024-09-09T01:44:05.192+0000] {logging_mixin.py:137} INFO - [2024-09-09T01:44:05.192+0000] {dag.py:2676} INFO - Sync 2 DAGs
[2024-09-09T01:44:05.210+0000] {logging_mixin.py:137} INFO - [2024-09-09T01:44:05.210+0000] {dag.py:3427} INFO - Setting next_dagrun for example_xcom_args to None, run_after=None
[2024-09-09T01:44:05.212+0000] {logging_mixin.py:137} INFO - [2024-09-09T01:44:05.212+0000] {dag.py:3427} INFO - Setting next_dagrun for example_xcom_args_with_operators to None, run_after=None
[2024-09-09T01:44:05.228+0000] {processor.py:175} INFO - Processing /home/airflow/.local/lib/python3.7/site-packages/airflow/example_dags/example_xcomargs.py took 0.096 seconds
[2024-09-09T01:44:35.708+0000] {processor.py:153} INFO - Started process (PID=1335) to work on /home/airflow/.local/lib/python3.7/site-packages/airflow/example_dags/example_xcomargs.py
[2024-09-09T01:44:35.714+0000] {processor.py:743} INFO - Processing file /home/airflow/.local/lib/python3.7/site-packages/airflow/example_dags/example_xcomargs.py for tasks to queue
[2024-09-09T01:44:35.714+0000] {logging_mixin.py:137} INFO - [2024-09-09T01:44:35.714+0000] {dagbag.py:538} INFO - Filling up the DagBag from /home/airflow/.local/lib/python3.7/site-packages/airflow/example_dags/example_xcomargs.py
[2024-09-09T01:44:35.737+0000] {processor.py:753} INFO - DAG(s) dict_keys(['example_xcom_args', 'example_xcom_args_with_operators']) retrieved from /home/airflow/.local/lib/python3.7/site-packages/airflow/example_dags/example_xcomargs.py
[2024-09-09T01:44:35.777+0000] {logging_mixin.py:137} INFO - [2024-09-09T01:44:35.777+0000] {dag.py:2676} INFO - Sync 2 DAGs
[2024-09-09T01:44:35.803+0000] {logging_mixin.py:137} INFO - [2024-09-09T01:44:35.803+0000] {dag.py:3427} INFO - Setting next_dagrun for example_xcom_args to None, run_after=None
[2024-09-09T01:44:35.809+0000] {logging_mixin.py:137} INFO - [2024-09-09T01:44:35.809+0000] {dag.py:3427} INFO - Setting next_dagrun for example_xcom_args_with_operators to None, run_after=None
[2024-09-09T01:44:35.831+0000] {processor.py:175} INFO - Processing /home/airflow/.local/lib/python3.7/site-packages/airflow/example_dags/example_xcomargs.py took 0.126 seconds
[2024-09-09T01:45:05.867+0000] {processor.py:153} INFO - Started process (PID=1431) to work on /home/airflow/.local/lib/python3.7/site-packages/airflow/example_dags/example_xcomargs.py
[2024-09-09T01:45:05.868+0000] {processor.py:743} INFO - Processing file /home/airflow/.local/lib/python3.7/site-packages/airflow/example_dags/example_xcomargs.py for tasks to queue
[2024-09-09T01:45:05.869+0000] {logging_mixin.py:137} INFO - [2024-09-09T01:45:05.869+0000] {dagbag.py:538} INFO - Filling up the DagBag from /home/airflow/.local/lib/python3.7/site-packages/airflow/example_dags/example_xcomargs.py
[2024-09-09T01:45:05.885+0000] {processor.py:753} INFO - DAG(s) dict_keys(['example_xcom_args', 'example_xcom_args_with_operators']) retrieved from /home/airflow/.local/lib/python3.7/site-packages/airflow/example_dags/example_xcomargs.py
[2024-09-09T01:45:05.914+0000] {logging_mixin.py:137} INFO - [2024-09-09T01:45:05.914+0000] {dag.py:2676} INFO - Sync 2 DAGs
[2024-09-09T01:45:05.932+0000] {logging_mixin.py:137} INFO - [2024-09-09T01:45:05.932+0000] {dag.py:3427} INFO - Setting next_dagrun for example_xcom_args to None, run_after=None
[2024-09-09T01:45:05.935+0000] {logging_mixin.py:137} INFO - [2024-09-09T01:45:05.934+0000] {dag.py:3427} INFO - Setting next_dagrun for example_xcom_args_with_operators to None, run_after=None
[2024-09-09T01:45:05.949+0000] {processor.py:175} INFO - Processing /home/airflow/.local/lib/python3.7/site-packages/airflow/example_dags/example_xcomargs.py took 0.084 seconds
[2024-09-09T01:45:36.034+0000] {processor.py:153} INFO - Started process (PID=1556) to work on /home/airflow/.local/lib/python3.7/site-packages/airflow/example_dags/example_xcomargs.py
[2024-09-09T01:45:36.041+0000] {processor.py:743} INFO - Processing file /home/airflow/.local/lib/python3.7/site-packages/airflow/example_dags/example_xcomargs.py for tasks to queue
[2024-09-09T01:45:36.041+0000] {logging_mixin.py:137} INFO - [2024-09-09T01:45:36.041+0000] {dagbag.py:538} INFO - Filling up the DagBag from /home/airflow/.local/lib/python3.7/site-packages/airflow/example_dags/example_xcomargs.py
[2024-09-09T01:45:36.060+0000] {processor.py:753} INFO - DAG(s) dict_keys(['example_xcom_args', 'example_xcom_args_with_operators']) retrieved from /home/airflow/.local/lib/python3.7/site-packages/airflow/example_dags/example_xcomargs.py
[2024-09-09T01:45:36.090+0000] {logging_mixin.py:137} INFO - [2024-09-09T01:45:36.090+0000] {dag.py:2676} INFO - Sync 2 DAGs
[2024-09-09T01:45:36.107+0000] {logging_mixin.py:137} INFO - [2024-09-09T01:45:36.107+0000] {dag.py:3427} INFO - Setting next_dagrun for example_xcom_args to None, run_after=None
[2024-09-09T01:45:36.110+0000] {logging_mixin.py:137} INFO - [2024-09-09T01:45:36.110+0000] {dag.py:3427} INFO - Setting next_dagrun for example_xcom_args_with_operators to None, run_after=None
[2024-09-09T01:45:36.126+0000] {processor.py:175} INFO - Processing /home/airflow/.local/lib/python3.7/site-packages/airflow/example_dags/example_xcomargs.py took 0.094 seconds
[2024-09-09T01:46:06.465+0000] {processor.py:153} INFO - Started process (PID=1652) to work on /home/airflow/.local/lib/python3.7/site-packages/airflow/example_dags/example_xcomargs.py
[2024-09-09T01:46:06.466+0000] {processor.py:743} INFO - Processing file /home/airflow/.local/lib/python3.7/site-packages/airflow/example_dags/example_xcomargs.py for tasks to queue
[2024-09-09T01:46:06.466+0000] {logging_mixin.py:137} INFO - [2024-09-09T01:46:06.466+0000] {dagbag.py:538} INFO - Filling up the DagBag from /home/airflow/.local/lib/python3.7/site-packages/airflow/example_dags/example_xcomargs.py
[2024-09-09T01:46:06.484+0000] {processor.py:753} INFO - DAG(s) dict_keys(['example_xcom_args_with_operators', 'example_xcom_args']) retrieved from /home/airflow/.local/lib/python3.7/site-packages/airflow/example_dags/example_xcomargs.py
[2024-09-09T01:46:06.514+0000] {logging_mixin.py:137} INFO - [2024-09-09T01:46:06.513+0000] {dag.py:2676} INFO - Sync 2 DAGs
[2024-09-09T01:46:06.531+0000] {logging_mixin.py:137} INFO - [2024-09-09T01:46:06.531+0000] {dag.py:3427} INFO - Setting next_dagrun for example_xcom_args to None, run_after=None
[2024-09-09T01:46:06.534+0000] {logging_mixin.py:137} INFO - [2024-09-09T01:46:06.534+0000] {dag.py:3427} INFO - Setting next_dagrun for example_xcom_args_with_operators to None, run_after=None
[2024-09-09T01:46:06.550+0000] {processor.py:175} INFO - Processing /home/airflow/.local/lib/python3.7/site-packages/airflow/example_dags/example_xcomargs.py took 0.087 seconds
[2024-09-09T01:46:36.797+0000] {processor.py:153} INFO - Started process (PID=1776) to work on /home/airflow/.local/lib/python3.7/site-packages/airflow/example_dags/example_xcomargs.py
[2024-09-09T01:46:36.797+0000] {processor.py:743} INFO - Processing file /home/airflow/.local/lib/python3.7/site-packages/airflow/example_dags/example_xcomargs.py for tasks to queue
[2024-09-09T01:46:36.798+0000] {logging_mixin.py:137} INFO - [2024-09-09T01:46:36.798+0000] {dagbag.py:538} INFO - Filling up the DagBag from /home/airflow/.local/lib/python3.7/site-packages/airflow/example_dags/example_xcomargs.py
[2024-09-09T01:46:36.814+0000] {processor.py:753} INFO - DAG(s) dict_keys(['example_xcom_args_with_operators', 'example_xcom_args']) retrieved from /home/airflow/.local/lib/python3.7/site-packages/airflow/example_dags/example_xcomargs.py
[2024-09-09T01:46:36.842+0000] {logging_mixin.py:137} INFO - [2024-09-09T01:46:36.842+0000] {dag.py:2676} INFO - Sync 2 DAGs
[2024-09-09T01:46:36.859+0000] {logging_mixin.py:137} INFO - [2024-09-09T01:46:36.859+0000] {dag.py:3427} INFO - Setting next_dagrun for example_xcom_args to None, run_after=None
[2024-09-09T01:46:36.862+0000] {logging_mixin.py:137} INFO - [2024-09-09T01:46:36.862+0000] {dag.py:3427} INFO - Setting next_dagrun for example_xcom_args_with_operators to None, run_after=None
[2024-09-09T01:46:36.877+0000] {processor.py:175} INFO - Processing /home/airflow/.local/lib/python3.7/site-packages/airflow/example_dags/example_xcomargs.py took 0.083 seconds
[2024-09-09T01:47:07.563+0000] {processor.py:153} INFO - Started process (PID=1900) to work on /home/airflow/.local/lib/python3.7/site-packages/airflow/example_dags/example_xcomargs.py
[2024-09-09T01:47:07.564+0000] {processor.py:743} INFO - Processing file /home/airflow/.local/lib/python3.7/site-packages/airflow/example_dags/example_xcomargs.py for tasks to queue
[2024-09-09T01:47:07.564+0000] {logging_mixin.py:137} INFO - [2024-09-09T01:47:07.564+0000] {dagbag.py:538} INFO - Filling up the DagBag from /home/airflow/.local/lib/python3.7/site-packages/airflow/example_dags/example_xcomargs.py
[2024-09-09T01:47:07.581+0000] {processor.py:753} INFO - DAG(s) dict_keys(['example_xcom_args', 'example_xcom_args_with_operators']) retrieved from /home/airflow/.local/lib/python3.7/site-packages/airflow/example_dags/example_xcomargs.py
[2024-09-09T01:47:07.611+0000] {logging_mixin.py:137} INFO - [2024-09-09T01:47:07.611+0000] {dag.py:2676} INFO - Sync 2 DAGs
[2024-09-09T01:47:07.630+0000] {logging_mixin.py:137} INFO - [2024-09-09T01:47:07.630+0000] {dag.py:3427} INFO - Setting next_dagrun for example_xcom_args to None, run_after=None
[2024-09-09T01:47:07.633+0000] {logging_mixin.py:137} INFO - [2024-09-09T01:47:07.633+0000] {dag.py:3427} INFO - Setting next_dagrun for example_xcom_args_with_operators to None, run_after=None
[2024-09-09T01:47:07.647+0000] {processor.py:175} INFO - Processing /home/airflow/.local/lib/python3.7/site-packages/airflow/example_dags/example_xcomargs.py took 0.086 seconds
[2024-09-09T01:47:37.944+0000] {processor.py:153} INFO - Started process (PID=1996) to work on /home/airflow/.local/lib/python3.7/site-packages/airflow/example_dags/example_xcomargs.py
[2024-09-09T01:47:37.945+0000] {processor.py:743} INFO - Processing file /home/airflow/.local/lib/python3.7/site-packages/airflow/example_dags/example_xcomargs.py for tasks to queue
[2024-09-09T01:47:37.945+0000] {logging_mixin.py:137} INFO - [2024-09-09T01:47:37.945+0000] {dagbag.py:538} INFO - Filling up the DagBag from /home/airflow/.local/lib/python3.7/site-packages/airflow/example_dags/example_xcomargs.py
[2024-09-09T01:47:37.963+0000] {processor.py:753} INFO - DAG(s) dict_keys(['example_xcom_args_with_operators', 'example_xcom_args']) retrieved from /home/airflow/.local/lib/python3.7/site-packages/airflow/example_dags/example_xcomargs.py
[2024-09-09T01:47:37.997+0000] {logging_mixin.py:137} INFO - [2024-09-09T01:47:37.996+0000] {dag.py:2676} INFO - Sync 2 DAGs
[2024-09-09T01:47:38.016+0000] {logging_mixin.py:137} INFO - [2024-09-09T01:47:38.016+0000] {dag.py:3427} INFO - Setting next_dagrun for example_xcom_args to None, run_after=None
[2024-09-09T01:47:38.018+0000] {logging_mixin.py:137} INFO - [2024-09-09T01:47:38.018+0000] {dag.py:3427} INFO - Setting next_dagrun for example_xcom_args_with_operators to None, run_after=None
[2024-09-09T01:47:38.033+0000] {processor.py:175} INFO - Processing /home/airflow/.local/lib/python3.7/site-packages/airflow/example_dags/example_xcomargs.py took 0.092 seconds
[2024-09-09T01:48:08.355+0000] {processor.py:153} INFO - Started process (PID=2120) to work on /home/airflow/.local/lib/python3.7/site-packages/airflow/example_dags/example_xcomargs.py
[2024-09-09T01:48:08.356+0000] {processor.py:743} INFO - Processing file /home/airflow/.local/lib/python3.7/site-packages/airflow/example_dags/example_xcomargs.py for tasks to queue
[2024-09-09T01:48:08.357+0000] {logging_mixin.py:137} INFO - [2024-09-09T01:48:08.357+0000] {dagbag.py:538} INFO - Filling up the DagBag from /home/airflow/.local/lib/python3.7/site-packages/airflow/example_dags/example_xcomargs.py
[2024-09-09T01:48:08.373+0000] {processor.py:753} INFO - DAG(s) dict_keys(['example_xcom_args', 'example_xcom_args_with_operators']) retrieved from /home/airflow/.local/lib/python3.7/site-packages/airflow/example_dags/example_xcomargs.py
[2024-09-09T01:48:08.401+0000] {logging_mixin.py:137} INFO - [2024-09-09T01:48:08.401+0000] {dag.py:2676} INFO - Sync 2 DAGs
[2024-09-09T01:48:08.418+0000] {logging_mixin.py:137} INFO - [2024-09-09T01:48:08.418+0000] {dag.py:3427} INFO - Setting next_dagrun for example_xcom_args to None, run_after=None
[2024-09-09T01:48:08.421+0000] {logging_mixin.py:137} INFO - [2024-09-09T01:48:08.421+0000] {dag.py:3427} INFO - Setting next_dagrun for example_xcom_args_with_operators to None, run_after=None
[2024-09-09T01:48:08.435+0000] {processor.py:175} INFO - Processing /home/airflow/.local/lib/python3.7/site-packages/airflow/example_dags/example_xcomargs.py took 0.082 seconds
[2024-09-09T01:48:38.770+0000] {processor.py:153} INFO - Started process (PID=2216) to work on /home/airflow/.local/lib/python3.7/site-packages/airflow/example_dags/example_xcomargs.py
[2024-09-09T01:48:38.770+0000] {processor.py:743} INFO - Processing file /home/airflow/.local/lib/python3.7/site-packages/airflow/example_dags/example_xcomargs.py for tasks to queue
[2024-09-09T01:48:38.771+0000] {logging_mixin.py:137} INFO - [2024-09-09T01:48:38.771+0000] {dagbag.py:538} INFO - Filling up the DagBag from /home/airflow/.local/lib/python3.7/site-packages/airflow/example_dags/example_xcomargs.py
[2024-09-09T01:48:38.788+0000] {processor.py:753} INFO - DAG(s) dict_keys(['example_xcom_args_with_operators', 'example_xcom_args']) retrieved from /home/airflow/.local/lib/python3.7/site-packages/airflow/example_dags/example_xcomargs.py
[2024-09-09T01:48:38.817+0000] {logging_mixin.py:137} INFO - [2024-09-09T01:48:38.816+0000] {dag.py:2676} INFO - Sync 2 DAGs
[2024-09-09T01:48:38.835+0000] {logging_mixin.py:137} INFO - [2024-09-09T01:48:38.835+0000] {dag.py:3427} INFO - Setting next_dagrun for example_xcom_args to None, run_after=None
[2024-09-09T01:48:38.837+0000] {logging_mixin.py:137} INFO - [2024-09-09T01:48:38.837+0000] {dag.py:3427} INFO - Setting next_dagrun for example_xcom_args_with_operators to None, run_after=None
[2024-09-09T01:48:38.853+0000] {processor.py:175} INFO - Processing /home/airflow/.local/lib/python3.7/site-packages/airflow/example_dags/example_xcomargs.py took 0.086 seconds
[2024-09-09T01:49:09.274+0000] {processor.py:153} INFO - Started process (PID=2340) to work on /home/airflow/.local/lib/python3.7/site-packages/airflow/example_dags/example_xcomargs.py
[2024-09-09T01:49:09.275+0000] {processor.py:743} INFO - Processing file /home/airflow/.local/lib/python3.7/site-packages/airflow/example_dags/example_xcomargs.py for tasks to queue
[2024-09-09T01:49:09.275+0000] {logging_mixin.py:137} INFO - [2024-09-09T01:49:09.275+0000] {dagbag.py:538} INFO - Filling up the DagBag from /home/airflow/.local/lib/python3.7/site-packages/airflow/example_dags/example_xcomargs.py
[2024-09-09T01:49:09.293+0000] {processor.py:753} INFO - DAG(s) dict_keys(['example_xcom_args', 'example_xcom_args_with_operators']) retrieved from /home/airflow/.local/lib/python3.7/site-packages/airflow/example_dags/example_xcomargs.py
[2024-09-09T01:49:09.326+0000] {logging_mixin.py:137} INFO - [2024-09-09T01:49:09.326+0000] {dag.py:2676} INFO - Sync 2 DAGs
[2024-09-09T01:49:09.347+0000] {logging_mixin.py:137} INFO - [2024-09-09T01:49:09.347+0000] {dag.py:3427} INFO - Setting next_dagrun for example_xcom_args to None, run_after=None
[2024-09-09T01:49:09.350+0000] {logging_mixin.py:137} INFO - [2024-09-09T01:49:09.350+0000] {dag.py:3427} INFO - Setting next_dagrun for example_xcom_args_with_operators to None, run_after=None
[2024-09-09T01:49:09.368+0000] {processor.py:175} INFO - Processing /home/airflow/.local/lib/python3.7/site-packages/airflow/example_dags/example_xcomargs.py took 0.097 seconds
