[2024-09-09T01:38:59.941+0000] {processor.py:153} INFO - Started process (PID=114) to work on /home/airflow/.local/lib/python3.7/site-packages/airflow/example_dags/example_local_kubernetes_executor.py
[2024-09-09T01:38:59.942+0000] {processor.py:743} INFO - Processing file /home/airflow/.local/lib/python3.7/site-packages/airflow/example_dags/example_local_kubernetes_executor.py for tasks to queue
[2024-09-09T01:38:59.942+0000] {logging_mixin.py:137} INFO - [2024-09-09T01:38:59.942+0000] {dagbag.py:538} INFO - Filling up the DagBag from /home/airflow/.local/lib/python3.7/site-packages/airflow/example_dags/example_local_kubernetes_executor.py
[2024-09-09T01:39:00.049+0000] {processor.py:753} INFO - DAG(s) dict_keys(['example_local_kubernetes_executor']) retrieved from /home/airflow/.local/lib/python3.7/site-packages/airflow/example_dags/example_local_kubernetes_executor.py
[2024-09-09T01:39:00.115+0000] {logging_mixin.py:137} INFO - [2024-09-09T01:39:00.115+0000] {dag.py:2676} INFO - Sync 1 DAGs
[2024-09-09T01:39:00.154+0000] {logging_mixin.py:137} INFO - [2024-09-09T01:39:00.154+0000] {dag.py:3427} INFO - Setting next_dagrun for example_local_kubernetes_executor to None, run_after=None
[2024-09-09T01:39:00.175+0000] {processor.py:175} INFO - Processing /home/airflow/.local/lib/python3.7/site-packages/airflow/example_dags/example_local_kubernetes_executor.py took 0.236 seconds
[2024-09-09T01:39:30.860+0000] {processor.py:153} INFO - Started process (PID=210) to work on /home/airflow/.local/lib/python3.7/site-packages/airflow/example_dags/example_local_kubernetes_executor.py
[2024-09-09T01:39:30.860+0000] {processor.py:743} INFO - Processing file /home/airflow/.local/lib/python3.7/site-packages/airflow/example_dags/example_local_kubernetes_executor.py for tasks to queue
[2024-09-09T01:39:30.861+0000] {logging_mixin.py:137} INFO - [2024-09-09T01:39:30.861+0000] {dagbag.py:538} INFO - Filling up the DagBag from /home/airflow/.local/lib/python3.7/site-packages/airflow/example_dags/example_local_kubernetes_executor.py
[2024-09-09T01:39:30.878+0000] {processor.py:753} INFO - DAG(s) dict_keys(['example_local_kubernetes_executor']) retrieved from /home/airflow/.local/lib/python3.7/site-packages/airflow/example_dags/example_local_kubernetes_executor.py
[2024-09-09T01:39:30.910+0000] {logging_mixin.py:137} INFO - [2024-09-09T01:39:30.909+0000] {dag.py:2676} INFO - Sync 1 DAGs
[2024-09-09T01:39:30.928+0000] {logging_mixin.py:137} INFO - [2024-09-09T01:39:30.928+0000] {dag.py:3427} INFO - Setting next_dagrun for example_local_kubernetes_executor to None, run_after=None
[2024-09-09T01:39:30.945+0000] {processor.py:175} INFO - Processing /home/airflow/.local/lib/python3.7/site-packages/airflow/example_dags/example_local_kubernetes_executor.py took 0.087 seconds
[2024-09-09T01:40:01.629+0000] {processor.py:153} INFO - Started process (PID=334) to work on /home/airflow/.local/lib/python3.7/site-packages/airflow/example_dags/example_local_kubernetes_executor.py
[2024-09-09T01:40:01.630+0000] {processor.py:743} INFO - Processing file /home/airflow/.local/lib/python3.7/site-packages/airflow/example_dags/example_local_kubernetes_executor.py for tasks to queue
[2024-09-09T01:40:01.630+0000] {logging_mixin.py:137} INFO - [2024-09-09T01:40:01.630+0000] {dagbag.py:538} INFO - Filling up the DagBag from /home/airflow/.local/lib/python3.7/site-packages/airflow/example_dags/example_local_kubernetes_executor.py
[2024-09-09T01:40:01.650+0000] {processor.py:753} INFO - DAG(s) dict_keys(['example_local_kubernetes_executor']) retrieved from /home/airflow/.local/lib/python3.7/site-packages/airflow/example_dags/example_local_kubernetes_executor.py
[2024-09-09T01:40:01.682+0000] {logging_mixin.py:137} INFO - [2024-09-09T01:40:01.682+0000] {dag.py:2676} INFO - Sync 1 DAGs
[2024-09-09T01:40:01.702+0000] {logging_mixin.py:137} INFO - [2024-09-09T01:40:01.702+0000] {dag.py:3427} INFO - Setting next_dagrun for example_local_kubernetes_executor to None, run_after=None
[2024-09-09T01:40:01.720+0000] {processor.py:175} INFO - Processing /home/airflow/.local/lib/python3.7/site-packages/airflow/example_dags/example_local_kubernetes_executor.py took 0.094 seconds
[2024-09-09T01:40:31.850+0000] {processor.py:153} INFO - Started process (PID=430) to work on /home/airflow/.local/lib/python3.7/site-packages/airflow/example_dags/example_local_kubernetes_executor.py
[2024-09-09T01:40:31.851+0000] {processor.py:743} INFO - Processing file /home/airflow/.local/lib/python3.7/site-packages/airflow/example_dags/example_local_kubernetes_executor.py for tasks to queue
[2024-09-09T01:40:31.852+0000] {logging_mixin.py:137} INFO - [2024-09-09T01:40:31.852+0000] {dagbag.py:538} INFO - Filling up the DagBag from /home/airflow/.local/lib/python3.7/site-packages/airflow/example_dags/example_local_kubernetes_executor.py
[2024-09-09T01:40:31.871+0000] {processor.py:753} INFO - DAG(s) dict_keys(['example_local_kubernetes_executor']) retrieved from /home/airflow/.local/lib/python3.7/site-packages/airflow/example_dags/example_local_kubernetes_executor.py
[2024-09-09T01:40:31.905+0000] {logging_mixin.py:137} INFO - [2024-09-09T01:40:31.905+0000] {dag.py:2676} INFO - Sync 1 DAGs
[2024-09-09T01:40:31.926+0000] {logging_mixin.py:137} INFO - [2024-09-09T01:40:31.925+0000] {dag.py:3427} INFO - Setting next_dagrun for example_local_kubernetes_executor to None, run_after=None
[2024-09-09T01:40:31.944+0000] {processor.py:175} INFO - Processing /home/airflow/.local/lib/python3.7/site-packages/airflow/example_dags/example_local_kubernetes_executor.py took 0.096 seconds
[2024-09-09T01:41:02.017+0000] {processor.py:153} INFO - Started process (PID=554) to work on /home/airflow/.local/lib/python3.7/site-packages/airflow/example_dags/example_local_kubernetes_executor.py
[2024-09-09T01:41:02.018+0000] {processor.py:743} INFO - Processing file /home/airflow/.local/lib/python3.7/site-packages/airflow/example_dags/example_local_kubernetes_executor.py for tasks to queue
[2024-09-09T01:41:02.019+0000] {logging_mixin.py:137} INFO - [2024-09-09T01:41:02.018+0000] {dagbag.py:538} INFO - Filling up the DagBag from /home/airflow/.local/lib/python3.7/site-packages/airflow/example_dags/example_local_kubernetes_executor.py
[2024-09-09T01:41:02.035+0000] {processor.py:753} INFO - DAG(s) dict_keys(['example_local_kubernetes_executor']) retrieved from /home/airflow/.local/lib/python3.7/site-packages/airflow/example_dags/example_local_kubernetes_executor.py
[2024-09-09T01:41:02.063+0000] {logging_mixin.py:137} INFO - [2024-09-09T01:41:02.063+0000] {dag.py:2676} INFO - Sync 1 DAGs
[2024-09-09T01:41:02.081+0000] {logging_mixin.py:137} INFO - [2024-09-09T01:41:02.081+0000] {dag.py:3427} INFO - Setting next_dagrun for example_local_kubernetes_executor to None, run_after=None
[2024-09-09T01:41:02.096+0000] {processor.py:175} INFO - Processing /home/airflow/.local/lib/python3.7/site-packages/airflow/example_dags/example_local_kubernetes_executor.py took 0.081 seconds
[2024-09-09T01:41:32.705+0000] {processor.py:153} INFO - Started process (PID=650) to work on /home/airflow/.local/lib/python3.7/site-packages/airflow/example_dags/example_local_kubernetes_executor.py
[2024-09-09T01:41:32.706+0000] {processor.py:743} INFO - Processing file /home/airflow/.local/lib/python3.7/site-packages/airflow/example_dags/example_local_kubernetes_executor.py for tasks to queue
[2024-09-09T01:41:32.707+0000] {logging_mixin.py:137} INFO - [2024-09-09T01:41:32.707+0000] {dagbag.py:538} INFO - Filling up the DagBag from /home/airflow/.local/lib/python3.7/site-packages/airflow/example_dags/example_local_kubernetes_executor.py
[2024-09-09T01:41:32.726+0000] {processor.py:753} INFO - DAG(s) dict_keys(['example_local_kubernetes_executor']) retrieved from /home/airflow/.local/lib/python3.7/site-packages/airflow/example_dags/example_local_kubernetes_executor.py
[2024-09-09T01:41:32.765+0000] {logging_mixin.py:137} INFO - [2024-09-09T01:41:32.765+0000] {dag.py:2676} INFO - Sync 1 DAGs
[2024-09-09T01:41:32.789+0000] {logging_mixin.py:137} INFO - [2024-09-09T01:41:32.788+0000] {dag.py:3427} INFO - Setting next_dagrun for example_local_kubernetes_executor to None, run_after=None
[2024-09-09T01:41:32.810+0000] {processor.py:175} INFO - Processing /home/airflow/.local/lib/python3.7/site-packages/airflow/example_dags/example_local_kubernetes_executor.py took 0.108 seconds
[2024-09-09T01:42:03.245+0000] {processor.py:153} INFO - Started process (PID=774) to work on /home/airflow/.local/lib/python3.7/site-packages/airflow/example_dags/example_local_kubernetes_executor.py
[2024-09-09T01:42:03.245+0000] {processor.py:743} INFO - Processing file /home/airflow/.local/lib/python3.7/site-packages/airflow/example_dags/example_local_kubernetes_executor.py for tasks to queue
[2024-09-09T01:42:03.246+0000] {logging_mixin.py:137} INFO - [2024-09-09T01:42:03.246+0000] {dagbag.py:538} INFO - Filling up the DagBag from /home/airflow/.local/lib/python3.7/site-packages/airflow/example_dags/example_local_kubernetes_executor.py
[2024-09-09T01:42:03.261+0000] {processor.py:753} INFO - DAG(s) dict_keys(['example_local_kubernetes_executor']) retrieved from /home/airflow/.local/lib/python3.7/site-packages/airflow/example_dags/example_local_kubernetes_executor.py
[2024-09-09T01:42:03.288+0000] {logging_mixin.py:137} INFO - [2024-09-09T01:42:03.288+0000] {dag.py:2676} INFO - Sync 1 DAGs
[2024-09-09T01:42:03.306+0000] {logging_mixin.py:137} INFO - [2024-09-09T01:42:03.305+0000] {dag.py:3427} INFO - Setting next_dagrun for example_local_kubernetes_executor to None, run_after=None
[2024-09-09T01:42:03.322+0000] {processor.py:175} INFO - Processing /home/airflow/.local/lib/python3.7/site-packages/airflow/example_dags/example_local_kubernetes_executor.py took 0.080 seconds
[2024-09-09T01:42:33.454+0000] {processor.py:153} INFO - Started process (PID=870) to work on /home/airflow/.local/lib/python3.7/site-packages/airflow/example_dags/example_local_kubernetes_executor.py
[2024-09-09T01:42:33.455+0000] {processor.py:743} INFO - Processing file /home/airflow/.local/lib/python3.7/site-packages/airflow/example_dags/example_local_kubernetes_executor.py for tasks to queue
[2024-09-09T01:42:33.455+0000] {logging_mixin.py:137} INFO - [2024-09-09T01:42:33.455+0000] {dagbag.py:538} INFO - Filling up the DagBag from /home/airflow/.local/lib/python3.7/site-packages/airflow/example_dags/example_local_kubernetes_executor.py
[2024-09-09T01:42:33.472+0000] {processor.py:753} INFO - DAG(s) dict_keys(['example_local_kubernetes_executor']) retrieved from /home/airflow/.local/lib/python3.7/site-packages/airflow/example_dags/example_local_kubernetes_executor.py
[2024-09-09T01:42:33.502+0000] {logging_mixin.py:137} INFO - [2024-09-09T01:42:33.502+0000] {dag.py:2676} INFO - Sync 1 DAGs
[2024-09-09T01:42:33.520+0000] {logging_mixin.py:137} INFO - [2024-09-09T01:42:33.520+0000] {dag.py:3427} INFO - Setting next_dagrun for example_local_kubernetes_executor to None, run_after=None
[2024-09-09T01:42:33.537+0000] {processor.py:175} INFO - Processing /home/airflow/.local/lib/python3.7/site-packages/airflow/example_dags/example_local_kubernetes_executor.py took 0.085 seconds
[2024-09-09T01:43:04.211+0000] {processor.py:153} INFO - Started process (PID=994) to work on /home/airflow/.local/lib/python3.7/site-packages/airflow/example_dags/example_local_kubernetes_executor.py
[2024-09-09T01:43:04.212+0000] {processor.py:743} INFO - Processing file /home/airflow/.local/lib/python3.7/site-packages/airflow/example_dags/example_local_kubernetes_executor.py for tasks to queue
[2024-09-09T01:43:04.212+0000] {logging_mixin.py:137} INFO - [2024-09-09T01:43:04.212+0000] {dagbag.py:538} INFO - Filling up the DagBag from /home/airflow/.local/lib/python3.7/site-packages/airflow/example_dags/example_local_kubernetes_executor.py
[2024-09-09T01:43:04.232+0000] {processor.py:753} INFO - DAG(s) dict_keys(['example_local_kubernetes_executor']) retrieved from /home/airflow/.local/lib/python3.7/site-packages/airflow/example_dags/example_local_kubernetes_executor.py
[2024-09-09T01:43:04.265+0000] {logging_mixin.py:137} INFO - [2024-09-09T01:43:04.264+0000] {dag.py:2676} INFO - Sync 1 DAGs
[2024-09-09T01:43:04.290+0000] {logging_mixin.py:137} INFO - [2024-09-09T01:43:04.290+0000] {dag.py:3427} INFO - Setting next_dagrun for example_local_kubernetes_executor to None, run_after=None
[2024-09-09T01:43:04.311+0000] {processor.py:175} INFO - Processing /home/airflow/.local/lib/python3.7/site-packages/airflow/example_dags/example_local_kubernetes_executor.py took 0.103 seconds
[2024-09-09T01:43:34.965+0000] {processor.py:153} INFO - Started process (PID=1118) to work on /home/airflow/.local/lib/python3.7/site-packages/airflow/example_dags/example_local_kubernetes_executor.py
[2024-09-09T01:43:34.965+0000] {processor.py:743} INFO - Processing file /home/airflow/.local/lib/python3.7/site-packages/airflow/example_dags/example_local_kubernetes_executor.py for tasks to queue
[2024-09-09T01:43:34.966+0000] {logging_mixin.py:137} INFO - [2024-09-09T01:43:34.966+0000] {dagbag.py:538} INFO - Filling up the DagBag from /home/airflow/.local/lib/python3.7/site-packages/airflow/example_dags/example_local_kubernetes_executor.py
[2024-09-09T01:43:34.986+0000] {processor.py:753} INFO - DAG(s) dict_keys(['example_local_kubernetes_executor']) retrieved from /home/airflow/.local/lib/python3.7/site-packages/airflow/example_dags/example_local_kubernetes_executor.py
[2024-09-09T01:43:35.020+0000] {logging_mixin.py:137} INFO - [2024-09-09T01:43:35.020+0000] {dag.py:2676} INFO - Sync 1 DAGs
[2024-09-09T01:43:35.043+0000] {logging_mixin.py:137} INFO - [2024-09-09T01:43:35.042+0000] {dag.py:3427} INFO - Setting next_dagrun for example_local_kubernetes_executor to None, run_after=None
[2024-09-09T01:43:35.073+0000] {processor.py:175} INFO - Processing /home/airflow/.local/lib/python3.7/site-packages/airflow/example_dags/example_local_kubernetes_executor.py took 0.111 seconds
[2024-09-09T01:44:05.330+0000] {processor.py:153} INFO - Started process (PID=1214) to work on /home/airflow/.local/lib/python3.7/site-packages/airflow/example_dags/example_local_kubernetes_executor.py
[2024-09-09T01:44:05.330+0000] {processor.py:743} INFO - Processing file /home/airflow/.local/lib/python3.7/site-packages/airflow/example_dags/example_local_kubernetes_executor.py for tasks to queue
[2024-09-09T01:44:05.331+0000] {logging_mixin.py:137} INFO - [2024-09-09T01:44:05.331+0000] {dagbag.py:538} INFO - Filling up the DagBag from /home/airflow/.local/lib/python3.7/site-packages/airflow/example_dags/example_local_kubernetes_executor.py
[2024-09-09T01:44:05.347+0000] {processor.py:753} INFO - DAG(s) dict_keys(['example_local_kubernetes_executor']) retrieved from /home/airflow/.local/lib/python3.7/site-packages/airflow/example_dags/example_local_kubernetes_executor.py
[2024-09-09T01:44:05.375+0000] {logging_mixin.py:137} INFO - [2024-09-09T01:44:05.375+0000] {dag.py:2676} INFO - Sync 1 DAGs
[2024-09-09T01:44:05.393+0000] {logging_mixin.py:137} INFO - [2024-09-09T01:44:05.393+0000] {dag.py:3427} INFO - Setting next_dagrun for example_local_kubernetes_executor to None, run_after=None
[2024-09-09T01:44:05.407+0000] {processor.py:175} INFO - Processing /home/airflow/.local/lib/python3.7/site-packages/airflow/example_dags/example_local_kubernetes_executor.py took 0.080 seconds
[2024-09-09T01:44:35.977+0000] {processor.py:153} INFO - Started process (PID=1338) to work on /home/airflow/.local/lib/python3.7/site-packages/airflow/example_dags/example_local_kubernetes_executor.py
[2024-09-09T01:44:35.978+0000] {processor.py:743} INFO - Processing file /home/airflow/.local/lib/python3.7/site-packages/airflow/example_dags/example_local_kubernetes_executor.py for tasks to queue
[2024-09-09T01:44:35.979+0000] {logging_mixin.py:137} INFO - [2024-09-09T01:44:35.979+0000] {dagbag.py:538} INFO - Filling up the DagBag from /home/airflow/.local/lib/python3.7/site-packages/airflow/example_dags/example_local_kubernetes_executor.py
[2024-09-09T01:44:35.999+0000] {processor.py:753} INFO - DAG(s) dict_keys(['example_local_kubernetes_executor']) retrieved from /home/airflow/.local/lib/python3.7/site-packages/airflow/example_dags/example_local_kubernetes_executor.py
[2024-09-09T01:44:36.033+0000] {logging_mixin.py:137} INFO - [2024-09-09T01:44:36.033+0000] {dag.py:2676} INFO - Sync 1 DAGs
[2024-09-09T01:44:36.055+0000] {logging_mixin.py:137} INFO - [2024-09-09T01:44:36.055+0000] {dag.py:3427} INFO - Setting next_dagrun for example_local_kubernetes_executor to None, run_after=None
[2024-09-09T01:44:36.073+0000] {processor.py:175} INFO - Processing /home/airflow/.local/lib/python3.7/site-packages/airflow/example_dags/example_local_kubernetes_executor.py took 0.098 seconds
[2024-09-09T01:45:07.058+0000] {processor.py:153} INFO - Started process (PID=1434) to work on /home/airflow/.local/lib/python3.7/site-packages/airflow/example_dags/example_local_kubernetes_executor.py
[2024-09-09T01:45:07.059+0000] {processor.py:743} INFO - Processing file /home/airflow/.local/lib/python3.7/site-packages/airflow/example_dags/example_local_kubernetes_executor.py for tasks to queue
[2024-09-09T01:45:07.060+0000] {logging_mixin.py:137} INFO - [2024-09-09T01:45:07.060+0000] {dagbag.py:538} INFO - Filling up the DagBag from /home/airflow/.local/lib/python3.7/site-packages/airflow/example_dags/example_local_kubernetes_executor.py
[2024-09-09T01:45:07.076+0000] {processor.py:753} INFO - DAG(s) dict_keys(['example_local_kubernetes_executor']) retrieved from /home/airflow/.local/lib/python3.7/site-packages/airflow/example_dags/example_local_kubernetes_executor.py
[2024-09-09T01:45:07.104+0000] {logging_mixin.py:137} INFO - [2024-09-09T01:45:07.104+0000] {dag.py:2676} INFO - Sync 1 DAGs
[2024-09-09T01:45:07.123+0000] {logging_mixin.py:137} INFO - [2024-09-09T01:45:07.123+0000] {dag.py:3427} INFO - Setting next_dagrun for example_local_kubernetes_executor to None, run_after=None
[2024-09-09T01:45:07.137+0000] {processor.py:175} INFO - Processing /home/airflow/.local/lib/python3.7/site-packages/airflow/example_dags/example_local_kubernetes_executor.py took 0.081 seconds
[2024-09-09T01:45:37.263+0000] {processor.py:153} INFO - Started process (PID=1561) to work on /home/airflow/.local/lib/python3.7/site-packages/airflow/example_dags/example_local_kubernetes_executor.py
[2024-09-09T01:45:37.265+0000] {processor.py:743} INFO - Processing file /home/airflow/.local/lib/python3.7/site-packages/airflow/example_dags/example_local_kubernetes_executor.py for tasks to queue
[2024-09-09T01:45:37.265+0000] {logging_mixin.py:137} INFO - [2024-09-09T01:45:37.265+0000] {dagbag.py:538} INFO - Filling up the DagBag from /home/airflow/.local/lib/python3.7/site-packages/airflow/example_dags/example_local_kubernetes_executor.py
[2024-09-09T01:45:37.281+0000] {processor.py:753} INFO - DAG(s) dict_keys(['example_local_kubernetes_executor']) retrieved from /home/airflow/.local/lib/python3.7/site-packages/airflow/example_dags/example_local_kubernetes_executor.py
[2024-09-09T01:45:37.309+0000] {logging_mixin.py:137} INFO - [2024-09-09T01:45:37.308+0000] {dag.py:2676} INFO - Sync 1 DAGs
[2024-09-09T01:45:37.325+0000] {logging_mixin.py:137} INFO - [2024-09-09T01:45:37.325+0000] {dag.py:3427} INFO - Setting next_dagrun for example_local_kubernetes_executor to None, run_after=None
[2024-09-09T01:45:37.340+0000] {processor.py:175} INFO - Processing /home/airflow/.local/lib/python3.7/site-packages/airflow/example_dags/example_local_kubernetes_executor.py took 0.079 seconds
[2024-09-09T01:46:07.676+0000] {processor.py:153} INFO - Started process (PID=1662) to work on /home/airflow/.local/lib/python3.7/site-packages/airflow/example_dags/example_local_kubernetes_executor.py
[2024-09-09T01:46:07.677+0000] {processor.py:743} INFO - Processing file /home/airflow/.local/lib/python3.7/site-packages/airflow/example_dags/example_local_kubernetes_executor.py for tasks to queue
[2024-09-09T01:46:07.677+0000] {logging_mixin.py:137} INFO - [2024-09-09T01:46:07.677+0000] {dagbag.py:538} INFO - Filling up the DagBag from /home/airflow/.local/lib/python3.7/site-packages/airflow/example_dags/example_local_kubernetes_executor.py
[2024-09-09T01:46:07.698+0000] {processor.py:753} INFO - DAG(s) dict_keys(['example_local_kubernetes_executor']) retrieved from /home/airflow/.local/lib/python3.7/site-packages/airflow/example_dags/example_local_kubernetes_executor.py
[2024-09-09T01:46:07.732+0000] {logging_mixin.py:137} INFO - [2024-09-09T01:46:07.732+0000] {dag.py:2676} INFO - Sync 1 DAGs
[2024-09-09T01:46:07.752+0000] {logging_mixin.py:137} INFO - [2024-09-09T01:46:07.752+0000] {dag.py:3427} INFO - Setting next_dagrun for example_local_kubernetes_executor to None, run_after=None
[2024-09-09T01:46:07.811+0000] {processor.py:175} INFO - Processing /home/airflow/.local/lib/python3.7/site-packages/airflow/example_dags/example_local_kubernetes_executor.py took 0.139 seconds
[2024-09-09T01:46:37.992+0000] {processor.py:153} INFO - Started process (PID=1779) to work on /home/airflow/.local/lib/python3.7/site-packages/airflow/example_dags/example_local_kubernetes_executor.py
[2024-09-09T01:46:37.992+0000] {processor.py:743} INFO - Processing file /home/airflow/.local/lib/python3.7/site-packages/airflow/example_dags/example_local_kubernetes_executor.py for tasks to queue
[2024-09-09T01:46:37.993+0000] {logging_mixin.py:137} INFO - [2024-09-09T01:46:37.993+0000] {dagbag.py:538} INFO - Filling up the DagBag from /home/airflow/.local/lib/python3.7/site-packages/airflow/example_dags/example_local_kubernetes_executor.py
[2024-09-09T01:46:38.010+0000] {processor.py:753} INFO - DAG(s) dict_keys(['example_local_kubernetes_executor']) retrieved from /home/airflow/.local/lib/python3.7/site-packages/airflow/example_dags/example_local_kubernetes_executor.py
[2024-09-09T01:46:38.039+0000] {logging_mixin.py:137} INFO - [2024-09-09T01:46:38.039+0000] {dag.py:2676} INFO - Sync 1 DAGs
[2024-09-09T01:46:38.056+0000] {logging_mixin.py:137} INFO - [2024-09-09T01:46:38.056+0000] {dag.py:3427} INFO - Setting next_dagrun for example_local_kubernetes_executor to None, run_after=None
[2024-09-09T01:46:38.071+0000] {processor.py:175} INFO - Processing /home/airflow/.local/lib/python3.7/site-packages/airflow/example_dags/example_local_kubernetes_executor.py took 0.081 seconds
[2024-09-09T01:47:08.761+0000] {processor.py:153} INFO - Started process (PID=1903) to work on /home/airflow/.local/lib/python3.7/site-packages/airflow/example_dags/example_local_kubernetes_executor.py
[2024-09-09T01:47:08.762+0000] {processor.py:743} INFO - Processing file /home/airflow/.local/lib/python3.7/site-packages/airflow/example_dags/example_local_kubernetes_executor.py for tasks to queue
[2024-09-09T01:47:08.762+0000] {logging_mixin.py:137} INFO - [2024-09-09T01:47:08.762+0000] {dagbag.py:538} INFO - Filling up the DagBag from /home/airflow/.local/lib/python3.7/site-packages/airflow/example_dags/example_local_kubernetes_executor.py
[2024-09-09T01:47:08.781+0000] {processor.py:753} INFO - DAG(s) dict_keys(['example_local_kubernetes_executor']) retrieved from /home/airflow/.local/lib/python3.7/site-packages/airflow/example_dags/example_local_kubernetes_executor.py
[2024-09-09T01:47:08.811+0000] {logging_mixin.py:137} INFO - [2024-09-09T01:47:08.811+0000] {dag.py:2676} INFO - Sync 1 DAGs
[2024-09-09T01:47:08.832+0000] {logging_mixin.py:137} INFO - [2024-09-09T01:47:08.832+0000] {dag.py:3427} INFO - Setting next_dagrun for example_local_kubernetes_executor to None, run_after=None
[2024-09-09T01:47:08.849+0000] {processor.py:175} INFO - Processing /home/airflow/.local/lib/python3.7/site-packages/airflow/example_dags/example_local_kubernetes_executor.py took 0.091 seconds
[2024-09-09T01:47:39.137+0000] {processor.py:153} INFO - Started process (PID=1999) to work on /home/airflow/.local/lib/python3.7/site-packages/airflow/example_dags/example_local_kubernetes_executor.py
[2024-09-09T01:47:39.138+0000] {processor.py:743} INFO - Processing file /home/airflow/.local/lib/python3.7/site-packages/airflow/example_dags/example_local_kubernetes_executor.py for tasks to queue
[2024-09-09T01:47:39.139+0000] {logging_mixin.py:137} INFO - [2024-09-09T01:47:39.139+0000] {dagbag.py:538} INFO - Filling up the DagBag from /home/airflow/.local/lib/python3.7/site-packages/airflow/example_dags/example_local_kubernetes_executor.py
[2024-09-09T01:47:39.157+0000] {processor.py:753} INFO - DAG(s) dict_keys(['example_local_kubernetes_executor']) retrieved from /home/airflow/.local/lib/python3.7/site-packages/airflow/example_dags/example_local_kubernetes_executor.py
[2024-09-09T01:47:39.191+0000] {logging_mixin.py:137} INFO - [2024-09-09T01:47:39.191+0000] {dag.py:2676} INFO - Sync 1 DAGs
[2024-09-09T01:47:39.209+0000] {logging_mixin.py:137} INFO - [2024-09-09T01:47:39.209+0000] {dag.py:3427} INFO - Setting next_dagrun for example_local_kubernetes_executor to None, run_after=None
[2024-09-09T01:47:39.224+0000] {processor.py:175} INFO - Processing /home/airflow/.local/lib/python3.7/site-packages/airflow/example_dags/example_local_kubernetes_executor.py took 0.088 seconds
[2024-09-09T01:48:09.541+0000] {processor.py:153} INFO - Started process (PID=2123) to work on /home/airflow/.local/lib/python3.7/site-packages/airflow/example_dags/example_local_kubernetes_executor.py
[2024-09-09T01:48:09.542+0000] {processor.py:743} INFO - Processing file /home/airflow/.local/lib/python3.7/site-packages/airflow/example_dags/example_local_kubernetes_executor.py for tasks to queue
[2024-09-09T01:48:09.543+0000] {logging_mixin.py:137} INFO - [2024-09-09T01:48:09.542+0000] {dagbag.py:538} INFO - Filling up the DagBag from /home/airflow/.local/lib/python3.7/site-packages/airflow/example_dags/example_local_kubernetes_executor.py
[2024-09-09T01:48:09.558+0000] {processor.py:753} INFO - DAG(s) dict_keys(['example_local_kubernetes_executor']) retrieved from /home/airflow/.local/lib/python3.7/site-packages/airflow/example_dags/example_local_kubernetes_executor.py
[2024-09-09T01:48:09.587+0000] {logging_mixin.py:137} INFO - [2024-09-09T01:48:09.587+0000] {dag.py:2676} INFO - Sync 1 DAGs
[2024-09-09T01:48:09.605+0000] {logging_mixin.py:137} INFO - [2024-09-09T01:48:09.604+0000] {dag.py:3427} INFO - Setting next_dagrun for example_local_kubernetes_executor to None, run_after=None
[2024-09-09T01:48:09.618+0000] {processor.py:175} INFO - Processing /home/airflow/.local/lib/python3.7/site-packages/airflow/example_dags/example_local_kubernetes_executor.py took 0.079 seconds
[2024-09-09T01:48:40.033+0000] {processor.py:153} INFO - Started process (PID=2226) to work on /home/airflow/.local/lib/python3.7/site-packages/airflow/example_dags/example_local_kubernetes_executor.py
[2024-09-09T01:48:40.035+0000] {processor.py:743} INFO - Processing file /home/airflow/.local/lib/python3.7/site-packages/airflow/example_dags/example_local_kubernetes_executor.py for tasks to queue
[2024-09-09T01:48:40.036+0000] {logging_mixin.py:137} INFO - [2024-09-09T01:48:40.035+0000] {dagbag.py:538} INFO - Filling up the DagBag from /home/airflow/.local/lib/python3.7/site-packages/airflow/example_dags/example_local_kubernetes_executor.py
[2024-09-09T01:48:40.062+0000] {processor.py:753} INFO - DAG(s) dict_keys(['example_local_kubernetes_executor']) retrieved from /home/airflow/.local/lib/python3.7/site-packages/airflow/example_dags/example_local_kubernetes_executor.py
[2024-09-09T01:48:40.099+0000] {logging_mixin.py:137} INFO - [2024-09-09T01:48:40.099+0000] {dag.py:2676} INFO - Sync 1 DAGs
[2024-09-09T01:48:40.124+0000] {logging_mixin.py:137} INFO - [2024-09-09T01:48:40.124+0000] {dag.py:3427} INFO - Setting next_dagrun for example_local_kubernetes_executor to None, run_after=None
[2024-09-09T01:48:40.145+0000] {processor.py:175} INFO - Processing /home/airflow/.local/lib/python3.7/site-packages/airflow/example_dags/example_local_kubernetes_executor.py took 0.115 seconds
[2024-09-09T01:49:10.482+0000] {processor.py:153} INFO - Started process (PID=2343) to work on /home/airflow/.local/lib/python3.7/site-packages/airflow/example_dags/example_local_kubernetes_executor.py
[2024-09-09T01:49:10.483+0000] {processor.py:743} INFO - Processing file /home/airflow/.local/lib/python3.7/site-packages/airflow/example_dags/example_local_kubernetes_executor.py for tasks to queue
[2024-09-09T01:49:10.484+0000] {logging_mixin.py:137} INFO - [2024-09-09T01:49:10.483+0000] {dagbag.py:538} INFO - Filling up the DagBag from /home/airflow/.local/lib/python3.7/site-packages/airflow/example_dags/example_local_kubernetes_executor.py
[2024-09-09T01:49:10.501+0000] {processor.py:753} INFO - DAG(s) dict_keys(['example_local_kubernetes_executor']) retrieved from /home/airflow/.local/lib/python3.7/site-packages/airflow/example_dags/example_local_kubernetes_executor.py
[2024-09-09T01:49:10.533+0000] {logging_mixin.py:137} INFO - [2024-09-09T01:49:10.533+0000] {dag.py:2676} INFO - Sync 1 DAGs
[2024-09-09T01:49:10.555+0000] {logging_mixin.py:137} INFO - [2024-09-09T01:49:10.555+0000] {dag.py:3427} INFO - Setting next_dagrun for example_local_kubernetes_executor to None, run_after=None
[2024-09-09T01:49:10.571+0000] {processor.py:175} INFO - Processing /home/airflow/.local/lib/python3.7/site-packages/airflow/example_dags/example_local_kubernetes_executor.py took 0.093 seconds
