[2024-09-09T01:38:58.024+0000] {processor.py:153} INFO - Started process (PID=99) to work on /home/airflow/.local/lib/python3.7/site-packages/airflow/example_dags/example_kubernetes_executor.py
[2024-09-09T01:38:58.035+0000] {processor.py:743} INFO - Processing file /home/airflow/.local/lib/python3.7/site-packages/airflow/example_dags/example_kubernetes_executor.py for tasks to queue
[2024-09-09T01:38:58.036+0000] {logging_mixin.py:137} INFO - [2024-09-09T01:38:58.036+0000] {dagbag.py:538} INFO - Filling up the DagBag from /home/airflow/.local/lib/python3.7/site-packages/airflow/example_dags/example_kubernetes_executor.py
[2024-09-09T01:38:58.290+0000] {processor.py:753} INFO - DAG(s) dict_keys(['example_kubernetes_executor']) retrieved from /home/airflow/.local/lib/python3.7/site-packages/airflow/example_dags/example_kubernetes_executor.py
[2024-09-09T01:38:58.362+0000] {logging_mixin.py:137} INFO - [2024-09-09T01:38:58.362+0000] {dag.py:2676} INFO - Sync 1 DAGs
[2024-09-09T01:38:58.460+0000] {logging_mixin.py:137} INFO - [2024-09-09T01:38:58.460+0000] {dag.py:3427} INFO - Setting next_dagrun for example_kubernetes_executor to None, run_after=None
[2024-09-09T01:38:58.529+0000] {processor.py:175} INFO - Processing /home/airflow/.local/lib/python3.7/site-packages/airflow/example_dags/example_kubernetes_executor.py took 0.508 seconds
[2024-09-09T01:39:28.963+0000] {processor.py:153} INFO - Started process (PID=195) to work on /home/airflow/.local/lib/python3.7/site-packages/airflow/example_dags/example_kubernetes_executor.py
[2024-09-09T01:39:28.964+0000] {processor.py:743} INFO - Processing file /home/airflow/.local/lib/python3.7/site-packages/airflow/example_dags/example_kubernetes_executor.py for tasks to queue
[2024-09-09T01:39:28.965+0000] {logging_mixin.py:137} INFO - [2024-09-09T01:39:28.965+0000] {dagbag.py:538} INFO - Filling up the DagBag from /home/airflow/.local/lib/python3.7/site-packages/airflow/example_dags/example_kubernetes_executor.py
[2024-09-09T01:39:28.988+0000] {processor.py:753} INFO - DAG(s) dict_keys(['example_kubernetes_executor']) retrieved from /home/airflow/.local/lib/python3.7/site-packages/airflow/example_dags/example_kubernetes_executor.py
[2024-09-09T01:39:29.025+0000] {logging_mixin.py:137} INFO - [2024-09-09T01:39:29.025+0000] {dag.py:2676} INFO - Sync 1 DAGs
[2024-09-09T01:39:29.045+0000] {logging_mixin.py:137} INFO - [2024-09-09T01:39:29.045+0000] {dag.py:3427} INFO - Setting next_dagrun for example_kubernetes_executor to None, run_after=None
[2024-09-09T01:39:29.062+0000] {processor.py:175} INFO - Processing /home/airflow/.local/lib/python3.7/site-packages/airflow/example_dags/example_kubernetes_executor.py took 0.103 seconds
[2024-09-09T01:39:59.584+0000] {processor.py:153} INFO - Started process (PID=300) to work on /home/airflow/.local/lib/python3.7/site-packages/airflow/example_dags/example_kubernetes_executor.py
[2024-09-09T01:39:59.585+0000] {processor.py:743} INFO - Processing file /home/airflow/.local/lib/python3.7/site-packages/airflow/example_dags/example_kubernetes_executor.py for tasks to queue
[2024-09-09T01:39:59.585+0000] {logging_mixin.py:137} INFO - [2024-09-09T01:39:59.585+0000] {dagbag.py:538} INFO - Filling up the DagBag from /home/airflow/.local/lib/python3.7/site-packages/airflow/example_dags/example_kubernetes_executor.py
[2024-09-09T01:39:59.612+0000] {processor.py:753} INFO - DAG(s) dict_keys(['example_kubernetes_executor']) retrieved from /home/airflow/.local/lib/python3.7/site-packages/airflow/example_dags/example_kubernetes_executor.py
[2024-09-09T01:39:59.654+0000] {logging_mixin.py:137} INFO - [2024-09-09T01:39:59.654+0000] {dag.py:2676} INFO - Sync 1 DAGs
[2024-09-09T01:39:59.683+0000] {logging_mixin.py:137} INFO - [2024-09-09T01:39:59.683+0000] {dag.py:3427} INFO - Setting next_dagrun for example_kubernetes_executor to None, run_after=None
[2024-09-09T01:39:59.708+0000] {processor.py:175} INFO - Processing /home/airflow/.local/lib/python3.7/site-packages/airflow/example_dags/example_kubernetes_executor.py took 0.127 seconds
[2024-09-09T01:40:30.032+0000] {processor.py:153} INFO - Started process (PID=415) to work on /home/airflow/.local/lib/python3.7/site-packages/airflow/example_dags/example_kubernetes_executor.py
[2024-09-09T01:40:30.033+0000] {processor.py:743} INFO - Processing file /home/airflow/.local/lib/python3.7/site-packages/airflow/example_dags/example_kubernetes_executor.py for tasks to queue
[2024-09-09T01:40:30.034+0000] {logging_mixin.py:137} INFO - [2024-09-09T01:40:30.034+0000] {dagbag.py:538} INFO - Filling up the DagBag from /home/airflow/.local/lib/python3.7/site-packages/airflow/example_dags/example_kubernetes_executor.py
[2024-09-09T01:40:30.054+0000] {processor.py:753} INFO - DAG(s) dict_keys(['example_kubernetes_executor']) retrieved from /home/airflow/.local/lib/python3.7/site-packages/airflow/example_dags/example_kubernetes_executor.py
[2024-09-09T01:40:30.084+0000] {logging_mixin.py:137} INFO - [2024-09-09T01:40:30.084+0000] {dag.py:2676} INFO - Sync 1 DAGs
[2024-09-09T01:40:30.101+0000] {logging_mixin.py:137} INFO - [2024-09-09T01:40:30.101+0000] {dag.py:3427} INFO - Setting next_dagrun for example_kubernetes_executor to None, run_after=None
[2024-09-09T01:40:30.120+0000] {processor.py:175} INFO - Processing /home/airflow/.local/lib/python3.7/site-packages/airflow/example_dags/example_kubernetes_executor.py took 0.090 seconds
[2024-09-09T01:41:00.220+0000] {processor.py:153} INFO - Started process (PID=539) to work on /home/airflow/.local/lib/python3.7/site-packages/airflow/example_dags/example_kubernetes_executor.py
[2024-09-09T01:41:00.221+0000] {processor.py:743} INFO - Processing file /home/airflow/.local/lib/python3.7/site-packages/airflow/example_dags/example_kubernetes_executor.py for tasks to queue
[2024-09-09T01:41:00.222+0000] {logging_mixin.py:137} INFO - [2024-09-09T01:41:00.221+0000] {dagbag.py:538} INFO - Filling up the DagBag from /home/airflow/.local/lib/python3.7/site-packages/airflow/example_dags/example_kubernetes_executor.py
[2024-09-09T01:41:00.244+0000] {processor.py:753} INFO - DAG(s) dict_keys(['example_kubernetes_executor']) retrieved from /home/airflow/.local/lib/python3.7/site-packages/airflow/example_dags/example_kubernetes_executor.py
[2024-09-09T01:41:00.275+0000] {logging_mixin.py:137} INFO - [2024-09-09T01:41:00.275+0000] {dag.py:2676} INFO - Sync 1 DAGs
[2024-09-09T01:41:00.295+0000] {logging_mixin.py:137} INFO - [2024-09-09T01:41:00.295+0000] {dag.py:3427} INFO - Setting next_dagrun for example_kubernetes_executor to None, run_after=None
[2024-09-09T01:41:00.314+0000] {processor.py:175} INFO - Processing /home/airflow/.local/lib/python3.7/site-packages/airflow/example_dags/example_kubernetes_executor.py took 0.096 seconds
[2024-09-09T01:41:30.576+0000] {processor.py:153} INFO - Started process (PID=635) to work on /home/airflow/.local/lib/python3.7/site-packages/airflow/example_dags/example_kubernetes_executor.py
[2024-09-09T01:41:30.576+0000] {processor.py:743} INFO - Processing file /home/airflow/.local/lib/python3.7/site-packages/airflow/example_dags/example_kubernetes_executor.py for tasks to queue
[2024-09-09T01:41:30.577+0000] {logging_mixin.py:137} INFO - [2024-09-09T01:41:30.577+0000] {dagbag.py:538} INFO - Filling up the DagBag from /home/airflow/.local/lib/python3.7/site-packages/airflow/example_dags/example_kubernetes_executor.py
[2024-09-09T01:41:30.602+0000] {processor.py:753} INFO - DAG(s) dict_keys(['example_kubernetes_executor']) retrieved from /home/airflow/.local/lib/python3.7/site-packages/airflow/example_dags/example_kubernetes_executor.py
[2024-09-09T01:41:30.641+0000] {logging_mixin.py:137} INFO - [2024-09-09T01:41:30.641+0000] {dag.py:2676} INFO - Sync 1 DAGs
[2024-09-09T01:41:30.665+0000] {logging_mixin.py:137} INFO - [2024-09-09T01:41:30.665+0000] {dag.py:3427} INFO - Setting next_dagrun for example_kubernetes_executor to None, run_after=None
[2024-09-09T01:41:30.685+0000] {processor.py:175} INFO - Processing /home/airflow/.local/lib/python3.7/site-packages/airflow/example_dags/example_kubernetes_executor.py took 0.112 seconds
[2024-09-09T01:42:01.345+0000] {processor.py:153} INFO - Started process (PID=759) to work on /home/airflow/.local/lib/python3.7/site-packages/airflow/example_dags/example_kubernetes_executor.py
[2024-09-09T01:42:01.346+0000] {processor.py:743} INFO - Processing file /home/airflow/.local/lib/python3.7/site-packages/airflow/example_dags/example_kubernetes_executor.py for tasks to queue
[2024-09-09T01:42:01.347+0000] {logging_mixin.py:137} INFO - [2024-09-09T01:42:01.347+0000] {dagbag.py:538} INFO - Filling up the DagBag from /home/airflow/.local/lib/python3.7/site-packages/airflow/example_dags/example_kubernetes_executor.py
[2024-09-09T01:42:01.370+0000] {processor.py:753} INFO - DAG(s) dict_keys(['example_kubernetes_executor']) retrieved from /home/airflow/.local/lib/python3.7/site-packages/airflow/example_dags/example_kubernetes_executor.py
[2024-09-09T01:42:01.409+0000] {logging_mixin.py:137} INFO - [2024-09-09T01:42:01.408+0000] {dag.py:2676} INFO - Sync 1 DAGs
[2024-09-09T01:42:01.430+0000] {logging_mixin.py:137} INFO - [2024-09-09T01:42:01.430+0000] {dag.py:3427} INFO - Setting next_dagrun for example_kubernetes_executor to None, run_after=None
[2024-09-09T01:42:01.461+0000] {processor.py:175} INFO - Processing /home/airflow/.local/lib/python3.7/site-packages/airflow/example_dags/example_kubernetes_executor.py took 0.118 seconds
[2024-09-09T01:42:31.601+0000] {processor.py:153} INFO - Started process (PID=855) to work on /home/airflow/.local/lib/python3.7/site-packages/airflow/example_dags/example_kubernetes_executor.py
[2024-09-09T01:42:31.602+0000] {processor.py:743} INFO - Processing file /home/airflow/.local/lib/python3.7/site-packages/airflow/example_dags/example_kubernetes_executor.py for tasks to queue
[2024-09-09T01:42:31.603+0000] {logging_mixin.py:137} INFO - [2024-09-09T01:42:31.602+0000] {dagbag.py:538} INFO - Filling up the DagBag from /home/airflow/.local/lib/python3.7/site-packages/airflow/example_dags/example_kubernetes_executor.py
[2024-09-09T01:42:31.626+0000] {processor.py:753} INFO - DAG(s) dict_keys(['example_kubernetes_executor']) retrieved from /home/airflow/.local/lib/python3.7/site-packages/airflow/example_dags/example_kubernetes_executor.py
[2024-09-09T01:42:31.665+0000] {logging_mixin.py:137} INFO - [2024-09-09T01:42:31.665+0000] {dag.py:2676} INFO - Sync 1 DAGs
[2024-09-09T01:42:31.687+0000] {logging_mixin.py:137} INFO - [2024-09-09T01:42:31.686+0000] {dag.py:3427} INFO - Setting next_dagrun for example_kubernetes_executor to None, run_after=None
[2024-09-09T01:42:31.704+0000] {processor.py:175} INFO - Processing /home/airflow/.local/lib/python3.7/site-packages/airflow/example_dags/example_kubernetes_executor.py took 0.106 seconds
[2024-09-09T01:43:02.257+0000] {processor.py:153} INFO - Started process (PID=979) to work on /home/airflow/.local/lib/python3.7/site-packages/airflow/example_dags/example_kubernetes_executor.py
[2024-09-09T01:43:02.258+0000] {processor.py:743} INFO - Processing file /home/airflow/.local/lib/python3.7/site-packages/airflow/example_dags/example_kubernetes_executor.py for tasks to queue
[2024-09-09T01:43:02.259+0000] {logging_mixin.py:137} INFO - [2024-09-09T01:43:02.259+0000] {dagbag.py:538} INFO - Filling up the DagBag from /home/airflow/.local/lib/python3.7/site-packages/airflow/example_dags/example_kubernetes_executor.py
[2024-09-09T01:43:02.284+0000] {processor.py:753} INFO - DAG(s) dict_keys(['example_kubernetes_executor']) retrieved from /home/airflow/.local/lib/python3.7/site-packages/airflow/example_dags/example_kubernetes_executor.py
[2024-09-09T01:43:02.327+0000] {logging_mixin.py:137} INFO - [2024-09-09T01:43:02.326+0000] {dag.py:2676} INFO - Sync 1 DAGs
[2024-09-09T01:43:02.353+0000] {logging_mixin.py:137} INFO - [2024-09-09T01:43:02.353+0000] {dag.py:3427} INFO - Setting next_dagrun for example_kubernetes_executor to None, run_after=None
[2024-09-09T01:43:02.376+0000] {processor.py:175} INFO - Processing /home/airflow/.local/lib/python3.7/site-packages/airflow/example_dags/example_kubernetes_executor.py took 0.121 seconds
[2024-09-09T01:43:32.940+0000] {processor.py:153} INFO - Started process (PID=1075) to work on /home/airflow/.local/lib/python3.7/site-packages/airflow/example_dags/example_kubernetes_executor.py
[2024-09-09T01:43:32.941+0000] {processor.py:743} INFO - Processing file /home/airflow/.local/lib/python3.7/site-packages/airflow/example_dags/example_kubernetes_executor.py for tasks to queue
[2024-09-09T01:43:32.941+0000] {logging_mixin.py:137} INFO - [2024-09-09T01:43:32.941+0000] {dagbag.py:538} INFO - Filling up the DagBag from /home/airflow/.local/lib/python3.7/site-packages/airflow/example_dags/example_kubernetes_executor.py
[2024-09-09T01:43:32.965+0000] {processor.py:753} INFO - DAG(s) dict_keys(['example_kubernetes_executor']) retrieved from /home/airflow/.local/lib/python3.7/site-packages/airflow/example_dags/example_kubernetes_executor.py
[2024-09-09T01:43:33.002+0000] {logging_mixin.py:137} INFO - [2024-09-09T01:43:33.002+0000] {dag.py:2676} INFO - Sync 1 DAGs
[2024-09-09T01:43:33.031+0000] {logging_mixin.py:137} INFO - [2024-09-09T01:43:33.030+0000] {dag.py:3427} INFO - Setting next_dagrun for example_kubernetes_executor to None, run_after=None
[2024-09-09T01:43:33.052+0000] {processor.py:175} INFO - Processing /home/airflow/.local/lib/python3.7/site-packages/airflow/example_dags/example_kubernetes_executor.py took 0.115 seconds
[2024-09-09T01:44:03.500+0000] {processor.py:153} INFO - Started process (PID=1199) to work on /home/airflow/.local/lib/python3.7/site-packages/airflow/example_dags/example_kubernetes_executor.py
[2024-09-09T01:44:03.501+0000] {processor.py:743} INFO - Processing file /home/airflow/.local/lib/python3.7/site-packages/airflow/example_dags/example_kubernetes_executor.py for tasks to queue
[2024-09-09T01:44:03.501+0000] {logging_mixin.py:137} INFO - [2024-09-09T01:44:03.501+0000] {dagbag.py:538} INFO - Filling up the DagBag from /home/airflow/.local/lib/python3.7/site-packages/airflow/example_dags/example_kubernetes_executor.py
[2024-09-09T01:44:03.526+0000] {processor.py:753} INFO - DAG(s) dict_keys(['example_kubernetes_executor']) retrieved from /home/airflow/.local/lib/python3.7/site-packages/airflow/example_dags/example_kubernetes_executor.py
[2024-09-09T01:44:03.562+0000] {logging_mixin.py:137} INFO - [2024-09-09T01:44:03.562+0000] {dag.py:2676} INFO - Sync 1 DAGs
[2024-09-09T01:44:03.586+0000] {logging_mixin.py:137} INFO - [2024-09-09T01:44:03.586+0000] {dag.py:3427} INFO - Setting next_dagrun for example_kubernetes_executor to None, run_after=None
[2024-09-09T01:44:03.606+0000] {processor.py:175} INFO - Processing /home/airflow/.local/lib/python3.7/site-packages/airflow/example_dags/example_kubernetes_executor.py took 0.109 seconds
