[2024-09-09T01:38:57.535+0000] {processor.py:153} INFO - Started process (PID=96) to work on /home/airflow/.local/lib/python3.7/site-packages/airflow/example_dags/example_branch_day_of_week_operator.py
[2024-09-09T01:38:57.539+0000] {processor.py:743} INFO - Processing file /home/airflow/.local/lib/python3.7/site-packages/airflow/example_dags/example_branch_day_of_week_operator.py for tasks to queue
[2024-09-09T01:38:57.543+0000] {logging_mixin.py:137} INFO - [2024-09-09T01:38:57.542+0000] {dagbag.py:538} INFO - Filling up the DagBag from /home/airflow/.local/lib/python3.7/site-packages/airflow/example_dags/example_branch_day_of_week_operator.py
[2024-09-09T01:38:57.606+0000] {processor.py:753} INFO - DAG(s) dict_keys(['example_weekday_branch_operator']) retrieved from /home/airflow/.local/lib/python3.7/site-packages/airflow/example_dags/example_branch_day_of_week_operator.py
[2024-09-09T01:38:57.679+0000] {logging_mixin.py:137} INFO - [2024-09-09T01:38:57.679+0000] {dag.py:2676} INFO - Sync 1 DAGs
[2024-09-09T01:38:57.727+0000] {logging_mixin.py:137} INFO - [2024-09-09T01:38:57.726+0000] {dag.py:3427} INFO - Setting next_dagrun for example_weekday_branch_operator to 2024-09-08T00:00:00+00:00, run_after=2024-09-09T00:00:00+00:00
[2024-09-09T01:38:57.772+0000] {processor.py:175} INFO - Processing /home/airflow/.local/lib/python3.7/site-packages/airflow/example_dags/example_branch_day_of_week_operator.py took 0.261 seconds
[2024-09-09T01:39:27.825+0000] {processor.py:153} INFO - Started process (PID=192) to work on /home/airflow/.local/lib/python3.7/site-packages/airflow/example_dags/example_branch_day_of_week_operator.py
[2024-09-09T01:39:27.826+0000] {processor.py:743} INFO - Processing file /home/airflow/.local/lib/python3.7/site-packages/airflow/example_dags/example_branch_day_of_week_operator.py for tasks to queue
[2024-09-09T01:39:27.826+0000] {logging_mixin.py:137} INFO - [2024-09-09T01:39:27.826+0000] {dagbag.py:538} INFO - Filling up the DagBag from /home/airflow/.local/lib/python3.7/site-packages/airflow/example_dags/example_branch_day_of_week_operator.py
[2024-09-09T01:39:27.843+0000] {processor.py:753} INFO - DAG(s) dict_keys(['example_weekday_branch_operator']) retrieved from /home/airflow/.local/lib/python3.7/site-packages/airflow/example_dags/example_branch_day_of_week_operator.py
[2024-09-09T01:39:27.877+0000] {logging_mixin.py:137} INFO - [2024-09-09T01:39:27.877+0000] {dag.py:2676} INFO - Sync 1 DAGs
[2024-09-09T01:39:27.901+0000] {logging_mixin.py:137} INFO - [2024-09-09T01:39:27.901+0000] {dag.py:3427} INFO - Setting next_dagrun for example_weekday_branch_operator to 2024-09-08T00:00:00+00:00, run_after=2024-09-09T00:00:00+00:00
[2024-09-09T01:39:27.922+0000] {processor.py:175} INFO - Processing /home/airflow/.local/lib/python3.7/site-packages/airflow/example_dags/example_branch_day_of_week_operator.py took 0.099 seconds
[2024-09-09T01:39:58.392+0000] {processor.py:153} INFO - Started process (PID=288) to work on /home/airflow/.local/lib/python3.7/site-packages/airflow/example_dags/example_branch_day_of_week_operator.py
[2024-09-09T01:39:58.393+0000] {processor.py:743} INFO - Processing file /home/airflow/.local/lib/python3.7/site-packages/airflow/example_dags/example_branch_day_of_week_operator.py for tasks to queue
[2024-09-09T01:39:58.393+0000] {logging_mixin.py:137} INFO - [2024-09-09T01:39:58.393+0000] {dagbag.py:538} INFO - Filling up the DagBag from /home/airflow/.local/lib/python3.7/site-packages/airflow/example_dags/example_branch_day_of_week_operator.py
[2024-09-09T01:39:58.405+0000] {processor.py:753} INFO - DAG(s) dict_keys(['example_weekday_branch_operator']) retrieved from /home/airflow/.local/lib/python3.7/site-packages/airflow/example_dags/example_branch_day_of_week_operator.py
[2024-09-09T01:39:58.435+0000] {logging_mixin.py:137} INFO - [2024-09-09T01:39:58.435+0000] {dag.py:2676} INFO - Sync 1 DAGs
[2024-09-09T01:39:58.458+0000] {logging_mixin.py:137} INFO - [2024-09-09T01:39:58.458+0000] {dag.py:3427} INFO - Setting next_dagrun for example_weekday_branch_operator to 2024-09-08T00:00:00+00:00, run_after=2024-09-09T00:00:00+00:00
[2024-09-09T01:39:58.477+0000] {processor.py:175} INFO - Processing /home/airflow/.local/lib/python3.7/site-packages/airflow/example_dags/example_branch_day_of_week_operator.py took 0.089 seconds
[2024-09-09T01:40:28.918+0000] {processor.py:153} INFO - Started process (PID=412) to work on /home/airflow/.local/lib/python3.7/site-packages/airflow/example_dags/example_branch_day_of_week_operator.py
[2024-09-09T01:40:28.919+0000] {processor.py:743} INFO - Processing file /home/airflow/.local/lib/python3.7/site-packages/airflow/example_dags/example_branch_day_of_week_operator.py for tasks to queue
[2024-09-09T01:40:28.920+0000] {logging_mixin.py:137} INFO - [2024-09-09T01:40:28.920+0000] {dagbag.py:538} INFO - Filling up the DagBag from /home/airflow/.local/lib/python3.7/site-packages/airflow/example_dags/example_branch_day_of_week_operator.py
[2024-09-09T01:40:28.930+0000] {processor.py:753} INFO - DAG(s) dict_keys(['example_weekday_branch_operator']) retrieved from /home/airflow/.local/lib/python3.7/site-packages/airflow/example_dags/example_branch_day_of_week_operator.py
[2024-09-09T01:40:28.958+0000] {logging_mixin.py:137} INFO - [2024-09-09T01:40:28.958+0000] {dag.py:2676} INFO - Sync 1 DAGs
[2024-09-09T01:40:28.977+0000] {logging_mixin.py:137} INFO - [2024-09-09T01:40:28.976+0000] {dag.py:3427} INFO - Setting next_dagrun for example_weekday_branch_operator to 2024-09-08T00:00:00+00:00, run_after=2024-09-09T00:00:00+00:00
[2024-09-09T01:40:28.993+0000] {processor.py:175} INFO - Processing /home/airflow/.local/lib/python3.7/site-packages/airflow/example_dags/example_branch_day_of_week_operator.py took 0.078 seconds
[2024-09-09T01:40:59.076+0000] {processor.py:153} INFO - Started process (PID=517) to work on /home/airflow/.local/lib/python3.7/site-packages/airflow/example_dags/example_branch_day_of_week_operator.py
[2024-09-09T01:40:59.077+0000] {processor.py:743} INFO - Processing file /home/airflow/.local/lib/python3.7/site-packages/airflow/example_dags/example_branch_day_of_week_operator.py for tasks to queue
[2024-09-09T01:40:59.078+0000] {logging_mixin.py:137} INFO - [2024-09-09T01:40:59.077+0000] {dagbag.py:538} INFO - Filling up the DagBag from /home/airflow/.local/lib/python3.7/site-packages/airflow/example_dags/example_branch_day_of_week_operator.py
[2024-09-09T01:40:59.090+0000] {processor.py:753} INFO - DAG(s) dict_keys(['example_weekday_branch_operator']) retrieved from /home/airflow/.local/lib/python3.7/site-packages/airflow/example_dags/example_branch_day_of_week_operator.py
[2024-09-09T01:40:59.122+0000] {logging_mixin.py:137} INFO - [2024-09-09T01:40:59.122+0000] {dag.py:2676} INFO - Sync 1 DAGs
[2024-09-09T01:40:59.145+0000] {logging_mixin.py:137} INFO - [2024-09-09T01:40:59.144+0000] {dag.py:3427} INFO - Setting next_dagrun for example_weekday_branch_operator to 2024-09-08T00:00:00+00:00, run_after=2024-09-09T00:00:00+00:00
[2024-09-09T01:40:59.163+0000] {processor.py:175} INFO - Processing /home/airflow/.local/lib/python3.7/site-packages/airflow/example_dags/example_branch_day_of_week_operator.py took 0.090 seconds
[2024-09-09T01:41:29.369+0000] {processor.py:153} INFO - Started process (PID=632) to work on /home/airflow/.local/lib/python3.7/site-packages/airflow/example_dags/example_branch_day_of_week_operator.py
[2024-09-09T01:41:29.370+0000] {processor.py:743} INFO - Processing file /home/airflow/.local/lib/python3.7/site-packages/airflow/example_dags/example_branch_day_of_week_operator.py for tasks to queue
[2024-09-09T01:41:29.371+0000] {logging_mixin.py:137} INFO - [2024-09-09T01:41:29.371+0000] {dagbag.py:538} INFO - Filling up the DagBag from /home/airflow/.local/lib/python3.7/site-packages/airflow/example_dags/example_branch_day_of_week_operator.py
[2024-09-09T01:41:29.384+0000] {processor.py:753} INFO - DAG(s) dict_keys(['example_weekday_branch_operator']) retrieved from /home/airflow/.local/lib/python3.7/site-packages/airflow/example_dags/example_branch_day_of_week_operator.py
[2024-09-09T01:41:29.418+0000] {logging_mixin.py:137} INFO - [2024-09-09T01:41:29.418+0000] {dag.py:2676} INFO - Sync 1 DAGs
[2024-09-09T01:41:29.441+0000] {logging_mixin.py:137} INFO - [2024-09-09T01:41:29.440+0000] {dag.py:3427} INFO - Setting next_dagrun for example_weekday_branch_operator to 2024-09-08T00:00:00+00:00, run_after=2024-09-09T00:00:00+00:00
[2024-09-09T01:41:29.457+0000] {processor.py:175} INFO - Processing /home/airflow/.local/lib/python3.7/site-packages/airflow/example_dags/example_branch_day_of_week_operator.py took 0.090 seconds
[2024-09-09T01:42:00.097+0000] {processor.py:153} INFO - Started process (PID=756) to work on /home/airflow/.local/lib/python3.7/site-packages/airflow/example_dags/example_branch_day_of_week_operator.py
[2024-09-09T01:42:00.098+0000] {processor.py:743} INFO - Processing file /home/airflow/.local/lib/python3.7/site-packages/airflow/example_dags/example_branch_day_of_week_operator.py for tasks to queue
[2024-09-09T01:42:00.099+0000] {logging_mixin.py:137} INFO - [2024-09-09T01:42:00.099+0000] {dagbag.py:538} INFO - Filling up the DagBag from /home/airflow/.local/lib/python3.7/site-packages/airflow/example_dags/example_branch_day_of_week_operator.py
[2024-09-09T01:42:00.115+0000] {processor.py:753} INFO - DAG(s) dict_keys(['example_weekday_branch_operator']) retrieved from /home/airflow/.local/lib/python3.7/site-packages/airflow/example_dags/example_branch_day_of_week_operator.py
[2024-09-09T01:42:00.153+0000] {logging_mixin.py:137} INFO - [2024-09-09T01:42:00.153+0000] {dag.py:2676} INFO - Sync 1 DAGs
[2024-09-09T01:42:00.179+0000] {logging_mixin.py:137} INFO - [2024-09-09T01:42:00.179+0000] {dag.py:3427} INFO - Setting next_dagrun for example_weekday_branch_operator to 2024-09-08T00:00:00+00:00, run_after=2024-09-09T00:00:00+00:00
[2024-09-09T01:42:00.201+0000] {processor.py:175} INFO - Processing /home/airflow/.local/lib/python3.7/site-packages/airflow/example_dags/example_branch_day_of_week_operator.py took 0.106 seconds
[2024-09-09T01:42:30.459+0000] {processor.py:153} INFO - Started process (PID=852) to work on /home/airflow/.local/lib/python3.7/site-packages/airflow/example_dags/example_branch_day_of_week_operator.py
[2024-09-09T01:42:30.459+0000] {processor.py:743} INFO - Processing file /home/airflow/.local/lib/python3.7/site-packages/airflow/example_dags/example_branch_day_of_week_operator.py for tasks to queue
[2024-09-09T01:42:30.460+0000] {logging_mixin.py:137} INFO - [2024-09-09T01:42:30.460+0000] {dagbag.py:538} INFO - Filling up the DagBag from /home/airflow/.local/lib/python3.7/site-packages/airflow/example_dags/example_branch_day_of_week_operator.py
[2024-09-09T01:42:30.472+0000] {processor.py:753} INFO - DAG(s) dict_keys(['example_weekday_branch_operator']) retrieved from /home/airflow/.local/lib/python3.7/site-packages/airflow/example_dags/example_branch_day_of_week_operator.py
[2024-09-09T01:42:30.501+0000] {logging_mixin.py:137} INFO - [2024-09-09T01:42:30.501+0000] {dag.py:2676} INFO - Sync 1 DAGs
[2024-09-09T01:42:30.522+0000] {logging_mixin.py:137} INFO - [2024-09-09T01:42:30.522+0000] {dag.py:3427} INFO - Setting next_dagrun for example_weekday_branch_operator to 2024-09-08T00:00:00+00:00, run_after=2024-09-09T00:00:00+00:00
[2024-09-09T01:42:30.539+0000] {processor.py:175} INFO - Processing /home/airflow/.local/lib/python3.7/site-packages/airflow/example_dags/example_branch_day_of_week_operator.py took 0.083 seconds
[2024-09-09T01:43:01.139+0000] {processor.py:153} INFO - Started process (PID=976) to work on /home/airflow/.local/lib/python3.7/site-packages/airflow/example_dags/example_branch_day_of_week_operator.py
[2024-09-09T01:43:01.141+0000] {processor.py:743} INFO - Processing file /home/airflow/.local/lib/python3.7/site-packages/airflow/example_dags/example_branch_day_of_week_operator.py for tasks to queue
[2024-09-09T01:43:01.141+0000] {logging_mixin.py:137} INFO - [2024-09-09T01:43:01.141+0000] {dagbag.py:538} INFO - Filling up the DagBag from /home/airflow/.local/lib/python3.7/site-packages/airflow/example_dags/example_branch_day_of_week_operator.py
[2024-09-09T01:43:01.154+0000] {processor.py:753} INFO - DAG(s) dict_keys(['example_weekday_branch_operator']) retrieved from /home/airflow/.local/lib/python3.7/site-packages/airflow/example_dags/example_branch_day_of_week_operator.py
[2024-09-09T01:43:01.192+0000] {logging_mixin.py:137} INFO - [2024-09-09T01:43:01.192+0000] {dag.py:2676} INFO - Sync 1 DAGs
[2024-09-09T01:43:01.215+0000] {logging_mixin.py:137} INFO - [2024-09-09T01:43:01.215+0000] {dag.py:3427} INFO - Setting next_dagrun for example_weekday_branch_operator to 2024-09-08T00:00:00+00:00, run_after=2024-09-09T00:00:00+00:00
[2024-09-09T01:43:01.239+0000] {processor.py:175} INFO - Processing /home/airflow/.local/lib/python3.7/site-packages/airflow/example_dags/example_branch_day_of_week_operator.py took 0.104 seconds
[2024-09-09T01:43:31.667+0000] {processor.py:153} INFO - Started process (PID=1072) to work on /home/airflow/.local/lib/python3.7/site-packages/airflow/example_dags/example_branch_day_of_week_operator.py
[2024-09-09T01:43:31.668+0000] {processor.py:743} INFO - Processing file /home/airflow/.local/lib/python3.7/site-packages/airflow/example_dags/example_branch_day_of_week_operator.py for tasks to queue
[2024-09-09T01:43:31.668+0000] {logging_mixin.py:137} INFO - [2024-09-09T01:43:31.668+0000] {dagbag.py:538} INFO - Filling up the DagBag from /home/airflow/.local/lib/python3.7/site-packages/airflow/example_dags/example_branch_day_of_week_operator.py
[2024-09-09T01:43:31.683+0000] {processor.py:753} INFO - DAG(s) dict_keys(['example_weekday_branch_operator']) retrieved from /home/airflow/.local/lib/python3.7/site-packages/airflow/example_dags/example_branch_day_of_week_operator.py
[2024-09-09T01:43:31.721+0000] {logging_mixin.py:137} INFO - [2024-09-09T01:43:31.721+0000] {dag.py:2676} INFO - Sync 1 DAGs
[2024-09-09T01:43:31.748+0000] {logging_mixin.py:137} INFO - [2024-09-09T01:43:31.748+0000] {dag.py:3427} INFO - Setting next_dagrun for example_weekday_branch_operator to 2024-09-08T00:00:00+00:00, run_after=2024-09-09T00:00:00+00:00
[2024-09-09T01:43:31.768+0000] {processor.py:175} INFO - Processing /home/airflow/.local/lib/python3.7/site-packages/airflow/example_dags/example_branch_day_of_week_operator.py took 0.104 seconds
[2024-09-09T01:44:02.324+0000] {processor.py:153} INFO - Started process (PID=1196) to work on /home/airflow/.local/lib/python3.7/site-packages/airflow/example_dags/example_branch_day_of_week_operator.py
[2024-09-09T01:44:02.325+0000] {processor.py:743} INFO - Processing file /home/airflow/.local/lib/python3.7/site-packages/airflow/example_dags/example_branch_day_of_week_operator.py for tasks to queue
[2024-09-09T01:44:02.325+0000] {logging_mixin.py:137} INFO - [2024-09-09T01:44:02.325+0000] {dagbag.py:538} INFO - Filling up the DagBag from /home/airflow/.local/lib/python3.7/site-packages/airflow/example_dags/example_branch_day_of_week_operator.py
[2024-09-09T01:44:02.339+0000] {processor.py:753} INFO - DAG(s) dict_keys(['example_weekday_branch_operator']) retrieved from /home/airflow/.local/lib/python3.7/site-packages/airflow/example_dags/example_branch_day_of_week_operator.py
[2024-09-09T01:44:02.371+0000] {logging_mixin.py:137} INFO - [2024-09-09T01:44:02.371+0000] {dag.py:2676} INFO - Sync 1 DAGs
[2024-09-09T01:44:02.393+0000] {logging_mixin.py:137} INFO - [2024-09-09T01:44:02.393+0000] {dag.py:3427} INFO - Setting next_dagrun for example_weekday_branch_operator to 2024-09-08T00:00:00+00:00, run_after=2024-09-09T00:00:00+00:00
[2024-09-09T01:44:02.411+0000] {processor.py:175} INFO - Processing /home/airflow/.local/lib/python3.7/site-packages/airflow/example_dags/example_branch_day_of_week_operator.py took 0.090 seconds
