[2024-09-09T01:38:53.979+0000] {processor.py:153} INFO - Started process (PID=55) to work on /home/airflow/.local/lib/python3.7/site-packages/airflow/example_dags/example_trigger_target_dag.py
[2024-09-09T01:38:53.984+0000] {processor.py:743} INFO - Processing file /home/airflow/.local/lib/python3.7/site-packages/airflow/example_dags/example_trigger_target_dag.py for tasks to queue
[2024-09-09T01:38:53.991+0000] {logging_mixin.py:137} INFO - [2024-09-09T01:38:53.990+0000] {dagbag.py:538} INFO - Filling up the DagBag from /home/airflow/.local/lib/python3.7/site-packages/airflow/example_dags/example_trigger_target_dag.py
[2024-09-09T01:38:54.104+0000] {processor.py:753} INFO - DAG(s) dict_keys(['example_trigger_target_dag']) retrieved from /home/airflow/.local/lib/python3.7/site-packages/airflow/example_dags/example_trigger_target_dag.py
[2024-09-09T01:38:54.216+0000] {logging_mixin.py:137} INFO - [2024-09-09T01:38:54.216+0000] {dag.py:2676} INFO - Sync 1 DAGs
[2024-09-09T01:38:54.372+0000] {logging_mixin.py:137} INFO - [2024-09-09T01:38:54.371+0000] {dag.py:3427} INFO - Setting next_dagrun for example_trigger_target_dag to None, run_after=None
[2024-09-09T01:38:54.441+0000] {processor.py:175} INFO - Processing /home/airflow/.local/lib/python3.7/site-packages/airflow/example_dags/example_trigger_target_dag.py took 0.472 seconds
[2024-09-09T01:39:24.746+0000] {processor.py:153} INFO - Started process (PID=177) to work on /home/airflow/.local/lib/python3.7/site-packages/airflow/example_dags/example_trigger_target_dag.py
[2024-09-09T01:39:24.747+0000] {processor.py:743} INFO - Processing file /home/airflow/.local/lib/python3.7/site-packages/airflow/example_dags/example_trigger_target_dag.py for tasks to queue
[2024-09-09T01:39:24.748+0000] {logging_mixin.py:137} INFO - [2024-09-09T01:39:24.747+0000] {dagbag.py:538} INFO - Filling up the DagBag from /home/airflow/.local/lib/python3.7/site-packages/airflow/example_dags/example_trigger_target_dag.py
[2024-09-09T01:39:24.770+0000] {processor.py:753} INFO - DAG(s) dict_keys(['example_trigger_target_dag']) retrieved from /home/airflow/.local/lib/python3.7/site-packages/airflow/example_dags/example_trigger_target_dag.py
[2024-09-09T01:39:24.808+0000] {logging_mixin.py:137} INFO - [2024-09-09T01:39:24.808+0000] {dag.py:2676} INFO - Sync 1 DAGs
[2024-09-09T01:39:24.831+0000] {logging_mixin.py:137} INFO - [2024-09-09T01:39:24.831+0000] {dag.py:3427} INFO - Setting next_dagrun for example_trigger_target_dag to None, run_after=None
[2024-09-09T01:39:24.854+0000] {processor.py:175} INFO - Processing /home/airflow/.local/lib/python3.7/site-packages/airflow/example_dags/example_trigger_target_dag.py took 0.111 seconds
[2024-09-09T01:39:55.237+0000] {processor.py:153} INFO - Started process (PID=273) to work on /home/airflow/.local/lib/python3.7/site-packages/airflow/example_dags/example_trigger_target_dag.py
[2024-09-09T01:39:55.243+0000] {processor.py:743} INFO - Processing file /home/airflow/.local/lib/python3.7/site-packages/airflow/example_dags/example_trigger_target_dag.py for tasks to queue
[2024-09-09T01:39:55.243+0000] {logging_mixin.py:137} INFO - [2024-09-09T01:39:55.243+0000] {dagbag.py:538} INFO - Filling up the DagBag from /home/airflow/.local/lib/python3.7/site-packages/airflow/example_dags/example_trigger_target_dag.py
[2024-09-09T01:39:55.260+0000] {processor.py:753} INFO - DAG(s) dict_keys(['example_trigger_target_dag']) retrieved from /home/airflow/.local/lib/python3.7/site-packages/airflow/example_dags/example_trigger_target_dag.py
[2024-09-09T01:39:55.287+0000] {logging_mixin.py:137} INFO - [2024-09-09T01:39:55.287+0000] {dag.py:2676} INFO - Sync 1 DAGs
[2024-09-09T01:39:55.304+0000] {logging_mixin.py:137} INFO - [2024-09-09T01:39:55.304+0000] {dag.py:3427} INFO - Setting next_dagrun for example_trigger_target_dag to None, run_after=None
[2024-09-09T01:39:55.321+0000] {processor.py:175} INFO - Processing /home/airflow/.local/lib/python3.7/site-packages/airflow/example_dags/example_trigger_target_dag.py took 0.086 seconds
[2024-09-09T01:40:25.996+0000] {processor.py:153} INFO - Started process (PID=397) to work on /home/airflow/.local/lib/python3.7/site-packages/airflow/example_dags/example_trigger_target_dag.py
[2024-09-09T01:40:25.996+0000] {processor.py:743} INFO - Processing file /home/airflow/.local/lib/python3.7/site-packages/airflow/example_dags/example_trigger_target_dag.py for tasks to queue
[2024-09-09T01:40:25.997+0000] {logging_mixin.py:137} INFO - [2024-09-09T01:40:25.997+0000] {dagbag.py:538} INFO - Filling up the DagBag from /home/airflow/.local/lib/python3.7/site-packages/airflow/example_dags/example_trigger_target_dag.py
[2024-09-09T01:40:26.011+0000] {processor.py:753} INFO - DAG(s) dict_keys(['example_trigger_target_dag']) retrieved from /home/airflow/.local/lib/python3.7/site-packages/airflow/example_dags/example_trigger_target_dag.py
[2024-09-09T01:40:26.038+0000] {logging_mixin.py:137} INFO - [2024-09-09T01:40:26.038+0000] {dag.py:2676} INFO - Sync 1 DAGs
[2024-09-09T01:40:26.055+0000] {logging_mixin.py:137} INFO - [2024-09-09T01:40:26.055+0000] {dag.py:3427} INFO - Setting next_dagrun for example_trigger_target_dag to None, run_after=None
[2024-09-09T01:40:26.096+0000] {processor.py:175} INFO - Processing /home/airflow/.local/lib/python3.7/site-packages/airflow/example_dags/example_trigger_target_dag.py took 0.103 seconds
[2024-09-09T01:40:56.208+0000] {processor.py:153} INFO - Started process (PID=493) to work on /home/airflow/.local/lib/python3.7/site-packages/airflow/example_dags/example_trigger_target_dag.py
[2024-09-09T01:40:56.209+0000] {processor.py:743} INFO - Processing file /home/airflow/.local/lib/python3.7/site-packages/airflow/example_dags/example_trigger_target_dag.py for tasks to queue
[2024-09-09T01:40:56.210+0000] {logging_mixin.py:137} INFO - [2024-09-09T01:40:56.210+0000] {dagbag.py:538} INFO - Filling up the DagBag from /home/airflow/.local/lib/python3.7/site-packages/airflow/example_dags/example_trigger_target_dag.py
[2024-09-09T01:40:56.225+0000] {processor.py:753} INFO - DAG(s) dict_keys(['example_trigger_target_dag']) retrieved from /home/airflow/.local/lib/python3.7/site-packages/airflow/example_dags/example_trigger_target_dag.py
[2024-09-09T01:40:56.269+0000] {logging_mixin.py:137} INFO - [2024-09-09T01:40:56.269+0000] {dag.py:2676} INFO - Sync 1 DAGs
[2024-09-09T01:40:56.302+0000] {logging_mixin.py:137} INFO - [2024-09-09T01:40:56.302+0000] {dag.py:3427} INFO - Setting next_dagrun for example_trigger_target_dag to None, run_after=None
[2024-09-09T01:40:56.327+0000] {processor.py:175} INFO - Processing /home/airflow/.local/lib/python3.7/site-packages/airflow/example_dags/example_trigger_target_dag.py took 0.120 seconds
[2024-09-09T01:41:26.429+0000] {processor.py:153} INFO - Started process (PID=617) to work on /home/airflow/.local/lib/python3.7/site-packages/airflow/example_dags/example_trigger_target_dag.py
[2024-09-09T01:41:26.430+0000] {processor.py:743} INFO - Processing file /home/airflow/.local/lib/python3.7/site-packages/airflow/example_dags/example_trigger_target_dag.py for tasks to queue
[2024-09-09T01:41:26.431+0000] {logging_mixin.py:137} INFO - [2024-09-09T01:41:26.431+0000] {dagbag.py:538} INFO - Filling up the DagBag from /home/airflow/.local/lib/python3.7/site-packages/airflow/example_dags/example_trigger_target_dag.py
[2024-09-09T01:41:26.448+0000] {processor.py:753} INFO - DAG(s) dict_keys(['example_trigger_target_dag']) retrieved from /home/airflow/.local/lib/python3.7/site-packages/airflow/example_dags/example_trigger_target_dag.py
[2024-09-09T01:41:26.477+0000] {logging_mixin.py:137} INFO - [2024-09-09T01:41:26.477+0000] {dag.py:2676} INFO - Sync 1 DAGs
[2024-09-09T01:41:26.500+0000] {logging_mixin.py:137} INFO - [2024-09-09T01:41:26.500+0000] {dag.py:3427} INFO - Setting next_dagrun for example_trigger_target_dag to None, run_after=None
[2024-09-09T01:41:26.522+0000] {processor.py:175} INFO - Processing /home/airflow/.local/lib/python3.7/site-packages/airflow/example_dags/example_trigger_target_dag.py took 0.095 seconds
[2024-09-09T01:41:57.090+0000] {processor.py:153} INFO - Started process (PID=713) to work on /home/airflow/.local/lib/python3.7/site-packages/airflow/example_dags/example_trigger_target_dag.py
[2024-09-09T01:41:57.091+0000] {processor.py:743} INFO - Processing file /home/airflow/.local/lib/python3.7/site-packages/airflow/example_dags/example_trigger_target_dag.py for tasks to queue
[2024-09-09T01:41:57.091+0000] {logging_mixin.py:137} INFO - [2024-09-09T01:41:57.091+0000] {dagbag.py:538} INFO - Filling up the DagBag from /home/airflow/.local/lib/python3.7/site-packages/airflow/example_dags/example_trigger_target_dag.py
[2024-09-09T01:41:57.107+0000] {processor.py:753} INFO - DAG(s) dict_keys(['example_trigger_target_dag']) retrieved from /home/airflow/.local/lib/python3.7/site-packages/airflow/example_dags/example_trigger_target_dag.py
[2024-09-09T01:41:57.135+0000] {logging_mixin.py:137} INFO - [2024-09-09T01:41:57.135+0000] {dag.py:2676} INFO - Sync 1 DAGs
[2024-09-09T01:41:57.154+0000] {logging_mixin.py:137} INFO - [2024-09-09T01:41:57.154+0000] {dag.py:3427} INFO - Setting next_dagrun for example_trigger_target_dag to None, run_after=None
[2024-09-09T01:41:57.179+0000] {processor.py:175} INFO - Processing /home/airflow/.local/lib/python3.7/site-packages/airflow/example_dags/example_trigger_target_dag.py took 0.091 seconds
[2024-09-09T01:42:27.584+0000] {processor.py:153} INFO - Started process (PID=837) to work on /home/airflow/.local/lib/python3.7/site-packages/airflow/example_dags/example_trigger_target_dag.py
[2024-09-09T01:42:27.585+0000] {processor.py:743} INFO - Processing file /home/airflow/.local/lib/python3.7/site-packages/airflow/example_dags/example_trigger_target_dag.py for tasks to queue
[2024-09-09T01:42:27.585+0000] {logging_mixin.py:137} INFO - [2024-09-09T01:42:27.585+0000] {dagbag.py:538} INFO - Filling up the DagBag from /home/airflow/.local/lib/python3.7/site-packages/airflow/example_dags/example_trigger_target_dag.py
[2024-09-09T01:42:27.600+0000] {processor.py:753} INFO - DAG(s) dict_keys(['example_trigger_target_dag']) retrieved from /home/airflow/.local/lib/python3.7/site-packages/airflow/example_dags/example_trigger_target_dag.py
[2024-09-09T01:42:27.628+0000] {logging_mixin.py:137} INFO - [2024-09-09T01:42:27.628+0000] {dag.py:2676} INFO - Sync 1 DAGs
[2024-09-09T01:42:27.647+0000] {logging_mixin.py:137} INFO - [2024-09-09T01:42:27.647+0000] {dag.py:3427} INFO - Setting next_dagrun for example_trigger_target_dag to None, run_after=None
[2024-09-09T01:42:27.665+0000] {processor.py:175} INFO - Processing /home/airflow/.local/lib/python3.7/site-packages/airflow/example_dags/example_trigger_target_dag.py took 0.083 seconds
[2024-09-09T01:42:57.822+0000] {processor.py:153} INFO - Started process (PID=933) to work on /home/airflow/.local/lib/python3.7/site-packages/airflow/example_dags/example_trigger_target_dag.py
[2024-09-09T01:42:57.823+0000] {processor.py:743} INFO - Processing file /home/airflow/.local/lib/python3.7/site-packages/airflow/example_dags/example_trigger_target_dag.py for tasks to queue
[2024-09-09T01:42:57.824+0000] {logging_mixin.py:137} INFO - [2024-09-09T01:42:57.824+0000] {dagbag.py:538} INFO - Filling up the DagBag from /home/airflow/.local/lib/python3.7/site-packages/airflow/example_dags/example_trigger_target_dag.py
[2024-09-09T01:42:57.848+0000] {processor.py:753} INFO - DAG(s) dict_keys(['example_trigger_target_dag']) retrieved from /home/airflow/.local/lib/python3.7/site-packages/airflow/example_dags/example_trigger_target_dag.py
[2024-09-09T01:42:57.879+0000] {logging_mixin.py:137} INFO - [2024-09-09T01:42:57.879+0000] {dag.py:2676} INFO - Sync 1 DAGs
[2024-09-09T01:42:57.906+0000] {logging_mixin.py:137} INFO - [2024-09-09T01:42:57.905+0000] {dag.py:3427} INFO - Setting next_dagrun for example_trigger_target_dag to None, run_after=None
[2024-09-09T01:42:57.926+0000] {processor.py:175} INFO - Processing /home/airflow/.local/lib/python3.7/site-packages/airflow/example_dags/example_trigger_target_dag.py took 0.106 seconds
[2024-09-09T01:43:28.542+0000] {processor.py:153} INFO - Started process (PID=1057) to work on /home/airflow/.local/lib/python3.7/site-packages/airflow/example_dags/example_trigger_target_dag.py
[2024-09-09T01:43:28.550+0000] {processor.py:743} INFO - Processing file /home/airflow/.local/lib/python3.7/site-packages/airflow/example_dags/example_trigger_target_dag.py for tasks to queue
[2024-09-09T01:43:28.550+0000] {logging_mixin.py:137} INFO - [2024-09-09T01:43:28.550+0000] {dagbag.py:538} INFO - Filling up the DagBag from /home/airflow/.local/lib/python3.7/site-packages/airflow/example_dags/example_trigger_target_dag.py
[2024-09-09T01:43:28.565+0000] {processor.py:753} INFO - DAG(s) dict_keys(['example_trigger_target_dag']) retrieved from /home/airflow/.local/lib/python3.7/site-packages/airflow/example_dags/example_trigger_target_dag.py
[2024-09-09T01:43:28.595+0000] {logging_mixin.py:137} INFO - [2024-09-09T01:43:28.595+0000] {dag.py:2676} INFO - Sync 1 DAGs
[2024-09-09T01:43:28.613+0000] {logging_mixin.py:137} INFO - [2024-09-09T01:43:28.613+0000] {dag.py:3427} INFO - Setting next_dagrun for example_trigger_target_dag to None, run_after=None
[2024-09-09T01:43:28.629+0000] {processor.py:175} INFO - Processing /home/airflow/.local/lib/python3.7/site-packages/airflow/example_dags/example_trigger_target_dag.py took 0.089 seconds
[2024-09-09T01:43:59.341+0000] {processor.py:153} INFO - Started process (PID=1181) to work on /home/airflow/.local/lib/python3.7/site-packages/airflow/example_dags/example_trigger_target_dag.py
[2024-09-09T01:43:59.342+0000] {processor.py:743} INFO - Processing file /home/airflow/.local/lib/python3.7/site-packages/airflow/example_dags/example_trigger_target_dag.py for tasks to queue
[2024-09-09T01:43:59.343+0000] {logging_mixin.py:137} INFO - [2024-09-09T01:43:59.343+0000] {dagbag.py:538} INFO - Filling up the DagBag from /home/airflow/.local/lib/python3.7/site-packages/airflow/example_dags/example_trigger_target_dag.py
[2024-09-09T01:43:59.372+0000] {processor.py:753} INFO - DAG(s) dict_keys(['example_trigger_target_dag']) retrieved from /home/airflow/.local/lib/python3.7/site-packages/airflow/example_dags/example_trigger_target_dag.py
[2024-09-09T01:43:59.420+0000] {logging_mixin.py:137} INFO - [2024-09-09T01:43:59.420+0000] {dag.py:2676} INFO - Sync 1 DAGs
[2024-09-09T01:43:59.446+0000] {logging_mixin.py:137} INFO - [2024-09-09T01:43:59.446+0000] {dag.py:3427} INFO - Setting next_dagrun for example_trigger_target_dag to None, run_after=None
[2024-09-09T01:43:59.470+0000] {processor.py:175} INFO - Processing /home/airflow/.local/lib/python3.7/site-packages/airflow/example_dags/example_trigger_target_dag.py took 0.131 seconds
[2024-09-09T01:44:29.714+0000] {processor.py:153} INFO - Started process (PID=1277) to work on /home/airflow/.local/lib/python3.7/site-packages/airflow/example_dags/example_trigger_target_dag.py
[2024-09-09T01:44:29.725+0000] {processor.py:743} INFO - Processing file /home/airflow/.local/lib/python3.7/site-packages/airflow/example_dags/example_trigger_target_dag.py for tasks to queue
[2024-09-09T01:44:29.725+0000] {logging_mixin.py:137} INFO - [2024-09-09T01:44:29.725+0000] {dagbag.py:538} INFO - Filling up the DagBag from /home/airflow/.local/lib/python3.7/site-packages/airflow/example_dags/example_trigger_target_dag.py
[2024-09-09T01:44:29.740+0000] {processor.py:753} INFO - DAG(s) dict_keys(['example_trigger_target_dag']) retrieved from /home/airflow/.local/lib/python3.7/site-packages/airflow/example_dags/example_trigger_target_dag.py
[2024-09-09T01:44:29.766+0000] {logging_mixin.py:137} INFO - [2024-09-09T01:44:29.766+0000] {dag.py:2676} INFO - Sync 1 DAGs
[2024-09-09T01:44:29.783+0000] {logging_mixin.py:137} INFO - [2024-09-09T01:44:29.783+0000] {dag.py:3427} INFO - Setting next_dagrun for example_trigger_target_dag to None, run_after=None
[2024-09-09T01:44:29.802+0000] {processor.py:175} INFO - Processing /home/airflow/.local/lib/python3.7/site-packages/airflow/example_dags/example_trigger_target_dag.py took 0.090 seconds
[2024-09-09T01:45:00.373+0000] {processor.py:153} INFO - Started process (PID=1401) to work on /home/airflow/.local/lib/python3.7/site-packages/airflow/example_dags/example_trigger_target_dag.py
[2024-09-09T01:45:00.375+0000] {processor.py:743} INFO - Processing file /home/airflow/.local/lib/python3.7/site-packages/airflow/example_dags/example_trigger_target_dag.py for tasks to queue
[2024-09-09T01:45:00.376+0000] {logging_mixin.py:137} INFO - [2024-09-09T01:45:00.376+0000] {dagbag.py:538} INFO - Filling up the DagBag from /home/airflow/.local/lib/python3.7/site-packages/airflow/example_dags/example_trigger_target_dag.py
[2024-09-09T01:45:00.398+0000] {processor.py:753} INFO - DAG(s) dict_keys(['example_trigger_target_dag']) retrieved from /home/airflow/.local/lib/python3.7/site-packages/airflow/example_dags/example_trigger_target_dag.py
[2024-09-09T01:45:00.426+0000] {logging_mixin.py:137} INFO - [2024-09-09T01:45:00.426+0000] {dag.py:2676} INFO - Sync 1 DAGs
[2024-09-09T01:45:00.444+0000] {logging_mixin.py:137} INFO - [2024-09-09T01:45:00.444+0000] {dag.py:3427} INFO - Setting next_dagrun for example_trigger_target_dag to None, run_after=None
[2024-09-09T01:45:00.462+0000] {processor.py:175} INFO - Processing /home/airflow/.local/lib/python3.7/site-packages/airflow/example_dags/example_trigger_target_dag.py took 0.090 seconds
[2024-09-09T01:45:30.494+0000] {processor.py:153} INFO - Started process (PID=1498) to work on /home/airflow/.local/lib/python3.7/site-packages/airflow/example_dags/example_trigger_target_dag.py
[2024-09-09T01:45:30.495+0000] {processor.py:743} INFO - Processing file /home/airflow/.local/lib/python3.7/site-packages/airflow/example_dags/example_trigger_target_dag.py for tasks to queue
[2024-09-09T01:45:30.495+0000] {logging_mixin.py:137} INFO - [2024-09-09T01:45:30.495+0000] {dagbag.py:538} INFO - Filling up the DagBag from /home/airflow/.local/lib/python3.7/site-packages/airflow/example_dags/example_trigger_target_dag.py
[2024-09-09T01:45:30.510+0000] {processor.py:753} INFO - DAG(s) dict_keys(['example_trigger_target_dag']) retrieved from /home/airflow/.local/lib/python3.7/site-packages/airflow/example_dags/example_trigger_target_dag.py
[2024-09-09T01:45:30.535+0000] {logging_mixin.py:137} INFO - [2024-09-09T01:45:30.535+0000] {dag.py:2676} INFO - Sync 1 DAGs
[2024-09-09T01:45:30.553+0000] {logging_mixin.py:137} INFO - [2024-09-09T01:45:30.552+0000] {dag.py:3427} INFO - Setting next_dagrun for example_trigger_target_dag to None, run_after=None
[2024-09-09T01:45:30.570+0000] {processor.py:175} INFO - Processing /home/airflow/.local/lib/python3.7/site-packages/airflow/example_dags/example_trigger_target_dag.py took 0.078 seconds
[2024-09-09T01:46:00.606+0000] {processor.py:153} INFO - Started process (PID=1622) to work on /home/airflow/.local/lib/python3.7/site-packages/airflow/example_dags/example_trigger_target_dag.py
[2024-09-09T01:46:00.607+0000] {processor.py:743} INFO - Processing file /home/airflow/.local/lib/python3.7/site-packages/airflow/example_dags/example_trigger_target_dag.py for tasks to queue
[2024-09-09T01:46:00.607+0000] {logging_mixin.py:137} INFO - [2024-09-09T01:46:00.607+0000] {dagbag.py:538} INFO - Filling up the DagBag from /home/airflow/.local/lib/python3.7/site-packages/airflow/example_dags/example_trigger_target_dag.py
[2024-09-09T01:46:00.621+0000] {processor.py:753} INFO - DAG(s) dict_keys(['example_trigger_target_dag']) retrieved from /home/airflow/.local/lib/python3.7/site-packages/airflow/example_dags/example_trigger_target_dag.py
[2024-09-09T01:46:00.647+0000] {logging_mixin.py:137} INFO - [2024-09-09T01:46:00.647+0000] {dag.py:2676} INFO - Sync 1 DAGs
[2024-09-09T01:46:00.665+0000] {logging_mixin.py:137} INFO - [2024-09-09T01:46:00.665+0000] {dag.py:3427} INFO - Setting next_dagrun for example_trigger_target_dag to None, run_after=None
[2024-09-09T01:46:00.682+0000] {processor.py:175} INFO - Processing /home/airflow/.local/lib/python3.7/site-packages/airflow/example_dags/example_trigger_target_dag.py took 0.078 seconds
[2024-09-09T01:46:31.112+0000] {processor.py:153} INFO - Started process (PID=1725) to work on /home/airflow/.local/lib/python3.7/site-packages/airflow/example_dags/example_trigger_target_dag.py
[2024-09-09T01:46:31.113+0000] {processor.py:743} INFO - Processing file /home/airflow/.local/lib/python3.7/site-packages/airflow/example_dags/example_trigger_target_dag.py for tasks to queue
[2024-09-09T01:46:31.113+0000] {logging_mixin.py:137} INFO - [2024-09-09T01:46:31.113+0000] {dagbag.py:538} INFO - Filling up the DagBag from /home/airflow/.local/lib/python3.7/site-packages/airflow/example_dags/example_trigger_target_dag.py
[2024-09-09T01:46:31.133+0000] {processor.py:753} INFO - DAG(s) dict_keys(['example_trigger_target_dag']) retrieved from /home/airflow/.local/lib/python3.7/site-packages/airflow/example_dags/example_trigger_target_dag.py
[2024-09-09T01:46:31.169+0000] {logging_mixin.py:137} INFO - [2024-09-09T01:46:31.169+0000] {dag.py:2676} INFO - Sync 1 DAGs
[2024-09-09T01:46:31.193+0000] {logging_mixin.py:137} INFO - [2024-09-09T01:46:31.193+0000] {dag.py:3427} INFO - Setting next_dagrun for example_trigger_target_dag to None, run_after=None
[2024-09-09T01:46:31.213+0000] {processor.py:175} INFO - Processing /home/airflow/.local/lib/python3.7/site-packages/airflow/example_dags/example_trigger_target_dag.py took 0.104 seconds
[2024-09-09T01:47:01.447+0000] {processor.py:153} INFO - Started process (PID=1842) to work on /home/airflow/.local/lib/python3.7/site-packages/airflow/example_dags/example_trigger_target_dag.py
[2024-09-09T01:47:01.448+0000] {processor.py:743} INFO - Processing file /home/airflow/.local/lib/python3.7/site-packages/airflow/example_dags/example_trigger_target_dag.py for tasks to queue
[2024-09-09T01:47:01.449+0000] {logging_mixin.py:137} INFO - [2024-09-09T01:47:01.449+0000] {dagbag.py:538} INFO - Filling up the DagBag from /home/airflow/.local/lib/python3.7/site-packages/airflow/example_dags/example_trigger_target_dag.py
[2024-09-09T01:47:01.465+0000] {processor.py:753} INFO - DAG(s) dict_keys(['example_trigger_target_dag']) retrieved from /home/airflow/.local/lib/python3.7/site-packages/airflow/example_dags/example_trigger_target_dag.py
[2024-09-09T01:47:01.497+0000] {logging_mixin.py:137} INFO - [2024-09-09T01:47:01.497+0000] {dag.py:2676} INFO - Sync 1 DAGs
[2024-09-09T01:47:01.517+0000] {logging_mixin.py:137} INFO - [2024-09-09T01:47:01.517+0000] {dag.py:3427} INFO - Setting next_dagrun for example_trigger_target_dag to None, run_after=None
[2024-09-09T01:47:01.533+0000] {processor.py:175} INFO - Processing /home/airflow/.local/lib/python3.7/site-packages/airflow/example_dags/example_trigger_target_dag.py took 0.088 seconds
[2024-09-09T01:47:32.218+0000] {processor.py:153} INFO - Started process (PID=1966) to work on /home/airflow/.local/lib/python3.7/site-packages/airflow/example_dags/example_trigger_target_dag.py
[2024-09-09T01:47:32.218+0000] {processor.py:743} INFO - Processing file /home/airflow/.local/lib/python3.7/site-packages/airflow/example_dags/example_trigger_target_dag.py for tasks to queue
[2024-09-09T01:47:32.219+0000] {logging_mixin.py:137} INFO - [2024-09-09T01:47:32.219+0000] {dagbag.py:538} INFO - Filling up the DagBag from /home/airflow/.local/lib/python3.7/site-packages/airflow/example_dags/example_trigger_target_dag.py
[2024-09-09T01:47:32.235+0000] {processor.py:753} INFO - DAG(s) dict_keys(['example_trigger_target_dag']) retrieved from /home/airflow/.local/lib/python3.7/site-packages/airflow/example_dags/example_trigger_target_dag.py
[2024-09-09T01:47:32.264+0000] {logging_mixin.py:137} INFO - [2024-09-09T01:47:32.264+0000] {dag.py:2676} INFO - Sync 1 DAGs
[2024-09-09T01:47:32.285+0000] {logging_mixin.py:137} INFO - [2024-09-09T01:47:32.285+0000] {dag.py:3427} INFO - Setting next_dagrun for example_trigger_target_dag to None, run_after=None
[2024-09-09T01:47:32.305+0000] {processor.py:175} INFO - Processing /home/airflow/.local/lib/python3.7/site-packages/airflow/example_dags/example_trigger_target_dag.py took 0.090 seconds
[2024-09-09T01:48:02.543+0000] {processor.py:153} INFO - Started process (PID=2062) to work on /home/airflow/.local/lib/python3.7/site-packages/airflow/example_dags/example_trigger_target_dag.py
[2024-09-09T01:48:02.544+0000] {processor.py:743} INFO - Processing file /home/airflow/.local/lib/python3.7/site-packages/airflow/example_dags/example_trigger_target_dag.py for tasks to queue
[2024-09-09T01:48:02.545+0000] {logging_mixin.py:137} INFO - [2024-09-09T01:48:02.545+0000] {dagbag.py:538} INFO - Filling up the DagBag from /home/airflow/.local/lib/python3.7/site-packages/airflow/example_dags/example_trigger_target_dag.py
[2024-09-09T01:48:02.560+0000] {processor.py:753} INFO - DAG(s) dict_keys(['example_trigger_target_dag']) retrieved from /home/airflow/.local/lib/python3.7/site-packages/airflow/example_dags/example_trigger_target_dag.py
[2024-09-09T01:48:02.593+0000] {logging_mixin.py:137} INFO - [2024-09-09T01:48:02.593+0000] {dag.py:2676} INFO - Sync 1 DAGs
[2024-09-09T01:48:02.610+0000] {logging_mixin.py:137} INFO - [2024-09-09T01:48:02.610+0000] {dag.py:3427} INFO - Setting next_dagrun for example_trigger_target_dag to None, run_after=None
[2024-09-09T01:48:02.630+0000] {processor.py:175} INFO - Processing /home/airflow/.local/lib/python3.7/site-packages/airflow/example_dags/example_trigger_target_dag.py took 0.089 seconds
[2024-09-09T01:48:32.968+0000] {processor.py:153} INFO - Started process (PID=2186) to work on /home/airflow/.local/lib/python3.7/site-packages/airflow/example_dags/example_trigger_target_dag.py
[2024-09-09T01:48:32.968+0000] {processor.py:743} INFO - Processing file /home/airflow/.local/lib/python3.7/site-packages/airflow/example_dags/example_trigger_target_dag.py for tasks to queue
[2024-09-09T01:48:32.969+0000] {logging_mixin.py:137} INFO - [2024-09-09T01:48:32.969+0000] {dagbag.py:538} INFO - Filling up the DagBag from /home/airflow/.local/lib/python3.7/site-packages/airflow/example_dags/example_trigger_target_dag.py
[2024-09-09T01:48:32.986+0000] {processor.py:753} INFO - DAG(s) dict_keys(['example_trigger_target_dag']) retrieved from /home/airflow/.local/lib/python3.7/site-packages/airflow/example_dags/example_trigger_target_dag.py
[2024-09-09T01:48:33.013+0000] {logging_mixin.py:137} INFO - [2024-09-09T01:48:33.013+0000] {dag.py:2676} INFO - Sync 1 DAGs
[2024-09-09T01:48:33.032+0000] {logging_mixin.py:137} INFO - [2024-09-09T01:48:33.032+0000] {dag.py:3427} INFO - Setting next_dagrun for example_trigger_target_dag to None, run_after=None
[2024-09-09T01:48:33.050+0000] {processor.py:175} INFO - Processing /home/airflow/.local/lib/python3.7/site-packages/airflow/example_dags/example_trigger_target_dag.py took 0.085 seconds
[2024-09-09T01:49:03.518+0000] {processor.py:153} INFO - Started process (PID=2282) to work on /home/airflow/.local/lib/python3.7/site-packages/airflow/example_dags/example_trigger_target_dag.py
[2024-09-09T01:49:03.519+0000] {processor.py:743} INFO - Processing file /home/airflow/.local/lib/python3.7/site-packages/airflow/example_dags/example_trigger_target_dag.py for tasks to queue
[2024-09-09T01:49:03.520+0000] {logging_mixin.py:137} INFO - [2024-09-09T01:49:03.519+0000] {dagbag.py:538} INFO - Filling up the DagBag from /home/airflow/.local/lib/python3.7/site-packages/airflow/example_dags/example_trigger_target_dag.py
[2024-09-09T01:49:03.541+0000] {processor.py:753} INFO - DAG(s) dict_keys(['example_trigger_target_dag']) retrieved from /home/airflow/.local/lib/python3.7/site-packages/airflow/example_dags/example_trigger_target_dag.py
[2024-09-09T01:49:03.582+0000] {logging_mixin.py:137} INFO - [2024-09-09T01:49:03.582+0000] {dag.py:2676} INFO - Sync 1 DAGs
[2024-09-09T01:49:03.604+0000] {logging_mixin.py:137} INFO - [2024-09-09T01:49:03.604+0000] {dag.py:3427} INFO - Setting next_dagrun for example_trigger_target_dag to None, run_after=None
[2024-09-09T01:49:03.625+0000] {processor.py:175} INFO - Processing /home/airflow/.local/lib/python3.7/site-packages/airflow/example_dags/example_trigger_target_dag.py took 0.110 seconds
[2024-09-09T01:49:33.884+0000] {processor.py:153} INFO - Started process (PID=2406) to work on /home/airflow/.local/lib/python3.7/site-packages/airflow/example_dags/example_trigger_target_dag.py
[2024-09-09T01:49:33.885+0000] {processor.py:743} INFO - Processing file /home/airflow/.local/lib/python3.7/site-packages/airflow/example_dags/example_trigger_target_dag.py for tasks to queue
[2024-09-09T01:49:33.885+0000] {logging_mixin.py:137} INFO - [2024-09-09T01:49:33.885+0000] {dagbag.py:538} INFO - Filling up the DagBag from /home/airflow/.local/lib/python3.7/site-packages/airflow/example_dags/example_trigger_target_dag.py
[2024-09-09T01:49:33.901+0000] {processor.py:753} INFO - DAG(s) dict_keys(['example_trigger_target_dag']) retrieved from /home/airflow/.local/lib/python3.7/site-packages/airflow/example_dags/example_trigger_target_dag.py
[2024-09-09T01:49:33.932+0000] {logging_mixin.py:137} INFO - [2024-09-09T01:49:33.932+0000] {dag.py:2676} INFO - Sync 1 DAGs
[2024-09-09T01:49:33.965+0000] {logging_mixin.py:137} INFO - [2024-09-09T01:49:33.965+0000] {dag.py:3427} INFO - Setting next_dagrun for example_trigger_target_dag to None, run_after=None
[2024-09-09T01:49:33.984+0000] {processor.py:175} INFO - Processing /home/airflow/.local/lib/python3.7/site-packages/airflow/example_dags/example_trigger_target_dag.py took 0.103 seconds
[2024-09-09T01:50:04.013+0000] {processor.py:153} INFO - Started process (PID=2530) to work on /home/airflow/.local/lib/python3.7/site-packages/airflow/example_dags/example_trigger_target_dag.py
[2024-09-09T01:50:04.014+0000] {processor.py:743} INFO - Processing file /home/airflow/.local/lib/python3.7/site-packages/airflow/example_dags/example_trigger_target_dag.py for tasks to queue
[2024-09-09T01:50:04.014+0000] {logging_mixin.py:137} INFO - [2024-09-09T01:50:04.014+0000] {dagbag.py:538} INFO - Filling up the DagBag from /home/airflow/.local/lib/python3.7/site-packages/airflow/example_dags/example_trigger_target_dag.py
[2024-09-09T01:50:04.033+0000] {processor.py:753} INFO - DAG(s) dict_keys(['example_trigger_target_dag']) retrieved from /home/airflow/.local/lib/python3.7/site-packages/airflow/example_dags/example_trigger_target_dag.py
[2024-09-09T01:50:04.066+0000] {logging_mixin.py:137} INFO - [2024-09-09T01:50:04.066+0000] {dag.py:2676} INFO - Sync 1 DAGs
[2024-09-09T01:50:04.086+0000] {logging_mixin.py:137} INFO - [2024-09-09T01:50:04.085+0000] {dag.py:3427} INFO - Setting next_dagrun for example_trigger_target_dag to None, run_after=None
[2024-09-09T01:50:04.103+0000] {processor.py:175} INFO - Processing /home/airflow/.local/lib/python3.7/site-packages/airflow/example_dags/example_trigger_target_dag.py took 0.092 seconds
[2024-09-09T01:50:34.307+0000] {processor.py:153} INFO - Started process (PID=2624) to work on /home/airflow/.local/lib/python3.7/site-packages/airflow/example_dags/example_trigger_target_dag.py
[2024-09-09T01:50:34.308+0000] {processor.py:743} INFO - Processing file /home/airflow/.local/lib/python3.7/site-packages/airflow/example_dags/example_trigger_target_dag.py for tasks to queue
[2024-09-09T01:50:34.309+0000] {logging_mixin.py:137} INFO - [2024-09-09T01:50:34.309+0000] {dagbag.py:538} INFO - Filling up the DagBag from /home/airflow/.local/lib/python3.7/site-packages/airflow/example_dags/example_trigger_target_dag.py
[2024-09-09T01:50:34.325+0000] {processor.py:753} INFO - DAG(s) dict_keys(['example_trigger_target_dag']) retrieved from /home/airflow/.local/lib/python3.7/site-packages/airflow/example_dags/example_trigger_target_dag.py
[2024-09-09T01:50:34.351+0000] {logging_mixin.py:137} INFO - [2024-09-09T01:50:34.351+0000] {dag.py:2676} INFO - Sync 1 DAGs
[2024-09-09T01:50:34.369+0000] {logging_mixin.py:137} INFO - [2024-09-09T01:50:34.368+0000] {dag.py:3427} INFO - Setting next_dagrun for example_trigger_target_dag to None, run_after=None
[2024-09-09T01:50:34.385+0000] {processor.py:175} INFO - Processing /home/airflow/.local/lib/python3.7/site-packages/airflow/example_dags/example_trigger_target_dag.py took 0.079 seconds
[2024-09-09T01:51:04.559+0000] {processor.py:153} INFO - Started process (PID=2748) to work on /home/airflow/.local/lib/python3.7/site-packages/airflow/example_dags/example_trigger_target_dag.py
[2024-09-09T01:51:04.559+0000] {processor.py:743} INFO - Processing file /home/airflow/.local/lib/python3.7/site-packages/airflow/example_dags/example_trigger_target_dag.py for tasks to queue
[2024-09-09T01:51:04.560+0000] {logging_mixin.py:137} INFO - [2024-09-09T01:51:04.560+0000] {dagbag.py:538} INFO - Filling up the DagBag from /home/airflow/.local/lib/python3.7/site-packages/airflow/example_dags/example_trigger_target_dag.py
[2024-09-09T01:51:04.576+0000] {processor.py:753} INFO - DAG(s) dict_keys(['example_trigger_target_dag']) retrieved from /home/airflow/.local/lib/python3.7/site-packages/airflow/example_dags/example_trigger_target_dag.py
[2024-09-09T01:51:04.604+0000] {logging_mixin.py:137} INFO - [2024-09-09T01:51:04.603+0000] {dag.py:2676} INFO - Sync 1 DAGs
[2024-09-09T01:51:04.626+0000] {logging_mixin.py:137} INFO - [2024-09-09T01:51:04.626+0000] {dag.py:3427} INFO - Setting next_dagrun for example_trigger_target_dag to None, run_after=None
[2024-09-09T01:51:04.645+0000] {processor.py:175} INFO - Processing /home/airflow/.local/lib/python3.7/site-packages/airflow/example_dags/example_trigger_target_dag.py took 0.089 seconds
[2024-09-09T01:51:35.119+0000] {processor.py:153} INFO - Started process (PID=2845) to work on /home/airflow/.local/lib/python3.7/site-packages/airflow/example_dags/example_trigger_target_dag.py
[2024-09-09T01:51:35.120+0000] {processor.py:743} INFO - Processing file /home/airflow/.local/lib/python3.7/site-packages/airflow/example_dags/example_trigger_target_dag.py for tasks to queue
[2024-09-09T01:51:35.121+0000] {logging_mixin.py:137} INFO - [2024-09-09T01:51:35.121+0000] {dagbag.py:538} INFO - Filling up the DagBag from /home/airflow/.local/lib/python3.7/site-packages/airflow/example_dags/example_trigger_target_dag.py
[2024-09-09T01:51:35.136+0000] {processor.py:753} INFO - DAG(s) dict_keys(['example_trigger_target_dag']) retrieved from /home/airflow/.local/lib/python3.7/site-packages/airflow/example_dags/example_trigger_target_dag.py
[2024-09-09T01:51:35.165+0000] {logging_mixin.py:137} INFO - [2024-09-09T01:51:35.165+0000] {dag.py:2676} INFO - Sync 1 DAGs
[2024-09-09T01:51:35.185+0000] {logging_mixin.py:137} INFO - [2024-09-09T01:51:35.185+0000] {dag.py:3427} INFO - Setting next_dagrun for example_trigger_target_dag to None, run_after=None
[2024-09-09T01:51:35.207+0000] {processor.py:175} INFO - Processing /home/airflow/.local/lib/python3.7/site-packages/airflow/example_dags/example_trigger_target_dag.py took 0.090 seconds
[2024-09-09T01:52:05.414+0000] {processor.py:153} INFO - Started process (PID=2970) to work on /home/airflow/.local/lib/python3.7/site-packages/airflow/example_dags/example_trigger_target_dag.py
[2024-09-09T01:52:05.415+0000] {processor.py:743} INFO - Processing file /home/airflow/.local/lib/python3.7/site-packages/airflow/example_dags/example_trigger_target_dag.py for tasks to queue
[2024-09-09T01:52:05.415+0000] {logging_mixin.py:137} INFO - [2024-09-09T01:52:05.415+0000] {dagbag.py:538} INFO - Filling up the DagBag from /home/airflow/.local/lib/python3.7/site-packages/airflow/example_dags/example_trigger_target_dag.py
[2024-09-09T01:52:05.434+0000] {processor.py:753} INFO - DAG(s) dict_keys(['example_trigger_target_dag']) retrieved from /home/airflow/.local/lib/python3.7/site-packages/airflow/example_dags/example_trigger_target_dag.py
[2024-09-09T01:52:05.470+0000] {logging_mixin.py:137} INFO - [2024-09-09T01:52:05.470+0000] {dag.py:2676} INFO - Sync 1 DAGs
[2024-09-09T01:52:05.495+0000] {logging_mixin.py:137} INFO - [2024-09-09T01:52:05.495+0000] {dag.py:3427} INFO - Setting next_dagrun for example_trigger_target_dag to None, run_after=None
[2024-09-09T01:52:05.516+0000] {processor.py:175} INFO - Processing /home/airflow/.local/lib/python3.7/site-packages/airflow/example_dags/example_trigger_target_dag.py took 0.106 seconds
[2024-09-09T01:52:35.720+0000] {processor.py:153} INFO - Started process (PID=3073) to work on /home/airflow/.local/lib/python3.7/site-packages/airflow/example_dags/example_trigger_target_dag.py
[2024-09-09T01:52:35.721+0000] {processor.py:743} INFO - Processing file /home/airflow/.local/lib/python3.7/site-packages/airflow/example_dags/example_trigger_target_dag.py for tasks to queue
[2024-09-09T01:52:35.722+0000] {logging_mixin.py:137} INFO - [2024-09-09T01:52:35.722+0000] {dagbag.py:538} INFO - Filling up the DagBag from /home/airflow/.local/lib/python3.7/site-packages/airflow/example_dags/example_trigger_target_dag.py
[2024-09-09T01:52:35.743+0000] {processor.py:753} INFO - DAG(s) dict_keys(['example_trigger_target_dag']) retrieved from /home/airflow/.local/lib/python3.7/site-packages/airflow/example_dags/example_trigger_target_dag.py
[2024-09-09T01:52:35.779+0000] {logging_mixin.py:137} INFO - [2024-09-09T01:52:35.778+0000] {dag.py:2676} INFO - Sync 1 DAGs
[2024-09-09T01:52:35.803+0000] {logging_mixin.py:137} INFO - [2024-09-09T01:52:35.803+0000] {dag.py:3427} INFO - Setting next_dagrun for example_trigger_target_dag to None, run_after=None
[2024-09-09T01:52:35.825+0000] {processor.py:175} INFO - Processing /home/airflow/.local/lib/python3.7/site-packages/airflow/example_dags/example_trigger_target_dag.py took 0.108 seconds
[2024-09-09T01:53:06.798+0000] {processor.py:153} INFO - Started process (PID=3190) to work on /home/airflow/.local/lib/python3.7/site-packages/airflow/example_dags/example_trigger_target_dag.py
[2024-09-09T01:53:06.799+0000] {processor.py:743} INFO - Processing file /home/airflow/.local/lib/python3.7/site-packages/airflow/example_dags/example_trigger_target_dag.py for tasks to queue
[2024-09-09T01:53:06.800+0000] {logging_mixin.py:137} INFO - [2024-09-09T01:53:06.800+0000] {dagbag.py:538} INFO - Filling up the DagBag from /home/airflow/.local/lib/python3.7/site-packages/airflow/example_dags/example_trigger_target_dag.py
[2024-09-09T01:53:06.815+0000] {processor.py:753} INFO - DAG(s) dict_keys(['example_trigger_target_dag']) retrieved from /home/airflow/.local/lib/python3.7/site-packages/airflow/example_dags/example_trigger_target_dag.py
[2024-09-09T01:53:06.841+0000] {logging_mixin.py:137} INFO - [2024-09-09T01:53:06.841+0000] {dag.py:2676} INFO - Sync 1 DAGs
[2024-09-09T01:53:06.858+0000] {logging_mixin.py:137} INFO - [2024-09-09T01:53:06.858+0000] {dag.py:3427} INFO - Setting next_dagrun for example_trigger_target_dag to None, run_after=None
[2024-09-09T01:53:06.875+0000] {processor.py:175} INFO - Processing /home/airflow/.local/lib/python3.7/site-packages/airflow/example_dags/example_trigger_target_dag.py took 0.078 seconds
[2024-09-09T01:53:37.181+0000] {processor.py:153} INFO - Started process (PID=3314) to work on /home/airflow/.local/lib/python3.7/site-packages/airflow/example_dags/example_trigger_target_dag.py
[2024-09-09T01:53:37.182+0000] {processor.py:743} INFO - Processing file /home/airflow/.local/lib/python3.7/site-packages/airflow/example_dags/example_trigger_target_dag.py for tasks to queue
[2024-09-09T01:53:37.183+0000] {logging_mixin.py:137} INFO - [2024-09-09T01:53:37.183+0000] {dagbag.py:538} INFO - Filling up the DagBag from /home/airflow/.local/lib/python3.7/site-packages/airflow/example_dags/example_trigger_target_dag.py
[2024-09-09T01:53:37.200+0000] {processor.py:753} INFO - DAG(s) dict_keys(['example_trigger_target_dag']) retrieved from /home/airflow/.local/lib/python3.7/site-packages/airflow/example_dags/example_trigger_target_dag.py
[2024-09-09T01:53:37.228+0000] {logging_mixin.py:137} INFO - [2024-09-09T01:53:37.228+0000] {dag.py:2676} INFO - Sync 1 DAGs
[2024-09-09T01:53:37.246+0000] {logging_mixin.py:137} INFO - [2024-09-09T01:53:37.246+0000] {dag.py:3427} INFO - Setting next_dagrun for example_trigger_target_dag to None, run_after=None
[2024-09-09T01:53:37.263+0000] {processor.py:175} INFO - Processing /home/airflow/.local/lib/python3.7/site-packages/airflow/example_dags/example_trigger_target_dag.py took 0.084 seconds
[2024-09-09T01:54:07.938+0000] {processor.py:153} INFO - Started process (PID=3410) to work on /home/airflow/.local/lib/python3.7/site-packages/airflow/example_dags/example_trigger_target_dag.py
[2024-09-09T01:54:07.939+0000] {processor.py:743} INFO - Processing file /home/airflow/.local/lib/python3.7/site-packages/airflow/example_dags/example_trigger_target_dag.py for tasks to queue
[2024-09-09T01:54:07.939+0000] {logging_mixin.py:137} INFO - [2024-09-09T01:54:07.939+0000] {dagbag.py:538} INFO - Filling up the DagBag from /home/airflow/.local/lib/python3.7/site-packages/airflow/example_dags/example_trigger_target_dag.py
[2024-09-09T01:54:07.955+0000] {processor.py:753} INFO - DAG(s) dict_keys(['example_trigger_target_dag']) retrieved from /home/airflow/.local/lib/python3.7/site-packages/airflow/example_dags/example_trigger_target_dag.py
[2024-09-09T01:54:07.982+0000] {logging_mixin.py:137} INFO - [2024-09-09T01:54:07.981+0000] {dag.py:2676} INFO - Sync 1 DAGs
[2024-09-09T01:54:07.999+0000] {logging_mixin.py:137} INFO - [2024-09-09T01:54:07.999+0000] {dag.py:3427} INFO - Setting next_dagrun for example_trigger_target_dag to None, run_after=None
[2024-09-09T01:54:08.016+0000] {processor.py:175} INFO - Processing /home/airflow/.local/lib/python3.7/site-packages/airflow/example_dags/example_trigger_target_dag.py took 0.081 seconds
[2024-09-09T01:54:38.335+0000] {processor.py:153} INFO - Started process (PID=3534) to work on /home/airflow/.local/lib/python3.7/site-packages/airflow/example_dags/example_trigger_target_dag.py
[2024-09-09T01:54:38.336+0000] {processor.py:743} INFO - Processing file /home/airflow/.local/lib/python3.7/site-packages/airflow/example_dags/example_trigger_target_dag.py for tasks to queue
[2024-09-09T01:54:38.337+0000] {logging_mixin.py:137} INFO - [2024-09-09T01:54:38.336+0000] {dagbag.py:538} INFO - Filling up the DagBag from /home/airflow/.local/lib/python3.7/site-packages/airflow/example_dags/example_trigger_target_dag.py
[2024-09-09T01:54:38.351+0000] {processor.py:753} INFO - DAG(s) dict_keys(['example_trigger_target_dag']) retrieved from /home/airflow/.local/lib/python3.7/site-packages/airflow/example_dags/example_trigger_target_dag.py
[2024-09-09T01:54:38.378+0000] {logging_mixin.py:137} INFO - [2024-09-09T01:54:38.378+0000] {dag.py:2676} INFO - Sync 1 DAGs
[2024-09-09T01:54:38.396+0000] {logging_mixin.py:137} INFO - [2024-09-09T01:54:38.396+0000] {dag.py:3427} INFO - Setting next_dagrun for example_trigger_target_dag to None, run_after=None
[2024-09-09T01:54:38.411+0000] {processor.py:175} INFO - Processing /home/airflow/.local/lib/python3.7/site-packages/airflow/example_dags/example_trigger_target_dag.py took 0.079 seconds
[2024-09-09T01:55:08.567+0000] {processor.py:153} INFO - Started process (PID=3630) to work on /home/airflow/.local/lib/python3.7/site-packages/airflow/example_dags/example_trigger_target_dag.py
[2024-09-09T01:55:08.568+0000] {processor.py:743} INFO - Processing file /home/airflow/.local/lib/python3.7/site-packages/airflow/example_dags/example_trigger_target_dag.py for tasks to queue
[2024-09-09T01:55:08.569+0000] {logging_mixin.py:137} INFO - [2024-09-09T01:55:08.569+0000] {dagbag.py:538} INFO - Filling up the DagBag from /home/airflow/.local/lib/python3.7/site-packages/airflow/example_dags/example_trigger_target_dag.py
[2024-09-09T01:55:08.587+0000] {processor.py:753} INFO - DAG(s) dict_keys(['example_trigger_target_dag']) retrieved from /home/airflow/.local/lib/python3.7/site-packages/airflow/example_dags/example_trigger_target_dag.py
[2024-09-09T01:55:08.619+0000] {logging_mixin.py:137} INFO - [2024-09-09T01:55:08.618+0000] {dag.py:2676} INFO - Sync 1 DAGs
[2024-09-09T01:55:08.640+0000] {logging_mixin.py:137} INFO - [2024-09-09T01:55:08.639+0000] {dag.py:3427} INFO - Setting next_dagrun for example_trigger_target_dag to None, run_after=None
[2024-09-09T01:55:08.658+0000] {processor.py:175} INFO - Processing /home/airflow/.local/lib/python3.7/site-packages/airflow/example_dags/example_trigger_target_dag.py took 0.093 seconds
[2024-09-09T01:55:38.850+0000] {processor.py:153} INFO - Started process (PID=3754) to work on /home/airflow/.local/lib/python3.7/site-packages/airflow/example_dags/example_trigger_target_dag.py
[2024-09-09T01:55:38.851+0000] {processor.py:743} INFO - Processing file /home/airflow/.local/lib/python3.7/site-packages/airflow/example_dags/example_trigger_target_dag.py for tasks to queue
[2024-09-09T01:55:38.851+0000] {logging_mixin.py:137} INFO - [2024-09-09T01:55:38.851+0000] {dagbag.py:538} INFO - Filling up the DagBag from /home/airflow/.local/lib/python3.7/site-packages/airflow/example_dags/example_trigger_target_dag.py
[2024-09-09T01:55:38.868+0000] {processor.py:753} INFO - DAG(s) dict_keys(['example_trigger_target_dag']) retrieved from /home/airflow/.local/lib/python3.7/site-packages/airflow/example_dags/example_trigger_target_dag.py
[2024-09-09T01:55:38.896+0000] {logging_mixin.py:137} INFO - [2024-09-09T01:55:38.896+0000] {dag.py:2676} INFO - Sync 1 DAGs
[2024-09-09T01:55:38.914+0000] {logging_mixin.py:137} INFO - [2024-09-09T01:55:38.914+0000] {dag.py:3427} INFO - Setting next_dagrun for example_trigger_target_dag to None, run_after=None
[2024-09-09T01:55:38.932+0000] {processor.py:175} INFO - Processing /home/airflow/.local/lib/python3.7/site-packages/airflow/example_dags/example_trigger_target_dag.py took 0.085 seconds
[2024-09-09T01:56:09.152+0000] {processor.py:153} INFO - Started process (PID=3878) to work on /home/airflow/.local/lib/python3.7/site-packages/airflow/example_dags/example_trigger_target_dag.py
[2024-09-09T01:56:09.153+0000] {processor.py:743} INFO - Processing file /home/airflow/.local/lib/python3.7/site-packages/airflow/example_dags/example_trigger_target_dag.py for tasks to queue
[2024-09-09T01:56:09.153+0000] {logging_mixin.py:137} INFO - [2024-09-09T01:56:09.153+0000] {dagbag.py:538} INFO - Filling up the DagBag from /home/airflow/.local/lib/python3.7/site-packages/airflow/example_dags/example_trigger_target_dag.py
[2024-09-09T01:56:09.171+0000] {processor.py:753} INFO - DAG(s) dict_keys(['example_trigger_target_dag']) retrieved from /home/airflow/.local/lib/python3.7/site-packages/airflow/example_dags/example_trigger_target_dag.py
[2024-09-09T01:56:09.202+0000] {logging_mixin.py:137} INFO - [2024-09-09T01:56:09.202+0000] {dag.py:2676} INFO - Sync 1 DAGs
[2024-09-09T01:56:09.221+0000] {logging_mixin.py:137} INFO - [2024-09-09T01:56:09.221+0000] {dag.py:3427} INFO - Setting next_dagrun for example_trigger_target_dag to None, run_after=None
[2024-09-09T01:56:09.238+0000] {processor.py:175} INFO - Processing /home/airflow/.local/lib/python3.7/site-packages/airflow/example_dags/example_trigger_target_dag.py took 0.089 seconds
