[2024-09-09T01:38:59.257+0000] {processor.py:153} INFO - Started process (PID=108) to work on /home/airflow/.local/lib/python3.7/site-packages/airflow/example_dags/example_datasets.py
[2024-09-09T01:38:59.259+0000] {processor.py:743} INFO - Processing file /home/airflow/.local/lib/python3.7/site-packages/airflow/example_dags/example_datasets.py for tasks to queue
[2024-09-09T01:38:59.259+0000] {logging_mixin.py:137} INFO - [2024-09-09T01:38:59.259+0000] {dagbag.py:538} INFO - Filling up the DagBag from /home/airflow/.local/lib/python3.7/site-packages/airflow/example_dags/example_datasets.py
[2024-09-09T01:38:59.282+0000] {processor.py:753} INFO - DAG(s) dict_keys(['dataset_produces_2', 'dataset_consumes_1_and_2', 'dataset_consumes_1', 'dataset_consumes_1_never_scheduled', 'dataset_produces_1', 'dataset_consumes_unknown_never_scheduled']) retrieved from /home/airflow/.local/lib/python3.7/site-packages/airflow/example_dags/example_datasets.py
[2024-09-09T01:38:59.317+0000] {logging_mixin.py:137} INFO - [2024-09-09T01:38:59.317+0000] {dag.py:2676} INFO - Sync 6 DAGs
[2024-09-09T01:38:59.355+0000] {logging_mixin.py:137} INFO - [2024-09-09T01:38:59.355+0000] {dag.py:3427} INFO - Setting next_dagrun for dataset_consumes_1 to None, run_after=None
[2024-09-09T01:38:59.360+0000] {logging_mixin.py:137} INFO - [2024-09-09T01:38:59.360+0000] {dag.py:3427} INFO - Setting next_dagrun for dataset_consumes_1_and_2 to None, run_after=None
[2024-09-09T01:38:59.361+0000] {logging_mixin.py:137} INFO - [2024-09-09T01:38:59.361+0000] {dag.py:3427} INFO - Setting next_dagrun for dataset_consumes_1_never_scheduled to None, run_after=None
[2024-09-09T01:38:59.363+0000] {logging_mixin.py:137} INFO - [2024-09-09T01:38:59.362+0000] {dag.py:3427} INFO - Setting next_dagrun for dataset_consumes_unknown_never_scheduled to None, run_after=None
[2024-09-09T01:38:59.367+0000] {logging_mixin.py:137} INFO - [2024-09-09T01:38:59.367+0000] {dag.py:3427} INFO - Setting next_dagrun for dataset_produces_1 to 2024-09-08T00:00:00+00:00, run_after=2024-09-09T00:00:00+00:00
[2024-09-09T01:38:59.369+0000] {logging_mixin.py:137} INFO - [2024-09-09T01:38:59.369+0000] {dag.py:3427} INFO - Setting next_dagrun for dataset_produces_2 to None, run_after=None
[2024-09-09T01:38:59.430+0000] {processor.py:175} INFO - Processing /home/airflow/.local/lib/python3.7/site-packages/airflow/example_dags/example_datasets.py took 0.176 seconds
[2024-09-09T01:39:29.453+0000] {processor.py:153} INFO - Started process (PID=204) to work on /home/airflow/.local/lib/python3.7/site-packages/airflow/example_dags/example_datasets.py
[2024-09-09T01:39:29.453+0000] {processor.py:743} INFO - Processing file /home/airflow/.local/lib/python3.7/site-packages/airflow/example_dags/example_datasets.py for tasks to queue
[2024-09-09T01:39:29.454+0000] {logging_mixin.py:137} INFO - [2024-09-09T01:39:29.454+0000] {dagbag.py:538} INFO - Filling up the DagBag from /home/airflow/.local/lib/python3.7/site-packages/airflow/example_dags/example_datasets.py
[2024-09-09T01:39:29.467+0000] {processor.py:753} INFO - DAG(s) dict_keys(['dataset_consumes_unknown_never_scheduled', 'dataset_consumes_1_never_scheduled', 'dataset_produces_1', 'dataset_consumes_1_and_2', 'dataset_produces_2', 'dataset_consumes_1']) retrieved from /home/airflow/.local/lib/python3.7/site-packages/airflow/example_dags/example_datasets.py
[2024-09-09T01:39:29.553+0000] {logging_mixin.py:137} INFO - [2024-09-09T01:39:29.553+0000] {dag.py:2676} INFO - Sync 6 DAGs
[2024-09-09T01:39:29.575+0000] {logging_mixin.py:137} INFO - [2024-09-09T01:39:29.575+0000] {dag.py:3427} INFO - Setting next_dagrun for dataset_consumes_1 to None, run_after=None
[2024-09-09T01:39:29.578+0000] {logging_mixin.py:137} INFO - [2024-09-09T01:39:29.578+0000] {dag.py:3427} INFO - Setting next_dagrun for dataset_consumes_1_and_2 to None, run_after=None
[2024-09-09T01:39:29.579+0000] {logging_mixin.py:137} INFO - [2024-09-09T01:39:29.579+0000] {dag.py:3427} INFO - Setting next_dagrun for dataset_consumes_1_never_scheduled to None, run_after=None
[2024-09-09T01:39:29.581+0000] {logging_mixin.py:137} INFO - [2024-09-09T01:39:29.581+0000] {dag.py:3427} INFO - Setting next_dagrun for dataset_consumes_unknown_never_scheduled to None, run_after=None
[2024-09-09T01:39:29.583+0000] {logging_mixin.py:137} INFO - [2024-09-09T01:39:29.583+0000] {dag.py:3427} INFO - Setting next_dagrun for dataset_produces_1 to 2024-09-08T00:00:00+00:00, run_after=2024-09-09T00:00:00+00:00
[2024-09-09T01:39:29.584+0000] {logging_mixin.py:137} INFO - [2024-09-09T01:39:29.584+0000] {dag.py:3427} INFO - Setting next_dagrun for dataset_produces_2 to None, run_after=None
[2024-09-09T01:39:29.622+0000] {processor.py:175} INFO - Processing /home/airflow/.local/lib/python3.7/site-packages/airflow/example_dags/example_datasets.py took 0.171 seconds
[2024-09-09T01:40:00.229+0000] {processor.py:153} INFO - Started process (PID=328) to work on /home/airflow/.local/lib/python3.7/site-packages/airflow/example_dags/example_datasets.py
[2024-09-09T01:40:00.231+0000] {processor.py:743} INFO - Processing file /home/airflow/.local/lib/python3.7/site-packages/airflow/example_dags/example_datasets.py for tasks to queue
[2024-09-09T01:40:00.232+0000] {logging_mixin.py:137} INFO - [2024-09-09T01:40:00.231+0000] {dagbag.py:538} INFO - Filling up the DagBag from /home/airflow/.local/lib/python3.7/site-packages/airflow/example_dags/example_datasets.py
[2024-09-09T01:40:00.248+0000] {processor.py:753} INFO - DAG(s) dict_keys(['dataset_consumes_1_never_scheduled', 'dataset_consumes_1', 'dataset_produces_2', 'dataset_consumes_1_and_2', 'dataset_consumes_unknown_never_scheduled', 'dataset_produces_1']) retrieved from /home/airflow/.local/lib/python3.7/site-packages/airflow/example_dags/example_datasets.py
[2024-09-09T01:40:00.305+0000] {logging_mixin.py:137} INFO - [2024-09-09T01:40:00.304+0000] {dag.py:2676} INFO - Sync 6 DAGs
[2024-09-09T01:40:00.333+0000] {logging_mixin.py:137} INFO - [2024-09-09T01:40:00.332+0000] {dag.py:3427} INFO - Setting next_dagrun for dataset_consumes_1 to None, run_after=None
[2024-09-09T01:40:00.336+0000] {logging_mixin.py:137} INFO - [2024-09-09T01:40:00.336+0000] {dag.py:3427} INFO - Setting next_dagrun for dataset_consumes_1_and_2 to None, run_after=None
[2024-09-09T01:40:00.338+0000] {logging_mixin.py:137} INFO - [2024-09-09T01:40:00.337+0000] {dag.py:3427} INFO - Setting next_dagrun for dataset_consumes_1_never_scheduled to None, run_after=None
[2024-09-09T01:40:00.338+0000] {logging_mixin.py:137} INFO - [2024-09-09T01:40:00.338+0000] {dag.py:3427} INFO - Setting next_dagrun for dataset_consumes_unknown_never_scheduled to None, run_after=None
[2024-09-09T01:40:00.341+0000] {logging_mixin.py:137} INFO - [2024-09-09T01:40:00.341+0000] {dag.py:3427} INFO - Setting next_dagrun for dataset_produces_1 to 2024-09-08T00:00:00+00:00, run_after=2024-09-09T00:00:00+00:00
[2024-09-09T01:40:00.342+0000] {logging_mixin.py:137} INFO - [2024-09-09T01:40:00.342+0000] {dag.py:3427} INFO - Setting next_dagrun for dataset_produces_2 to None, run_after=None
[2024-09-09T01:40:00.377+0000] {processor.py:175} INFO - Processing /home/airflow/.local/lib/python3.7/site-packages/airflow/example_dags/example_datasets.py took 0.151 seconds
[2024-09-09T01:40:30.515+0000] {processor.py:153} INFO - Started process (PID=424) to work on /home/airflow/.local/lib/python3.7/site-packages/airflow/example_dags/example_datasets.py
[2024-09-09T01:40:30.516+0000] {processor.py:743} INFO - Processing file /home/airflow/.local/lib/python3.7/site-packages/airflow/example_dags/example_datasets.py for tasks to queue
[2024-09-09T01:40:30.516+0000] {logging_mixin.py:137} INFO - [2024-09-09T01:40:30.516+0000] {dagbag.py:538} INFO - Filling up the DagBag from /home/airflow/.local/lib/python3.7/site-packages/airflow/example_dags/example_datasets.py
[2024-09-09T01:40:30.528+0000] {processor.py:753} INFO - DAG(s) dict_keys(['dataset_produces_1', 'dataset_produces_2', 'dataset_consumes_1_and_2', 'dataset_consumes_1_never_scheduled', 'dataset_consumes_unknown_never_scheduled', 'dataset_consumes_1']) retrieved from /home/airflow/.local/lib/python3.7/site-packages/airflow/example_dags/example_datasets.py
[2024-09-09T01:40:30.566+0000] {logging_mixin.py:137} INFO - [2024-09-09T01:40:30.566+0000] {dag.py:2676} INFO - Sync 6 DAGs
[2024-09-09T01:40:30.585+0000] {logging_mixin.py:137} INFO - [2024-09-09T01:40:30.585+0000] {dag.py:3427} INFO - Setting next_dagrun for dataset_consumes_1 to None, run_after=None
[2024-09-09T01:40:30.588+0000] {logging_mixin.py:137} INFO - [2024-09-09T01:40:30.588+0000] {dag.py:3427} INFO - Setting next_dagrun for dataset_consumes_1_and_2 to None, run_after=None
[2024-09-09T01:40:30.589+0000] {logging_mixin.py:137} INFO - [2024-09-09T01:40:30.588+0000] {dag.py:3427} INFO - Setting next_dagrun for dataset_consumes_1_never_scheduled to None, run_after=None
[2024-09-09T01:40:30.589+0000] {logging_mixin.py:137} INFO - [2024-09-09T01:40:30.589+0000] {dag.py:3427} INFO - Setting next_dagrun for dataset_consumes_unknown_never_scheduled to None, run_after=None
[2024-09-09T01:40:30.591+0000] {logging_mixin.py:137} INFO - [2024-09-09T01:40:30.591+0000] {dag.py:3427} INFO - Setting next_dagrun for dataset_produces_1 to 2024-09-08T00:00:00+00:00, run_after=2024-09-09T00:00:00+00:00
[2024-09-09T01:40:30.592+0000] {logging_mixin.py:137} INFO - [2024-09-09T01:40:30.592+0000] {dag.py:3427} INFO - Setting next_dagrun for dataset_produces_2 to None, run_after=None
[2024-09-09T01:40:30.617+0000] {processor.py:175} INFO - Processing /home/airflow/.local/lib/python3.7/site-packages/airflow/example_dags/example_datasets.py took 0.105 seconds
[2024-09-09T01:41:00.710+0000] {processor.py:153} INFO - Started process (PID=548) to work on /home/airflow/.local/lib/python3.7/site-packages/airflow/example_dags/example_datasets.py
[2024-09-09T01:41:00.711+0000] {processor.py:743} INFO - Processing file /home/airflow/.local/lib/python3.7/site-packages/airflow/example_dags/example_datasets.py for tasks to queue
[2024-09-09T01:41:00.712+0000] {logging_mixin.py:137} INFO - [2024-09-09T01:41:00.712+0000] {dagbag.py:538} INFO - Filling up the DagBag from /home/airflow/.local/lib/python3.7/site-packages/airflow/example_dags/example_datasets.py
[2024-09-09T01:41:00.725+0000] {processor.py:753} INFO - DAG(s) dict_keys(['dataset_consumes_unknown_never_scheduled', 'dataset_consumes_1_and_2', 'dataset_consumes_1', 'dataset_produces_2', 'dataset_consumes_1_never_scheduled', 'dataset_produces_1']) retrieved from /home/airflow/.local/lib/python3.7/site-packages/airflow/example_dags/example_datasets.py
[2024-09-09T01:41:00.770+0000] {logging_mixin.py:137} INFO - [2024-09-09T01:41:00.770+0000] {dag.py:2676} INFO - Sync 6 DAGs
[2024-09-09T01:41:00.792+0000] {logging_mixin.py:137} INFO - [2024-09-09T01:41:00.792+0000] {dag.py:3427} INFO - Setting next_dagrun for dataset_consumes_1 to None, run_after=None
[2024-09-09T01:41:00.795+0000] {logging_mixin.py:137} INFO - [2024-09-09T01:41:00.795+0000] {dag.py:3427} INFO - Setting next_dagrun for dataset_consumes_1_and_2 to None, run_after=None
[2024-09-09T01:41:00.796+0000] {logging_mixin.py:137} INFO - [2024-09-09T01:41:00.796+0000] {dag.py:3427} INFO - Setting next_dagrun for dataset_consumes_1_never_scheduled to None, run_after=None
[2024-09-09T01:41:00.797+0000] {logging_mixin.py:137} INFO - [2024-09-09T01:41:00.797+0000] {dag.py:3427} INFO - Setting next_dagrun for dataset_consumes_unknown_never_scheduled to None, run_after=None
[2024-09-09T01:41:00.800+0000] {logging_mixin.py:137} INFO - [2024-09-09T01:41:00.799+0000] {dag.py:3427} INFO - Setting next_dagrun for dataset_produces_1 to 2024-09-08T00:00:00+00:00, run_after=2024-09-09T00:00:00+00:00
[2024-09-09T01:41:00.800+0000] {logging_mixin.py:137} INFO - [2024-09-09T01:41:00.800+0000] {dag.py:3427} INFO - Setting next_dagrun for dataset_produces_2 to None, run_after=None
[2024-09-09T01:41:00.832+0000] {processor.py:175} INFO - Processing /home/airflow/.local/lib/python3.7/site-packages/airflow/example_dags/example_datasets.py took 0.124 seconds
[2024-09-09T01:41:31.275+0000] {processor.py:153} INFO - Started process (PID=644) to work on /home/airflow/.local/lib/python3.7/site-packages/airflow/example_dags/example_datasets.py
[2024-09-09T01:41:31.276+0000] {processor.py:743} INFO - Processing file /home/airflow/.local/lib/python3.7/site-packages/airflow/example_dags/example_datasets.py for tasks to queue
[2024-09-09T01:41:31.276+0000] {logging_mixin.py:137} INFO - [2024-09-09T01:41:31.276+0000] {dagbag.py:538} INFO - Filling up the DagBag from /home/airflow/.local/lib/python3.7/site-packages/airflow/example_dags/example_datasets.py
[2024-09-09T01:41:31.291+0000] {processor.py:753} INFO - DAG(s) dict_keys(['dataset_consumes_unknown_never_scheduled', 'dataset_consumes_1_never_scheduled', 'dataset_produces_1', 'dataset_consumes_1_and_2', 'dataset_consumes_1', 'dataset_produces_2']) retrieved from /home/airflow/.local/lib/python3.7/site-packages/airflow/example_dags/example_datasets.py
[2024-09-09T01:41:31.341+0000] {logging_mixin.py:137} INFO - [2024-09-09T01:41:31.341+0000] {dag.py:2676} INFO - Sync 6 DAGs
[2024-09-09T01:41:31.367+0000] {logging_mixin.py:137} INFO - [2024-09-09T01:41:31.367+0000] {dag.py:3427} INFO - Setting next_dagrun for dataset_consumes_1 to None, run_after=None
[2024-09-09T01:41:31.370+0000] {logging_mixin.py:137} INFO - [2024-09-09T01:41:31.370+0000] {dag.py:3427} INFO - Setting next_dagrun for dataset_consumes_1_and_2 to None, run_after=None
[2024-09-09T01:41:31.371+0000] {logging_mixin.py:137} INFO - [2024-09-09T01:41:31.371+0000] {dag.py:3427} INFO - Setting next_dagrun for dataset_consumes_1_never_scheduled to None, run_after=None
[2024-09-09T01:41:31.372+0000] {logging_mixin.py:137} INFO - [2024-09-09T01:41:31.372+0000] {dag.py:3427} INFO - Setting next_dagrun for dataset_consumes_unknown_never_scheduled to None, run_after=None
[2024-09-09T01:41:31.375+0000] {logging_mixin.py:137} INFO - [2024-09-09T01:41:31.375+0000] {dag.py:3427} INFO - Setting next_dagrun for dataset_produces_1 to 2024-09-08T00:00:00+00:00, run_after=2024-09-09T00:00:00+00:00
[2024-09-09T01:41:31.376+0000] {logging_mixin.py:137} INFO - [2024-09-09T01:41:31.376+0000] {dag.py:3427} INFO - Setting next_dagrun for dataset_produces_2 to None, run_after=None
[2024-09-09T01:41:31.412+0000] {processor.py:175} INFO - Processing /home/airflow/.local/lib/python3.7/site-packages/airflow/example_dags/example_datasets.py took 0.140 seconds
[2024-09-09T01:42:01.919+0000] {processor.py:153} INFO - Started process (PID=768) to work on /home/airflow/.local/lib/python3.7/site-packages/airflow/example_dags/example_datasets.py
[2024-09-09T01:42:01.920+0000] {processor.py:743} INFO - Processing file /home/airflow/.local/lib/python3.7/site-packages/airflow/example_dags/example_datasets.py for tasks to queue
[2024-09-09T01:42:01.920+0000] {logging_mixin.py:137} INFO - [2024-09-09T01:42:01.920+0000] {dagbag.py:538} INFO - Filling up the DagBag from /home/airflow/.local/lib/python3.7/site-packages/airflow/example_dags/example_datasets.py
[2024-09-09T01:42:01.933+0000] {processor.py:753} INFO - DAG(s) dict_keys(['dataset_produces_1', 'dataset_consumes_1', 'dataset_consumes_1_and_2', 'dataset_produces_2', 'dataset_consumes_1_never_scheduled', 'dataset_consumes_unknown_never_scheduled']) retrieved from /home/airflow/.local/lib/python3.7/site-packages/airflow/example_dags/example_datasets.py
[2024-09-09T01:42:01.978+0000] {logging_mixin.py:137} INFO - [2024-09-09T01:42:01.978+0000] {dag.py:2676} INFO - Sync 6 DAGs
[2024-09-09T01:42:01.999+0000] {logging_mixin.py:137} INFO - [2024-09-09T01:42:01.999+0000] {dag.py:3427} INFO - Setting next_dagrun for dataset_consumes_1 to None, run_after=None
[2024-09-09T01:42:02.002+0000] {logging_mixin.py:137} INFO - [2024-09-09T01:42:02.002+0000] {dag.py:3427} INFO - Setting next_dagrun for dataset_consumes_1_and_2 to None, run_after=None
[2024-09-09T01:42:02.002+0000] {logging_mixin.py:137} INFO - [2024-09-09T01:42:02.002+0000] {dag.py:3427} INFO - Setting next_dagrun for dataset_consumes_1_never_scheduled to None, run_after=None
[2024-09-09T01:42:02.003+0000] {logging_mixin.py:137} INFO - [2024-09-09T01:42:02.003+0000] {dag.py:3427} INFO - Setting next_dagrun for dataset_consumes_unknown_never_scheduled to None, run_after=None
[2024-09-09T01:42:02.005+0000] {logging_mixin.py:137} INFO - [2024-09-09T01:42:02.005+0000] {dag.py:3427} INFO - Setting next_dagrun for dataset_produces_1 to 2024-09-08T00:00:00+00:00, run_after=2024-09-09T00:00:00+00:00
[2024-09-09T01:42:02.006+0000] {logging_mixin.py:137} INFO - [2024-09-09T01:42:02.006+0000] {dag.py:3427} INFO - Setting next_dagrun for dataset_produces_2 to None, run_after=None
[2024-09-09T01:42:02.036+0000] {processor.py:175} INFO - Processing /home/airflow/.local/lib/python3.7/site-packages/airflow/example_dags/example_datasets.py took 0.120 seconds
[2024-09-09T01:42:32.087+0000] {processor.py:153} INFO - Started process (PID=864) to work on /home/airflow/.local/lib/python3.7/site-packages/airflow/example_dags/example_datasets.py
[2024-09-09T01:42:32.088+0000] {processor.py:743} INFO - Processing file /home/airflow/.local/lib/python3.7/site-packages/airflow/example_dags/example_datasets.py for tasks to queue
[2024-09-09T01:42:32.089+0000] {logging_mixin.py:137} INFO - [2024-09-09T01:42:32.089+0000] {dagbag.py:538} INFO - Filling up the DagBag from /home/airflow/.local/lib/python3.7/site-packages/airflow/example_dags/example_datasets.py
[2024-09-09T01:42:32.104+0000] {processor.py:753} INFO - DAG(s) dict_keys(['dataset_consumes_1_never_scheduled', 'dataset_consumes_unknown_never_scheduled', 'dataset_consumes_1_and_2', 'dataset_produces_1', 'dataset_produces_2', 'dataset_consumes_1']) retrieved from /home/airflow/.local/lib/python3.7/site-packages/airflow/example_dags/example_datasets.py
[2024-09-09T01:42:32.156+0000] {logging_mixin.py:137} INFO - [2024-09-09T01:42:32.156+0000] {dag.py:2676} INFO - Sync 6 DAGs
[2024-09-09T01:42:32.181+0000] {logging_mixin.py:137} INFO - [2024-09-09T01:42:32.180+0000] {dag.py:3427} INFO - Setting next_dagrun for dataset_consumes_1 to None, run_after=None
[2024-09-09T01:42:32.184+0000] {logging_mixin.py:137} INFO - [2024-09-09T01:42:32.184+0000] {dag.py:3427} INFO - Setting next_dagrun for dataset_consumes_1_and_2 to None, run_after=None
[2024-09-09T01:42:32.186+0000] {logging_mixin.py:137} INFO - [2024-09-09T01:42:32.186+0000] {dag.py:3427} INFO - Setting next_dagrun for dataset_consumes_1_never_scheduled to None, run_after=None
[2024-09-09T01:42:32.187+0000] {logging_mixin.py:137} INFO - [2024-09-09T01:42:32.187+0000] {dag.py:3427} INFO - Setting next_dagrun for dataset_consumes_unknown_never_scheduled to None, run_after=None
[2024-09-09T01:42:32.191+0000] {logging_mixin.py:137} INFO - [2024-09-09T01:42:32.191+0000] {dag.py:3427} INFO - Setting next_dagrun for dataset_produces_1 to 2024-09-08T00:00:00+00:00, run_after=2024-09-09T00:00:00+00:00
[2024-09-09T01:42:32.192+0000] {logging_mixin.py:137} INFO - [2024-09-09T01:42:32.192+0000] {dag.py:3427} INFO - Setting next_dagrun for dataset_produces_2 to None, run_after=None
[2024-09-09T01:42:32.231+0000] {processor.py:175} INFO - Processing /home/airflow/.local/lib/python3.7/site-packages/airflow/example_dags/example_datasets.py took 0.147 seconds
[2024-09-09T01:43:02.782+0000] {processor.py:153} INFO - Started process (PID=988) to work on /home/airflow/.local/lib/python3.7/site-packages/airflow/example_dags/example_datasets.py
[2024-09-09T01:43:02.783+0000] {processor.py:743} INFO - Processing file /home/airflow/.local/lib/python3.7/site-packages/airflow/example_dags/example_datasets.py for tasks to queue
[2024-09-09T01:43:02.783+0000] {logging_mixin.py:137} INFO - [2024-09-09T01:43:02.783+0000] {dagbag.py:538} INFO - Filling up the DagBag from /home/airflow/.local/lib/python3.7/site-packages/airflow/example_dags/example_datasets.py
[2024-09-09T01:43:02.805+0000] {processor.py:753} INFO - DAG(s) dict_keys(['dataset_consumes_1', 'dataset_consumes_1_never_scheduled', 'dataset_consumes_unknown_never_scheduled', 'dataset_produces_2', 'dataset_produces_1', 'dataset_consumes_1_and_2']) retrieved from /home/airflow/.local/lib/python3.7/site-packages/airflow/example_dags/example_datasets.py
[2024-09-09T01:43:02.893+0000] {logging_mixin.py:137} INFO - [2024-09-09T01:43:02.892+0000] {dag.py:2676} INFO - Sync 6 DAGs
[2024-09-09T01:43:02.925+0000] {logging_mixin.py:137} INFO - [2024-09-09T01:43:02.925+0000] {dag.py:3427} INFO - Setting next_dagrun for dataset_consumes_1 to None, run_after=None
[2024-09-09T01:43:02.929+0000] {logging_mixin.py:137} INFO - [2024-09-09T01:43:02.929+0000] {dag.py:3427} INFO - Setting next_dagrun for dataset_consumes_1_and_2 to None, run_after=None
[2024-09-09T01:43:02.930+0000] {logging_mixin.py:137} INFO - [2024-09-09T01:43:02.930+0000] {dag.py:3427} INFO - Setting next_dagrun for dataset_consumes_1_never_scheduled to None, run_after=None
[2024-09-09T01:43:02.931+0000] {logging_mixin.py:137} INFO - [2024-09-09T01:43:02.931+0000] {dag.py:3427} INFO - Setting next_dagrun for dataset_consumes_unknown_never_scheduled to None, run_after=None
[2024-09-09T01:43:02.933+0000] {logging_mixin.py:137} INFO - [2024-09-09T01:43:02.933+0000] {dag.py:3427} INFO - Setting next_dagrun for dataset_produces_1 to 2024-09-08T00:00:00+00:00, run_after=2024-09-09T00:00:00+00:00
[2024-09-09T01:43:02.934+0000] {logging_mixin.py:137} INFO - [2024-09-09T01:43:02.934+0000] {dag.py:3427} INFO - Setting next_dagrun for dataset_produces_2 to None, run_after=None
[2024-09-09T01:43:02.966+0000] {processor.py:175} INFO - Processing /home/airflow/.local/lib/python3.7/site-packages/airflow/example_dags/example_datasets.py took 0.187 seconds
[2024-09-09T01:43:33.590+0000] {processor.py:153} INFO - Started process (PID=1084) to work on /home/airflow/.local/lib/python3.7/site-packages/airflow/example_dags/example_datasets.py
[2024-09-09T01:43:33.591+0000] {processor.py:743} INFO - Processing file /home/airflow/.local/lib/python3.7/site-packages/airflow/example_dags/example_datasets.py for tasks to queue
[2024-09-09T01:43:33.591+0000] {logging_mixin.py:137} INFO - [2024-09-09T01:43:33.591+0000] {dagbag.py:538} INFO - Filling up the DagBag from /home/airflow/.local/lib/python3.7/site-packages/airflow/example_dags/example_datasets.py
[2024-09-09T01:43:33.605+0000] {processor.py:753} INFO - DAG(s) dict_keys(['dataset_produces_2', 'dataset_produces_1', 'dataset_consumes_unknown_never_scheduled', 'dataset_consumes_1_and_2', 'dataset_consumes_1_never_scheduled', 'dataset_consumes_1']) retrieved from /home/airflow/.local/lib/python3.7/site-packages/airflow/example_dags/example_datasets.py
[2024-09-09T01:43:33.649+0000] {logging_mixin.py:137} INFO - [2024-09-09T01:43:33.649+0000] {dag.py:2676} INFO - Sync 6 DAGs
[2024-09-09T01:43:33.678+0000] {logging_mixin.py:137} INFO - [2024-09-09T01:43:33.678+0000] {dag.py:3427} INFO - Setting next_dagrun for dataset_consumes_1 to None, run_after=None
[2024-09-09T01:43:33.681+0000] {logging_mixin.py:137} INFO - [2024-09-09T01:43:33.681+0000] {dag.py:3427} INFO - Setting next_dagrun for dataset_consumes_1_and_2 to None, run_after=None
[2024-09-09T01:43:33.683+0000] {logging_mixin.py:137} INFO - [2024-09-09T01:43:33.682+0000] {dag.py:3427} INFO - Setting next_dagrun for dataset_consumes_1_never_scheduled to None, run_after=None
[2024-09-09T01:43:33.683+0000] {logging_mixin.py:137} INFO - [2024-09-09T01:43:33.683+0000] {dag.py:3427} INFO - Setting next_dagrun for dataset_consumes_unknown_never_scheduled to None, run_after=None
[2024-09-09T01:43:33.686+0000] {logging_mixin.py:137} INFO - [2024-09-09T01:43:33.686+0000] {dag.py:3427} INFO - Setting next_dagrun for dataset_produces_1 to 2024-09-08T00:00:00+00:00, run_after=2024-09-09T00:00:00+00:00
[2024-09-09T01:43:33.687+0000] {logging_mixin.py:137} INFO - [2024-09-09T01:43:33.687+0000] {dag.py:3427} INFO - Setting next_dagrun for dataset_produces_2 to None, run_after=None
[2024-09-09T01:43:33.725+0000] {processor.py:175} INFO - Processing /home/airflow/.local/lib/python3.7/site-packages/airflow/example_dags/example_datasets.py took 0.137 seconds
[2024-09-09T01:44:04.002+0000] {processor.py:153} INFO - Started process (PID=1208) to work on /home/airflow/.local/lib/python3.7/site-packages/airflow/example_dags/example_datasets.py
[2024-09-09T01:44:04.003+0000] {processor.py:743} INFO - Processing file /home/airflow/.local/lib/python3.7/site-packages/airflow/example_dags/example_datasets.py for tasks to queue
[2024-09-09T01:44:04.003+0000] {logging_mixin.py:137} INFO - [2024-09-09T01:44:04.003+0000] {dagbag.py:538} INFO - Filling up the DagBag from /home/airflow/.local/lib/python3.7/site-packages/airflow/example_dags/example_datasets.py
[2024-09-09T01:44:04.016+0000] {processor.py:753} INFO - DAG(s) dict_keys(['dataset_produces_2', 'dataset_consumes_unknown_never_scheduled', 'dataset_consumes_1_never_scheduled', 'dataset_produces_1', 'dataset_consumes_1_and_2', 'dataset_consumes_1']) retrieved from /home/airflow/.local/lib/python3.7/site-packages/airflow/example_dags/example_datasets.py
[2024-09-09T01:44:04.057+0000] {logging_mixin.py:137} INFO - [2024-09-09T01:44:04.057+0000] {dag.py:2676} INFO - Sync 6 DAGs
[2024-09-09T01:44:04.077+0000] {logging_mixin.py:137} INFO - [2024-09-09T01:44:04.077+0000] {dag.py:3427} INFO - Setting next_dagrun for dataset_consumes_1 to None, run_after=None
[2024-09-09T01:44:04.080+0000] {logging_mixin.py:137} INFO - [2024-09-09T01:44:04.080+0000] {dag.py:3427} INFO - Setting next_dagrun for dataset_consumes_1_and_2 to None, run_after=None
[2024-09-09T01:44:04.081+0000] {logging_mixin.py:137} INFO - [2024-09-09T01:44:04.081+0000] {dag.py:3427} INFO - Setting next_dagrun for dataset_consumes_1_never_scheduled to None, run_after=None
[2024-09-09T01:44:04.082+0000] {logging_mixin.py:137} INFO - [2024-09-09T01:44:04.082+0000] {dag.py:3427} INFO - Setting next_dagrun for dataset_consumes_unknown_never_scheduled to None, run_after=None
[2024-09-09T01:44:04.084+0000] {logging_mixin.py:137} INFO - [2024-09-09T01:44:04.084+0000] {dag.py:3427} INFO - Setting next_dagrun for dataset_produces_1 to 2024-09-08T00:00:00+00:00, run_after=2024-09-09T00:00:00+00:00
[2024-09-09T01:44:04.085+0000] {logging_mixin.py:137} INFO - [2024-09-09T01:44:04.085+0000] {dag.py:3427} INFO - Setting next_dagrun for dataset_produces_2 to None, run_after=None
[2024-09-09T01:44:04.111+0000] {processor.py:175} INFO - Processing /home/airflow/.local/lib/python3.7/site-packages/airflow/example_dags/example_datasets.py took 0.112 seconds
[2024-09-09T01:44:34.526+0000] {processor.py:153} INFO - Started process (PID=1332) to work on /home/airflow/.local/lib/python3.7/site-packages/airflow/example_dags/example_datasets.py
[2024-09-09T01:44:34.527+0000] {processor.py:743} INFO - Processing file /home/airflow/.local/lib/python3.7/site-packages/airflow/example_dags/example_datasets.py for tasks to queue
[2024-09-09T01:44:34.528+0000] {logging_mixin.py:137} INFO - [2024-09-09T01:44:34.528+0000] {dagbag.py:538} INFO - Filling up the DagBag from /home/airflow/.local/lib/python3.7/site-packages/airflow/example_dags/example_datasets.py
[2024-09-09T01:44:34.545+0000] {processor.py:753} INFO - DAG(s) dict_keys(['dataset_produces_1', 'dataset_consumes_unknown_never_scheduled', 'dataset_consumes_1', 'dataset_produces_2', 'dataset_consumes_1_and_2', 'dataset_consumes_1_never_scheduled']) retrieved from /home/airflow/.local/lib/python3.7/site-packages/airflow/example_dags/example_datasets.py
[2024-09-09T01:44:34.600+0000] {logging_mixin.py:137} INFO - [2024-09-09T01:44:34.600+0000] {dag.py:2676} INFO - Sync 6 DAGs
[2024-09-09T01:44:34.632+0000] {logging_mixin.py:137} INFO - [2024-09-09T01:44:34.631+0000] {dag.py:3427} INFO - Setting next_dagrun for dataset_consumes_1 to None, run_after=None
[2024-09-09T01:44:34.635+0000] {logging_mixin.py:137} INFO - [2024-09-09T01:44:34.635+0000] {dag.py:3427} INFO - Setting next_dagrun for dataset_consumes_1_and_2 to None, run_after=None
[2024-09-09T01:44:34.637+0000] {logging_mixin.py:137} INFO - [2024-09-09T01:44:34.637+0000] {dag.py:3427} INFO - Setting next_dagrun for dataset_consumes_1_never_scheduled to None, run_after=None
[2024-09-09T01:44:34.638+0000] {logging_mixin.py:137} INFO - [2024-09-09T01:44:34.638+0000] {dag.py:3427} INFO - Setting next_dagrun for dataset_consumes_unknown_never_scheduled to None, run_after=None
[2024-09-09T01:44:34.640+0000] {logging_mixin.py:137} INFO - [2024-09-09T01:44:34.640+0000] {dag.py:3427} INFO - Setting next_dagrun for dataset_produces_1 to 2024-09-08T00:00:00+00:00, run_after=2024-09-09T00:00:00+00:00
[2024-09-09T01:44:34.641+0000] {logging_mixin.py:137} INFO - [2024-09-09T01:44:34.641+0000] {dag.py:3427} INFO - Setting next_dagrun for dataset_produces_2 to None, run_after=None
[2024-09-09T01:44:34.679+0000] {processor.py:175} INFO - Processing /home/airflow/.local/lib/python3.7/site-packages/airflow/example_dags/example_datasets.py took 0.157 seconds
[2024-09-09T01:45:04.734+0000] {processor.py:153} INFO - Started process (PID=1428) to work on /home/airflow/.local/lib/python3.7/site-packages/airflow/example_dags/example_datasets.py
[2024-09-09T01:45:04.735+0000] {processor.py:743} INFO - Processing file /home/airflow/.local/lib/python3.7/site-packages/airflow/example_dags/example_datasets.py for tasks to queue
[2024-09-09T01:45:04.735+0000] {logging_mixin.py:137} INFO - [2024-09-09T01:45:04.735+0000] {dagbag.py:538} INFO - Filling up the DagBag from /home/airflow/.local/lib/python3.7/site-packages/airflow/example_dags/example_datasets.py
[2024-09-09T01:45:04.746+0000] {processor.py:753} INFO - DAG(s) dict_keys(['dataset_consumes_1_and_2', 'dataset_consumes_1', 'dataset_consumes_unknown_never_scheduled', 'dataset_produces_2', 'dataset_produces_1', 'dataset_consumes_1_never_scheduled']) retrieved from /home/airflow/.local/lib/python3.7/site-packages/airflow/example_dags/example_datasets.py
[2024-09-09T01:45:04.784+0000] {logging_mixin.py:137} INFO - [2024-09-09T01:45:04.784+0000] {dag.py:2676} INFO - Sync 6 DAGs
[2024-09-09T01:45:04.802+0000] {logging_mixin.py:137} INFO - [2024-09-09T01:45:04.802+0000] {dag.py:3427} INFO - Setting next_dagrun for dataset_consumes_1 to None, run_after=None
[2024-09-09T01:45:04.805+0000] {logging_mixin.py:137} INFO - [2024-09-09T01:45:04.805+0000] {dag.py:3427} INFO - Setting next_dagrun for dataset_consumes_1_and_2 to None, run_after=None
[2024-09-09T01:45:04.805+0000] {logging_mixin.py:137} INFO - [2024-09-09T01:45:04.805+0000] {dag.py:3427} INFO - Setting next_dagrun for dataset_consumes_1_never_scheduled to None, run_after=None
[2024-09-09T01:45:04.806+0000] {logging_mixin.py:137} INFO - [2024-09-09T01:45:04.806+0000] {dag.py:3427} INFO - Setting next_dagrun for dataset_consumes_unknown_never_scheduled to None, run_after=None
[2024-09-09T01:45:04.808+0000] {logging_mixin.py:137} INFO - [2024-09-09T01:45:04.808+0000] {dag.py:3427} INFO - Setting next_dagrun for dataset_produces_1 to 2024-09-08T00:00:00+00:00, run_after=2024-09-09T00:00:00+00:00
[2024-09-09T01:45:04.808+0000] {logging_mixin.py:137} INFO - [2024-09-09T01:45:04.808+0000] {dag.py:3427} INFO - Setting next_dagrun for dataset_produces_2 to None, run_after=None
[2024-09-09T01:45:04.834+0000] {processor.py:175} INFO - Processing /home/airflow/.local/lib/python3.7/site-packages/airflow/example_dags/example_datasets.py took 0.102 seconds
[2024-09-09T01:45:34.985+0000] {processor.py:153} INFO - Started process (PID=1553) to work on /home/airflow/.local/lib/python3.7/site-packages/airflow/example_dags/example_datasets.py
[2024-09-09T01:45:34.986+0000] {processor.py:743} INFO - Processing file /home/airflow/.local/lib/python3.7/site-packages/airflow/example_dags/example_datasets.py for tasks to queue
[2024-09-09T01:45:34.986+0000] {logging_mixin.py:137} INFO - [2024-09-09T01:45:34.986+0000] {dagbag.py:538} INFO - Filling up the DagBag from /home/airflow/.local/lib/python3.7/site-packages/airflow/example_dags/example_datasets.py
[2024-09-09T01:45:34.999+0000] {processor.py:753} INFO - DAG(s) dict_keys(['dataset_consumes_unknown_never_scheduled', 'dataset_consumes_1', 'dataset_produces_1', 'dataset_produces_2', 'dataset_consumes_1_and_2', 'dataset_consumes_1_never_scheduled']) retrieved from /home/airflow/.local/lib/python3.7/site-packages/airflow/example_dags/example_datasets.py
[2024-09-09T01:45:35.038+0000] {logging_mixin.py:137} INFO - [2024-09-09T01:45:35.037+0000] {dag.py:2676} INFO - Sync 6 DAGs
[2024-09-09T01:45:35.058+0000] {logging_mixin.py:137} INFO - [2024-09-09T01:45:35.058+0000] {dag.py:3427} INFO - Setting next_dagrun for dataset_consumes_1 to None, run_after=None
[2024-09-09T01:45:35.060+0000] {logging_mixin.py:137} INFO - [2024-09-09T01:45:35.060+0000] {dag.py:3427} INFO - Setting next_dagrun for dataset_consumes_1_and_2 to None, run_after=None
[2024-09-09T01:45:35.061+0000] {logging_mixin.py:137} INFO - [2024-09-09T01:45:35.061+0000] {dag.py:3427} INFO - Setting next_dagrun for dataset_consumes_1_never_scheduled to None, run_after=None
[2024-09-09T01:45:35.062+0000] {logging_mixin.py:137} INFO - [2024-09-09T01:45:35.062+0000] {dag.py:3427} INFO - Setting next_dagrun for dataset_consumes_unknown_never_scheduled to None, run_after=None
[2024-09-09T01:45:35.064+0000] {logging_mixin.py:137} INFO - [2024-09-09T01:45:35.064+0000] {dag.py:3427} INFO - Setting next_dagrun for dataset_produces_1 to 2024-09-08T00:00:00+00:00, run_after=2024-09-09T00:00:00+00:00
[2024-09-09T01:45:35.065+0000] {logging_mixin.py:137} INFO - [2024-09-09T01:45:35.065+0000] {dag.py:3427} INFO - Setting next_dagrun for dataset_produces_2 to None, run_after=None
[2024-09-09T01:45:35.093+0000] {processor.py:175} INFO - Processing /home/airflow/.local/lib/python3.7/site-packages/airflow/example_dags/example_datasets.py took 0.110 seconds
[2024-09-09T01:46:05.342+0000] {processor.py:153} INFO - Started process (PID=1649) to work on /home/airflow/.local/lib/python3.7/site-packages/airflow/example_dags/example_datasets.py
[2024-09-09T01:46:05.343+0000] {processor.py:743} INFO - Processing file /home/airflow/.local/lib/python3.7/site-packages/airflow/example_dags/example_datasets.py for tasks to queue
[2024-09-09T01:46:05.344+0000] {logging_mixin.py:137} INFO - [2024-09-09T01:46:05.344+0000] {dagbag.py:538} INFO - Filling up the DagBag from /home/airflow/.local/lib/python3.7/site-packages/airflow/example_dags/example_datasets.py
[2024-09-09T01:46:05.355+0000] {processor.py:753} INFO - DAG(s) dict_keys(['dataset_consumes_1_and_2', 'dataset_consumes_1_never_scheduled', 'dataset_consumes_1', 'dataset_produces_2', 'dataset_consumes_unknown_never_scheduled', 'dataset_produces_1']) retrieved from /home/airflow/.local/lib/python3.7/site-packages/airflow/example_dags/example_datasets.py
[2024-09-09T01:46:05.397+0000] {logging_mixin.py:137} INFO - [2024-09-09T01:46:05.397+0000] {dag.py:2676} INFO - Sync 6 DAGs
[2024-09-09T01:46:05.417+0000] {logging_mixin.py:137} INFO - [2024-09-09T01:46:05.417+0000] {dag.py:3427} INFO - Setting next_dagrun for dataset_consumes_1 to None, run_after=None
[2024-09-09T01:46:05.420+0000] {logging_mixin.py:137} INFO - [2024-09-09T01:46:05.419+0000] {dag.py:3427} INFO - Setting next_dagrun for dataset_consumes_1_and_2 to None, run_after=None
[2024-09-09T01:46:05.420+0000] {logging_mixin.py:137} INFO - [2024-09-09T01:46:05.420+0000] {dag.py:3427} INFO - Setting next_dagrun for dataset_consumes_1_never_scheduled to None, run_after=None
[2024-09-09T01:46:05.421+0000] {logging_mixin.py:137} INFO - [2024-09-09T01:46:05.421+0000] {dag.py:3427} INFO - Setting next_dagrun for dataset_consumes_unknown_never_scheduled to None, run_after=None
[2024-09-09T01:46:05.423+0000] {logging_mixin.py:137} INFO - [2024-09-09T01:46:05.423+0000] {dag.py:3427} INFO - Setting next_dagrun for dataset_produces_1 to 2024-09-08T00:00:00+00:00, run_after=2024-09-09T00:00:00+00:00
[2024-09-09T01:46:05.424+0000] {logging_mixin.py:137} INFO - [2024-09-09T01:46:05.424+0000] {dag.py:3427} INFO - Setting next_dagrun for dataset_produces_2 to None, run_after=None
[2024-09-09T01:46:05.449+0000] {processor.py:175} INFO - Processing /home/airflow/.local/lib/python3.7/site-packages/airflow/example_dags/example_datasets.py took 0.109 seconds
[2024-09-09T01:46:35.649+0000] {processor.py:153} INFO - Started process (PID=1773) to work on /home/airflow/.local/lib/python3.7/site-packages/airflow/example_dags/example_datasets.py
[2024-09-09T01:46:35.650+0000] {processor.py:743} INFO - Processing file /home/airflow/.local/lib/python3.7/site-packages/airflow/example_dags/example_datasets.py for tasks to queue
[2024-09-09T01:46:35.651+0000] {logging_mixin.py:137} INFO - [2024-09-09T01:46:35.651+0000] {dagbag.py:538} INFO - Filling up the DagBag from /home/airflow/.local/lib/python3.7/site-packages/airflow/example_dags/example_datasets.py
[2024-09-09T01:46:35.664+0000] {processor.py:753} INFO - DAG(s) dict_keys(['dataset_consumes_unknown_never_scheduled', 'dataset_produces_2', 'dataset_consumes_1', 'dataset_consumes_1_never_scheduled', 'dataset_consumes_1_and_2', 'dataset_produces_1']) retrieved from /home/airflow/.local/lib/python3.7/site-packages/airflow/example_dags/example_datasets.py
[2024-09-09T01:46:35.708+0000] {logging_mixin.py:137} INFO - [2024-09-09T01:46:35.708+0000] {dag.py:2676} INFO - Sync 6 DAGs
[2024-09-09T01:46:35.730+0000] {logging_mixin.py:137} INFO - [2024-09-09T01:46:35.729+0000] {dag.py:3427} INFO - Setting next_dagrun for dataset_consumes_1 to None, run_after=None
[2024-09-09T01:46:35.732+0000] {logging_mixin.py:137} INFO - [2024-09-09T01:46:35.732+0000] {dag.py:3427} INFO - Setting next_dagrun for dataset_consumes_1_and_2 to None, run_after=None
[2024-09-09T01:46:35.733+0000] {logging_mixin.py:137} INFO - [2024-09-09T01:46:35.733+0000] {dag.py:3427} INFO - Setting next_dagrun for dataset_consumes_1_never_scheduled to None, run_after=None
[2024-09-09T01:46:35.734+0000] {logging_mixin.py:137} INFO - [2024-09-09T01:46:35.734+0000] {dag.py:3427} INFO - Setting next_dagrun for dataset_consumes_unknown_never_scheduled to None, run_after=None
[2024-09-09T01:46:35.736+0000] {logging_mixin.py:137} INFO - [2024-09-09T01:46:35.736+0000] {dag.py:3427} INFO - Setting next_dagrun for dataset_produces_1 to 2024-09-08T00:00:00+00:00, run_after=2024-09-09T00:00:00+00:00
[2024-09-09T01:46:35.737+0000] {logging_mixin.py:137} INFO - [2024-09-09T01:46:35.737+0000] {dag.py:3427} INFO - Setting next_dagrun for dataset_produces_2 to None, run_after=None
[2024-09-09T01:46:35.768+0000] {processor.py:175} INFO - Processing /home/airflow/.local/lib/python3.7/site-packages/airflow/example_dags/example_datasets.py took 0.121 seconds
[2024-09-09T01:47:06.396+0000] {processor.py:153} INFO - Started process (PID=1878) to work on /home/airflow/.local/lib/python3.7/site-packages/airflow/example_dags/example_datasets.py
[2024-09-09T01:47:06.397+0000] {processor.py:743} INFO - Processing file /home/airflow/.local/lib/python3.7/site-packages/airflow/example_dags/example_datasets.py for tasks to queue
[2024-09-09T01:47:06.398+0000] {logging_mixin.py:137} INFO - [2024-09-09T01:47:06.398+0000] {dagbag.py:538} INFO - Filling up the DagBag from /home/airflow/.local/lib/python3.7/site-packages/airflow/example_dags/example_datasets.py
[2024-09-09T01:47:06.413+0000] {processor.py:753} INFO - DAG(s) dict_keys(['dataset_produces_2', 'dataset_consumes_1_and_2', 'dataset_produces_1', 'dataset_consumes_1', 'dataset_consumes_unknown_never_scheduled', 'dataset_consumes_1_never_scheduled']) retrieved from /home/airflow/.local/lib/python3.7/site-packages/airflow/example_dags/example_datasets.py
[2024-09-09T01:47:06.474+0000] {logging_mixin.py:137} INFO - [2024-09-09T01:47:06.474+0000] {dag.py:2676} INFO - Sync 6 DAGs
[2024-09-09T01:47:06.502+0000] {logging_mixin.py:137} INFO - [2024-09-09T01:47:06.501+0000] {dag.py:3427} INFO - Setting next_dagrun for dataset_consumes_1 to None, run_after=None
[2024-09-09T01:47:06.505+0000] {logging_mixin.py:137} INFO - [2024-09-09T01:47:06.504+0000] {dag.py:3427} INFO - Setting next_dagrun for dataset_consumes_1_and_2 to None, run_after=None
[2024-09-09T01:47:06.506+0000] {logging_mixin.py:137} INFO - [2024-09-09T01:47:06.506+0000] {dag.py:3427} INFO - Setting next_dagrun for dataset_consumes_1_never_scheduled to None, run_after=None
[2024-09-09T01:47:06.507+0000] {logging_mixin.py:137} INFO - [2024-09-09T01:47:06.506+0000] {dag.py:3427} INFO - Setting next_dagrun for dataset_consumes_unknown_never_scheduled to None, run_after=None
[2024-09-09T01:47:06.509+0000] {logging_mixin.py:137} INFO - [2024-09-09T01:47:06.509+0000] {dag.py:3427} INFO - Setting next_dagrun for dataset_produces_1 to 2024-09-08T00:00:00+00:00, run_after=2024-09-09T00:00:00+00:00
[2024-09-09T01:47:06.510+0000] {logging_mixin.py:137} INFO - [2024-09-09T01:47:06.509+0000] {dag.py:3427} INFO - Setting next_dagrun for dataset_produces_2 to None, run_after=None
[2024-09-09T01:47:06.542+0000] {processor.py:175} INFO - Processing /home/airflow/.local/lib/python3.7/site-packages/airflow/example_dags/example_datasets.py took 0.151 seconds
[2024-09-09T01:47:36.889+0000] {processor.py:153} INFO - Started process (PID=1993) to work on /home/airflow/.local/lib/python3.7/site-packages/airflow/example_dags/example_datasets.py
[2024-09-09T01:47:36.890+0000] {processor.py:743} INFO - Processing file /home/airflow/.local/lib/python3.7/site-packages/airflow/example_dags/example_datasets.py for tasks to queue
[2024-09-09T01:47:36.891+0000] {logging_mixin.py:137} INFO - [2024-09-09T01:47:36.890+0000] {dagbag.py:538} INFO - Filling up the DagBag from /home/airflow/.local/lib/python3.7/site-packages/airflow/example_dags/example_datasets.py
[2024-09-09T01:47:36.904+0000] {processor.py:753} INFO - DAG(s) dict_keys(['dataset_consumes_1_and_2', 'dataset_produces_1', 'dataset_consumes_unknown_never_scheduled', 'dataset_produces_2', 'dataset_consumes_1', 'dataset_consumes_1_never_scheduled']) retrieved from /home/airflow/.local/lib/python3.7/site-packages/airflow/example_dags/example_datasets.py
[2024-09-09T01:47:36.946+0000] {logging_mixin.py:137} INFO - [2024-09-09T01:47:36.946+0000] {dag.py:2676} INFO - Sync 6 DAGs
[2024-09-09T01:47:36.966+0000] {logging_mixin.py:137} INFO - [2024-09-09T01:47:36.966+0000] {dag.py:3427} INFO - Setting next_dagrun for dataset_consumes_1 to None, run_after=None
[2024-09-09T01:47:36.969+0000] {logging_mixin.py:137} INFO - [2024-09-09T01:47:36.969+0000] {dag.py:3427} INFO - Setting next_dagrun for dataset_consumes_1_and_2 to None, run_after=None
[2024-09-09T01:47:36.971+0000] {logging_mixin.py:137} INFO - [2024-09-09T01:47:36.970+0000] {dag.py:3427} INFO - Setting next_dagrun for dataset_consumes_1_never_scheduled to None, run_after=None
[2024-09-09T01:47:36.972+0000] {logging_mixin.py:137} INFO - [2024-09-09T01:47:36.971+0000] {dag.py:3427} INFO - Setting next_dagrun for dataset_consumes_unknown_never_scheduled to None, run_after=None
[2024-09-09T01:47:36.974+0000] {logging_mixin.py:137} INFO - [2024-09-09T01:47:36.974+0000] {dag.py:3427} INFO - Setting next_dagrun for dataset_produces_1 to 2024-09-08T00:00:00+00:00, run_after=2024-09-09T00:00:00+00:00
[2024-09-09T01:47:36.974+0000] {logging_mixin.py:137} INFO - [2024-09-09T01:47:36.974+0000] {dag.py:3427} INFO - Setting next_dagrun for dataset_produces_2 to None, run_after=None
[2024-09-09T01:47:37.006+0000] {processor.py:175} INFO - Processing /home/airflow/.local/lib/python3.7/site-packages/airflow/example_dags/example_datasets.py took 0.120 seconds
[2024-09-09T01:48:07.242+0000] {processor.py:153} INFO - Started process (PID=2117) to work on /home/airflow/.local/lib/python3.7/site-packages/airflow/example_dags/example_datasets.py
[2024-09-09T01:48:07.243+0000] {processor.py:743} INFO - Processing file /home/airflow/.local/lib/python3.7/site-packages/airflow/example_dags/example_datasets.py for tasks to queue
[2024-09-09T01:48:07.243+0000] {logging_mixin.py:137} INFO - [2024-09-09T01:48:07.243+0000] {dagbag.py:538} INFO - Filling up the DagBag from /home/airflow/.local/lib/python3.7/site-packages/airflow/example_dags/example_datasets.py
[2024-09-09T01:48:07.256+0000] {processor.py:753} INFO - DAG(s) dict_keys(['dataset_consumes_unknown_never_scheduled', 'dataset_consumes_1_and_2', 'dataset_consumes_1', 'dataset_consumes_1_never_scheduled', 'dataset_produces_1', 'dataset_produces_2']) retrieved from /home/airflow/.local/lib/python3.7/site-packages/airflow/example_dags/example_datasets.py
[2024-09-09T01:48:07.295+0000] {logging_mixin.py:137} INFO - [2024-09-09T01:48:07.295+0000] {dag.py:2676} INFO - Sync 6 DAGs
[2024-09-09T01:48:07.314+0000] {logging_mixin.py:137} INFO - [2024-09-09T01:48:07.314+0000] {dag.py:3427} INFO - Setting next_dagrun for dataset_consumes_1 to None, run_after=None
[2024-09-09T01:48:07.316+0000] {logging_mixin.py:137} INFO - [2024-09-09T01:48:07.316+0000] {dag.py:3427} INFO - Setting next_dagrun for dataset_consumes_1_and_2 to None, run_after=None
[2024-09-09T01:48:07.317+0000] {logging_mixin.py:137} INFO - [2024-09-09T01:48:07.317+0000] {dag.py:3427} INFO - Setting next_dagrun for dataset_consumes_1_never_scheduled to None, run_after=None
[2024-09-09T01:48:07.318+0000] {logging_mixin.py:137} INFO - [2024-09-09T01:48:07.318+0000] {dag.py:3427} INFO - Setting next_dagrun for dataset_consumes_unknown_never_scheduled to None, run_after=None
[2024-09-09T01:48:07.320+0000] {logging_mixin.py:137} INFO - [2024-09-09T01:48:07.320+0000] {dag.py:3427} INFO - Setting next_dagrun for dataset_produces_1 to 2024-09-08T00:00:00+00:00, run_after=2024-09-09T00:00:00+00:00
[2024-09-09T01:48:07.321+0000] {logging_mixin.py:137} INFO - [2024-09-09T01:48:07.321+0000] {dag.py:3427} INFO - Setting next_dagrun for dataset_produces_2 to None, run_after=None
[2024-09-09T01:48:07.348+0000] {processor.py:175} INFO - Processing /home/airflow/.local/lib/python3.7/site-packages/airflow/example_dags/example_datasets.py took 0.108 seconds
[2024-09-09T01:48:37.573+0000] {processor.py:153} INFO - Started process (PID=2213) to work on /home/airflow/.local/lib/python3.7/site-packages/airflow/example_dags/example_datasets.py
[2024-09-09T01:48:37.575+0000] {processor.py:743} INFO - Processing file /home/airflow/.local/lib/python3.7/site-packages/airflow/example_dags/example_datasets.py for tasks to queue
[2024-09-09T01:48:37.576+0000] {logging_mixin.py:137} INFO - [2024-09-09T01:48:37.576+0000] {dagbag.py:538} INFO - Filling up the DagBag from /home/airflow/.local/lib/python3.7/site-packages/airflow/example_dags/example_datasets.py
[2024-09-09T01:48:37.591+0000] {processor.py:753} INFO - DAG(s) dict_keys(['dataset_consumes_1', 'dataset_consumes_1_never_scheduled', 'dataset_consumes_unknown_never_scheduled', 'dataset_produces_1', 'dataset_consumes_1_and_2', 'dataset_produces_2']) retrieved from /home/airflow/.local/lib/python3.7/site-packages/airflow/example_dags/example_datasets.py
[2024-09-09T01:48:37.642+0000] {logging_mixin.py:137} INFO - [2024-09-09T01:48:37.642+0000] {dag.py:2676} INFO - Sync 6 DAGs
[2024-09-09T01:48:37.667+0000] {logging_mixin.py:137} INFO - [2024-09-09T01:48:37.667+0000] {dag.py:3427} INFO - Setting next_dagrun for dataset_consumes_1 to None, run_after=None
[2024-09-09T01:48:37.670+0000] {logging_mixin.py:137} INFO - [2024-09-09T01:48:37.670+0000] {dag.py:3427} INFO - Setting next_dagrun for dataset_consumes_1_and_2 to None, run_after=None
[2024-09-09T01:48:37.672+0000] {logging_mixin.py:137} INFO - [2024-09-09T01:48:37.672+0000] {dag.py:3427} INFO - Setting next_dagrun for dataset_consumes_1_never_scheduled to None, run_after=None
[2024-09-09T01:48:37.673+0000] {logging_mixin.py:137} INFO - [2024-09-09T01:48:37.673+0000] {dag.py:3427} INFO - Setting next_dagrun for dataset_consumes_unknown_never_scheduled to None, run_after=None
[2024-09-09T01:48:37.675+0000] {logging_mixin.py:137} INFO - [2024-09-09T01:48:37.675+0000] {dag.py:3427} INFO - Setting next_dagrun for dataset_produces_1 to 2024-09-08T00:00:00+00:00, run_after=2024-09-09T00:00:00+00:00
[2024-09-09T01:48:37.677+0000] {logging_mixin.py:137} INFO - [2024-09-09T01:48:37.677+0000] {dag.py:3427} INFO - Setting next_dagrun for dataset_produces_2 to None, run_after=None
[2024-09-09T01:48:37.730+0000] {processor.py:175} INFO - Processing /home/airflow/.local/lib/python3.7/site-packages/airflow/example_dags/example_datasets.py took 0.160 seconds
[2024-09-09T01:49:08.045+0000] {processor.py:153} INFO - Started process (PID=2337) to work on /home/airflow/.local/lib/python3.7/site-packages/airflow/example_dags/example_datasets.py
[2024-09-09T01:49:08.046+0000] {processor.py:743} INFO - Processing file /home/airflow/.local/lib/python3.7/site-packages/airflow/example_dags/example_datasets.py for tasks to queue
[2024-09-09T01:49:08.046+0000] {logging_mixin.py:137} INFO - [2024-09-09T01:49:08.046+0000] {dagbag.py:538} INFO - Filling up the DagBag from /home/airflow/.local/lib/python3.7/site-packages/airflow/example_dags/example_datasets.py
[2024-09-09T01:49:08.059+0000] {processor.py:753} INFO - DAG(s) dict_keys(['dataset_consumes_1', 'dataset_consumes_unknown_never_scheduled', 'dataset_consumes_1_never_scheduled', 'dataset_produces_1', 'dataset_consumes_1_and_2', 'dataset_produces_2']) retrieved from /home/airflow/.local/lib/python3.7/site-packages/airflow/example_dags/example_datasets.py
[2024-09-09T01:49:08.103+0000] {logging_mixin.py:137} INFO - [2024-09-09T01:49:08.103+0000] {dag.py:2676} INFO - Sync 6 DAGs
[2024-09-09T01:49:08.129+0000] {logging_mixin.py:137} INFO - [2024-09-09T01:49:08.129+0000] {dag.py:3427} INFO - Setting next_dagrun for dataset_consumes_1 to None, run_after=None
[2024-09-09T01:49:08.132+0000] {logging_mixin.py:137} INFO - [2024-09-09T01:49:08.132+0000] {dag.py:3427} INFO - Setting next_dagrun for dataset_consumes_1_and_2 to None, run_after=None
[2024-09-09T01:49:08.135+0000] {logging_mixin.py:137} INFO - [2024-09-09T01:49:08.135+0000] {dag.py:3427} INFO - Setting next_dagrun for dataset_consumes_1_never_scheduled to None, run_after=None
[2024-09-09T01:49:08.136+0000] {logging_mixin.py:137} INFO - [2024-09-09T01:49:08.136+0000] {dag.py:3427} INFO - Setting next_dagrun for dataset_consumes_unknown_never_scheduled to None, run_after=None
[2024-09-09T01:49:08.139+0000] {logging_mixin.py:137} INFO - [2024-09-09T01:49:08.138+0000] {dag.py:3427} INFO - Setting next_dagrun for dataset_produces_1 to 2024-09-08T00:00:00+00:00, run_after=2024-09-09T00:00:00+00:00
[2024-09-09T01:49:08.140+0000] {logging_mixin.py:137} INFO - [2024-09-09T01:49:08.139+0000] {dag.py:3427} INFO - Setting next_dagrun for dataset_produces_2 to None, run_after=None
[2024-09-09T01:49:08.176+0000] {processor.py:175} INFO - Processing /home/airflow/.local/lib/python3.7/site-packages/airflow/example_dags/example_datasets.py took 0.134 seconds
