[2024-09-09T01:38:59.116+0000] {processor.py:153} INFO - Started process (PID=106) to work on /home/airflow/.local/lib/python3.7/site-packages/airflow/example_dags/tutorial_taskflow_api.py
[2024-09-09T01:38:59.117+0000] {processor.py:743} INFO - Processing file /home/airflow/.local/lib/python3.7/site-packages/airflow/example_dags/tutorial_taskflow_api.py for tasks to queue
[2024-09-09T01:38:59.117+0000] {logging_mixin.py:137} INFO - [2024-09-09T01:38:59.117+0000] {dagbag.py:538} INFO - Filling up the DagBag from /home/airflow/.local/lib/python3.7/site-packages/airflow/example_dags/tutorial_taskflow_api.py
[2024-09-09T01:38:59.144+0000] {processor.py:753} INFO - DAG(s) dict_keys(['tutorial_taskflow_api']) retrieved from /home/airflow/.local/lib/python3.7/site-packages/airflow/example_dags/tutorial_taskflow_api.py
[2024-09-09T01:38:59.179+0000] {logging_mixin.py:137} INFO - [2024-09-09T01:38:59.178+0000] {dag.py:2676} INFO - Sync 1 DAGs
[2024-09-09T01:38:59.207+0000] {logging_mixin.py:137} INFO - [2024-09-09T01:38:59.206+0000] {dag.py:3427} INFO - Setting next_dagrun for tutorial_taskflow_api to None, run_after=None
[2024-09-09T01:38:59.230+0000] {processor.py:175} INFO - Processing /home/airflow/.local/lib/python3.7/site-packages/airflow/example_dags/tutorial_taskflow_api.py took 0.118 seconds
[2024-09-09T01:39:29.356+0000] {processor.py:153} INFO - Started process (PID=202) to work on /home/airflow/.local/lib/python3.7/site-packages/airflow/example_dags/tutorial_taskflow_api.py
[2024-09-09T01:39:29.357+0000] {processor.py:743} INFO - Processing file /home/airflow/.local/lib/python3.7/site-packages/airflow/example_dags/tutorial_taskflow_api.py for tasks to queue
[2024-09-09T01:39:29.357+0000] {logging_mixin.py:137} INFO - [2024-09-09T01:39:29.357+0000] {dagbag.py:538} INFO - Filling up the DagBag from /home/airflow/.local/lib/python3.7/site-packages/airflow/example_dags/tutorial_taskflow_api.py
[2024-09-09T01:39:29.374+0000] {processor.py:753} INFO - DAG(s) dict_keys(['tutorial_taskflow_api']) retrieved from /home/airflow/.local/lib/python3.7/site-packages/airflow/example_dags/tutorial_taskflow_api.py
[2024-09-09T01:39:29.401+0000] {logging_mixin.py:137} INFO - [2024-09-09T01:39:29.401+0000] {dag.py:2676} INFO - Sync 1 DAGs
[2024-09-09T01:39:29.420+0000] {logging_mixin.py:137} INFO - [2024-09-09T01:39:29.420+0000] {dag.py:3427} INFO - Setting next_dagrun for tutorial_taskflow_api to None, run_after=None
[2024-09-09T01:39:29.437+0000] {processor.py:175} INFO - Processing /home/airflow/.local/lib/python3.7/site-packages/airflow/example_dags/tutorial_taskflow_api.py took 0.083 seconds
[2024-09-09T01:40:00.104+0000] {processor.py:153} INFO - Started process (PID=326) to work on /home/airflow/.local/lib/python3.7/site-packages/airflow/example_dags/tutorial_taskflow_api.py
[2024-09-09T01:40:00.106+0000] {processor.py:743} INFO - Processing file /home/airflow/.local/lib/python3.7/site-packages/airflow/example_dags/tutorial_taskflow_api.py for tasks to queue
[2024-09-09T01:40:00.106+0000] {logging_mixin.py:137} INFO - [2024-09-09T01:40:00.106+0000] {dagbag.py:538} INFO - Filling up the DagBag from /home/airflow/.local/lib/python3.7/site-packages/airflow/example_dags/tutorial_taskflow_api.py
[2024-09-09T01:40:00.126+0000] {processor.py:753} INFO - DAG(s) dict_keys(['tutorial_taskflow_api']) retrieved from /home/airflow/.local/lib/python3.7/site-packages/airflow/example_dags/tutorial_taskflow_api.py
[2024-09-09T01:40:00.163+0000] {logging_mixin.py:137} INFO - [2024-09-09T01:40:00.162+0000] {dag.py:2676} INFO - Sync 1 DAGs
[2024-09-09T01:40:00.187+0000] {logging_mixin.py:137} INFO - [2024-09-09T01:40:00.187+0000] {dag.py:3427} INFO - Setting next_dagrun for tutorial_taskflow_api to None, run_after=None
[2024-09-09T01:40:00.210+0000] {processor.py:175} INFO - Processing /home/airflow/.local/lib/python3.7/site-packages/airflow/example_dags/tutorial_taskflow_api.py took 0.108 seconds
[2024-09-09T01:40:30.425+0000] {processor.py:153} INFO - Started process (PID=422) to work on /home/airflow/.local/lib/python3.7/site-packages/airflow/example_dags/tutorial_taskflow_api.py
[2024-09-09T01:40:30.425+0000] {processor.py:743} INFO - Processing file /home/airflow/.local/lib/python3.7/site-packages/airflow/example_dags/tutorial_taskflow_api.py for tasks to queue
[2024-09-09T01:40:30.426+0000] {logging_mixin.py:137} INFO - [2024-09-09T01:40:30.426+0000] {dagbag.py:538} INFO - Filling up the DagBag from /home/airflow/.local/lib/python3.7/site-packages/airflow/example_dags/tutorial_taskflow_api.py
[2024-09-09T01:40:30.441+0000] {processor.py:753} INFO - DAG(s) dict_keys(['tutorial_taskflow_api']) retrieved from /home/airflow/.local/lib/python3.7/site-packages/airflow/example_dags/tutorial_taskflow_api.py
[2024-09-09T01:40:30.468+0000] {logging_mixin.py:137} INFO - [2024-09-09T01:40:30.468+0000] {dag.py:2676} INFO - Sync 1 DAGs
[2024-09-09T01:40:30.486+0000] {logging_mixin.py:137} INFO - [2024-09-09T01:40:30.486+0000] {dag.py:3427} INFO - Setting next_dagrun for tutorial_taskflow_api to None, run_after=None
[2024-09-09T01:40:30.502+0000] {processor.py:175} INFO - Processing /home/airflow/.local/lib/python3.7/site-packages/airflow/example_dags/tutorial_taskflow_api.py took 0.079 seconds
[2024-09-09T01:41:00.618+0000] {processor.py:153} INFO - Started process (PID=546) to work on /home/airflow/.local/lib/python3.7/site-packages/airflow/example_dags/tutorial_taskflow_api.py
[2024-09-09T01:41:00.619+0000] {processor.py:743} INFO - Processing file /home/airflow/.local/lib/python3.7/site-packages/airflow/example_dags/tutorial_taskflow_api.py for tasks to queue
[2024-09-09T01:41:00.619+0000] {logging_mixin.py:137} INFO - [2024-09-09T01:41:00.619+0000] {dagbag.py:538} INFO - Filling up the DagBag from /home/airflow/.local/lib/python3.7/site-packages/airflow/example_dags/tutorial_taskflow_api.py
[2024-09-09T01:41:00.635+0000] {processor.py:753} INFO - DAG(s) dict_keys(['tutorial_taskflow_api']) retrieved from /home/airflow/.local/lib/python3.7/site-packages/airflow/example_dags/tutorial_taskflow_api.py
[2024-09-09T01:41:00.662+0000] {logging_mixin.py:137} INFO - [2024-09-09T01:41:00.662+0000] {dag.py:2676} INFO - Sync 1 DAGs
[2024-09-09T01:41:00.680+0000] {logging_mixin.py:137} INFO - [2024-09-09T01:41:00.680+0000] {dag.py:3427} INFO - Setting next_dagrun for tutorial_taskflow_api to None, run_after=None
[2024-09-09T01:41:00.696+0000] {processor.py:175} INFO - Processing /home/airflow/.local/lib/python3.7/site-packages/airflow/example_dags/tutorial_taskflow_api.py took 0.081 seconds
[2024-09-09T01:41:31.150+0000] {processor.py:153} INFO - Started process (PID=642) to work on /home/airflow/.local/lib/python3.7/site-packages/airflow/example_dags/tutorial_taskflow_api.py
[2024-09-09T01:41:31.152+0000] {processor.py:743} INFO - Processing file /home/airflow/.local/lib/python3.7/site-packages/airflow/example_dags/tutorial_taskflow_api.py for tasks to queue
[2024-09-09T01:41:31.152+0000] {logging_mixin.py:137} INFO - [2024-09-09T01:41:31.152+0000] {dagbag.py:538} INFO - Filling up the DagBag from /home/airflow/.local/lib/python3.7/site-packages/airflow/example_dags/tutorial_taskflow_api.py
[2024-09-09T01:41:31.173+0000] {processor.py:753} INFO - DAG(s) dict_keys(['tutorial_taskflow_api']) retrieved from /home/airflow/.local/lib/python3.7/site-packages/airflow/example_dags/tutorial_taskflow_api.py
[2024-09-09T01:41:31.210+0000] {logging_mixin.py:137} INFO - [2024-09-09T01:41:31.210+0000] {dag.py:2676} INFO - Sync 1 DAGs
[2024-09-09T01:41:31.234+0000] {logging_mixin.py:137} INFO - [2024-09-09T01:41:31.234+0000] {dag.py:3427} INFO - Setting next_dagrun for tutorial_taskflow_api to None, run_after=None
[2024-09-09T01:41:31.257+0000] {processor.py:175} INFO - Processing /home/airflow/.local/lib/python3.7/site-packages/airflow/example_dags/tutorial_taskflow_api.py took 0.109 seconds
[2024-09-09T01:42:01.807+0000] {processor.py:153} INFO - Started process (PID=766) to work on /home/airflow/.local/lib/python3.7/site-packages/airflow/example_dags/tutorial_taskflow_api.py
[2024-09-09T01:42:01.809+0000] {processor.py:743} INFO - Processing file /home/airflow/.local/lib/python3.7/site-packages/airflow/example_dags/tutorial_taskflow_api.py for tasks to queue
[2024-09-09T01:42:01.809+0000] {logging_mixin.py:137} INFO - [2024-09-09T01:42:01.809+0000] {dagbag.py:538} INFO - Filling up the DagBag from /home/airflow/.local/lib/python3.7/site-packages/airflow/example_dags/tutorial_taskflow_api.py
[2024-09-09T01:42:01.830+0000] {processor.py:753} INFO - DAG(s) dict_keys(['tutorial_taskflow_api']) retrieved from /home/airflow/.local/lib/python3.7/site-packages/airflow/example_dags/tutorial_taskflow_api.py
[2024-09-09T01:42:01.861+0000] {logging_mixin.py:137} INFO - [2024-09-09T01:42:01.861+0000] {dag.py:2676} INFO - Sync 1 DAGs
[2024-09-09T01:42:01.882+0000] {logging_mixin.py:137} INFO - [2024-09-09T01:42:01.882+0000] {dag.py:3427} INFO - Setting next_dagrun for tutorial_taskflow_api to None, run_after=None
[2024-09-09T01:42:01.901+0000] {processor.py:175} INFO - Processing /home/airflow/.local/lib/python3.7/site-packages/airflow/example_dags/tutorial_taskflow_api.py took 0.097 seconds
[2024-09-09T01:42:31.964+0000] {processor.py:153} INFO - Started process (PID=862) to work on /home/airflow/.local/lib/python3.7/site-packages/airflow/example_dags/tutorial_taskflow_api.py
[2024-09-09T01:42:31.965+0000] {processor.py:743} INFO - Processing file /home/airflow/.local/lib/python3.7/site-packages/airflow/example_dags/tutorial_taskflow_api.py for tasks to queue
[2024-09-09T01:42:31.965+0000] {logging_mixin.py:137} INFO - [2024-09-09T01:42:31.965+0000] {dagbag.py:538} INFO - Filling up the DagBag from /home/airflow/.local/lib/python3.7/site-packages/airflow/example_dags/tutorial_taskflow_api.py
[2024-09-09T01:42:31.983+0000] {processor.py:753} INFO - DAG(s) dict_keys(['tutorial_taskflow_api']) retrieved from /home/airflow/.local/lib/python3.7/site-packages/airflow/example_dags/tutorial_taskflow_api.py
[2024-09-09T01:42:32.018+0000] {logging_mixin.py:137} INFO - [2024-09-09T01:42:32.018+0000] {dag.py:2676} INFO - Sync 1 DAGs
[2024-09-09T01:42:32.041+0000] {logging_mixin.py:137} INFO - [2024-09-09T01:42:32.041+0000] {dag.py:3427} INFO - Setting next_dagrun for tutorial_taskflow_api to None, run_after=None
[2024-09-09T01:42:32.066+0000] {processor.py:175} INFO - Processing /home/airflow/.local/lib/python3.7/site-packages/airflow/example_dags/tutorial_taskflow_api.py took 0.104 seconds
[2024-09-09T01:43:02.662+0000] {processor.py:153} INFO - Started process (PID=986) to work on /home/airflow/.local/lib/python3.7/site-packages/airflow/example_dags/tutorial_taskflow_api.py
[2024-09-09T01:43:02.663+0000] {processor.py:743} INFO - Processing file /home/airflow/.local/lib/python3.7/site-packages/airflow/example_dags/tutorial_taskflow_api.py for tasks to queue
[2024-09-09T01:43:02.663+0000] {logging_mixin.py:137} INFO - [2024-09-09T01:43:02.663+0000] {dagbag.py:538} INFO - Filling up the DagBag from /home/airflow/.local/lib/python3.7/site-packages/airflow/example_dags/tutorial_taskflow_api.py
[2024-09-09T01:43:02.684+0000] {processor.py:753} INFO - DAG(s) dict_keys(['tutorial_taskflow_api']) retrieved from /home/airflow/.local/lib/python3.7/site-packages/airflow/example_dags/tutorial_taskflow_api.py
[2024-09-09T01:43:02.721+0000] {logging_mixin.py:137} INFO - [2024-09-09T01:43:02.721+0000] {dag.py:2676} INFO - Sync 1 DAGs
[2024-09-09T01:43:02.745+0000] {logging_mixin.py:137} INFO - [2024-09-09T01:43:02.745+0000] {dag.py:3427} INFO - Setting next_dagrun for tutorial_taskflow_api to None, run_after=None
[2024-09-09T01:43:02.765+0000] {processor.py:175} INFO - Processing /home/airflow/.local/lib/python3.7/site-packages/airflow/example_dags/tutorial_taskflow_api.py took 0.106 seconds
[2024-09-09T01:43:33.472+0000] {processor.py:153} INFO - Started process (PID=1082) to work on /home/airflow/.local/lib/python3.7/site-packages/airflow/example_dags/tutorial_taskflow_api.py
[2024-09-09T01:43:33.473+0000] {processor.py:743} INFO - Processing file /home/airflow/.local/lib/python3.7/site-packages/airflow/example_dags/tutorial_taskflow_api.py for tasks to queue
[2024-09-09T01:43:33.473+0000] {logging_mixin.py:137} INFO - [2024-09-09T01:43:33.473+0000] {dagbag.py:538} INFO - Filling up the DagBag from /home/airflow/.local/lib/python3.7/site-packages/airflow/example_dags/tutorial_taskflow_api.py
[2024-09-09T01:43:33.494+0000] {processor.py:753} INFO - DAG(s) dict_keys(['tutorial_taskflow_api']) retrieved from /home/airflow/.local/lib/python3.7/site-packages/airflow/example_dags/tutorial_taskflow_api.py
[2024-09-09T01:43:33.528+0000] {logging_mixin.py:137} INFO - [2024-09-09T01:43:33.527+0000] {dag.py:2676} INFO - Sync 1 DAGs
[2024-09-09T01:43:33.554+0000] {logging_mixin.py:137} INFO - [2024-09-09T01:43:33.554+0000] {dag.py:3427} INFO - Setting next_dagrun for tutorial_taskflow_api to None, run_after=None
[2024-09-09T01:43:33.574+0000] {processor.py:175} INFO - Processing /home/airflow/.local/lib/python3.7/site-packages/airflow/example_dags/tutorial_taskflow_api.py took 0.105 seconds
[2024-09-09T01:44:03.893+0000] {processor.py:153} INFO - Started process (PID=1206) to work on /home/airflow/.local/lib/python3.7/site-packages/airflow/example_dags/tutorial_taskflow_api.py
[2024-09-09T01:44:03.894+0000] {processor.py:743} INFO - Processing file /home/airflow/.local/lib/python3.7/site-packages/airflow/example_dags/tutorial_taskflow_api.py for tasks to queue
[2024-09-09T01:44:03.895+0000] {logging_mixin.py:137} INFO - [2024-09-09T01:44:03.895+0000] {dagbag.py:538} INFO - Filling up the DagBag from /home/airflow/.local/lib/python3.7/site-packages/airflow/example_dags/tutorial_taskflow_api.py
[2024-09-09T01:44:03.912+0000] {processor.py:753} INFO - DAG(s) dict_keys(['tutorial_taskflow_api']) retrieved from /home/airflow/.local/lib/python3.7/site-packages/airflow/example_dags/tutorial_taskflow_api.py
[2024-09-09T01:44:03.943+0000] {logging_mixin.py:137} INFO - [2024-09-09T01:44:03.943+0000] {dag.py:2676} INFO - Sync 1 DAGs
[2024-09-09T01:44:03.965+0000] {logging_mixin.py:137} INFO - [2024-09-09T01:44:03.965+0000] {dag.py:3427} INFO - Setting next_dagrun for tutorial_taskflow_api to None, run_after=None
[2024-09-09T01:44:03.986+0000] {processor.py:175} INFO - Processing /home/airflow/.local/lib/python3.7/site-packages/airflow/example_dags/tutorial_taskflow_api.py took 0.096 seconds
[2024-09-09T01:44:34.385+0000] {processor.py:153} INFO - Started process (PID=1330) to work on /home/airflow/.local/lib/python3.7/site-packages/airflow/example_dags/tutorial_taskflow_api.py
[2024-09-09T01:44:34.386+0000] {processor.py:743} INFO - Processing file /home/airflow/.local/lib/python3.7/site-packages/airflow/example_dags/tutorial_taskflow_api.py for tasks to queue
[2024-09-09T01:44:34.387+0000] {logging_mixin.py:137} INFO - [2024-09-09T01:44:34.387+0000] {dagbag.py:538} INFO - Filling up the DagBag from /home/airflow/.local/lib/python3.7/site-packages/airflow/example_dags/tutorial_taskflow_api.py
[2024-09-09T01:44:34.409+0000] {processor.py:753} INFO - DAG(s) dict_keys(['tutorial_taskflow_api']) retrieved from /home/airflow/.local/lib/python3.7/site-packages/airflow/example_dags/tutorial_taskflow_api.py
[2024-09-09T01:44:34.452+0000] {logging_mixin.py:137} INFO - [2024-09-09T01:44:34.452+0000] {dag.py:2676} INFO - Sync 1 DAGs
[2024-09-09T01:44:34.478+0000] {logging_mixin.py:137} INFO - [2024-09-09T01:44:34.478+0000] {dag.py:3427} INFO - Setting next_dagrun for tutorial_taskflow_api to None, run_after=None
[2024-09-09T01:44:34.505+0000] {processor.py:175} INFO - Processing /home/airflow/.local/lib/python3.7/site-packages/airflow/example_dags/tutorial_taskflow_api.py took 0.123 seconds
[2024-09-09T01:45:04.548+0000] {processor.py:153} INFO - Started process (PID=1426) to work on /home/airflow/.local/lib/python3.7/site-packages/airflow/example_dags/tutorial_taskflow_api.py
[2024-09-09T01:45:04.549+0000] {processor.py:743} INFO - Processing file /home/airflow/.local/lib/python3.7/site-packages/airflow/example_dags/tutorial_taskflow_api.py for tasks to queue
[2024-09-09T01:45:04.549+0000] {logging_mixin.py:137} INFO - [2024-09-09T01:45:04.549+0000] {dagbag.py:538} INFO - Filling up the DagBag from /home/airflow/.local/lib/python3.7/site-packages/airflow/example_dags/tutorial_taskflow_api.py
[2024-09-09T01:45:04.565+0000] {processor.py:753} INFO - DAG(s) dict_keys(['tutorial_taskflow_api']) retrieved from /home/airflow/.local/lib/python3.7/site-packages/airflow/example_dags/tutorial_taskflow_api.py
[2024-09-09T01:45:04.592+0000] {logging_mixin.py:137} INFO - [2024-09-09T01:45:04.592+0000] {dag.py:2676} INFO - Sync 1 DAGs
[2024-09-09T01:45:04.611+0000] {logging_mixin.py:137} INFO - [2024-09-09T01:45:04.611+0000] {dag.py:3427} INFO - Setting next_dagrun for tutorial_taskflow_api to None, run_after=None
[2024-09-09T01:45:04.626+0000] {processor.py:175} INFO - Processing /home/airflow/.local/lib/python3.7/site-packages/airflow/example_dags/tutorial_taskflow_api.py took 0.081 seconds
[2024-09-09T01:45:34.893+0000] {processor.py:153} INFO - Started process (PID=1551) to work on /home/airflow/.local/lib/python3.7/site-packages/airflow/example_dags/tutorial_taskflow_api.py
[2024-09-09T01:45:34.894+0000] {processor.py:743} INFO - Processing file /home/airflow/.local/lib/python3.7/site-packages/airflow/example_dags/tutorial_taskflow_api.py for tasks to queue
[2024-09-09T01:45:34.894+0000] {logging_mixin.py:137} INFO - [2024-09-09T01:45:34.894+0000] {dagbag.py:538} INFO - Filling up the DagBag from /home/airflow/.local/lib/python3.7/site-packages/airflow/example_dags/tutorial_taskflow_api.py
[2024-09-09T01:45:34.910+0000] {processor.py:753} INFO - DAG(s) dict_keys(['tutorial_taskflow_api']) retrieved from /home/airflow/.local/lib/python3.7/site-packages/airflow/example_dags/tutorial_taskflow_api.py
[2024-09-09T01:45:34.938+0000] {logging_mixin.py:137} INFO - [2024-09-09T01:45:34.937+0000] {dag.py:2676} INFO - Sync 1 DAGs
[2024-09-09T01:45:34.956+0000] {logging_mixin.py:137} INFO - [2024-09-09T01:45:34.956+0000] {dag.py:3427} INFO - Setting next_dagrun for tutorial_taskflow_api to None, run_after=None
[2024-09-09T01:45:34.971+0000] {processor.py:175} INFO - Processing /home/airflow/.local/lib/python3.7/site-packages/airflow/example_dags/tutorial_taskflow_api.py took 0.080 seconds
[2024-09-09T01:46:05.254+0000] {processor.py:153} INFO - Started process (PID=1647) to work on /home/airflow/.local/lib/python3.7/site-packages/airflow/example_dags/tutorial_taskflow_api.py
[2024-09-09T01:46:05.255+0000] {processor.py:743} INFO - Processing file /home/airflow/.local/lib/python3.7/site-packages/airflow/example_dags/tutorial_taskflow_api.py for tasks to queue
[2024-09-09T01:46:05.255+0000] {logging_mixin.py:137} INFO - [2024-09-09T01:46:05.255+0000] {dagbag.py:538} INFO - Filling up the DagBag from /home/airflow/.local/lib/python3.7/site-packages/airflow/example_dags/tutorial_taskflow_api.py
[2024-09-09T01:46:05.270+0000] {processor.py:753} INFO - DAG(s) dict_keys(['tutorial_taskflow_api']) retrieved from /home/airflow/.local/lib/python3.7/site-packages/airflow/example_dags/tutorial_taskflow_api.py
[2024-09-09T01:46:05.296+0000] {logging_mixin.py:137} INFO - [2024-09-09T01:46:05.295+0000] {dag.py:2676} INFO - Sync 1 DAGs
[2024-09-09T01:46:05.313+0000] {logging_mixin.py:137} INFO - [2024-09-09T01:46:05.313+0000] {dag.py:3427} INFO - Setting next_dagrun for tutorial_taskflow_api to None, run_after=None
[2024-09-09T01:46:05.329+0000] {processor.py:175} INFO - Processing /home/airflow/.local/lib/python3.7/site-packages/airflow/example_dags/tutorial_taskflow_api.py took 0.077 seconds
[2024-09-09T01:46:35.534+0000] {processor.py:153} INFO - Started process (PID=1771) to work on /home/airflow/.local/lib/python3.7/site-packages/airflow/example_dags/tutorial_taskflow_api.py
[2024-09-09T01:46:35.535+0000] {processor.py:743} INFO - Processing file /home/airflow/.local/lib/python3.7/site-packages/airflow/example_dags/tutorial_taskflow_api.py for tasks to queue
[2024-09-09T01:46:35.535+0000] {logging_mixin.py:137} INFO - [2024-09-09T01:46:35.535+0000] {dagbag.py:538} INFO - Filling up the DagBag from /home/airflow/.local/lib/python3.7/site-packages/airflow/example_dags/tutorial_taskflow_api.py
[2024-09-09T01:46:35.554+0000] {processor.py:753} INFO - DAG(s) dict_keys(['tutorial_taskflow_api']) retrieved from /home/airflow/.local/lib/python3.7/site-packages/airflow/example_dags/tutorial_taskflow_api.py
[2024-09-09T01:46:35.590+0000] {logging_mixin.py:137} INFO - [2024-09-09T01:46:35.590+0000] {dag.py:2676} INFO - Sync 1 DAGs
[2024-09-09T01:46:35.614+0000] {logging_mixin.py:137} INFO - [2024-09-09T01:46:35.614+0000] {dag.py:3427} INFO - Setting next_dagrun for tutorial_taskflow_api to None, run_after=None
[2024-09-09T01:46:35.633+0000] {processor.py:175} INFO - Processing /home/airflow/.local/lib/python3.7/site-packages/airflow/example_dags/tutorial_taskflow_api.py took 0.102 seconds
[2024-09-09T01:47:06.286+0000] {processor.py:153} INFO - Started process (PID=1876) to work on /home/airflow/.local/lib/python3.7/site-packages/airflow/example_dags/tutorial_taskflow_api.py
[2024-09-09T01:47:06.287+0000] {processor.py:743} INFO - Processing file /home/airflow/.local/lib/python3.7/site-packages/airflow/example_dags/tutorial_taskflow_api.py for tasks to queue
[2024-09-09T01:47:06.287+0000] {logging_mixin.py:137} INFO - [2024-09-09T01:47:06.287+0000] {dagbag.py:538} INFO - Filling up the DagBag from /home/airflow/.local/lib/python3.7/site-packages/airflow/example_dags/tutorial_taskflow_api.py
[2024-09-09T01:47:06.305+0000] {processor.py:753} INFO - DAG(s) dict_keys(['tutorial_taskflow_api']) retrieved from /home/airflow/.local/lib/python3.7/site-packages/airflow/example_dags/tutorial_taskflow_api.py
[2024-09-09T01:47:06.336+0000] {logging_mixin.py:137} INFO - [2024-09-09T01:47:06.335+0000] {dag.py:2676} INFO - Sync 1 DAGs
[2024-09-09T01:47:06.358+0000] {logging_mixin.py:137} INFO - [2024-09-09T01:47:06.358+0000] {dag.py:3427} INFO - Setting next_dagrun for tutorial_taskflow_api to None, run_after=None
[2024-09-09T01:47:06.377+0000] {processor.py:175} INFO - Processing /home/airflow/.local/lib/python3.7/site-packages/airflow/example_dags/tutorial_taskflow_api.py took 0.094 seconds
[2024-09-09T01:47:36.791+0000] {processor.py:153} INFO - Started process (PID=1991) to work on /home/airflow/.local/lib/python3.7/site-packages/airflow/example_dags/tutorial_taskflow_api.py
[2024-09-09T01:47:36.792+0000] {processor.py:743} INFO - Processing file /home/airflow/.local/lib/python3.7/site-packages/airflow/example_dags/tutorial_taskflow_api.py for tasks to queue
[2024-09-09T01:47:36.793+0000] {logging_mixin.py:137} INFO - [2024-09-09T01:47:36.793+0000] {dagbag.py:538} INFO - Filling up the DagBag from /home/airflow/.local/lib/python3.7/site-packages/airflow/example_dags/tutorial_taskflow_api.py
[2024-09-09T01:47:36.809+0000] {processor.py:753} INFO - DAG(s) dict_keys(['tutorial_taskflow_api']) retrieved from /home/airflow/.local/lib/python3.7/site-packages/airflow/example_dags/tutorial_taskflow_api.py
[2024-09-09T01:47:36.838+0000] {logging_mixin.py:137} INFO - [2024-09-09T01:47:36.838+0000] {dag.py:2676} INFO - Sync 1 DAGs
[2024-09-09T01:47:36.857+0000] {logging_mixin.py:137} INFO - [2024-09-09T01:47:36.857+0000] {dag.py:3427} INFO - Setting next_dagrun for tutorial_taskflow_api to None, run_after=None
[2024-09-09T01:47:36.873+0000] {processor.py:175} INFO - Processing /home/airflow/.local/lib/python3.7/site-packages/airflow/example_dags/tutorial_taskflow_api.py took 0.085 seconds
[2024-09-09T01:48:07.148+0000] {processor.py:153} INFO - Started process (PID=2115) to work on /home/airflow/.local/lib/python3.7/site-packages/airflow/example_dags/tutorial_taskflow_api.py
[2024-09-09T01:48:07.149+0000] {processor.py:743} INFO - Processing file /home/airflow/.local/lib/python3.7/site-packages/airflow/example_dags/tutorial_taskflow_api.py for tasks to queue
[2024-09-09T01:48:07.149+0000] {logging_mixin.py:137} INFO - [2024-09-09T01:48:07.149+0000] {dagbag.py:538} INFO - Filling up the DagBag from /home/airflow/.local/lib/python3.7/site-packages/airflow/example_dags/tutorial_taskflow_api.py
[2024-09-09T01:48:07.165+0000] {processor.py:753} INFO - DAG(s) dict_keys(['tutorial_taskflow_api']) retrieved from /home/airflow/.local/lib/python3.7/site-packages/airflow/example_dags/tutorial_taskflow_api.py
[2024-09-09T01:48:07.193+0000] {logging_mixin.py:137} INFO - [2024-09-09T01:48:07.193+0000] {dag.py:2676} INFO - Sync 1 DAGs
[2024-09-09T01:48:07.213+0000] {logging_mixin.py:137} INFO - [2024-09-09T01:48:07.213+0000] {dag.py:3427} INFO - Setting next_dagrun for tutorial_taskflow_api to None, run_after=None
[2024-09-09T01:48:07.228+0000] {processor.py:175} INFO - Processing /home/airflow/.local/lib/python3.7/site-packages/airflow/example_dags/tutorial_taskflow_api.py took 0.083 seconds
