[2024-09-08T00:00:03.940+0000] {taskinstance.py:1087} INFO - Dependencies all met for <TaskInstance: ml_pipeline.preprocess_data scheduled__2024-09-07T00:00:00+00:00 [queued]>
[2024-09-08T00:00:03.947+0000] {taskinstance.py:1087} INFO - Dependencies all met for <TaskInstance: ml_pipeline.preprocess_data scheduled__2024-09-07T00:00:00+00:00 [queued]>
[2024-09-08T00:00:03.947+0000] {taskinstance.py:1283} INFO - 
--------------------------------------------------------------------------------
[2024-09-08T00:00:03.947+0000] {taskinstance.py:1284} INFO - Starting attempt 1 of 2
[2024-09-08T00:00:03.947+0000] {taskinstance.py:1285} INFO - 
--------------------------------------------------------------------------------
[2024-09-08T00:00:03.958+0000] {taskinstance.py:1304} INFO - Executing <Task(PythonOperator): preprocess_data> on 2024-09-07 00:00:00+00:00
[2024-09-08T00:00:03.963+0000] {standard_task_runner.py:55} INFO - Started process 1961 to run task
[2024-09-08T00:00:03.966+0000] {standard_task_runner.py:82} INFO - Running: ['***', 'tasks', 'run', 'ml_pipeline', 'preprocess_data', 'scheduled__2024-09-07T00:00:00+00:00', '--job-id', '16', '--raw', '--subdir', 'DAGS_FOLDER/ml_pipeline_dag.py', '--cfg-path', '/tmp/tmpbolxw4rn']
[2024-09-08T00:00:03.967+0000] {standard_task_runner.py:83} INFO - Job 16: Subtask preprocess_data
[2024-09-08T00:00:04.015+0000] {task_command.py:389} INFO - Running <TaskInstance: ml_pipeline.preprocess_data scheduled__2024-09-07T00:00:00+00:00 [running]> on host 394f8fce6b56
[2024-09-08T00:00:04.199+0000] {taskinstance.py:1513} INFO - Exporting the following env vars:
AIRFLOW_CTX_DAG_OWNER=***
AIRFLOW_CTX_DAG_ID=ml_pipeline
AIRFLOW_CTX_TASK_ID=preprocess_data
AIRFLOW_CTX_EXECUTION_DATE=2024-09-07T00:00:00+00:00
AIRFLOW_CTX_TRY_NUMBER=1
AIRFLOW_CTX_DAG_RUN_ID=scheduled__2024-09-07T00:00:00+00:00
[2024-09-08T00:00:04.239+0000] {python.py:177} INFO - Done. Returned value was: None
[2024-09-08T00:00:04.246+0000] {taskinstance.py:1327} INFO - Marking task as SUCCESS. dag_id=ml_pipeline, task_id=preprocess_data, execution_date=20240907T000000, start_date=20240908T000003, end_date=20240908T000004
[2024-09-08T00:00:04.299+0000] {local_task_job.py:159} INFO - Task exited with return code 0
[2024-09-08T00:00:04.323+0000] {taskinstance.py:2582} INFO - 1 downstream tasks scheduled from follow-on schedule check
[2024-09-08T00:12:32.817+0000] {taskinstance.py:1087} INFO - Dependencies all met for <TaskInstance: ml_pipeline.preprocess_data scheduled__2024-09-07T00:00:00+00:00 [queued]>
[2024-09-08T00:12:32.825+0000] {taskinstance.py:1087} INFO - Dependencies all met for <TaskInstance: ml_pipeline.preprocess_data scheduled__2024-09-07T00:00:00+00:00 [queued]>
[2024-09-08T00:12:32.825+0000] {taskinstance.py:1283} INFO - 
--------------------------------------------------------------------------------
[2024-09-08T00:12:32.825+0000] {taskinstance.py:1284} INFO - Starting attempt 1 of 2
[2024-09-08T00:12:32.825+0000] {taskinstance.py:1285} INFO - 
--------------------------------------------------------------------------------
[2024-09-08T00:12:32.838+0000] {taskinstance.py:1304} INFO - Executing <Task(PythonOperator): preprocess_data> on 2024-09-07 00:00:00+00:00
[2024-09-08T00:12:32.842+0000] {standard_task_runner.py:55} INFO - Started process 845 to run task
[2024-09-08T00:12:32.845+0000] {standard_task_runner.py:82} INFO - Running: ['***', 'tasks', 'run', 'ml_pipeline', 'preprocess_data', 'scheduled__2024-09-07T00:00:00+00:00', '--job-id', '28', '--raw', '--subdir', 'DAGS_FOLDER/ml_pipeline_dag.py', '--cfg-path', '/tmp/tmpa86ye4ze']
[2024-09-08T00:12:32.847+0000] {standard_task_runner.py:83} INFO - Job 28: Subtask preprocess_data
[2024-09-08T00:12:32.894+0000] {task_command.py:389} INFO - Running <TaskInstance: ml_pipeline.preprocess_data scheduled__2024-09-07T00:00:00+00:00 [running]> on host 8c084782485a
[2024-09-08T00:12:33.089+0000] {taskinstance.py:1513} INFO - Exporting the following env vars:
AIRFLOW_CTX_DAG_OWNER=***
AIRFLOW_CTX_DAG_ID=ml_pipeline
AIRFLOW_CTX_TASK_ID=preprocess_data
AIRFLOW_CTX_EXECUTION_DATE=2024-09-07T00:00:00+00:00
AIRFLOW_CTX_TRY_NUMBER=1
AIRFLOW_CTX_DAG_RUN_ID=scheduled__2024-09-07T00:00:00+00:00
[2024-09-08T00:12:33.140+0000] {python.py:177} INFO - Done. Returned value was: None
[2024-09-08T00:12:33.149+0000] {taskinstance.py:1327} INFO - Marking task as SUCCESS. dag_id=ml_pipeline, task_id=preprocess_data, execution_date=20240907T000000, start_date=20240908T001232, end_date=20240908T001233
[2024-09-08T00:12:33.178+0000] {local_task_job.py:159} INFO - Task exited with return code 0
[2024-09-08T00:12:33.221+0000] {taskinstance.py:2582} INFO - 1 downstream tasks scheduled from follow-on schedule check
[2024-09-08T01:41:50.982+0000] {taskinstance.py:1087} INFO - Dependencies all met for <TaskInstance: ml_pipeline.preprocess_data scheduled__2024-09-07T00:00:00+00:00 [queued]>
[2024-09-08T01:41:50.991+0000] {taskinstance.py:1087} INFO - Dependencies all met for <TaskInstance: ml_pipeline.preprocess_data scheduled__2024-09-07T00:00:00+00:00 [queued]>
[2024-09-08T01:41:50.991+0000] {taskinstance.py:1283} INFO - 
--------------------------------------------------------------------------------
[2024-09-08T01:41:50.991+0000] {taskinstance.py:1284} INFO - Starting attempt 1 of 2
[2024-09-08T01:41:50.991+0000] {taskinstance.py:1285} INFO - 
--------------------------------------------------------------------------------
[2024-09-08T01:41:51.006+0000] {taskinstance.py:1304} INFO - Executing <Task(PythonOperator): preprocess_data> on 2024-09-07 00:00:00+00:00
[2024-09-08T01:41:51.011+0000] {standard_task_runner.py:55} INFO - Started process 286 to run task
[2024-09-08T01:41:51.014+0000] {standard_task_runner.py:82} INFO - Running: ['***', 'tasks', 'run', 'ml_pipeline', 'preprocess_data', 'scheduled__2024-09-07T00:00:00+00:00', '--job-id', '67', '--raw', '--subdir', 'DAGS_FOLDER/ml_pipeline_dag.py', '--cfg-path', '/tmp/tmptv0xp2v_']
[2024-09-08T01:41:51.016+0000] {standard_task_runner.py:83} INFO - Job 67: Subtask preprocess_data
[2024-09-08T01:41:51.064+0000] {task_command.py:389} INFO - Running <TaskInstance: ml_pipeline.preprocess_data scheduled__2024-09-07T00:00:00+00:00 [running]> on host 9bbae47dc133
[2024-09-08T01:41:51.256+0000] {taskinstance.py:1513} INFO - Exporting the following env vars:
AIRFLOW_CTX_DAG_OWNER=***
AIRFLOW_CTX_DAG_ID=ml_pipeline
AIRFLOW_CTX_TASK_ID=preprocess_data
AIRFLOW_CTX_EXECUTION_DATE=2024-09-07T00:00:00+00:00
AIRFLOW_CTX_TRY_NUMBER=1
AIRFLOW_CTX_DAG_RUN_ID=scheduled__2024-09-07T00:00:00+00:00
[2024-09-08T01:41:51.319+0000] {python.py:177} INFO - Done. Returned value was: None
[2024-09-08T01:41:51.327+0000] {taskinstance.py:1327} INFO - Marking task as SUCCESS. dag_id=ml_pipeline, task_id=preprocess_data, execution_date=20240907T000000, start_date=20240908T014150, end_date=20240908T014151
[2024-09-08T01:41:51.346+0000] {local_task_job.py:159} INFO - Task exited with return code 0
[2024-09-08T01:41:51.370+0000] {taskinstance.py:2582} INFO - 1 downstream tasks scheduled from follow-on schedule check
[2024-09-08T02:01:51.556+0000] {taskinstance.py:1087} INFO - Dependencies all met for <TaskInstance: ml_pipeline.preprocess_data scheduled__2024-09-07T00:00:00+00:00 [queued]>
[2024-09-08T02:01:51.564+0000] {taskinstance.py:1087} INFO - Dependencies all met for <TaskInstance: ml_pipeline.preprocess_data scheduled__2024-09-07T00:00:00+00:00 [queued]>
[2024-09-08T02:01:51.564+0000] {taskinstance.py:1283} INFO - 
--------------------------------------------------------------------------------
[2024-09-08T02:01:51.564+0000] {taskinstance.py:1284} INFO - Starting attempt 1 of 2
[2024-09-08T02:01:51.564+0000] {taskinstance.py:1285} INFO - 
--------------------------------------------------------------------------------
[2024-09-08T02:01:51.576+0000] {taskinstance.py:1304} INFO - Executing <Task(PythonOperator): preprocess_data> on 2024-09-07 00:00:00+00:00
[2024-09-08T02:01:51.581+0000] {standard_task_runner.py:55} INFO - Started process 285 to run task
[2024-09-08T02:01:51.584+0000] {standard_task_runner.py:82} INFO - Running: ['***', 'tasks', 'run', 'ml_pipeline', 'preprocess_data', 'scheduled__2024-09-07T00:00:00+00:00', '--job-id', '94', '--raw', '--subdir', 'DAGS_FOLDER/ml_pipeline_dag.py', '--cfg-path', '/tmp/tmp0g_29jat']
[2024-09-08T02:01:51.585+0000] {standard_task_runner.py:83} INFO - Job 94: Subtask preprocess_data
[2024-09-08T02:01:51.636+0000] {task_command.py:389} INFO - Running <TaskInstance: ml_pipeline.preprocess_data scheduled__2024-09-07T00:00:00+00:00 [running]> on host 6556fb296dfa
[2024-09-08T02:01:51.829+0000] {taskinstance.py:1513} INFO - Exporting the following env vars:
AIRFLOW_CTX_DAG_OWNER=***
AIRFLOW_CTX_DAG_ID=ml_pipeline
AIRFLOW_CTX_TASK_ID=preprocess_data
AIRFLOW_CTX_EXECUTION_DATE=2024-09-07T00:00:00+00:00
AIRFLOW_CTX_TRY_NUMBER=1
AIRFLOW_CTX_DAG_RUN_ID=scheduled__2024-09-07T00:00:00+00:00
[2024-09-08T02:01:51.876+0000] {python.py:177} INFO - Done. Returned value was: None
[2024-09-08T02:01:51.884+0000] {taskinstance.py:1327} INFO - Marking task as SUCCESS. dag_id=ml_pipeline, task_id=preprocess_data, execution_date=20240907T000000, start_date=20240908T020151, end_date=20240908T020151
[2024-09-08T02:01:51.916+0000] {local_task_job.py:159} INFO - Task exited with return code 0
[2024-09-08T02:01:51.935+0000] {taskinstance.py:2582} INFO - 1 downstream tasks scheduled from follow-on schedule check
[2024-09-09T02:18:25.377+0000] {taskinstance.py:1087} INFO - Dependencies all met for <TaskInstance: ml_pipeline.preprocess_data scheduled__2024-09-07T00:00:00+00:00 [queued]>
[2024-09-09T02:18:25.390+0000] {taskinstance.py:1087} INFO - Dependencies all met for <TaskInstance: ml_pipeline.preprocess_data scheduled__2024-09-07T00:00:00+00:00 [queued]>
[2024-09-09T02:18:25.391+0000] {taskinstance.py:1283} INFO - 
--------------------------------------------------------------------------------
[2024-09-09T02:18:25.391+0000] {taskinstance.py:1284} INFO - Starting attempt 1 of 2
[2024-09-09T02:18:25.391+0000] {taskinstance.py:1285} INFO - 
--------------------------------------------------------------------------------
[2024-09-09T02:18:25.409+0000] {taskinstance.py:1304} INFO - Executing <Task(PythonOperator): preprocess_data> on 2024-09-07 00:00:00+00:00
[2024-09-09T02:18:25.416+0000] {standard_task_runner.py:55} INFO - Started process 5964 to run task
[2024-09-09T02:18:25.420+0000] {standard_task_runner.py:82} INFO - Running: ['***', 'tasks', 'run', 'ml_pipeline', 'preprocess_data', 'scheduled__2024-09-07T00:00:00+00:00', '--job-id', '146', '--raw', '--subdir', 'DAGS_FOLDER/ml_pipeline_dag.py', '--cfg-path', '/tmp/tmpztconww7']
[2024-09-09T02:18:25.422+0000] {standard_task_runner.py:83} INFO - Job 146: Subtask preprocess_data
[2024-09-09T02:18:25.491+0000] {task_command.py:389} INFO - Running <TaskInstance: ml_pipeline.preprocess_data scheduled__2024-09-07T00:00:00+00:00 [running]> on host 65fe11240ea2
[2024-09-09T02:18:25.735+0000] {taskinstance.py:1513} INFO - Exporting the following env vars:
AIRFLOW_CTX_DAG_OWNER=***
AIRFLOW_CTX_DAG_ID=ml_pipeline
AIRFLOW_CTX_TASK_ID=preprocess_data
AIRFLOW_CTX_EXECUTION_DATE=2024-09-07T00:00:00+00:00
AIRFLOW_CTX_TRY_NUMBER=1
AIRFLOW_CTX_DAG_RUN_ID=scheduled__2024-09-07T00:00:00+00:00
[2024-09-09T02:18:25.795+0000] {python.py:177} INFO - Done. Returned value was: None
[2024-09-09T02:18:25.807+0000] {taskinstance.py:1327} INFO - Marking task as SUCCESS. dag_id=ml_pipeline, task_id=preprocess_data, execution_date=20240907T000000, start_date=20240909T021825, end_date=20240909T021825
[2024-09-09T02:18:25.872+0000] {local_task_job.py:159} INFO - Task exited with return code 0
[2024-09-09T02:18:25.911+0000] {taskinstance.py:2582} INFO - 1 downstream tasks scheduled from follow-on schedule check
