[2024-09-09T01:39:06.713+0000] {taskinstance.py:1087} INFO - Dependencies all met for <TaskInstance: ml_pipeline.preprocess_data scheduled__2024-09-08T00:00:00+00:00 [queued]>
[2024-09-09T01:39:06.721+0000] {taskinstance.py:1087} INFO - Dependencies all met for <TaskInstance: ml_pipeline.preprocess_data scheduled__2024-09-08T00:00:00+00:00 [queued]>
[2024-09-09T01:39:06.722+0000] {taskinstance.py:1283} INFO - 
--------------------------------------------------------------------------------
[2024-09-09T01:39:06.722+0000] {taskinstance.py:1284} INFO - Starting attempt 1 of 2
[2024-09-09T01:39:06.722+0000] {taskinstance.py:1285} INFO - 
--------------------------------------------------------------------------------
[2024-09-09T01:39:06.734+0000] {taskinstance.py:1304} INFO - Executing <Task(PythonOperator): preprocess_data> on 2024-09-08 00:00:00+00:00
[2024-09-09T01:39:06.740+0000] {standard_task_runner.py:55} INFO - Started process 105 to run task
[2024-09-09T01:39:06.743+0000] {standard_task_runner.py:82} INFO - Running: ['***', 'tasks', 'run', 'ml_pipeline', 'preprocess_data', 'scheduled__2024-09-08T00:00:00+00:00', '--job-id', '127', '--raw', '--subdir', 'DAGS_FOLDER/ml_pipeline_dag.py', '--cfg-path', '/tmp/tmpukcmp2vr']
[2024-09-09T01:39:06.745+0000] {standard_task_runner.py:83} INFO - Job 127: Subtask preprocess_data
[2024-09-09T01:39:06.811+0000] {task_command.py:389} INFO - Running <TaskInstance: ml_pipeline.preprocess_data scheduled__2024-09-08T00:00:00+00:00 [running]> on host 65fe11240ea2
[2024-09-09T01:39:07.455+0000] {taskinstance.py:1513} INFO - Exporting the following env vars:
AIRFLOW_CTX_DAG_OWNER=***
AIRFLOW_CTX_DAG_ID=ml_pipeline
AIRFLOW_CTX_TASK_ID=preprocess_data
AIRFLOW_CTX_EXECUTION_DATE=2024-09-08T00:00:00+00:00
AIRFLOW_CTX_TRY_NUMBER=1
AIRFLOW_CTX_DAG_RUN_ID=scheduled__2024-09-08T00:00:00+00:00
[2024-09-09T01:39:07.570+0000] {python.py:177} INFO - Done. Returned value was: None
[2024-09-09T01:39:07.578+0000] {taskinstance.py:1327} INFO - Marking task as SUCCESS. dag_id=ml_pipeline, task_id=preprocess_data, execution_date=20240908T000000, start_date=20240909T013906, end_date=20240909T013907
[2024-09-09T01:39:07.597+0000] {local_task_job.py:159} INFO - Task exited with return code 0
[2024-09-09T01:39:07.618+0000] {taskinstance.py:2582} INFO - 1 downstream tasks scheduled from follow-on schedule check
[2024-09-09T02:18:25.120+0000] {taskinstance.py:1087} INFO - Dependencies all met for <TaskInstance: ml_pipeline.preprocess_data scheduled__2024-09-08T00:00:00+00:00 [queued]>
[2024-09-09T02:18:25.131+0000] {taskinstance.py:1087} INFO - Dependencies all met for <TaskInstance: ml_pipeline.preprocess_data scheduled__2024-09-08T00:00:00+00:00 [queued]>
[2024-09-09T02:18:25.131+0000] {taskinstance.py:1283} INFO - 
--------------------------------------------------------------------------------
[2024-09-09T02:18:25.131+0000] {taskinstance.py:1284} INFO - Starting attempt 1 of 2
[2024-09-09T02:18:25.131+0000] {taskinstance.py:1285} INFO - 
--------------------------------------------------------------------------------
[2024-09-09T02:18:25.146+0000] {taskinstance.py:1304} INFO - Executing <Task(PythonOperator): preprocess_data> on 2024-09-08 00:00:00+00:00
[2024-09-09T02:18:25.154+0000] {standard_task_runner.py:55} INFO - Started process 5961 to run task
[2024-09-09T02:18:25.158+0000] {standard_task_runner.py:82} INFO - Running: ['***', 'tasks', 'run', 'ml_pipeline', 'preprocess_data', 'scheduled__2024-09-08T00:00:00+00:00', '--job-id', '143', '--raw', '--subdir', 'DAGS_FOLDER/ml_pipeline_dag.py', '--cfg-path', '/tmp/tmp3r954khg']
[2024-09-09T02:18:25.160+0000] {standard_task_runner.py:83} INFO - Job 143: Subtask preprocess_data
[2024-09-09T02:18:25.224+0000] {task_command.py:389} INFO - Running <TaskInstance: ml_pipeline.preprocess_data scheduled__2024-09-08T00:00:00+00:00 [running]> on host 65fe11240ea2
[2024-09-09T02:18:25.468+0000] {taskinstance.py:1513} INFO - Exporting the following env vars:
AIRFLOW_CTX_DAG_OWNER=***
AIRFLOW_CTX_DAG_ID=ml_pipeline
AIRFLOW_CTX_TASK_ID=preprocess_data
AIRFLOW_CTX_EXECUTION_DATE=2024-09-08T00:00:00+00:00
AIRFLOW_CTX_TRY_NUMBER=1
AIRFLOW_CTX_DAG_RUN_ID=scheduled__2024-09-08T00:00:00+00:00
[2024-09-09T02:18:25.535+0000] {python.py:177} INFO - Done. Returned value was: None
[2024-09-09T02:18:25.545+0000] {taskinstance.py:1327} INFO - Marking task as SUCCESS. dag_id=ml_pipeline, task_id=preprocess_data, execution_date=20240908T000000, start_date=20240909T021825, end_date=20240909T021825
[2024-09-09T02:18:25.570+0000] {local_task_job.py:159} INFO - Task exited with return code 0
[2024-09-09T02:18:25.601+0000] {taskinstance.py:2582} INFO - 1 downstream tasks scheduled from follow-on schedule check
