[2024-09-08T04:03:03.580+0000] {taskinstance.py:1087} INFO - Dependencies all met for <TaskInstance: ml_pipeline.download_data_from_s3 manual__2024-09-08T04:03:01.693006+00:00 [queued]>
[2024-09-08T04:03:03.586+0000] {taskinstance.py:1087} INFO - Dependencies all met for <TaskInstance: ml_pipeline.download_data_from_s3 manual__2024-09-08T04:03:01.693006+00:00 [queued]>
[2024-09-08T04:03:03.586+0000] {taskinstance.py:1283} INFO - 
--------------------------------------------------------------------------------
[2024-09-08T04:03:03.586+0000] {taskinstance.py:1284} INFO - Starting attempt 1 of 2
[2024-09-08T04:03:03.587+0000] {taskinstance.py:1285} INFO - 
--------------------------------------------------------------------------------
[2024-09-08T04:03:03.598+0000] {taskinstance.py:1304} INFO - Executing <Task(PythonOperator): download_data_from_s3> on 2024-09-08 04:03:01.693006+00:00
[2024-09-08T04:03:03.602+0000] {standard_task_runner.py:55} INFO - Started process 210 to run task
[2024-09-08T04:03:03.604+0000] {standard_task_runner.py:82} INFO - Running: ['***', 'tasks', 'run', 'ml_pipeline', 'download_data_from_s3', 'manual__2024-09-08T04:03:01.693006+00:00', '--job-id', '104', '--raw', '--subdir', 'DAGS_FOLDER/ml_pipeline_dag.py', '--cfg-path', '/tmp/tmp64myxdtu']
[2024-09-08T04:03:03.605+0000] {standard_task_runner.py:83} INFO - Job 104: Subtask download_data_from_s3
[2024-09-08T04:03:03.647+0000] {task_command.py:389} INFO - Running <TaskInstance: ml_pipeline.download_data_from_s3 manual__2024-09-08T04:03:01.693006+00:00 [running]> on host a8321f6c1588
[2024-09-08T04:03:03.697+0000] {taskinstance.py:1513} INFO - Exporting the following env vars:
AIRFLOW_CTX_DAG_OWNER=***
AIRFLOW_CTX_DAG_ID=ml_pipeline
AIRFLOW_CTX_TASK_ID=download_data_from_s3
AIRFLOW_CTX_EXECUTION_DATE=2024-09-08T04:03:01.693006+00:00
AIRFLOW_CTX_TRY_NUMBER=1
AIRFLOW_CTX_DAG_RUN_ID=manual__2024-09-08T04:03:01.693006+00:00
[2024-09-08T04:03:03.707+0000] {credentials.py:1120} INFO - Found credentials in environment variables.
[2024-09-08T04:03:04.420+0000] {python.py:177} INFO - Done. Returned value was: None
[2024-09-08T04:03:04.427+0000] {taskinstance.py:1327} INFO - Marking task as SUCCESS. dag_id=ml_pipeline, task_id=download_data_from_s3, execution_date=20240908T040301, start_date=20240908T040303, end_date=20240908T040304
[2024-09-08T04:03:04.460+0000] {local_task_job.py:159} INFO - Task exited with return code 0
[2024-09-08T04:03:04.479+0000] {taskinstance.py:2582} INFO - 1 downstream tasks scheduled from follow-on schedule check
