[2024-09-08T01:34:25.637+0000] {taskinstance.py:1087} INFO - Dependencies all met for <TaskInstance: ml_pipeline.upload_preprocessed_data_to_s3 manual__2024-09-08T01:34:19.908304+00:00 [queued]>
[2024-09-08T01:34:25.644+0000] {taskinstance.py:1087} INFO - Dependencies all met for <TaskInstance: ml_pipeline.upload_preprocessed_data_to_s3 manual__2024-09-08T01:34:19.908304+00:00 [queued]>
[2024-09-08T01:34:25.644+0000] {taskinstance.py:1283} INFO - 
--------------------------------------------------------------------------------
[2024-09-08T01:34:25.644+0000] {taskinstance.py:1284} INFO - Starting attempt 1 of 2
[2024-09-08T01:34:25.644+0000] {taskinstance.py:1285} INFO - 
--------------------------------------------------------------------------------
[2024-09-08T01:34:25.654+0000] {taskinstance.py:1304} INFO - Executing <Task(PythonOperator): upload_preprocessed_data_to_s3> on 2024-09-08 01:34:19.908304+00:00
[2024-09-08T01:34:25.658+0000] {standard_task_runner.py:55} INFO - Started process 220 to run task
[2024-09-08T01:34:25.660+0000] {standard_task_runner.py:82} INFO - Running: ['***', 'tasks', 'run', 'ml_pipeline', 'upload_preprocessed_data_to_s3', 'manual__2024-09-08T01:34:19.908304+00:00', '--job-id', '59', '--raw', '--subdir', 'DAGS_FOLDER/ml_pipeline_dag.py', '--cfg-path', '/tmp/tmp10kgpsbq']
[2024-09-08T01:34:25.662+0000] {standard_task_runner.py:83} INFO - Job 59: Subtask upload_preprocessed_data_to_s3
[2024-09-08T01:34:25.700+0000] {task_command.py:389} INFO - Running <TaskInstance: ml_pipeline.upload_preprocessed_data_to_s3 manual__2024-09-08T01:34:19.908304+00:00 [running]> on host b7a065971734
[2024-09-08T01:34:25.861+0000] {taskinstance.py:1513} INFO - Exporting the following env vars:
AIRFLOW_CTX_DAG_OWNER=***
AIRFLOW_CTX_DAG_ID=ml_pipeline
AIRFLOW_CTX_TASK_ID=upload_preprocessed_data_to_s3
AIRFLOW_CTX_EXECUTION_DATE=2024-09-08T01:34:19.908304+00:00
AIRFLOW_CTX_TRY_NUMBER=1
AIRFLOW_CTX_DAG_RUN_ID=manual__2024-09-08T01:34:19.908304+00:00
[2024-09-08T01:34:25.869+0000] {credentials.py:1120} INFO - Found credentials in environment variables.
[2024-09-08T01:34:26.381+0000] {python.py:177} INFO - Done. Returned value was: None
[2024-09-08T01:34:26.388+0000] {taskinstance.py:1327} INFO - Marking task as SUCCESS. dag_id=ml_pipeline, task_id=upload_preprocessed_data_to_s3, execution_date=20240908T013419, start_date=20240908T013425, end_date=20240908T013426
[2024-09-08T01:34:26.435+0000] {local_task_job.py:159} INFO - Task exited with return code 0
[2024-09-08T01:34:26.459+0000] {taskinstance.py:2582} INFO - 1 downstream tasks scheduled from follow-on schedule check
