[2024-09-09T02:18:32.087+0000] {taskinstance.py:1087} INFO - Dependencies all met for <TaskInstance: ml_pipeline.train_model jenkins_trigger_${run_id} [queued]>
[2024-09-09T02:18:32.105+0000] {taskinstance.py:1087} INFO - Dependencies all met for <TaskInstance: ml_pipeline.train_model jenkins_trigger_${run_id} [queued]>
[2024-09-09T02:18:32.105+0000] {taskinstance.py:1283} INFO - 
--------------------------------------------------------------------------------
[2024-09-09T02:18:32.105+0000] {taskinstance.py:1284} INFO - Starting attempt 1 of 2
[2024-09-09T02:18:32.106+0000] {taskinstance.py:1285} INFO - 
--------------------------------------------------------------------------------
[2024-09-09T02:18:32.129+0000] {taskinstance.py:1304} INFO - Executing <Task(PythonOperator): train_model> on 2024-09-09 01:56:52.891630+00:00
[2024-09-09T02:18:32.139+0000] {standard_task_runner.py:55} INFO - Started process 6025 to run task
[2024-09-09T02:18:32.156+0000] {standard_task_runner.py:82} INFO - Running: ['***', 'tasks', 'run', 'ml_pipeline', 'train_model', 'jenkins_trigger_${run_id}', '--job-id', '163', '--raw', '--subdir', 'DAGS_FOLDER/ml_pipeline_dag.py', '--cfg-path', '/tmp/tmpoup6lvua']
[2024-09-09T02:18:32.166+0000] {standard_task_runner.py:83} INFO - Job 163: Subtask train_model
[2024-09-09T02:18:32.288+0000] {task_command.py:389} INFO - Running <TaskInstance: ml_pipeline.train_model jenkins_trigger_${run_id} [running]> on host 65fe11240ea2
[2024-09-09T02:18:34.999+0000] {taskinstance.py:1513} INFO - Exporting the following env vars:
AIRFLOW_CTX_DAG_OWNER=***
AIRFLOW_CTX_DAG_ID=ml_pipeline
AIRFLOW_CTX_TASK_ID=train_model
AIRFLOW_CTX_EXECUTION_DATE=2024-09-09T01:56:52.891630+00:00
AIRFLOW_CTX_TRY_NUMBER=1
AIRFLOW_CTX_DAG_RUN_ID=jenkins_trigger_${run_id}
[2024-09-09T02:18:37.949+0000] {python.py:177} INFO - Done. Returned value was: None
[2024-09-09T02:18:37.961+0000] {taskinstance.py:1327} INFO - Marking task as SUCCESS. dag_id=ml_pipeline, task_id=train_model, execution_date=20240909T015652, start_date=20240909T021832, end_date=20240909T021837
[2024-09-09T02:18:38.038+0000] {local_task_job.py:159} INFO - Task exited with return code 0
[2024-09-09T02:18:38.068+0000] {taskinstance.py:2582} INFO - 1 downstream tasks scheduled from follow-on schedule check
