[2024-09-09T16:13:56.709+0000] {taskinstance.py:1087} INFO - Dependencies all met for <TaskInstance: ml_pipeline.upload_preprocessed_data_to_s3 manual__2024-09-09T16:13:51.771060+00:00 [queued]>
[2024-09-09T16:13:56.717+0000] {taskinstance.py:1087} INFO - Dependencies all met for <TaskInstance: ml_pipeline.upload_preprocessed_data_to_s3 manual__2024-09-09T16:13:51.771060+00:00 [queued]>
[2024-09-09T16:13:56.717+0000] {taskinstance.py:1283} INFO - 
--------------------------------------------------------------------------------
[2024-09-09T16:13:56.718+0000] {taskinstance.py:1284} INFO - Starting attempt 1 of 2
[2024-09-09T16:13:56.718+0000] {taskinstance.py:1285} INFO - 
--------------------------------------------------------------------------------
[2024-09-09T16:13:56.731+0000] {taskinstance.py:1304} INFO - Executing <Task(PythonOperator): upload_preprocessed_data_to_s3> on 2024-09-09 16:13:51.771060+00:00
[2024-09-09T16:13:56.737+0000] {standard_task_runner.py:55} INFO - Started process 58629 to run task
[2024-09-09T16:13:56.740+0000] {standard_task_runner.py:82} INFO - Running: ['***', 'tasks', 'run', 'ml_pipeline', 'upload_preprocessed_data_to_s3', 'manual__2024-09-09T16:13:51.771060+00:00', '--job-id', '230', '--raw', '--subdir', 'DAGS_FOLDER/ml_pipeline_dag.py', '--cfg-path', '/tmp/tmpt06wpo8t']
[2024-09-09T16:13:56.742+0000] {standard_task_runner.py:83} INFO - Job 230: Subtask upload_preprocessed_data_to_s3
[2024-09-09T16:13:56.797+0000] {task_command.py:389} INFO - Running <TaskInstance: ml_pipeline.upload_preprocessed_data_to_s3 manual__2024-09-09T16:13:51.771060+00:00 [running]> on host 719bbc6636cd
[2024-09-09T16:13:56.995+0000] {taskinstance.py:1513} INFO - Exporting the following env vars:
AIRFLOW_CTX_DAG_OWNER=***
AIRFLOW_CTX_DAG_ID=ml_pipeline
AIRFLOW_CTX_TASK_ID=upload_preprocessed_data_to_s3
AIRFLOW_CTX_EXECUTION_DATE=2024-09-09T16:13:51.771060+00:00
AIRFLOW_CTX_TRY_NUMBER=1
AIRFLOW_CTX_DAG_RUN_ID=manual__2024-09-09T16:13:51.771060+00:00
[2024-09-09T16:13:57.005+0000] {credentials.py:1120} INFO - Found credentials in environment variables.
[2024-09-09T16:13:57.704+0000] {python.py:177} INFO - Done. Returned value was: None
[2024-09-09T16:13:57.712+0000] {taskinstance.py:1327} INFO - Marking task as SUCCESS. dag_id=ml_pipeline, task_id=upload_preprocessed_data_to_s3, execution_date=20240909T161351, start_date=20240909T161356, end_date=20240909T161357
[2024-09-09T16:13:57.756+0000] {local_task_job.py:159} INFO - Task exited with return code 0
[2024-09-09T16:13:57.780+0000] {taskinstance.py:2582} INFO - 1 downstream tasks scheduled from follow-on schedule check
