[2024-09-09T01:39:14.684+0000] {taskinstance.py:1087} INFO - Dependencies all met for <TaskInstance: ml_pipeline.upload_model_to_s3 scheduled__2024-09-08T00:00:00+00:00 [queued]>
[2024-09-09T01:39:14.693+0000] {taskinstance.py:1087} INFO - Dependencies all met for <TaskInstance: ml_pipeline.upload_model_to_s3 scheduled__2024-09-08T00:00:00+00:00 [queued]>
[2024-09-09T01:39:14.693+0000] {taskinstance.py:1283} INFO - 
--------------------------------------------------------------------------------
[2024-09-09T01:39:14.693+0000] {taskinstance.py:1284} INFO - Starting attempt 1 of 2
[2024-09-09T01:39:14.693+0000] {taskinstance.py:1285} INFO - 
--------------------------------------------------------------------------------
[2024-09-09T01:39:14.706+0000] {taskinstance.py:1304} INFO - Executing <Task(PythonOperator): upload_model_to_s3> on 2024-09-08 00:00:00+00:00
[2024-09-09T01:39:14.712+0000] {standard_task_runner.py:55} INFO - Started process 144 to run task
[2024-09-09T01:39:14.716+0000] {standard_task_runner.py:82} INFO - Running: ['***', 'tasks', 'run', 'ml_pipeline', 'upload_model_to_s3', 'scheduled__2024-09-08T00:00:00+00:00', '--job-id', '130', '--raw', '--subdir', 'DAGS_FOLDER/ml_pipeline_dag.py', '--cfg-path', '/tmp/tmpk3n2osq7']
[2024-09-09T01:39:14.718+0000] {standard_task_runner.py:83} INFO - Job 130: Subtask upload_model_to_s3
[2024-09-09T01:39:14.774+0000] {task_command.py:389} INFO - Running <TaskInstance: ml_pipeline.upload_model_to_s3 scheduled__2024-09-08T00:00:00+00:00 [running]> on host 65fe11240ea2
[2024-09-09T01:39:15.019+0000] {taskinstance.py:1513} INFO - Exporting the following env vars:
AIRFLOW_CTX_DAG_OWNER=***
AIRFLOW_CTX_DAG_ID=ml_pipeline
AIRFLOW_CTX_TASK_ID=upload_model_to_s3
AIRFLOW_CTX_EXECUTION_DATE=2024-09-08T00:00:00+00:00
AIRFLOW_CTX_TRY_NUMBER=1
AIRFLOW_CTX_DAG_RUN_ID=scheduled__2024-09-08T00:00:00+00:00
[2024-09-09T01:39:15.029+0000] {credentials.py:1120} INFO - Found credentials in environment variables.
[2024-09-09T01:39:20.545+0000] {python.py:177} INFO - Done. Returned value was: None
[2024-09-09T01:39:20.553+0000] {taskinstance.py:1327} INFO - Marking task as SUCCESS. dag_id=ml_pipeline, task_id=upload_model_to_s3, execution_date=20240908T000000, start_date=20240909T013914, end_date=20240909T013920
[2024-09-09T01:39:20.582+0000] {local_task_job.py:159} INFO - Task exited with return code 0
[2024-09-09T01:39:20.594+0000] {taskinstance.py:2582} INFO - 0 downstream tasks scheduled from follow-on schedule check
[2024-09-09T02:18:39.933+0000] {taskinstance.py:1087} INFO - Dependencies all met for <TaskInstance: ml_pipeline.upload_model_to_s3 scheduled__2024-09-08T00:00:00+00:00 [queued]>
[2024-09-09T02:18:39.943+0000] {taskinstance.py:1087} INFO - Dependencies all met for <TaskInstance: ml_pipeline.upload_model_to_s3 scheduled__2024-09-08T00:00:00+00:00 [queued]>
[2024-09-09T02:18:39.943+0000] {taskinstance.py:1283} INFO - 
--------------------------------------------------------------------------------
[2024-09-09T02:18:39.943+0000] {taskinstance.py:1284} INFO - Starting attempt 1 of 2
[2024-09-09T02:18:39.943+0000] {taskinstance.py:1285} INFO - 
--------------------------------------------------------------------------------
[2024-09-09T02:18:39.961+0000] {taskinstance.py:1304} INFO - Executing <Task(PythonOperator): upload_model_to_s3> on 2024-09-08 00:00:00+00:00
[2024-09-09T02:18:39.968+0000] {standard_task_runner.py:55} INFO - Started process 6129 to run task
[2024-09-09T02:18:39.972+0000] {standard_task_runner.py:82} INFO - Running: ['***', 'tasks', 'run', 'ml_pipeline', 'upload_model_to_s3', 'scheduled__2024-09-08T00:00:00+00:00', '--job-id', '169', '--raw', '--subdir', 'DAGS_FOLDER/ml_pipeline_dag.py', '--cfg-path', '/tmp/tmpg087dqfp']
[2024-09-09T02:18:39.974+0000] {standard_task_runner.py:83} INFO - Job 169: Subtask upload_model_to_s3
[2024-09-09T02:18:40.048+0000] {task_command.py:389} INFO - Running <TaskInstance: ml_pipeline.upload_model_to_s3 scheduled__2024-09-08T00:00:00+00:00 [running]> on host 65fe11240ea2
[2024-09-09T02:18:40.322+0000] {taskinstance.py:1513} INFO - Exporting the following env vars:
AIRFLOW_CTX_DAG_OWNER=***
AIRFLOW_CTX_DAG_ID=ml_pipeline
AIRFLOW_CTX_TASK_ID=upload_model_to_s3
AIRFLOW_CTX_EXECUTION_DATE=2024-09-08T00:00:00+00:00
AIRFLOW_CTX_TRY_NUMBER=1
AIRFLOW_CTX_DAG_RUN_ID=scheduled__2024-09-08T00:00:00+00:00
[2024-09-09T02:18:40.335+0000] {credentials.py:1120} INFO - Found credentials in environment variables.
[2024-09-09T02:18:48.702+0000] {python.py:177} INFO - Done. Returned value was: None
[2024-09-09T02:18:48.711+0000] {taskinstance.py:1327} INFO - Marking task as SUCCESS. dag_id=ml_pipeline, task_id=upload_model_to_s3, execution_date=20240908T000000, start_date=20240909T021839, end_date=20240909T021848
[2024-09-09T02:18:48.776+0000] {local_task_job.py:159} INFO - Task exited with return code 0
[2024-09-09T02:18:48.793+0000] {taskinstance.py:2582} INFO - 0 downstream tasks scheduled from follow-on schedule check
