[2024-09-08T20:35:16.623+0000] {taskinstance.py:1087} INFO - Dependencies all met for <TaskInstance: ml_pipeline.download_data_from_s3 manual__2024-09-08T20:30:11.800910+00:00 [queued]>
[2024-09-08T20:35:16.631+0000] {taskinstance.py:1087} INFO - Dependencies all met for <TaskInstance: ml_pipeline.download_data_from_s3 manual__2024-09-08T20:30:11.800910+00:00 [queued]>
[2024-09-08T20:35:16.632+0000] {taskinstance.py:1283} INFO - 
--------------------------------------------------------------------------------
[2024-09-08T20:35:16.632+0000] {taskinstance.py:1284} INFO - Starting attempt 2 of 2
[2024-09-08T20:35:16.632+0000] {taskinstance.py:1285} INFO - 
--------------------------------------------------------------------------------
[2024-09-08T20:35:16.654+0000] {taskinstance.py:1304} INFO - Executing <Task(PythonOperator): download_data_from_s3> on 2024-09-08 20:30:11.800910+00:00
[2024-09-08T20:35:16.663+0000] {standard_task_runner.py:55} INFO - Started process 237 to run task
[2024-09-08T20:35:16.666+0000] {standard_task_runner.py:82} INFO - Running: ['***', 'tasks', 'run', 'ml_pipeline', 'download_data_from_s3', 'manual__2024-09-08T20:30:11.800910+00:00', '--job-id', '114', '--raw', '--subdir', 'DAGS_FOLDER/ml_pipeline_dag.py', '--cfg-path', '/tmp/tmp503aq58e']
[2024-09-08T20:35:16.668+0000] {standard_task_runner.py:83} INFO - Job 114: Subtask download_data_from_s3
[2024-09-08T20:35:16.741+0000] {task_command.py:389} INFO - Running <TaskInstance: ml_pipeline.download_data_from_s3 manual__2024-09-08T20:30:11.800910+00:00 [running]> on host e74aad3f5fc7
[2024-09-08T20:35:16.812+0000] {taskinstance.py:1513} INFO - Exporting the following env vars:
AIRFLOW_CTX_DAG_OWNER=***
AIRFLOW_CTX_DAG_ID=ml_pipeline
AIRFLOW_CTX_TASK_ID=download_data_from_s3
AIRFLOW_CTX_EXECUTION_DATE=2024-09-08T20:30:11.800910+00:00
AIRFLOW_CTX_TRY_NUMBER=2
AIRFLOW_CTX_DAG_RUN_ID=manual__2024-09-08T20:30:11.800910+00:00
[2024-09-08T20:35:16.824+0000] {credentials.py:1120} INFO - Found credentials in environment variables.
[2024-09-08T20:35:17.586+0000] {python.py:177} INFO - Done. Returned value was: None
[2024-09-08T20:35:17.593+0000] {taskinstance.py:1327} INFO - Marking task as SUCCESS. dag_id=ml_pipeline, task_id=download_data_from_s3, execution_date=20240908T203011, start_date=20240908T203516, end_date=20240908T203517
[2024-09-08T20:35:17.640+0000] {local_task_job.py:159} INFO - Task exited with return code 0
[2024-09-08T20:35:17.661+0000] {taskinstance.py:2582} INFO - 1 downstream tasks scheduled from follow-on schedule check
