[2024-09-09T02:23:27.865+0000] {taskinstance.py:1087} INFO - Dependencies all met for <TaskInstance: ml_pipeline.preprocess_data manual__2024-09-09T02:23:24.562088+00:00 [queued]>
[2024-09-09T02:23:27.873+0000] {taskinstance.py:1087} INFO - Dependencies all met for <TaskInstance: ml_pipeline.preprocess_data manual__2024-09-09T02:23:24.562088+00:00 [queued]>
[2024-09-09T02:23:27.873+0000] {taskinstance.py:1283} INFO - 
--------------------------------------------------------------------------------
[2024-09-09T02:23:27.873+0000] {taskinstance.py:1284} INFO - Starting attempt 1 of 2
[2024-09-09T02:23:27.873+0000] {taskinstance.py:1285} INFO - 
--------------------------------------------------------------------------------
[2024-09-09T02:23:27.885+0000] {taskinstance.py:1304} INFO - Executing <Task(PythonOperator): preprocess_data> on 2024-09-09 02:23:24.562088+00:00
[2024-09-09T02:23:27.890+0000] {standard_task_runner.py:55} INFO - Started process 6927 to run task
[2024-09-09T02:23:27.893+0000] {standard_task_runner.py:82} INFO - Running: ['***', 'tasks', 'run', 'ml_pipeline', 'preprocess_data', 'manual__2024-09-09T02:23:24.562088+00:00', '--job-id', '182', '--raw', '--subdir', 'DAGS_FOLDER/ml_pipeline_dag.py', '--cfg-path', '/tmp/tmp8glw4onz']
[2024-09-09T02:23:27.894+0000] {standard_task_runner.py:83} INFO - Job 182: Subtask preprocess_data
[2024-09-09T02:23:27.944+0000] {task_command.py:389} INFO - Running <TaskInstance: ml_pipeline.preprocess_data manual__2024-09-09T02:23:24.562088+00:00 [running]> on host 65fe11240ea2
[2024-09-09T02:23:28.136+0000] {taskinstance.py:1513} INFO - Exporting the following env vars:
AIRFLOW_CTX_DAG_OWNER=***
AIRFLOW_CTX_DAG_ID=ml_pipeline
AIRFLOW_CTX_TASK_ID=preprocess_data
AIRFLOW_CTX_EXECUTION_DATE=2024-09-09T02:23:24.562088+00:00
AIRFLOW_CTX_TRY_NUMBER=1
AIRFLOW_CTX_DAG_RUN_ID=manual__2024-09-09T02:23:24.562088+00:00
[2024-09-09T02:23:28.180+0000] {python.py:177} INFO - Done. Returned value was: None
[2024-09-09T02:23:28.187+0000] {taskinstance.py:1327} INFO - Marking task as SUCCESS. dag_id=ml_pipeline, task_id=preprocess_data, execution_date=20240909T022324, start_date=20240909T022327, end_date=20240909T022328
[2024-09-09T02:23:28.226+0000] {local_task_job.py:159} INFO - Task exited with return code 0
[2024-09-09T02:23:28.251+0000] {taskinstance.py:2582} INFO - 1 downstream tasks scheduled from follow-on schedule check
