[2024-09-09T02:18:18.771+0000] {taskinstance.py:1087} INFO - Dependencies all met for <TaskInstance: ml_pipeline.download_data_from_s3 jenkins_trigger_$(date +%Y%m%d%H%M%S)_$(date +%N) [queued]>
[2024-09-09T02:18:18.803+0000] {taskinstance.py:1087} INFO - Dependencies all met for <TaskInstance: ml_pipeline.download_data_from_s3 jenkins_trigger_$(date +%Y%m%d%H%M%S)_$(date +%N) [queued]>
[2024-09-09T02:18:18.804+0000] {taskinstance.py:1283} INFO - 
--------------------------------------------------------------------------------
[2024-09-09T02:18:18.804+0000] {taskinstance.py:1284} INFO - Starting attempt 1 of 2
[2024-09-09T02:18:18.804+0000] {taskinstance.py:1285} INFO - 
--------------------------------------------------------------------------------
[2024-09-09T02:18:19.139+0000] {taskinstance.py:1304} INFO - Executing <Task(PythonOperator): download_data_from_s3> on 2024-09-09 01:51:32.831758+00:00
[2024-09-09T02:18:19.149+0000] {standard_task_runner.py:55} INFO - Started process 5889 to run task
[2024-09-09T02:18:19.172+0000] {standard_task_runner.py:82} INFO - Running: ['***', 'tasks', 'run', 'ml_pipeline', 'download_data_from_s3', 'jenkins_trigger_$(date +%Y%m%d%H%M%S)_$(date +%N)', '--job-id', '139', '--raw', '--subdir', 'DAGS_FOLDER/ml_pipeline_dag.py', '--cfg-path', '/tmp/tmpk3i_m3t1']
[2024-09-09T02:18:19.190+0000] {standard_task_runner.py:83} INFO - Job 139: Subtask download_data_from_s3
[2024-09-09T02:18:19.408+0000] {task_command.py:389} INFO - Running <TaskInstance: ml_pipeline.download_data_from_s3 jenkins_trigger_$(date +%Y%m%d%H%M%S)_$(date +%N) [running]> on host 65fe11240ea2
[2024-09-09T02:18:23.071+0000] {taskinstance.py:1513} INFO - Exporting the following env vars:
AIRFLOW_CTX_DAG_OWNER=***
AIRFLOW_CTX_DAG_ID=ml_pipeline
AIRFLOW_CTX_TASK_ID=download_data_from_s3
AIRFLOW_CTX_EXECUTION_DATE=2024-09-09T01:51:32.831758+00:00
AIRFLOW_CTX_TRY_NUMBER=1
AIRFLOW_CTX_DAG_RUN_ID=jenkins_trigger_$(date +%Y%m%d%H%M%S)_$(date +%N)
[2024-09-09T02:18:23.094+0000] {credentials.py:1120} INFO - Found credentials in environment variables.
[2024-09-09T02:18:23.520+0000] {python.py:177} INFO - Done. Returned value was: None
[2024-09-09T02:18:23.531+0000] {taskinstance.py:1327} INFO - Marking task as SUCCESS. dag_id=ml_pipeline, task_id=download_data_from_s3, execution_date=20240909T015132, start_date=20240909T021818, end_date=20240909T021823
[2024-09-09T02:18:23.601+0000] {local_task_job.py:159} INFO - Task exited with return code 0
[2024-09-09T02:18:23.639+0000] {taskinstance.py:2582} INFO - 1 downstream tasks scheduled from follow-on schedule check
