[2024-09-09T02:20:09.090+0000] {taskinstance.py:1087} INFO - Dependencies all met for <TaskInstance: ml_pipeline.download_data_from_s3 manual__2024-09-09T02:20:07.698216+00:00 [queued]>
[2024-09-09T02:20:09.096+0000] {taskinstance.py:1087} INFO - Dependencies all met for <TaskInstance: ml_pipeline.download_data_from_s3 manual__2024-09-09T02:20:07.698216+00:00 [queued]>
[2024-09-09T02:20:09.097+0000] {taskinstance.py:1283} INFO - 
--------------------------------------------------------------------------------
[2024-09-09T02:20:09.097+0000] {taskinstance.py:1284} INFO - Starting attempt 1 of 2
[2024-09-09T02:20:09.097+0000] {taskinstance.py:1285} INFO - 
--------------------------------------------------------------------------------
[2024-09-09T02:20:09.109+0000] {taskinstance.py:1304} INFO - Executing <Task(PythonOperator): download_data_from_s3> on 2024-09-09 02:20:07.698216+00:00
[2024-09-09T02:20:09.113+0000] {standard_task_runner.py:55} INFO - Started process 6382 to run task
[2024-09-09T02:20:09.116+0000] {standard_task_runner.py:82} INFO - Running: ['***', 'tasks', 'run', 'ml_pipeline', 'download_data_from_s3', 'manual__2024-09-09T02:20:07.698216+00:00', '--job-id', '176', '--raw', '--subdir', 'DAGS_FOLDER/ml_pipeline_dag.py', '--cfg-path', '/tmp/tmp_bvwb961']
[2024-09-09T02:20:09.117+0000] {standard_task_runner.py:83} INFO - Job 176: Subtask download_data_from_s3
[2024-09-09T02:20:09.164+0000] {task_command.py:389} INFO - Running <TaskInstance: ml_pipeline.download_data_from_s3 manual__2024-09-09T02:20:07.698216+00:00 [running]> on host 65fe11240ea2
[2024-09-09T02:20:09.352+0000] {taskinstance.py:1513} INFO - Exporting the following env vars:
AIRFLOW_CTX_DAG_OWNER=***
AIRFLOW_CTX_DAG_ID=ml_pipeline
AIRFLOW_CTX_TASK_ID=download_data_from_s3
AIRFLOW_CTX_EXECUTION_DATE=2024-09-09T02:20:07.698216+00:00
AIRFLOW_CTX_TRY_NUMBER=1
AIRFLOW_CTX_DAG_RUN_ID=manual__2024-09-09T02:20:07.698216+00:00
[2024-09-09T02:20:09.365+0000] {credentials.py:1120} INFO - Found credentials in environment variables.
[2024-09-09T02:20:09.768+0000] {python.py:177} INFO - Done. Returned value was: None
[2024-09-09T02:20:09.776+0000] {taskinstance.py:1327} INFO - Marking task as SUCCESS. dag_id=ml_pipeline, task_id=download_data_from_s3, execution_date=20240909T022007, start_date=20240909T022009, end_date=20240909T022009
[2024-09-09T02:20:09.810+0000] {local_task_job.py:159} INFO - Task exited with return code 0
[2024-09-09T02:20:09.833+0000] {taskinstance.py:2582} INFO - 1 downstream tasks scheduled from follow-on schedule check
