[2024-09-09T02:30:28.475+0000] {taskinstance.py:1087} INFO - Dependencies all met for <TaskInstance: ml_pipeline.upload_preprocessed_data_to_s3 manual__2024-09-09T02:30:23.829981+00:00 [queued]>
[2024-09-09T02:30:28.482+0000] {taskinstance.py:1087} INFO - Dependencies all met for <TaskInstance: ml_pipeline.upload_preprocessed_data_to_s3 manual__2024-09-09T02:30:23.829981+00:00 [queued]>
[2024-09-09T02:30:28.482+0000] {taskinstance.py:1283} INFO - 
--------------------------------------------------------------------------------
[2024-09-09T02:30:28.482+0000] {taskinstance.py:1284} INFO - Starting attempt 1 of 2
[2024-09-09T02:30:28.482+0000] {taskinstance.py:1285} INFO - 
--------------------------------------------------------------------------------
[2024-09-09T02:30:28.494+0000] {taskinstance.py:1304} INFO - Executing <Task(PythonOperator): upload_preprocessed_data_to_s3> on 2024-09-09 02:30:23.829981+00:00
[2024-09-09T02:30:28.498+0000] {standard_task_runner.py:55} INFO - Started process 191 to run task
[2024-09-09T02:30:28.501+0000] {standard_task_runner.py:82} INFO - Running: ['***', 'tasks', 'run', 'ml_pipeline', 'upload_preprocessed_data_to_s3', 'manual__2024-09-09T02:30:23.829981+00:00', '--job-id', '195', '--raw', '--subdir', 'DAGS_FOLDER/ml_pipeline_dag.py', '--cfg-path', '/tmp/tmplgvvi0yi']
[2024-09-09T02:30:28.502+0000] {standard_task_runner.py:83} INFO - Job 195: Subtask upload_preprocessed_data_to_s3
[2024-09-09T02:30:28.548+0000] {task_command.py:389} INFO - Running <TaskInstance: ml_pipeline.upload_preprocessed_data_to_s3 manual__2024-09-09T02:30:23.829981+00:00 [running]> on host 719bbc6636cd
[2024-09-09T02:30:28.711+0000] {taskinstance.py:1513} INFO - Exporting the following env vars:
AIRFLOW_CTX_DAG_OWNER=***
AIRFLOW_CTX_DAG_ID=ml_pipeline
AIRFLOW_CTX_TASK_ID=upload_preprocessed_data_to_s3
AIRFLOW_CTX_EXECUTION_DATE=2024-09-09T02:30:23.829981+00:00
AIRFLOW_CTX_TRY_NUMBER=1
AIRFLOW_CTX_DAG_RUN_ID=manual__2024-09-09T02:30:23.829981+00:00
[2024-09-09T02:30:28.719+0000] {credentials.py:1120} INFO - Found credentials in environment variables.
[2024-09-09T02:30:29.396+0000] {python.py:177} INFO - Done. Returned value was: None
[2024-09-09T02:30:29.405+0000] {taskinstance.py:1327} INFO - Marking task as SUCCESS. dag_id=ml_pipeline, task_id=upload_preprocessed_data_to_s3, execution_date=20240909T023023, start_date=20240909T023028, end_date=20240909T023029
[2024-09-09T02:30:29.438+0000] {local_task_job.py:159} INFO - Task exited with return code 0
[2024-09-09T02:30:29.458+0000] {taskinstance.py:2582} INFO - 1 downstream tasks scheduled from follow-on schedule check
