[2024-09-09T02:18:39.934+0000] {taskinstance.py:1087} INFO - Dependencies all met for <TaskInstance: ml_pipeline.upload_model_to_s3 jenkins_trigger_${run_id} [queued]>
[2024-09-09T02:18:39.943+0000] {taskinstance.py:1087} INFO - Dependencies all met for <TaskInstance: ml_pipeline.upload_model_to_s3 jenkins_trigger_${run_id} [queued]>
[2024-09-09T02:18:39.943+0000] {taskinstance.py:1283} INFO - 
--------------------------------------------------------------------------------
[2024-09-09T02:18:39.943+0000] {taskinstance.py:1284} INFO - Starting attempt 1 of 2
[2024-09-09T02:18:39.943+0000] {taskinstance.py:1285} INFO - 
--------------------------------------------------------------------------------
[2024-09-09T02:18:39.958+0000] {taskinstance.py:1304} INFO - Executing <Task(PythonOperator): upload_model_to_s3> on 2024-09-09 01:56:52.891630+00:00
[2024-09-09T02:18:39.966+0000] {standard_task_runner.py:55} INFO - Started process 6128 to run task
[2024-09-09T02:18:39.969+0000] {standard_task_runner.py:82} INFO - Running: ['***', 'tasks', 'run', 'ml_pipeline', 'upload_model_to_s3', 'jenkins_trigger_${run_id}', '--job-id', '170', '--raw', '--subdir', 'DAGS_FOLDER/ml_pipeline_dag.py', '--cfg-path', '/tmp/tmpb8qjxe4n']
[2024-09-09T02:18:39.972+0000] {standard_task_runner.py:83} INFO - Job 170: Subtask upload_model_to_s3
[2024-09-09T02:18:40.046+0000] {task_command.py:389} INFO - Running <TaskInstance: ml_pipeline.upload_model_to_s3 jenkins_trigger_${run_id} [running]> on host 65fe11240ea2
[2024-09-09T02:18:40.320+0000] {taskinstance.py:1513} INFO - Exporting the following env vars:
AIRFLOW_CTX_DAG_OWNER=***
AIRFLOW_CTX_DAG_ID=ml_pipeline
AIRFLOW_CTX_TASK_ID=upload_model_to_s3
AIRFLOW_CTX_EXECUTION_DATE=2024-09-09T01:56:52.891630+00:00
AIRFLOW_CTX_TRY_NUMBER=1
AIRFLOW_CTX_DAG_RUN_ID=jenkins_trigger_${run_id}
[2024-09-09T02:18:40.333+0000] {credentials.py:1120} INFO - Found credentials in environment variables.
[2024-09-09T02:18:49.155+0000] {python.py:177} INFO - Done. Returned value was: None
[2024-09-09T02:18:49.165+0000] {taskinstance.py:1327} INFO - Marking task as SUCCESS. dag_id=ml_pipeline, task_id=upload_model_to_s3, execution_date=20240909T015652, start_date=20240909T021839, end_date=20240909T021849
[2024-09-09T02:18:49.216+0000] {local_task_job.py:159} INFO - Task exited with return code 0
[2024-09-09T02:18:49.237+0000] {taskinstance.py:2582} INFO - 0 downstream tasks scheduled from follow-on schedule check
