[2024-09-08T00:00:05.053+0000] {taskinstance.py:1087} INFO - Dependencies all met for <TaskInstance: ml_pipeline.upload_preprocessed_data_to_s3 scheduled__2024-09-07T00:00:00+00:00 [queued]>
[2024-09-08T00:00:05.062+0000] {taskinstance.py:1087} INFO - Dependencies all met for <TaskInstance: ml_pipeline.upload_preprocessed_data_to_s3 scheduled__2024-09-07T00:00:00+00:00 [queued]>
[2024-09-08T00:00:05.062+0000] {taskinstance.py:1283} INFO - 
--------------------------------------------------------------------------------
[2024-09-08T00:00:05.062+0000] {taskinstance.py:1284} INFO - Starting attempt 1 of 2
[2024-09-08T00:00:05.062+0000] {taskinstance.py:1285} INFO - 
--------------------------------------------------------------------------------
[2024-09-08T00:00:05.076+0000] {taskinstance.py:1304} INFO - Executing <Task(PythonOperator): upload_preprocessed_data_to_s3> on 2024-09-07 00:00:00+00:00
[2024-09-08T00:00:05.081+0000] {standard_task_runner.py:55} INFO - Started process 1964 to run task
[2024-09-08T00:00:05.084+0000] {standard_task_runner.py:82} INFO - Running: ['***', 'tasks', 'run', 'ml_pipeline', 'upload_preprocessed_data_to_s3', 'scheduled__2024-09-07T00:00:00+00:00', '--job-id', '17', '--raw', '--subdir', 'DAGS_FOLDER/ml_pipeline_dag.py', '--cfg-path', '/tmp/tmpfp41tcn9']
[2024-09-08T00:00:05.085+0000] {standard_task_runner.py:83} INFO - Job 17: Subtask upload_preprocessed_data_to_s3
[2024-09-08T00:00:05.131+0000] {task_command.py:389} INFO - Running <TaskInstance: ml_pipeline.upload_preprocessed_data_to_s3 scheduled__2024-09-07T00:00:00+00:00 [running]> on host 394f8fce6b56
[2024-09-08T00:00:05.298+0000] {taskinstance.py:1513} INFO - Exporting the following env vars:
AIRFLOW_CTX_DAG_OWNER=***
AIRFLOW_CTX_DAG_ID=ml_pipeline
AIRFLOW_CTX_TASK_ID=upload_preprocessed_data_to_s3
AIRFLOW_CTX_EXECUTION_DATE=2024-09-07T00:00:00+00:00
AIRFLOW_CTX_TRY_NUMBER=1
AIRFLOW_CTX_DAG_RUN_ID=scheduled__2024-09-07T00:00:00+00:00
[2024-09-08T00:00:05.306+0000] {credentials.py:1120} INFO - Found credentials in environment variables.
[2024-09-08T00:00:05.686+0000] {python.py:177} INFO - Done. Returned value was: None
[2024-09-08T00:00:05.693+0000] {taskinstance.py:1327} INFO - Marking task as SUCCESS. dag_id=ml_pipeline, task_id=upload_preprocessed_data_to_s3, execution_date=20240907T000000, start_date=20240908T000005, end_date=20240908T000005
[2024-09-08T00:00:05.741+0000] {local_task_job.py:159} INFO - Task exited with return code 0
[2024-09-08T00:00:05.767+0000] {taskinstance.py:2582} INFO - 1 downstream tasks scheduled from follow-on schedule check
[2024-09-08T00:12:33.997+0000] {taskinstance.py:1087} INFO - Dependencies all met for <TaskInstance: ml_pipeline.upload_preprocessed_data_to_s3 scheduled__2024-09-07T00:00:00+00:00 [queued]>
[2024-09-08T00:12:34.005+0000] {taskinstance.py:1087} INFO - Dependencies all met for <TaskInstance: ml_pipeline.upload_preprocessed_data_to_s3 scheduled__2024-09-07T00:00:00+00:00 [queued]>
[2024-09-08T00:12:34.005+0000] {taskinstance.py:1283} INFO - 
--------------------------------------------------------------------------------
[2024-09-08T00:12:34.005+0000] {taskinstance.py:1284} INFO - Starting attempt 1 of 2
[2024-09-08T00:12:34.005+0000] {taskinstance.py:1285} INFO - 
--------------------------------------------------------------------------------
[2024-09-08T00:12:34.019+0000] {taskinstance.py:1304} INFO - Executing <Task(PythonOperator): upload_preprocessed_data_to_s3> on 2024-09-07 00:00:00+00:00
[2024-09-08T00:12:34.024+0000] {standard_task_runner.py:55} INFO - Started process 851 to run task
[2024-09-08T00:12:34.027+0000] {standard_task_runner.py:82} INFO - Running: ['***', 'tasks', 'run', 'ml_pipeline', 'upload_preprocessed_data_to_s3', 'scheduled__2024-09-07T00:00:00+00:00', '--job-id', '30', '--raw', '--subdir', 'DAGS_FOLDER/ml_pipeline_dag.py', '--cfg-path', '/tmp/tmpryrlmf5j']
[2024-09-08T00:12:34.029+0000] {standard_task_runner.py:83} INFO - Job 30: Subtask upload_preprocessed_data_to_s3
[2024-09-08T00:12:34.078+0000] {task_command.py:389} INFO - Running <TaskInstance: ml_pipeline.upload_preprocessed_data_to_s3 scheduled__2024-09-07T00:00:00+00:00 [running]> on host 8c084782485a
[2024-09-08T00:12:34.255+0000] {taskinstance.py:1513} INFO - Exporting the following env vars:
AIRFLOW_CTX_DAG_OWNER=***
AIRFLOW_CTX_DAG_ID=ml_pipeline
AIRFLOW_CTX_TASK_ID=upload_preprocessed_data_to_s3
AIRFLOW_CTX_EXECUTION_DATE=2024-09-07T00:00:00+00:00
AIRFLOW_CTX_TRY_NUMBER=1
AIRFLOW_CTX_DAG_RUN_ID=scheduled__2024-09-07T00:00:00+00:00
[2024-09-08T00:12:34.265+0000] {credentials.py:1120} INFO - Found credentials in environment variables.
[2024-09-08T00:12:34.999+0000] {python.py:177} INFO - Done. Returned value was: None
[2024-09-08T00:12:35.006+0000] {taskinstance.py:1327} INFO - Marking task as SUCCESS. dag_id=ml_pipeline, task_id=upload_preprocessed_data_to_s3, execution_date=20240907T000000, start_date=20240908T001233, end_date=20240908T001235
[2024-09-08T00:12:35.042+0000] {local_task_job.py:159} INFO - Task exited with return code 0
[2024-09-08T00:12:35.067+0000] {taskinstance.py:2582} INFO - 1 downstream tasks scheduled from follow-on schedule check
[2024-09-08T01:41:52.154+0000] {taskinstance.py:1087} INFO - Dependencies all met for <TaskInstance: ml_pipeline.upload_preprocessed_data_to_s3 scheduled__2024-09-07T00:00:00+00:00 [queued]>
[2024-09-08T01:41:52.163+0000] {taskinstance.py:1087} INFO - Dependencies all met for <TaskInstance: ml_pipeline.upload_preprocessed_data_to_s3 scheduled__2024-09-07T00:00:00+00:00 [queued]>
[2024-09-08T01:41:52.163+0000] {taskinstance.py:1283} INFO - 
--------------------------------------------------------------------------------
[2024-09-08T01:41:52.163+0000] {taskinstance.py:1284} INFO - Starting attempt 1 of 2
[2024-09-08T01:41:52.163+0000] {taskinstance.py:1285} INFO - 
--------------------------------------------------------------------------------
[2024-09-08T01:41:52.174+0000] {taskinstance.py:1304} INFO - Executing <Task(PythonOperator): upload_preprocessed_data_to_s3> on 2024-09-07 00:00:00+00:00
[2024-09-08T01:41:52.179+0000] {standard_task_runner.py:55} INFO - Started process 291 to run task
[2024-09-08T01:41:52.181+0000] {standard_task_runner.py:82} INFO - Running: ['***', 'tasks', 'run', 'ml_pipeline', 'upload_preprocessed_data_to_s3', 'scheduled__2024-09-07T00:00:00+00:00', '--job-id', '69', '--raw', '--subdir', 'DAGS_FOLDER/ml_pipeline_dag.py', '--cfg-path', '/tmp/tmp5mi2j0sv']
[2024-09-08T01:41:52.183+0000] {standard_task_runner.py:83} INFO - Job 69: Subtask upload_preprocessed_data_to_s3
[2024-09-08T01:41:52.225+0000] {task_command.py:389} INFO - Running <TaskInstance: ml_pipeline.upload_preprocessed_data_to_s3 scheduled__2024-09-07T00:00:00+00:00 [running]> on host 9bbae47dc133
[2024-09-08T01:41:52.398+0000] {taskinstance.py:1513} INFO - Exporting the following env vars:
AIRFLOW_CTX_DAG_OWNER=***
AIRFLOW_CTX_DAG_ID=ml_pipeline
AIRFLOW_CTX_TASK_ID=upload_preprocessed_data_to_s3
AIRFLOW_CTX_EXECUTION_DATE=2024-09-07T00:00:00+00:00
AIRFLOW_CTX_TRY_NUMBER=1
AIRFLOW_CTX_DAG_RUN_ID=scheduled__2024-09-07T00:00:00+00:00
[2024-09-08T01:41:52.407+0000] {credentials.py:1120} INFO - Found credentials in environment variables.
[2024-09-08T01:41:53.513+0000] {python.py:177} INFO - Done. Returned value was: None
[2024-09-08T01:41:53.519+0000] {taskinstance.py:1327} INFO - Marking task as SUCCESS. dag_id=ml_pipeline, task_id=upload_preprocessed_data_to_s3, execution_date=20240907T000000, start_date=20240908T014152, end_date=20240908T014153
[2024-09-08T01:41:53.558+0000] {local_task_job.py:159} INFO - Task exited with return code 0
[2024-09-08T01:41:53.582+0000] {taskinstance.py:2582} INFO - 1 downstream tasks scheduled from follow-on schedule check
[2024-09-08T02:01:52.674+0000] {taskinstance.py:1087} INFO - Dependencies all met for <TaskInstance: ml_pipeline.upload_preprocessed_data_to_s3 scheduled__2024-09-07T00:00:00+00:00 [queued]>
[2024-09-08T02:01:52.681+0000] {taskinstance.py:1087} INFO - Dependencies all met for <TaskInstance: ml_pipeline.upload_preprocessed_data_to_s3 scheduled__2024-09-07T00:00:00+00:00 [queued]>
[2024-09-08T02:01:52.681+0000] {taskinstance.py:1283} INFO - 
--------------------------------------------------------------------------------
[2024-09-08T02:01:52.681+0000] {taskinstance.py:1284} INFO - Starting attempt 1 of 2
[2024-09-08T02:01:52.681+0000] {taskinstance.py:1285} INFO - 
--------------------------------------------------------------------------------
[2024-09-08T02:01:52.693+0000] {taskinstance.py:1304} INFO - Executing <Task(PythonOperator): upload_preprocessed_data_to_s3> on 2024-09-07 00:00:00+00:00
[2024-09-08T02:01:52.698+0000] {standard_task_runner.py:55} INFO - Started process 291 to run task
[2024-09-08T02:01:52.700+0000] {standard_task_runner.py:82} INFO - Running: ['***', 'tasks', 'run', 'ml_pipeline', 'upload_preprocessed_data_to_s3', 'scheduled__2024-09-07T00:00:00+00:00', '--job-id', '96', '--raw', '--subdir', 'DAGS_FOLDER/ml_pipeline_dag.py', '--cfg-path', '/tmp/tmpxhl608vs']
[2024-09-08T02:01:52.702+0000] {standard_task_runner.py:83} INFO - Job 96: Subtask upload_preprocessed_data_to_s3
[2024-09-08T02:01:52.748+0000] {task_command.py:389} INFO - Running <TaskInstance: ml_pipeline.upload_preprocessed_data_to_s3 scheduled__2024-09-07T00:00:00+00:00 [running]> on host 6556fb296dfa
[2024-09-08T02:01:52.923+0000] {taskinstance.py:1513} INFO - Exporting the following env vars:
AIRFLOW_CTX_DAG_OWNER=***
AIRFLOW_CTX_DAG_ID=ml_pipeline
AIRFLOW_CTX_TASK_ID=upload_preprocessed_data_to_s3
AIRFLOW_CTX_EXECUTION_DATE=2024-09-07T00:00:00+00:00
AIRFLOW_CTX_TRY_NUMBER=1
AIRFLOW_CTX_DAG_RUN_ID=scheduled__2024-09-07T00:00:00+00:00
[2024-09-08T02:01:52.932+0000] {credentials.py:1120} INFO - Found credentials in environment variables.
[2024-09-08T02:01:54.903+0000] {python.py:177} INFO - Done. Returned value was: None
[2024-09-08T02:01:54.917+0000] {taskinstance.py:1327} INFO - Marking task as SUCCESS. dag_id=ml_pipeline, task_id=upload_preprocessed_data_to_s3, execution_date=20240907T000000, start_date=20240908T020152, end_date=20240908T020154
[2024-09-08T02:01:54.961+0000] {local_task_job.py:159} INFO - Task exited with return code 0
[2024-09-08T02:01:54.988+0000] {taskinstance.py:2582} INFO - 1 downstream tasks scheduled from follow-on schedule check
