[2024-09-08T02:02:00.686+0000] {taskinstance.py:1087} INFO - Dependencies all met for <TaskInstance: ml_pipeline.upload_model_to_s3 scheduled__2024-09-07T00:00:00+00:00 [queued]>
[2024-09-08T02:02:00.695+0000] {taskinstance.py:1087} INFO - Dependencies all met for <TaskInstance: ml_pipeline.upload_model_to_s3 scheduled__2024-09-07T00:00:00+00:00 [queued]>
[2024-09-08T02:02:00.695+0000] {taskinstance.py:1283} INFO - 
--------------------------------------------------------------------------------
[2024-09-08T02:02:00.695+0000] {taskinstance.py:1284} INFO - Starting attempt 1 of 2
[2024-09-08T02:02:00.695+0000] {taskinstance.py:1285} INFO - 
--------------------------------------------------------------------------------
[2024-09-08T02:02:00.710+0000] {taskinstance.py:1304} INFO - Executing <Task(PythonOperator): upload_model_to_s3> on 2024-09-07 00:00:00+00:00
[2024-09-08T02:02:00.716+0000] {standard_task_runner.py:55} INFO - Started process 347 to run task
[2024-09-08T02:02:00.719+0000] {standard_task_runner.py:82} INFO - Running: ['***', 'tasks', 'run', 'ml_pipeline', 'upload_model_to_s3', 'scheduled__2024-09-07T00:00:00+00:00', '--job-id', '101', '--raw', '--subdir', 'DAGS_FOLDER/ml_pipeline_dag.py', '--cfg-path', '/tmp/tmpi0d7e7o3']
[2024-09-08T02:02:00.720+0000] {standard_task_runner.py:83} INFO - Job 101: Subtask upload_model_to_s3
[2024-09-08T02:02:00.783+0000] {task_command.py:389} INFO - Running <TaskInstance: ml_pipeline.upload_model_to_s3 scheduled__2024-09-07T00:00:00+00:00 [running]> on host 6556fb296dfa
[2024-09-08T02:02:00.982+0000] {taskinstance.py:1513} INFO - Exporting the following env vars:
AIRFLOW_CTX_DAG_OWNER=***
AIRFLOW_CTX_DAG_ID=ml_pipeline
AIRFLOW_CTX_TASK_ID=upload_model_to_s3
AIRFLOW_CTX_EXECUTION_DATE=2024-09-07T00:00:00+00:00
AIRFLOW_CTX_TRY_NUMBER=1
AIRFLOW_CTX_DAG_RUN_ID=scheduled__2024-09-07T00:00:00+00:00
[2024-09-08T02:02:00.992+0000] {credentials.py:1120} INFO - Found credentials in environment variables.
[2024-09-08T02:02:06.649+0000] {python.py:177} INFO - Done. Returned value was: None
[2024-09-08T02:02:06.656+0000] {taskinstance.py:1327} INFO - Marking task as SUCCESS. dag_id=ml_pipeline, task_id=upload_model_to_s3, execution_date=20240907T000000, start_date=20240908T020200, end_date=20240908T020206
[2024-09-08T02:02:06.702+0000] {local_task_job.py:159} INFO - Task exited with return code 0
[2024-09-08T02:02:06.717+0000] {taskinstance.py:2582} INFO - 0 downstream tasks scheduled from follow-on schedule check
[2024-09-09T02:18:37.320+0000] {taskinstance.py:1087} INFO - Dependencies all met for <TaskInstance: ml_pipeline.upload_model_to_s3 scheduled__2024-09-07T00:00:00+00:00 [queued]>
[2024-09-09T02:18:37.337+0000] {taskinstance.py:1087} INFO - Dependencies all met for <TaskInstance: ml_pipeline.upload_model_to_s3 scheduled__2024-09-07T00:00:00+00:00 [queued]>
[2024-09-09T02:18:37.338+0000] {taskinstance.py:1283} INFO - 
--------------------------------------------------------------------------------
[2024-09-09T02:18:37.338+0000] {taskinstance.py:1284} INFO - Starting attempt 1 of 2
[2024-09-09T02:18:37.338+0000] {taskinstance.py:1285} INFO - 
--------------------------------------------------------------------------------
[2024-09-09T02:18:37.361+0000] {taskinstance.py:1304} INFO - Executing <Task(PythonOperator): upload_model_to_s3> on 2024-09-07 00:00:00+00:00
[2024-09-09T02:18:37.369+0000] {standard_task_runner.py:55} INFO - Started process 6049 to run task
[2024-09-09T02:18:37.374+0000] {standard_task_runner.py:82} INFO - Running: ['***', 'tasks', 'run', 'ml_pipeline', 'upload_model_to_s3', 'scheduled__2024-09-07T00:00:00+00:00', '--job-id', '168', '--raw', '--subdir', 'DAGS_FOLDER/ml_pipeline_dag.py', '--cfg-path', '/tmp/tmphfc8aa4p']
[2024-09-09T02:18:37.377+0000] {standard_task_runner.py:83} INFO - Job 168: Subtask upload_model_to_s3
[2024-09-09T02:18:37.462+0000] {task_command.py:389} INFO - Running <TaskInstance: ml_pipeline.upload_model_to_s3 scheduled__2024-09-07T00:00:00+00:00 [running]> on host 65fe11240ea2
[2024-09-09T02:18:37.859+0000] {taskinstance.py:1513} INFO - Exporting the following env vars:
AIRFLOW_CTX_DAG_OWNER=***
AIRFLOW_CTX_DAG_ID=ml_pipeline
AIRFLOW_CTX_TASK_ID=upload_model_to_s3
AIRFLOW_CTX_EXECUTION_DATE=2024-09-07T00:00:00+00:00
AIRFLOW_CTX_TRY_NUMBER=1
AIRFLOW_CTX_DAG_RUN_ID=scheduled__2024-09-07T00:00:00+00:00
[2024-09-09T02:18:37.878+0000] {credentials.py:1120} INFO - Found credentials in environment variables.
[2024-09-09T02:18:47.466+0000] {python.py:177} INFO - Done. Returned value was: None
[2024-09-09T02:18:47.478+0000] {taskinstance.py:1327} INFO - Marking task as SUCCESS. dag_id=ml_pipeline, task_id=upload_model_to_s3, execution_date=20240907T000000, start_date=20240909T021837, end_date=20240909T021847
[2024-09-09T02:18:47.520+0000] {local_task_job.py:159} INFO - Task exited with return code 0
[2024-09-09T02:18:47.535+0000] {taskinstance.py:2582} INFO - 0 downstream tasks scheduled from follow-on schedule check
